[2024-10-23T02:32:03.898+0000] {processor.py:186} INFO - Started process (PID=13716) to work on /home/airflow/.local/lib/python3.12/site-packages/airflow/example_dags/example_skip_dag.py
[2024-10-23T02:32:03.951+0000] {processor.py:914} INFO - Processing file /home/airflow/.local/lib/python3.12/site-packages/airflow/example_dags/example_skip_dag.py for tasks to queue
[2024-10-23T02:32:03.954+0000] {logging_mixin.py:190} INFO - [2024-10-23T02:32:03.953+0000] {dagbag.py:588} INFO - Filling up the DagBag from /home/airflow/.local/lib/python3.12/site-packages/airflow/example_dags/example_skip_dag.py
[2024-10-23T02:32:04.002+0000] {processor.py:925} INFO - DAG(s) 'example_skip_dag' retrieved from /home/airflow/.local/lib/python3.12/site-packages/airflow/example_dags/example_skip_dag.py
[2024-10-23T02:32:04.075+0000] {logging_mixin.py:190} INFO - [2024-10-23T02:32:04.075+0000] {dag.py:3239} INFO - Sync 1 DAGs
[2024-10-23T02:32:04.134+0000] {logging_mixin.py:190} INFO - [2024-10-23T02:32:04.134+0000] {dag.py:4180} INFO - Setting next_dagrun for example_skip_dag to 2024-10-22 00:00:00+00:00, run_after=2024-10-23 00:00:00+00:00
[2024-10-23T02:32:04.170+0000] {processor.py:208} INFO - Processing /home/airflow/.local/lib/python3.12/site-packages/airflow/example_dags/example_skip_dag.py took 0.301 seconds
[2024-10-23T04:23:43.157+0000] {processor.py:186} INFO - Started process (PID=13779) to work on /home/airflow/.local/lib/python3.12/site-packages/airflow/example_dags/example_skip_dag.py
[2024-10-23T04:23:43.158+0000] {processor.py:914} INFO - Processing file /home/airflow/.local/lib/python3.12/site-packages/airflow/example_dags/example_skip_dag.py for tasks to queue
[2024-10-23T04:23:43.159+0000] {logging_mixin.py:190} INFO - [2024-10-23T04:23:43.159+0000] {dagbag.py:588} INFO - Filling up the DagBag from /home/airflow/.local/lib/python3.12/site-packages/airflow/example_dags/example_skip_dag.py
[2024-10-23T04:23:43.168+0000] {processor.py:925} INFO - DAG(s) 'example_skip_dag' retrieved from /home/airflow/.local/lib/python3.12/site-packages/airflow/example_dags/example_skip_dag.py
[2024-10-23T04:23:43.189+0000] {logging_mixin.py:190} INFO - [2024-10-23T04:23:43.189+0000] {dag.py:3239} INFO - Sync 1 DAGs
[2024-10-23T04:23:43.203+0000] {logging_mixin.py:190} INFO - [2024-10-23T04:23:43.203+0000] {dag.py:4180} INFO - Setting next_dagrun for example_skip_dag to 2024-10-22 00:00:00+00:00, run_after=2024-10-23 00:00:00+00:00
[2024-10-23T04:23:43.214+0000] {processor.py:208} INFO - Processing /home/airflow/.local/lib/python3.12/site-packages/airflow/example_dags/example_skip_dag.py took 0.065 seconds
[2024-10-23T04:24:13.676+0000] {processor.py:186} INFO - Started process (PID=13842) to work on /home/airflow/.local/lib/python3.12/site-packages/airflow/example_dags/example_skip_dag.py
[2024-10-23T04:24:13.677+0000] {processor.py:914} INFO - Processing file /home/airflow/.local/lib/python3.12/site-packages/airflow/example_dags/example_skip_dag.py for tasks to queue
[2024-10-23T04:24:13.680+0000] {logging_mixin.py:190} INFO - [2024-10-23T04:24:13.680+0000] {dagbag.py:588} INFO - Filling up the DagBag from /home/airflow/.local/lib/python3.12/site-packages/airflow/example_dags/example_skip_dag.py
[2024-10-23T04:24:13.689+0000] {processor.py:925} INFO - DAG(s) 'example_skip_dag' retrieved from /home/airflow/.local/lib/python3.12/site-packages/airflow/example_dags/example_skip_dag.py
[2024-10-23T04:24:13.708+0000] {logging_mixin.py:190} INFO - [2024-10-23T04:24:13.708+0000] {dag.py:3239} INFO - Sync 1 DAGs
[2024-10-23T04:24:13.724+0000] {logging_mixin.py:190} INFO - [2024-10-23T04:24:13.724+0000] {dag.py:4180} INFO - Setting next_dagrun for example_skip_dag to 2024-10-22 00:00:00+00:00, run_after=2024-10-23 00:00:00+00:00
[2024-10-23T04:24:13.736+0000] {processor.py:208} INFO - Processing /home/airflow/.local/lib/python3.12/site-packages/airflow/example_dags/example_skip_dag.py took 0.066 seconds
[2024-10-23T04:24:45.380+0000] {processor.py:186} INFO - Started process (PID=13905) to work on /home/airflow/.local/lib/python3.12/site-packages/airflow/example_dags/example_skip_dag.py
[2024-10-23T04:24:45.382+0000] {processor.py:914} INFO - Processing file /home/airflow/.local/lib/python3.12/site-packages/airflow/example_dags/example_skip_dag.py for tasks to queue
[2024-10-23T04:24:45.382+0000] {logging_mixin.py:190} INFO - [2024-10-23T04:24:45.382+0000] {dagbag.py:588} INFO - Filling up the DagBag from /home/airflow/.local/lib/python3.12/site-packages/airflow/example_dags/example_skip_dag.py
[2024-10-23T04:24:45.389+0000] {processor.py:925} INFO - DAG(s) 'example_skip_dag' retrieved from /home/airflow/.local/lib/python3.12/site-packages/airflow/example_dags/example_skip_dag.py
[2024-10-23T04:24:45.406+0000] {logging_mixin.py:190} INFO - [2024-10-23T04:24:45.406+0000] {dag.py:3239} INFO - Sync 1 DAGs
[2024-10-23T04:24:45.425+0000] {logging_mixin.py:190} INFO - [2024-10-23T04:24:45.424+0000] {dag.py:4180} INFO - Setting next_dagrun for example_skip_dag to 2024-10-22 00:00:00+00:00, run_after=2024-10-23 00:00:00+00:00
[2024-10-23T04:24:45.441+0000] {processor.py:208} INFO - Processing /home/airflow/.local/lib/python3.12/site-packages/airflow/example_dags/example_skip_dag.py took 0.067 seconds
[2024-10-23T04:25:16.127+0000] {processor.py:186} INFO - Started process (PID=13968) to work on /home/airflow/.local/lib/python3.12/site-packages/airflow/example_dags/example_skip_dag.py
[2024-10-23T04:25:16.129+0000] {processor.py:914} INFO - Processing file /home/airflow/.local/lib/python3.12/site-packages/airflow/example_dags/example_skip_dag.py for tasks to queue
[2024-10-23T04:25:16.130+0000] {logging_mixin.py:190} INFO - [2024-10-23T04:25:16.130+0000] {dagbag.py:588} INFO - Filling up the DagBag from /home/airflow/.local/lib/python3.12/site-packages/airflow/example_dags/example_skip_dag.py
[2024-10-23T04:25:16.137+0000] {processor.py:925} INFO - DAG(s) 'example_skip_dag' retrieved from /home/airflow/.local/lib/python3.12/site-packages/airflow/example_dags/example_skip_dag.py
[2024-10-23T04:25:16.151+0000] {logging_mixin.py:190} INFO - [2024-10-23T04:25:16.151+0000] {dag.py:3239} INFO - Sync 1 DAGs
[2024-10-23T04:25:16.166+0000] {logging_mixin.py:190} INFO - [2024-10-23T04:25:16.166+0000] {dag.py:4180} INFO - Setting next_dagrun for example_skip_dag to 2024-10-22 00:00:00+00:00, run_after=2024-10-23 00:00:00+00:00
[2024-10-23T04:25:16.177+0000] {processor.py:208} INFO - Processing /home/airflow/.local/lib/python3.12/site-packages/airflow/example_dags/example_skip_dag.py took 0.054 seconds
[2024-10-23T04:25:46.759+0000] {processor.py:186} INFO - Started process (PID=14031) to work on /home/airflow/.local/lib/python3.12/site-packages/airflow/example_dags/example_skip_dag.py
[2024-10-23T04:25:46.760+0000] {processor.py:914} INFO - Processing file /home/airflow/.local/lib/python3.12/site-packages/airflow/example_dags/example_skip_dag.py for tasks to queue
[2024-10-23T04:25:46.760+0000] {logging_mixin.py:190} INFO - [2024-10-23T04:25:46.760+0000] {dagbag.py:588} INFO - Filling up the DagBag from /home/airflow/.local/lib/python3.12/site-packages/airflow/example_dags/example_skip_dag.py
[2024-10-23T04:25:46.768+0000] {processor.py:925} INFO - DAG(s) 'example_skip_dag' retrieved from /home/airflow/.local/lib/python3.12/site-packages/airflow/example_dags/example_skip_dag.py
[2024-10-23T04:25:46.791+0000] {logging_mixin.py:190} INFO - [2024-10-23T04:25:46.791+0000] {dag.py:3239} INFO - Sync 1 DAGs
[2024-10-23T04:25:46.808+0000] {logging_mixin.py:190} INFO - [2024-10-23T04:25:46.808+0000] {dag.py:4180} INFO - Setting next_dagrun for example_skip_dag to 2024-10-22 00:00:00+00:00, run_after=2024-10-23 00:00:00+00:00
[2024-10-23T04:25:46.823+0000] {processor.py:208} INFO - Processing /home/airflow/.local/lib/python3.12/site-packages/airflow/example_dags/example_skip_dag.py took 0.069 seconds
[2024-10-23T04:26:17.286+0000] {processor.py:186} INFO - Started process (PID=14094) to work on /home/airflow/.local/lib/python3.12/site-packages/airflow/example_dags/example_skip_dag.py
[2024-10-23T04:26:17.287+0000] {processor.py:914} INFO - Processing file /home/airflow/.local/lib/python3.12/site-packages/airflow/example_dags/example_skip_dag.py for tasks to queue
[2024-10-23T04:26:17.288+0000] {logging_mixin.py:190} INFO - [2024-10-23T04:26:17.288+0000] {dagbag.py:588} INFO - Filling up the DagBag from /home/airflow/.local/lib/python3.12/site-packages/airflow/example_dags/example_skip_dag.py
[2024-10-23T04:26:17.296+0000] {processor.py:925} INFO - DAG(s) 'example_skip_dag' retrieved from /home/airflow/.local/lib/python3.12/site-packages/airflow/example_dags/example_skip_dag.py
[2024-10-23T04:26:17.320+0000] {logging_mixin.py:190} INFO - [2024-10-23T04:26:17.320+0000] {dag.py:3239} INFO - Sync 1 DAGs
[2024-10-23T04:26:17.339+0000] {logging_mixin.py:190} INFO - [2024-10-23T04:26:17.338+0000] {dag.py:4180} INFO - Setting next_dagrun for example_skip_dag to 2024-10-22 00:00:00+00:00, run_after=2024-10-23 00:00:00+00:00
[2024-10-23T04:26:17.354+0000] {processor.py:208} INFO - Processing /home/airflow/.local/lib/python3.12/site-packages/airflow/example_dags/example_skip_dag.py took 0.073 seconds
[2024-10-23T04:26:48.124+0000] {processor.py:186} INFO - Started process (PID=14157) to work on /home/airflow/.local/lib/python3.12/site-packages/airflow/example_dags/example_skip_dag.py
[2024-10-23T04:26:48.126+0000] {processor.py:914} INFO - Processing file /home/airflow/.local/lib/python3.12/site-packages/airflow/example_dags/example_skip_dag.py for tasks to queue
[2024-10-23T04:26:48.128+0000] {logging_mixin.py:190} INFO - [2024-10-23T04:26:48.127+0000] {dagbag.py:588} INFO - Filling up the DagBag from /home/airflow/.local/lib/python3.12/site-packages/airflow/example_dags/example_skip_dag.py
[2024-10-23T04:26:48.142+0000] {processor.py:925} INFO - DAG(s) 'example_skip_dag' retrieved from /home/airflow/.local/lib/python3.12/site-packages/airflow/example_dags/example_skip_dag.py
[2024-10-23T04:26:48.161+0000] {logging_mixin.py:190} INFO - [2024-10-23T04:26:48.161+0000] {dag.py:3239} INFO - Sync 1 DAGs
[2024-10-23T04:26:48.179+0000] {logging_mixin.py:190} INFO - [2024-10-23T04:26:48.179+0000] {dag.py:4180} INFO - Setting next_dagrun for example_skip_dag to 2024-10-22 00:00:00+00:00, run_after=2024-10-23 00:00:00+00:00
[2024-10-23T04:26:48.194+0000] {processor.py:208} INFO - Processing /home/airflow/.local/lib/python3.12/site-packages/airflow/example_dags/example_skip_dag.py took 0.077 seconds
[2024-10-23T04:27:18.427+0000] {processor.py:186} INFO - Started process (PID=14220) to work on /home/airflow/.local/lib/python3.12/site-packages/airflow/example_dags/example_skip_dag.py
[2024-10-23T04:27:18.428+0000] {processor.py:914} INFO - Processing file /home/airflow/.local/lib/python3.12/site-packages/airflow/example_dags/example_skip_dag.py for tasks to queue
[2024-10-23T04:27:18.429+0000] {logging_mixin.py:190} INFO - [2024-10-23T04:27:18.429+0000] {dagbag.py:588} INFO - Filling up the DagBag from /home/airflow/.local/lib/python3.12/site-packages/airflow/example_dags/example_skip_dag.py
[2024-10-23T04:27:18.435+0000] {processor.py:925} INFO - DAG(s) 'example_skip_dag' retrieved from /home/airflow/.local/lib/python3.12/site-packages/airflow/example_dags/example_skip_dag.py
[2024-10-23T04:27:18.454+0000] {logging_mixin.py:190} INFO - [2024-10-23T04:27:18.454+0000] {dag.py:3239} INFO - Sync 1 DAGs
[2024-10-23T04:27:18.473+0000] {logging_mixin.py:190} INFO - [2024-10-23T04:27:18.473+0000] {dag.py:4180} INFO - Setting next_dagrun for example_skip_dag to 2024-10-22 00:00:00+00:00, run_after=2024-10-23 00:00:00+00:00
[2024-10-23T04:27:18.490+0000] {processor.py:208} INFO - Processing /home/airflow/.local/lib/python3.12/site-packages/airflow/example_dags/example_skip_dag.py took 0.068 seconds
[2024-10-23T04:27:48.637+0000] {processor.py:186} INFO - Started process (PID=14283) to work on /home/airflow/.local/lib/python3.12/site-packages/airflow/example_dags/example_skip_dag.py
[2024-10-23T04:27:48.638+0000] {processor.py:914} INFO - Processing file /home/airflow/.local/lib/python3.12/site-packages/airflow/example_dags/example_skip_dag.py for tasks to queue
[2024-10-23T04:27:48.640+0000] {logging_mixin.py:190} INFO - [2024-10-23T04:27:48.640+0000] {dagbag.py:588} INFO - Filling up the DagBag from /home/airflow/.local/lib/python3.12/site-packages/airflow/example_dags/example_skip_dag.py
[2024-10-23T04:27:48.652+0000] {processor.py:925} INFO - DAG(s) 'example_skip_dag' retrieved from /home/airflow/.local/lib/python3.12/site-packages/airflow/example_dags/example_skip_dag.py
[2024-10-23T04:27:48.746+0000] {logging_mixin.py:190} INFO - [2024-10-23T04:27:48.745+0000] {dag.py:3239} INFO - Sync 1 DAGs
[2024-10-23T04:27:48.779+0000] {logging_mixin.py:190} INFO - [2024-10-23T04:27:48.779+0000] {dag.py:4180} INFO - Setting next_dagrun for example_skip_dag to 2024-10-22 00:00:00+00:00, run_after=2024-10-23 00:00:00+00:00
[2024-10-23T04:27:48.806+0000] {processor.py:208} INFO - Processing /home/airflow/.local/lib/python3.12/site-packages/airflow/example_dags/example_skip_dag.py took 0.175 seconds
[2024-10-23T04:28:19.065+0000] {processor.py:186} INFO - Started process (PID=14345) to work on /home/airflow/.local/lib/python3.12/site-packages/airflow/example_dags/example_skip_dag.py
[2024-10-23T04:28:19.068+0000] {processor.py:914} INFO - Processing file /home/airflow/.local/lib/python3.12/site-packages/airflow/example_dags/example_skip_dag.py for tasks to queue
[2024-10-23T04:28:19.070+0000] {logging_mixin.py:190} INFO - [2024-10-23T04:28:19.069+0000] {dagbag.py:588} INFO - Filling up the DagBag from /home/airflow/.local/lib/python3.12/site-packages/airflow/example_dags/example_skip_dag.py
[2024-10-23T04:28:19.087+0000] {processor.py:925} INFO - DAG(s) 'example_skip_dag' retrieved from /home/airflow/.local/lib/python3.12/site-packages/airflow/example_dags/example_skip_dag.py
[2024-10-23T04:28:19.125+0000] {logging_mixin.py:190} INFO - [2024-10-23T04:28:19.124+0000] {dag.py:3239} INFO - Sync 1 DAGs
[2024-10-23T04:28:19.156+0000] {logging_mixin.py:190} INFO - [2024-10-23T04:28:19.156+0000] {dag.py:4180} INFO - Setting next_dagrun for example_skip_dag to 2024-10-22 00:00:00+00:00, run_after=2024-10-23 00:00:00+00:00
[2024-10-23T04:28:19.178+0000] {processor.py:208} INFO - Processing /home/airflow/.local/lib/python3.12/site-packages/airflow/example_dags/example_skip_dag.py took 0.122 seconds
[2024-10-23T04:28:50.125+0000] {processor.py:186} INFO - Started process (PID=14408) to work on /home/airflow/.local/lib/python3.12/site-packages/airflow/example_dags/example_skip_dag.py
[2024-10-23T04:28:50.131+0000] {processor.py:914} INFO - Processing file /home/airflow/.local/lib/python3.12/site-packages/airflow/example_dags/example_skip_dag.py for tasks to queue
[2024-10-23T04:28:50.146+0000] {logging_mixin.py:190} INFO - [2024-10-23T04:28:50.144+0000] {dagbag.py:588} INFO - Filling up the DagBag from /home/airflow/.local/lib/python3.12/site-packages/airflow/example_dags/example_skip_dag.py
[2024-10-23T04:28:50.189+0000] {processor.py:925} INFO - DAG(s) 'example_skip_dag' retrieved from /home/airflow/.local/lib/python3.12/site-packages/airflow/example_dags/example_skip_dag.py
[2024-10-23T04:28:50.241+0000] {logging_mixin.py:190} INFO - [2024-10-23T04:28:50.241+0000] {dag.py:3239} INFO - Sync 1 DAGs
[2024-10-23T04:28:50.296+0000] {logging_mixin.py:190} INFO - [2024-10-23T04:28:50.295+0000] {dag.py:4180} INFO - Setting next_dagrun for example_skip_dag to 2024-10-22 00:00:00+00:00, run_after=2024-10-23 00:00:00+00:00
[2024-10-23T04:28:50.347+0000] {processor.py:208} INFO - Processing /home/airflow/.local/lib/python3.12/site-packages/airflow/example_dags/example_skip_dag.py took 0.244 seconds
[2024-10-23T04:29:20.525+0000] {processor.py:186} INFO - Started process (PID=14471) to work on /home/airflow/.local/lib/python3.12/site-packages/airflow/example_dags/example_skip_dag.py
[2024-10-23T04:29:20.527+0000] {processor.py:914} INFO - Processing file /home/airflow/.local/lib/python3.12/site-packages/airflow/example_dags/example_skip_dag.py for tasks to queue
[2024-10-23T04:29:20.533+0000] {logging_mixin.py:190} INFO - [2024-10-23T04:29:20.532+0000] {dagbag.py:588} INFO - Filling up the DagBag from /home/airflow/.local/lib/python3.12/site-packages/airflow/example_dags/example_skip_dag.py
[2024-10-23T04:29:20.563+0000] {processor.py:925} INFO - DAG(s) 'example_skip_dag' retrieved from /home/airflow/.local/lib/python3.12/site-packages/airflow/example_dags/example_skip_dag.py
[2024-10-23T04:29:20.632+0000] {logging_mixin.py:190} INFO - [2024-10-23T04:29:20.632+0000] {dag.py:3239} INFO - Sync 1 DAGs
[2024-10-23T04:29:20.664+0000] {logging_mixin.py:190} INFO - [2024-10-23T04:29:20.663+0000] {dag.py:4180} INFO - Setting next_dagrun for example_skip_dag to 2024-10-22 00:00:00+00:00, run_after=2024-10-23 00:00:00+00:00
[2024-10-23T04:29:20.682+0000] {processor.py:208} INFO - Processing /home/airflow/.local/lib/python3.12/site-packages/airflow/example_dags/example_skip_dag.py took 0.179 seconds
[2024-10-23T04:29:51.628+0000] {processor.py:186} INFO - Started process (PID=14534) to work on /home/airflow/.local/lib/python3.12/site-packages/airflow/example_dags/example_skip_dag.py
[2024-10-23T04:29:51.630+0000] {processor.py:914} INFO - Processing file /home/airflow/.local/lib/python3.12/site-packages/airflow/example_dags/example_skip_dag.py for tasks to queue
[2024-10-23T04:29:51.633+0000] {logging_mixin.py:190} INFO - [2024-10-23T04:29:51.633+0000] {dagbag.py:588} INFO - Filling up the DagBag from /home/airflow/.local/lib/python3.12/site-packages/airflow/example_dags/example_skip_dag.py
[2024-10-23T04:29:51.651+0000] {processor.py:925} INFO - DAG(s) 'example_skip_dag' retrieved from /home/airflow/.local/lib/python3.12/site-packages/airflow/example_dags/example_skip_dag.py
[2024-10-23T04:29:51.695+0000] {logging_mixin.py:190} INFO - [2024-10-23T04:29:51.694+0000] {dag.py:3239} INFO - Sync 1 DAGs
[2024-10-23T04:29:51.724+0000] {logging_mixin.py:190} INFO - [2024-10-23T04:29:51.724+0000] {dag.py:4180} INFO - Setting next_dagrun for example_skip_dag to 2024-10-22 00:00:00+00:00, run_after=2024-10-23 00:00:00+00:00
[2024-10-23T04:29:51.740+0000] {processor.py:208} INFO - Processing /home/airflow/.local/lib/python3.12/site-packages/airflow/example_dags/example_skip_dag.py took 0.127 seconds
[2024-10-23T04:30:22.841+0000] {processor.py:186} INFO - Started process (PID=14598) to work on /home/airflow/.local/lib/python3.12/site-packages/airflow/example_dags/example_skip_dag.py
[2024-10-23T04:30:22.843+0000] {processor.py:914} INFO - Processing file /home/airflow/.local/lib/python3.12/site-packages/airflow/example_dags/example_skip_dag.py for tasks to queue
[2024-10-23T04:30:22.844+0000] {logging_mixin.py:190} INFO - [2024-10-23T04:30:22.844+0000] {dagbag.py:588} INFO - Filling up the DagBag from /home/airflow/.local/lib/python3.12/site-packages/airflow/example_dags/example_skip_dag.py
[2024-10-23T04:30:22.858+0000] {processor.py:925} INFO - DAG(s) 'example_skip_dag' retrieved from /home/airflow/.local/lib/python3.12/site-packages/airflow/example_dags/example_skip_dag.py
[2024-10-23T04:30:22.886+0000] {logging_mixin.py:190} INFO - [2024-10-23T04:30:22.886+0000] {dag.py:3239} INFO - Sync 1 DAGs
[2024-10-23T04:30:22.908+0000] {logging_mixin.py:190} INFO - [2024-10-23T04:30:22.908+0000] {dag.py:4180} INFO - Setting next_dagrun for example_skip_dag to 2024-10-22 00:00:00+00:00, run_after=2024-10-23 00:00:00+00:00
[2024-10-23T04:30:22.922+0000] {processor.py:208} INFO - Processing /home/airflow/.local/lib/python3.12/site-packages/airflow/example_dags/example_skip_dag.py took 0.086 seconds
[2024-10-23T04:30:53.893+0000] {processor.py:186} INFO - Started process (PID=14661) to work on /home/airflow/.local/lib/python3.12/site-packages/airflow/example_dags/example_skip_dag.py
[2024-10-23T04:30:53.894+0000] {processor.py:914} INFO - Processing file /home/airflow/.local/lib/python3.12/site-packages/airflow/example_dags/example_skip_dag.py for tasks to queue
[2024-10-23T04:30:53.895+0000] {logging_mixin.py:190} INFO - [2024-10-23T04:30:53.895+0000] {dagbag.py:588} INFO - Filling up the DagBag from /home/airflow/.local/lib/python3.12/site-packages/airflow/example_dags/example_skip_dag.py
[2024-10-23T04:30:53.903+0000] {processor.py:925} INFO - DAG(s) 'example_skip_dag' retrieved from /home/airflow/.local/lib/python3.12/site-packages/airflow/example_dags/example_skip_dag.py
[2024-10-23T04:30:53.919+0000] {logging_mixin.py:190} INFO - [2024-10-23T04:30:53.918+0000] {dag.py:3239} INFO - Sync 1 DAGs
[2024-10-23T04:30:53.937+0000] {logging_mixin.py:190} INFO - [2024-10-23T04:30:53.936+0000] {dag.py:4180} INFO - Setting next_dagrun for example_skip_dag to 2024-10-22 00:00:00+00:00, run_after=2024-10-23 00:00:00+00:00
[2024-10-23T04:30:53.959+0000] {processor.py:208} INFO - Processing /home/airflow/.local/lib/python3.12/site-packages/airflow/example_dags/example_skip_dag.py took 0.071 seconds
[2024-10-23T04:31:24.133+0000] {processor.py:186} INFO - Started process (PID=14724) to work on /home/airflow/.local/lib/python3.12/site-packages/airflow/example_dags/example_skip_dag.py
[2024-10-23T04:31:24.135+0000] {processor.py:914} INFO - Processing file /home/airflow/.local/lib/python3.12/site-packages/airflow/example_dags/example_skip_dag.py for tasks to queue
[2024-10-23T04:31:24.137+0000] {logging_mixin.py:190} INFO - [2024-10-23T04:31:24.137+0000] {dagbag.py:588} INFO - Filling up the DagBag from /home/airflow/.local/lib/python3.12/site-packages/airflow/example_dags/example_skip_dag.py
[2024-10-23T04:31:24.149+0000] {processor.py:925} INFO - DAG(s) 'example_skip_dag' retrieved from /home/airflow/.local/lib/python3.12/site-packages/airflow/example_dags/example_skip_dag.py
[2024-10-23T04:31:24.169+0000] {logging_mixin.py:190} INFO - [2024-10-23T04:31:24.169+0000] {dag.py:3239} INFO - Sync 1 DAGs
[2024-10-23T04:31:24.196+0000] {logging_mixin.py:190} INFO - [2024-10-23T04:31:24.196+0000] {dag.py:4180} INFO - Setting next_dagrun for example_skip_dag to 2024-10-22 00:00:00+00:00, run_after=2024-10-23 00:00:00+00:00
[2024-10-23T04:31:24.213+0000] {processor.py:208} INFO - Processing /home/airflow/.local/lib/python3.12/site-packages/airflow/example_dags/example_skip_dag.py took 0.087 seconds
[2024-10-23T04:31:54.425+0000] {processor.py:186} INFO - Started process (PID=14786) to work on /home/airflow/.local/lib/python3.12/site-packages/airflow/example_dags/example_skip_dag.py
[2024-10-23T04:31:54.427+0000] {processor.py:914} INFO - Processing file /home/airflow/.local/lib/python3.12/site-packages/airflow/example_dags/example_skip_dag.py for tasks to queue
[2024-10-23T04:31:54.429+0000] {logging_mixin.py:190} INFO - [2024-10-23T04:31:54.428+0000] {dagbag.py:588} INFO - Filling up the DagBag from /home/airflow/.local/lib/python3.12/site-packages/airflow/example_dags/example_skip_dag.py
[2024-10-23T04:31:54.444+0000] {processor.py:925} INFO - DAG(s) 'example_skip_dag' retrieved from /home/airflow/.local/lib/python3.12/site-packages/airflow/example_dags/example_skip_dag.py
[2024-10-23T04:31:54.494+0000] {logging_mixin.py:190} INFO - [2024-10-23T04:31:54.494+0000] {dag.py:3239} INFO - Sync 1 DAGs
[2024-10-23T04:31:54.532+0000] {logging_mixin.py:190} INFO - [2024-10-23T04:31:54.531+0000] {dag.py:4180} INFO - Setting next_dagrun for example_skip_dag to 2024-10-22 00:00:00+00:00, run_after=2024-10-23 00:00:00+00:00
[2024-10-23T04:31:54.556+0000] {processor.py:208} INFO - Processing /home/airflow/.local/lib/python3.12/site-packages/airflow/example_dags/example_skip_dag.py took 0.137 seconds
[2024-10-23T04:32:24.981+0000] {processor.py:186} INFO - Started process (PID=14849) to work on /home/airflow/.local/lib/python3.12/site-packages/airflow/example_dags/example_skip_dag.py
[2024-10-23T04:32:24.982+0000] {processor.py:914} INFO - Processing file /home/airflow/.local/lib/python3.12/site-packages/airflow/example_dags/example_skip_dag.py for tasks to queue
[2024-10-23T04:32:24.985+0000] {logging_mixin.py:190} INFO - [2024-10-23T04:32:24.985+0000] {dagbag.py:588} INFO - Filling up the DagBag from /home/airflow/.local/lib/python3.12/site-packages/airflow/example_dags/example_skip_dag.py
[2024-10-23T04:32:24.997+0000] {processor.py:925} INFO - DAG(s) 'example_skip_dag' retrieved from /home/airflow/.local/lib/python3.12/site-packages/airflow/example_dags/example_skip_dag.py
[2024-10-23T04:32:25.022+0000] {logging_mixin.py:190} INFO - [2024-10-23T04:32:25.022+0000] {dag.py:3239} INFO - Sync 1 DAGs
[2024-10-23T04:32:25.048+0000] {logging_mixin.py:190} INFO - [2024-10-23T04:32:25.048+0000] {dag.py:4180} INFO - Setting next_dagrun for example_skip_dag to 2024-10-22 00:00:00+00:00, run_after=2024-10-23 00:00:00+00:00
[2024-10-23T04:32:25.062+0000] {processor.py:208} INFO - Processing /home/airflow/.local/lib/python3.12/site-packages/airflow/example_dags/example_skip_dag.py took 0.090 seconds
[2024-10-23T04:32:55.384+0000] {processor.py:186} INFO - Started process (PID=14912) to work on /home/airflow/.local/lib/python3.12/site-packages/airflow/example_dags/example_skip_dag.py
[2024-10-23T04:32:55.386+0000] {processor.py:914} INFO - Processing file /home/airflow/.local/lib/python3.12/site-packages/airflow/example_dags/example_skip_dag.py for tasks to queue
[2024-10-23T04:32:55.388+0000] {logging_mixin.py:190} INFO - [2024-10-23T04:32:55.388+0000] {dagbag.py:588} INFO - Filling up the DagBag from /home/airflow/.local/lib/python3.12/site-packages/airflow/example_dags/example_skip_dag.py
[2024-10-23T04:32:55.399+0000] {processor.py:925} INFO - DAG(s) 'example_skip_dag' retrieved from /home/airflow/.local/lib/python3.12/site-packages/airflow/example_dags/example_skip_dag.py
[2024-10-23T04:32:55.420+0000] {logging_mixin.py:190} INFO - [2024-10-23T04:32:55.420+0000] {dag.py:3239} INFO - Sync 1 DAGs
[2024-10-23T04:32:55.443+0000] {logging_mixin.py:190} INFO - [2024-10-23T04:32:55.442+0000] {dag.py:4180} INFO - Setting next_dagrun for example_skip_dag to 2024-10-22 00:00:00+00:00, run_after=2024-10-23 00:00:00+00:00
[2024-10-23T04:32:55.464+0000] {processor.py:208} INFO - Processing /home/airflow/.local/lib/python3.12/site-packages/airflow/example_dags/example_skip_dag.py took 0.086 seconds
[2024-10-23T04:33:26.112+0000] {processor.py:186} INFO - Started process (PID=14975) to work on /home/airflow/.local/lib/python3.12/site-packages/airflow/example_dags/example_skip_dag.py
[2024-10-23T04:33:26.113+0000] {processor.py:914} INFO - Processing file /home/airflow/.local/lib/python3.12/site-packages/airflow/example_dags/example_skip_dag.py for tasks to queue
[2024-10-23T04:33:26.115+0000] {logging_mixin.py:190} INFO - [2024-10-23T04:33:26.115+0000] {dagbag.py:588} INFO - Filling up the DagBag from /home/airflow/.local/lib/python3.12/site-packages/airflow/example_dags/example_skip_dag.py
[2024-10-23T04:33:26.128+0000] {processor.py:925} INFO - DAG(s) 'example_skip_dag' retrieved from /home/airflow/.local/lib/python3.12/site-packages/airflow/example_dags/example_skip_dag.py
[2024-10-23T04:33:26.150+0000] {logging_mixin.py:190} INFO - [2024-10-23T04:33:26.150+0000] {dag.py:3239} INFO - Sync 1 DAGs
[2024-10-23T04:33:26.170+0000] {logging_mixin.py:190} INFO - [2024-10-23T04:33:26.170+0000] {dag.py:4180} INFO - Setting next_dagrun for example_skip_dag to 2024-10-22 00:00:00+00:00, run_after=2024-10-23 00:00:00+00:00
[2024-10-23T04:33:26.194+0000] {processor.py:208} INFO - Processing /home/airflow/.local/lib/python3.12/site-packages/airflow/example_dags/example_skip_dag.py took 0.092 seconds
[2024-10-23T04:33:57.021+0000] {processor.py:186} INFO - Started process (PID=15038) to work on /home/airflow/.local/lib/python3.12/site-packages/airflow/example_dags/example_skip_dag.py
[2024-10-23T04:33:57.023+0000] {processor.py:914} INFO - Processing file /home/airflow/.local/lib/python3.12/site-packages/airflow/example_dags/example_skip_dag.py for tasks to queue
[2024-10-23T04:33:57.024+0000] {logging_mixin.py:190} INFO - [2024-10-23T04:33:57.024+0000] {dagbag.py:588} INFO - Filling up the DagBag from /home/airflow/.local/lib/python3.12/site-packages/airflow/example_dags/example_skip_dag.py
[2024-10-23T04:33:57.034+0000] {processor.py:925} INFO - DAG(s) 'example_skip_dag' retrieved from /home/airflow/.local/lib/python3.12/site-packages/airflow/example_dags/example_skip_dag.py
[2024-10-23T04:33:57.056+0000] {logging_mixin.py:190} INFO - [2024-10-23T04:33:57.055+0000] {dag.py:3239} INFO - Sync 1 DAGs
[2024-10-23T04:33:57.073+0000] {logging_mixin.py:190} INFO - [2024-10-23T04:33:57.073+0000] {dag.py:4180} INFO - Setting next_dagrun for example_skip_dag to 2024-10-22 00:00:00+00:00, run_after=2024-10-23 00:00:00+00:00
[2024-10-23T04:33:57.085+0000] {processor.py:208} INFO - Processing /home/airflow/.local/lib/python3.12/site-packages/airflow/example_dags/example_skip_dag.py took 0.079 seconds
[2024-10-23T04:34:28.170+0000] {processor.py:186} INFO - Started process (PID=15101) to work on /home/airflow/.local/lib/python3.12/site-packages/airflow/example_dags/example_skip_dag.py
[2024-10-23T04:34:28.171+0000] {processor.py:914} INFO - Processing file /home/airflow/.local/lib/python3.12/site-packages/airflow/example_dags/example_skip_dag.py for tasks to queue
[2024-10-23T04:34:28.172+0000] {logging_mixin.py:190} INFO - [2024-10-23T04:34:28.172+0000] {dagbag.py:588} INFO - Filling up the DagBag from /home/airflow/.local/lib/python3.12/site-packages/airflow/example_dags/example_skip_dag.py
[2024-10-23T04:34:28.181+0000] {processor.py:925} INFO - DAG(s) 'example_skip_dag' retrieved from /home/airflow/.local/lib/python3.12/site-packages/airflow/example_dags/example_skip_dag.py
[2024-10-23T04:34:28.196+0000] {logging_mixin.py:190} INFO - [2024-10-23T04:34:28.196+0000] {dag.py:3239} INFO - Sync 1 DAGs
[2024-10-23T04:34:28.214+0000] {logging_mixin.py:190} INFO - [2024-10-23T04:34:28.213+0000] {dag.py:4180} INFO - Setting next_dagrun for example_skip_dag to 2024-10-22 00:00:00+00:00, run_after=2024-10-23 00:00:00+00:00
[2024-10-23T04:34:28.225+0000] {processor.py:208} INFO - Processing /home/airflow/.local/lib/python3.12/site-packages/airflow/example_dags/example_skip_dag.py took 0.061 seconds
[2024-10-23T04:34:58.994+0000] {processor.py:186} INFO - Started process (PID=15164) to work on /home/airflow/.local/lib/python3.12/site-packages/airflow/example_dags/example_skip_dag.py
[2024-10-23T04:34:58.995+0000] {processor.py:914} INFO - Processing file /home/airflow/.local/lib/python3.12/site-packages/airflow/example_dags/example_skip_dag.py for tasks to queue
[2024-10-23T04:34:58.996+0000] {logging_mixin.py:190} INFO - [2024-10-23T04:34:58.996+0000] {dagbag.py:588} INFO - Filling up the DagBag from /home/airflow/.local/lib/python3.12/site-packages/airflow/example_dags/example_skip_dag.py
[2024-10-23T04:34:59.002+0000] {processor.py:925} INFO - DAG(s) 'example_skip_dag' retrieved from /home/airflow/.local/lib/python3.12/site-packages/airflow/example_dags/example_skip_dag.py
[2024-10-23T04:34:59.022+0000] {logging_mixin.py:190} INFO - [2024-10-23T04:34:59.022+0000] {dag.py:3239} INFO - Sync 1 DAGs
[2024-10-23T04:34:59.042+0000] {logging_mixin.py:190} INFO - [2024-10-23T04:34:59.042+0000] {dag.py:4180} INFO - Setting next_dagrun for example_skip_dag to 2024-10-22 00:00:00+00:00, run_after=2024-10-23 00:00:00+00:00
[2024-10-23T04:34:59.056+0000] {processor.py:208} INFO - Processing /home/airflow/.local/lib/python3.12/site-packages/airflow/example_dags/example_skip_dag.py took 0.067 seconds
[2024-10-23T04:35:29.229+0000] {processor.py:186} INFO - Started process (PID=15230) to work on /home/airflow/.local/lib/python3.12/site-packages/airflow/example_dags/example_skip_dag.py
[2024-10-23T04:35:29.232+0000] {processor.py:914} INFO - Processing file /home/airflow/.local/lib/python3.12/site-packages/airflow/example_dags/example_skip_dag.py for tasks to queue
[2024-10-23T04:35:29.236+0000] {logging_mixin.py:190} INFO - [2024-10-23T04:35:29.236+0000] {dagbag.py:588} INFO - Filling up the DagBag from /home/airflow/.local/lib/python3.12/site-packages/airflow/example_dags/example_skip_dag.py
[2024-10-23T04:35:29.260+0000] {processor.py:925} INFO - DAG(s) 'example_skip_dag' retrieved from /home/airflow/.local/lib/python3.12/site-packages/airflow/example_dags/example_skip_dag.py
[2024-10-23T04:35:29.329+0000] {logging_mixin.py:190} INFO - [2024-10-23T04:35:29.329+0000] {dag.py:3239} INFO - Sync 1 DAGs
[2024-10-23T04:35:29.357+0000] {logging_mixin.py:190} INFO - [2024-10-23T04:35:29.357+0000] {dag.py:4180} INFO - Setting next_dagrun for example_skip_dag to 2024-10-22 00:00:00+00:00, run_after=2024-10-23 00:00:00+00:00
[2024-10-23T04:35:29.376+0000] {processor.py:208} INFO - Processing /home/airflow/.local/lib/python3.12/site-packages/airflow/example_dags/example_skip_dag.py took 0.159 seconds
[2024-10-23T04:35:59.837+0000] {processor.py:186} INFO - Started process (PID=15293) to work on /home/airflow/.local/lib/python3.12/site-packages/airflow/example_dags/example_skip_dag.py
[2024-10-23T04:35:59.840+0000] {processor.py:914} INFO - Processing file /home/airflow/.local/lib/python3.12/site-packages/airflow/example_dags/example_skip_dag.py for tasks to queue
[2024-10-23T04:35:59.850+0000] {logging_mixin.py:190} INFO - [2024-10-23T04:35:59.847+0000] {dagbag.py:588} INFO - Filling up the DagBag from /home/airflow/.local/lib/python3.12/site-packages/airflow/example_dags/example_skip_dag.py
[2024-10-23T04:35:59.877+0000] {processor.py:925} INFO - DAG(s) 'example_skip_dag' retrieved from /home/airflow/.local/lib/python3.12/site-packages/airflow/example_dags/example_skip_dag.py
[2024-10-23T04:35:59.912+0000] {logging_mixin.py:190} INFO - [2024-10-23T04:35:59.911+0000] {dag.py:3239} INFO - Sync 1 DAGs
[2024-10-23T04:35:59.946+0000] {logging_mixin.py:190} INFO - [2024-10-23T04:35:59.946+0000] {dag.py:4180} INFO - Setting next_dagrun for example_skip_dag to 2024-10-22 00:00:00+00:00, run_after=2024-10-23 00:00:00+00:00
[2024-10-23T04:35:59.961+0000] {processor.py:208} INFO - Processing /home/airflow/.local/lib/python3.12/site-packages/airflow/example_dags/example_skip_dag.py took 0.132 seconds
[2024-10-23T04:36:30.051+0000] {processor.py:186} INFO - Started process (PID=15359) to work on /home/airflow/.local/lib/python3.12/site-packages/airflow/example_dags/example_skip_dag.py
[2024-10-23T04:36:30.054+0000] {processor.py:914} INFO - Processing file /home/airflow/.local/lib/python3.12/site-packages/airflow/example_dags/example_skip_dag.py for tasks to queue
[2024-10-23T04:36:30.057+0000] {logging_mixin.py:190} INFO - [2024-10-23T04:36:30.057+0000] {dagbag.py:588} INFO - Filling up the DagBag from /home/airflow/.local/lib/python3.12/site-packages/airflow/example_dags/example_skip_dag.py
[2024-10-23T04:36:30.078+0000] {processor.py:925} INFO - DAG(s) 'example_skip_dag' retrieved from /home/airflow/.local/lib/python3.12/site-packages/airflow/example_dags/example_skip_dag.py
[2024-10-23T04:36:30.139+0000] {logging_mixin.py:190} INFO - [2024-10-23T04:36:30.138+0000] {dag.py:3239} INFO - Sync 1 DAGs
[2024-10-23T04:36:30.190+0000] {logging_mixin.py:190} INFO - [2024-10-23T04:36:30.190+0000] {dag.py:4180} INFO - Setting next_dagrun for example_skip_dag to 2024-10-22 00:00:00+00:00, run_after=2024-10-23 00:00:00+00:00
[2024-10-23T04:36:30.243+0000] {processor.py:208} INFO - Processing /home/airflow/.local/lib/python3.12/site-packages/airflow/example_dags/example_skip_dag.py took 0.199 seconds
[2024-10-23T04:37:00.438+0000] {processor.py:186} INFO - Started process (PID=15422) to work on /home/airflow/.local/lib/python3.12/site-packages/airflow/example_dags/example_skip_dag.py
[2024-10-23T04:37:00.441+0000] {processor.py:914} INFO - Processing file /home/airflow/.local/lib/python3.12/site-packages/airflow/example_dags/example_skip_dag.py for tasks to queue
[2024-10-23T04:37:00.448+0000] {logging_mixin.py:190} INFO - [2024-10-23T04:37:00.445+0000] {dagbag.py:588} INFO - Filling up the DagBag from /home/airflow/.local/lib/python3.12/site-packages/airflow/example_dags/example_skip_dag.py
[2024-10-23T04:37:00.479+0000] {processor.py:925} INFO - DAG(s) 'example_skip_dag' retrieved from /home/airflow/.local/lib/python3.12/site-packages/airflow/example_dags/example_skip_dag.py
[2024-10-23T04:37:00.521+0000] {logging_mixin.py:190} INFO - [2024-10-23T04:37:00.521+0000] {dag.py:3239} INFO - Sync 1 DAGs
[2024-10-23T04:37:00.563+0000] {logging_mixin.py:190} INFO - [2024-10-23T04:37:00.563+0000] {dag.py:4180} INFO - Setting next_dagrun for example_skip_dag to 2024-10-22 00:00:00+00:00, run_after=2024-10-23 00:00:00+00:00
[2024-10-23T04:37:00.583+0000] {processor.py:208} INFO - Processing /home/airflow/.local/lib/python3.12/site-packages/airflow/example_dags/example_skip_dag.py took 0.152 seconds
[2024-10-23T04:37:30.892+0000] {processor.py:186} INFO - Started process (PID=15485) to work on /home/airflow/.local/lib/python3.12/site-packages/airflow/example_dags/example_skip_dag.py
[2024-10-23T04:37:30.897+0000] {processor.py:914} INFO - Processing file /home/airflow/.local/lib/python3.12/site-packages/airflow/example_dags/example_skip_dag.py for tasks to queue
[2024-10-23T04:37:30.901+0000] {logging_mixin.py:190} INFO - [2024-10-23T04:37:30.901+0000] {dagbag.py:588} INFO - Filling up the DagBag from /home/airflow/.local/lib/python3.12/site-packages/airflow/example_dags/example_skip_dag.py
[2024-10-23T04:37:30.928+0000] {processor.py:925} INFO - DAG(s) 'example_skip_dag' retrieved from /home/airflow/.local/lib/python3.12/site-packages/airflow/example_dags/example_skip_dag.py
[2024-10-23T04:37:30.981+0000] {logging_mixin.py:190} INFO - [2024-10-23T04:37:30.981+0000] {dag.py:3239} INFO - Sync 1 DAGs
[2024-10-23T04:37:31.032+0000] {logging_mixin.py:190} INFO - [2024-10-23T04:37:31.032+0000] {dag.py:4180} INFO - Setting next_dagrun for example_skip_dag to 2024-10-22 00:00:00+00:00, run_after=2024-10-23 00:00:00+00:00
[2024-10-23T04:37:31.061+0000] {processor.py:208} INFO - Processing /home/airflow/.local/lib/python3.12/site-packages/airflow/example_dags/example_skip_dag.py took 0.201 seconds
[2024-10-23T04:38:01.354+0000] {processor.py:186} INFO - Started process (PID=15548) to work on /home/airflow/.local/lib/python3.12/site-packages/airflow/example_dags/example_skip_dag.py
[2024-10-23T04:38:01.363+0000] {processor.py:914} INFO - Processing file /home/airflow/.local/lib/python3.12/site-packages/airflow/example_dags/example_skip_dag.py for tasks to queue
[2024-10-23T04:38:01.366+0000] {logging_mixin.py:190} INFO - [2024-10-23T04:38:01.366+0000] {dagbag.py:588} INFO - Filling up the DagBag from /home/airflow/.local/lib/python3.12/site-packages/airflow/example_dags/example_skip_dag.py
[2024-10-23T04:38:01.386+0000] {processor.py:925} INFO - DAG(s) 'example_skip_dag' retrieved from /home/airflow/.local/lib/python3.12/site-packages/airflow/example_dags/example_skip_dag.py
[2024-10-23T04:38:01.451+0000] {logging_mixin.py:190} INFO - [2024-10-23T04:38:01.451+0000] {dag.py:3239} INFO - Sync 1 DAGs
[2024-10-23T04:38:01.482+0000] {logging_mixin.py:190} INFO - [2024-10-23T04:38:01.482+0000] {dag.py:4180} INFO - Setting next_dagrun for example_skip_dag to 2024-10-22 00:00:00+00:00, run_after=2024-10-23 00:00:00+00:00
[2024-10-23T04:38:01.510+0000] {processor.py:208} INFO - Processing /home/airflow/.local/lib/python3.12/site-packages/airflow/example_dags/example_skip_dag.py took 0.174 seconds
[2024-10-23T04:38:31.767+0000] {processor.py:186} INFO - Started process (PID=15611) to work on /home/airflow/.local/lib/python3.12/site-packages/airflow/example_dags/example_skip_dag.py
[2024-10-23T04:38:31.769+0000] {processor.py:914} INFO - Processing file /home/airflow/.local/lib/python3.12/site-packages/airflow/example_dags/example_skip_dag.py for tasks to queue
[2024-10-23T04:38:31.770+0000] {logging_mixin.py:190} INFO - [2024-10-23T04:38:31.769+0000] {dagbag.py:588} INFO - Filling up the DagBag from /home/airflow/.local/lib/python3.12/site-packages/airflow/example_dags/example_skip_dag.py
[2024-10-23T04:38:31.777+0000] {processor.py:925} INFO - DAG(s) 'example_skip_dag' retrieved from /home/airflow/.local/lib/python3.12/site-packages/airflow/example_dags/example_skip_dag.py
[2024-10-23T04:38:31.811+0000] {logging_mixin.py:190} INFO - [2024-10-23T04:38:31.810+0000] {dag.py:3239} INFO - Sync 1 DAGs
[2024-10-23T04:38:31.838+0000] {logging_mixin.py:190} INFO - [2024-10-23T04:38:31.838+0000] {dag.py:4180} INFO - Setting next_dagrun for example_skip_dag to 2024-10-22 00:00:00+00:00, run_after=2024-10-23 00:00:00+00:00
[2024-10-23T04:38:31.853+0000] {processor.py:208} INFO - Processing /home/airflow/.local/lib/python3.12/site-packages/airflow/example_dags/example_skip_dag.py took 0.098 seconds
[2024-10-23T04:39:02.697+0000] {processor.py:186} INFO - Started process (PID=15674) to work on /home/airflow/.local/lib/python3.12/site-packages/airflow/example_dags/example_skip_dag.py
[2024-10-23T04:39:02.700+0000] {processor.py:914} INFO - Processing file /home/airflow/.local/lib/python3.12/site-packages/airflow/example_dags/example_skip_dag.py for tasks to queue
[2024-10-23T04:39:02.704+0000] {logging_mixin.py:190} INFO - [2024-10-23T04:39:02.703+0000] {dagbag.py:588} INFO - Filling up the DagBag from /home/airflow/.local/lib/python3.12/site-packages/airflow/example_dags/example_skip_dag.py
[2024-10-23T04:39:02.731+0000] {processor.py:925} INFO - DAG(s) 'example_skip_dag' retrieved from /home/airflow/.local/lib/python3.12/site-packages/airflow/example_dags/example_skip_dag.py
[2024-10-23T04:39:02.776+0000] {logging_mixin.py:190} INFO - [2024-10-23T04:39:02.775+0000] {dag.py:3239} INFO - Sync 1 DAGs
[2024-10-23T04:39:03.179+0000] {logging_mixin.py:190} INFO - [2024-10-23T04:39:03.179+0000] {dag.py:4180} INFO - Setting next_dagrun for example_skip_dag to 2024-10-22 00:00:00+00:00, run_after=2024-10-23 00:00:00+00:00
[2024-10-23T04:39:03.196+0000] {processor.py:208} INFO - Processing /home/airflow/.local/lib/python3.12/site-packages/airflow/example_dags/example_skip_dag.py took 0.512 seconds
[2024-10-23T04:39:33.718+0000] {processor.py:186} INFO - Started process (PID=15737) to work on /home/airflow/.local/lib/python3.12/site-packages/airflow/example_dags/example_skip_dag.py
[2024-10-23T04:39:33.722+0000] {processor.py:914} INFO - Processing file /home/airflow/.local/lib/python3.12/site-packages/airflow/example_dags/example_skip_dag.py for tasks to queue
[2024-10-23T04:39:33.728+0000] {logging_mixin.py:190} INFO - [2024-10-23T04:39:33.727+0000] {dagbag.py:588} INFO - Filling up the DagBag from /home/airflow/.local/lib/python3.12/site-packages/airflow/example_dags/example_skip_dag.py
[2024-10-23T04:39:33.768+0000] {processor.py:925} INFO - DAG(s) 'example_skip_dag' retrieved from /home/airflow/.local/lib/python3.12/site-packages/airflow/example_dags/example_skip_dag.py
[2024-10-23T04:39:33.822+0000] {logging_mixin.py:190} INFO - [2024-10-23T04:39:33.822+0000] {dag.py:3239} INFO - Sync 1 DAGs
[2024-10-23T04:39:34.317+0000] {logging_mixin.py:190} INFO - [2024-10-23T04:39:34.316+0000] {dag.py:4180} INFO - Setting next_dagrun for example_skip_dag to 2024-10-22 00:00:00+00:00, run_after=2024-10-23 00:00:00+00:00
[2024-10-23T04:39:34.341+0000] {processor.py:208} INFO - Processing /home/airflow/.local/lib/python3.12/site-packages/airflow/example_dags/example_skip_dag.py took 0.642 seconds
[2024-10-23T04:40:04.738+0000] {processor.py:186} INFO - Started process (PID=15800) to work on /home/airflow/.local/lib/python3.12/site-packages/airflow/example_dags/example_skip_dag.py
[2024-10-23T04:40:04.740+0000] {processor.py:914} INFO - Processing file /home/airflow/.local/lib/python3.12/site-packages/airflow/example_dags/example_skip_dag.py for tasks to queue
[2024-10-23T04:40:04.744+0000] {logging_mixin.py:190} INFO - [2024-10-23T04:40:04.744+0000] {dagbag.py:588} INFO - Filling up the DagBag from /home/airflow/.local/lib/python3.12/site-packages/airflow/example_dags/example_skip_dag.py
[2024-10-23T04:40:04.763+0000] {processor.py:925} INFO - DAG(s) 'example_skip_dag' retrieved from /home/airflow/.local/lib/python3.12/site-packages/airflow/example_dags/example_skip_dag.py
[2024-10-23T04:40:04.803+0000] {logging_mixin.py:190} INFO - [2024-10-23T04:40:04.803+0000] {dag.py:3239} INFO - Sync 1 DAGs
[2024-10-23T04:40:04.833+0000] {logging_mixin.py:190} INFO - [2024-10-23T04:40:04.833+0000] {dag.py:4180} INFO - Setting next_dagrun for example_skip_dag to 2024-10-22 00:00:00+00:00, run_after=2024-10-23 00:00:00+00:00
[2024-10-23T04:40:05.538+0000] {processor.py:208} INFO - Processing /home/airflow/.local/lib/python3.12/site-packages/airflow/example_dags/example_skip_dag.py took 0.818 seconds
[2024-10-23T04:40:36.502+0000] {processor.py:186} INFO - Started process (PID=15865) to work on /home/airflow/.local/lib/python3.12/site-packages/airflow/example_dags/example_skip_dag.py
[2024-10-23T04:40:36.506+0000] {processor.py:914} INFO - Processing file /home/airflow/.local/lib/python3.12/site-packages/airflow/example_dags/example_skip_dag.py for tasks to queue
[2024-10-23T04:40:36.509+0000] {logging_mixin.py:190} INFO - [2024-10-23T04:40:36.508+0000] {dagbag.py:588} INFO - Filling up the DagBag from /home/airflow/.local/lib/python3.12/site-packages/airflow/example_dags/example_skip_dag.py
[2024-10-23T04:40:36.532+0000] {processor.py:925} INFO - DAG(s) 'example_skip_dag' retrieved from /home/airflow/.local/lib/python3.12/site-packages/airflow/example_dags/example_skip_dag.py
[2024-10-23T04:40:36.602+0000] {logging_mixin.py:190} INFO - [2024-10-23T04:40:36.600+0000] {dag.py:3239} INFO - Sync 1 DAGs
[2024-10-23T04:40:36.656+0000] {logging_mixin.py:190} INFO - [2024-10-23T04:40:36.656+0000] {dag.py:4180} INFO - Setting next_dagrun for example_skip_dag to 2024-10-22 00:00:00+00:00, run_after=2024-10-23 00:00:00+00:00
[2024-10-23T04:40:36.695+0000] {processor.py:208} INFO - Processing /home/airflow/.local/lib/python3.12/site-packages/airflow/example_dags/example_skip_dag.py took 0.212 seconds
[2024-10-23T04:41:06.820+0000] {processor.py:186} INFO - Started process (PID=15928) to work on /home/airflow/.local/lib/python3.12/site-packages/airflow/example_dags/example_skip_dag.py
[2024-10-23T04:41:06.822+0000] {processor.py:914} INFO - Processing file /home/airflow/.local/lib/python3.12/site-packages/airflow/example_dags/example_skip_dag.py for tasks to queue
[2024-10-23T04:41:06.825+0000] {logging_mixin.py:190} INFO - [2024-10-23T04:41:06.824+0000] {dagbag.py:588} INFO - Filling up the DagBag from /home/airflow/.local/lib/python3.12/site-packages/airflow/example_dags/example_skip_dag.py
[2024-10-23T04:41:06.834+0000] {processor.py:925} INFO - DAG(s) 'example_skip_dag' retrieved from /home/airflow/.local/lib/python3.12/site-packages/airflow/example_dags/example_skip_dag.py
[2024-10-23T04:41:06.857+0000] {logging_mixin.py:190} INFO - [2024-10-23T04:41:06.857+0000] {dag.py:3239} INFO - Sync 1 DAGs
[2024-10-23T04:41:06.879+0000] {logging_mixin.py:190} INFO - [2024-10-23T04:41:06.879+0000] {dag.py:4180} INFO - Setting next_dagrun for example_skip_dag to 2024-10-22 00:00:00+00:00, run_after=2024-10-23 00:00:00+00:00
[2024-10-23T04:41:06.899+0000] {processor.py:208} INFO - Processing /home/airflow/.local/lib/python3.12/site-packages/airflow/example_dags/example_skip_dag.py took 0.087 seconds
[2024-10-23T04:41:37.558+0000] {processor.py:186} INFO - Started process (PID=15991) to work on /home/airflow/.local/lib/python3.12/site-packages/airflow/example_dags/example_skip_dag.py
[2024-10-23T04:41:37.562+0000] {processor.py:914} INFO - Processing file /home/airflow/.local/lib/python3.12/site-packages/airflow/example_dags/example_skip_dag.py for tasks to queue
[2024-10-23T04:41:37.563+0000] {logging_mixin.py:190} INFO - [2024-10-23T04:41:37.563+0000] {dagbag.py:588} INFO - Filling up the DagBag from /home/airflow/.local/lib/python3.12/site-packages/airflow/example_dags/example_skip_dag.py
[2024-10-23T04:41:37.573+0000] {processor.py:925} INFO - DAG(s) 'example_skip_dag' retrieved from /home/airflow/.local/lib/python3.12/site-packages/airflow/example_dags/example_skip_dag.py
[2024-10-23T04:41:37.595+0000] {logging_mixin.py:190} INFO - [2024-10-23T04:41:37.595+0000] {dag.py:3239} INFO - Sync 1 DAGs
[2024-10-23T04:41:37.632+0000] {logging_mixin.py:190} INFO - [2024-10-23T04:41:37.632+0000] {dag.py:4180} INFO - Setting next_dagrun for example_skip_dag to 2024-10-22 00:00:00+00:00, run_after=2024-10-23 00:00:00+00:00
[2024-10-23T04:41:37.653+0000] {processor.py:208} INFO - Processing /home/airflow/.local/lib/python3.12/site-packages/airflow/example_dags/example_skip_dag.py took 0.103 seconds
[2024-10-23T04:42:07.722+0000] {processor.py:186} INFO - Started process (PID=16054) to work on /home/airflow/.local/lib/python3.12/site-packages/airflow/example_dags/example_skip_dag.py
[2024-10-23T04:42:07.729+0000] {processor.py:914} INFO - Processing file /home/airflow/.local/lib/python3.12/site-packages/airflow/example_dags/example_skip_dag.py for tasks to queue
[2024-10-23T04:42:07.731+0000] {logging_mixin.py:190} INFO - [2024-10-23T04:42:07.731+0000] {dagbag.py:588} INFO - Filling up the DagBag from /home/airflow/.local/lib/python3.12/site-packages/airflow/example_dags/example_skip_dag.py
[2024-10-23T04:42:07.738+0000] {processor.py:925} INFO - DAG(s) 'example_skip_dag' retrieved from /home/airflow/.local/lib/python3.12/site-packages/airflow/example_dags/example_skip_dag.py
[2024-10-23T04:42:07.756+0000] {logging_mixin.py:190} INFO - [2024-10-23T04:42:07.755+0000] {dag.py:3239} INFO - Sync 1 DAGs
[2024-10-23T04:42:07.778+0000] {logging_mixin.py:190} INFO - [2024-10-23T04:42:07.778+0000] {dag.py:4180} INFO - Setting next_dagrun for example_skip_dag to 2024-10-22 00:00:00+00:00, run_after=2024-10-23 00:00:00+00:00
[2024-10-23T04:42:07.797+0000] {processor.py:208} INFO - Processing /home/airflow/.local/lib/python3.12/site-packages/airflow/example_dags/example_skip_dag.py took 0.093 seconds
[2024-10-23T04:42:38.564+0000] {processor.py:186} INFO - Started process (PID=16115) to work on /home/airflow/.local/lib/python3.12/site-packages/airflow/example_dags/example_skip_dag.py
[2024-10-23T04:42:38.566+0000] {processor.py:914} INFO - Processing file /home/airflow/.local/lib/python3.12/site-packages/airflow/example_dags/example_skip_dag.py for tasks to queue
[2024-10-23T04:42:38.569+0000] {logging_mixin.py:190} INFO - [2024-10-23T04:42:38.569+0000] {dagbag.py:588} INFO - Filling up the DagBag from /home/airflow/.local/lib/python3.12/site-packages/airflow/example_dags/example_skip_dag.py
[2024-10-23T04:42:38.587+0000] {processor.py:925} INFO - DAG(s) 'example_skip_dag' retrieved from /home/airflow/.local/lib/python3.12/site-packages/airflow/example_dags/example_skip_dag.py
[2024-10-23T04:42:38.632+0000] {logging_mixin.py:190} INFO - [2024-10-23T04:42:38.631+0000] {dag.py:3239} INFO - Sync 1 DAGs
[2024-10-23T04:42:38.660+0000] {logging_mixin.py:190} INFO - [2024-10-23T04:42:38.660+0000] {dag.py:4180} INFO - Setting next_dagrun for example_skip_dag to 2024-10-22 00:00:00+00:00, run_after=2024-10-23 00:00:00+00:00
[2024-10-23T04:42:38.680+0000] {processor.py:208} INFO - Processing /home/airflow/.local/lib/python3.12/site-packages/airflow/example_dags/example_skip_dag.py took 0.136 seconds
[2024-10-23T04:43:09.638+0000] {processor.py:186} INFO - Started process (PID=16178) to work on /home/airflow/.local/lib/python3.12/site-packages/airflow/example_dags/example_skip_dag.py
[2024-10-23T04:43:09.641+0000] {processor.py:914} INFO - Processing file /home/airflow/.local/lib/python3.12/site-packages/airflow/example_dags/example_skip_dag.py for tasks to queue
[2024-10-23T04:43:09.642+0000] {logging_mixin.py:190} INFO - [2024-10-23T04:43:09.642+0000] {dagbag.py:588} INFO - Filling up the DagBag from /home/airflow/.local/lib/python3.12/site-packages/airflow/example_dags/example_skip_dag.py
[2024-10-23T04:43:09.660+0000] {processor.py:925} INFO - DAG(s) 'example_skip_dag' retrieved from /home/airflow/.local/lib/python3.12/site-packages/airflow/example_dags/example_skip_dag.py
[2024-10-23T04:43:09.700+0000] {logging_mixin.py:190} INFO - [2024-10-23T04:43:09.699+0000] {dag.py:3239} INFO - Sync 1 DAGs
[2024-10-23T04:43:09.737+0000] {logging_mixin.py:190} INFO - [2024-10-23T04:43:09.737+0000] {dag.py:4180} INFO - Setting next_dagrun for example_skip_dag to 2024-10-22 00:00:00+00:00, run_after=2024-10-23 00:00:00+00:00
[2024-10-23T04:43:09.758+0000] {processor.py:208} INFO - Processing /home/airflow/.local/lib/python3.12/site-packages/airflow/example_dags/example_skip_dag.py took 0.126 seconds
[2024-10-23T04:43:40.608+0000] {processor.py:186} INFO - Started process (PID=16241) to work on /home/airflow/.local/lib/python3.12/site-packages/airflow/example_dags/example_skip_dag.py
[2024-10-23T04:43:40.638+0000] {processor.py:914} INFO - Processing file /home/airflow/.local/lib/python3.12/site-packages/airflow/example_dags/example_skip_dag.py for tasks to queue
[2024-10-23T04:43:40.651+0000] {logging_mixin.py:190} INFO - [2024-10-23T04:43:40.648+0000] {dagbag.py:588} INFO - Filling up the DagBag from /home/airflow/.local/lib/python3.12/site-packages/airflow/example_dags/example_skip_dag.py
[2024-10-23T04:43:40.675+0000] {processor.py:925} INFO - DAG(s) 'example_skip_dag' retrieved from /home/airflow/.local/lib/python3.12/site-packages/airflow/example_dags/example_skip_dag.py
[2024-10-23T04:43:40.734+0000] {logging_mixin.py:190} INFO - [2024-10-23T04:43:40.734+0000] {dag.py:3239} INFO - Sync 1 DAGs
[2024-10-23T04:43:40.786+0000] {logging_mixin.py:190} INFO - [2024-10-23T04:43:40.786+0000] {dag.py:4180} INFO - Setting next_dagrun for example_skip_dag to 2024-10-22 00:00:00+00:00, run_after=2024-10-23 00:00:00+00:00
[2024-10-23T04:43:40.806+0000] {processor.py:208} INFO - Processing /home/airflow/.local/lib/python3.12/site-packages/airflow/example_dags/example_skip_dag.py took 0.269 seconds
[2024-10-23T04:44:11.740+0000] {processor.py:186} INFO - Started process (PID=16304) to work on /home/airflow/.local/lib/python3.12/site-packages/airflow/example_dags/example_skip_dag.py
[2024-10-23T04:44:11.744+0000] {processor.py:914} INFO - Processing file /home/airflow/.local/lib/python3.12/site-packages/airflow/example_dags/example_skip_dag.py for tasks to queue
[2024-10-23T04:44:11.749+0000] {logging_mixin.py:190} INFO - [2024-10-23T04:44:11.749+0000] {dagbag.py:588} INFO - Filling up the DagBag from /home/airflow/.local/lib/python3.12/site-packages/airflow/example_dags/example_skip_dag.py
[2024-10-23T04:44:11.773+0000] {processor.py:925} INFO - DAG(s) 'example_skip_dag' retrieved from /home/airflow/.local/lib/python3.12/site-packages/airflow/example_dags/example_skip_dag.py
[2024-10-23T04:44:11.824+0000] {logging_mixin.py:190} INFO - [2024-10-23T04:44:11.823+0000] {dag.py:3239} INFO - Sync 1 DAGs
[2024-10-23T04:44:11.857+0000] {logging_mixin.py:190} INFO - [2024-10-23T04:44:11.857+0000] {dag.py:4180} INFO - Setting next_dagrun for example_skip_dag to 2024-10-22 00:00:00+00:00, run_after=2024-10-23 00:00:00+00:00
[2024-10-23T04:44:11.873+0000] {processor.py:208} INFO - Processing /home/airflow/.local/lib/python3.12/site-packages/airflow/example_dags/example_skip_dag.py took 0.168 seconds
[2024-10-23T04:44:42.973+0000] {processor.py:186} INFO - Started process (PID=16367) to work on /home/airflow/.local/lib/python3.12/site-packages/airflow/example_dags/example_skip_dag.py
[2024-10-23T04:44:42.976+0000] {processor.py:914} INFO - Processing file /home/airflow/.local/lib/python3.12/site-packages/airflow/example_dags/example_skip_dag.py for tasks to queue
[2024-10-23T04:44:42.980+0000] {logging_mixin.py:190} INFO - [2024-10-23T04:44:42.980+0000] {dagbag.py:588} INFO - Filling up the DagBag from /home/airflow/.local/lib/python3.12/site-packages/airflow/example_dags/example_skip_dag.py
[2024-10-23T04:44:43.003+0000] {processor.py:925} INFO - DAG(s) 'example_skip_dag' retrieved from /home/airflow/.local/lib/python3.12/site-packages/airflow/example_dags/example_skip_dag.py
[2024-10-23T04:44:43.049+0000] {logging_mixin.py:190} INFO - [2024-10-23T04:44:43.048+0000] {dag.py:3239} INFO - Sync 1 DAGs
[2024-10-23T04:44:43.078+0000] {logging_mixin.py:190} INFO - [2024-10-23T04:44:43.078+0000] {dag.py:4180} INFO - Setting next_dagrun for example_skip_dag to 2024-10-22 00:00:00+00:00, run_after=2024-10-23 00:00:00+00:00
[2024-10-23T04:44:43.097+0000] {processor.py:208} INFO - Processing /home/airflow/.local/lib/python3.12/site-packages/airflow/example_dags/example_skip_dag.py took 0.143 seconds
[2024-10-23T04:45:13.639+0000] {processor.py:186} INFO - Started process (PID=16430) to work on /home/airflow/.local/lib/python3.12/site-packages/airflow/example_dags/example_skip_dag.py
[2024-10-23T04:45:13.641+0000] {processor.py:914} INFO - Processing file /home/airflow/.local/lib/python3.12/site-packages/airflow/example_dags/example_skip_dag.py for tasks to queue
[2024-10-23T04:45:13.646+0000] {logging_mixin.py:190} INFO - [2024-10-23T04:45:13.645+0000] {dagbag.py:588} INFO - Filling up the DagBag from /home/airflow/.local/lib/python3.12/site-packages/airflow/example_dags/example_skip_dag.py
[2024-10-23T04:45:13.655+0000] {processor.py:925} INFO - DAG(s) 'example_skip_dag' retrieved from /home/airflow/.local/lib/python3.12/site-packages/airflow/example_dags/example_skip_dag.py
[2024-10-23T04:45:13.679+0000] {logging_mixin.py:190} INFO - [2024-10-23T04:45:13.679+0000] {dag.py:3239} INFO - Sync 1 DAGs
[2024-10-23T04:45:13.698+0000] {logging_mixin.py:190} INFO - [2024-10-23T04:45:13.697+0000] {dag.py:4180} INFO - Setting next_dagrun for example_skip_dag to 2024-10-22 00:00:00+00:00, run_after=2024-10-23 00:00:00+00:00
[2024-10-23T04:45:13.715+0000] {processor.py:208} INFO - Processing /home/airflow/.local/lib/python3.12/site-packages/airflow/example_dags/example_skip_dag.py took 0.103 seconds
[2024-10-23T07:11:52.124+0000] {processor.py:186} INFO - Started process (PID=34441) to work on /home/airflow/.local/lib/python3.12/site-packages/airflow/example_dags/example_skip_dag.py
[2024-10-23T07:11:52.126+0000] {processor.py:914} INFO - Processing file /home/airflow/.local/lib/python3.12/site-packages/airflow/example_dags/example_skip_dag.py for tasks to queue
[2024-10-23T07:11:52.128+0000] {logging_mixin.py:190} INFO - [2024-10-23T07:11:52.127+0000] {dagbag.py:588} INFO - Filling up the DagBag from /home/airflow/.local/lib/python3.12/site-packages/airflow/example_dags/example_skip_dag.py
[2024-10-23T07:11:52.147+0000] {processor.py:925} INFO - DAG(s) 'example_skip_dag' retrieved from /home/airflow/.local/lib/python3.12/site-packages/airflow/example_dags/example_skip_dag.py
[2024-10-23T07:11:52.169+0000] {logging_mixin.py:190} INFO - [2024-10-23T07:11:52.169+0000] {dag.py:3239} INFO - Sync 1 DAGs
[2024-10-23T07:11:52.189+0000] {logging_mixin.py:190} INFO - [2024-10-23T07:11:52.189+0000] {dag.py:4180} INFO - Setting next_dagrun for example_skip_dag to 2024-10-22 00:00:00+00:00, run_after=2024-10-23 00:00:00+00:00
[2024-10-23T07:11:52.211+0000] {processor.py:208} INFO - Processing /home/airflow/.local/lib/python3.12/site-packages/airflow/example_dags/example_skip_dag.py took 0.094 seconds
[2024-10-23T07:12:22.549+0000] {processor.py:186} INFO - Started process (PID=34504) to work on /home/airflow/.local/lib/python3.12/site-packages/airflow/example_dags/example_skip_dag.py
[2024-10-23T07:12:22.552+0000] {processor.py:914} INFO - Processing file /home/airflow/.local/lib/python3.12/site-packages/airflow/example_dags/example_skip_dag.py for tasks to queue
[2024-10-23T07:12:22.554+0000] {logging_mixin.py:190} INFO - [2024-10-23T07:12:22.554+0000] {dagbag.py:588} INFO - Filling up the DagBag from /home/airflow/.local/lib/python3.12/site-packages/airflow/example_dags/example_skip_dag.py
[2024-10-23T07:12:22.564+0000] {processor.py:925} INFO - DAG(s) 'example_skip_dag' retrieved from /home/airflow/.local/lib/python3.12/site-packages/airflow/example_dags/example_skip_dag.py
[2024-10-23T07:12:22.582+0000] {logging_mixin.py:190} INFO - [2024-10-23T07:12:22.582+0000] {dag.py:3239} INFO - Sync 1 DAGs
[2024-10-23T07:12:22.600+0000] {logging_mixin.py:190} INFO - [2024-10-23T07:12:22.600+0000] {dag.py:4180} INFO - Setting next_dagrun for example_skip_dag to 2024-10-22 00:00:00+00:00, run_after=2024-10-23 00:00:00+00:00
[2024-10-23T07:12:22.613+0000] {processor.py:208} INFO - Processing /home/airflow/.local/lib/python3.12/site-packages/airflow/example_dags/example_skip_dag.py took 0.071 seconds
[2024-10-23T07:12:53.330+0000] {processor.py:186} INFO - Started process (PID=34567) to work on /home/airflow/.local/lib/python3.12/site-packages/airflow/example_dags/example_skip_dag.py
[2024-10-23T07:12:53.332+0000] {processor.py:914} INFO - Processing file /home/airflow/.local/lib/python3.12/site-packages/airflow/example_dags/example_skip_dag.py for tasks to queue
[2024-10-23T07:12:53.336+0000] {logging_mixin.py:190} INFO - [2024-10-23T07:12:53.336+0000] {dagbag.py:588} INFO - Filling up the DagBag from /home/airflow/.local/lib/python3.12/site-packages/airflow/example_dags/example_skip_dag.py
[2024-10-23T07:12:53.346+0000] {processor.py:925} INFO - DAG(s) 'example_skip_dag' retrieved from /home/airflow/.local/lib/python3.12/site-packages/airflow/example_dags/example_skip_dag.py
[2024-10-23T07:12:53.374+0000] {logging_mixin.py:190} INFO - [2024-10-23T07:12:53.374+0000] {dag.py:3239} INFO - Sync 1 DAGs
[2024-10-23T07:12:53.409+0000] {logging_mixin.py:190} INFO - [2024-10-23T07:12:53.409+0000] {dag.py:4180} INFO - Setting next_dagrun for example_skip_dag to 2024-10-22 00:00:00+00:00, run_after=2024-10-23 00:00:00+00:00
[2024-10-23T07:12:53.430+0000] {processor.py:208} INFO - Processing /home/airflow/.local/lib/python3.12/site-packages/airflow/example_dags/example_skip_dag.py took 0.111 seconds
[2024-10-23T07:13:24.359+0000] {processor.py:186} INFO - Started process (PID=34630) to work on /home/airflow/.local/lib/python3.12/site-packages/airflow/example_dags/example_skip_dag.py
[2024-10-23T07:13:24.360+0000] {processor.py:914} INFO - Processing file /home/airflow/.local/lib/python3.12/site-packages/airflow/example_dags/example_skip_dag.py for tasks to queue
[2024-10-23T07:13:24.361+0000] {logging_mixin.py:190} INFO - [2024-10-23T07:13:24.361+0000] {dagbag.py:588} INFO - Filling up the DagBag from /home/airflow/.local/lib/python3.12/site-packages/airflow/example_dags/example_skip_dag.py
[2024-10-23T07:13:24.371+0000] {processor.py:925} INFO - DAG(s) 'example_skip_dag' retrieved from /home/airflow/.local/lib/python3.12/site-packages/airflow/example_dags/example_skip_dag.py
[2024-10-23T07:13:24.393+0000] {logging_mixin.py:190} INFO - [2024-10-23T07:13:24.393+0000] {dag.py:3239} INFO - Sync 1 DAGs
[2024-10-23T07:13:24.563+0000] {logging_mixin.py:190} INFO - [2024-10-23T07:13:24.563+0000] {dag.py:4180} INFO - Setting next_dagrun for example_skip_dag to 2024-10-22 00:00:00+00:00, run_after=2024-10-23 00:00:00+00:00
[2024-10-23T07:13:24.579+0000] {processor.py:208} INFO - Processing /home/airflow/.local/lib/python3.12/site-packages/airflow/example_dags/example_skip_dag.py took 0.226 seconds
[2024-10-23T07:13:54.877+0000] {processor.py:186} INFO - Started process (PID=34693) to work on /home/airflow/.local/lib/python3.12/site-packages/airflow/example_dags/example_skip_dag.py
[2024-10-23T07:13:54.879+0000] {processor.py:914} INFO - Processing file /home/airflow/.local/lib/python3.12/site-packages/airflow/example_dags/example_skip_dag.py for tasks to queue
[2024-10-23T07:13:54.880+0000] {logging_mixin.py:190} INFO - [2024-10-23T07:13:54.879+0000] {dagbag.py:588} INFO - Filling up the DagBag from /home/airflow/.local/lib/python3.12/site-packages/airflow/example_dags/example_skip_dag.py
[2024-10-23T07:13:54.888+0000] {processor.py:925} INFO - DAG(s) 'example_skip_dag' retrieved from /home/airflow/.local/lib/python3.12/site-packages/airflow/example_dags/example_skip_dag.py
[2024-10-23T07:13:54.906+0000] {logging_mixin.py:190} INFO - [2024-10-23T07:13:54.906+0000] {dag.py:3239} INFO - Sync 1 DAGs
[2024-10-23T07:13:54.932+0000] {logging_mixin.py:190} INFO - [2024-10-23T07:13:54.932+0000] {dag.py:4180} INFO - Setting next_dagrun for example_skip_dag to 2024-10-22 00:00:00+00:00, run_after=2024-10-23 00:00:00+00:00
[2024-10-23T07:13:55.231+0000] {processor.py:208} INFO - Processing /home/airflow/.local/lib/python3.12/site-packages/airflow/example_dags/example_skip_dag.py took 0.361 seconds
[2024-10-23T07:14:25.936+0000] {processor.py:186} INFO - Started process (PID=34756) to work on /home/airflow/.local/lib/python3.12/site-packages/airflow/example_dags/example_skip_dag.py
[2024-10-23T07:14:25.937+0000] {processor.py:914} INFO - Processing file /home/airflow/.local/lib/python3.12/site-packages/airflow/example_dags/example_skip_dag.py for tasks to queue
[2024-10-23T07:14:25.939+0000] {logging_mixin.py:190} INFO - [2024-10-23T07:14:25.939+0000] {dagbag.py:588} INFO - Filling up the DagBag from /home/airflow/.local/lib/python3.12/site-packages/airflow/example_dags/example_skip_dag.py
[2024-10-23T07:14:25.958+0000] {processor.py:925} INFO - DAG(s) 'example_skip_dag' retrieved from /home/airflow/.local/lib/python3.12/site-packages/airflow/example_dags/example_skip_dag.py
[2024-10-23T07:14:26.016+0000] {logging_mixin.py:190} INFO - [2024-10-23T07:14:26.015+0000] {dag.py:3239} INFO - Sync 1 DAGs
[2024-10-23T07:14:26.052+0000] {logging_mixin.py:190} INFO - [2024-10-23T07:14:26.051+0000] {dag.py:4180} INFO - Setting next_dagrun for example_skip_dag to 2024-10-22 00:00:00+00:00, run_after=2024-10-23 00:00:00+00:00
[2024-10-23T07:14:26.553+0000] {processor.py:208} INFO - Processing /home/airflow/.local/lib/python3.12/site-packages/airflow/example_dags/example_skip_dag.py took 0.622 seconds
[2024-10-23T07:14:57.284+0000] {processor.py:186} INFO - Started process (PID=34819) to work on /home/airflow/.local/lib/python3.12/site-packages/airflow/example_dags/example_skip_dag.py
[2024-10-23T07:14:57.291+0000] {processor.py:914} INFO - Processing file /home/airflow/.local/lib/python3.12/site-packages/airflow/example_dags/example_skip_dag.py for tasks to queue
[2024-10-23T07:14:57.293+0000] {logging_mixin.py:190} INFO - [2024-10-23T07:14:57.293+0000] {dagbag.py:588} INFO - Filling up the DagBag from /home/airflow/.local/lib/python3.12/site-packages/airflow/example_dags/example_skip_dag.py
[2024-10-23T07:14:57.299+0000] {processor.py:925} INFO - DAG(s) 'example_skip_dag' retrieved from /home/airflow/.local/lib/python3.12/site-packages/airflow/example_dags/example_skip_dag.py
[2024-10-23T07:14:57.315+0000] {logging_mixin.py:190} INFO - [2024-10-23T07:14:57.315+0000] {dag.py:3239} INFO - Sync 1 DAGs
[2024-10-23T07:14:57.333+0000] {logging_mixin.py:190} INFO - [2024-10-23T07:14:57.333+0000] {dag.py:4180} INFO - Setting next_dagrun for example_skip_dag to 2024-10-22 00:00:00+00:00, run_after=2024-10-23 00:00:00+00:00
[2024-10-23T07:14:57.349+0000] {processor.py:208} INFO - Processing /home/airflow/.local/lib/python3.12/site-packages/airflow/example_dags/example_skip_dag.py took 0.073 seconds
[2024-10-23T07:15:27.697+0000] {processor.py:186} INFO - Started process (PID=34881) to work on /home/airflow/.local/lib/python3.12/site-packages/airflow/example_dags/example_skip_dag.py
[2024-10-23T07:15:27.700+0000] {processor.py:914} INFO - Processing file /home/airflow/.local/lib/python3.12/site-packages/airflow/example_dags/example_skip_dag.py for tasks to queue
[2024-10-23T07:15:27.703+0000] {logging_mixin.py:190} INFO - [2024-10-23T07:15:27.702+0000] {dagbag.py:588} INFO - Filling up the DagBag from /home/airflow/.local/lib/python3.12/site-packages/airflow/example_dags/example_skip_dag.py
[2024-10-23T07:15:27.722+0000] {processor.py:925} INFO - DAG(s) 'example_skip_dag' retrieved from /home/airflow/.local/lib/python3.12/site-packages/airflow/example_dags/example_skip_dag.py
[2024-10-23T07:15:27.996+0000] {logging_mixin.py:190} INFO - [2024-10-23T07:15:27.996+0000] {dag.py:3239} INFO - Sync 1 DAGs
[2024-10-23T07:15:28.037+0000] {logging_mixin.py:190} INFO - [2024-10-23T07:15:28.037+0000] {dag.py:4180} INFO - Setting next_dagrun for example_skip_dag to 2024-10-22 00:00:00+00:00, run_after=2024-10-23 00:00:00+00:00
[2024-10-23T07:15:28.072+0000] {processor.py:208} INFO - Processing /home/airflow/.local/lib/python3.12/site-packages/airflow/example_dags/example_skip_dag.py took 0.396 seconds
[2024-10-23T07:15:58.726+0000] {processor.py:186} INFO - Started process (PID=34945) to work on /home/airflow/.local/lib/python3.12/site-packages/airflow/example_dags/example_skip_dag.py
[2024-10-23T07:15:58.733+0000] {processor.py:914} INFO - Processing file /home/airflow/.local/lib/python3.12/site-packages/airflow/example_dags/example_skip_dag.py for tasks to queue
[2024-10-23T07:15:58.735+0000] {logging_mixin.py:190} INFO - [2024-10-23T07:15:58.735+0000] {dagbag.py:588} INFO - Filling up the DagBag from /home/airflow/.local/lib/python3.12/site-packages/airflow/example_dags/example_skip_dag.py
[2024-10-23T07:15:58.746+0000] {processor.py:925} INFO - DAG(s) 'example_skip_dag' retrieved from /home/airflow/.local/lib/python3.12/site-packages/airflow/example_dags/example_skip_dag.py
[2024-10-23T07:15:58.773+0000] {logging_mixin.py:190} INFO - [2024-10-23T07:15:58.773+0000] {dag.py:3239} INFO - Sync 1 DAGs
[2024-10-23T07:15:58.802+0000] {logging_mixin.py:190} INFO - [2024-10-23T07:15:58.802+0000] {dag.py:4180} INFO - Setting next_dagrun for example_skip_dag to 2024-10-22 00:00:00+00:00, run_after=2024-10-23 00:00:00+00:00
[2024-10-23T07:15:58.817+0000] {processor.py:208} INFO - Processing /home/airflow/.local/lib/python3.12/site-packages/airflow/example_dags/example_skip_dag.py took 0.099 seconds
[2024-10-23T07:16:28.945+0000] {processor.py:186} INFO - Started process (PID=35008) to work on /home/airflow/.local/lib/python3.12/site-packages/airflow/example_dags/example_skip_dag.py
[2024-10-23T07:16:28.946+0000] {processor.py:914} INFO - Processing file /home/airflow/.local/lib/python3.12/site-packages/airflow/example_dags/example_skip_dag.py for tasks to queue
[2024-10-23T07:16:28.948+0000] {logging_mixin.py:190} INFO - [2024-10-23T07:16:28.948+0000] {dagbag.py:588} INFO - Filling up the DagBag from /home/airflow/.local/lib/python3.12/site-packages/airflow/example_dags/example_skip_dag.py
[2024-10-23T07:16:28.958+0000] {processor.py:925} INFO - DAG(s) 'example_skip_dag' retrieved from /home/airflow/.local/lib/python3.12/site-packages/airflow/example_dags/example_skip_dag.py
[2024-10-23T07:16:28.988+0000] {logging_mixin.py:190} INFO - [2024-10-23T07:16:28.988+0000] {dag.py:3239} INFO - Sync 1 DAGs
[2024-10-23T07:16:29.014+0000] {logging_mixin.py:190} INFO - [2024-10-23T07:16:29.014+0000] {dag.py:4180} INFO - Setting next_dagrun for example_skip_dag to 2024-10-22 00:00:00+00:00, run_after=2024-10-23 00:00:00+00:00
[2024-10-23T07:16:29.028+0000] {processor.py:208} INFO - Processing /home/airflow/.local/lib/python3.12/site-packages/airflow/example_dags/example_skip_dag.py took 0.093 seconds
[2024-10-23T07:16:59.128+0000] {processor.py:186} INFO - Started process (PID=35070) to work on /home/airflow/.local/lib/python3.12/site-packages/airflow/example_dags/example_skip_dag.py
[2024-10-23T07:16:59.130+0000] {processor.py:914} INFO - Processing file /home/airflow/.local/lib/python3.12/site-packages/airflow/example_dags/example_skip_dag.py for tasks to queue
[2024-10-23T07:16:59.132+0000] {logging_mixin.py:190} INFO - [2024-10-23T07:16:59.131+0000] {dagbag.py:588} INFO - Filling up the DagBag from /home/airflow/.local/lib/python3.12/site-packages/airflow/example_dags/example_skip_dag.py
[2024-10-23T07:16:59.142+0000] {processor.py:925} INFO - DAG(s) 'example_skip_dag' retrieved from /home/airflow/.local/lib/python3.12/site-packages/airflow/example_dags/example_skip_dag.py
[2024-10-23T07:16:59.174+0000] {logging_mixin.py:190} INFO - [2024-10-23T07:16:59.174+0000] {dag.py:3239} INFO - Sync 1 DAGs
[2024-10-23T07:16:59.201+0000] {logging_mixin.py:190} INFO - [2024-10-23T07:16:59.201+0000] {dag.py:4180} INFO - Setting next_dagrun for example_skip_dag to 2024-10-22 00:00:00+00:00, run_after=2024-10-23 00:00:00+00:00
[2024-10-23T07:16:59.218+0000] {processor.py:208} INFO - Processing /home/airflow/.local/lib/python3.12/site-packages/airflow/example_dags/example_skip_dag.py took 0.097 seconds
[2024-10-23T07:17:29.322+0000] {processor.py:186} INFO - Started process (PID=35133) to work on /home/airflow/.local/lib/python3.12/site-packages/airflow/example_dags/example_skip_dag.py
[2024-10-23T07:17:29.324+0000] {processor.py:914} INFO - Processing file /home/airflow/.local/lib/python3.12/site-packages/airflow/example_dags/example_skip_dag.py for tasks to queue
[2024-10-23T07:17:29.325+0000] {logging_mixin.py:190} INFO - [2024-10-23T07:17:29.325+0000] {dagbag.py:588} INFO - Filling up the DagBag from /home/airflow/.local/lib/python3.12/site-packages/airflow/example_dags/example_skip_dag.py
[2024-10-23T07:17:29.333+0000] {processor.py:925} INFO - DAG(s) 'example_skip_dag' retrieved from /home/airflow/.local/lib/python3.12/site-packages/airflow/example_dags/example_skip_dag.py
[2024-10-23T07:17:29.353+0000] {logging_mixin.py:190} INFO - [2024-10-23T07:17:29.353+0000] {dag.py:3239} INFO - Sync 1 DAGs
[2024-10-23T07:17:29.371+0000] {logging_mixin.py:190} INFO - [2024-10-23T07:17:29.370+0000] {dag.py:4180} INFO - Setting next_dagrun for example_skip_dag to 2024-10-22 00:00:00+00:00, run_after=2024-10-23 00:00:00+00:00
[2024-10-23T07:17:29.381+0000] {processor.py:208} INFO - Processing /home/airflow/.local/lib/python3.12/site-packages/airflow/example_dags/example_skip_dag.py took 0.070 seconds
[2024-10-23T07:17:59.848+0000] {processor.py:186} INFO - Started process (PID=35197) to work on /home/airflow/.local/lib/python3.12/site-packages/airflow/example_dags/example_skip_dag.py
[2024-10-23T07:17:59.855+0000] {processor.py:914} INFO - Processing file /home/airflow/.local/lib/python3.12/site-packages/airflow/example_dags/example_skip_dag.py for tasks to queue
[2024-10-23T07:17:59.858+0000] {logging_mixin.py:190} INFO - [2024-10-23T07:17:59.857+0000] {dagbag.py:588} INFO - Filling up the DagBag from /home/airflow/.local/lib/python3.12/site-packages/airflow/example_dags/example_skip_dag.py
[2024-10-23T07:17:59.869+0000] {processor.py:925} INFO - DAG(s) 'example_skip_dag' retrieved from /home/airflow/.local/lib/python3.12/site-packages/airflow/example_dags/example_skip_dag.py
[2024-10-23T07:17:59.886+0000] {logging_mixin.py:190} INFO - [2024-10-23T07:17:59.886+0000] {dag.py:3239} INFO - Sync 1 DAGs
[2024-10-23T07:17:59.903+0000] {logging_mixin.py:190} INFO - [2024-10-23T07:17:59.903+0000] {dag.py:4180} INFO - Setting next_dagrun for example_skip_dag to 2024-10-22 00:00:00+00:00, run_after=2024-10-23 00:00:00+00:00
[2024-10-23T07:17:59.919+0000] {processor.py:208} INFO - Processing /home/airflow/.local/lib/python3.12/site-packages/airflow/example_dags/example_skip_dag.py took 0.076 seconds
[2024-10-23T07:18:30.523+0000] {processor.py:186} INFO - Started process (PID=35260) to work on /home/airflow/.local/lib/python3.12/site-packages/airflow/example_dags/example_skip_dag.py
[2024-10-23T07:18:30.526+0000] {processor.py:914} INFO - Processing file /home/airflow/.local/lib/python3.12/site-packages/airflow/example_dags/example_skip_dag.py for tasks to queue
[2024-10-23T07:18:30.530+0000] {logging_mixin.py:190} INFO - [2024-10-23T07:18:30.530+0000] {dagbag.py:588} INFO - Filling up the DagBag from /home/airflow/.local/lib/python3.12/site-packages/airflow/example_dags/example_skip_dag.py
[2024-10-23T07:18:30.539+0000] {processor.py:925} INFO - DAG(s) 'example_skip_dag' retrieved from /home/airflow/.local/lib/python3.12/site-packages/airflow/example_dags/example_skip_dag.py
[2024-10-23T07:18:30.558+0000] {logging_mixin.py:190} INFO - [2024-10-23T07:18:30.558+0000] {dag.py:3239} INFO - Sync 1 DAGs
[2024-10-23T07:18:30.575+0000] {logging_mixin.py:190} INFO - [2024-10-23T07:18:30.575+0000] {dag.py:4180} INFO - Setting next_dagrun for example_skip_dag to 2024-10-22 00:00:00+00:00, run_after=2024-10-23 00:00:00+00:00
[2024-10-23T07:18:30.590+0000] {processor.py:208} INFO - Processing /home/airflow/.local/lib/python3.12/site-packages/airflow/example_dags/example_skip_dag.py took 0.075 seconds
[2024-10-23T07:19:01.048+0000] {processor.py:186} INFO - Started process (PID=35323) to work on /home/airflow/.local/lib/python3.12/site-packages/airflow/example_dags/example_skip_dag.py
[2024-10-23T07:19:01.049+0000] {processor.py:914} INFO - Processing file /home/airflow/.local/lib/python3.12/site-packages/airflow/example_dags/example_skip_dag.py for tasks to queue
[2024-10-23T07:19:01.050+0000] {logging_mixin.py:190} INFO - [2024-10-23T07:19:01.050+0000] {dagbag.py:588} INFO - Filling up the DagBag from /home/airflow/.local/lib/python3.12/site-packages/airflow/example_dags/example_skip_dag.py
[2024-10-23T07:19:01.060+0000] {processor.py:925} INFO - DAG(s) 'example_skip_dag' retrieved from /home/airflow/.local/lib/python3.12/site-packages/airflow/example_dags/example_skip_dag.py
[2024-10-23T07:19:01.086+0000] {logging_mixin.py:190} INFO - [2024-10-23T07:19:01.086+0000] {dag.py:3239} INFO - Sync 1 DAGs
[2024-10-23T07:19:01.107+0000] {logging_mixin.py:190} INFO - [2024-10-23T07:19:01.107+0000] {dag.py:4180} INFO - Setting next_dagrun for example_skip_dag to 2024-10-22 00:00:00+00:00, run_after=2024-10-23 00:00:00+00:00
[2024-10-23T07:19:01.119+0000] {processor.py:208} INFO - Processing /home/airflow/.local/lib/python3.12/site-packages/airflow/example_dags/example_skip_dag.py took 0.078 seconds
[2024-10-23T07:19:31.714+0000] {processor.py:186} INFO - Started process (PID=35389) to work on /home/airflow/.local/lib/python3.12/site-packages/airflow/example_dags/example_skip_dag.py
[2024-10-23T07:19:31.718+0000] {processor.py:914} INFO - Processing file /home/airflow/.local/lib/python3.12/site-packages/airflow/example_dags/example_skip_dag.py for tasks to queue
[2024-10-23T07:19:31.721+0000] {logging_mixin.py:190} INFO - [2024-10-23T07:19:31.721+0000] {dagbag.py:588} INFO - Filling up the DagBag from /home/airflow/.local/lib/python3.12/site-packages/airflow/example_dags/example_skip_dag.py
[2024-10-23T07:19:31.744+0000] {processor.py:925} INFO - DAG(s) 'example_skip_dag' retrieved from /home/airflow/.local/lib/python3.12/site-packages/airflow/example_dags/example_skip_dag.py
[2024-10-23T07:19:31.790+0000] {logging_mixin.py:190} INFO - [2024-10-23T07:19:31.789+0000] {dag.py:3239} INFO - Sync 1 DAGs
[2024-10-23T07:19:31.834+0000] {logging_mixin.py:190} INFO - [2024-10-23T07:19:31.834+0000] {dag.py:4180} INFO - Setting next_dagrun for example_skip_dag to 2024-10-22 00:00:00+00:00, run_after=2024-10-23 00:00:00+00:00
[2024-10-23T07:19:31.852+0000] {processor.py:208} INFO - Processing /home/airflow/.local/lib/python3.12/site-packages/airflow/example_dags/example_skip_dag.py took 0.172 seconds
