[2024-10-23T02:32:07.230+0000] {processor.py:186} INFO - Started process (PID=13742) to work on /home/airflow/.local/lib/python3.12/site-packages/airflow/example_dags/example_inlet_event_extra.py
[2024-10-23T02:32:07.231+0000] {processor.py:914} INFO - Processing file /home/airflow/.local/lib/python3.12/site-packages/airflow/example_dags/example_inlet_event_extra.py for tasks to queue
[2024-10-23T02:32:07.232+0000] {logging_mixin.py:190} INFO - [2024-10-23T02:32:07.232+0000] {dagbag.py:588} INFO - Filling up the DagBag from /home/airflow/.local/lib/python3.12/site-packages/airflow/example_dags/example_inlet_event_extra.py
[2024-10-23T02:32:07.440+0000] {processor.py:925} INFO - DAG(s) 'read_dataset_event_from_classic', 'read_dataset_event' retrieved from /home/airflow/.local/lib/python3.12/site-packages/airflow/example_dags/example_inlet_event_extra.py
[2024-10-23T02:32:07.473+0000] {logging_mixin.py:190} INFO - [2024-10-23T02:32:07.473+0000] {dag.py:3239} INFO - Sync 2 DAGs
[2024-10-23T02:32:07.514+0000] {logging_mixin.py:190} INFO - [2024-10-23T02:32:07.514+0000] {dag.py:4180} INFO - Setting next_dagrun for read_dataset_event to 2024-10-22 00:00:00+00:00, run_after=2024-10-23 00:00:00+00:00
[2024-10-23T02:32:07.519+0000] {logging_mixin.py:190} INFO - [2024-10-23T02:32:07.519+0000] {dag.py:4180} INFO - Setting next_dagrun for read_dataset_event_from_classic to 2024-10-22 00:00:00+00:00, run_after=2024-10-23 00:00:00+00:00
[2024-10-23T02:32:07.535+0000] {processor.py:208} INFO - Processing /home/airflow/.local/lib/python3.12/site-packages/airflow/example_dags/example_inlet_event_extra.py took 0.315 seconds
[2024-10-23T04:23:44.994+0000] {processor.py:186} INFO - Started process (PID=13805) to work on /home/airflow/.local/lib/python3.12/site-packages/airflow/example_dags/example_inlet_event_extra.py
[2024-10-23T04:23:44.995+0000] {processor.py:914} INFO - Processing file /home/airflow/.local/lib/python3.12/site-packages/airflow/example_dags/example_inlet_event_extra.py for tasks to queue
[2024-10-23T04:23:44.997+0000] {logging_mixin.py:190} INFO - [2024-10-23T04:23:44.997+0000] {dagbag.py:588} INFO - Filling up the DagBag from /home/airflow/.local/lib/python3.12/site-packages/airflow/example_dags/example_inlet_event_extra.py
[2024-10-23T04:23:45.170+0000] {processor.py:925} INFO - DAG(s) 'read_dataset_event_from_classic', 'read_dataset_event' retrieved from /home/airflow/.local/lib/python3.12/site-packages/airflow/example_dags/example_inlet_event_extra.py
[2024-10-23T04:23:45.205+0000] {logging_mixin.py:190} INFO - [2024-10-23T04:23:45.205+0000] {dag.py:3239} INFO - Sync 2 DAGs
[2024-10-23T04:23:45.250+0000] {logging_mixin.py:190} INFO - [2024-10-23T04:23:45.250+0000] {dag.py:4180} INFO - Setting next_dagrun for read_dataset_event to 2024-10-22 00:00:00+00:00, run_after=2024-10-23 00:00:00+00:00
[2024-10-23T04:23:45.253+0000] {logging_mixin.py:190} INFO - [2024-10-23T04:23:45.253+0000] {dag.py:4180} INFO - Setting next_dagrun for read_dataset_event_from_classic to 2024-10-22 00:00:00+00:00, run_after=2024-10-23 00:00:00+00:00
[2024-10-23T04:23:45.274+0000] {processor.py:208} INFO - Processing /home/airflow/.local/lib/python3.12/site-packages/airflow/example_dags/example_inlet_event_extra.py took 0.287 seconds
[2024-10-23T04:24:16.242+0000] {processor.py:186} INFO - Started process (PID=13868) to work on /home/airflow/.local/lib/python3.12/site-packages/airflow/example_dags/example_inlet_event_extra.py
[2024-10-23T04:24:16.245+0000] {processor.py:914} INFO - Processing file /home/airflow/.local/lib/python3.12/site-packages/airflow/example_dags/example_inlet_event_extra.py for tasks to queue
[2024-10-23T04:24:16.246+0000] {logging_mixin.py:190} INFO - [2024-10-23T04:24:16.246+0000] {dagbag.py:588} INFO - Filling up the DagBag from /home/airflow/.local/lib/python3.12/site-packages/airflow/example_dags/example_inlet_event_extra.py
[2024-10-23T04:24:16.398+0000] {processor.py:925} INFO - DAG(s) 'read_dataset_event_from_classic', 'read_dataset_event' retrieved from /home/airflow/.local/lib/python3.12/site-packages/airflow/example_dags/example_inlet_event_extra.py
[2024-10-23T04:24:16.423+0000] {logging_mixin.py:190} INFO - [2024-10-23T04:24:16.423+0000] {dag.py:3239} INFO - Sync 2 DAGs
[2024-10-23T04:24:16.445+0000] {logging_mixin.py:190} INFO - [2024-10-23T04:24:16.445+0000] {dag.py:4180} INFO - Setting next_dagrun for read_dataset_event to 2024-10-22 00:00:00+00:00, run_after=2024-10-23 00:00:00+00:00
[2024-10-23T04:24:16.450+0000] {logging_mixin.py:190} INFO - [2024-10-23T04:24:16.450+0000] {dag.py:4180} INFO - Setting next_dagrun for read_dataset_event_from_classic to 2024-10-22 00:00:00+00:00, run_after=2024-10-23 00:00:00+00:00
[2024-10-23T04:24:16.469+0000] {processor.py:208} INFO - Processing /home/airflow/.local/lib/python3.12/site-packages/airflow/example_dags/example_inlet_event_extra.py took 0.233 seconds
[2024-10-23T04:24:46.839+0000] {processor.py:186} INFO - Started process (PID=13931) to work on /home/airflow/.local/lib/python3.12/site-packages/airflow/example_dags/example_inlet_event_extra.py
[2024-10-23T04:24:46.840+0000] {processor.py:914} INFO - Processing file /home/airflow/.local/lib/python3.12/site-packages/airflow/example_dags/example_inlet_event_extra.py for tasks to queue
[2024-10-23T04:24:46.841+0000] {logging_mixin.py:190} INFO - [2024-10-23T04:24:46.840+0000] {dagbag.py:588} INFO - Filling up the DagBag from /home/airflow/.local/lib/python3.12/site-packages/airflow/example_dags/example_inlet_event_extra.py
[2024-10-23T04:24:46.988+0000] {processor.py:925} INFO - DAG(s) 'read_dataset_event', 'read_dataset_event_from_classic' retrieved from /home/airflow/.local/lib/python3.12/site-packages/airflow/example_dags/example_inlet_event_extra.py
[2024-10-23T04:24:47.014+0000] {logging_mixin.py:190} INFO - [2024-10-23T04:24:47.013+0000] {dag.py:3239} INFO - Sync 2 DAGs
[2024-10-23T04:24:47.036+0000] {logging_mixin.py:190} INFO - [2024-10-23T04:24:47.036+0000] {dag.py:4180} INFO - Setting next_dagrun for read_dataset_event to 2024-10-22 00:00:00+00:00, run_after=2024-10-23 00:00:00+00:00
[2024-10-23T04:24:47.044+0000] {logging_mixin.py:190} INFO - [2024-10-23T04:24:47.044+0000] {dag.py:4180} INFO - Setting next_dagrun for read_dataset_event_from_classic to 2024-10-22 00:00:00+00:00, run_after=2024-10-23 00:00:00+00:00
[2024-10-23T04:24:47.059+0000] {processor.py:208} INFO - Processing /home/airflow/.local/lib/python3.12/site-packages/airflow/example_dags/example_inlet_event_extra.py took 0.226 seconds
[2024-10-23T04:25:17.376+0000] {processor.py:186} INFO - Started process (PID=13995) to work on /home/airflow/.local/lib/python3.12/site-packages/airflow/example_dags/example_inlet_event_extra.py
[2024-10-23T04:25:17.377+0000] {processor.py:914} INFO - Processing file /home/airflow/.local/lib/python3.12/site-packages/airflow/example_dags/example_inlet_event_extra.py for tasks to queue
[2024-10-23T04:25:17.378+0000] {logging_mixin.py:190} INFO - [2024-10-23T04:25:17.378+0000] {dagbag.py:588} INFO - Filling up the DagBag from /home/airflow/.local/lib/python3.12/site-packages/airflow/example_dags/example_inlet_event_extra.py
[2024-10-23T04:25:17.486+0000] {processor.py:925} INFO - DAG(s) 'read_dataset_event', 'read_dataset_event_from_classic' retrieved from /home/airflow/.local/lib/python3.12/site-packages/airflow/example_dags/example_inlet_event_extra.py
[2024-10-23T04:25:17.517+0000] {logging_mixin.py:190} INFO - [2024-10-23T04:25:17.517+0000] {dag.py:3239} INFO - Sync 2 DAGs
[2024-10-23T04:25:17.538+0000] {logging_mixin.py:190} INFO - [2024-10-23T04:25:17.538+0000] {dag.py:4180} INFO - Setting next_dagrun for read_dataset_event to 2024-10-22 00:00:00+00:00, run_after=2024-10-23 00:00:00+00:00
[2024-10-23T04:25:17.541+0000] {logging_mixin.py:190} INFO - [2024-10-23T04:25:17.541+0000] {dag.py:4180} INFO - Setting next_dagrun for read_dataset_event_from_classic to 2024-10-22 00:00:00+00:00, run_after=2024-10-23 00:00:00+00:00
[2024-10-23T04:25:17.551+0000] {processor.py:208} INFO - Processing /home/airflow/.local/lib/python3.12/site-packages/airflow/example_dags/example_inlet_event_extra.py took 0.179 seconds
[2024-10-23T04:25:48.198+0000] {processor.py:186} INFO - Started process (PID=14059) to work on /home/airflow/.local/lib/python3.12/site-packages/airflow/example_dags/example_inlet_event_extra.py
[2024-10-23T04:25:48.202+0000] {processor.py:914} INFO - Processing file /home/airflow/.local/lib/python3.12/site-packages/airflow/example_dags/example_inlet_event_extra.py for tasks to queue
[2024-10-23T04:25:48.203+0000] {logging_mixin.py:190} INFO - [2024-10-23T04:25:48.203+0000] {dagbag.py:588} INFO - Filling up the DagBag from /home/airflow/.local/lib/python3.12/site-packages/airflow/example_dags/example_inlet_event_extra.py
[2024-10-23T04:25:48.304+0000] {processor.py:925} INFO - DAG(s) 'read_dataset_event', 'read_dataset_event_from_classic' retrieved from /home/airflow/.local/lib/python3.12/site-packages/airflow/example_dags/example_inlet_event_extra.py
[2024-10-23T04:25:48.323+0000] {logging_mixin.py:190} INFO - [2024-10-23T04:25:48.321+0000] {dag.py:3239} INFO - Sync 2 DAGs
[2024-10-23T04:25:48.342+0000] {logging_mixin.py:190} INFO - [2024-10-23T04:25:48.341+0000] {dag.py:4180} INFO - Setting next_dagrun for read_dataset_event to 2024-10-22 00:00:00+00:00, run_after=2024-10-23 00:00:00+00:00
[2024-10-23T04:25:48.344+0000] {logging_mixin.py:190} INFO - [2024-10-23T04:25:48.344+0000] {dag.py:4180} INFO - Setting next_dagrun for read_dataset_event_from_classic to 2024-10-22 00:00:00+00:00, run_after=2024-10-23 00:00:00+00:00
[2024-10-23T04:25:48.354+0000] {processor.py:208} INFO - Processing /home/airflow/.local/lib/python3.12/site-packages/airflow/example_dags/example_inlet_event_extra.py took 0.160 seconds
[2024-10-23T04:26:19.741+0000] {processor.py:186} INFO - Started process (PID=14120) to work on /home/airflow/.local/lib/python3.12/site-packages/airflow/example_dags/example_inlet_event_extra.py
[2024-10-23T04:26:19.749+0000] {processor.py:914} INFO - Processing file /home/airflow/.local/lib/python3.12/site-packages/airflow/example_dags/example_inlet_event_extra.py for tasks to queue
[2024-10-23T04:26:19.757+0000] {logging_mixin.py:190} INFO - [2024-10-23T04:26:19.757+0000] {dagbag.py:588} INFO - Filling up the DagBag from /home/airflow/.local/lib/python3.12/site-packages/airflow/example_dags/example_inlet_event_extra.py
[2024-10-23T04:26:19.891+0000] {processor.py:925} INFO - DAG(s) 'read_dataset_event_from_classic', 'read_dataset_event' retrieved from /home/airflow/.local/lib/python3.12/site-packages/airflow/example_dags/example_inlet_event_extra.py
[2024-10-23T04:26:19.908+0000] {logging_mixin.py:190} INFO - [2024-10-23T04:26:19.908+0000] {dag.py:3239} INFO - Sync 2 DAGs
[2024-10-23T04:26:19.924+0000] {logging_mixin.py:190} INFO - [2024-10-23T04:26:19.924+0000] {dag.py:4180} INFO - Setting next_dagrun for read_dataset_event to 2024-10-22 00:00:00+00:00, run_after=2024-10-23 00:00:00+00:00
[2024-10-23T04:26:19.928+0000] {logging_mixin.py:190} INFO - [2024-10-23T04:26:19.928+0000] {dag.py:4180} INFO - Setting next_dagrun for read_dataset_event_from_classic to 2024-10-22 00:00:00+00:00, run_after=2024-10-23 00:00:00+00:00
[2024-10-23T04:26:19.940+0000] {processor.py:208} INFO - Processing /home/airflow/.local/lib/python3.12/site-packages/airflow/example_dags/example_inlet_event_extra.py took 0.207 seconds
[2024-10-23T04:26:50.341+0000] {processor.py:186} INFO - Started process (PID=14183) to work on /home/airflow/.local/lib/python3.12/site-packages/airflow/example_dags/example_inlet_event_extra.py
[2024-10-23T04:26:50.344+0000] {processor.py:914} INFO - Processing file /home/airflow/.local/lib/python3.12/site-packages/airflow/example_dags/example_inlet_event_extra.py for tasks to queue
[2024-10-23T04:26:50.345+0000] {logging_mixin.py:190} INFO - [2024-10-23T04:26:50.344+0000] {dagbag.py:588} INFO - Filling up the DagBag from /home/airflow/.local/lib/python3.12/site-packages/airflow/example_dags/example_inlet_event_extra.py
[2024-10-23T04:26:50.479+0000] {processor.py:925} INFO - DAG(s) 'read_dataset_event', 'read_dataset_event_from_classic' retrieved from /home/airflow/.local/lib/python3.12/site-packages/airflow/example_dags/example_inlet_event_extra.py
[2024-10-23T04:26:50.501+0000] {logging_mixin.py:190} INFO - [2024-10-23T04:26:50.500+0000] {dag.py:3239} INFO - Sync 2 DAGs
[2024-10-23T04:26:50.521+0000] {logging_mixin.py:190} INFO - [2024-10-23T04:26:50.521+0000] {dag.py:4180} INFO - Setting next_dagrun for read_dataset_event to 2024-10-22 00:00:00+00:00, run_after=2024-10-23 00:00:00+00:00
[2024-10-23T04:26:50.525+0000] {logging_mixin.py:190} INFO - [2024-10-23T04:26:50.525+0000] {dag.py:4180} INFO - Setting next_dagrun for read_dataset_event_from_classic to 2024-10-22 00:00:00+00:00, run_after=2024-10-23 00:00:00+00:00
[2024-10-23T04:26:50.535+0000] {processor.py:208} INFO - Processing /home/airflow/.local/lib/python3.12/site-packages/airflow/example_dags/example_inlet_event_extra.py took 0.199 seconds
[2024-10-23T04:27:20.660+0000] {processor.py:186} INFO - Started process (PID=14247) to work on /home/airflow/.local/lib/python3.12/site-packages/airflow/example_dags/example_inlet_event_extra.py
[2024-10-23T04:27:20.661+0000] {processor.py:914} INFO - Processing file /home/airflow/.local/lib/python3.12/site-packages/airflow/example_dags/example_inlet_event_extra.py for tasks to queue
[2024-10-23T04:27:20.661+0000] {logging_mixin.py:190} INFO - [2024-10-23T04:27:20.661+0000] {dagbag.py:588} INFO - Filling up the DagBag from /home/airflow/.local/lib/python3.12/site-packages/airflow/example_dags/example_inlet_event_extra.py
[2024-10-23T04:27:20.788+0000] {processor.py:925} INFO - DAG(s) 'read_dataset_event', 'read_dataset_event_from_classic' retrieved from /home/airflow/.local/lib/python3.12/site-packages/airflow/example_dags/example_inlet_event_extra.py
[2024-10-23T04:27:20.803+0000] {logging_mixin.py:190} INFO - [2024-10-23T04:27:20.803+0000] {dag.py:3239} INFO - Sync 2 DAGs
[2024-10-23T04:27:20.821+0000] {logging_mixin.py:190} INFO - [2024-10-23T04:27:20.821+0000] {dag.py:4180} INFO - Setting next_dagrun for read_dataset_event to 2024-10-22 00:00:00+00:00, run_after=2024-10-23 00:00:00+00:00
[2024-10-23T04:27:20.826+0000] {logging_mixin.py:190} INFO - [2024-10-23T04:27:20.825+0000] {dag.py:4180} INFO - Setting next_dagrun for read_dataset_event_from_classic to 2024-10-22 00:00:00+00:00, run_after=2024-10-23 00:00:00+00:00
[2024-10-23T04:27:20.837+0000] {processor.py:208} INFO - Processing /home/airflow/.local/lib/python3.12/site-packages/airflow/example_dags/example_inlet_event_extra.py took 0.181 seconds
[2024-10-23T04:27:51.295+0000] {processor.py:186} INFO - Started process (PID=14313) to work on /home/airflow/.local/lib/python3.12/site-packages/airflow/example_dags/example_inlet_event_extra.py
[2024-10-23T04:27:51.297+0000] {processor.py:914} INFO - Processing file /home/airflow/.local/lib/python3.12/site-packages/airflow/example_dags/example_inlet_event_extra.py for tasks to queue
[2024-10-23T04:27:51.299+0000] {logging_mixin.py:190} INFO - [2024-10-23T04:27:51.298+0000] {dagbag.py:588} INFO - Filling up the DagBag from /home/airflow/.local/lib/python3.12/site-packages/airflow/example_dags/example_inlet_event_extra.py
[2024-10-23T04:27:51.433+0000] {processor.py:925} INFO - DAG(s) 'read_dataset_event', 'read_dataset_event_from_classic' retrieved from /home/airflow/.local/lib/python3.12/site-packages/airflow/example_dags/example_inlet_event_extra.py
[2024-10-23T04:27:51.561+0000] {logging_mixin.py:190} INFO - [2024-10-23T04:27:51.561+0000] {dag.py:3239} INFO - Sync 2 DAGs
[2024-10-23T04:27:51.611+0000] {logging_mixin.py:190} INFO - [2024-10-23T04:27:51.611+0000] {dag.py:4180} INFO - Setting next_dagrun for read_dataset_event to 2024-10-22 00:00:00+00:00, run_after=2024-10-23 00:00:00+00:00
[2024-10-23T04:27:51.617+0000] {logging_mixin.py:190} INFO - [2024-10-23T04:27:51.617+0000] {dag.py:4180} INFO - Setting next_dagrun for read_dataset_event_from_classic to 2024-10-22 00:00:00+00:00, run_after=2024-10-23 00:00:00+00:00
[2024-10-23T04:27:51.658+0000] {processor.py:208} INFO - Processing /home/airflow/.local/lib/python3.12/site-packages/airflow/example_dags/example_inlet_event_extra.py took 0.368 seconds
[2024-10-23T04:28:23.178+0000] {processor.py:186} INFO - Started process (PID=14373) to work on /home/airflow/.local/lib/python3.12/site-packages/airflow/example_dags/example_inlet_event_extra.py
[2024-10-23T04:28:23.183+0000] {processor.py:914} INFO - Processing file /home/airflow/.local/lib/python3.12/site-packages/airflow/example_dags/example_inlet_event_extra.py for tasks to queue
[2024-10-23T04:28:23.184+0000] {logging_mixin.py:190} INFO - [2024-10-23T04:28:23.184+0000] {dagbag.py:588} INFO - Filling up the DagBag from /home/airflow/.local/lib/python3.12/site-packages/airflow/example_dags/example_inlet_event_extra.py
[2024-10-23T04:28:23.344+0000] {processor.py:925} INFO - DAG(s) 'read_dataset_event', 'read_dataset_event_from_classic' retrieved from /home/airflow/.local/lib/python3.12/site-packages/airflow/example_dags/example_inlet_event_extra.py
[2024-10-23T04:28:23.361+0000] {logging_mixin.py:190} INFO - [2024-10-23T04:28:23.361+0000] {dag.py:3239} INFO - Sync 2 DAGs
[2024-10-23T04:28:23.381+0000] {logging_mixin.py:190} INFO - [2024-10-23T04:28:23.381+0000] {dag.py:4180} INFO - Setting next_dagrun for read_dataset_event to 2024-10-22 00:00:00+00:00, run_after=2024-10-23 00:00:00+00:00
[2024-10-23T04:28:23.385+0000] {logging_mixin.py:190} INFO - [2024-10-23T04:28:23.385+0000] {dag.py:4180} INFO - Setting next_dagrun for read_dataset_event_from_classic to 2024-10-22 00:00:00+00:00, run_after=2024-10-23 00:00:00+00:00
[2024-10-23T04:28:23.597+0000] {processor.py:208} INFO - Processing /home/airflow/.local/lib/python3.12/site-packages/airflow/example_dags/example_inlet_event_extra.py took 0.423 seconds
[2024-10-23T04:28:53.881+0000] {processor.py:186} INFO - Started process (PID=14436) to work on /home/airflow/.local/lib/python3.12/site-packages/airflow/example_dags/example_inlet_event_extra.py
[2024-10-23T04:28:53.886+0000] {processor.py:914} INFO - Processing file /home/airflow/.local/lib/python3.12/site-packages/airflow/example_dags/example_inlet_event_extra.py for tasks to queue
[2024-10-23T04:28:53.890+0000] {logging_mixin.py:190} INFO - [2024-10-23T04:28:53.889+0000] {dagbag.py:588} INFO - Filling up the DagBag from /home/airflow/.local/lib/python3.12/site-packages/airflow/example_dags/example_inlet_event_extra.py
[2024-10-23T04:28:54.096+0000] {processor.py:925} INFO - DAG(s) 'read_dataset_event', 'read_dataset_event_from_classic' retrieved from /home/airflow/.local/lib/python3.12/site-packages/airflow/example_dags/example_inlet_event_extra.py
[2024-10-23T04:28:54.142+0000] {logging_mixin.py:190} INFO - [2024-10-23T04:28:54.141+0000] {dag.py:3239} INFO - Sync 2 DAGs
[2024-10-23T04:28:54.171+0000] {logging_mixin.py:190} INFO - [2024-10-23T04:28:54.171+0000] {dag.py:4180} INFO - Setting next_dagrun for read_dataset_event to 2024-10-22 00:00:00+00:00, run_after=2024-10-23 00:00:00+00:00
[2024-10-23T04:28:54.176+0000] {logging_mixin.py:190} INFO - [2024-10-23T04:28:54.176+0000] {dag.py:4180} INFO - Setting next_dagrun for read_dataset_event_from_classic to 2024-10-22 00:00:00+00:00, run_after=2024-10-23 00:00:00+00:00
[2024-10-23T04:28:54.213+0000] {processor.py:208} INFO - Processing /home/airflow/.local/lib/python3.12/site-packages/airflow/example_dags/example_inlet_event_extra.py took 0.349 seconds
[2024-10-23T04:29:25.222+0000] {processor.py:186} INFO - Started process (PID=14499) to work on /home/airflow/.local/lib/python3.12/site-packages/airflow/example_dags/example_inlet_event_extra.py
[2024-10-23T04:29:25.223+0000] {processor.py:914} INFO - Processing file /home/airflow/.local/lib/python3.12/site-packages/airflow/example_dags/example_inlet_event_extra.py for tasks to queue
[2024-10-23T04:29:25.224+0000] {logging_mixin.py:190} INFO - [2024-10-23T04:29:25.224+0000] {dagbag.py:588} INFO - Filling up the DagBag from /home/airflow/.local/lib/python3.12/site-packages/airflow/example_dags/example_inlet_event_extra.py
[2024-10-23T04:29:25.391+0000] {processor.py:925} INFO - DAG(s) 'read_dataset_event', 'read_dataset_event_from_classic' retrieved from /home/airflow/.local/lib/python3.12/site-packages/airflow/example_dags/example_inlet_event_extra.py
[2024-10-23T04:29:25.408+0000] {logging_mixin.py:190} INFO - [2024-10-23T04:29:25.408+0000] {dag.py:3239} INFO - Sync 2 DAGs
[2024-10-23T04:29:25.426+0000] {logging_mixin.py:190} INFO - [2024-10-23T04:29:25.426+0000] {dag.py:4180} INFO - Setting next_dagrun for read_dataset_event to 2024-10-22 00:00:00+00:00, run_after=2024-10-23 00:00:00+00:00
[2024-10-23T04:29:25.429+0000] {logging_mixin.py:190} INFO - [2024-10-23T04:29:25.429+0000] {dag.py:4180} INFO - Setting next_dagrun for read_dataset_event_from_classic to 2024-10-22 00:00:00+00:00, run_after=2024-10-23 00:00:00+00:00
[2024-10-23T04:29:25.439+0000] {processor.py:208} INFO - Processing /home/airflow/.local/lib/python3.12/site-packages/airflow/example_dags/example_inlet_event_extra.py took 0.224 seconds
[2024-10-23T04:29:55.701+0000] {processor.py:186} INFO - Started process (PID=14562) to work on /home/airflow/.local/lib/python3.12/site-packages/airflow/example_dags/example_inlet_event_extra.py
[2024-10-23T04:29:55.702+0000] {processor.py:914} INFO - Processing file /home/airflow/.local/lib/python3.12/site-packages/airflow/example_dags/example_inlet_event_extra.py for tasks to queue
[2024-10-23T04:29:55.703+0000] {logging_mixin.py:190} INFO - [2024-10-23T04:29:55.702+0000] {dagbag.py:588} INFO - Filling up the DagBag from /home/airflow/.local/lib/python3.12/site-packages/airflow/example_dags/example_inlet_event_extra.py
[2024-10-23T04:29:55.827+0000] {processor.py:925} INFO - DAG(s) 'read_dataset_event_from_classic', 'read_dataset_event' retrieved from /home/airflow/.local/lib/python3.12/site-packages/airflow/example_dags/example_inlet_event_extra.py
[2024-10-23T04:29:55.843+0000] {logging_mixin.py:190} INFO - [2024-10-23T04:29:55.842+0000] {dag.py:3239} INFO - Sync 2 DAGs
[2024-10-23T04:29:55.860+0000] {logging_mixin.py:190} INFO - [2024-10-23T04:29:55.859+0000] {dag.py:4180} INFO - Setting next_dagrun for read_dataset_event to 2024-10-22 00:00:00+00:00, run_after=2024-10-23 00:00:00+00:00
[2024-10-23T04:29:55.863+0000] {logging_mixin.py:190} INFO - [2024-10-23T04:29:55.862+0000] {dag.py:4180} INFO - Setting next_dagrun for read_dataset_event_from_classic to 2024-10-22 00:00:00+00:00, run_after=2024-10-23 00:00:00+00:00
[2024-10-23T04:29:55.872+0000] {processor.py:208} INFO - Processing /home/airflow/.local/lib/python3.12/site-packages/airflow/example_dags/example_inlet_event_extra.py took 0.176 seconds
[2024-10-23T04:30:26.623+0000] {processor.py:186} INFO - Started process (PID=14625) to work on /home/airflow/.local/lib/python3.12/site-packages/airflow/example_dags/example_inlet_event_extra.py
[2024-10-23T04:30:26.625+0000] {processor.py:914} INFO - Processing file /home/airflow/.local/lib/python3.12/site-packages/airflow/example_dags/example_inlet_event_extra.py for tasks to queue
[2024-10-23T04:30:26.627+0000] {logging_mixin.py:190} INFO - [2024-10-23T04:30:26.626+0000] {dagbag.py:588} INFO - Filling up the DagBag from /home/airflow/.local/lib/python3.12/site-packages/airflow/example_dags/example_inlet_event_extra.py
[2024-10-23T04:30:26.780+0000] {processor.py:925} INFO - DAG(s) 'read_dataset_event_from_classic', 'read_dataset_event' retrieved from /home/airflow/.local/lib/python3.12/site-packages/airflow/example_dags/example_inlet_event_extra.py
[2024-10-23T04:30:26.803+0000] {logging_mixin.py:190} INFO - [2024-10-23T04:30:26.803+0000] {dag.py:3239} INFO - Sync 2 DAGs
[2024-10-23T04:30:26.826+0000] {logging_mixin.py:190} INFO - [2024-10-23T04:30:26.826+0000] {dag.py:4180} INFO - Setting next_dagrun for read_dataset_event to 2024-10-22 00:00:00+00:00, run_after=2024-10-23 00:00:00+00:00
[2024-10-23T04:30:26.831+0000] {logging_mixin.py:190} INFO - [2024-10-23T04:30:26.831+0000] {dag.py:4180} INFO - Setting next_dagrun for read_dataset_event_from_classic to 2024-10-22 00:00:00+00:00, run_after=2024-10-23 00:00:00+00:00
[2024-10-23T04:30:26.845+0000] {processor.py:208} INFO - Processing /home/airflow/.local/lib/python3.12/site-packages/airflow/example_dags/example_inlet_event_extra.py took 0.229 seconds
[2024-10-23T04:30:57.299+0000] {processor.py:186} INFO - Started process (PID=14688) to work on /home/airflow/.local/lib/python3.12/site-packages/airflow/example_dags/example_inlet_event_extra.py
[2024-10-23T04:30:57.301+0000] {processor.py:914} INFO - Processing file /home/airflow/.local/lib/python3.12/site-packages/airflow/example_dags/example_inlet_event_extra.py for tasks to queue
[2024-10-23T04:30:57.303+0000] {logging_mixin.py:190} INFO - [2024-10-23T04:30:57.302+0000] {dagbag.py:588} INFO - Filling up the DagBag from /home/airflow/.local/lib/python3.12/site-packages/airflow/example_dags/example_inlet_event_extra.py
[2024-10-23T04:30:57.535+0000] {processor.py:925} INFO - DAG(s) 'read_dataset_event', 'read_dataset_event_from_classic' retrieved from /home/airflow/.local/lib/python3.12/site-packages/airflow/example_dags/example_inlet_event_extra.py
[2024-10-23T04:30:57.562+0000] {logging_mixin.py:190} INFO - [2024-10-23T04:30:57.561+0000] {dag.py:3239} INFO - Sync 2 DAGs
[2024-10-23T04:30:57.587+0000] {logging_mixin.py:190} INFO - [2024-10-23T04:30:57.587+0000] {dag.py:4180} INFO - Setting next_dagrun for read_dataset_event to 2024-10-22 00:00:00+00:00, run_after=2024-10-23 00:00:00+00:00
[2024-10-23T04:30:57.591+0000] {logging_mixin.py:190} INFO - [2024-10-23T04:30:57.591+0000] {dag.py:4180} INFO - Setting next_dagrun for read_dataset_event_from_classic to 2024-10-22 00:00:00+00:00, run_after=2024-10-23 00:00:00+00:00
[2024-10-23T04:30:57.605+0000] {processor.py:208} INFO - Processing /home/airflow/.local/lib/python3.12/site-packages/airflow/example_dags/example_inlet_event_extra.py took 0.310 seconds
[2024-10-23T04:31:28.103+0000] {processor.py:186} INFO - Started process (PID=14751) to work on /home/airflow/.local/lib/python3.12/site-packages/airflow/example_dags/example_inlet_event_extra.py
[2024-10-23T04:31:28.104+0000] {processor.py:914} INFO - Processing file /home/airflow/.local/lib/python3.12/site-packages/airflow/example_dags/example_inlet_event_extra.py for tasks to queue
[2024-10-23T04:31:28.106+0000] {logging_mixin.py:190} INFO - [2024-10-23T04:31:28.106+0000] {dagbag.py:588} INFO - Filling up the DagBag from /home/airflow/.local/lib/python3.12/site-packages/airflow/example_dags/example_inlet_event_extra.py
[2024-10-23T04:31:28.236+0000] {processor.py:925} INFO - DAG(s) 'read_dataset_event', 'read_dataset_event_from_classic' retrieved from /home/airflow/.local/lib/python3.12/site-packages/airflow/example_dags/example_inlet_event_extra.py
[2024-10-23T04:31:28.411+0000] {logging_mixin.py:190} INFO - [2024-10-23T04:31:28.411+0000] {dag.py:3239} INFO - Sync 2 DAGs
[2024-10-23T04:31:28.431+0000] {logging_mixin.py:190} INFO - [2024-10-23T04:31:28.431+0000] {dag.py:4180} INFO - Setting next_dagrun for read_dataset_event to 2024-10-22 00:00:00+00:00, run_after=2024-10-23 00:00:00+00:00
[2024-10-23T04:31:28.436+0000] {logging_mixin.py:190} INFO - [2024-10-23T04:31:28.436+0000] {dag.py:4180} INFO - Setting next_dagrun for read_dataset_event_from_classic to 2024-10-22 00:00:00+00:00, run_after=2024-10-23 00:00:00+00:00
[2024-10-23T04:31:28.450+0000] {processor.py:208} INFO - Processing /home/airflow/.local/lib/python3.12/site-packages/airflow/example_dags/example_inlet_event_extra.py took 0.352 seconds
[2024-10-23T04:31:59.628+0000] {processor.py:186} INFO - Started process (PID=14813) to work on /home/airflow/.local/lib/python3.12/site-packages/airflow/example_dags/example_inlet_event_extra.py
[2024-10-23T04:31:59.629+0000] {processor.py:914} INFO - Processing file /home/airflow/.local/lib/python3.12/site-packages/airflow/example_dags/example_inlet_event_extra.py for tasks to queue
[2024-10-23T04:31:59.631+0000] {logging_mixin.py:190} INFO - [2024-10-23T04:31:59.631+0000] {dagbag.py:588} INFO - Filling up the DagBag from /home/airflow/.local/lib/python3.12/site-packages/airflow/example_dags/example_inlet_event_extra.py
[2024-10-23T04:31:59.761+0000] {processor.py:925} INFO - DAG(s) 'read_dataset_event', 'read_dataset_event_from_classic' retrieved from /home/airflow/.local/lib/python3.12/site-packages/airflow/example_dags/example_inlet_event_extra.py
[2024-10-23T04:32:00.027+0000] {logging_mixin.py:190} INFO - [2024-10-23T04:32:00.027+0000] {dag.py:3239} INFO - Sync 2 DAGs
[2024-10-23T04:32:00.053+0000] {logging_mixin.py:190} INFO - [2024-10-23T04:32:00.053+0000] {dag.py:4180} INFO - Setting next_dagrun for read_dataset_event to 2024-10-22 00:00:00+00:00, run_after=2024-10-23 00:00:00+00:00
[2024-10-23T04:32:00.062+0000] {logging_mixin.py:190} INFO - [2024-10-23T04:32:00.062+0000] {dag.py:4180} INFO - Setting next_dagrun for read_dataset_event_from_classic to 2024-10-22 00:00:00+00:00, run_after=2024-10-23 00:00:00+00:00
[2024-10-23T04:32:00.080+0000] {processor.py:208} INFO - Processing /home/airflow/.local/lib/python3.12/site-packages/airflow/example_dags/example_inlet_event_extra.py took 0.457 seconds
[2024-10-23T04:32:31.060+0000] {processor.py:186} INFO - Started process (PID=14877) to work on /home/airflow/.local/lib/python3.12/site-packages/airflow/example_dags/example_inlet_event_extra.py
[2024-10-23T04:32:31.061+0000] {processor.py:914} INFO - Processing file /home/airflow/.local/lib/python3.12/site-packages/airflow/example_dags/example_inlet_event_extra.py for tasks to queue
[2024-10-23T04:32:31.063+0000] {logging_mixin.py:190} INFO - [2024-10-23T04:32:31.062+0000] {dagbag.py:588} INFO - Filling up the DagBag from /home/airflow/.local/lib/python3.12/site-packages/airflow/example_dags/example_inlet_event_extra.py
[2024-10-23T04:32:31.214+0000] {processor.py:925} INFO - DAG(s) 'read_dataset_event_from_classic', 'read_dataset_event' retrieved from /home/airflow/.local/lib/python3.12/site-packages/airflow/example_dags/example_inlet_event_extra.py
[2024-10-23T04:32:31.263+0000] {logging_mixin.py:190} INFO - [2024-10-23T04:32:31.263+0000] {dag.py:3239} INFO - Sync 2 DAGs
[2024-10-23T04:32:31.599+0000] {logging_mixin.py:190} INFO - [2024-10-23T04:32:31.598+0000] {dag.py:4180} INFO - Setting next_dagrun for read_dataset_event to 2024-10-22 00:00:00+00:00, run_after=2024-10-23 00:00:00+00:00
[2024-10-23T04:32:31.602+0000] {logging_mixin.py:190} INFO - [2024-10-23T04:32:31.602+0000] {dag.py:4180} INFO - Setting next_dagrun for read_dataset_event_from_classic to 2024-10-22 00:00:00+00:00, run_after=2024-10-23 00:00:00+00:00
[2024-10-23T04:32:31.613+0000] {processor.py:208} INFO - Processing /home/airflow/.local/lib/python3.12/site-packages/airflow/example_dags/example_inlet_event_extra.py took 0.558 seconds
[2024-10-23T04:33:02.272+0000] {processor.py:186} INFO - Started process (PID=14941) to work on /home/airflow/.local/lib/python3.12/site-packages/airflow/example_dags/example_inlet_event_extra.py
[2024-10-23T04:33:02.275+0000] {processor.py:914} INFO - Processing file /home/airflow/.local/lib/python3.12/site-packages/airflow/example_dags/example_inlet_event_extra.py for tasks to queue
[2024-10-23T04:33:02.276+0000] {logging_mixin.py:190} INFO - [2024-10-23T04:33:02.276+0000] {dagbag.py:588} INFO - Filling up the DagBag from /home/airflow/.local/lib/python3.12/site-packages/airflow/example_dags/example_inlet_event_extra.py
[2024-10-23T04:33:02.387+0000] {processor.py:925} INFO - DAG(s) 'read_dataset_event', 'read_dataset_event_from_classic' retrieved from /home/airflow/.local/lib/python3.12/site-packages/airflow/example_dags/example_inlet_event_extra.py
[2024-10-23T04:33:02.406+0000] {logging_mixin.py:190} INFO - [2024-10-23T04:33:02.406+0000] {dag.py:3239} INFO - Sync 2 DAGs
[2024-10-23T04:33:02.568+0000] {logging_mixin.py:190} INFO - [2024-10-23T04:33:02.568+0000] {dag.py:4180} INFO - Setting next_dagrun for read_dataset_event to 2024-10-22 00:00:00+00:00, run_after=2024-10-23 00:00:00+00:00
[2024-10-23T04:33:02.571+0000] {logging_mixin.py:190} INFO - [2024-10-23T04:33:02.571+0000] {dag.py:4180} INFO - Setting next_dagrun for read_dataset_event_from_classic to 2024-10-22 00:00:00+00:00, run_after=2024-10-23 00:00:00+00:00
[2024-10-23T04:33:02.580+0000] {processor.py:208} INFO - Processing /home/airflow/.local/lib/python3.12/site-packages/airflow/example_dags/example_inlet_event_extra.py took 0.313 seconds
[2024-10-23T04:33:32.940+0000] {processor.py:186} INFO - Started process (PID=15002) to work on /home/airflow/.local/lib/python3.12/site-packages/airflow/example_dags/example_inlet_event_extra.py
[2024-10-23T04:33:32.942+0000] {processor.py:914} INFO - Processing file /home/airflow/.local/lib/python3.12/site-packages/airflow/example_dags/example_inlet_event_extra.py for tasks to queue
[2024-10-23T04:33:32.943+0000] {logging_mixin.py:190} INFO - [2024-10-23T04:33:32.943+0000] {dagbag.py:588} INFO - Filling up the DagBag from /home/airflow/.local/lib/python3.12/site-packages/airflow/example_dags/example_inlet_event_extra.py
[2024-10-23T04:33:33.217+0000] {processor.py:925} INFO - DAG(s) 'read_dataset_event', 'read_dataset_event_from_classic' retrieved from /home/airflow/.local/lib/python3.12/site-packages/airflow/example_dags/example_inlet_event_extra.py
[2024-10-23T04:33:33.233+0000] {logging_mixin.py:190} INFO - [2024-10-23T04:33:33.233+0000] {dag.py:3239} INFO - Sync 2 DAGs
[2024-10-23T04:33:33.250+0000] {logging_mixin.py:190} INFO - [2024-10-23T04:33:33.249+0000] {dag.py:4180} INFO - Setting next_dagrun for read_dataset_event to 2024-10-22 00:00:00+00:00, run_after=2024-10-23 00:00:00+00:00
[2024-10-23T04:33:33.252+0000] {logging_mixin.py:190} INFO - [2024-10-23T04:33:33.252+0000] {dag.py:4180} INFO - Setting next_dagrun for read_dataset_event_from_classic to 2024-10-22 00:00:00+00:00, run_after=2024-10-23 00:00:00+00:00
[2024-10-23T04:33:33.262+0000] {processor.py:208} INFO - Processing /home/airflow/.local/lib/python3.12/site-packages/airflow/example_dags/example_inlet_event_extra.py took 0.326 seconds
[2024-10-23T04:34:04.041+0000] {processor.py:186} INFO - Started process (PID=15065) to work on /home/airflow/.local/lib/python3.12/site-packages/airflow/example_dags/example_inlet_event_extra.py
[2024-10-23T04:34:04.041+0000] {processor.py:914} INFO - Processing file /home/airflow/.local/lib/python3.12/site-packages/airflow/example_dags/example_inlet_event_extra.py for tasks to queue
[2024-10-23T04:34:04.043+0000] {logging_mixin.py:190} INFO - [2024-10-23T04:34:04.043+0000] {dagbag.py:588} INFO - Filling up the DagBag from /home/airflow/.local/lib/python3.12/site-packages/airflow/example_dags/example_inlet_event_extra.py
[2024-10-23T04:34:04.286+0000] {processor.py:925} INFO - DAG(s) 'read_dataset_event_from_classic', 'read_dataset_event' retrieved from /home/airflow/.local/lib/python3.12/site-packages/airflow/example_dags/example_inlet_event_extra.py
[2024-10-23T04:34:04.307+0000] {logging_mixin.py:190} INFO - [2024-10-23T04:34:04.307+0000] {dag.py:3239} INFO - Sync 2 DAGs
[2024-10-23T04:34:04.323+0000] {logging_mixin.py:190} INFO - [2024-10-23T04:34:04.323+0000] {dag.py:4180} INFO - Setting next_dagrun for read_dataset_event to 2024-10-22 00:00:00+00:00, run_after=2024-10-23 00:00:00+00:00
[2024-10-23T04:34:04.327+0000] {logging_mixin.py:190} INFO - [2024-10-23T04:34:04.327+0000] {dag.py:4180} INFO - Setting next_dagrun for read_dataset_event_from_classic to 2024-10-22 00:00:00+00:00, run_after=2024-10-23 00:00:00+00:00
[2024-10-23T04:34:04.338+0000] {processor.py:208} INFO - Processing /home/airflow/.local/lib/python3.12/site-packages/airflow/example_dags/example_inlet_event_extra.py took 0.302 seconds
[2024-10-23T04:34:35.610+0000] {processor.py:186} INFO - Started process (PID=15128) to work on /home/airflow/.local/lib/python3.12/site-packages/airflow/example_dags/example_inlet_event_extra.py
[2024-10-23T04:34:35.611+0000] {processor.py:914} INFO - Processing file /home/airflow/.local/lib/python3.12/site-packages/airflow/example_dags/example_inlet_event_extra.py for tasks to queue
[2024-10-23T04:34:35.612+0000] {logging_mixin.py:190} INFO - [2024-10-23T04:34:35.612+0000] {dagbag.py:588} INFO - Filling up the DagBag from /home/airflow/.local/lib/python3.12/site-packages/airflow/example_dags/example_inlet_event_extra.py
[2024-10-23T04:34:35.859+0000] {processor.py:925} INFO - DAG(s) 'read_dataset_event_from_classic', 'read_dataset_event' retrieved from /home/airflow/.local/lib/python3.12/site-packages/airflow/example_dags/example_inlet_event_extra.py
[2024-10-23T04:34:35.876+0000] {logging_mixin.py:190} INFO - [2024-10-23T04:34:35.876+0000] {dag.py:3239} INFO - Sync 2 DAGs
[2024-10-23T04:34:35.889+0000] {logging_mixin.py:190} INFO - [2024-10-23T04:34:35.889+0000] {dag.py:4180} INFO - Setting next_dagrun for read_dataset_event to 2024-10-22 00:00:00+00:00, run_after=2024-10-23 00:00:00+00:00
[2024-10-23T04:34:35.891+0000] {logging_mixin.py:190} INFO - [2024-10-23T04:34:35.891+0000] {dag.py:4180} INFO - Setting next_dagrun for read_dataset_event_from_classic to 2024-10-22 00:00:00+00:00, run_after=2024-10-23 00:00:00+00:00
[2024-10-23T04:34:35.900+0000] {processor.py:208} INFO - Processing /home/airflow/.local/lib/python3.12/site-packages/airflow/example_dags/example_inlet_event_extra.py took 0.294 seconds
[2024-10-23T04:35:07.124+0000] {processor.py:186} INFO - Started process (PID=15191) to work on /home/airflow/.local/lib/python3.12/site-packages/airflow/example_dags/example_inlet_event_extra.py
[2024-10-23T04:35:07.125+0000] {processor.py:914} INFO - Processing file /home/airflow/.local/lib/python3.12/site-packages/airflow/example_dags/example_inlet_event_extra.py for tasks to queue
[2024-10-23T04:35:07.125+0000] {logging_mixin.py:190} INFO - [2024-10-23T04:35:07.125+0000] {dagbag.py:588} INFO - Filling up the DagBag from /home/airflow/.local/lib/python3.12/site-packages/airflow/example_dags/example_inlet_event_extra.py
[2024-10-23T04:35:07.388+0000] {processor.py:925} INFO - DAG(s) 'read_dataset_event', 'read_dataset_event_from_classic' retrieved from /home/airflow/.local/lib/python3.12/site-packages/airflow/example_dags/example_inlet_event_extra.py
[2024-10-23T04:35:07.405+0000] {logging_mixin.py:190} INFO - [2024-10-23T04:35:07.405+0000] {dag.py:3239} INFO - Sync 2 DAGs
[2024-10-23T04:35:07.421+0000] {logging_mixin.py:190} INFO - [2024-10-23T04:35:07.421+0000] {dag.py:4180} INFO - Setting next_dagrun for read_dataset_event to 2024-10-22 00:00:00+00:00, run_after=2024-10-23 00:00:00+00:00
[2024-10-23T04:35:07.425+0000] {logging_mixin.py:190} INFO - [2024-10-23T04:35:07.425+0000] {dag.py:4180} INFO - Setting next_dagrun for read_dataset_event_from_classic to 2024-10-22 00:00:00+00:00, run_after=2024-10-23 00:00:00+00:00
[2024-10-23T04:35:07.437+0000] {processor.py:208} INFO - Processing /home/airflow/.local/lib/python3.12/site-packages/airflow/example_dags/example_inlet_event_extra.py took 0.318 seconds
[2024-10-23T04:35:38.756+0000] {processor.py:186} INFO - Started process (PID=15260) to work on /home/airflow/.local/lib/python3.12/site-packages/airflow/example_dags/example_inlet_event_extra.py
[2024-10-23T04:35:38.757+0000] {processor.py:914} INFO - Processing file /home/airflow/.local/lib/python3.12/site-packages/airflow/example_dags/example_inlet_event_extra.py for tasks to queue
[2024-10-23T04:35:38.759+0000] {logging_mixin.py:190} INFO - [2024-10-23T04:35:38.759+0000] {dagbag.py:588} INFO - Filling up the DagBag from /home/airflow/.local/lib/python3.12/site-packages/airflow/example_dags/example_inlet_event_extra.py
[2024-10-23T04:35:39.586+0000] {processor.py:925} INFO - DAG(s) 'read_dataset_event', 'read_dataset_event_from_classic' retrieved from /home/airflow/.local/lib/python3.12/site-packages/airflow/example_dags/example_inlet_event_extra.py
[2024-10-23T04:35:39.622+0000] {logging_mixin.py:190} INFO - [2024-10-23T04:35:39.621+0000] {dag.py:3239} INFO - Sync 2 DAGs
[2024-10-23T04:35:39.641+0000] {logging_mixin.py:190} INFO - [2024-10-23T04:35:39.641+0000] {dag.py:4180} INFO - Setting next_dagrun for read_dataset_event to 2024-10-22 00:00:00+00:00, run_after=2024-10-23 00:00:00+00:00
[2024-10-23T04:35:39.645+0000] {logging_mixin.py:190} INFO - [2024-10-23T04:35:39.645+0000] {dag.py:4180} INFO - Setting next_dagrun for read_dataset_event_from_classic to 2024-10-22 00:00:00+00:00, run_after=2024-10-23 00:00:00+00:00
[2024-10-23T04:35:39.661+0000] {processor.py:208} INFO - Processing /home/airflow/.local/lib/python3.12/site-packages/airflow/example_dags/example_inlet_event_extra.py took 0.912 seconds
[2024-10-23T04:36:09.763+0000] {processor.py:186} INFO - Started process (PID=15325) to work on /home/airflow/.local/lib/python3.12/site-packages/airflow/example_dags/example_inlet_event_extra.py
[2024-10-23T04:36:09.764+0000] {processor.py:914} INFO - Processing file /home/airflow/.local/lib/python3.12/site-packages/airflow/example_dags/example_inlet_event_extra.py for tasks to queue
[2024-10-23T04:36:09.765+0000] {logging_mixin.py:190} INFO - [2024-10-23T04:36:09.765+0000] {dagbag.py:588} INFO - Filling up the DagBag from /home/airflow/.local/lib/python3.12/site-packages/airflow/example_dags/example_inlet_event_extra.py
[2024-10-23T04:36:10.622+0000] {processor.py:925} INFO - DAG(s) 'read_dataset_event', 'read_dataset_event_from_classic' retrieved from /home/airflow/.local/lib/python3.12/site-packages/airflow/example_dags/example_inlet_event_extra.py
[2024-10-23T04:36:10.796+0000] {logging_mixin.py:190} INFO - [2024-10-23T04:36:10.795+0000] {dag.py:3239} INFO - Sync 2 DAGs
[2024-10-23T04:36:10.833+0000] {logging_mixin.py:190} INFO - [2024-10-23T04:36:10.833+0000] {dag.py:4180} INFO - Setting next_dagrun for read_dataset_event to 2024-10-22 00:00:00+00:00, run_after=2024-10-23 00:00:00+00:00
[2024-10-23T04:36:10.838+0000] {logging_mixin.py:190} INFO - [2024-10-23T04:36:10.838+0000] {dag.py:4180} INFO - Setting next_dagrun for read_dataset_event_from_classic to 2024-10-22 00:00:00+00:00, run_after=2024-10-23 00:00:00+00:00
[2024-10-23T04:36:10.869+0000] {processor.py:208} INFO - Processing /home/airflow/.local/lib/python3.12/site-packages/airflow/example_dags/example_inlet_event_extra.py took 1.112 seconds
[2024-10-23T04:36:41.665+0000] {processor.py:186} INFO - Started process (PID=15389) to work on /home/airflow/.local/lib/python3.12/site-packages/airflow/example_dags/example_inlet_event_extra.py
[2024-10-23T04:36:41.668+0000] {processor.py:914} INFO - Processing file /home/airflow/.local/lib/python3.12/site-packages/airflow/example_dags/example_inlet_event_extra.py for tasks to queue
[2024-10-23T04:36:41.669+0000] {logging_mixin.py:190} INFO - [2024-10-23T04:36:41.669+0000] {dagbag.py:588} INFO - Filling up the DagBag from /home/airflow/.local/lib/python3.12/site-packages/airflow/example_dags/example_inlet_event_extra.py
[2024-10-23T04:36:42.301+0000] {processor.py:925} INFO - DAG(s) 'read_dataset_event_from_classic', 'read_dataset_event' retrieved from /home/airflow/.local/lib/python3.12/site-packages/airflow/example_dags/example_inlet_event_extra.py
[2024-10-23T04:36:42.331+0000] {logging_mixin.py:190} INFO - [2024-10-23T04:36:42.331+0000] {dag.py:3239} INFO - Sync 2 DAGs
[2024-10-23T04:36:42.351+0000] {logging_mixin.py:190} INFO - [2024-10-23T04:36:42.351+0000] {dag.py:4180} INFO - Setting next_dagrun for read_dataset_event to 2024-10-22 00:00:00+00:00, run_after=2024-10-23 00:00:00+00:00
[2024-10-23T04:36:42.354+0000] {logging_mixin.py:190} INFO - [2024-10-23T04:36:42.354+0000] {dag.py:4180} INFO - Setting next_dagrun for read_dataset_event_from_classic to 2024-10-22 00:00:00+00:00, run_after=2024-10-23 00:00:00+00:00
[2024-10-23T04:36:42.369+0000] {processor.py:208} INFO - Processing /home/airflow/.local/lib/python3.12/site-packages/airflow/example_dags/example_inlet_event_extra.py took 0.713 seconds
[2024-10-23T04:37:12.879+0000] {processor.py:186} INFO - Started process (PID=15452) to work on /home/airflow/.local/lib/python3.12/site-packages/airflow/example_dags/example_inlet_event_extra.py
[2024-10-23T04:37:12.883+0000] {processor.py:914} INFO - Processing file /home/airflow/.local/lib/python3.12/site-packages/airflow/example_dags/example_inlet_event_extra.py for tasks to queue
[2024-10-23T04:37:12.885+0000] {logging_mixin.py:190} INFO - [2024-10-23T04:37:12.885+0000] {dagbag.py:588} INFO - Filling up the DagBag from /home/airflow/.local/lib/python3.12/site-packages/airflow/example_dags/example_inlet_event_extra.py
[2024-10-23T04:37:14.269+0000] {processor.py:925} INFO - DAG(s) 'read_dataset_event_from_classic', 'read_dataset_event' retrieved from /home/airflow/.local/lib/python3.12/site-packages/airflow/example_dags/example_inlet_event_extra.py
[2024-10-23T04:37:14.297+0000] {logging_mixin.py:190} INFO - [2024-10-23T04:37:14.297+0000] {dag.py:3239} INFO - Sync 2 DAGs
[2024-10-23T04:37:14.319+0000] {logging_mixin.py:190} INFO - [2024-10-23T04:37:14.319+0000] {dag.py:4180} INFO - Setting next_dagrun for read_dataset_event to 2024-10-22 00:00:00+00:00, run_after=2024-10-23 00:00:00+00:00
[2024-10-23T04:37:14.322+0000] {logging_mixin.py:190} INFO - [2024-10-23T04:37:14.322+0000] {dag.py:4180} INFO - Setting next_dagrun for read_dataset_event_from_classic to 2024-10-22 00:00:00+00:00, run_after=2024-10-23 00:00:00+00:00
[2024-10-23T04:37:14.336+0000] {processor.py:208} INFO - Processing /home/airflow/.local/lib/python3.12/site-packages/airflow/example_dags/example_inlet_event_extra.py took 1.472 seconds
[2024-10-23T04:37:44.954+0000] {processor.py:186} INFO - Started process (PID=15513) to work on /home/airflow/.local/lib/python3.12/site-packages/airflow/example_dags/example_inlet_event_extra.py
[2024-10-23T04:37:44.956+0000] {processor.py:914} INFO - Processing file /home/airflow/.local/lib/python3.12/site-packages/airflow/example_dags/example_inlet_event_extra.py for tasks to queue
[2024-10-23T04:37:44.957+0000] {logging_mixin.py:190} INFO - [2024-10-23T04:37:44.956+0000] {dagbag.py:588} INFO - Filling up the DagBag from /home/airflow/.local/lib/python3.12/site-packages/airflow/example_dags/example_inlet_event_extra.py
[2024-10-23T04:37:45.340+0000] {processor.py:925} INFO - DAG(s) 'read_dataset_event_from_classic', 'read_dataset_event' retrieved from /home/airflow/.local/lib/python3.12/site-packages/airflow/example_dags/example_inlet_event_extra.py
[2024-10-23T04:37:45.364+0000] {logging_mixin.py:190} INFO - [2024-10-23T04:37:45.363+0000] {dag.py:3239} INFO - Sync 2 DAGs
[2024-10-23T04:37:45.381+0000] {logging_mixin.py:190} INFO - [2024-10-23T04:37:45.381+0000] {dag.py:4180} INFO - Setting next_dagrun for read_dataset_event to 2024-10-22 00:00:00+00:00, run_after=2024-10-23 00:00:00+00:00
[2024-10-23T04:37:45.388+0000] {logging_mixin.py:190} INFO - [2024-10-23T04:37:45.387+0000] {dag.py:4180} INFO - Setting next_dagrun for read_dataset_event_from_classic to 2024-10-22 00:00:00+00:00, run_after=2024-10-23 00:00:00+00:00
[2024-10-23T04:37:45.402+0000] {processor.py:208} INFO - Processing /home/airflow/.local/lib/python3.12/site-packages/airflow/example_dags/example_inlet_event_extra.py took 0.455 seconds
[2024-10-23T04:38:15.712+0000] {processor.py:186} INFO - Started process (PID=15575) to work on /home/airflow/.local/lib/python3.12/site-packages/airflow/example_dags/example_inlet_event_extra.py
[2024-10-23T04:38:15.715+0000] {processor.py:914} INFO - Processing file /home/airflow/.local/lib/python3.12/site-packages/airflow/example_dags/example_inlet_event_extra.py for tasks to queue
[2024-10-23T04:38:15.717+0000] {logging_mixin.py:190} INFO - [2024-10-23T04:38:15.716+0000] {dagbag.py:588} INFO - Filling up the DagBag from /home/airflow/.local/lib/python3.12/site-packages/airflow/example_dags/example_inlet_event_extra.py
[2024-10-23T04:38:16.037+0000] {processor.py:925} INFO - DAG(s) 'read_dataset_event_from_classic', 'read_dataset_event' retrieved from /home/airflow/.local/lib/python3.12/site-packages/airflow/example_dags/example_inlet_event_extra.py
[2024-10-23T04:38:16.054+0000] {logging_mixin.py:190} INFO - [2024-10-23T04:38:16.054+0000] {dag.py:3239} INFO - Sync 2 DAGs
[2024-10-23T04:38:16.070+0000] {logging_mixin.py:190} INFO - [2024-10-23T04:38:16.070+0000] {dag.py:4180} INFO - Setting next_dagrun for read_dataset_event to 2024-10-22 00:00:00+00:00, run_after=2024-10-23 00:00:00+00:00
[2024-10-23T04:38:16.074+0000] {logging_mixin.py:190} INFO - [2024-10-23T04:38:16.074+0000] {dag.py:4180} INFO - Setting next_dagrun for read_dataset_event_from_classic to 2024-10-22 00:00:00+00:00, run_after=2024-10-23 00:00:00+00:00
[2024-10-23T04:38:16.085+0000] {processor.py:208} INFO - Processing /home/airflow/.local/lib/python3.12/site-packages/airflow/example_dags/example_inlet_event_extra.py took 0.377 seconds
[2024-10-23T04:38:48.710+0000] {processor.py:186} INFO - Started process (PID=15644) to work on /home/airflow/.local/lib/python3.12/site-packages/airflow/example_dags/example_inlet_event_extra.py
[2024-10-23T04:38:48.711+0000] {processor.py:914} INFO - Processing file /home/airflow/.local/lib/python3.12/site-packages/airflow/example_dags/example_inlet_event_extra.py for tasks to queue
[2024-10-23T04:38:48.712+0000] {logging_mixin.py:190} INFO - [2024-10-23T04:38:48.712+0000] {dagbag.py:588} INFO - Filling up the DagBag from /home/airflow/.local/lib/python3.12/site-packages/airflow/example_dags/example_inlet_event_extra.py
[2024-10-23T04:38:49.226+0000] {processor.py:925} INFO - DAG(s) 'read_dataset_event', 'read_dataset_event_from_classic' retrieved from /home/airflow/.local/lib/python3.12/site-packages/airflow/example_dags/example_inlet_event_extra.py
[2024-10-23T04:38:49.243+0000] {logging_mixin.py:190} INFO - [2024-10-23T04:38:49.242+0000] {dag.py:3239} INFO - Sync 2 DAGs
[2024-10-23T04:38:49.259+0000] {logging_mixin.py:190} INFO - [2024-10-23T04:38:49.259+0000] {dag.py:4180} INFO - Setting next_dagrun for read_dataset_event to 2024-10-22 00:00:00+00:00, run_after=2024-10-23 00:00:00+00:00
[2024-10-23T04:38:49.262+0000] {logging_mixin.py:190} INFO - [2024-10-23T04:38:49.262+0000] {dag.py:4180} INFO - Setting next_dagrun for read_dataset_event_from_classic to 2024-10-22 00:00:00+00:00, run_after=2024-10-23 00:00:00+00:00
[2024-10-23T04:38:49.275+0000] {processor.py:208} INFO - Processing /home/airflow/.local/lib/python3.12/site-packages/airflow/example_dags/example_inlet_event_extra.py took 0.570 seconds
[2024-10-23T04:39:19.951+0000] {processor.py:186} INFO - Started process (PID=15707) to work on /home/airflow/.local/lib/python3.12/site-packages/airflow/example_dags/example_inlet_event_extra.py
[2024-10-23T04:39:19.954+0000] {processor.py:914} INFO - Processing file /home/airflow/.local/lib/python3.12/site-packages/airflow/example_dags/example_inlet_event_extra.py for tasks to queue
[2024-10-23T04:39:19.955+0000] {logging_mixin.py:190} INFO - [2024-10-23T04:39:19.955+0000] {dagbag.py:588} INFO - Filling up the DagBag from /home/airflow/.local/lib/python3.12/site-packages/airflow/example_dags/example_inlet_event_extra.py
[2024-10-23T04:39:21.099+0000] {processor.py:925} INFO - DAG(s) 'read_dataset_event', 'read_dataset_event_from_classic' retrieved from /home/airflow/.local/lib/python3.12/site-packages/airflow/example_dags/example_inlet_event_extra.py
[2024-10-23T04:39:21.196+0000] {logging_mixin.py:190} INFO - [2024-10-23T04:39:21.196+0000] {dag.py:3239} INFO - Sync 2 DAGs
[2024-10-23T04:39:21.236+0000] {logging_mixin.py:190} INFO - [2024-10-23T04:39:21.235+0000] {dag.py:4180} INFO - Setting next_dagrun for read_dataset_event to 2024-10-22 00:00:00+00:00, run_after=2024-10-23 00:00:00+00:00
[2024-10-23T04:39:21.242+0000] {logging_mixin.py:190} INFO - [2024-10-23T04:39:21.242+0000] {dag.py:4180} INFO - Setting next_dagrun for read_dataset_event_from_classic to 2024-10-22 00:00:00+00:00, run_after=2024-10-23 00:00:00+00:00
[2024-10-23T04:39:21.294+0000] {processor.py:208} INFO - Processing /home/airflow/.local/lib/python3.12/site-packages/airflow/example_dags/example_inlet_event_extra.py took 1.362 seconds
[2024-10-23T04:39:52.140+0000] {processor.py:186} INFO - Started process (PID=15770) to work on /home/airflow/.local/lib/python3.12/site-packages/airflow/example_dags/example_inlet_event_extra.py
[2024-10-23T04:39:52.142+0000] {processor.py:914} INFO - Processing file /home/airflow/.local/lib/python3.12/site-packages/airflow/example_dags/example_inlet_event_extra.py for tasks to queue
[2024-10-23T04:39:52.144+0000] {logging_mixin.py:190} INFO - [2024-10-23T04:39:52.143+0000] {dagbag.py:588} INFO - Filling up the DagBag from /home/airflow/.local/lib/python3.12/site-packages/airflow/example_dags/example_inlet_event_extra.py
[2024-10-23T04:39:52.761+0000] {processor.py:925} INFO - DAG(s) 'read_dataset_event_from_classic', 'read_dataset_event' retrieved from /home/airflow/.local/lib/python3.12/site-packages/airflow/example_dags/example_inlet_event_extra.py
[2024-10-23T04:39:52.778+0000] {logging_mixin.py:190} INFO - [2024-10-23T04:39:52.778+0000] {dag.py:3239} INFO - Sync 2 DAGs
[2024-10-23T04:39:52.827+0000] {logging_mixin.py:190} INFO - [2024-10-23T04:39:52.827+0000] {dag.py:4180} INFO - Setting next_dagrun for read_dataset_event to 2024-10-22 00:00:00+00:00, run_after=2024-10-23 00:00:00+00:00
[2024-10-23T04:39:52.832+0000] {logging_mixin.py:190} INFO - [2024-10-23T04:39:52.832+0000] {dag.py:4180} INFO - Setting next_dagrun for read_dataset_event_from_classic to 2024-10-22 00:00:00+00:00, run_after=2024-10-23 00:00:00+00:00
[2024-10-23T04:39:52.850+0000] {processor.py:208} INFO - Processing /home/airflow/.local/lib/python3.12/site-packages/airflow/example_dags/example_inlet_event_extra.py took 0.727 seconds
[2024-10-23T04:40:23.951+0000] {processor.py:186} INFO - Started process (PID=15838) to work on /home/airflow/.local/lib/python3.12/site-packages/airflow/example_dags/example_inlet_event_extra.py
[2024-10-23T04:40:23.953+0000] {processor.py:914} INFO - Processing file /home/airflow/.local/lib/python3.12/site-packages/airflow/example_dags/example_inlet_event_extra.py for tasks to queue
[2024-10-23T04:40:23.956+0000] {logging_mixin.py:190} INFO - [2024-10-23T04:40:23.955+0000] {dagbag.py:588} INFO - Filling up the DagBag from /home/airflow/.local/lib/python3.12/site-packages/airflow/example_dags/example_inlet_event_extra.py
[2024-10-23T04:40:24.364+0000] {processor.py:925} INFO - DAG(s) 'read_dataset_event_from_classic', 'read_dataset_event' retrieved from /home/airflow/.local/lib/python3.12/site-packages/airflow/example_dags/example_inlet_event_extra.py
[2024-10-23T04:40:24.389+0000] {logging_mixin.py:190} INFO - [2024-10-23T04:40:24.389+0000] {dag.py:3239} INFO - Sync 2 DAGs
[2024-10-23T04:40:24.409+0000] {logging_mixin.py:190} INFO - [2024-10-23T04:40:24.409+0000] {dag.py:4180} INFO - Setting next_dagrun for read_dataset_event to 2024-10-22 00:00:00+00:00, run_after=2024-10-23 00:00:00+00:00
[2024-10-23T04:40:24.413+0000] {logging_mixin.py:190} INFO - [2024-10-23T04:40:24.412+0000] {dag.py:4180} INFO - Setting next_dagrun for read_dataset_event_from_classic to 2024-10-22 00:00:00+00:00, run_after=2024-10-23 00:00:00+00:00
[2024-10-23T04:40:24.424+0000] {processor.py:208} INFO - Processing /home/airflow/.local/lib/python3.12/site-packages/airflow/example_dags/example_inlet_event_extra.py took 0.486 seconds
[2024-10-23T04:40:54.877+0000] {processor.py:186} INFO - Started process (PID=15899) to work on /home/airflow/.local/lib/python3.12/site-packages/airflow/example_dags/example_inlet_event_extra.py
[2024-10-23T04:40:54.883+0000] {processor.py:914} INFO - Processing file /home/airflow/.local/lib/python3.12/site-packages/airflow/example_dags/example_inlet_event_extra.py for tasks to queue
[2024-10-23T04:40:54.884+0000] {logging_mixin.py:190} INFO - [2024-10-23T04:40:54.884+0000] {dagbag.py:588} INFO - Filling up the DagBag from /home/airflow/.local/lib/python3.12/site-packages/airflow/example_dags/example_inlet_event_extra.py
[2024-10-23T04:40:55.007+0000] {processor.py:925} INFO - DAG(s) 'read_dataset_event_from_classic', 'read_dataset_event' retrieved from /home/airflow/.local/lib/python3.12/site-packages/airflow/example_dags/example_inlet_event_extra.py
[2024-10-23T04:40:55.025+0000] {logging_mixin.py:190} INFO - [2024-10-23T04:40:55.025+0000] {dag.py:3239} INFO - Sync 2 DAGs
[2024-10-23T04:40:55.043+0000] {logging_mixin.py:190} INFO - [2024-10-23T04:40:55.043+0000] {dag.py:4180} INFO - Setting next_dagrun for read_dataset_event to 2024-10-22 00:00:00+00:00, run_after=2024-10-23 00:00:00+00:00
[2024-10-23T04:40:55.050+0000] {logging_mixin.py:190} INFO - [2024-10-23T04:40:55.050+0000] {dag.py:4180} INFO - Setting next_dagrun for read_dataset_event_from_classic to 2024-10-22 00:00:00+00:00, run_after=2024-10-23 00:00:00+00:00
[2024-10-23T04:40:55.065+0000] {processor.py:208} INFO - Processing /home/airflow/.local/lib/python3.12/site-packages/airflow/example_dags/example_inlet_event_extra.py took 0.196 seconds
[2024-10-23T04:41:25.601+0000] {processor.py:186} INFO - Started process (PID=15962) to work on /home/airflow/.local/lib/python3.12/site-packages/airflow/example_dags/example_inlet_event_extra.py
[2024-10-23T04:41:25.603+0000] {processor.py:914} INFO - Processing file /home/airflow/.local/lib/python3.12/site-packages/airflow/example_dags/example_inlet_event_extra.py for tasks to queue
[2024-10-23T04:41:25.605+0000] {logging_mixin.py:190} INFO - [2024-10-23T04:41:25.604+0000] {dagbag.py:588} INFO - Filling up the DagBag from /home/airflow/.local/lib/python3.12/site-packages/airflow/example_dags/example_inlet_event_extra.py
[2024-10-23T04:41:25.754+0000] {processor.py:925} INFO - DAG(s) 'read_dataset_event_from_classic', 'read_dataset_event' retrieved from /home/airflow/.local/lib/python3.12/site-packages/airflow/example_dags/example_inlet_event_extra.py
[2024-10-23T04:41:25.778+0000] {logging_mixin.py:190} INFO - [2024-10-23T04:41:25.778+0000] {dag.py:3239} INFO - Sync 2 DAGs
[2024-10-23T04:41:25.826+0000] {logging_mixin.py:190} INFO - [2024-10-23T04:41:25.826+0000] {dag.py:4180} INFO - Setting next_dagrun for read_dataset_event to 2024-10-22 00:00:00+00:00, run_after=2024-10-23 00:00:00+00:00
[2024-10-23T04:41:25.835+0000] {logging_mixin.py:190} INFO - [2024-10-23T04:41:25.835+0000] {dag.py:4180} INFO - Setting next_dagrun for read_dataset_event_from_classic to 2024-10-22 00:00:00+00:00, run_after=2024-10-23 00:00:00+00:00
[2024-10-23T04:41:25.852+0000] {processor.py:208} INFO - Processing /home/airflow/.local/lib/python3.12/site-packages/airflow/example_dags/example_inlet_event_extra.py took 0.260 seconds
[2024-10-23T04:41:56.505+0000] {processor.py:186} INFO - Started process (PID=16025) to work on /home/airflow/.local/lib/python3.12/site-packages/airflow/example_dags/example_inlet_event_extra.py
[2024-10-23T04:41:56.507+0000] {processor.py:914} INFO - Processing file /home/airflow/.local/lib/python3.12/site-packages/airflow/example_dags/example_inlet_event_extra.py for tasks to queue
[2024-10-23T04:41:56.509+0000] {logging_mixin.py:190} INFO - [2024-10-23T04:41:56.509+0000] {dagbag.py:588} INFO - Filling up the DagBag from /home/airflow/.local/lib/python3.12/site-packages/airflow/example_dags/example_inlet_event_extra.py
[2024-10-23T04:41:56.652+0000] {processor.py:925} INFO - DAG(s) 'read_dataset_event_from_classic', 'read_dataset_event' retrieved from /home/airflow/.local/lib/python3.12/site-packages/airflow/example_dags/example_inlet_event_extra.py
[2024-10-23T04:41:56.674+0000] {logging_mixin.py:190} INFO - [2024-10-23T04:41:56.674+0000] {dag.py:3239} INFO - Sync 2 DAGs
[2024-10-23T04:41:56.700+0000] {logging_mixin.py:190} INFO - [2024-10-23T04:41:56.700+0000] {dag.py:4180} INFO - Setting next_dagrun for read_dataset_event to 2024-10-22 00:00:00+00:00, run_after=2024-10-23 00:00:00+00:00
[2024-10-23T04:41:56.704+0000] {logging_mixin.py:190} INFO - [2024-10-23T04:41:56.704+0000] {dag.py:4180} INFO - Setting next_dagrun for read_dataset_event_from_classic to 2024-10-22 00:00:00+00:00, run_after=2024-10-23 00:00:00+00:00
[2024-10-23T04:41:56.716+0000] {processor.py:208} INFO - Processing /home/airflow/.local/lib/python3.12/site-packages/airflow/example_dags/example_inlet_event_extra.py took 0.222 seconds
[2024-10-23T04:42:26.753+0000] {processor.py:186} INFO - Started process (PID=16090) to work on /home/airflow/.local/lib/python3.12/site-packages/airflow/example_dags/example_inlet_event_extra.py
[2024-10-23T04:42:26.754+0000] {processor.py:914} INFO - Processing file /home/airflow/.local/lib/python3.12/site-packages/airflow/example_dags/example_inlet_event_extra.py for tasks to queue
[2024-10-23T04:42:26.754+0000] {logging_mixin.py:190} INFO - [2024-10-23T04:42:26.754+0000] {dagbag.py:588} INFO - Filling up the DagBag from /home/airflow/.local/lib/python3.12/site-packages/airflow/example_dags/example_inlet_event_extra.py
[2024-10-23T04:42:26.884+0000] {processor.py:925} INFO - DAG(s) 'read_dataset_event', 'read_dataset_event_from_classic' retrieved from /home/airflow/.local/lib/python3.12/site-packages/airflow/example_dags/example_inlet_event_extra.py
[2024-10-23T04:42:26.897+0000] {logging_mixin.py:190} INFO - [2024-10-23T04:42:26.897+0000] {dag.py:3239} INFO - Sync 2 DAGs
[2024-10-23T04:42:26.913+0000] {logging_mixin.py:190} INFO - [2024-10-23T04:42:26.913+0000] {dag.py:4180} INFO - Setting next_dagrun for read_dataset_event to 2024-10-22 00:00:00+00:00, run_after=2024-10-23 00:00:00+00:00
[2024-10-23T04:42:26.916+0000] {logging_mixin.py:190} INFO - [2024-10-23T04:42:26.916+0000] {dag.py:4180} INFO - Setting next_dagrun for read_dataset_event_from_classic to 2024-10-22 00:00:00+00:00, run_after=2024-10-23 00:00:00+00:00
[2024-10-23T04:42:26.925+0000] {processor.py:208} INFO - Processing /home/airflow/.local/lib/python3.12/site-packages/airflow/example_dags/example_inlet_event_extra.py took 0.179 seconds
[2024-10-23T04:42:57.879+0000] {processor.py:186} INFO - Started process (PID=16154) to work on /home/airflow/.local/lib/python3.12/site-packages/airflow/example_dags/example_inlet_event_extra.py
[2024-10-23T04:42:57.881+0000] {processor.py:914} INFO - Processing file /home/airflow/.local/lib/python3.12/site-packages/airflow/example_dags/example_inlet_event_extra.py for tasks to queue
[2024-10-23T04:42:57.882+0000] {logging_mixin.py:190} INFO - [2024-10-23T04:42:57.882+0000] {dagbag.py:588} INFO - Filling up the DagBag from /home/airflow/.local/lib/python3.12/site-packages/airflow/example_dags/example_inlet_event_extra.py
[2024-10-23T04:42:57.987+0000] {processor.py:925} INFO - DAG(s) 'read_dataset_event', 'read_dataset_event_from_classic' retrieved from /home/airflow/.local/lib/python3.12/site-packages/airflow/example_dags/example_inlet_event_extra.py
[2024-10-23T04:42:58.002+0000] {logging_mixin.py:190} INFO - [2024-10-23T04:42:58.002+0000] {dag.py:3239} INFO - Sync 2 DAGs
[2024-10-23T04:42:58.018+0000] {logging_mixin.py:190} INFO - [2024-10-23T04:42:58.018+0000] {dag.py:4180} INFO - Setting next_dagrun for read_dataset_event to 2024-10-22 00:00:00+00:00, run_after=2024-10-23 00:00:00+00:00
[2024-10-23T04:42:58.021+0000] {logging_mixin.py:190} INFO - [2024-10-23T04:42:58.021+0000] {dag.py:4180} INFO - Setting next_dagrun for read_dataset_event_from_classic to 2024-10-22 00:00:00+00:00, run_after=2024-10-23 00:00:00+00:00
[2024-10-23T04:42:58.030+0000] {processor.py:208} INFO - Processing /home/airflow/.local/lib/python3.12/site-packages/airflow/example_dags/example_inlet_event_extra.py took 0.156 seconds
[2024-10-23T04:43:28.956+0000] {processor.py:186} INFO - Started process (PID=16217) to work on /home/airflow/.local/lib/python3.12/site-packages/airflow/example_dags/example_inlet_event_extra.py
[2024-10-23T04:43:28.957+0000] {processor.py:914} INFO - Processing file /home/airflow/.local/lib/python3.12/site-packages/airflow/example_dags/example_inlet_event_extra.py for tasks to queue
[2024-10-23T04:43:28.958+0000] {logging_mixin.py:190} INFO - [2024-10-23T04:43:28.958+0000] {dagbag.py:588} INFO - Filling up the DagBag from /home/airflow/.local/lib/python3.12/site-packages/airflow/example_dags/example_inlet_event_extra.py
[2024-10-23T04:43:29.078+0000] {processor.py:925} INFO - DAG(s) 'read_dataset_event', 'read_dataset_event_from_classic' retrieved from /home/airflow/.local/lib/python3.12/site-packages/airflow/example_dags/example_inlet_event_extra.py
[2024-10-23T04:43:29.101+0000] {logging_mixin.py:190} INFO - [2024-10-23T04:43:29.101+0000] {dag.py:3239} INFO - Sync 2 DAGs
[2024-10-23T04:43:29.120+0000] {logging_mixin.py:190} INFO - [2024-10-23T04:43:29.120+0000] {dag.py:4180} INFO - Setting next_dagrun for read_dataset_event to 2024-10-22 00:00:00+00:00, run_after=2024-10-23 00:00:00+00:00
[2024-10-23T04:43:29.123+0000] {logging_mixin.py:190} INFO - [2024-10-23T04:43:29.123+0000] {dag.py:4180} INFO - Setting next_dagrun for read_dataset_event_from_classic to 2024-10-22 00:00:00+00:00, run_after=2024-10-23 00:00:00+00:00
[2024-10-23T04:43:29.133+0000] {processor.py:208} INFO - Processing /home/airflow/.local/lib/python3.12/site-packages/airflow/example_dags/example_inlet_event_extra.py took 0.184 seconds
[2024-10-23T04:44:00.125+0000] {processor.py:186} INFO - Started process (PID=16280) to work on /home/airflow/.local/lib/python3.12/site-packages/airflow/example_dags/example_inlet_event_extra.py
[2024-10-23T04:44:00.127+0000] {processor.py:914} INFO - Processing file /home/airflow/.local/lib/python3.12/site-packages/airflow/example_dags/example_inlet_event_extra.py for tasks to queue
[2024-10-23T04:44:00.129+0000] {logging_mixin.py:190} INFO - [2024-10-23T04:44:00.129+0000] {dagbag.py:588} INFO - Filling up the DagBag from /home/airflow/.local/lib/python3.12/site-packages/airflow/example_dags/example_inlet_event_extra.py
[2024-10-23T04:44:00.258+0000] {processor.py:925} INFO - DAG(s) 'read_dataset_event', 'read_dataset_event_from_classic' retrieved from /home/airflow/.local/lib/python3.12/site-packages/airflow/example_dags/example_inlet_event_extra.py
[2024-10-23T04:44:00.274+0000] {logging_mixin.py:190} INFO - [2024-10-23T04:44:00.274+0000] {dag.py:3239} INFO - Sync 2 DAGs
[2024-10-23T04:44:00.291+0000] {logging_mixin.py:190} INFO - [2024-10-23T04:44:00.291+0000] {dag.py:4180} INFO - Setting next_dagrun for read_dataset_event to 2024-10-22 00:00:00+00:00, run_after=2024-10-23 00:00:00+00:00
[2024-10-23T04:44:00.294+0000] {logging_mixin.py:190} INFO - [2024-10-23T04:44:00.294+0000] {dag.py:4180} INFO - Setting next_dagrun for read_dataset_event_from_classic to 2024-10-22 00:00:00+00:00, run_after=2024-10-23 00:00:00+00:00
[2024-10-23T04:44:00.302+0000] {processor.py:208} INFO - Processing /home/airflow/.local/lib/python3.12/site-packages/airflow/example_dags/example_inlet_event_extra.py took 0.184 seconds
[2024-10-23T04:44:31.371+0000] {processor.py:186} INFO - Started process (PID=16343) to work on /home/airflow/.local/lib/python3.12/site-packages/airflow/example_dags/example_inlet_event_extra.py
[2024-10-23T04:44:31.377+0000] {processor.py:914} INFO - Processing file /home/airflow/.local/lib/python3.12/site-packages/airflow/example_dags/example_inlet_event_extra.py for tasks to queue
[2024-10-23T04:44:31.387+0000] {logging_mixin.py:190} INFO - [2024-10-23T04:44:31.381+0000] {dagbag.py:588} INFO - Filling up the DagBag from /home/airflow/.local/lib/python3.12/site-packages/airflow/example_dags/example_inlet_event_extra.py
[2024-10-23T04:44:31.691+0000] {processor.py:925} INFO - DAG(s) 'read_dataset_event_from_classic', 'read_dataset_event' retrieved from /home/airflow/.local/lib/python3.12/site-packages/airflow/example_dags/example_inlet_event_extra.py
[2024-10-23T04:44:31.717+0000] {logging_mixin.py:190} INFO - [2024-10-23T04:44:31.717+0000] {dag.py:3239} INFO - Sync 2 DAGs
[2024-10-23T04:44:31.737+0000] {logging_mixin.py:190} INFO - [2024-10-23T04:44:31.737+0000] {dag.py:4180} INFO - Setting next_dagrun for read_dataset_event to 2024-10-22 00:00:00+00:00, run_after=2024-10-23 00:00:00+00:00
[2024-10-23T04:44:31.741+0000] {logging_mixin.py:190} INFO - [2024-10-23T04:44:31.741+0000] {dag.py:4180} INFO - Setting next_dagrun for read_dataset_event_from_classic to 2024-10-22 00:00:00+00:00, run_after=2024-10-23 00:00:00+00:00
[2024-10-23T04:44:31.752+0000] {processor.py:208} INFO - Processing /home/airflow/.local/lib/python3.12/site-packages/airflow/example_dags/example_inlet_event_extra.py took 0.395 seconds
[2024-10-23T04:45:02.325+0000] {processor.py:186} INFO - Started process (PID=16406) to work on /home/airflow/.local/lib/python3.12/site-packages/airflow/example_dags/example_inlet_event_extra.py
[2024-10-23T04:45:02.326+0000] {processor.py:914} INFO - Processing file /home/airflow/.local/lib/python3.12/site-packages/airflow/example_dags/example_inlet_event_extra.py for tasks to queue
[2024-10-23T04:45:02.327+0000] {logging_mixin.py:190} INFO - [2024-10-23T04:45:02.327+0000] {dagbag.py:588} INFO - Filling up the DagBag from /home/airflow/.local/lib/python3.12/site-packages/airflow/example_dags/example_inlet_event_extra.py
[2024-10-23T04:45:02.437+0000] {processor.py:925} INFO - DAG(s) 'read_dataset_event', 'read_dataset_event_from_classic' retrieved from /home/airflow/.local/lib/python3.12/site-packages/airflow/example_dags/example_inlet_event_extra.py
[2024-10-23T04:45:02.451+0000] {logging_mixin.py:190} INFO - [2024-10-23T04:45:02.451+0000] {dag.py:3239} INFO - Sync 2 DAGs
[2024-10-23T04:45:02.468+0000] {logging_mixin.py:190} INFO - [2024-10-23T04:45:02.468+0000] {dag.py:4180} INFO - Setting next_dagrun for read_dataset_event to 2024-10-22 00:00:00+00:00, run_after=2024-10-23 00:00:00+00:00
[2024-10-23T04:45:02.472+0000] {logging_mixin.py:190} INFO - [2024-10-23T04:45:02.472+0000] {dag.py:4180} INFO - Setting next_dagrun for read_dataset_event_from_classic to 2024-10-22 00:00:00+00:00, run_after=2024-10-23 00:00:00+00:00
[2024-10-23T04:45:02.483+0000] {processor.py:208} INFO - Processing /home/airflow/.local/lib/python3.12/site-packages/airflow/example_dags/example_inlet_event_extra.py took 0.171 seconds
[2024-10-23T04:45:32.511+0000] {processor.py:186} INFO - Started process (PID=16469) to work on /home/airflow/.local/lib/python3.12/site-packages/airflow/example_dags/example_inlet_event_extra.py
[2024-10-23T04:45:32.512+0000] {processor.py:914} INFO - Processing file /home/airflow/.local/lib/python3.12/site-packages/airflow/example_dags/example_inlet_event_extra.py for tasks to queue
[2024-10-23T04:45:32.513+0000] {logging_mixin.py:190} INFO - [2024-10-23T04:45:32.513+0000] {dagbag.py:588} INFO - Filling up the DagBag from /home/airflow/.local/lib/python3.12/site-packages/airflow/example_dags/example_inlet_event_extra.py
[2024-10-23T04:45:32.618+0000] {processor.py:925} INFO - DAG(s) 'read_dataset_event', 'read_dataset_event_from_classic' retrieved from /home/airflow/.local/lib/python3.12/site-packages/airflow/example_dags/example_inlet_event_extra.py
[2024-10-23T04:45:32.637+0000] {logging_mixin.py:190} INFO - [2024-10-23T04:45:32.637+0000] {dag.py:3239} INFO - Sync 2 DAGs
[2024-10-23T04:45:32.670+0000] {logging_mixin.py:190} INFO - [2024-10-23T04:45:32.670+0000] {dag.py:4180} INFO - Setting next_dagrun for read_dataset_event to 2024-10-22 00:00:00+00:00, run_after=2024-10-23 00:00:00+00:00
[2024-10-23T04:45:32.676+0000] {logging_mixin.py:190} INFO - [2024-10-23T04:45:32.676+0000] {dag.py:4180} INFO - Setting next_dagrun for read_dataset_event_from_classic to 2024-10-22 00:00:00+00:00, run_after=2024-10-23 00:00:00+00:00
[2024-10-23T04:45:32.688+0000] {processor.py:208} INFO - Processing /home/airflow/.local/lib/python3.12/site-packages/airflow/example_dags/example_inlet_event_extra.py took 0.180 seconds
[2024-10-23T07:12:07.096+0000] {processor.py:186} INFO - Started process (PID=34474) to work on /home/airflow/.local/lib/python3.12/site-packages/airflow/example_dags/example_inlet_event_extra.py
[2024-10-23T07:12:07.097+0000] {processor.py:914} INFO - Processing file /home/airflow/.local/lib/python3.12/site-packages/airflow/example_dags/example_inlet_event_extra.py for tasks to queue
[2024-10-23T07:12:07.098+0000] {logging_mixin.py:190} INFO - [2024-10-23T07:12:07.097+0000] {dagbag.py:588} INFO - Filling up the DagBag from /home/airflow/.local/lib/python3.12/site-packages/airflow/example_dags/example_inlet_event_extra.py
[2024-10-23T07:12:07.402+0000] {processor.py:925} INFO - DAG(s) 'read_dataset_event', 'read_dataset_event_from_classic' retrieved from /home/airflow/.local/lib/python3.12/site-packages/airflow/example_dags/example_inlet_event_extra.py
[2024-10-23T07:12:07.416+0000] {logging_mixin.py:190} INFO - [2024-10-23T07:12:07.416+0000] {dag.py:3239} INFO - Sync 2 DAGs
[2024-10-23T07:12:07.433+0000] {logging_mixin.py:190} INFO - [2024-10-23T07:12:07.433+0000] {dag.py:4180} INFO - Setting next_dagrun for read_dataset_event to 2024-10-22 00:00:00+00:00, run_after=2024-10-23 00:00:00+00:00
[2024-10-23T07:12:07.438+0000] {logging_mixin.py:190} INFO - [2024-10-23T07:12:07.438+0000] {dag.py:4180} INFO - Setting next_dagrun for read_dataset_event_from_classic to 2024-10-22 00:00:00+00:00, run_after=2024-10-23 00:00:00+00:00
[2024-10-23T07:12:07.454+0000] {processor.py:208} INFO - Processing /home/airflow/.local/lib/python3.12/site-packages/airflow/example_dags/example_inlet_event_extra.py took 0.364 seconds
[2024-10-23T07:12:37.749+0000] {processor.py:186} INFO - Started process (PID=34537) to work on /home/airflow/.local/lib/python3.12/site-packages/airflow/example_dags/example_inlet_event_extra.py
[2024-10-23T07:12:37.750+0000] {processor.py:914} INFO - Processing file /home/airflow/.local/lib/python3.12/site-packages/airflow/example_dags/example_inlet_event_extra.py for tasks to queue
[2024-10-23T07:12:37.751+0000] {logging_mixin.py:190} INFO - [2024-10-23T07:12:37.751+0000] {dagbag.py:588} INFO - Filling up the DagBag from /home/airflow/.local/lib/python3.12/site-packages/airflow/example_dags/example_inlet_event_extra.py
[2024-10-23T07:12:38.026+0000] {processor.py:925} INFO - DAG(s) 'read_dataset_event', 'read_dataset_event_from_classic' retrieved from /home/airflow/.local/lib/python3.12/site-packages/airflow/example_dags/example_inlet_event_extra.py
[2024-10-23T07:12:38.046+0000] {logging_mixin.py:190} INFO - [2024-10-23T07:12:38.046+0000] {dag.py:3239} INFO - Sync 2 DAGs
[2024-10-23T07:12:38.064+0000] {logging_mixin.py:190} INFO - [2024-10-23T07:12:38.064+0000] {dag.py:4180} INFO - Setting next_dagrun for read_dataset_event to 2024-10-22 00:00:00+00:00, run_after=2024-10-23 00:00:00+00:00
[2024-10-23T07:12:38.068+0000] {logging_mixin.py:190} INFO - [2024-10-23T07:12:38.068+0000] {dag.py:4180} INFO - Setting next_dagrun for read_dataset_event_from_classic to 2024-10-22 00:00:00+00:00, run_after=2024-10-23 00:00:00+00:00
[2024-10-23T07:12:38.080+0000] {processor.py:208} INFO - Processing /home/airflow/.local/lib/python3.12/site-packages/airflow/example_dags/example_inlet_event_extra.py took 0.335 seconds
[2024-10-23T07:13:09.049+0000] {processor.py:186} INFO - Started process (PID=34602) to work on /home/airflow/.local/lib/python3.12/site-packages/airflow/example_dags/example_inlet_event_extra.py
[2024-10-23T07:13:09.051+0000] {processor.py:914} INFO - Processing file /home/airflow/.local/lib/python3.12/site-packages/airflow/example_dags/example_inlet_event_extra.py for tasks to queue
[2024-10-23T07:13:09.052+0000] {logging_mixin.py:190} INFO - [2024-10-23T07:13:09.052+0000] {dagbag.py:588} INFO - Filling up the DagBag from /home/airflow/.local/lib/python3.12/site-packages/airflow/example_dags/example_inlet_event_extra.py
[2024-10-23T07:13:09.316+0000] {processor.py:925} INFO - DAG(s) 'read_dataset_event', 'read_dataset_event_from_classic' retrieved from /home/airflow/.local/lib/python3.12/site-packages/airflow/example_dags/example_inlet_event_extra.py
[2024-10-23T07:13:09.330+0000] {logging_mixin.py:190} INFO - [2024-10-23T07:13:09.330+0000] {dag.py:3239} INFO - Sync 2 DAGs
[2024-10-23T07:13:09.346+0000] {logging_mixin.py:190} INFO - [2024-10-23T07:13:09.346+0000] {dag.py:4180} INFO - Setting next_dagrun for read_dataset_event to 2024-10-22 00:00:00+00:00, run_after=2024-10-23 00:00:00+00:00
[2024-10-23T07:13:09.349+0000] {logging_mixin.py:190} INFO - [2024-10-23T07:13:09.349+0000] {dag.py:4180} INFO - Setting next_dagrun for read_dataset_event_from_classic to 2024-10-22 00:00:00+00:00, run_after=2024-10-23 00:00:00+00:00
[2024-10-23T07:13:09.364+0000] {processor.py:208} INFO - Processing /home/airflow/.local/lib/python3.12/site-packages/airflow/example_dags/example_inlet_event_extra.py took 0.323 seconds
[2024-10-23T07:13:39.698+0000] {processor.py:186} INFO - Started process (PID=34665) to work on /home/airflow/.local/lib/python3.12/site-packages/airflow/example_dags/example_inlet_event_extra.py
[2024-10-23T07:13:39.700+0000] {processor.py:914} INFO - Processing file /home/airflow/.local/lib/python3.12/site-packages/airflow/example_dags/example_inlet_event_extra.py for tasks to queue
[2024-10-23T07:13:39.702+0000] {logging_mixin.py:190} INFO - [2024-10-23T07:13:39.701+0000] {dagbag.py:588} INFO - Filling up the DagBag from /home/airflow/.local/lib/python3.12/site-packages/airflow/example_dags/example_inlet_event_extra.py
[2024-10-23T07:13:40.002+0000] {processor.py:925} INFO - DAG(s) 'read_dataset_event', 'read_dataset_event_from_classic' retrieved from /home/airflow/.local/lib/python3.12/site-packages/airflow/example_dags/example_inlet_event_extra.py
[2024-10-23T07:13:40.024+0000] {logging_mixin.py:190} INFO - [2024-10-23T07:13:40.023+0000] {dag.py:3239} INFO - Sync 2 DAGs
[2024-10-23T07:13:40.056+0000] {logging_mixin.py:190} INFO - [2024-10-23T07:13:40.056+0000] {dag.py:4180} INFO - Setting next_dagrun for read_dataset_event to 2024-10-22 00:00:00+00:00, run_after=2024-10-23 00:00:00+00:00
[2024-10-23T07:13:40.070+0000] {logging_mixin.py:190} INFO - [2024-10-23T07:13:40.069+0000] {dag.py:4180} INFO - Setting next_dagrun for read_dataset_event_from_classic to 2024-10-22 00:00:00+00:00, run_after=2024-10-23 00:00:00+00:00
[2024-10-23T07:13:40.094+0000] {processor.py:208} INFO - Processing /home/airflow/.local/lib/python3.12/site-packages/airflow/example_dags/example_inlet_event_extra.py took 0.401 seconds
[2024-10-23T07:14:11.123+0000] {processor.py:186} INFO - Started process (PID=34728) to work on /home/airflow/.local/lib/python3.12/site-packages/airflow/example_dags/example_inlet_event_extra.py
[2024-10-23T07:14:11.124+0000] {processor.py:914} INFO - Processing file /home/airflow/.local/lib/python3.12/site-packages/airflow/example_dags/example_inlet_event_extra.py for tasks to queue
[2024-10-23T07:14:11.125+0000] {logging_mixin.py:190} INFO - [2024-10-23T07:14:11.125+0000] {dagbag.py:588} INFO - Filling up the DagBag from /home/airflow/.local/lib/python3.12/site-packages/airflow/example_dags/example_inlet_event_extra.py
[2024-10-23T07:14:11.549+0000] {processor.py:925} INFO - DAG(s) 'read_dataset_event', 'read_dataset_event_from_classic' retrieved from /home/airflow/.local/lib/python3.12/site-packages/airflow/example_dags/example_inlet_event_extra.py
[2024-10-23T07:14:11.578+0000] {logging_mixin.py:190} INFO - [2024-10-23T07:14:11.578+0000] {dag.py:3239} INFO - Sync 2 DAGs
[2024-10-23T07:14:11.600+0000] {logging_mixin.py:190} INFO - [2024-10-23T07:14:11.600+0000] {dag.py:4180} INFO - Setting next_dagrun for read_dataset_event to 2024-10-22 00:00:00+00:00, run_after=2024-10-23 00:00:00+00:00
[2024-10-23T07:14:11.604+0000] {logging_mixin.py:190} INFO - [2024-10-23T07:14:11.604+0000] {dag.py:4180} INFO - Setting next_dagrun for read_dataset_event_from_classic to 2024-10-22 00:00:00+00:00, run_after=2024-10-23 00:00:00+00:00
[2024-10-23T07:14:11.619+0000] {processor.py:208} INFO - Processing /home/airflow/.local/lib/python3.12/site-packages/airflow/example_dags/example_inlet_event_extra.py took 0.503 seconds
[2024-10-23T07:14:41.926+0000] {processor.py:186} INFO - Started process (PID=34791) to work on /home/airflow/.local/lib/python3.12/site-packages/airflow/example_dags/example_inlet_event_extra.py
[2024-10-23T07:14:41.928+0000] {processor.py:914} INFO - Processing file /home/airflow/.local/lib/python3.12/site-packages/airflow/example_dags/example_inlet_event_extra.py for tasks to queue
[2024-10-23T07:14:41.931+0000] {logging_mixin.py:190} INFO - [2024-10-23T07:14:41.930+0000] {dagbag.py:588} INFO - Filling up the DagBag from /home/airflow/.local/lib/python3.12/site-packages/airflow/example_dags/example_inlet_event_extra.py
[2024-10-23T07:14:42.287+0000] {processor.py:925} INFO - DAG(s) 'read_dataset_event', 'read_dataset_event_from_classic' retrieved from /home/airflow/.local/lib/python3.12/site-packages/airflow/example_dags/example_inlet_event_extra.py
[2024-10-23T07:14:42.307+0000] {logging_mixin.py:190} INFO - [2024-10-23T07:14:42.307+0000] {dag.py:3239} INFO - Sync 2 DAGs
[2024-10-23T07:14:42.324+0000] {logging_mixin.py:190} INFO - [2024-10-23T07:14:42.324+0000] {dag.py:4180} INFO - Setting next_dagrun for read_dataset_event to 2024-10-22 00:00:00+00:00, run_after=2024-10-23 00:00:00+00:00
[2024-10-23T07:14:42.327+0000] {logging_mixin.py:190} INFO - [2024-10-23T07:14:42.327+0000] {dag.py:4180} INFO - Setting next_dagrun for read_dataset_event_from_classic to 2024-10-22 00:00:00+00:00, run_after=2024-10-23 00:00:00+00:00
[2024-10-23T07:14:42.341+0000] {processor.py:208} INFO - Processing /home/airflow/.local/lib/python3.12/site-packages/airflow/example_dags/example_inlet_event_extra.py took 0.427 seconds
[2024-10-23T07:15:12.600+0000] {processor.py:186} INFO - Started process (PID=34854) to work on /home/airflow/.local/lib/python3.12/site-packages/airflow/example_dags/example_inlet_event_extra.py
[2024-10-23T07:15:12.601+0000] {processor.py:914} INFO - Processing file /home/airflow/.local/lib/python3.12/site-packages/airflow/example_dags/example_inlet_event_extra.py for tasks to queue
[2024-10-23T07:15:12.602+0000] {logging_mixin.py:190} INFO - [2024-10-23T07:15:12.602+0000] {dagbag.py:588} INFO - Filling up the DagBag from /home/airflow/.local/lib/python3.12/site-packages/airflow/example_dags/example_inlet_event_extra.py
[2024-10-23T07:15:13.080+0000] {processor.py:925} INFO - DAG(s) 'read_dataset_event', 'read_dataset_event_from_classic' retrieved from /home/airflow/.local/lib/python3.12/site-packages/airflow/example_dags/example_inlet_event_extra.py
[2024-10-23T07:15:13.109+0000] {logging_mixin.py:190} INFO - [2024-10-23T07:15:13.108+0000] {dag.py:3239} INFO - Sync 2 DAGs
[2024-10-23T07:15:13.126+0000] {logging_mixin.py:190} INFO - [2024-10-23T07:15:13.126+0000] {dag.py:4180} INFO - Setting next_dagrun for read_dataset_event to 2024-10-22 00:00:00+00:00, run_after=2024-10-23 00:00:00+00:00
[2024-10-23T07:15:13.130+0000] {logging_mixin.py:190} INFO - [2024-10-23T07:15:13.130+0000] {dag.py:4180} INFO - Setting next_dagrun for read_dataset_event_from_classic to 2024-10-22 00:00:00+00:00, run_after=2024-10-23 00:00:00+00:00
[2024-10-23T07:15:13.141+0000] {processor.py:208} INFO - Processing /home/airflow/.local/lib/python3.12/site-packages/airflow/example_dags/example_inlet_event_extra.py took 0.545 seconds
[2024-10-23T07:15:43.628+0000] {processor.py:186} INFO - Started process (PID=34915) to work on /home/airflow/.local/lib/python3.12/site-packages/airflow/example_dags/example_inlet_event_extra.py
[2024-10-23T07:15:43.634+0000] {processor.py:914} INFO - Processing file /home/airflow/.local/lib/python3.12/site-packages/airflow/example_dags/example_inlet_event_extra.py for tasks to queue
[2024-10-23T07:15:43.636+0000] {logging_mixin.py:190} INFO - [2024-10-23T07:15:43.636+0000] {dagbag.py:588} INFO - Filling up the DagBag from /home/airflow/.local/lib/python3.12/site-packages/airflow/example_dags/example_inlet_event_extra.py
[2024-10-23T07:15:44.003+0000] {processor.py:925} INFO - DAG(s) 'read_dataset_event', 'read_dataset_event_from_classic' retrieved from /home/airflow/.local/lib/python3.12/site-packages/airflow/example_dags/example_inlet_event_extra.py
[2024-10-23T07:15:44.028+0000] {logging_mixin.py:190} INFO - [2024-10-23T07:15:44.028+0000] {dag.py:3239} INFO - Sync 2 DAGs
[2024-10-23T07:15:44.075+0000] {logging_mixin.py:190} INFO - [2024-10-23T07:15:44.075+0000] {dag.py:4180} INFO - Setting next_dagrun for read_dataset_event to 2024-10-22 00:00:00+00:00, run_after=2024-10-23 00:00:00+00:00
[2024-10-23T07:15:44.081+0000] {logging_mixin.py:190} INFO - [2024-10-23T07:15:44.081+0000] {dag.py:4180} INFO - Setting next_dagrun for read_dataset_event_from_classic to 2024-10-22 00:00:00+00:00, run_after=2024-10-23 00:00:00+00:00
[2024-10-23T07:15:44.100+0000] {processor.py:208} INFO - Processing /home/airflow/.local/lib/python3.12/site-packages/airflow/example_dags/example_inlet_event_extra.py took 0.482 seconds
[2024-10-23T07:16:14.860+0000] {processor.py:186} INFO - Started process (PID=34979) to work on /home/airflow/.local/lib/python3.12/site-packages/airflow/example_dags/example_inlet_event_extra.py
[2024-10-23T07:16:14.862+0000] {processor.py:914} INFO - Processing file /home/airflow/.local/lib/python3.12/site-packages/airflow/example_dags/example_inlet_event_extra.py for tasks to queue
[2024-10-23T07:16:14.865+0000] {logging_mixin.py:190} INFO - [2024-10-23T07:16:14.864+0000] {dagbag.py:588} INFO - Filling up the DagBag from /home/airflow/.local/lib/python3.12/site-packages/airflow/example_dags/example_inlet_event_extra.py
[2024-10-23T07:16:15.380+0000] {processor.py:925} INFO - DAG(s) 'read_dataset_event', 'read_dataset_event_from_classic' retrieved from /home/airflow/.local/lib/python3.12/site-packages/airflow/example_dags/example_inlet_event_extra.py
[2024-10-23T07:16:15.419+0000] {logging_mixin.py:190} INFO - [2024-10-23T07:16:15.418+0000] {dag.py:3239} INFO - Sync 2 DAGs
[2024-10-23T07:16:15.464+0000] {logging_mixin.py:190} INFO - [2024-10-23T07:16:15.464+0000] {dag.py:4180} INFO - Setting next_dagrun for read_dataset_event to 2024-10-22 00:00:00+00:00, run_after=2024-10-23 00:00:00+00:00
[2024-10-23T07:16:15.469+0000] {logging_mixin.py:190} INFO - [2024-10-23T07:16:15.469+0000] {dag.py:4180} INFO - Setting next_dagrun for read_dataset_event_from_classic to 2024-10-22 00:00:00+00:00, run_after=2024-10-23 00:00:00+00:00
[2024-10-23T07:16:15.483+0000] {processor.py:208} INFO - Processing /home/airflow/.local/lib/python3.12/site-packages/airflow/example_dags/example_inlet_event_extra.py took 0.637 seconds
[2024-10-23T07:16:45.542+0000] {processor.py:186} INFO - Started process (PID=35042) to work on /home/airflow/.local/lib/python3.12/site-packages/airflow/example_dags/example_inlet_event_extra.py
[2024-10-23T07:16:45.543+0000] {processor.py:914} INFO - Processing file /home/airflow/.local/lib/python3.12/site-packages/airflow/example_dags/example_inlet_event_extra.py for tasks to queue
[2024-10-23T07:16:45.544+0000] {logging_mixin.py:190} INFO - [2024-10-23T07:16:45.544+0000] {dagbag.py:588} INFO - Filling up the DagBag from /home/airflow/.local/lib/python3.12/site-packages/airflow/example_dags/example_inlet_event_extra.py
[2024-10-23T07:16:45.662+0000] {processor.py:925} INFO - DAG(s) 'read_dataset_event', 'read_dataset_event_from_classic' retrieved from /home/airflow/.local/lib/python3.12/site-packages/airflow/example_dags/example_inlet_event_extra.py
[2024-10-23T07:16:45.676+0000] {logging_mixin.py:190} INFO - [2024-10-23T07:16:45.676+0000] {dag.py:3239} INFO - Sync 2 DAGs
[2024-10-23T07:16:45.692+0000] {logging_mixin.py:190} INFO - [2024-10-23T07:16:45.691+0000] {dag.py:4180} INFO - Setting next_dagrun for read_dataset_event to 2024-10-22 00:00:00+00:00, run_after=2024-10-23 00:00:00+00:00
[2024-10-23T07:16:45.694+0000] {logging_mixin.py:190} INFO - [2024-10-23T07:16:45.694+0000] {dag.py:4180} INFO - Setting next_dagrun for read_dataset_event_from_classic to 2024-10-22 00:00:00+00:00, run_after=2024-10-23 00:00:00+00:00
[2024-10-23T07:16:45.703+0000] {processor.py:208} INFO - Processing /home/airflow/.local/lib/python3.12/site-packages/airflow/example_dags/example_inlet_event_extra.py took 0.166 seconds
[2024-10-23T07:17:15.761+0000] {processor.py:186} INFO - Started process (PID=35106) to work on /home/airflow/.local/lib/python3.12/site-packages/airflow/example_dags/example_inlet_event_extra.py
[2024-10-23T07:17:15.762+0000] {processor.py:914} INFO - Processing file /home/airflow/.local/lib/python3.12/site-packages/airflow/example_dags/example_inlet_event_extra.py for tasks to queue
[2024-10-23T07:17:15.763+0000] {logging_mixin.py:190} INFO - [2024-10-23T07:17:15.762+0000] {dagbag.py:588} INFO - Filling up the DagBag from /home/airflow/.local/lib/python3.12/site-packages/airflow/example_dags/example_inlet_event_extra.py
[2024-10-23T07:17:15.912+0000] {processor.py:925} INFO - DAG(s) 'read_dataset_event', 'read_dataset_event_from_classic' retrieved from /home/airflow/.local/lib/python3.12/site-packages/airflow/example_dags/example_inlet_event_extra.py
[2024-10-23T07:17:15.928+0000] {logging_mixin.py:190} INFO - [2024-10-23T07:17:15.928+0000] {dag.py:3239} INFO - Sync 2 DAGs
[2024-10-23T07:17:15.945+0000] {logging_mixin.py:190} INFO - [2024-10-23T07:17:15.945+0000] {dag.py:4180} INFO - Setting next_dagrun for read_dataset_event to 2024-10-22 00:00:00+00:00, run_after=2024-10-23 00:00:00+00:00
[2024-10-23T07:17:15.948+0000] {logging_mixin.py:190} INFO - [2024-10-23T07:17:15.948+0000] {dag.py:4180} INFO - Setting next_dagrun for read_dataset_event_from_classic to 2024-10-22 00:00:00+00:00, run_after=2024-10-23 00:00:00+00:00
[2024-10-23T07:17:15.959+0000] {processor.py:208} INFO - Processing /home/airflow/.local/lib/python3.12/site-packages/airflow/example_dags/example_inlet_event_extra.py took 0.203 seconds
[2024-10-23T07:17:46.284+0000] {processor.py:186} INFO - Started process (PID=35168) to work on /home/airflow/.local/lib/python3.12/site-packages/airflow/example_dags/example_inlet_event_extra.py
[2024-10-23T07:17:46.286+0000] {processor.py:914} INFO - Processing file /home/airflow/.local/lib/python3.12/site-packages/airflow/example_dags/example_inlet_event_extra.py for tasks to queue
[2024-10-23T07:17:46.287+0000] {logging_mixin.py:190} INFO - [2024-10-23T07:17:46.287+0000] {dagbag.py:588} INFO - Filling up the DagBag from /home/airflow/.local/lib/python3.12/site-packages/airflow/example_dags/example_inlet_event_extra.py
[2024-10-23T07:17:46.449+0000] {processor.py:925} INFO - DAG(s) 'read_dataset_event', 'read_dataset_event_from_classic' retrieved from /home/airflow/.local/lib/python3.12/site-packages/airflow/example_dags/example_inlet_event_extra.py
[2024-10-23T07:17:46.471+0000] {logging_mixin.py:190} INFO - [2024-10-23T07:17:46.471+0000] {dag.py:3239} INFO - Sync 2 DAGs
[2024-10-23T07:17:46.501+0000] {logging_mixin.py:190} INFO - [2024-10-23T07:17:46.500+0000] {dag.py:4180} INFO - Setting next_dagrun for read_dataset_event to 2024-10-22 00:00:00+00:00, run_after=2024-10-23 00:00:00+00:00
[2024-10-23T07:17:46.504+0000] {logging_mixin.py:190} INFO - [2024-10-23T07:17:46.504+0000] {dag.py:4180} INFO - Setting next_dagrun for read_dataset_event_from_classic to 2024-10-22 00:00:00+00:00, run_after=2024-10-23 00:00:00+00:00
[2024-10-23T07:17:46.515+0000] {processor.py:208} INFO - Processing /home/airflow/.local/lib/python3.12/site-packages/airflow/example_dags/example_inlet_event_extra.py took 0.237 seconds
[2024-10-23T07:18:16.719+0000] {processor.py:186} INFO - Started process (PID=35231) to work on /home/airflow/.local/lib/python3.12/site-packages/airflow/example_dags/example_inlet_event_extra.py
[2024-10-23T07:18:16.725+0000] {processor.py:914} INFO - Processing file /home/airflow/.local/lib/python3.12/site-packages/airflow/example_dags/example_inlet_event_extra.py for tasks to queue
[2024-10-23T07:18:16.728+0000] {logging_mixin.py:190} INFO - [2024-10-23T07:18:16.727+0000] {dagbag.py:588} INFO - Filling up the DagBag from /home/airflow/.local/lib/python3.12/site-packages/airflow/example_dags/example_inlet_event_extra.py
[2024-10-23T07:18:16.887+0000] {processor.py:925} INFO - DAG(s) 'read_dataset_event', 'read_dataset_event_from_classic' retrieved from /home/airflow/.local/lib/python3.12/site-packages/airflow/example_dags/example_inlet_event_extra.py
[2024-10-23T07:18:16.910+0000] {logging_mixin.py:190} INFO - [2024-10-23T07:18:16.910+0000] {dag.py:3239} INFO - Sync 2 DAGs
[2024-10-23T07:18:16.932+0000] {logging_mixin.py:190} INFO - [2024-10-23T07:18:16.932+0000] {dag.py:4180} INFO - Setting next_dagrun for read_dataset_event to 2024-10-22 00:00:00+00:00, run_after=2024-10-23 00:00:00+00:00
[2024-10-23T07:18:16.936+0000] {logging_mixin.py:190} INFO - [2024-10-23T07:18:16.936+0000] {dag.py:4180} INFO - Setting next_dagrun for read_dataset_event_from_classic to 2024-10-22 00:00:00+00:00, run_after=2024-10-23 00:00:00+00:00
[2024-10-23T07:18:16.953+0000] {processor.py:208} INFO - Processing /home/airflow/.local/lib/python3.12/site-packages/airflow/example_dags/example_inlet_event_extra.py took 0.260 seconds
[2024-10-23T07:18:47.547+0000] {processor.py:186} INFO - Started process (PID=35294) to work on /home/airflow/.local/lib/python3.12/site-packages/airflow/example_dags/example_inlet_event_extra.py
[2024-10-23T07:18:47.552+0000] {processor.py:914} INFO - Processing file /home/airflow/.local/lib/python3.12/site-packages/airflow/example_dags/example_inlet_event_extra.py for tasks to queue
[2024-10-23T07:18:47.553+0000] {logging_mixin.py:190} INFO - [2024-10-23T07:18:47.553+0000] {dagbag.py:588} INFO - Filling up the DagBag from /home/airflow/.local/lib/python3.12/site-packages/airflow/example_dags/example_inlet_event_extra.py
[2024-10-23T07:18:47.689+0000] {processor.py:925} INFO - DAG(s) 'read_dataset_event_from_classic', 'read_dataset_event' retrieved from /home/airflow/.local/lib/python3.12/site-packages/airflow/example_dags/example_inlet_event_extra.py
[2024-10-23T07:18:47.713+0000] {logging_mixin.py:190} INFO - [2024-10-23T07:18:47.712+0000] {dag.py:3239} INFO - Sync 2 DAGs
[2024-10-23T07:18:47.733+0000] {logging_mixin.py:190} INFO - [2024-10-23T07:18:47.733+0000] {dag.py:4180} INFO - Setting next_dagrun for read_dataset_event to 2024-10-22 00:00:00+00:00, run_after=2024-10-23 00:00:00+00:00
[2024-10-23T07:18:47.736+0000] {logging_mixin.py:190} INFO - [2024-10-23T07:18:47.736+0000] {dag.py:4180} INFO - Setting next_dagrun for read_dataset_event_from_classic to 2024-10-22 00:00:00+00:00, run_after=2024-10-23 00:00:00+00:00
[2024-10-23T07:18:47.748+0000] {processor.py:208} INFO - Processing /home/airflow/.local/lib/python3.12/site-packages/airflow/example_dags/example_inlet_event_extra.py took 0.208 seconds
[2024-10-23T07:19:18.179+0000] {processor.py:186} INFO - Started process (PID=35359) to work on /home/airflow/.local/lib/python3.12/site-packages/airflow/example_dags/example_inlet_event_extra.py
[2024-10-23T07:19:18.182+0000] {processor.py:914} INFO - Processing file /home/airflow/.local/lib/python3.12/site-packages/airflow/example_dags/example_inlet_event_extra.py for tasks to queue
[2024-10-23T07:19:18.186+0000] {logging_mixin.py:190} INFO - [2024-10-23T07:19:18.185+0000] {dagbag.py:588} INFO - Filling up the DagBag from /home/airflow/.local/lib/python3.12/site-packages/airflow/example_dags/example_inlet_event_extra.py
[2024-10-23T07:19:18.324+0000] {processor.py:925} INFO - DAG(s) 'read_dataset_event_from_classic', 'read_dataset_event' retrieved from /home/airflow/.local/lib/python3.12/site-packages/airflow/example_dags/example_inlet_event_extra.py
[2024-10-23T07:19:18.351+0000] {logging_mixin.py:190} INFO - [2024-10-23T07:19:18.351+0000] {dag.py:3239} INFO - Sync 2 DAGs
[2024-10-23T07:19:18.370+0000] {logging_mixin.py:190} INFO - [2024-10-23T07:19:18.369+0000] {dag.py:4180} INFO - Setting next_dagrun for read_dataset_event to 2024-10-22 00:00:00+00:00, run_after=2024-10-23 00:00:00+00:00
[2024-10-23T07:19:18.372+0000] {logging_mixin.py:190} INFO - [2024-10-23T07:19:18.372+0000] {dag.py:4180} INFO - Setting next_dagrun for read_dataset_event_from_classic to 2024-10-22 00:00:00+00:00, run_after=2024-10-23 00:00:00+00:00
[2024-10-23T07:19:18.383+0000] {processor.py:208} INFO - Processing /home/airflow/.local/lib/python3.12/site-packages/airflow/example_dags/example_inlet_event_extra.py took 0.212 seconds
[2024-10-23T07:19:48.916+0000] {processor.py:186} INFO - Started process (PID=35423) to work on /home/airflow/.local/lib/python3.12/site-packages/airflow/example_dags/example_inlet_event_extra.py
[2024-10-23T07:19:48.917+0000] {processor.py:914} INFO - Processing file /home/airflow/.local/lib/python3.12/site-packages/airflow/example_dags/example_inlet_event_extra.py for tasks to queue
[2024-10-23T07:19:48.918+0000] {logging_mixin.py:190} INFO - [2024-10-23T07:19:48.918+0000] {dagbag.py:588} INFO - Filling up the DagBag from /home/airflow/.local/lib/python3.12/site-packages/airflow/example_dags/example_inlet_event_extra.py
[2024-10-23T07:19:49.079+0000] {processor.py:925} INFO - DAG(s) 'read_dataset_event_from_classic', 'read_dataset_event' retrieved from /home/airflow/.local/lib/python3.12/site-packages/airflow/example_dags/example_inlet_event_extra.py
[2024-10-23T07:19:49.095+0000] {logging_mixin.py:190} INFO - [2024-10-23T07:19:49.095+0000] {dag.py:3239} INFO - Sync 2 DAGs
[2024-10-23T07:19:49.111+0000] {logging_mixin.py:190} INFO - [2024-10-23T07:19:49.111+0000] {dag.py:4180} INFO - Setting next_dagrun for read_dataset_event to 2024-10-22 00:00:00+00:00, run_after=2024-10-23 00:00:00+00:00
[2024-10-23T07:19:49.114+0000] {logging_mixin.py:190} INFO - [2024-10-23T07:19:49.114+0000] {dag.py:4180} INFO - Setting next_dagrun for read_dataset_event_from_classic to 2024-10-22 00:00:00+00:00, run_after=2024-10-23 00:00:00+00:00
[2024-10-23T07:19:49.123+0000] {processor.py:208} INFO - Processing /home/airflow/.local/lib/python3.12/site-packages/airflow/example_dags/example_inlet_event_extra.py took 0.214 seconds
