[2024-10-23T02:32:07.847+0000] {processor.py:186} INFO - Started process (PID=13749) to work on /home/airflow/.local/lib/python3.12/site-packages/airflow/example_dags/example_latest_only_with_trigger.py
[2024-10-23T02:32:07.848+0000] {processor.py:914} INFO - Processing file /home/airflow/.local/lib/python3.12/site-packages/airflow/example_dags/example_latest_only_with_trigger.py for tasks to queue
[2024-10-23T02:32:07.849+0000] {logging_mixin.py:190} INFO - [2024-10-23T02:32:07.849+0000] {dagbag.py:588} INFO - Filling up the DagBag from /home/airflow/.local/lib/python3.12/site-packages/airflow/example_dags/example_latest_only_with_trigger.py
[2024-10-23T02:32:07.859+0000] {processor.py:925} INFO - DAG(s) 'latest_only_with_trigger' retrieved from /home/airflow/.local/lib/python3.12/site-packages/airflow/example_dags/example_latest_only_with_trigger.py
[2024-10-23T02:32:07.885+0000] {logging_mixin.py:190} INFO - [2024-10-23T02:32:07.885+0000] {dag.py:3239} INFO - Sync 1 DAGs
[2024-10-23T02:32:07.905+0000] {logging_mixin.py:190} INFO - [2024-10-23T02:32:07.905+0000] {dag.py:4180} INFO - Setting next_dagrun for latest_only_with_trigger to 2024-10-22 20:00:00+00:00, run_after=2024-10-23 00:00:00+00:00
[2024-10-23T02:32:07.920+0000] {processor.py:208} INFO - Processing /home/airflow/.local/lib/python3.12/site-packages/airflow/example_dags/example_latest_only_with_trigger.py took 0.078 seconds
[2024-10-23T04:23:45.542+0000] {processor.py:186} INFO - Started process (PID=13812) to work on /home/airflow/.local/lib/python3.12/site-packages/airflow/example_dags/example_latest_only_with_trigger.py
[2024-10-23T04:23:45.543+0000] {processor.py:914} INFO - Processing file /home/airflow/.local/lib/python3.12/site-packages/airflow/example_dags/example_latest_only_with_trigger.py for tasks to queue
[2024-10-23T04:23:45.546+0000] {logging_mixin.py:190} INFO - [2024-10-23T04:23:45.545+0000] {dagbag.py:588} INFO - Filling up the DagBag from /home/airflow/.local/lib/python3.12/site-packages/airflow/example_dags/example_latest_only_with_trigger.py
[2024-10-23T04:23:45.554+0000] {processor.py:925} INFO - DAG(s) 'latest_only_with_trigger' retrieved from /home/airflow/.local/lib/python3.12/site-packages/airflow/example_dags/example_latest_only_with_trigger.py
[2024-10-23T04:23:45.568+0000] {logging_mixin.py:190} INFO - [2024-10-23T04:23:45.568+0000] {dag.py:3239} INFO - Sync 1 DAGs
[2024-10-23T04:23:45.591+0000] {logging_mixin.py:190} INFO - [2024-10-23T04:23:45.591+0000] {dag.py:4180} INFO - Setting next_dagrun for latest_only_with_trigger to 2024-10-23 00:00:00+00:00, run_after=2024-10-23 04:00:00+00:00
[2024-10-23T04:23:45.610+0000] {processor.py:208} INFO - Processing /home/airflow/.local/lib/python3.12/site-packages/airflow/example_dags/example_latest_only_with_trigger.py took 0.073 seconds
[2024-10-23T04:24:16.753+0000] {processor.py:186} INFO - Started process (PID=13875) to work on /home/airflow/.local/lib/python3.12/site-packages/airflow/example_dags/example_latest_only_with_trigger.py
[2024-10-23T04:24:16.756+0000] {processor.py:914} INFO - Processing file /home/airflow/.local/lib/python3.12/site-packages/airflow/example_dags/example_latest_only_with_trigger.py for tasks to queue
[2024-10-23T04:24:16.756+0000] {logging_mixin.py:190} INFO - [2024-10-23T04:24:16.756+0000] {dagbag.py:588} INFO - Filling up the DagBag from /home/airflow/.local/lib/python3.12/site-packages/airflow/example_dags/example_latest_only_with_trigger.py
[2024-10-23T04:24:16.764+0000] {processor.py:925} INFO - DAG(s) 'latest_only_with_trigger' retrieved from /home/airflow/.local/lib/python3.12/site-packages/airflow/example_dags/example_latest_only_with_trigger.py
[2024-10-23T04:24:16.783+0000] {logging_mixin.py:190} INFO - [2024-10-23T04:24:16.783+0000] {dag.py:3239} INFO - Sync 1 DAGs
[2024-10-23T04:24:16.799+0000] {logging_mixin.py:190} INFO - [2024-10-23T04:24:16.799+0000] {dag.py:4180} INFO - Setting next_dagrun for latest_only_with_trigger to 2024-10-23 00:00:00+00:00, run_after=2024-10-23 04:00:00+00:00
[2024-10-23T04:24:16.813+0000] {processor.py:208} INFO - Processing /home/airflow/.local/lib/python3.12/site-packages/airflow/example_dags/example_latest_only_with_trigger.py took 0.063 seconds
[2024-10-23T04:24:47.263+0000] {processor.py:186} INFO - Started process (PID=13938) to work on /home/airflow/.local/lib/python3.12/site-packages/airflow/example_dags/example_latest_only_with_trigger.py
[2024-10-23T04:24:47.264+0000] {processor.py:914} INFO - Processing file /home/airflow/.local/lib/python3.12/site-packages/airflow/example_dags/example_latest_only_with_trigger.py for tasks to queue
[2024-10-23T04:24:47.265+0000] {logging_mixin.py:190} INFO - [2024-10-23T04:24:47.265+0000] {dagbag.py:588} INFO - Filling up the DagBag from /home/airflow/.local/lib/python3.12/site-packages/airflow/example_dags/example_latest_only_with_trigger.py
[2024-10-23T04:24:47.274+0000] {processor.py:925} INFO - DAG(s) 'latest_only_with_trigger' retrieved from /home/airflow/.local/lib/python3.12/site-packages/airflow/example_dags/example_latest_only_with_trigger.py
[2024-10-23T04:24:47.292+0000] {logging_mixin.py:190} INFO - [2024-10-23T04:24:47.292+0000] {dag.py:3239} INFO - Sync 1 DAGs
[2024-10-23T04:24:47.308+0000] {logging_mixin.py:190} INFO - [2024-10-23T04:24:47.308+0000] {dag.py:4180} INFO - Setting next_dagrun for latest_only_with_trigger to 2024-10-23 00:00:00+00:00, run_after=2024-10-23 04:00:00+00:00
[2024-10-23T04:24:47.320+0000] {processor.py:208} INFO - Processing /home/airflow/.local/lib/python3.12/site-packages/airflow/example_dags/example_latest_only_with_trigger.py took 0.062 seconds
[2024-10-23T04:25:17.732+0000] {processor.py:186} INFO - Started process (PID=14001) to work on /home/airflow/.local/lib/python3.12/site-packages/airflow/example_dags/example_latest_only_with_trigger.py
[2024-10-23T04:25:17.733+0000] {processor.py:914} INFO - Processing file /home/airflow/.local/lib/python3.12/site-packages/airflow/example_dags/example_latest_only_with_trigger.py for tasks to queue
[2024-10-23T04:25:17.734+0000] {logging_mixin.py:190} INFO - [2024-10-23T04:25:17.733+0000] {dagbag.py:588} INFO - Filling up the DagBag from /home/airflow/.local/lib/python3.12/site-packages/airflow/example_dags/example_latest_only_with_trigger.py
[2024-10-23T04:25:17.742+0000] {processor.py:925} INFO - DAG(s) 'latest_only_with_trigger' retrieved from /home/airflow/.local/lib/python3.12/site-packages/airflow/example_dags/example_latest_only_with_trigger.py
[2024-10-23T04:25:17.756+0000] {logging_mixin.py:190} INFO - [2024-10-23T04:25:17.756+0000] {dag.py:3239} INFO - Sync 1 DAGs
[2024-10-23T04:25:17.776+0000] {logging_mixin.py:190} INFO - [2024-10-23T04:25:17.776+0000] {dag.py:4180} INFO - Setting next_dagrun for latest_only_with_trigger to 2024-10-23 00:00:00+00:00, run_after=2024-10-23 04:00:00+00:00
[2024-10-23T04:25:17.789+0000] {processor.py:208} INFO - Processing /home/airflow/.local/lib/python3.12/site-packages/airflow/example_dags/example_latest_only_with_trigger.py took 0.061 seconds
[2024-10-23T04:25:48.493+0000] {processor.py:186} INFO - Started process (PID=14064) to work on /home/airflow/.local/lib/python3.12/site-packages/airflow/example_dags/example_latest_only_with_trigger.py
[2024-10-23T04:25:48.495+0000] {processor.py:914} INFO - Processing file /home/airflow/.local/lib/python3.12/site-packages/airflow/example_dags/example_latest_only_with_trigger.py for tasks to queue
[2024-10-23T04:25:48.496+0000] {logging_mixin.py:190} INFO - [2024-10-23T04:25:48.495+0000] {dagbag.py:588} INFO - Filling up the DagBag from /home/airflow/.local/lib/python3.12/site-packages/airflow/example_dags/example_latest_only_with_trigger.py
[2024-10-23T04:25:48.504+0000] {processor.py:925} INFO - DAG(s) 'latest_only_with_trigger' retrieved from /home/airflow/.local/lib/python3.12/site-packages/airflow/example_dags/example_latest_only_with_trigger.py
[2024-10-23T04:25:48.519+0000] {logging_mixin.py:190} INFO - [2024-10-23T04:25:48.519+0000] {dag.py:3239} INFO - Sync 1 DAGs
[2024-10-23T04:25:48.538+0000] {logging_mixin.py:190} INFO - [2024-10-23T04:25:48.538+0000] {dag.py:4180} INFO - Setting next_dagrun for latest_only_with_trigger to 2024-10-23 00:00:00+00:00, run_after=2024-10-23 04:00:00+00:00
[2024-10-23T04:25:48.557+0000] {processor.py:208} INFO - Processing /home/airflow/.local/lib/python3.12/site-packages/airflow/example_dags/example_latest_only_with_trigger.py took 0.069 seconds
[2024-10-23T04:26:20.220+0000] {processor.py:186} INFO - Started process (PID=14127) to work on /home/airflow/.local/lib/python3.12/site-packages/airflow/example_dags/example_latest_only_with_trigger.py
[2024-10-23T04:26:20.221+0000] {processor.py:914} INFO - Processing file /home/airflow/.local/lib/python3.12/site-packages/airflow/example_dags/example_latest_only_with_trigger.py for tasks to queue
[2024-10-23T04:26:20.221+0000] {logging_mixin.py:190} INFO - [2024-10-23T04:26:20.221+0000] {dagbag.py:588} INFO - Filling up the DagBag from /home/airflow/.local/lib/python3.12/site-packages/airflow/example_dags/example_latest_only_with_trigger.py
[2024-10-23T04:26:20.228+0000] {processor.py:925} INFO - DAG(s) 'latest_only_with_trigger' retrieved from /home/airflow/.local/lib/python3.12/site-packages/airflow/example_dags/example_latest_only_with_trigger.py
[2024-10-23T04:26:20.247+0000] {logging_mixin.py:190} INFO - [2024-10-23T04:26:20.247+0000] {dag.py:3239} INFO - Sync 1 DAGs
[2024-10-23T04:26:20.263+0000] {logging_mixin.py:190} INFO - [2024-10-23T04:26:20.263+0000] {dag.py:4180} INFO - Setting next_dagrun for latest_only_with_trigger to 2024-10-23 00:00:00+00:00, run_after=2024-10-23 04:00:00+00:00
[2024-10-23T04:26:20.274+0000] {processor.py:208} INFO - Processing /home/airflow/.local/lib/python3.12/site-packages/airflow/example_dags/example_latest_only_with_trigger.py took 0.059 seconds
[2024-10-23T04:26:50.756+0000] {processor.py:186} INFO - Started process (PID=14190) to work on /home/airflow/.local/lib/python3.12/site-packages/airflow/example_dags/example_latest_only_with_trigger.py
[2024-10-23T04:26:50.757+0000] {processor.py:914} INFO - Processing file /home/airflow/.local/lib/python3.12/site-packages/airflow/example_dags/example_latest_only_with_trigger.py for tasks to queue
[2024-10-23T04:26:50.758+0000] {logging_mixin.py:190} INFO - [2024-10-23T04:26:50.758+0000] {dagbag.py:588} INFO - Filling up the DagBag from /home/airflow/.local/lib/python3.12/site-packages/airflow/example_dags/example_latest_only_with_trigger.py
[2024-10-23T04:26:50.764+0000] {processor.py:925} INFO - DAG(s) 'latest_only_with_trigger' retrieved from /home/airflow/.local/lib/python3.12/site-packages/airflow/example_dags/example_latest_only_with_trigger.py
[2024-10-23T04:26:50.781+0000] {logging_mixin.py:190} INFO - [2024-10-23T04:26:50.781+0000] {dag.py:3239} INFO - Sync 1 DAGs
[2024-10-23T04:26:50.796+0000] {logging_mixin.py:190} INFO - [2024-10-23T04:26:50.796+0000] {dag.py:4180} INFO - Setting next_dagrun for latest_only_with_trigger to 2024-10-23 00:00:00+00:00, run_after=2024-10-23 04:00:00+00:00
[2024-10-23T04:26:50.809+0000] {processor.py:208} INFO - Processing /home/airflow/.local/lib/python3.12/site-packages/airflow/example_dags/example_latest_only_with_trigger.py took 0.058 seconds
[2024-10-23T04:27:20.993+0000] {processor.py:186} INFO - Started process (PID=14253) to work on /home/airflow/.local/lib/python3.12/site-packages/airflow/example_dags/example_latest_only_with_trigger.py
[2024-10-23T04:27:20.994+0000] {processor.py:914} INFO - Processing file /home/airflow/.local/lib/python3.12/site-packages/airflow/example_dags/example_latest_only_with_trigger.py for tasks to queue
[2024-10-23T04:27:20.995+0000] {logging_mixin.py:190} INFO - [2024-10-23T04:27:20.994+0000] {dagbag.py:588} INFO - Filling up the DagBag from /home/airflow/.local/lib/python3.12/site-packages/airflow/example_dags/example_latest_only_with_trigger.py
[2024-10-23T04:27:21.001+0000] {processor.py:925} INFO - DAG(s) 'latest_only_with_trigger' retrieved from /home/airflow/.local/lib/python3.12/site-packages/airflow/example_dags/example_latest_only_with_trigger.py
[2024-10-23T04:27:21.017+0000] {logging_mixin.py:190} INFO - [2024-10-23T04:27:21.017+0000] {dag.py:3239} INFO - Sync 1 DAGs
[2024-10-23T04:27:21.031+0000] {logging_mixin.py:190} INFO - [2024-10-23T04:27:21.031+0000] {dag.py:4180} INFO - Setting next_dagrun for latest_only_with_trigger to 2024-10-23 00:00:00+00:00, run_after=2024-10-23 04:00:00+00:00
[2024-10-23T04:27:21.048+0000] {processor.py:208} INFO - Processing /home/airflow/.local/lib/python3.12/site-packages/airflow/example_dags/example_latest_only_with_trigger.py took 0.059 seconds
[2024-10-23T04:27:52.087+0000] {processor.py:186} INFO - Started process (PID=14317) to work on /home/airflow/.local/lib/python3.12/site-packages/airflow/example_dags/example_latest_only_with_trigger.py
[2024-10-23T04:27:52.089+0000] {processor.py:914} INFO - Processing file /home/airflow/.local/lib/python3.12/site-packages/airflow/example_dags/example_latest_only_with_trigger.py for tasks to queue
[2024-10-23T04:27:52.092+0000] {logging_mixin.py:190} INFO - [2024-10-23T04:27:52.092+0000] {dagbag.py:588} INFO - Filling up the DagBag from /home/airflow/.local/lib/python3.12/site-packages/airflow/example_dags/example_latest_only_with_trigger.py
[2024-10-23T04:27:52.115+0000] {processor.py:925} INFO - DAG(s) 'latest_only_with_trigger' retrieved from /home/airflow/.local/lib/python3.12/site-packages/airflow/example_dags/example_latest_only_with_trigger.py
[2024-10-23T04:27:52.156+0000] {logging_mixin.py:190} INFO - [2024-10-23T04:27:52.156+0000] {dag.py:3239} INFO - Sync 1 DAGs
[2024-10-23T04:27:52.187+0000] {logging_mixin.py:190} INFO - [2024-10-23T04:27:52.187+0000] {dag.py:4180} INFO - Setting next_dagrun for latest_only_with_trigger to 2024-10-23 00:00:00+00:00, run_after=2024-10-23 04:00:00+00:00
[2024-10-23T04:27:52.204+0000] {processor.py:208} INFO - Processing /home/airflow/.local/lib/python3.12/site-packages/airflow/example_dags/example_latest_only_with_trigger.py took 0.146 seconds
[2024-10-23T04:28:23.900+0000] {processor.py:186} INFO - Started process (PID=14380) to work on /home/airflow/.local/lib/python3.12/site-packages/airflow/example_dags/example_latest_only_with_trigger.py
[2024-10-23T04:28:23.902+0000] {processor.py:914} INFO - Processing file /home/airflow/.local/lib/python3.12/site-packages/airflow/example_dags/example_latest_only_with_trigger.py for tasks to queue
[2024-10-23T04:28:23.906+0000] {logging_mixin.py:190} INFO - [2024-10-23T04:28:23.905+0000] {dagbag.py:588} INFO - Filling up the DagBag from /home/airflow/.local/lib/python3.12/site-packages/airflow/example_dags/example_latest_only_with_trigger.py
[2024-10-23T04:28:23.915+0000] {processor.py:925} INFO - DAG(s) 'latest_only_with_trigger' retrieved from /home/airflow/.local/lib/python3.12/site-packages/airflow/example_dags/example_latest_only_with_trigger.py
[2024-10-23T04:28:23.947+0000] {logging_mixin.py:190} INFO - [2024-10-23T04:28:23.947+0000] {dag.py:3239} INFO - Sync 1 DAGs
[2024-10-23T04:28:23.966+0000] {logging_mixin.py:190} INFO - [2024-10-23T04:28:23.966+0000] {dag.py:4180} INFO - Setting next_dagrun for latest_only_with_trigger to 2024-10-23 00:00:00+00:00, run_after=2024-10-23 04:00:00+00:00
[2024-10-23T04:28:23.978+0000] {processor.py:208} INFO - Processing /home/airflow/.local/lib/python3.12/site-packages/airflow/example_dags/example_latest_only_with_trigger.py took 0.084 seconds
[2024-10-23T04:28:54.481+0000] {processor.py:186} INFO - Started process (PID=14443) to work on /home/airflow/.local/lib/python3.12/site-packages/airflow/example_dags/example_latest_only_with_trigger.py
[2024-10-23T04:28:54.484+0000] {processor.py:914} INFO - Processing file /home/airflow/.local/lib/python3.12/site-packages/airflow/example_dags/example_latest_only_with_trigger.py for tasks to queue
[2024-10-23T04:28:54.485+0000] {logging_mixin.py:190} INFO - [2024-10-23T04:28:54.484+0000] {dagbag.py:588} INFO - Filling up the DagBag from /home/airflow/.local/lib/python3.12/site-packages/airflow/example_dags/example_latest_only_with_trigger.py
[2024-10-23T04:28:54.491+0000] {processor.py:925} INFO - DAG(s) 'latest_only_with_trigger' retrieved from /home/airflow/.local/lib/python3.12/site-packages/airflow/example_dags/example_latest_only_with_trigger.py
[2024-10-23T04:28:54.506+0000] {logging_mixin.py:190} INFO - [2024-10-23T04:28:54.506+0000] {dag.py:3239} INFO - Sync 1 DAGs
[2024-10-23T04:28:54.523+0000] {logging_mixin.py:190} INFO - [2024-10-23T04:28:54.522+0000] {dag.py:4180} INFO - Setting next_dagrun for latest_only_with_trigger to 2024-10-23 00:00:00+00:00, run_after=2024-10-23 04:00:00+00:00
[2024-10-23T04:28:54.534+0000] {processor.py:208} INFO - Processing /home/airflow/.local/lib/python3.12/site-packages/airflow/example_dags/example_latest_only_with_trigger.py took 0.058 seconds
[2024-10-23T04:29:25.830+0000] {processor.py:186} INFO - Started process (PID=14506) to work on /home/airflow/.local/lib/python3.12/site-packages/airflow/example_dags/example_latest_only_with_trigger.py
[2024-10-23T04:29:25.834+0000] {processor.py:914} INFO - Processing file /home/airflow/.local/lib/python3.12/site-packages/airflow/example_dags/example_latest_only_with_trigger.py for tasks to queue
[2024-10-23T04:29:25.836+0000] {logging_mixin.py:190} INFO - [2024-10-23T04:29:25.836+0000] {dagbag.py:588} INFO - Filling up the DagBag from /home/airflow/.local/lib/python3.12/site-packages/airflow/example_dags/example_latest_only_with_trigger.py
[2024-10-23T04:29:25.842+0000] {processor.py:925} INFO - DAG(s) 'latest_only_with_trigger' retrieved from /home/airflow/.local/lib/python3.12/site-packages/airflow/example_dags/example_latest_only_with_trigger.py
[2024-10-23T04:29:25.857+0000] {logging_mixin.py:190} INFO - [2024-10-23T04:29:25.857+0000] {dag.py:3239} INFO - Sync 1 DAGs
[2024-10-23T04:29:25.875+0000] {logging_mixin.py:190} INFO - [2024-10-23T04:29:25.875+0000] {dag.py:4180} INFO - Setting next_dagrun for latest_only_with_trigger to 2024-10-23 00:00:00+00:00, run_after=2024-10-23 04:00:00+00:00
[2024-10-23T04:29:25.889+0000] {processor.py:208} INFO - Processing /home/airflow/.local/lib/python3.12/site-packages/airflow/example_dags/example_latest_only_with_trigger.py took 0.064 seconds
[2024-10-23T04:29:56.451+0000] {processor.py:186} INFO - Started process (PID=14569) to work on /home/airflow/.local/lib/python3.12/site-packages/airflow/example_dags/example_latest_only_with_trigger.py
[2024-10-23T04:29:56.452+0000] {processor.py:914} INFO - Processing file /home/airflow/.local/lib/python3.12/site-packages/airflow/example_dags/example_latest_only_with_trigger.py for tasks to queue
[2024-10-23T04:29:56.453+0000] {logging_mixin.py:190} INFO - [2024-10-23T04:29:56.453+0000] {dagbag.py:588} INFO - Filling up the DagBag from /home/airflow/.local/lib/python3.12/site-packages/airflow/example_dags/example_latest_only_with_trigger.py
[2024-10-23T04:29:56.459+0000] {processor.py:925} INFO - DAG(s) 'latest_only_with_trigger' retrieved from /home/airflow/.local/lib/python3.12/site-packages/airflow/example_dags/example_latest_only_with_trigger.py
[2024-10-23T04:29:56.472+0000] {logging_mixin.py:190} INFO - [2024-10-23T04:29:56.472+0000] {dag.py:3239} INFO - Sync 1 DAGs
[2024-10-23T04:29:56.487+0000] {logging_mixin.py:190} INFO - [2024-10-23T04:29:56.487+0000] {dag.py:4180} INFO - Setting next_dagrun for latest_only_with_trigger to 2024-10-23 00:00:00+00:00, run_after=2024-10-23 04:00:00+00:00
[2024-10-23T04:29:56.497+0000] {processor.py:208} INFO - Processing /home/airflow/.local/lib/python3.12/site-packages/airflow/example_dags/example_latest_only_with_trigger.py took 0.050 seconds
[2024-10-23T04:30:27.211+0000] {processor.py:186} INFO - Started process (PID=14632) to work on /home/airflow/.local/lib/python3.12/site-packages/airflow/example_dags/example_latest_only_with_trigger.py
[2024-10-23T04:30:27.212+0000] {processor.py:914} INFO - Processing file /home/airflow/.local/lib/python3.12/site-packages/airflow/example_dags/example_latest_only_with_trigger.py for tasks to queue
[2024-10-23T04:30:27.213+0000] {logging_mixin.py:190} INFO - [2024-10-23T04:30:27.213+0000] {dagbag.py:588} INFO - Filling up the DagBag from /home/airflow/.local/lib/python3.12/site-packages/airflow/example_dags/example_latest_only_with_trigger.py
[2024-10-23T04:30:27.220+0000] {processor.py:925} INFO - DAG(s) 'latest_only_with_trigger' retrieved from /home/airflow/.local/lib/python3.12/site-packages/airflow/example_dags/example_latest_only_with_trigger.py
[2024-10-23T04:30:27.234+0000] {logging_mixin.py:190} INFO - [2024-10-23T04:30:27.234+0000] {dag.py:3239} INFO - Sync 1 DAGs
[2024-10-23T04:30:27.250+0000] {logging_mixin.py:190} INFO - [2024-10-23T04:30:27.250+0000] {dag.py:4180} INFO - Setting next_dagrun for latest_only_with_trigger to 2024-10-23 00:00:00+00:00, run_after=2024-10-23 04:00:00+00:00
[2024-10-23T04:30:27.265+0000] {processor.py:208} INFO - Processing /home/airflow/.local/lib/python3.12/site-packages/airflow/example_dags/example_latest_only_with_trigger.py took 0.058 seconds
[2024-10-23T04:30:57.835+0000] {processor.py:186} INFO - Started process (PID=14695) to work on /home/airflow/.local/lib/python3.12/site-packages/airflow/example_dags/example_latest_only_with_trigger.py
[2024-10-23T04:30:57.836+0000] {processor.py:914} INFO - Processing file /home/airflow/.local/lib/python3.12/site-packages/airflow/example_dags/example_latest_only_with_trigger.py for tasks to queue
[2024-10-23T04:30:57.837+0000] {logging_mixin.py:190} INFO - [2024-10-23T04:30:57.837+0000] {dagbag.py:588} INFO - Filling up the DagBag from /home/airflow/.local/lib/python3.12/site-packages/airflow/example_dags/example_latest_only_with_trigger.py
[2024-10-23T04:30:57.844+0000] {processor.py:925} INFO - DAG(s) 'latest_only_with_trigger' retrieved from /home/airflow/.local/lib/python3.12/site-packages/airflow/example_dags/example_latest_only_with_trigger.py
[2024-10-23T04:30:57.865+0000] {logging_mixin.py:190} INFO - [2024-10-23T04:30:57.865+0000] {dag.py:3239} INFO - Sync 1 DAGs
[2024-10-23T04:30:57.887+0000] {logging_mixin.py:190} INFO - [2024-10-23T04:30:57.886+0000] {dag.py:4180} INFO - Setting next_dagrun for latest_only_with_trigger to 2024-10-23 00:00:00+00:00, run_after=2024-10-23 04:00:00+00:00
[2024-10-23T04:30:57.904+0000] {processor.py:208} INFO - Processing /home/airflow/.local/lib/python3.12/site-packages/airflow/example_dags/example_latest_only_with_trigger.py took 0.076 seconds
[2024-10-23T04:31:28.623+0000] {processor.py:186} INFO - Started process (PID=14758) to work on /home/airflow/.local/lib/python3.12/site-packages/airflow/example_dags/example_latest_only_with_trigger.py
[2024-10-23T04:31:28.624+0000] {processor.py:914} INFO - Processing file /home/airflow/.local/lib/python3.12/site-packages/airflow/example_dags/example_latest_only_with_trigger.py for tasks to queue
[2024-10-23T04:31:28.625+0000] {logging_mixin.py:190} INFO - [2024-10-23T04:31:28.625+0000] {dagbag.py:588} INFO - Filling up the DagBag from /home/airflow/.local/lib/python3.12/site-packages/airflow/example_dags/example_latest_only_with_trigger.py
[2024-10-23T04:31:28.631+0000] {processor.py:925} INFO - DAG(s) 'latest_only_with_trigger' retrieved from /home/airflow/.local/lib/python3.12/site-packages/airflow/example_dags/example_latest_only_with_trigger.py
[2024-10-23T04:31:28.647+0000] {logging_mixin.py:190} INFO - [2024-10-23T04:31:28.647+0000] {dag.py:3239} INFO - Sync 1 DAGs
[2024-10-23T04:31:28.667+0000] {logging_mixin.py:190} INFO - [2024-10-23T04:31:28.666+0000] {dag.py:4180} INFO - Setting next_dagrun for latest_only_with_trigger to 2024-10-23 00:00:00+00:00, run_after=2024-10-23 04:00:00+00:00
[2024-10-23T04:31:28.680+0000] {processor.py:208} INFO - Processing /home/airflow/.local/lib/python3.12/site-packages/airflow/example_dags/example_latest_only_with_trigger.py took 0.062 seconds
[2024-10-23T04:32:00.260+0000] {processor.py:186} INFO - Started process (PID=14820) to work on /home/airflow/.local/lib/python3.12/site-packages/airflow/example_dags/example_latest_only_with_trigger.py
[2024-10-23T04:32:00.261+0000] {processor.py:914} INFO - Processing file /home/airflow/.local/lib/python3.12/site-packages/airflow/example_dags/example_latest_only_with_trigger.py for tasks to queue
[2024-10-23T04:32:00.262+0000] {logging_mixin.py:190} INFO - [2024-10-23T04:32:00.262+0000] {dagbag.py:588} INFO - Filling up the DagBag from /home/airflow/.local/lib/python3.12/site-packages/airflow/example_dags/example_latest_only_with_trigger.py
[2024-10-23T04:32:00.270+0000] {processor.py:925} INFO - DAG(s) 'latest_only_with_trigger' retrieved from /home/airflow/.local/lib/python3.12/site-packages/airflow/example_dags/example_latest_only_with_trigger.py
[2024-10-23T04:32:00.299+0000] {logging_mixin.py:190} INFO - [2024-10-23T04:32:00.298+0000] {dag.py:3239} INFO - Sync 1 DAGs
[2024-10-23T04:32:00.325+0000] {logging_mixin.py:190} INFO - [2024-10-23T04:32:00.325+0000] {dag.py:4180} INFO - Setting next_dagrun for latest_only_with_trigger to 2024-10-23 00:00:00+00:00, run_after=2024-10-23 04:00:00+00:00
[2024-10-23T04:32:00.343+0000] {processor.py:208} INFO - Processing /home/airflow/.local/lib/python3.12/site-packages/airflow/example_dags/example_latest_only_with_trigger.py took 0.089 seconds
[2024-10-23T04:32:31.799+0000] {processor.py:186} INFO - Started process (PID=14883) to work on /home/airflow/.local/lib/python3.12/site-packages/airflow/example_dags/example_latest_only_with_trigger.py
[2024-10-23T04:32:31.800+0000] {processor.py:914} INFO - Processing file /home/airflow/.local/lib/python3.12/site-packages/airflow/example_dags/example_latest_only_with_trigger.py for tasks to queue
[2024-10-23T04:32:31.801+0000] {logging_mixin.py:190} INFO - [2024-10-23T04:32:31.801+0000] {dagbag.py:588} INFO - Filling up the DagBag from /home/airflow/.local/lib/python3.12/site-packages/airflow/example_dags/example_latest_only_with_trigger.py
[2024-10-23T04:32:31.815+0000] {processor.py:925} INFO - DAG(s) 'latest_only_with_trigger' retrieved from /home/airflow/.local/lib/python3.12/site-packages/airflow/example_dags/example_latest_only_with_trigger.py
[2024-10-23T04:32:31.844+0000] {logging_mixin.py:190} INFO - [2024-10-23T04:32:31.844+0000] {dag.py:3239} INFO - Sync 1 DAGs
[2024-10-23T04:32:31.868+0000] {logging_mixin.py:190} INFO - [2024-10-23T04:32:31.867+0000] {dag.py:4180} INFO - Setting next_dagrun for latest_only_with_trigger to 2024-10-23 00:00:00+00:00, run_after=2024-10-23 04:00:00+00:00
[2024-10-23T04:32:31.883+0000] {processor.py:208} INFO - Processing /home/airflow/.local/lib/python3.12/site-packages/airflow/example_dags/example_latest_only_with_trigger.py took 0.095 seconds
[2024-10-23T04:33:02.725+0000] {processor.py:186} INFO - Started process (PID=14946) to work on /home/airflow/.local/lib/python3.12/site-packages/airflow/example_dags/example_latest_only_with_trigger.py
[2024-10-23T04:33:02.726+0000] {processor.py:914} INFO - Processing file /home/airflow/.local/lib/python3.12/site-packages/airflow/example_dags/example_latest_only_with_trigger.py for tasks to queue
[2024-10-23T04:33:02.727+0000] {logging_mixin.py:190} INFO - [2024-10-23T04:33:02.727+0000] {dagbag.py:588} INFO - Filling up the DagBag from /home/airflow/.local/lib/python3.12/site-packages/airflow/example_dags/example_latest_only_with_trigger.py
[2024-10-23T04:33:02.732+0000] {processor.py:925} INFO - DAG(s) 'latest_only_with_trigger' retrieved from /home/airflow/.local/lib/python3.12/site-packages/airflow/example_dags/example_latest_only_with_trigger.py
[2024-10-23T04:33:02.744+0000] {logging_mixin.py:190} INFO - [2024-10-23T04:33:02.744+0000] {dag.py:3239} INFO - Sync 1 DAGs
[2024-10-23T04:33:02.758+0000] {logging_mixin.py:190} INFO - [2024-10-23T04:33:02.758+0000] {dag.py:4180} INFO - Setting next_dagrun for latest_only_with_trigger to 2024-10-23 00:00:00+00:00, run_after=2024-10-23 04:00:00+00:00
[2024-10-23T04:33:02.767+0000] {processor.py:208} INFO - Processing /home/airflow/.local/lib/python3.12/site-packages/airflow/example_dags/example_latest_only_with_trigger.py took 0.046 seconds
[2024-10-23T04:33:33.490+0000] {processor.py:186} INFO - Started process (PID=15009) to work on /home/airflow/.local/lib/python3.12/site-packages/airflow/example_dags/example_latest_only_with_trigger.py
[2024-10-23T04:33:33.491+0000] {processor.py:914} INFO - Processing file /home/airflow/.local/lib/python3.12/site-packages/airflow/example_dags/example_latest_only_with_trigger.py for tasks to queue
[2024-10-23T04:33:33.492+0000] {logging_mixin.py:190} INFO - [2024-10-23T04:33:33.492+0000] {dagbag.py:588} INFO - Filling up the DagBag from /home/airflow/.local/lib/python3.12/site-packages/airflow/example_dags/example_latest_only_with_trigger.py
[2024-10-23T04:33:33.500+0000] {processor.py:925} INFO - DAG(s) 'latest_only_with_trigger' retrieved from /home/airflow/.local/lib/python3.12/site-packages/airflow/example_dags/example_latest_only_with_trigger.py
[2024-10-23T04:33:33.514+0000] {logging_mixin.py:190} INFO - [2024-10-23T04:33:33.514+0000] {dag.py:3239} INFO - Sync 1 DAGs
[2024-10-23T04:33:33.529+0000] {logging_mixin.py:190} INFO - [2024-10-23T04:33:33.529+0000] {dag.py:4180} INFO - Setting next_dagrun for latest_only_with_trigger to 2024-10-23 00:00:00+00:00, run_after=2024-10-23 04:00:00+00:00
[2024-10-23T04:33:33.540+0000] {processor.py:208} INFO - Processing /home/airflow/.local/lib/python3.12/site-packages/airflow/example_dags/example_latest_only_with_trigger.py took 0.055 seconds
[2024-10-23T04:34:04.536+0000] {processor.py:186} INFO - Started process (PID=15072) to work on /home/airflow/.local/lib/python3.12/site-packages/airflow/example_dags/example_latest_only_with_trigger.py
[2024-10-23T04:34:04.537+0000] {processor.py:914} INFO - Processing file /home/airflow/.local/lib/python3.12/site-packages/airflow/example_dags/example_latest_only_with_trigger.py for tasks to queue
[2024-10-23T04:34:04.538+0000] {logging_mixin.py:190} INFO - [2024-10-23T04:34:04.538+0000] {dagbag.py:588} INFO - Filling up the DagBag from /home/airflow/.local/lib/python3.12/site-packages/airflow/example_dags/example_latest_only_with_trigger.py
[2024-10-23T04:34:04.547+0000] {processor.py:925} INFO - DAG(s) 'latest_only_with_trigger' retrieved from /home/airflow/.local/lib/python3.12/site-packages/airflow/example_dags/example_latest_only_with_trigger.py
[2024-10-23T04:34:04.561+0000] {logging_mixin.py:190} INFO - [2024-10-23T04:34:04.560+0000] {dag.py:3239} INFO - Sync 1 DAGs
[2024-10-23T04:34:04.574+0000] {logging_mixin.py:190} INFO - [2024-10-23T04:34:04.574+0000] {dag.py:4180} INFO - Setting next_dagrun for latest_only_with_trigger to 2024-10-23 00:00:00+00:00, run_after=2024-10-23 04:00:00+00:00
[2024-10-23T04:34:04.584+0000] {processor.py:208} INFO - Processing /home/airflow/.local/lib/python3.12/site-packages/airflow/example_dags/example_latest_only_with_trigger.py took 0.053 seconds
[2024-10-23T04:34:36.054+0000] {processor.py:186} INFO - Started process (PID=15135) to work on /home/airflow/.local/lib/python3.12/site-packages/airflow/example_dags/example_latest_only_with_trigger.py
[2024-10-23T04:34:36.056+0000] {processor.py:914} INFO - Processing file /home/airflow/.local/lib/python3.12/site-packages/airflow/example_dags/example_latest_only_with_trigger.py for tasks to queue
[2024-10-23T04:34:36.057+0000] {logging_mixin.py:190} INFO - [2024-10-23T04:34:36.057+0000] {dagbag.py:588} INFO - Filling up the DagBag from /home/airflow/.local/lib/python3.12/site-packages/airflow/example_dags/example_latest_only_with_trigger.py
[2024-10-23T04:34:36.064+0000] {processor.py:925} INFO - DAG(s) 'latest_only_with_trigger' retrieved from /home/airflow/.local/lib/python3.12/site-packages/airflow/example_dags/example_latest_only_with_trigger.py
[2024-10-23T04:34:36.083+0000] {logging_mixin.py:190} INFO - [2024-10-23T04:34:36.083+0000] {dag.py:3239} INFO - Sync 1 DAGs
[2024-10-23T04:34:36.100+0000] {logging_mixin.py:190} INFO - [2024-10-23T04:34:36.100+0000] {dag.py:4180} INFO - Setting next_dagrun for latest_only_with_trigger to 2024-10-23 00:00:00+00:00, run_after=2024-10-23 04:00:00+00:00
[2024-10-23T04:34:36.113+0000] {processor.py:208} INFO - Processing /home/airflow/.local/lib/python3.12/site-packages/airflow/example_dags/example_latest_only_with_trigger.py took 0.065 seconds
[2024-10-23T04:35:07.529+0000] {processor.py:186} INFO - Started process (PID=15198) to work on /home/airflow/.local/lib/python3.12/site-packages/airflow/example_dags/example_latest_only_with_trigger.py
[2024-10-23T04:35:07.530+0000] {processor.py:914} INFO - Processing file /home/airflow/.local/lib/python3.12/site-packages/airflow/example_dags/example_latest_only_with_trigger.py for tasks to queue
[2024-10-23T04:35:07.531+0000] {logging_mixin.py:190} INFO - [2024-10-23T04:35:07.531+0000] {dagbag.py:588} INFO - Filling up the DagBag from /home/airflow/.local/lib/python3.12/site-packages/airflow/example_dags/example_latest_only_with_trigger.py
[2024-10-23T04:35:07.537+0000] {processor.py:925} INFO - DAG(s) 'latest_only_with_trigger' retrieved from /home/airflow/.local/lib/python3.12/site-packages/airflow/example_dags/example_latest_only_with_trigger.py
[2024-10-23T04:35:07.552+0000] {logging_mixin.py:190} INFO - [2024-10-23T04:35:07.552+0000] {dag.py:3239} INFO - Sync 1 DAGs
[2024-10-23T04:35:07.568+0000] {logging_mixin.py:190} INFO - [2024-10-23T04:35:07.568+0000] {dag.py:4180} INFO - Setting next_dagrun for latest_only_with_trigger to 2024-10-23 00:00:00+00:00, run_after=2024-10-23 04:00:00+00:00
[2024-10-23T04:35:07.581+0000] {processor.py:208} INFO - Processing /home/airflow/.local/lib/python3.12/site-packages/airflow/example_dags/example_latest_only_with_trigger.py took 0.055 seconds
[2024-10-23T04:35:39.863+0000] {processor.py:186} INFO - Started process (PID=15264) to work on /home/airflow/.local/lib/python3.12/site-packages/airflow/example_dags/example_latest_only_with_trigger.py
[2024-10-23T04:35:39.864+0000] {processor.py:914} INFO - Processing file /home/airflow/.local/lib/python3.12/site-packages/airflow/example_dags/example_latest_only_with_trigger.py for tasks to queue
[2024-10-23T04:35:39.865+0000] {logging_mixin.py:190} INFO - [2024-10-23T04:35:39.865+0000] {dagbag.py:588} INFO - Filling up the DagBag from /home/airflow/.local/lib/python3.12/site-packages/airflow/example_dags/example_latest_only_with_trigger.py
[2024-10-23T04:35:39.874+0000] {processor.py:925} INFO - DAG(s) 'latest_only_with_trigger' retrieved from /home/airflow/.local/lib/python3.12/site-packages/airflow/example_dags/example_latest_only_with_trigger.py
[2024-10-23T04:35:39.891+0000] {logging_mixin.py:190} INFO - [2024-10-23T04:35:39.890+0000] {dag.py:3239} INFO - Sync 1 DAGs
[2024-10-23T04:35:39.911+0000] {logging_mixin.py:190} INFO - [2024-10-23T04:35:39.911+0000] {dag.py:4180} INFO - Setting next_dagrun for latest_only_with_trigger to 2024-10-23 00:00:00+00:00, run_after=2024-10-23 04:00:00+00:00
[2024-10-23T04:35:39.927+0000] {processor.py:208} INFO - Processing /home/airflow/.local/lib/python3.12/site-packages/airflow/example_dags/example_latest_only_with_trigger.py took 0.068 seconds
[2024-10-23T04:36:11.245+0000] {processor.py:186} INFO - Started process (PID=15329) to work on /home/airflow/.local/lib/python3.12/site-packages/airflow/example_dags/example_latest_only_with_trigger.py
[2024-10-23T04:36:11.246+0000] {processor.py:914} INFO - Processing file /home/airflow/.local/lib/python3.12/site-packages/airflow/example_dags/example_latest_only_with_trigger.py for tasks to queue
[2024-10-23T04:36:11.247+0000] {logging_mixin.py:190} INFO - [2024-10-23T04:36:11.247+0000] {dagbag.py:588} INFO - Filling up the DagBag from /home/airflow/.local/lib/python3.12/site-packages/airflow/example_dags/example_latest_only_with_trigger.py
[2024-10-23T04:36:11.259+0000] {processor.py:925} INFO - DAG(s) 'latest_only_with_trigger' retrieved from /home/airflow/.local/lib/python3.12/site-packages/airflow/example_dags/example_latest_only_with_trigger.py
[2024-10-23T04:36:11.283+0000] {logging_mixin.py:190} INFO - [2024-10-23T04:36:11.282+0000] {dag.py:3239} INFO - Sync 1 DAGs
[2024-10-23T04:36:11.304+0000] {logging_mixin.py:190} INFO - [2024-10-23T04:36:11.304+0000] {dag.py:4180} INFO - Setting next_dagrun for latest_only_with_trigger to 2024-10-23 00:00:00+00:00, run_after=2024-10-23 04:00:00+00:00
[2024-10-23T04:36:11.318+0000] {processor.py:208} INFO - Processing /home/airflow/.local/lib/python3.12/site-packages/airflow/example_dags/example_latest_only_with_trigger.py took 0.082 seconds
[2024-10-23T04:36:42.512+0000] {processor.py:186} INFO - Started process (PID=15393) to work on /home/airflow/.local/lib/python3.12/site-packages/airflow/example_dags/example_latest_only_with_trigger.py
[2024-10-23T04:36:42.514+0000] {processor.py:914} INFO - Processing file /home/airflow/.local/lib/python3.12/site-packages/airflow/example_dags/example_latest_only_with_trigger.py for tasks to queue
[2024-10-23T04:36:42.515+0000] {logging_mixin.py:190} INFO - [2024-10-23T04:36:42.515+0000] {dagbag.py:588} INFO - Filling up the DagBag from /home/airflow/.local/lib/python3.12/site-packages/airflow/example_dags/example_latest_only_with_trigger.py
[2024-10-23T04:36:42.524+0000] {processor.py:925} INFO - DAG(s) 'latest_only_with_trigger' retrieved from /home/airflow/.local/lib/python3.12/site-packages/airflow/example_dags/example_latest_only_with_trigger.py
[2024-10-23T04:36:42.555+0000] {logging_mixin.py:190} INFO - [2024-10-23T04:36:42.555+0000] {dag.py:3239} INFO - Sync 1 DAGs
[2024-10-23T04:36:42.578+0000] {logging_mixin.py:190} INFO - [2024-10-23T04:36:42.578+0000] {dag.py:4180} INFO - Setting next_dagrun for latest_only_with_trigger to 2024-10-23 00:00:00+00:00, run_after=2024-10-23 04:00:00+00:00
[2024-10-23T04:36:42.590+0000] {processor.py:208} INFO - Processing /home/airflow/.local/lib/python3.12/site-packages/airflow/example_dags/example_latest_only_with_trigger.py took 0.082 seconds
[2024-10-23T04:37:14.561+0000] {processor.py:186} INFO - Started process (PID=15456) to work on /home/airflow/.local/lib/python3.12/site-packages/airflow/example_dags/example_latest_only_with_trigger.py
[2024-10-23T04:37:14.562+0000] {processor.py:914} INFO - Processing file /home/airflow/.local/lib/python3.12/site-packages/airflow/example_dags/example_latest_only_with_trigger.py for tasks to queue
[2024-10-23T04:37:14.565+0000] {logging_mixin.py:190} INFO - [2024-10-23T04:37:14.565+0000] {dagbag.py:588} INFO - Filling up the DagBag from /home/airflow/.local/lib/python3.12/site-packages/airflow/example_dags/example_latest_only_with_trigger.py
[2024-10-23T04:37:14.573+0000] {processor.py:925} INFO - DAG(s) 'latest_only_with_trigger' retrieved from /home/airflow/.local/lib/python3.12/site-packages/airflow/example_dags/example_latest_only_with_trigger.py
[2024-10-23T04:37:14.591+0000] {logging_mixin.py:190} INFO - [2024-10-23T04:37:14.590+0000] {dag.py:3239} INFO - Sync 1 DAGs
[2024-10-23T04:37:14.608+0000] {logging_mixin.py:190} INFO - [2024-10-23T04:37:14.608+0000] {dag.py:4180} INFO - Setting next_dagrun for latest_only_with_trigger to 2024-10-23 00:00:00+00:00, run_after=2024-10-23 04:00:00+00:00
[2024-10-23T04:37:14.622+0000] {processor.py:208} INFO - Processing /home/airflow/.local/lib/python3.12/site-packages/airflow/example_dags/example_latest_only_with_trigger.py took 0.067 seconds
[2024-10-23T04:37:45.957+0000] {processor.py:186} INFO - Started process (PID=15519) to work on /home/airflow/.local/lib/python3.12/site-packages/airflow/example_dags/example_latest_only_with_trigger.py
[2024-10-23T04:37:45.959+0000] {processor.py:914} INFO - Processing file /home/airflow/.local/lib/python3.12/site-packages/airflow/example_dags/example_latest_only_with_trigger.py for tasks to queue
[2024-10-23T04:37:45.960+0000] {logging_mixin.py:190} INFO - [2024-10-23T04:37:45.960+0000] {dagbag.py:588} INFO - Filling up the DagBag from /home/airflow/.local/lib/python3.12/site-packages/airflow/example_dags/example_latest_only_with_trigger.py
[2024-10-23T04:37:45.971+0000] {processor.py:925} INFO - DAG(s) 'latest_only_with_trigger' retrieved from /home/airflow/.local/lib/python3.12/site-packages/airflow/example_dags/example_latest_only_with_trigger.py
[2024-10-23T04:37:45.989+0000] {logging_mixin.py:190} INFO - [2024-10-23T04:37:45.989+0000] {dag.py:3239} INFO - Sync 1 DAGs
[2024-10-23T04:37:46.007+0000] {logging_mixin.py:190} INFO - [2024-10-23T04:37:46.007+0000] {dag.py:4180} INFO - Setting next_dagrun for latest_only_with_trigger to 2024-10-23 00:00:00+00:00, run_after=2024-10-23 04:00:00+00:00
[2024-10-23T04:37:46.373+0000] {processor.py:208} INFO - Processing /home/airflow/.local/lib/python3.12/site-packages/airflow/example_dags/example_latest_only_with_trigger.py took 0.427 seconds
[2024-10-23T04:38:16.424+0000] {processor.py:186} INFO - Started process (PID=15582) to work on /home/airflow/.local/lib/python3.12/site-packages/airflow/example_dags/example_latest_only_with_trigger.py
[2024-10-23T04:38:16.426+0000] {processor.py:914} INFO - Processing file /home/airflow/.local/lib/python3.12/site-packages/airflow/example_dags/example_latest_only_with_trigger.py for tasks to queue
[2024-10-23T04:38:16.426+0000] {logging_mixin.py:190} INFO - [2024-10-23T04:38:16.426+0000] {dagbag.py:588} INFO - Filling up the DagBag from /home/airflow/.local/lib/python3.12/site-packages/airflow/example_dags/example_latest_only_with_trigger.py
[2024-10-23T04:38:16.432+0000] {processor.py:925} INFO - DAG(s) 'latest_only_with_trigger' retrieved from /home/airflow/.local/lib/python3.12/site-packages/airflow/example_dags/example_latest_only_with_trigger.py
[2024-10-23T04:38:16.445+0000] {logging_mixin.py:190} INFO - [2024-10-23T04:38:16.445+0000] {dag.py:3239} INFO - Sync 1 DAGs
[2024-10-23T04:38:16.459+0000] {logging_mixin.py:190} INFO - [2024-10-23T04:38:16.459+0000] {dag.py:4180} INFO - Setting next_dagrun for latest_only_with_trigger to 2024-10-23 00:00:00+00:00, run_after=2024-10-23 04:00:00+00:00
[2024-10-23T04:38:16.469+0000] {processor.py:208} INFO - Processing /home/airflow/.local/lib/python3.12/site-packages/airflow/example_dags/example_latest_only_with_trigger.py took 0.054 seconds
[2024-10-23T04:38:49.484+0000] {processor.py:186} INFO - Started process (PID=15651) to work on /home/airflow/.local/lib/python3.12/site-packages/airflow/example_dags/example_latest_only_with_trigger.py
[2024-10-23T04:38:49.486+0000] {processor.py:914} INFO - Processing file /home/airflow/.local/lib/python3.12/site-packages/airflow/example_dags/example_latest_only_with_trigger.py for tasks to queue
[2024-10-23T04:38:49.487+0000] {logging_mixin.py:190} INFO - [2024-10-23T04:38:49.487+0000] {dagbag.py:588} INFO - Filling up the DagBag from /home/airflow/.local/lib/python3.12/site-packages/airflow/example_dags/example_latest_only_with_trigger.py
[2024-10-23T04:38:49.496+0000] {processor.py:925} INFO - DAG(s) 'latest_only_with_trigger' retrieved from /home/airflow/.local/lib/python3.12/site-packages/airflow/example_dags/example_latest_only_with_trigger.py
[2024-10-23T04:38:49.521+0000] {logging_mixin.py:190} INFO - [2024-10-23T04:38:49.521+0000] {dag.py:3239} INFO - Sync 1 DAGs
[2024-10-23T04:38:49.541+0000] {logging_mixin.py:190} INFO - [2024-10-23T04:38:49.541+0000] {dag.py:4180} INFO - Setting next_dagrun for latest_only_with_trigger to 2024-10-23 00:00:00+00:00, run_after=2024-10-23 04:00:00+00:00
[2024-10-23T04:38:49.557+0000] {processor.py:208} INFO - Processing /home/airflow/.local/lib/python3.12/site-packages/airflow/example_dags/example_latest_only_with_trigger.py took 0.083 seconds
[2024-10-23T04:39:21.884+0000] {processor.py:186} INFO - Started process (PID=15714) to work on /home/airflow/.local/lib/python3.12/site-packages/airflow/example_dags/example_latest_only_with_trigger.py
[2024-10-23T04:39:21.885+0000] {processor.py:914} INFO - Processing file /home/airflow/.local/lib/python3.12/site-packages/airflow/example_dags/example_latest_only_with_trigger.py for tasks to queue
[2024-10-23T04:39:21.887+0000] {logging_mixin.py:190} INFO - [2024-10-23T04:39:21.887+0000] {dagbag.py:588} INFO - Filling up the DagBag from /home/airflow/.local/lib/python3.12/site-packages/airflow/example_dags/example_latest_only_with_trigger.py
[2024-10-23T04:39:21.898+0000] {processor.py:925} INFO - DAG(s) 'latest_only_with_trigger' retrieved from /home/airflow/.local/lib/python3.12/site-packages/airflow/example_dags/example_latest_only_with_trigger.py
[2024-10-23T04:39:21.925+0000] {logging_mixin.py:190} INFO - [2024-10-23T04:39:21.925+0000] {dag.py:3239} INFO - Sync 1 DAGs
[2024-10-23T04:39:21.944+0000] {logging_mixin.py:190} INFO - [2024-10-23T04:39:21.944+0000] {dag.py:4180} INFO - Setting next_dagrun for latest_only_with_trigger to 2024-10-23 00:00:00+00:00, run_after=2024-10-23 04:00:00+00:00
[2024-10-23T04:39:21.957+0000] {processor.py:208} INFO - Processing /home/airflow/.local/lib/python3.12/site-packages/airflow/example_dags/example_latest_only_with_trigger.py took 0.081 seconds
[2024-10-23T04:39:52.752+0000] {processor.py:186} INFO - Started process (PID=15776) to work on /home/airflow/.local/lib/python3.12/site-packages/airflow/example_dags/example_latest_only_with_trigger.py
[2024-10-23T04:39:52.753+0000] {processor.py:914} INFO - Processing file /home/airflow/.local/lib/python3.12/site-packages/airflow/example_dags/example_latest_only_with_trigger.py for tasks to queue
[2024-10-23T04:39:52.754+0000] {logging_mixin.py:190} INFO - [2024-10-23T04:39:52.754+0000] {dagbag.py:588} INFO - Filling up the DagBag from /home/airflow/.local/lib/python3.12/site-packages/airflow/example_dags/example_latest_only_with_trigger.py
[2024-10-23T04:39:52.760+0000] {processor.py:925} INFO - DAG(s) 'latest_only_with_trigger' retrieved from /home/airflow/.local/lib/python3.12/site-packages/airflow/example_dags/example_latest_only_with_trigger.py
[2024-10-23T04:39:52.778+0000] {logging_mixin.py:190} INFO - [2024-10-23T04:39:52.778+0000] {dag.py:3239} INFO - Sync 1 DAGs
[2024-10-23T04:39:52.819+0000] {logging_mixin.py:190} INFO - [2024-10-23T04:39:52.819+0000] {dag.py:4180} INFO - Setting next_dagrun for latest_only_with_trigger to 2024-10-23 00:00:00+00:00, run_after=2024-10-23 04:00:00+00:00
[2024-10-23T04:39:52.844+0000] {processor.py:208} INFO - Processing /home/airflow/.local/lib/python3.12/site-packages/airflow/example_dags/example_latest_only_with_trigger.py took 0.097 seconds
[2024-10-23T04:40:24.495+0000] {processor.py:186} INFO - Started process (PID=15840) to work on /home/airflow/.local/lib/python3.12/site-packages/airflow/example_dags/example_latest_only_with_trigger.py
[2024-10-23T04:40:24.499+0000] {processor.py:914} INFO - Processing file /home/airflow/.local/lib/python3.12/site-packages/airflow/example_dags/example_latest_only_with_trigger.py for tasks to queue
[2024-10-23T04:40:24.502+0000] {logging_mixin.py:190} INFO - [2024-10-23T04:40:24.501+0000] {dagbag.py:588} INFO - Filling up the DagBag from /home/airflow/.local/lib/python3.12/site-packages/airflow/example_dags/example_latest_only_with_trigger.py
[2024-10-23T04:40:24.517+0000] {processor.py:925} INFO - DAG(s) 'latest_only_with_trigger' retrieved from /home/airflow/.local/lib/python3.12/site-packages/airflow/example_dags/example_latest_only_with_trigger.py
[2024-10-23T04:40:24.850+0000] {logging_mixin.py:190} INFO - [2024-10-23T04:40:24.850+0000] {dag.py:3239} INFO - Sync 1 DAGs
[2024-10-23T04:40:24.872+0000] {logging_mixin.py:190} INFO - [2024-10-23T04:40:24.872+0000] {dag.py:4180} INFO - Setting next_dagrun for latest_only_with_trigger to 2024-10-23 00:00:00+00:00, run_after=2024-10-23 04:00:00+00:00
[2024-10-23T04:40:24.888+0000] {processor.py:208} INFO - Processing /home/airflow/.local/lib/python3.12/site-packages/airflow/example_dags/example_latest_only_with_trigger.py took 0.416 seconds
[2024-10-23T04:40:55.040+0000] {processor.py:186} INFO - Started process (PID=15902) to work on /home/airflow/.local/lib/python3.12/site-packages/airflow/example_dags/example_latest_only_with_trigger.py
[2024-10-23T04:40:55.041+0000] {processor.py:914} INFO - Processing file /home/airflow/.local/lib/python3.12/site-packages/airflow/example_dags/example_latest_only_with_trigger.py for tasks to queue
[2024-10-23T04:40:55.043+0000] {logging_mixin.py:190} INFO - [2024-10-23T04:40:55.042+0000] {dagbag.py:588} INFO - Filling up the DagBag from /home/airflow/.local/lib/python3.12/site-packages/airflow/example_dags/example_latest_only_with_trigger.py
[2024-10-23T04:40:55.049+0000] {processor.py:925} INFO - DAG(s) 'latest_only_with_trigger' retrieved from /home/airflow/.local/lib/python3.12/site-packages/airflow/example_dags/example_latest_only_with_trigger.py
[2024-10-23T04:40:55.076+0000] {logging_mixin.py:190} INFO - [2024-10-23T04:40:55.076+0000] {dag.py:3239} INFO - Sync 1 DAGs
[2024-10-23T04:40:55.094+0000] {logging_mixin.py:190} INFO - [2024-10-23T04:40:55.093+0000] {dag.py:4180} INFO - Setting next_dagrun for latest_only_with_trigger to 2024-10-23 00:00:00+00:00, run_after=2024-10-23 04:00:00+00:00
[2024-10-23T04:40:55.104+0000] {processor.py:208} INFO - Processing /home/airflow/.local/lib/python3.12/site-packages/airflow/example_dags/example_latest_only_with_trigger.py took 0.070 seconds
[2024-10-23T04:41:25.818+0000] {processor.py:186} INFO - Started process (PID=15965) to work on /home/airflow/.local/lib/python3.12/site-packages/airflow/example_dags/example_latest_only_with_trigger.py
[2024-10-23T04:41:25.820+0000] {processor.py:914} INFO - Processing file /home/airflow/.local/lib/python3.12/site-packages/airflow/example_dags/example_latest_only_with_trigger.py for tasks to queue
[2024-10-23T04:41:25.822+0000] {logging_mixin.py:190} INFO - [2024-10-23T04:41:25.821+0000] {dagbag.py:588} INFO - Filling up the DagBag from /home/airflow/.local/lib/python3.12/site-packages/airflow/example_dags/example_latest_only_with_trigger.py
[2024-10-23T04:41:25.831+0000] {processor.py:925} INFO - DAG(s) 'latest_only_with_trigger' retrieved from /home/airflow/.local/lib/python3.12/site-packages/airflow/example_dags/example_latest_only_with_trigger.py
[2024-10-23T04:41:25.856+0000] {logging_mixin.py:190} INFO - [2024-10-23T04:41:25.855+0000] {dag.py:3239} INFO - Sync 1 DAGs
[2024-10-23T04:41:25.876+0000] {logging_mixin.py:190} INFO - [2024-10-23T04:41:25.876+0000] {dag.py:4180} INFO - Setting next_dagrun for latest_only_with_trigger to 2024-10-23 00:00:00+00:00, run_after=2024-10-23 04:00:00+00:00
[2024-10-23T04:41:25.887+0000] {processor.py:208} INFO - Processing /home/airflow/.local/lib/python3.12/site-packages/airflow/example_dags/example_latest_only_with_trigger.py took 0.080 seconds
[2024-10-23T04:41:56.684+0000] {processor.py:186} INFO - Started process (PID=16028) to work on /home/airflow/.local/lib/python3.12/site-packages/airflow/example_dags/example_latest_only_with_trigger.py
[2024-10-23T04:41:56.688+0000] {processor.py:914} INFO - Processing file /home/airflow/.local/lib/python3.12/site-packages/airflow/example_dags/example_latest_only_with_trigger.py for tasks to queue
[2024-10-23T04:41:56.690+0000] {logging_mixin.py:190} INFO - [2024-10-23T04:41:56.689+0000] {dagbag.py:588} INFO - Filling up the DagBag from /home/airflow/.local/lib/python3.12/site-packages/airflow/example_dags/example_latest_only_with_trigger.py
[2024-10-23T04:41:56.697+0000] {processor.py:925} INFO - DAG(s) 'latest_only_with_trigger' retrieved from /home/airflow/.local/lib/python3.12/site-packages/airflow/example_dags/example_latest_only_with_trigger.py
[2024-10-23T04:41:56.715+0000] {logging_mixin.py:190} INFO - [2024-10-23T04:41:56.715+0000] {dag.py:3239} INFO - Sync 1 DAGs
[2024-10-23T04:41:56.733+0000] {logging_mixin.py:190} INFO - [2024-10-23T04:41:56.732+0000] {dag.py:4180} INFO - Setting next_dagrun for latest_only_with_trigger to 2024-10-23 00:00:00+00:00, run_after=2024-10-23 04:00:00+00:00
[2024-10-23T04:41:56.743+0000] {processor.py:208} INFO - Processing /home/airflow/.local/lib/python3.12/site-packages/airflow/example_dags/example_latest_only_with_trigger.py took 0.070 seconds
[2024-10-23T04:42:26.774+0000] {processor.py:186} INFO - Started process (PID=16091) to work on /home/airflow/.local/lib/python3.12/site-packages/airflow/example_dags/example_latest_only_with_trigger.py
[2024-10-23T04:42:26.775+0000] {processor.py:914} INFO - Processing file /home/airflow/.local/lib/python3.12/site-packages/airflow/example_dags/example_latest_only_with_trigger.py for tasks to queue
[2024-10-23T04:42:26.777+0000] {logging_mixin.py:190} INFO - [2024-10-23T04:42:26.776+0000] {dagbag.py:588} INFO - Filling up the DagBag from /home/airflow/.local/lib/python3.12/site-packages/airflow/example_dags/example_latest_only_with_trigger.py
[2024-10-23T04:42:26.786+0000] {processor.py:925} INFO - DAG(s) 'latest_only_with_trigger' retrieved from /home/airflow/.local/lib/python3.12/site-packages/airflow/example_dags/example_latest_only_with_trigger.py
[2024-10-23T04:42:26.808+0000] {logging_mixin.py:190} INFO - [2024-10-23T04:42:26.808+0000] {dag.py:3239} INFO - Sync 1 DAGs
[2024-10-23T04:42:26.826+0000] {logging_mixin.py:190} INFO - [2024-10-23T04:42:26.826+0000] {dag.py:4180} INFO - Setting next_dagrun for latest_only_with_trigger to 2024-10-23 00:00:00+00:00, run_after=2024-10-23 04:00:00+00:00
[2024-10-23T04:42:26.841+0000] {processor.py:208} INFO - Processing /home/airflow/.local/lib/python3.12/site-packages/airflow/example_dags/example_latest_only_with_trigger.py took 0.074 seconds
[2024-10-23T04:42:56.869+0000] {processor.py:186} INFO - Started process (PID=16153) to work on /home/airflow/.local/lib/python3.12/site-packages/airflow/example_dags/example_latest_only_with_trigger.py
[2024-10-23T04:42:56.870+0000] {processor.py:914} INFO - Processing file /home/airflow/.local/lib/python3.12/site-packages/airflow/example_dags/example_latest_only_with_trigger.py for tasks to queue
[2024-10-23T04:42:56.871+0000] {logging_mixin.py:190} INFO - [2024-10-23T04:42:56.870+0000] {dagbag.py:588} INFO - Filling up the DagBag from /home/airflow/.local/lib/python3.12/site-packages/airflow/example_dags/example_latest_only_with_trigger.py
[2024-10-23T04:42:56.876+0000] {processor.py:925} INFO - DAG(s) 'latest_only_with_trigger' retrieved from /home/airflow/.local/lib/python3.12/site-packages/airflow/example_dags/example_latest_only_with_trigger.py
[2024-10-23T04:42:56.889+0000] {logging_mixin.py:190} INFO - [2024-10-23T04:42:56.889+0000] {dag.py:3239} INFO - Sync 1 DAGs
[2024-10-23T04:42:56.902+0000] {logging_mixin.py:190} INFO - [2024-10-23T04:42:56.902+0000] {dag.py:4180} INFO - Setting next_dagrun for latest_only_with_trigger to 2024-10-23 00:00:00+00:00, run_after=2024-10-23 04:00:00+00:00
[2024-10-23T04:42:56.912+0000] {processor.py:208} INFO - Processing /home/airflow/.local/lib/python3.12/site-packages/airflow/example_dags/example_latest_only_with_trigger.py took 0.047 seconds
[2024-10-23T04:43:27.919+0000] {processor.py:186} INFO - Started process (PID=16216) to work on /home/airflow/.local/lib/python3.12/site-packages/airflow/example_dags/example_latest_only_with_trigger.py
[2024-10-23T04:43:27.919+0000] {processor.py:914} INFO - Processing file /home/airflow/.local/lib/python3.12/site-packages/airflow/example_dags/example_latest_only_with_trigger.py for tasks to queue
[2024-10-23T04:43:27.920+0000] {logging_mixin.py:190} INFO - [2024-10-23T04:43:27.920+0000] {dagbag.py:588} INFO - Filling up the DagBag from /home/airflow/.local/lib/python3.12/site-packages/airflow/example_dags/example_latest_only_with_trigger.py
[2024-10-23T04:43:27.927+0000] {processor.py:925} INFO - DAG(s) 'latest_only_with_trigger' retrieved from /home/airflow/.local/lib/python3.12/site-packages/airflow/example_dags/example_latest_only_with_trigger.py
[2024-10-23T04:43:27.939+0000] {logging_mixin.py:190} INFO - [2024-10-23T04:43:27.939+0000] {dag.py:3239} INFO - Sync 1 DAGs
[2024-10-23T04:43:27.955+0000] {logging_mixin.py:190} INFO - [2024-10-23T04:43:27.955+0000] {dag.py:4180} INFO - Setting next_dagrun for latest_only_with_trigger to 2024-10-23 00:00:00+00:00, run_after=2024-10-23 04:00:00+00:00
[2024-10-23T04:43:27.969+0000] {processor.py:208} INFO - Processing /home/airflow/.local/lib/python3.12/site-packages/airflow/example_dags/example_latest_only_with_trigger.py took 0.054 seconds
[2024-10-23T04:43:59.058+0000] {processor.py:186} INFO - Started process (PID=16279) to work on /home/airflow/.local/lib/python3.12/site-packages/airflow/example_dags/example_latest_only_with_trigger.py
[2024-10-23T04:43:59.059+0000] {processor.py:914} INFO - Processing file /home/airflow/.local/lib/python3.12/site-packages/airflow/example_dags/example_latest_only_with_trigger.py for tasks to queue
[2024-10-23T04:43:59.060+0000] {logging_mixin.py:190} INFO - [2024-10-23T04:43:59.060+0000] {dagbag.py:588} INFO - Filling up the DagBag from /home/airflow/.local/lib/python3.12/site-packages/airflow/example_dags/example_latest_only_with_trigger.py
[2024-10-23T04:43:59.066+0000] {processor.py:925} INFO - DAG(s) 'latest_only_with_trigger' retrieved from /home/airflow/.local/lib/python3.12/site-packages/airflow/example_dags/example_latest_only_with_trigger.py
[2024-10-23T04:43:59.079+0000] {logging_mixin.py:190} INFO - [2024-10-23T04:43:59.079+0000] {dag.py:3239} INFO - Sync 1 DAGs
[2024-10-23T04:43:59.093+0000] {logging_mixin.py:190} INFO - [2024-10-23T04:43:59.093+0000] {dag.py:4180} INFO - Setting next_dagrun for latest_only_with_trigger to 2024-10-23 00:00:00+00:00, run_after=2024-10-23 04:00:00+00:00
[2024-10-23T04:43:59.102+0000] {processor.py:208} INFO - Processing /home/airflow/.local/lib/python3.12/site-packages/airflow/example_dags/example_latest_only_with_trigger.py took 0.048 seconds
[2024-10-23T04:44:30.059+0000] {processor.py:186} INFO - Started process (PID=16342) to work on /home/airflow/.local/lib/python3.12/site-packages/airflow/example_dags/example_latest_only_with_trigger.py
[2024-10-23T04:44:30.063+0000] {processor.py:914} INFO - Processing file /home/airflow/.local/lib/python3.12/site-packages/airflow/example_dags/example_latest_only_with_trigger.py for tasks to queue
[2024-10-23T04:44:30.065+0000] {logging_mixin.py:190} INFO - [2024-10-23T04:44:30.065+0000] {dagbag.py:588} INFO - Filling up the DagBag from /home/airflow/.local/lib/python3.12/site-packages/airflow/example_dags/example_latest_only_with_trigger.py
[2024-10-23T04:44:30.071+0000] {processor.py:925} INFO - DAG(s) 'latest_only_with_trigger' retrieved from /home/airflow/.local/lib/python3.12/site-packages/airflow/example_dags/example_latest_only_with_trigger.py
[2024-10-23T04:44:30.091+0000] {logging_mixin.py:190} INFO - [2024-10-23T04:44:30.091+0000] {dag.py:3239} INFO - Sync 1 DAGs
[2024-10-23T04:44:30.107+0000] {logging_mixin.py:190} INFO - [2024-10-23T04:44:30.107+0000] {dag.py:4180} INFO - Setting next_dagrun for latest_only_with_trigger to 2024-10-23 00:00:00+00:00, run_after=2024-10-23 04:00:00+00:00
[2024-10-23T04:44:30.119+0000] {processor.py:208} INFO - Processing /home/airflow/.local/lib/python3.12/site-packages/airflow/example_dags/example_latest_only_with_trigger.py took 0.065 seconds
[2024-10-23T04:45:01.272+0000] {processor.py:186} INFO - Started process (PID=16405) to work on /home/airflow/.local/lib/python3.12/site-packages/airflow/example_dags/example_latest_only_with_trigger.py
[2024-10-23T04:45:01.273+0000] {processor.py:914} INFO - Processing file /home/airflow/.local/lib/python3.12/site-packages/airflow/example_dags/example_latest_only_with_trigger.py for tasks to queue
[2024-10-23T04:45:01.274+0000] {logging_mixin.py:190} INFO - [2024-10-23T04:45:01.274+0000] {dagbag.py:588} INFO - Filling up the DagBag from /home/airflow/.local/lib/python3.12/site-packages/airflow/example_dags/example_latest_only_with_trigger.py
[2024-10-23T04:45:01.280+0000] {processor.py:925} INFO - DAG(s) 'latest_only_with_trigger' retrieved from /home/airflow/.local/lib/python3.12/site-packages/airflow/example_dags/example_latest_only_with_trigger.py
[2024-10-23T04:45:01.293+0000] {logging_mixin.py:190} INFO - [2024-10-23T04:45:01.293+0000] {dag.py:3239} INFO - Sync 1 DAGs
[2024-10-23T04:45:01.310+0000] {logging_mixin.py:190} INFO - [2024-10-23T04:45:01.309+0000] {dag.py:4180} INFO - Setting next_dagrun for latest_only_with_trigger to 2024-10-23 00:00:00+00:00, run_after=2024-10-23 04:00:00+00:00
[2024-10-23T04:45:01.319+0000] {processor.py:208} INFO - Processing /home/airflow/.local/lib/python3.12/site-packages/airflow/example_dags/example_latest_only_with_trigger.py took 0.052 seconds
[2024-10-23T04:45:32.448+0000] {processor.py:186} INFO - Started process (PID=16468) to work on /home/airflow/.local/lib/python3.12/site-packages/airflow/example_dags/example_latest_only_with_trigger.py
[2024-10-23T04:45:32.449+0000] {processor.py:914} INFO - Processing file /home/airflow/.local/lib/python3.12/site-packages/airflow/example_dags/example_latest_only_with_trigger.py for tasks to queue
[2024-10-23T04:45:32.449+0000] {logging_mixin.py:190} INFO - [2024-10-23T04:45:32.449+0000] {dagbag.py:588} INFO - Filling up the DagBag from /home/airflow/.local/lib/python3.12/site-packages/airflow/example_dags/example_latest_only_with_trigger.py
[2024-10-23T04:45:32.457+0000] {processor.py:925} INFO - DAG(s) 'latest_only_with_trigger' retrieved from /home/airflow/.local/lib/python3.12/site-packages/airflow/example_dags/example_latest_only_with_trigger.py
[2024-10-23T04:45:32.473+0000] {logging_mixin.py:190} INFO - [2024-10-23T04:45:32.473+0000] {dag.py:3239} INFO - Sync 1 DAGs
[2024-10-23T04:45:32.487+0000] {logging_mixin.py:190} INFO - [2024-10-23T04:45:32.486+0000] {dag.py:4180} INFO - Setting next_dagrun for latest_only_with_trigger to 2024-10-23 00:00:00+00:00, run_after=2024-10-23 04:00:00+00:00
[2024-10-23T04:45:32.496+0000] {processor.py:208} INFO - Processing /home/airflow/.local/lib/python3.12/site-packages/airflow/example_dags/example_latest_only_with_trigger.py took 0.052 seconds
[2024-10-23T07:12:07.689+0000] {processor.py:186} INFO - Started process (PID=34481) to work on /home/airflow/.local/lib/python3.12/site-packages/airflow/example_dags/example_latest_only_with_trigger.py
[2024-10-23T07:12:07.690+0000] {processor.py:914} INFO - Processing file /home/airflow/.local/lib/python3.12/site-packages/airflow/example_dags/example_latest_only_with_trigger.py for tasks to queue
[2024-10-23T07:12:07.692+0000] {logging_mixin.py:190} INFO - [2024-10-23T07:12:07.691+0000] {dagbag.py:588} INFO - Filling up the DagBag from /home/airflow/.local/lib/python3.12/site-packages/airflow/example_dags/example_latest_only_with_trigger.py
[2024-10-23T07:12:07.697+0000] {processor.py:925} INFO - DAG(s) 'latest_only_with_trigger' retrieved from /home/airflow/.local/lib/python3.12/site-packages/airflow/example_dags/example_latest_only_with_trigger.py
[2024-10-23T07:12:07.715+0000] {logging_mixin.py:190} INFO - [2024-10-23T07:12:07.715+0000] {dag.py:3239} INFO - Sync 1 DAGs
[2024-10-23T07:12:07.733+0000] {logging_mixin.py:190} INFO - [2024-10-23T07:12:07.733+0000] {dag.py:4180} INFO - Setting next_dagrun for latest_only_with_trigger to 2024-10-23 00:00:00+00:00, run_after=2024-10-23 04:00:00+00:00
[2024-10-23T07:12:07.744+0000] {processor.py:208} INFO - Processing /home/airflow/.local/lib/python3.12/site-packages/airflow/example_dags/example_latest_only_with_trigger.py took 0.060 seconds
[2024-10-23T07:12:38.309+0000] {processor.py:186} INFO - Started process (PID=34544) to work on /home/airflow/.local/lib/python3.12/site-packages/airflow/example_dags/example_latest_only_with_trigger.py
[2024-10-23T07:12:38.309+0000] {processor.py:914} INFO - Processing file /home/airflow/.local/lib/python3.12/site-packages/airflow/example_dags/example_latest_only_with_trigger.py for tasks to queue
[2024-10-23T07:12:38.311+0000] {logging_mixin.py:190} INFO - [2024-10-23T07:12:38.310+0000] {dagbag.py:588} INFO - Filling up the DagBag from /home/airflow/.local/lib/python3.12/site-packages/airflow/example_dags/example_latest_only_with_trigger.py
[2024-10-23T07:12:38.317+0000] {processor.py:925} INFO - DAG(s) 'latest_only_with_trigger' retrieved from /home/airflow/.local/lib/python3.12/site-packages/airflow/example_dags/example_latest_only_with_trigger.py
[2024-10-23T07:12:38.336+0000] {logging_mixin.py:190} INFO - [2024-10-23T07:12:38.336+0000] {dag.py:3239} INFO - Sync 1 DAGs
[2024-10-23T07:12:38.352+0000] {logging_mixin.py:190} INFO - [2024-10-23T07:12:38.352+0000] {dag.py:4180} INFO - Setting next_dagrun for latest_only_with_trigger to 2024-10-23 00:00:00+00:00, run_after=2024-10-23 04:00:00+00:00
[2024-10-23T07:12:38.369+0000] {processor.py:208} INFO - Processing /home/airflow/.local/lib/python3.12/site-packages/airflow/example_dags/example_latest_only_with_trigger.py took 0.065 seconds
[2024-10-23T07:13:09.533+0000] {processor.py:186} INFO - Started process (PID=34607) to work on /home/airflow/.local/lib/python3.12/site-packages/airflow/example_dags/example_latest_only_with_trigger.py
[2024-10-23T07:13:09.534+0000] {processor.py:914} INFO - Processing file /home/airflow/.local/lib/python3.12/site-packages/airflow/example_dags/example_latest_only_with_trigger.py for tasks to queue
[2024-10-23T07:13:09.535+0000] {logging_mixin.py:190} INFO - [2024-10-23T07:13:09.535+0000] {dagbag.py:588} INFO - Filling up the DagBag from /home/airflow/.local/lib/python3.12/site-packages/airflow/example_dags/example_latest_only_with_trigger.py
[2024-10-23T07:13:09.540+0000] {processor.py:925} INFO - DAG(s) 'latest_only_with_trigger' retrieved from /home/airflow/.local/lib/python3.12/site-packages/airflow/example_dags/example_latest_only_with_trigger.py
[2024-10-23T07:13:09.553+0000] {logging_mixin.py:190} INFO - [2024-10-23T07:13:09.553+0000] {dag.py:3239} INFO - Sync 1 DAGs
[2024-10-23T07:13:09.567+0000] {logging_mixin.py:190} INFO - [2024-10-23T07:13:09.567+0000] {dag.py:4180} INFO - Setting next_dagrun for latest_only_with_trigger to 2024-10-23 00:00:00+00:00, run_after=2024-10-23 04:00:00+00:00
[2024-10-23T07:13:09.577+0000] {processor.py:208} INFO - Processing /home/airflow/.local/lib/python3.12/site-packages/airflow/example_dags/example_latest_only_with_trigger.py took 0.048 seconds
[2024-10-23T07:13:40.266+0000] {processor.py:186} INFO - Started process (PID=34670) to work on /home/airflow/.local/lib/python3.12/site-packages/airflow/example_dags/example_latest_only_with_trigger.py
[2024-10-23T07:13:40.267+0000] {processor.py:914} INFO - Processing file /home/airflow/.local/lib/python3.12/site-packages/airflow/example_dags/example_latest_only_with_trigger.py for tasks to queue
[2024-10-23T07:13:40.267+0000] {logging_mixin.py:190} INFO - [2024-10-23T07:13:40.267+0000] {dagbag.py:588} INFO - Filling up the DagBag from /home/airflow/.local/lib/python3.12/site-packages/airflow/example_dags/example_latest_only_with_trigger.py
[2024-10-23T07:13:40.273+0000] {processor.py:925} INFO - DAG(s) 'latest_only_with_trigger' retrieved from /home/airflow/.local/lib/python3.12/site-packages/airflow/example_dags/example_latest_only_with_trigger.py
[2024-10-23T07:13:40.286+0000] {logging_mixin.py:190} INFO - [2024-10-23T07:13:40.285+0000] {dag.py:3239} INFO - Sync 1 DAGs
[2024-10-23T07:13:40.299+0000] {logging_mixin.py:190} INFO - [2024-10-23T07:13:40.299+0000] {dag.py:4180} INFO - Setting next_dagrun for latest_only_with_trigger to 2024-10-23 00:00:00+00:00, run_after=2024-10-23 04:00:00+00:00
[2024-10-23T07:13:40.309+0000] {processor.py:208} INFO - Processing /home/airflow/.local/lib/python3.12/site-packages/airflow/example_dags/example_latest_only_with_trigger.py took 0.047 seconds
[2024-10-23T07:14:11.732+0000] {processor.py:186} INFO - Started process (PID=34733) to work on /home/airflow/.local/lib/python3.12/site-packages/airflow/example_dags/example_latest_only_with_trigger.py
[2024-10-23T07:14:11.737+0000] {processor.py:914} INFO - Processing file /home/airflow/.local/lib/python3.12/site-packages/airflow/example_dags/example_latest_only_with_trigger.py for tasks to queue
[2024-10-23T07:14:11.739+0000] {logging_mixin.py:190} INFO - [2024-10-23T07:14:11.738+0000] {dagbag.py:588} INFO - Filling up the DagBag from /home/airflow/.local/lib/python3.12/site-packages/airflow/example_dags/example_latest_only_with_trigger.py
[2024-10-23T07:14:11.749+0000] {processor.py:925} INFO - DAG(s) 'latest_only_with_trigger' retrieved from /home/airflow/.local/lib/python3.12/site-packages/airflow/example_dags/example_latest_only_with_trigger.py
[2024-10-23T07:14:11.765+0000] {logging_mixin.py:190} INFO - [2024-10-23T07:14:11.765+0000] {dag.py:3239} INFO - Sync 1 DAGs
[2024-10-23T07:14:11.783+0000] {logging_mixin.py:190} INFO - [2024-10-23T07:14:11.783+0000] {dag.py:4180} INFO - Setting next_dagrun for latest_only_with_trigger to 2024-10-23 00:00:00+00:00, run_after=2024-10-23 04:00:00+00:00
[2024-10-23T07:14:11.805+0000] {processor.py:208} INFO - Processing /home/airflow/.local/lib/python3.12/site-packages/airflow/example_dags/example_latest_only_with_trigger.py took 0.077 seconds
[2024-10-23T07:14:42.858+0000] {processor.py:186} INFO - Started process (PID=34796) to work on /home/airflow/.local/lib/python3.12/site-packages/airflow/example_dags/example_latest_only_with_trigger.py
[2024-10-23T07:14:42.858+0000] {processor.py:914} INFO - Processing file /home/airflow/.local/lib/python3.12/site-packages/airflow/example_dags/example_latest_only_with_trigger.py for tasks to queue
[2024-10-23T07:14:42.859+0000] {logging_mixin.py:190} INFO - [2024-10-23T07:14:42.859+0000] {dagbag.py:588} INFO - Filling up the DagBag from /home/airflow/.local/lib/python3.12/site-packages/airflow/example_dags/example_latest_only_with_trigger.py
[2024-10-23T07:14:42.865+0000] {processor.py:925} INFO - DAG(s) 'latest_only_with_trigger' retrieved from /home/airflow/.local/lib/python3.12/site-packages/airflow/example_dags/example_latest_only_with_trigger.py
[2024-10-23T07:14:42.882+0000] {logging_mixin.py:190} INFO - [2024-10-23T07:14:42.882+0000] {dag.py:3239} INFO - Sync 1 DAGs
[2024-10-23T07:14:43.081+0000] {logging_mixin.py:190} INFO - [2024-10-23T07:14:43.081+0000] {dag.py:4180} INFO - Setting next_dagrun for latest_only_with_trigger to 2024-10-23 00:00:00+00:00, run_after=2024-10-23 04:00:00+00:00
[2024-10-23T07:14:43.091+0000] {processor.py:208} INFO - Processing /home/airflow/.local/lib/python3.12/site-packages/airflow/example_dags/example_latest_only_with_trigger.py took 0.238 seconds
[2024-10-23T07:15:14.204+0000] {processor.py:186} INFO - Started process (PID=34859) to work on /home/airflow/.local/lib/python3.12/site-packages/airflow/example_dags/example_latest_only_with_trigger.py
[2024-10-23T07:15:14.206+0000] {processor.py:914} INFO - Processing file /home/airflow/.local/lib/python3.12/site-packages/airflow/example_dags/example_latest_only_with_trigger.py for tasks to queue
[2024-10-23T07:15:14.208+0000] {logging_mixin.py:190} INFO - [2024-10-23T07:15:14.208+0000] {dagbag.py:588} INFO - Filling up the DagBag from /home/airflow/.local/lib/python3.12/site-packages/airflow/example_dags/example_latest_only_with_trigger.py
[2024-10-23T07:15:14.217+0000] {processor.py:925} INFO - DAG(s) 'latest_only_with_trigger' retrieved from /home/airflow/.local/lib/python3.12/site-packages/airflow/example_dags/example_latest_only_with_trigger.py
[2024-10-23T07:15:14.233+0000] {logging_mixin.py:190} INFO - [2024-10-23T07:15:14.233+0000] {dag.py:3239} INFO - Sync 1 DAGs
[2024-10-23T07:15:14.401+0000] {logging_mixin.py:190} INFO - [2024-10-23T07:15:14.401+0000] {dag.py:4180} INFO - Setting next_dagrun for latest_only_with_trigger to 2024-10-23 00:00:00+00:00, run_after=2024-10-23 04:00:00+00:00
[2024-10-23T07:15:14.416+0000] {processor.py:208} INFO - Processing /home/airflow/.local/lib/python3.12/site-packages/airflow/example_dags/example_latest_only_with_trigger.py took 0.219 seconds
[2024-10-23T07:15:45.420+0000] {processor.py:186} INFO - Started process (PID=34922) to work on /home/airflow/.local/lib/python3.12/site-packages/airflow/example_dags/example_latest_only_with_trigger.py
[2024-10-23T07:15:45.423+0000] {processor.py:914} INFO - Processing file /home/airflow/.local/lib/python3.12/site-packages/airflow/example_dags/example_latest_only_with_trigger.py for tasks to queue
[2024-10-23T07:15:45.427+0000] {logging_mixin.py:190} INFO - [2024-10-23T07:15:45.426+0000] {dagbag.py:588} INFO - Filling up the DagBag from /home/airflow/.local/lib/python3.12/site-packages/airflow/example_dags/example_latest_only_with_trigger.py
[2024-10-23T07:15:45.455+0000] {processor.py:925} INFO - DAG(s) 'latest_only_with_trigger' retrieved from /home/airflow/.local/lib/python3.12/site-packages/airflow/example_dags/example_latest_only_with_trigger.py
[2024-10-23T07:15:45.493+0000] {logging_mixin.py:190} INFO - [2024-10-23T07:15:45.493+0000] {dag.py:3239} INFO - Sync 1 DAGs
[2024-10-23T07:15:45.525+0000] {logging_mixin.py:190} INFO - [2024-10-23T07:15:45.525+0000] {dag.py:4180} INFO - Setting next_dagrun for latest_only_with_trigger to 2024-10-23 00:00:00+00:00, run_after=2024-10-23 04:00:00+00:00
[2024-10-23T07:15:45.548+0000] {processor.py:208} INFO - Processing /home/airflow/.local/lib/python3.12/site-packages/airflow/example_dags/example_latest_only_with_trigger.py took 0.146 seconds
[2024-10-23T07:16:15.763+0000] {processor.py:186} INFO - Started process (PID=34985) to work on /home/airflow/.local/lib/python3.12/site-packages/airflow/example_dags/example_latest_only_with_trigger.py
[2024-10-23T07:16:15.764+0000] {processor.py:914} INFO - Processing file /home/airflow/.local/lib/python3.12/site-packages/airflow/example_dags/example_latest_only_with_trigger.py for tasks to queue
[2024-10-23T07:16:15.766+0000] {logging_mixin.py:190} INFO - [2024-10-23T07:16:15.766+0000] {dagbag.py:588} INFO - Filling up the DagBag from /home/airflow/.local/lib/python3.12/site-packages/airflow/example_dags/example_latest_only_with_trigger.py
[2024-10-23T07:16:15.773+0000] {processor.py:925} INFO - DAG(s) 'latest_only_with_trigger' retrieved from /home/airflow/.local/lib/python3.12/site-packages/airflow/example_dags/example_latest_only_with_trigger.py
[2024-10-23T07:16:15.789+0000] {logging_mixin.py:190} INFO - [2024-10-23T07:16:15.789+0000] {dag.py:3239} INFO - Sync 1 DAGs
[2024-10-23T07:16:15.806+0000] {logging_mixin.py:190} INFO - [2024-10-23T07:16:15.806+0000] {dag.py:4180} INFO - Setting next_dagrun for latest_only_with_trigger to 2024-10-23 00:00:00+00:00, run_after=2024-10-23 04:00:00+00:00
[2024-10-23T07:16:15.821+0000] {processor.py:208} INFO - Processing /home/airflow/.local/lib/python3.12/site-packages/airflow/example_dags/example_latest_only_with_trigger.py took 0.064 seconds
[2024-10-23T07:16:45.918+0000] {processor.py:186} INFO - Started process (PID=35048) to work on /home/airflow/.local/lib/python3.12/site-packages/airflow/example_dags/example_latest_only_with_trigger.py
[2024-10-23T07:16:45.918+0000] {processor.py:914} INFO - Processing file /home/airflow/.local/lib/python3.12/site-packages/airflow/example_dags/example_latest_only_with_trigger.py for tasks to queue
[2024-10-23T07:16:45.920+0000] {logging_mixin.py:190} INFO - [2024-10-23T07:16:45.920+0000] {dagbag.py:588} INFO - Filling up the DagBag from /home/airflow/.local/lib/python3.12/site-packages/airflow/example_dags/example_latest_only_with_trigger.py
[2024-10-23T07:16:45.925+0000] {processor.py:925} INFO - DAG(s) 'latest_only_with_trigger' retrieved from /home/airflow/.local/lib/python3.12/site-packages/airflow/example_dags/example_latest_only_with_trigger.py
[2024-10-23T07:16:45.941+0000] {logging_mixin.py:190} INFO - [2024-10-23T07:16:45.941+0000] {dag.py:3239} INFO - Sync 1 DAGs
[2024-10-23T07:16:45.956+0000] {logging_mixin.py:190} INFO - [2024-10-23T07:16:45.956+0000] {dag.py:4180} INFO - Setting next_dagrun for latest_only_with_trigger to 2024-10-23 00:00:00+00:00, run_after=2024-10-23 04:00:00+00:00
[2024-10-23T07:16:45.967+0000] {processor.py:208} INFO - Processing /home/airflow/.local/lib/python3.12/site-packages/airflow/example_dags/example_latest_only_with_trigger.py took 0.054 seconds
[2024-10-23T07:17:16.175+0000] {processor.py:186} INFO - Started process (PID=35111) to work on /home/airflow/.local/lib/python3.12/site-packages/airflow/example_dags/example_latest_only_with_trigger.py
[2024-10-23T07:17:16.177+0000] {processor.py:914} INFO - Processing file /home/airflow/.local/lib/python3.12/site-packages/airflow/example_dags/example_latest_only_with_trigger.py for tasks to queue
[2024-10-23T07:17:16.178+0000] {logging_mixin.py:190} INFO - [2024-10-23T07:17:16.178+0000] {dagbag.py:588} INFO - Filling up the DagBag from /home/airflow/.local/lib/python3.12/site-packages/airflow/example_dags/example_latest_only_with_trigger.py
[2024-10-23T07:17:16.185+0000] {processor.py:925} INFO - DAG(s) 'latest_only_with_trigger' retrieved from /home/airflow/.local/lib/python3.12/site-packages/airflow/example_dags/example_latest_only_with_trigger.py
[2024-10-23T07:17:16.206+0000] {logging_mixin.py:190} INFO - [2024-10-23T07:17:16.206+0000] {dag.py:3239} INFO - Sync 1 DAGs
[2024-10-23T07:17:16.224+0000] {logging_mixin.py:190} INFO - [2024-10-23T07:17:16.224+0000] {dag.py:4180} INFO - Setting next_dagrun for latest_only_with_trigger to 2024-10-23 00:00:00+00:00, run_after=2024-10-23 04:00:00+00:00
[2024-10-23T07:17:16.235+0000] {processor.py:208} INFO - Processing /home/airflow/.local/lib/python3.12/site-packages/airflow/example_dags/example_latest_only_with_trigger.py took 0.065 seconds
[2024-10-23T07:17:46.710+0000] {processor.py:186} INFO - Started process (PID=35174) to work on /home/airflow/.local/lib/python3.12/site-packages/airflow/example_dags/example_latest_only_with_trigger.py
[2024-10-23T07:17:46.711+0000] {processor.py:914} INFO - Processing file /home/airflow/.local/lib/python3.12/site-packages/airflow/example_dags/example_latest_only_with_trigger.py for tasks to queue
[2024-10-23T07:17:46.712+0000] {logging_mixin.py:190} INFO - [2024-10-23T07:17:46.712+0000] {dagbag.py:588} INFO - Filling up the DagBag from /home/airflow/.local/lib/python3.12/site-packages/airflow/example_dags/example_latest_only_with_trigger.py
[2024-10-23T07:17:46.718+0000] {processor.py:925} INFO - DAG(s) 'latest_only_with_trigger' retrieved from /home/airflow/.local/lib/python3.12/site-packages/airflow/example_dags/example_latest_only_with_trigger.py
[2024-10-23T07:17:46.737+0000] {logging_mixin.py:190} INFO - [2024-10-23T07:17:46.737+0000] {dag.py:3239} INFO - Sync 1 DAGs
[2024-10-23T07:17:46.760+0000] {logging_mixin.py:190} INFO - [2024-10-23T07:17:46.760+0000] {dag.py:4180} INFO - Setting next_dagrun for latest_only_with_trigger to 2024-10-23 00:00:00+00:00, run_after=2024-10-23 04:00:00+00:00
[2024-10-23T07:17:46.780+0000] {processor.py:208} INFO - Processing /home/airflow/.local/lib/python3.12/site-packages/airflow/example_dags/example_latest_only_with_trigger.py took 0.075 seconds
[2024-10-23T07:18:17.148+0000] {processor.py:186} INFO - Started process (PID=35237) to work on /home/airflow/.local/lib/python3.12/site-packages/airflow/example_dags/example_latest_only_with_trigger.py
[2024-10-23T07:18:17.152+0000] {processor.py:914} INFO - Processing file /home/airflow/.local/lib/python3.12/site-packages/airflow/example_dags/example_latest_only_with_trigger.py for tasks to queue
[2024-10-23T07:18:17.154+0000] {logging_mixin.py:190} INFO - [2024-10-23T07:18:17.154+0000] {dagbag.py:588} INFO - Filling up the DagBag from /home/airflow/.local/lib/python3.12/site-packages/airflow/example_dags/example_latest_only_with_trigger.py
[2024-10-23T07:18:17.160+0000] {processor.py:925} INFO - DAG(s) 'latest_only_with_trigger' retrieved from /home/airflow/.local/lib/python3.12/site-packages/airflow/example_dags/example_latest_only_with_trigger.py
[2024-10-23T07:18:17.174+0000] {logging_mixin.py:190} INFO - [2024-10-23T07:18:17.174+0000] {dag.py:3239} INFO - Sync 1 DAGs
[2024-10-23T07:18:17.189+0000] {logging_mixin.py:190} INFO - [2024-10-23T07:18:17.189+0000] {dag.py:4180} INFO - Setting next_dagrun for latest_only_with_trigger to 2024-10-23 00:00:00+00:00, run_after=2024-10-23 04:00:00+00:00
[2024-10-23T07:18:17.200+0000] {processor.py:208} INFO - Processing /home/airflow/.local/lib/python3.12/site-packages/airflow/example_dags/example_latest_only_with_trigger.py took 0.056 seconds
[2024-10-23T07:18:47.935+0000] {processor.py:186} INFO - Started process (PID=35300) to work on /home/airflow/.local/lib/python3.12/site-packages/airflow/example_dags/example_latest_only_with_trigger.py
[2024-10-23T07:18:47.935+0000] {processor.py:914} INFO - Processing file /home/airflow/.local/lib/python3.12/site-packages/airflow/example_dags/example_latest_only_with_trigger.py for tasks to queue
[2024-10-23T07:18:47.937+0000] {logging_mixin.py:190} INFO - [2024-10-23T07:18:47.936+0000] {dagbag.py:588} INFO - Filling up the DagBag from /home/airflow/.local/lib/python3.12/site-packages/airflow/example_dags/example_latest_only_with_trigger.py
[2024-10-23T07:18:47.942+0000] {processor.py:925} INFO - DAG(s) 'latest_only_with_trigger' retrieved from /home/airflow/.local/lib/python3.12/site-packages/airflow/example_dags/example_latest_only_with_trigger.py
[2024-10-23T07:18:47.958+0000] {logging_mixin.py:190} INFO - [2024-10-23T07:18:47.957+0000] {dag.py:3239} INFO - Sync 1 DAGs
[2024-10-23T07:18:47.975+0000] {logging_mixin.py:190} INFO - [2024-10-23T07:18:47.974+0000] {dag.py:4180} INFO - Setting next_dagrun for latest_only_with_trigger to 2024-10-23 00:00:00+00:00, run_after=2024-10-23 04:00:00+00:00
[2024-10-23T07:18:47.989+0000] {processor.py:208} INFO - Processing /home/airflow/.local/lib/python3.12/site-packages/airflow/example_dags/example_latest_only_with_trigger.py took 0.060 seconds
[2024-10-23T07:19:18.545+0000] {processor.py:186} INFO - Started process (PID=35365) to work on /home/airflow/.local/lib/python3.12/site-packages/airflow/example_dags/example_latest_only_with_trigger.py
[2024-10-23T07:19:18.546+0000] {processor.py:914} INFO - Processing file /home/airflow/.local/lib/python3.12/site-packages/airflow/example_dags/example_latest_only_with_trigger.py for tasks to queue
[2024-10-23T07:19:18.547+0000] {logging_mixin.py:190} INFO - [2024-10-23T07:19:18.547+0000] {dagbag.py:588} INFO - Filling up the DagBag from /home/airflow/.local/lib/python3.12/site-packages/airflow/example_dags/example_latest_only_with_trigger.py
[2024-10-23T07:19:18.552+0000] {processor.py:925} INFO - DAG(s) 'latest_only_with_trigger' retrieved from /home/airflow/.local/lib/python3.12/site-packages/airflow/example_dags/example_latest_only_with_trigger.py
[2024-10-23T07:19:18.565+0000] {logging_mixin.py:190} INFO - [2024-10-23T07:19:18.565+0000] {dag.py:3239} INFO - Sync 1 DAGs
[2024-10-23T07:19:18.579+0000] {logging_mixin.py:190} INFO - [2024-10-23T07:19:18.579+0000] {dag.py:4180} INFO - Setting next_dagrun for latest_only_with_trigger to 2024-10-23 00:00:00+00:00, run_after=2024-10-23 04:00:00+00:00
[2024-10-23T07:19:18.590+0000] {processor.py:208} INFO - Processing /home/airflow/.local/lib/python3.12/site-packages/airflow/example_dags/example_latest_only_with_trigger.py took 0.049 seconds
[2024-10-23T07:19:49.283+0000] {processor.py:186} INFO - Started process (PID=35429) to work on /home/airflow/.local/lib/python3.12/site-packages/airflow/example_dags/example_latest_only_with_trigger.py
[2024-10-23T07:19:49.284+0000] {processor.py:914} INFO - Processing file /home/airflow/.local/lib/python3.12/site-packages/airflow/example_dags/example_latest_only_with_trigger.py for tasks to queue
[2024-10-23T07:19:49.285+0000] {logging_mixin.py:190} INFO - [2024-10-23T07:19:49.285+0000] {dagbag.py:588} INFO - Filling up the DagBag from /home/airflow/.local/lib/python3.12/site-packages/airflow/example_dags/example_latest_only_with_trigger.py
[2024-10-23T07:19:49.290+0000] {processor.py:925} INFO - DAG(s) 'latest_only_with_trigger' retrieved from /home/airflow/.local/lib/python3.12/site-packages/airflow/example_dags/example_latest_only_with_trigger.py
[2024-10-23T07:19:49.308+0000] {logging_mixin.py:190} INFO - [2024-10-23T07:19:49.308+0000] {dag.py:3239} INFO - Sync 1 DAGs
[2024-10-23T07:19:49.323+0000] {logging_mixin.py:190} INFO - [2024-10-23T07:19:49.323+0000] {dag.py:4180} INFO - Setting next_dagrun for latest_only_with_trigger to 2024-10-23 00:00:00+00:00, run_after=2024-10-23 04:00:00+00:00
[2024-10-23T07:19:49.341+0000] {processor.py:208} INFO - Processing /home/airflow/.local/lib/python3.12/site-packages/airflow/example_dags/example_latest_only_with_trigger.py took 0.062 seconds
