[2024-10-23T02:32:07.240+0000] {processor.py:186} INFO - Started process (PID=13743) to work on /home/airflow/.local/lib/python3.12/site-packages/airflow/example_dags/example_trigger_target_dag.py
[2024-10-23T02:32:07.241+0000] {processor.py:914} INFO - Processing file /home/airflow/.local/lib/python3.12/site-packages/airflow/example_dags/example_trigger_target_dag.py for tasks to queue
[2024-10-23T02:32:07.243+0000] {logging_mixin.py:190} INFO - [2024-10-23T02:32:07.243+0000] {dagbag.py:588} INFO - Filling up the DagBag from /home/airflow/.local/lib/python3.12/site-packages/airflow/example_dags/example_trigger_target_dag.py
[2024-10-23T02:32:07.252+0000] {processor.py:925} INFO - DAG(s) 'example_trigger_target_dag' retrieved from /home/airflow/.local/lib/python3.12/site-packages/airflow/example_dags/example_trigger_target_dag.py
[2024-10-23T02:32:07.276+0000] {logging_mixin.py:190} INFO - [2024-10-23T02:32:07.276+0000] {dag.py:3239} INFO - Sync 1 DAGs
[2024-10-23T02:32:07.288+0000] {logging_mixin.py:190} INFO - [2024-10-23T02:32:07.287+0000] {dag.py:4180} INFO - Setting next_dagrun for example_trigger_target_dag to None, run_after=None
[2024-10-23T02:32:07.309+0000] {processor.py:208} INFO - Processing /home/airflow/.local/lib/python3.12/site-packages/airflow/example_dags/example_trigger_target_dag.py took 0.076 seconds
[2024-10-23T04:23:45.074+0000] {processor.py:186} INFO - Started process (PID=13806) to work on /home/airflow/.local/lib/python3.12/site-packages/airflow/example_dags/example_trigger_target_dag.py
[2024-10-23T04:23:45.076+0000] {processor.py:914} INFO - Processing file /home/airflow/.local/lib/python3.12/site-packages/airflow/example_dags/example_trigger_target_dag.py for tasks to queue
[2024-10-23T04:23:45.077+0000] {logging_mixin.py:190} INFO - [2024-10-23T04:23:45.077+0000] {dagbag.py:588} INFO - Filling up the DagBag from /home/airflow/.local/lib/python3.12/site-packages/airflow/example_dags/example_trigger_target_dag.py
[2024-10-23T04:23:45.090+0000] {processor.py:925} INFO - DAG(s) 'example_trigger_target_dag' retrieved from /home/airflow/.local/lib/python3.12/site-packages/airflow/example_dags/example_trigger_target_dag.py
[2024-10-23T04:23:45.109+0000] {logging_mixin.py:190} INFO - [2024-10-23T04:23:45.108+0000] {dag.py:3239} INFO - Sync 1 DAGs
[2024-10-23T04:23:45.130+0000] {logging_mixin.py:190} INFO - [2024-10-23T04:23:45.130+0000] {dag.py:4180} INFO - Setting next_dagrun for example_trigger_target_dag to None, run_after=None
[2024-10-23T04:23:45.146+0000] {processor.py:208} INFO - Processing /home/airflow/.local/lib/python3.12/site-packages/airflow/example_dags/example_trigger_target_dag.py took 0.084 seconds
[2024-10-23T04:24:16.307+0000] {processor.py:186} INFO - Started process (PID=13869) to work on /home/airflow/.local/lib/python3.12/site-packages/airflow/example_dags/example_trigger_target_dag.py
[2024-10-23T04:24:16.308+0000] {processor.py:914} INFO - Processing file /home/airflow/.local/lib/python3.12/site-packages/airflow/example_dags/example_trigger_target_dag.py for tasks to queue
[2024-10-23T04:24:16.309+0000] {logging_mixin.py:190} INFO - [2024-10-23T04:24:16.309+0000] {dagbag.py:588} INFO - Filling up the DagBag from /home/airflow/.local/lib/python3.12/site-packages/airflow/example_dags/example_trigger_target_dag.py
[2024-10-23T04:24:16.315+0000] {processor.py:925} INFO - DAG(s) 'example_trigger_target_dag' retrieved from /home/airflow/.local/lib/python3.12/site-packages/airflow/example_dags/example_trigger_target_dag.py
[2024-10-23T04:24:16.361+0000] {logging_mixin.py:190} INFO - [2024-10-23T04:24:16.360+0000] {dag.py:3239} INFO - Sync 1 DAGs
[2024-10-23T04:24:16.379+0000] {logging_mixin.py:190} INFO - [2024-10-23T04:24:16.379+0000] {dag.py:4180} INFO - Setting next_dagrun for example_trigger_target_dag to None, run_after=None
[2024-10-23T04:24:16.395+0000] {processor.py:208} INFO - Processing /home/airflow/.local/lib/python3.12/site-packages/airflow/example_dags/example_trigger_target_dag.py took 0.093 seconds
[2024-10-23T04:24:46.851+0000] {processor.py:186} INFO - Started process (PID=13932) to work on /home/airflow/.local/lib/python3.12/site-packages/airflow/example_dags/example_trigger_target_dag.py
[2024-10-23T04:24:46.856+0000] {processor.py:914} INFO - Processing file /home/airflow/.local/lib/python3.12/site-packages/airflow/example_dags/example_trigger_target_dag.py for tasks to queue
[2024-10-23T04:24:46.857+0000] {logging_mixin.py:190} INFO - [2024-10-23T04:24:46.857+0000] {dagbag.py:588} INFO - Filling up the DagBag from /home/airflow/.local/lib/python3.12/site-packages/airflow/example_dags/example_trigger_target_dag.py
[2024-10-23T04:24:46.867+0000] {processor.py:925} INFO - DAG(s) 'example_trigger_target_dag' retrieved from /home/airflow/.local/lib/python3.12/site-packages/airflow/example_dags/example_trigger_target_dag.py
[2024-10-23T04:24:46.885+0000] {logging_mixin.py:190} INFO - [2024-10-23T04:24:46.885+0000] {dag.py:3239} INFO - Sync 1 DAGs
[2024-10-23T04:24:46.896+0000] {logging_mixin.py:190} INFO - [2024-10-23T04:24:46.895+0000] {dag.py:4180} INFO - Setting next_dagrun for example_trigger_target_dag to None, run_after=None
[2024-10-23T04:24:46.908+0000] {processor.py:208} INFO - Processing /home/airflow/.local/lib/python3.12/site-packages/airflow/example_dags/example_trigger_target_dag.py took 0.062 seconds
[2024-10-23T04:25:17.310+0000] {processor.py:186} INFO - Started process (PID=13994) to work on /home/airflow/.local/lib/python3.12/site-packages/airflow/example_dags/example_trigger_target_dag.py
[2024-10-23T04:25:17.311+0000] {processor.py:914} INFO - Processing file /home/airflow/.local/lib/python3.12/site-packages/airflow/example_dags/example_trigger_target_dag.py for tasks to queue
[2024-10-23T04:25:17.313+0000] {logging_mixin.py:190} INFO - [2024-10-23T04:25:17.313+0000] {dagbag.py:588} INFO - Filling up the DagBag from /home/airflow/.local/lib/python3.12/site-packages/airflow/example_dags/example_trigger_target_dag.py
[2024-10-23T04:25:17.320+0000] {processor.py:925} INFO - DAG(s) 'example_trigger_target_dag' retrieved from /home/airflow/.local/lib/python3.12/site-packages/airflow/example_dags/example_trigger_target_dag.py
[2024-10-23T04:25:17.343+0000] {logging_mixin.py:190} INFO - [2024-10-23T04:25:17.342+0000] {dag.py:3239} INFO - Sync 1 DAGs
[2024-10-23T04:25:17.353+0000] {logging_mixin.py:190} INFO - [2024-10-23T04:25:17.353+0000] {dag.py:4180} INFO - Setting next_dagrun for example_trigger_target_dag to None, run_after=None
[2024-10-23T04:25:17.367+0000] {processor.py:208} INFO - Processing /home/airflow/.local/lib/python3.12/site-packages/airflow/example_dags/example_trigger_target_dag.py took 0.062 seconds
[2024-10-23T04:25:48.081+0000] {processor.py:186} INFO - Started process (PID=14057) to work on /home/airflow/.local/lib/python3.12/site-packages/airflow/example_dags/example_trigger_target_dag.py
[2024-10-23T04:25:48.082+0000] {processor.py:914} INFO - Processing file /home/airflow/.local/lib/python3.12/site-packages/airflow/example_dags/example_trigger_target_dag.py for tasks to queue
[2024-10-23T04:25:48.083+0000] {logging_mixin.py:190} INFO - [2024-10-23T04:25:48.083+0000] {dagbag.py:588} INFO - Filling up the DagBag from /home/airflow/.local/lib/python3.12/site-packages/airflow/example_dags/example_trigger_target_dag.py
[2024-10-23T04:25:48.089+0000] {processor.py:925} INFO - DAG(s) 'example_trigger_target_dag' retrieved from /home/airflow/.local/lib/python3.12/site-packages/airflow/example_dags/example_trigger_target_dag.py
[2024-10-23T04:25:48.103+0000] {logging_mixin.py:190} INFO - [2024-10-23T04:25:48.103+0000] {dag.py:3239} INFO - Sync 1 DAGs
[2024-10-23T04:25:48.116+0000] {logging_mixin.py:190} INFO - [2024-10-23T04:25:48.116+0000] {dag.py:4180} INFO - Setting next_dagrun for example_trigger_target_dag to None, run_after=None
[2024-10-23T04:25:48.126+0000] {processor.py:208} INFO - Processing /home/airflow/.local/lib/python3.12/site-packages/airflow/example_dags/example_trigger_target_dag.py took 0.050 seconds
[2024-10-23T04:26:19.824+0000] {processor.py:186} INFO - Started process (PID=14121) to work on /home/airflow/.local/lib/python3.12/site-packages/airflow/example_dags/example_trigger_target_dag.py
[2024-10-23T04:26:19.825+0000] {processor.py:914} INFO - Processing file /home/airflow/.local/lib/python3.12/site-packages/airflow/example_dags/example_trigger_target_dag.py for tasks to queue
[2024-10-23T04:26:19.826+0000] {logging_mixin.py:190} INFO - [2024-10-23T04:26:19.826+0000] {dagbag.py:588} INFO - Filling up the DagBag from /home/airflow/.local/lib/python3.12/site-packages/airflow/example_dags/example_trigger_target_dag.py
[2024-10-23T04:26:19.832+0000] {processor.py:925} INFO - DAG(s) 'example_trigger_target_dag' retrieved from /home/airflow/.local/lib/python3.12/site-packages/airflow/example_dags/example_trigger_target_dag.py
[2024-10-23T04:26:19.847+0000] {logging_mixin.py:190} INFO - [2024-10-23T04:26:19.847+0000] {dag.py:3239} INFO - Sync 1 DAGs
[2024-10-23T04:26:19.857+0000] {logging_mixin.py:190} INFO - [2024-10-23T04:26:19.856+0000] {dag.py:4180} INFO - Setting next_dagrun for example_trigger_target_dag to None, run_after=None
[2024-10-23T04:26:19.868+0000] {processor.py:208} INFO - Processing /home/airflow/.local/lib/python3.12/site-packages/airflow/example_dags/example_trigger_target_dag.py took 0.048 seconds
[2024-10-23T04:26:50.385+0000] {processor.py:186} INFO - Started process (PID=14184) to work on /home/airflow/.local/lib/python3.12/site-packages/airflow/example_dags/example_trigger_target_dag.py
[2024-10-23T04:26:50.387+0000] {processor.py:914} INFO - Processing file /home/airflow/.local/lib/python3.12/site-packages/airflow/example_dags/example_trigger_target_dag.py for tasks to queue
[2024-10-23T04:26:50.388+0000] {logging_mixin.py:190} INFO - [2024-10-23T04:26:50.387+0000] {dagbag.py:588} INFO - Filling up the DagBag from /home/airflow/.local/lib/python3.12/site-packages/airflow/example_dags/example_trigger_target_dag.py
[2024-10-23T04:26:50.396+0000] {processor.py:925} INFO - DAG(s) 'example_trigger_target_dag' retrieved from /home/airflow/.local/lib/python3.12/site-packages/airflow/example_dags/example_trigger_target_dag.py
[2024-10-23T04:26:50.413+0000] {logging_mixin.py:190} INFO - [2024-10-23T04:26:50.413+0000] {dag.py:3239} INFO - Sync 1 DAGs
[2024-10-23T04:26:50.426+0000] {logging_mixin.py:190} INFO - [2024-10-23T04:26:50.425+0000] {dag.py:4180} INFO - Setting next_dagrun for example_trigger_target_dag to None, run_after=None
[2024-10-23T04:26:50.438+0000] {processor.py:208} INFO - Processing /home/airflow/.local/lib/python3.12/site-packages/airflow/example_dags/example_trigger_target_dag.py took 0.058 seconds
[2024-10-23T04:27:20.607+0000] {processor.py:186} INFO - Started process (PID=14246) to work on /home/airflow/.local/lib/python3.12/site-packages/airflow/example_dags/example_trigger_target_dag.py
[2024-10-23T04:27:20.608+0000] {processor.py:914} INFO - Processing file /home/airflow/.local/lib/python3.12/site-packages/airflow/example_dags/example_trigger_target_dag.py for tasks to queue
[2024-10-23T04:27:20.609+0000] {logging_mixin.py:190} INFO - [2024-10-23T04:27:20.608+0000] {dagbag.py:588} INFO - Filling up the DagBag from /home/airflow/.local/lib/python3.12/site-packages/airflow/example_dags/example_trigger_target_dag.py
[2024-10-23T04:27:20.614+0000] {processor.py:925} INFO - DAG(s) 'example_trigger_target_dag' retrieved from /home/airflow/.local/lib/python3.12/site-packages/airflow/example_dags/example_trigger_target_dag.py
[2024-10-23T04:27:20.625+0000] {logging_mixin.py:190} INFO - [2024-10-23T04:27:20.625+0000] {dag.py:3239} INFO - Sync 1 DAGs
[2024-10-23T04:27:20.634+0000] {logging_mixin.py:190} INFO - [2024-10-23T04:27:20.633+0000] {dag.py:4180} INFO - Setting next_dagrun for example_trigger_target_dag to None, run_after=None
[2024-10-23T04:27:20.643+0000] {processor.py:208} INFO - Processing /home/airflow/.local/lib/python3.12/site-packages/airflow/example_dags/example_trigger_target_dag.py took 0.040 seconds
[2024-10-23T04:27:51.078+0000] {processor.py:186} INFO - Started process (PID=14310) to work on /home/airflow/.local/lib/python3.12/site-packages/airflow/example_dags/example_trigger_target_dag.py
[2024-10-23T04:27:51.081+0000] {processor.py:914} INFO - Processing file /home/airflow/.local/lib/python3.12/site-packages/airflow/example_dags/example_trigger_target_dag.py for tasks to queue
[2024-10-23T04:27:51.085+0000] {logging_mixin.py:190} INFO - [2024-10-23T04:27:51.085+0000] {dagbag.py:588} INFO - Filling up the DagBag from /home/airflow/.local/lib/python3.12/site-packages/airflow/example_dags/example_trigger_target_dag.py
[2024-10-23T04:27:51.093+0000] {processor.py:925} INFO - DAG(s) 'example_trigger_target_dag' retrieved from /home/airflow/.local/lib/python3.12/site-packages/airflow/example_dags/example_trigger_target_dag.py
[2024-10-23T04:27:51.110+0000] {logging_mixin.py:190} INFO - [2024-10-23T04:27:51.110+0000] {dag.py:3239} INFO - Sync 1 DAGs
[2024-10-23T04:27:51.121+0000] {logging_mixin.py:190} INFO - [2024-10-23T04:27:51.121+0000] {dag.py:4180} INFO - Setting next_dagrun for example_trigger_target_dag to None, run_after=None
[2024-10-23T04:27:51.136+0000] {processor.py:208} INFO - Processing /home/airflow/.local/lib/python3.12/site-packages/airflow/example_dags/example_trigger_target_dag.py took 0.063 seconds
[2024-10-23T04:28:23.201+0000] {processor.py:186} INFO - Started process (PID=14374) to work on /home/airflow/.local/lib/python3.12/site-packages/airflow/example_dags/example_trigger_target_dag.py
[2024-10-23T04:28:23.202+0000] {processor.py:914} INFO - Processing file /home/airflow/.local/lib/python3.12/site-packages/airflow/example_dags/example_trigger_target_dag.py for tasks to queue
[2024-10-23T04:28:23.202+0000] {logging_mixin.py:190} INFO - [2024-10-23T04:28:23.202+0000] {dagbag.py:588} INFO - Filling up the DagBag from /home/airflow/.local/lib/python3.12/site-packages/airflow/example_dags/example_trigger_target_dag.py
[2024-10-23T04:28:23.208+0000] {processor.py:925} INFO - DAG(s) 'example_trigger_target_dag' retrieved from /home/airflow/.local/lib/python3.12/site-packages/airflow/example_dags/example_trigger_target_dag.py
[2024-10-23T04:28:23.228+0000] {logging_mixin.py:190} INFO - [2024-10-23T04:28:23.228+0000] {dag.py:3239} INFO - Sync 1 DAGs
[2024-10-23T04:28:23.244+0000] {logging_mixin.py:190} INFO - [2024-10-23T04:28:23.243+0000] {dag.py:4180} INFO - Setting next_dagrun for example_trigger_target_dag to None, run_after=None
[2024-10-23T04:28:23.257+0000] {processor.py:208} INFO - Processing /home/airflow/.local/lib/python3.12/site-packages/airflow/example_dags/example_trigger_target_dag.py took 0.060 seconds
[2024-10-23T04:28:54.009+0000] {processor.py:186} INFO - Started process (PID=14437) to work on /home/airflow/.local/lib/python3.12/site-packages/airflow/example_dags/example_trigger_target_dag.py
[2024-10-23T04:28:54.010+0000] {processor.py:914} INFO - Processing file /home/airflow/.local/lib/python3.12/site-packages/airflow/example_dags/example_trigger_target_dag.py for tasks to queue
[2024-10-23T04:28:54.012+0000] {logging_mixin.py:190} INFO - [2024-10-23T04:28:54.011+0000] {dagbag.py:588} INFO - Filling up the DagBag from /home/airflow/.local/lib/python3.12/site-packages/airflow/example_dags/example_trigger_target_dag.py
[2024-10-23T04:28:54.023+0000] {processor.py:925} INFO - DAG(s) 'example_trigger_target_dag' retrieved from /home/airflow/.local/lib/python3.12/site-packages/airflow/example_dags/example_trigger_target_dag.py
[2024-10-23T04:28:54.049+0000] {logging_mixin.py:190} INFO - [2024-10-23T04:28:54.049+0000] {dag.py:3239} INFO - Sync 1 DAGs
[2024-10-23T04:28:54.065+0000] {logging_mixin.py:190} INFO - [2024-10-23T04:28:54.065+0000] {dag.py:4180} INFO - Setting next_dagrun for example_trigger_target_dag to None, run_after=None
[2024-10-23T04:28:54.080+0000] {processor.py:208} INFO - Processing /home/airflow/.local/lib/python3.12/site-packages/airflow/example_dags/example_trigger_target_dag.py took 0.080 seconds
[2024-10-23T04:29:25.465+0000] {processor.py:186} INFO - Started process (PID=14500) to work on /home/airflow/.local/lib/python3.12/site-packages/airflow/example_dags/example_trigger_target_dag.py
[2024-10-23T04:29:25.466+0000] {processor.py:914} INFO - Processing file /home/airflow/.local/lib/python3.12/site-packages/airflow/example_dags/example_trigger_target_dag.py for tasks to queue
[2024-10-23T04:29:25.469+0000] {logging_mixin.py:190} INFO - [2024-10-23T04:29:25.468+0000] {dagbag.py:588} INFO - Filling up the DagBag from /home/airflow/.local/lib/python3.12/site-packages/airflow/example_dags/example_trigger_target_dag.py
[2024-10-23T04:29:25.479+0000] {processor.py:925} INFO - DAG(s) 'example_trigger_target_dag' retrieved from /home/airflow/.local/lib/python3.12/site-packages/airflow/example_dags/example_trigger_target_dag.py
[2024-10-23T04:29:25.502+0000] {logging_mixin.py:190} INFO - [2024-10-23T04:29:25.501+0000] {dag.py:3239} INFO - Sync 1 DAGs
[2024-10-23T04:29:25.514+0000] {logging_mixin.py:190} INFO - [2024-10-23T04:29:25.514+0000] {dag.py:4180} INFO - Setting next_dagrun for example_trigger_target_dag to None, run_after=None
[2024-10-23T04:29:25.529+0000] {processor.py:208} INFO - Processing /home/airflow/.local/lib/python3.12/site-packages/airflow/example_dags/example_trigger_target_dag.py took 0.074 seconds
[2024-10-23T04:29:55.903+0000] {processor.py:186} INFO - Started process (PID=14563) to work on /home/airflow/.local/lib/python3.12/site-packages/airflow/example_dags/example_trigger_target_dag.py
[2024-10-23T04:29:55.905+0000] {processor.py:914} INFO - Processing file /home/airflow/.local/lib/python3.12/site-packages/airflow/example_dags/example_trigger_target_dag.py for tasks to queue
[2024-10-23T04:29:55.907+0000] {logging_mixin.py:190} INFO - [2024-10-23T04:29:55.906+0000] {dagbag.py:588} INFO - Filling up the DagBag from /home/airflow/.local/lib/python3.12/site-packages/airflow/example_dags/example_trigger_target_dag.py
[2024-10-23T04:29:55.918+0000] {processor.py:925} INFO - DAG(s) 'example_trigger_target_dag' retrieved from /home/airflow/.local/lib/python3.12/site-packages/airflow/example_dags/example_trigger_target_dag.py
[2024-10-23T04:29:55.935+0000] {logging_mixin.py:190} INFO - [2024-10-23T04:29:55.935+0000] {dag.py:3239} INFO - Sync 1 DAGs
[2024-10-23T04:29:55.952+0000] {logging_mixin.py:190} INFO - [2024-10-23T04:29:55.952+0000] {dag.py:4180} INFO - Setting next_dagrun for example_trigger_target_dag to None, run_after=None
[2024-10-23T04:29:55.975+0000] {processor.py:208} INFO - Processing /home/airflow/.local/lib/python3.12/site-packages/airflow/example_dags/example_trigger_target_dag.py took 0.080 seconds
[2024-10-23T04:30:26.682+0000] {processor.py:186} INFO - Started process (PID=14626) to work on /home/airflow/.local/lib/python3.12/site-packages/airflow/example_dags/example_trigger_target_dag.py
[2024-10-23T04:30:26.683+0000] {processor.py:914} INFO - Processing file /home/airflow/.local/lib/python3.12/site-packages/airflow/example_dags/example_trigger_target_dag.py for tasks to queue
[2024-10-23T04:30:26.684+0000] {logging_mixin.py:190} INFO - [2024-10-23T04:30:26.684+0000] {dagbag.py:588} INFO - Filling up the DagBag from /home/airflow/.local/lib/python3.12/site-packages/airflow/example_dags/example_trigger_target_dag.py
[2024-10-23T04:30:26.694+0000] {processor.py:925} INFO - DAG(s) 'example_trigger_target_dag' retrieved from /home/airflow/.local/lib/python3.12/site-packages/airflow/example_dags/example_trigger_target_dag.py
[2024-10-23T04:30:26.724+0000] {logging_mixin.py:190} INFO - [2024-10-23T04:30:26.723+0000] {dag.py:3239} INFO - Sync 1 DAGs
[2024-10-23T04:30:26.740+0000] {logging_mixin.py:190} INFO - [2024-10-23T04:30:26.739+0000] {dag.py:4180} INFO - Setting next_dagrun for example_trigger_target_dag to None, run_after=None
[2024-10-23T04:30:26.756+0000] {processor.py:208} INFO - Processing /home/airflow/.local/lib/python3.12/site-packages/airflow/example_dags/example_trigger_target_dag.py took 0.079 seconds
[2024-10-23T04:30:57.382+0000] {processor.py:186} INFO - Started process (PID=14689) to work on /home/airflow/.local/lib/python3.12/site-packages/airflow/example_dags/example_trigger_target_dag.py
[2024-10-23T04:30:57.386+0000] {processor.py:914} INFO - Processing file /home/airflow/.local/lib/python3.12/site-packages/airflow/example_dags/example_trigger_target_dag.py for tasks to queue
[2024-10-23T04:30:57.391+0000] {logging_mixin.py:190} INFO - [2024-10-23T04:30:57.389+0000] {dagbag.py:588} INFO - Filling up the DagBag from /home/airflow/.local/lib/python3.12/site-packages/airflow/example_dags/example_trigger_target_dag.py
[2024-10-23T04:30:57.413+0000] {processor.py:925} INFO - DAG(s) 'example_trigger_target_dag' retrieved from /home/airflow/.local/lib/python3.12/site-packages/airflow/example_dags/example_trigger_target_dag.py
[2024-10-23T04:30:57.449+0000] {logging_mixin.py:190} INFO - [2024-10-23T04:30:57.448+0000] {dag.py:3239} INFO - Sync 1 DAGs
[2024-10-23T04:30:57.484+0000] {logging_mixin.py:190} INFO - [2024-10-23T04:30:57.484+0000] {dag.py:4180} INFO - Setting next_dagrun for example_trigger_target_dag to None, run_after=None
[2024-10-23T04:30:57.509+0000] {processor.py:208} INFO - Processing /home/airflow/.local/lib/python3.12/site-packages/airflow/example_dags/example_trigger_target_dag.py took 0.139 seconds
[2024-10-23T04:31:28.138+0000] {processor.py:186} INFO - Started process (PID=14752) to work on /home/airflow/.local/lib/python3.12/site-packages/airflow/example_dags/example_trigger_target_dag.py
[2024-10-23T04:31:28.140+0000] {processor.py:914} INFO - Processing file /home/airflow/.local/lib/python3.12/site-packages/airflow/example_dags/example_trigger_target_dag.py for tasks to queue
[2024-10-23T04:31:28.142+0000] {logging_mixin.py:190} INFO - [2024-10-23T04:31:28.142+0000] {dagbag.py:588} INFO - Filling up the DagBag from /home/airflow/.local/lib/python3.12/site-packages/airflow/example_dags/example_trigger_target_dag.py
[2024-10-23T04:31:28.147+0000] {processor.py:925} INFO - DAG(s) 'example_trigger_target_dag' retrieved from /home/airflow/.local/lib/python3.12/site-packages/airflow/example_dags/example_trigger_target_dag.py
[2024-10-23T04:31:28.163+0000] {logging_mixin.py:190} INFO - [2024-10-23T04:31:28.163+0000] {dag.py:3239} INFO - Sync 1 DAGs
[2024-10-23T04:31:28.173+0000] {logging_mixin.py:190} INFO - [2024-10-23T04:31:28.173+0000] {dag.py:4180} INFO - Setting next_dagrun for example_trigger_target_dag to None, run_after=None
[2024-10-23T04:31:28.185+0000] {processor.py:208} INFO - Processing /home/airflow/.local/lib/python3.12/site-packages/airflow/example_dags/example_trigger_target_dag.py took 0.051 seconds
[2024-10-23T04:31:59.715+0000] {processor.py:186} INFO - Started process (PID=14814) to work on /home/airflow/.local/lib/python3.12/site-packages/airflow/example_dags/example_trigger_target_dag.py
[2024-10-23T04:31:59.717+0000] {processor.py:914} INFO - Processing file /home/airflow/.local/lib/python3.12/site-packages/airflow/example_dags/example_trigger_target_dag.py for tasks to queue
[2024-10-23T04:31:59.718+0000] {logging_mixin.py:190} INFO - [2024-10-23T04:31:59.718+0000] {dagbag.py:588} INFO - Filling up the DagBag from /home/airflow/.local/lib/python3.12/site-packages/airflow/example_dags/example_trigger_target_dag.py
[2024-10-23T04:31:59.726+0000] {processor.py:925} INFO - DAG(s) 'example_trigger_target_dag' retrieved from /home/airflow/.local/lib/python3.12/site-packages/airflow/example_dags/example_trigger_target_dag.py
[2024-10-23T04:31:59.740+0000] {logging_mixin.py:190} INFO - [2024-10-23T04:31:59.740+0000] {dag.py:3239} INFO - Sync 1 DAGs
[2024-10-23T04:31:59.750+0000] {logging_mixin.py:190} INFO - [2024-10-23T04:31:59.750+0000] {dag.py:4180} INFO - Setting next_dagrun for example_trigger_target_dag to None, run_after=None
[2024-10-23T04:31:59.763+0000] {processor.py:208} INFO - Processing /home/airflow/.local/lib/python3.12/site-packages/airflow/example_dags/example_trigger_target_dag.py took 0.054 seconds
[2024-10-23T04:32:30.987+0000] {processor.py:186} INFO - Started process (PID=14876) to work on /home/airflow/.local/lib/python3.12/site-packages/airflow/example_dags/example_trigger_target_dag.py
[2024-10-23T04:32:30.988+0000] {processor.py:914} INFO - Processing file /home/airflow/.local/lib/python3.12/site-packages/airflow/example_dags/example_trigger_target_dag.py for tasks to queue
[2024-10-23T04:32:30.989+0000] {logging_mixin.py:190} INFO - [2024-10-23T04:32:30.988+0000] {dagbag.py:588} INFO - Filling up the DagBag from /home/airflow/.local/lib/python3.12/site-packages/airflow/example_dags/example_trigger_target_dag.py
[2024-10-23T04:32:30.995+0000] {processor.py:925} INFO - DAG(s) 'example_trigger_target_dag' retrieved from /home/airflow/.local/lib/python3.12/site-packages/airflow/example_dags/example_trigger_target_dag.py
[2024-10-23T04:32:31.009+0000] {logging_mixin.py:190} INFO - [2024-10-23T04:32:31.009+0000] {dag.py:3239} INFO - Sync 1 DAGs
[2024-10-23T04:32:31.021+0000] {logging_mixin.py:190} INFO - [2024-10-23T04:32:31.021+0000] {dag.py:4180} INFO - Setting next_dagrun for example_trigger_target_dag to None, run_after=None
[2024-10-23T04:32:31.038+0000] {processor.py:208} INFO - Processing /home/airflow/.local/lib/python3.12/site-packages/airflow/example_dags/example_trigger_target_dag.py took 0.057 seconds
[2024-10-23T04:33:02.155+0000] {processor.py:186} INFO - Started process (PID=14939) to work on /home/airflow/.local/lib/python3.12/site-packages/airflow/example_dags/example_trigger_target_dag.py
[2024-10-23T04:33:02.157+0000] {processor.py:914} INFO - Processing file /home/airflow/.local/lib/python3.12/site-packages/airflow/example_dags/example_trigger_target_dag.py for tasks to queue
[2024-10-23T04:33:02.159+0000] {logging_mixin.py:190} INFO - [2024-10-23T04:33:02.158+0000] {dagbag.py:588} INFO - Filling up the DagBag from /home/airflow/.local/lib/python3.12/site-packages/airflow/example_dags/example_trigger_target_dag.py
[2024-10-23T04:33:02.164+0000] {processor.py:925} INFO - DAG(s) 'example_trigger_target_dag' retrieved from /home/airflow/.local/lib/python3.12/site-packages/airflow/example_dags/example_trigger_target_dag.py
[2024-10-23T04:33:02.179+0000] {logging_mixin.py:190} INFO - [2024-10-23T04:33:02.179+0000] {dag.py:3239} INFO - Sync 1 DAGs
[2024-10-23T04:33:02.190+0000] {logging_mixin.py:190} INFO - [2024-10-23T04:33:02.189+0000] {dag.py:4180} INFO - Setting next_dagrun for example_trigger_target_dag to None, run_after=None
[2024-10-23T04:33:02.203+0000] {processor.py:208} INFO - Processing /home/airflow/.local/lib/python3.12/site-packages/airflow/example_dags/example_trigger_target_dag.py took 0.052 seconds
[2024-10-23T04:33:32.988+0000] {processor.py:186} INFO - Started process (PID=15003) to work on /home/airflow/.local/lib/python3.12/site-packages/airflow/example_dags/example_trigger_target_dag.py
[2024-10-23T04:33:32.991+0000] {processor.py:914} INFO - Processing file /home/airflow/.local/lib/python3.12/site-packages/airflow/example_dags/example_trigger_target_dag.py for tasks to queue
[2024-10-23T04:33:32.993+0000] {logging_mixin.py:190} INFO - [2024-10-23T04:33:32.992+0000] {dagbag.py:588} INFO - Filling up the DagBag from /home/airflow/.local/lib/python3.12/site-packages/airflow/example_dags/example_trigger_target_dag.py
[2024-10-23T04:33:32.998+0000] {processor.py:925} INFO - DAG(s) 'example_trigger_target_dag' retrieved from /home/airflow/.local/lib/python3.12/site-packages/airflow/example_dags/example_trigger_target_dag.py
[2024-10-23T04:33:33.016+0000] {logging_mixin.py:190} INFO - [2024-10-23T04:33:33.016+0000] {dag.py:3239} INFO - Sync 1 DAGs
[2024-10-23T04:33:33.029+0000] {logging_mixin.py:190} INFO - [2024-10-23T04:33:33.029+0000] {dag.py:4180} INFO - Setting next_dagrun for example_trigger_target_dag to None, run_after=None
[2024-10-23T04:33:33.043+0000] {processor.py:208} INFO - Processing /home/airflow/.local/lib/python3.12/site-packages/airflow/example_dags/example_trigger_target_dag.py took 0.059 seconds
[2024-10-23T04:34:04.070+0000] {processor.py:186} INFO - Started process (PID=15066) to work on /home/airflow/.local/lib/python3.12/site-packages/airflow/example_dags/example_trigger_target_dag.py
[2024-10-23T04:34:04.071+0000] {processor.py:914} INFO - Processing file /home/airflow/.local/lib/python3.12/site-packages/airflow/example_dags/example_trigger_target_dag.py for tasks to queue
[2024-10-23T04:34:04.072+0000] {logging_mixin.py:190} INFO - [2024-10-23T04:34:04.072+0000] {dagbag.py:588} INFO - Filling up the DagBag from /home/airflow/.local/lib/python3.12/site-packages/airflow/example_dags/example_trigger_target_dag.py
[2024-10-23T04:34:04.081+0000] {processor.py:925} INFO - DAG(s) 'example_trigger_target_dag' retrieved from /home/airflow/.local/lib/python3.12/site-packages/airflow/example_dags/example_trigger_target_dag.py
[2024-10-23T04:34:04.095+0000] {logging_mixin.py:190} INFO - [2024-10-23T04:34:04.094+0000] {dag.py:3239} INFO - Sync 1 DAGs
[2024-10-23T04:34:04.106+0000] {logging_mixin.py:190} INFO - [2024-10-23T04:34:04.106+0000] {dag.py:4180} INFO - Setting next_dagrun for example_trigger_target_dag to None, run_after=None
[2024-10-23T04:34:04.119+0000] {processor.py:208} INFO - Processing /home/airflow/.local/lib/python3.12/site-packages/airflow/example_dags/example_trigger_target_dag.py took 0.054 seconds
[2024-10-23T04:34:35.653+0000] {processor.py:186} INFO - Started process (PID=15129) to work on /home/airflow/.local/lib/python3.12/site-packages/airflow/example_dags/example_trigger_target_dag.py
[2024-10-23T04:34:35.656+0000] {processor.py:914} INFO - Processing file /home/airflow/.local/lib/python3.12/site-packages/airflow/example_dags/example_trigger_target_dag.py for tasks to queue
[2024-10-23T04:34:35.656+0000] {logging_mixin.py:190} INFO - [2024-10-23T04:34:35.656+0000] {dagbag.py:588} INFO - Filling up the DagBag from /home/airflow/.local/lib/python3.12/site-packages/airflow/example_dags/example_trigger_target_dag.py
[2024-10-23T04:34:35.662+0000] {processor.py:925} INFO - DAG(s) 'example_trigger_target_dag' retrieved from /home/airflow/.local/lib/python3.12/site-packages/airflow/example_dags/example_trigger_target_dag.py
[2024-10-23T04:34:35.674+0000] {logging_mixin.py:190} INFO - [2024-10-23T04:34:35.674+0000] {dag.py:3239} INFO - Sync 1 DAGs
[2024-10-23T04:34:35.684+0000] {logging_mixin.py:190} INFO - [2024-10-23T04:34:35.684+0000] {dag.py:4180} INFO - Setting next_dagrun for example_trigger_target_dag to None, run_after=None
[2024-10-23T04:34:35.694+0000] {processor.py:208} INFO - Processing /home/airflow/.local/lib/python3.12/site-packages/airflow/example_dags/example_trigger_target_dag.py took 0.045 seconds
[2024-10-23T04:35:07.169+0000] {processor.py:186} INFO - Started process (PID=15192) to work on /home/airflow/.local/lib/python3.12/site-packages/airflow/example_dags/example_trigger_target_dag.py
[2024-10-23T04:35:07.170+0000] {processor.py:914} INFO - Processing file /home/airflow/.local/lib/python3.12/site-packages/airflow/example_dags/example_trigger_target_dag.py for tasks to queue
[2024-10-23T04:35:07.171+0000] {logging_mixin.py:190} INFO - [2024-10-23T04:35:07.171+0000] {dagbag.py:588} INFO - Filling up the DagBag from /home/airflow/.local/lib/python3.12/site-packages/airflow/example_dags/example_trigger_target_dag.py
[2024-10-23T04:35:07.177+0000] {processor.py:925} INFO - DAG(s) 'example_trigger_target_dag' retrieved from /home/airflow/.local/lib/python3.12/site-packages/airflow/example_dags/example_trigger_target_dag.py
[2024-10-23T04:35:07.191+0000] {logging_mixin.py:190} INFO - [2024-10-23T04:35:07.190+0000] {dag.py:3239} INFO - Sync 1 DAGs
[2024-10-23T04:35:07.201+0000] {logging_mixin.py:190} INFO - [2024-10-23T04:35:07.200+0000] {dag.py:4180} INFO - Setting next_dagrun for example_trigger_target_dag to None, run_after=None
[2024-10-23T04:35:07.212+0000] {processor.py:208} INFO - Processing /home/airflow/.local/lib/python3.12/site-packages/airflow/example_dags/example_trigger_target_dag.py took 0.047 seconds
[2024-10-23T04:35:38.611+0000] {processor.py:186} INFO - Started process (PID=15257) to work on /home/airflow/.local/lib/python3.12/site-packages/airflow/example_dags/example_trigger_target_dag.py
[2024-10-23T04:35:38.612+0000] {processor.py:914} INFO - Processing file /home/airflow/.local/lib/python3.12/site-packages/airflow/example_dags/example_trigger_target_dag.py for tasks to queue
[2024-10-23T04:35:38.613+0000] {logging_mixin.py:190} INFO - [2024-10-23T04:35:38.612+0000] {dagbag.py:588} INFO - Filling up the DagBag from /home/airflow/.local/lib/python3.12/site-packages/airflow/example_dags/example_trigger_target_dag.py
[2024-10-23T04:35:38.619+0000] {processor.py:925} INFO - DAG(s) 'example_trigger_target_dag' retrieved from /home/airflow/.local/lib/python3.12/site-packages/airflow/example_dags/example_trigger_target_dag.py
[2024-10-23T04:35:38.644+0000] {logging_mixin.py:190} INFO - [2024-10-23T04:35:38.644+0000] {dag.py:3239} INFO - Sync 1 DAGs
[2024-10-23T04:35:38.664+0000] {logging_mixin.py:190} INFO - [2024-10-23T04:35:38.663+0000] {dag.py:4180} INFO - Setting next_dagrun for example_trigger_target_dag to None, run_after=None
[2024-10-23T04:35:38.679+0000] {processor.py:208} INFO - Processing /home/airflow/.local/lib/python3.12/site-packages/airflow/example_dags/example_trigger_target_dag.py took 0.073 seconds
[2024-10-23T04:36:09.588+0000] {processor.py:186} INFO - Started process (PID=15322) to work on /home/airflow/.local/lib/python3.12/site-packages/airflow/example_dags/example_trigger_target_dag.py
[2024-10-23T04:36:09.589+0000] {processor.py:914} INFO - Processing file /home/airflow/.local/lib/python3.12/site-packages/airflow/example_dags/example_trigger_target_dag.py for tasks to queue
[2024-10-23T04:36:09.590+0000] {logging_mixin.py:190} INFO - [2024-10-23T04:36:09.590+0000] {dagbag.py:588} INFO - Filling up the DagBag from /home/airflow/.local/lib/python3.12/site-packages/airflow/example_dags/example_trigger_target_dag.py
[2024-10-23T04:36:09.595+0000] {processor.py:925} INFO - DAG(s) 'example_trigger_target_dag' retrieved from /home/airflow/.local/lib/python3.12/site-packages/airflow/example_dags/example_trigger_target_dag.py
[2024-10-23T04:36:09.614+0000] {logging_mixin.py:190} INFO - [2024-10-23T04:36:09.613+0000] {dag.py:3239} INFO - Sync 1 DAGs
[2024-10-23T04:36:09.624+0000] {logging_mixin.py:190} INFO - [2024-10-23T04:36:09.624+0000] {dag.py:4180} INFO - Setting next_dagrun for example_trigger_target_dag to None, run_after=None
[2024-10-23T04:36:09.636+0000] {processor.py:208} INFO - Processing /home/airflow/.local/lib/python3.12/site-packages/airflow/example_dags/example_trigger_target_dag.py took 0.053 seconds
[2024-10-23T04:36:40.486+0000] {processor.py:186} INFO - Started process (PID=15386) to work on /home/airflow/.local/lib/python3.12/site-packages/airflow/example_dags/example_trigger_target_dag.py
[2024-10-23T04:36:40.488+0000] {processor.py:914} INFO - Processing file /home/airflow/.local/lib/python3.12/site-packages/airflow/example_dags/example_trigger_target_dag.py for tasks to queue
[2024-10-23T04:36:40.490+0000] {logging_mixin.py:190} INFO - [2024-10-23T04:36:40.490+0000] {dagbag.py:588} INFO - Filling up the DagBag from /home/airflow/.local/lib/python3.12/site-packages/airflow/example_dags/example_trigger_target_dag.py
[2024-10-23T04:36:40.502+0000] {processor.py:925} INFO - DAG(s) 'example_trigger_target_dag' retrieved from /home/airflow/.local/lib/python3.12/site-packages/airflow/example_dags/example_trigger_target_dag.py
[2024-10-23T04:36:40.519+0000] {logging_mixin.py:190} INFO - [2024-10-23T04:36:40.518+0000] {dag.py:3239} INFO - Sync 1 DAGs
[2024-10-23T04:36:40.530+0000] {logging_mixin.py:190} INFO - [2024-10-23T04:36:40.530+0000] {dag.py:4180} INFO - Setting next_dagrun for example_trigger_target_dag to None, run_after=None
[2024-10-23T04:36:40.542+0000] {processor.py:208} INFO - Processing /home/airflow/.local/lib/python3.12/site-packages/airflow/example_dags/example_trigger_target_dag.py took 0.062 seconds
[2024-10-23T04:37:12.443+0000] {processor.py:186} INFO - Started process (PID=15449) to work on /home/airflow/.local/lib/python3.12/site-packages/airflow/example_dags/example_trigger_target_dag.py
[2024-10-23T04:37:12.449+0000] {processor.py:914} INFO - Processing file /home/airflow/.local/lib/python3.12/site-packages/airflow/example_dags/example_trigger_target_dag.py for tasks to queue
[2024-10-23T04:37:12.453+0000] {logging_mixin.py:190} INFO - [2024-10-23T04:37:12.453+0000] {dagbag.py:588} INFO - Filling up the DagBag from /home/airflow/.local/lib/python3.12/site-packages/airflow/example_dags/example_trigger_target_dag.py
[2024-10-23T04:37:12.472+0000] {processor.py:925} INFO - DAG(s) 'example_trigger_target_dag' retrieved from /home/airflow/.local/lib/python3.12/site-packages/airflow/example_dags/example_trigger_target_dag.py
[2024-10-23T04:37:12.507+0000] {logging_mixin.py:190} INFO - [2024-10-23T04:37:12.507+0000] {dag.py:3239} INFO - Sync 1 DAGs
[2024-10-23T04:37:12.569+0000] {logging_mixin.py:190} INFO - [2024-10-23T04:37:12.569+0000] {dag.py:4180} INFO - Setting next_dagrun for example_trigger_target_dag to None, run_after=None
[2024-10-23T04:37:12.603+0000] {processor.py:208} INFO - Processing /home/airflow/.local/lib/python3.12/site-packages/airflow/example_dags/example_trigger_target_dag.py took 0.192 seconds
[2024-10-23T04:37:44.857+0000] {processor.py:186} INFO - Started process (PID=15512) to work on /home/airflow/.local/lib/python3.12/site-packages/airflow/example_dags/example_trigger_target_dag.py
[2024-10-23T04:37:44.857+0000] {processor.py:914} INFO - Processing file /home/airflow/.local/lib/python3.12/site-packages/airflow/example_dags/example_trigger_target_dag.py for tasks to queue
[2024-10-23T04:37:44.858+0000] {logging_mixin.py:190} INFO - [2024-10-23T04:37:44.858+0000] {dagbag.py:588} INFO - Filling up the DagBag from /home/airflow/.local/lib/python3.12/site-packages/airflow/example_dags/example_trigger_target_dag.py
[2024-10-23T04:37:44.865+0000] {processor.py:925} INFO - DAG(s) 'example_trigger_target_dag' retrieved from /home/airflow/.local/lib/python3.12/site-packages/airflow/example_dags/example_trigger_target_dag.py
[2024-10-23T04:37:44.891+0000] {logging_mixin.py:190} INFO - [2024-10-23T04:37:44.891+0000] {dag.py:3239} INFO - Sync 1 DAGs
[2024-10-23T04:37:44.907+0000] {logging_mixin.py:190} INFO - [2024-10-23T04:37:44.907+0000] {dag.py:4180} INFO - Setting next_dagrun for example_trigger_target_dag to None, run_after=None
[2024-10-23T04:37:44.926+0000] {processor.py:208} INFO - Processing /home/airflow/.local/lib/python3.12/site-packages/airflow/example_dags/example_trigger_target_dag.py took 0.074 seconds
[2024-10-23T04:38:15.819+0000] {processor.py:186} INFO - Started process (PID=15576) to work on /home/airflow/.local/lib/python3.12/site-packages/airflow/example_dags/example_trigger_target_dag.py
[2024-10-23T04:38:15.821+0000] {processor.py:914} INFO - Processing file /home/airflow/.local/lib/python3.12/site-packages/airflow/example_dags/example_trigger_target_dag.py for tasks to queue
[2024-10-23T04:38:15.823+0000] {logging_mixin.py:190} INFO - [2024-10-23T04:38:15.823+0000] {dagbag.py:588} INFO - Filling up the DagBag from /home/airflow/.local/lib/python3.12/site-packages/airflow/example_dags/example_trigger_target_dag.py
[2024-10-23T04:38:15.831+0000] {processor.py:925} INFO - DAG(s) 'example_trigger_target_dag' retrieved from /home/airflow/.local/lib/python3.12/site-packages/airflow/example_dags/example_trigger_target_dag.py
[2024-10-23T04:38:15.850+0000] {logging_mixin.py:190} INFO - [2024-10-23T04:38:15.850+0000] {dag.py:3239} INFO - Sync 1 DAGs
[2024-10-23T04:38:15.862+0000] {logging_mixin.py:190} INFO - [2024-10-23T04:38:15.862+0000] {dag.py:4180} INFO - Setting next_dagrun for example_trigger_target_dag to None, run_after=None
[2024-10-23T04:38:15.880+0000] {processor.py:208} INFO - Processing /home/airflow/.local/lib/python3.12/site-packages/airflow/example_dags/example_trigger_target_dag.py took 0.068 seconds
[2024-10-23T04:38:48.717+0000] {processor.py:186} INFO - Started process (PID=15645) to work on /home/airflow/.local/lib/python3.12/site-packages/airflow/example_dags/example_trigger_target_dag.py
[2024-10-23T04:38:48.720+0000] {processor.py:914} INFO - Processing file /home/airflow/.local/lib/python3.12/site-packages/airflow/example_dags/example_trigger_target_dag.py for tasks to queue
[2024-10-23T04:38:48.723+0000] {logging_mixin.py:190} INFO - [2024-10-23T04:38:48.723+0000] {dagbag.py:588} INFO - Filling up the DagBag from /home/airflow/.local/lib/python3.12/site-packages/airflow/example_dags/example_trigger_target_dag.py
[2024-10-23T04:38:48.730+0000] {processor.py:925} INFO - DAG(s) 'example_trigger_target_dag' retrieved from /home/airflow/.local/lib/python3.12/site-packages/airflow/example_dags/example_trigger_target_dag.py
[2024-10-23T04:38:48.758+0000] {logging_mixin.py:190} INFO - [2024-10-23T04:38:48.758+0000] {dag.py:3239} INFO - Sync 1 DAGs
[2024-10-23T04:38:48.778+0000] {logging_mixin.py:190} INFO - [2024-10-23T04:38:48.778+0000] {dag.py:4180} INFO - Setting next_dagrun for example_trigger_target_dag to None, run_after=None
[2024-10-23T04:38:48.791+0000] {processor.py:208} INFO - Processing /home/airflow/.local/lib/python3.12/site-packages/airflow/example_dags/example_trigger_target_dag.py took 0.080 seconds
[2024-10-23T04:39:21.146+0000] {processor.py:186} INFO - Started process (PID=15708) to work on /home/airflow/.local/lib/python3.12/site-packages/airflow/example_dags/example_trigger_target_dag.py
[2024-10-23T04:39:21.158+0000] {processor.py:914} INFO - Processing file /home/airflow/.local/lib/python3.12/site-packages/airflow/example_dags/example_trigger_target_dag.py for tasks to queue
[2024-10-23T04:39:21.165+0000] {logging_mixin.py:190} INFO - [2024-10-23T04:39:21.163+0000] {dagbag.py:588} INFO - Filling up the DagBag from /home/airflow/.local/lib/python3.12/site-packages/airflow/example_dags/example_trigger_target_dag.py
[2024-10-23T04:39:21.195+0000] {processor.py:925} INFO - DAG(s) 'example_trigger_target_dag' retrieved from /home/airflow/.local/lib/python3.12/site-packages/airflow/example_dags/example_trigger_target_dag.py
[2024-10-23T04:39:21.232+0000] {logging_mixin.py:190} INFO - [2024-10-23T04:39:21.231+0000] {dag.py:3239} INFO - Sync 1 DAGs
[2024-10-23T04:39:21.283+0000] {logging_mixin.py:190} INFO - [2024-10-23T04:39:21.283+0000] {dag.py:4180} INFO - Setting next_dagrun for example_trigger_target_dag to None, run_after=None
[2024-10-23T04:39:21.316+0000] {processor.py:208} INFO - Processing /home/airflow/.local/lib/python3.12/site-packages/airflow/example_dags/example_trigger_target_dag.py took 0.193 seconds
[2024-10-23T04:39:52.145+0000] {processor.py:186} INFO - Started process (PID=15771) to work on /home/airflow/.local/lib/python3.12/site-packages/airflow/example_dags/example_trigger_target_dag.py
[2024-10-23T04:39:52.152+0000] {processor.py:914} INFO - Processing file /home/airflow/.local/lib/python3.12/site-packages/airflow/example_dags/example_trigger_target_dag.py for tasks to queue
[2024-10-23T04:39:52.153+0000] {logging_mixin.py:190} INFO - [2024-10-23T04:39:52.153+0000] {dagbag.py:588} INFO - Filling up the DagBag from /home/airflow/.local/lib/python3.12/site-packages/airflow/example_dags/example_trigger_target_dag.py
[2024-10-23T04:39:52.185+0000] {processor.py:925} INFO - DAG(s) 'example_trigger_target_dag' retrieved from /home/airflow/.local/lib/python3.12/site-packages/airflow/example_dags/example_trigger_target_dag.py
[2024-10-23T04:39:52.229+0000] {logging_mixin.py:190} INFO - [2024-10-23T04:39:52.228+0000] {dag.py:3239} INFO - Sync 1 DAGs
[2024-10-23T04:39:52.274+0000] {logging_mixin.py:190} INFO - [2024-10-23T04:39:52.274+0000] {dag.py:4180} INFO - Setting next_dagrun for example_trigger_target_dag to None, run_after=None
[2024-10-23T04:39:52.296+0000] {processor.py:208} INFO - Processing /home/airflow/.local/lib/python3.12/site-packages/airflow/example_dags/example_trigger_target_dag.py took 0.162 seconds
[2024-10-23T04:40:22.874+0000] {processor.py:186} INFO - Started process (PID=15833) to work on /home/airflow/.local/lib/python3.12/site-packages/airflow/example_dags/example_trigger_target_dag.py
[2024-10-23T04:40:22.876+0000] {processor.py:914} INFO - Processing file /home/airflow/.local/lib/python3.12/site-packages/airflow/example_dags/example_trigger_target_dag.py for tasks to queue
[2024-10-23T04:40:22.878+0000] {logging_mixin.py:190} INFO - [2024-10-23T04:40:22.877+0000] {dagbag.py:588} INFO - Filling up the DagBag from /home/airflow/.local/lib/python3.12/site-packages/airflow/example_dags/example_trigger_target_dag.py
[2024-10-23T04:40:22.901+0000] {processor.py:925} INFO - DAG(s) 'example_trigger_target_dag' retrieved from /home/airflow/.local/lib/python3.12/site-packages/airflow/example_dags/example_trigger_target_dag.py
[2024-10-23T04:40:23.188+0000] {logging_mixin.py:190} INFO - [2024-10-23T04:40:23.188+0000] {dag.py:3239} INFO - Sync 1 DAGs
[2024-10-23T04:40:23.206+0000] {logging_mixin.py:190} INFO - [2024-10-23T04:40:23.206+0000] {dag.py:4180} INFO - Setting next_dagrun for example_trigger_target_dag to None, run_after=None
[2024-10-23T04:40:23.224+0000] {processor.py:208} INFO - Processing /home/airflow/.local/lib/python3.12/site-packages/airflow/example_dags/example_trigger_target_dag.py took 0.359 seconds
[2024-10-23T04:40:53.764+0000] {processor.py:186} INFO - Started process (PID=15896) to work on /home/airflow/.local/lib/python3.12/site-packages/airflow/example_dags/example_trigger_target_dag.py
[2024-10-23T04:40:53.765+0000] {processor.py:914} INFO - Processing file /home/airflow/.local/lib/python3.12/site-packages/airflow/example_dags/example_trigger_target_dag.py for tasks to queue
[2024-10-23T04:40:53.766+0000] {logging_mixin.py:190} INFO - [2024-10-23T04:40:53.766+0000] {dagbag.py:588} INFO - Filling up the DagBag from /home/airflow/.local/lib/python3.12/site-packages/airflow/example_dags/example_trigger_target_dag.py
[2024-10-23T04:40:53.772+0000] {processor.py:925} INFO - DAG(s) 'example_trigger_target_dag' retrieved from /home/airflow/.local/lib/python3.12/site-packages/airflow/example_dags/example_trigger_target_dag.py
[2024-10-23T04:40:53.791+0000] {logging_mixin.py:190} INFO - [2024-10-23T04:40:53.791+0000] {dag.py:3239} INFO - Sync 1 DAGs
[2024-10-23T04:40:53.808+0000] {logging_mixin.py:190} INFO - [2024-10-23T04:40:53.808+0000] {dag.py:4180} INFO - Setting next_dagrun for example_trigger_target_dag to None, run_after=None
[2024-10-23T04:40:53.822+0000] {processor.py:208} INFO - Processing /home/airflow/.local/lib/python3.12/site-packages/airflow/example_dags/example_trigger_target_dag.py took 0.063 seconds
[2024-10-23T04:41:24.480+0000] {processor.py:186} INFO - Started process (PID=15959) to work on /home/airflow/.local/lib/python3.12/site-packages/airflow/example_dags/example_trigger_target_dag.py
[2024-10-23T04:41:24.482+0000] {processor.py:914} INFO - Processing file /home/airflow/.local/lib/python3.12/site-packages/airflow/example_dags/example_trigger_target_dag.py for tasks to queue
[2024-10-23T04:41:24.483+0000] {logging_mixin.py:190} INFO - [2024-10-23T04:41:24.483+0000] {dagbag.py:588} INFO - Filling up the DagBag from /home/airflow/.local/lib/python3.12/site-packages/airflow/example_dags/example_trigger_target_dag.py
[2024-10-23T04:41:24.493+0000] {processor.py:925} INFO - DAG(s) 'example_trigger_target_dag' retrieved from /home/airflow/.local/lib/python3.12/site-packages/airflow/example_dags/example_trigger_target_dag.py
[2024-10-23T04:41:24.513+0000] {logging_mixin.py:190} INFO - [2024-10-23T04:41:24.512+0000] {dag.py:3239} INFO - Sync 1 DAGs
[2024-10-23T04:41:24.525+0000] {logging_mixin.py:190} INFO - [2024-10-23T04:41:24.524+0000] {dag.py:4180} INFO - Setting next_dagrun for example_trigger_target_dag to None, run_after=None
[2024-10-23T04:41:24.541+0000] {processor.py:208} INFO - Processing /home/airflow/.local/lib/python3.12/site-packages/airflow/example_dags/example_trigger_target_dag.py took 0.069 seconds
[2024-10-23T04:41:55.383+0000] {processor.py:186} INFO - Started process (PID=16022) to work on /home/airflow/.local/lib/python3.12/site-packages/airflow/example_dags/example_trigger_target_dag.py
[2024-10-23T04:41:55.385+0000] {processor.py:914} INFO - Processing file /home/airflow/.local/lib/python3.12/site-packages/airflow/example_dags/example_trigger_target_dag.py for tasks to queue
[2024-10-23T04:41:55.386+0000] {logging_mixin.py:190} INFO - [2024-10-23T04:41:55.386+0000] {dagbag.py:588} INFO - Filling up the DagBag from /home/airflow/.local/lib/python3.12/site-packages/airflow/example_dags/example_trigger_target_dag.py
[2024-10-23T04:41:55.398+0000] {processor.py:925} INFO - DAG(s) 'example_trigger_target_dag' retrieved from /home/airflow/.local/lib/python3.12/site-packages/airflow/example_dags/example_trigger_target_dag.py
[2024-10-23T04:41:55.418+0000] {logging_mixin.py:190} INFO - [2024-10-23T04:41:55.418+0000] {dag.py:3239} INFO - Sync 1 DAGs
[2024-10-23T04:41:55.431+0000] {logging_mixin.py:190} INFO - [2024-10-23T04:41:55.431+0000] {dag.py:4180} INFO - Setting next_dagrun for example_trigger_target_dag to None, run_after=None
[2024-10-23T04:41:55.446+0000] {processor.py:208} INFO - Processing /home/airflow/.local/lib/python3.12/site-packages/airflow/example_dags/example_trigger_target_dag.py took 0.068 seconds
[2024-10-23T04:42:25.519+0000] {processor.py:186} INFO - Started process (PID=16085) to work on /home/airflow/.local/lib/python3.12/site-packages/airflow/example_dags/example_trigger_target_dag.py
[2024-10-23T04:42:25.519+0000] {processor.py:914} INFO - Processing file /home/airflow/.local/lib/python3.12/site-packages/airflow/example_dags/example_trigger_target_dag.py for tasks to queue
[2024-10-23T04:42:25.520+0000] {logging_mixin.py:190} INFO - [2024-10-23T04:42:25.520+0000] {dagbag.py:588} INFO - Filling up the DagBag from /home/airflow/.local/lib/python3.12/site-packages/airflow/example_dags/example_trigger_target_dag.py
[2024-10-23T04:42:25.528+0000] {processor.py:925} INFO - DAG(s) 'example_trigger_target_dag' retrieved from /home/airflow/.local/lib/python3.12/site-packages/airflow/example_dags/example_trigger_target_dag.py
[2024-10-23T04:42:25.547+0000] {logging_mixin.py:190} INFO - [2024-10-23T04:42:25.547+0000] {dag.py:3239} INFO - Sync 1 DAGs
[2024-10-23T04:42:25.558+0000] {logging_mixin.py:190} INFO - [2024-10-23T04:42:25.558+0000] {dag.py:4180} INFO - Setting next_dagrun for example_trigger_target_dag to None, run_after=None
[2024-10-23T04:42:25.576+0000] {processor.py:208} INFO - Processing /home/airflow/.local/lib/python3.12/site-packages/airflow/example_dags/example_trigger_target_dag.py took 0.063 seconds
[2024-10-23T04:42:56.612+0000] {processor.py:186} INFO - Started process (PID=16148) to work on /home/airflow/.local/lib/python3.12/site-packages/airflow/example_dags/example_trigger_target_dag.py
[2024-10-23T04:42:56.614+0000] {processor.py:914} INFO - Processing file /home/airflow/.local/lib/python3.12/site-packages/airflow/example_dags/example_trigger_target_dag.py for tasks to queue
[2024-10-23T04:42:56.616+0000] {logging_mixin.py:190} INFO - [2024-10-23T04:42:56.616+0000] {dagbag.py:588} INFO - Filling up the DagBag from /home/airflow/.local/lib/python3.12/site-packages/airflow/example_dags/example_trigger_target_dag.py
[2024-10-23T04:42:56.621+0000] {processor.py:925} INFO - DAG(s) 'example_trigger_target_dag' retrieved from /home/airflow/.local/lib/python3.12/site-packages/airflow/example_dags/example_trigger_target_dag.py
[2024-10-23T04:42:56.638+0000] {logging_mixin.py:190} INFO - [2024-10-23T04:42:56.638+0000] {dag.py:3239} INFO - Sync 1 DAGs
[2024-10-23T04:42:56.652+0000] {logging_mixin.py:190} INFO - [2024-10-23T04:42:56.652+0000] {dag.py:4180} INFO - Setting next_dagrun for example_trigger_target_dag to None, run_after=None
[2024-10-23T04:42:56.662+0000] {processor.py:208} INFO - Processing /home/airflow/.local/lib/python3.12/site-packages/airflow/example_dags/example_trigger_target_dag.py took 0.055 seconds
[2024-10-23T04:43:27.698+0000] {processor.py:186} INFO - Started process (PID=16211) to work on /home/airflow/.local/lib/python3.12/site-packages/airflow/example_dags/example_trigger_target_dag.py
[2024-10-23T04:43:27.700+0000] {processor.py:914} INFO - Processing file /home/airflow/.local/lib/python3.12/site-packages/airflow/example_dags/example_trigger_target_dag.py for tasks to queue
[2024-10-23T04:43:27.701+0000] {logging_mixin.py:190} INFO - [2024-10-23T04:43:27.701+0000] {dagbag.py:588} INFO - Filling up the DagBag from /home/airflow/.local/lib/python3.12/site-packages/airflow/example_dags/example_trigger_target_dag.py
[2024-10-23T04:43:27.708+0000] {processor.py:925} INFO - DAG(s) 'example_trigger_target_dag' retrieved from /home/airflow/.local/lib/python3.12/site-packages/airflow/example_dags/example_trigger_target_dag.py
[2024-10-23T04:43:27.725+0000] {logging_mixin.py:190} INFO - [2024-10-23T04:43:27.725+0000] {dag.py:3239} INFO - Sync 1 DAGs
[2024-10-23T04:43:27.737+0000] {logging_mixin.py:190} INFO - [2024-10-23T04:43:27.737+0000] {dag.py:4180} INFO - Setting next_dagrun for example_trigger_target_dag to None, run_after=None
[2024-10-23T04:43:27.752+0000] {processor.py:208} INFO - Processing /home/airflow/.local/lib/python3.12/site-packages/airflow/example_dags/example_trigger_target_dag.py took 0.060 seconds
[2024-10-23T04:43:58.868+0000] {processor.py:186} INFO - Started process (PID=16274) to work on /home/airflow/.local/lib/python3.12/site-packages/airflow/example_dags/example_trigger_target_dag.py
[2024-10-23T04:43:58.869+0000] {processor.py:914} INFO - Processing file /home/airflow/.local/lib/python3.12/site-packages/airflow/example_dags/example_trigger_target_dag.py for tasks to queue
[2024-10-23T04:43:58.870+0000] {logging_mixin.py:190} INFO - [2024-10-23T04:43:58.870+0000] {dagbag.py:588} INFO - Filling up the DagBag from /home/airflow/.local/lib/python3.12/site-packages/airflow/example_dags/example_trigger_target_dag.py
[2024-10-23T04:43:58.877+0000] {processor.py:925} INFO - DAG(s) 'example_trigger_target_dag' retrieved from /home/airflow/.local/lib/python3.12/site-packages/airflow/example_dags/example_trigger_target_dag.py
[2024-10-23T04:43:58.896+0000] {logging_mixin.py:190} INFO - [2024-10-23T04:43:58.896+0000] {dag.py:3239} INFO - Sync 1 DAGs
[2024-10-23T04:43:58.906+0000] {logging_mixin.py:190} INFO - [2024-10-23T04:43:58.906+0000] {dag.py:4180} INFO - Setting next_dagrun for example_trigger_target_dag to None, run_after=None
[2024-10-23T04:43:58.917+0000] {processor.py:208} INFO - Processing /home/airflow/.local/lib/python3.12/site-packages/airflow/example_dags/example_trigger_target_dag.py took 0.056 seconds
[2024-10-23T04:44:29.823+0000] {processor.py:186} INFO - Started process (PID=16337) to work on /home/airflow/.local/lib/python3.12/site-packages/airflow/example_dags/example_trigger_target_dag.py
[2024-10-23T04:44:29.825+0000] {processor.py:914} INFO - Processing file /home/airflow/.local/lib/python3.12/site-packages/airflow/example_dags/example_trigger_target_dag.py for tasks to queue
[2024-10-23T04:44:29.826+0000] {logging_mixin.py:190} INFO - [2024-10-23T04:44:29.826+0000] {dagbag.py:588} INFO - Filling up the DagBag from /home/airflow/.local/lib/python3.12/site-packages/airflow/example_dags/example_trigger_target_dag.py
[2024-10-23T04:44:29.832+0000] {processor.py:925} INFO - DAG(s) 'example_trigger_target_dag' retrieved from /home/airflow/.local/lib/python3.12/site-packages/airflow/example_dags/example_trigger_target_dag.py
[2024-10-23T04:44:29.847+0000] {logging_mixin.py:190} INFO - [2024-10-23T04:44:29.846+0000] {dag.py:3239} INFO - Sync 1 DAGs
[2024-10-23T04:44:29.859+0000] {logging_mixin.py:190} INFO - [2024-10-23T04:44:29.858+0000] {dag.py:4180} INFO - Setting next_dagrun for example_trigger_target_dag to None, run_after=None
[2024-10-23T04:44:29.879+0000] {processor.py:208} INFO - Processing /home/airflow/.local/lib/python3.12/site-packages/airflow/example_dags/example_trigger_target_dag.py took 0.060 seconds
[2024-10-23T04:45:01.070+0000] {processor.py:186} INFO - Started process (PID=16400) to work on /home/airflow/.local/lib/python3.12/site-packages/airflow/example_dags/example_trigger_target_dag.py
[2024-10-23T04:45:01.072+0000] {processor.py:914} INFO - Processing file /home/airflow/.local/lib/python3.12/site-packages/airflow/example_dags/example_trigger_target_dag.py for tasks to queue
[2024-10-23T04:45:01.073+0000] {logging_mixin.py:190} INFO - [2024-10-23T04:45:01.073+0000] {dagbag.py:588} INFO - Filling up the DagBag from /home/airflow/.local/lib/python3.12/site-packages/airflow/example_dags/example_trigger_target_dag.py
[2024-10-23T04:45:01.079+0000] {processor.py:925} INFO - DAG(s) 'example_trigger_target_dag' retrieved from /home/airflow/.local/lib/python3.12/site-packages/airflow/example_dags/example_trigger_target_dag.py
[2024-10-23T04:45:01.092+0000] {logging_mixin.py:190} INFO - [2024-10-23T04:45:01.092+0000] {dag.py:3239} INFO - Sync 1 DAGs
[2024-10-23T04:45:01.102+0000] {logging_mixin.py:190} INFO - [2024-10-23T04:45:01.102+0000] {dag.py:4180} INFO - Setting next_dagrun for example_trigger_target_dag to None, run_after=None
[2024-10-23T04:45:01.113+0000] {processor.py:208} INFO - Processing /home/airflow/.local/lib/python3.12/site-packages/airflow/example_dags/example_trigger_target_dag.py took 0.048 seconds
[2024-10-23T04:45:32.292+0000] {processor.py:186} INFO - Started process (PID=16463) to work on /home/airflow/.local/lib/python3.12/site-packages/airflow/example_dags/example_trigger_target_dag.py
[2024-10-23T04:45:32.293+0000] {processor.py:914} INFO - Processing file /home/airflow/.local/lib/python3.12/site-packages/airflow/example_dags/example_trigger_target_dag.py for tasks to queue
[2024-10-23T04:45:32.294+0000] {logging_mixin.py:190} INFO - [2024-10-23T04:45:32.294+0000] {dagbag.py:588} INFO - Filling up the DagBag from /home/airflow/.local/lib/python3.12/site-packages/airflow/example_dags/example_trigger_target_dag.py
[2024-10-23T04:45:32.299+0000] {processor.py:925} INFO - DAG(s) 'example_trigger_target_dag' retrieved from /home/airflow/.local/lib/python3.12/site-packages/airflow/example_dags/example_trigger_target_dag.py
[2024-10-23T04:45:32.314+0000] {logging_mixin.py:190} INFO - [2024-10-23T04:45:32.314+0000] {dag.py:3239} INFO - Sync 1 DAGs
[2024-10-23T04:45:32.324+0000] {logging_mixin.py:190} INFO - [2024-10-23T04:45:32.323+0000] {dag.py:4180} INFO - Setting next_dagrun for example_trigger_target_dag to None, run_after=None
[2024-10-23T04:45:32.336+0000] {processor.py:208} INFO - Processing /home/airflow/.local/lib/python3.12/site-packages/airflow/example_dags/example_trigger_target_dag.py took 0.048 seconds
[2024-10-23T07:12:07.272+0000] {processor.py:186} INFO - Started process (PID=34475) to work on /home/airflow/.local/lib/python3.12/site-packages/airflow/example_dags/example_trigger_target_dag.py
[2024-10-23T07:12:07.273+0000] {processor.py:914} INFO - Processing file /home/airflow/.local/lib/python3.12/site-packages/airflow/example_dags/example_trigger_target_dag.py for tasks to queue
[2024-10-23T07:12:07.274+0000] {logging_mixin.py:190} INFO - [2024-10-23T07:12:07.274+0000] {dagbag.py:588} INFO - Filling up the DagBag from /home/airflow/.local/lib/python3.12/site-packages/airflow/example_dags/example_trigger_target_dag.py
[2024-10-23T07:12:07.280+0000] {processor.py:925} INFO - DAG(s) 'example_trigger_target_dag' retrieved from /home/airflow/.local/lib/python3.12/site-packages/airflow/example_dags/example_trigger_target_dag.py
[2024-10-23T07:12:07.295+0000] {logging_mixin.py:190} INFO - [2024-10-23T07:12:07.295+0000] {dag.py:3239} INFO - Sync 1 DAGs
[2024-10-23T07:12:07.305+0000] {logging_mixin.py:190} INFO - [2024-10-23T07:12:07.305+0000] {dag.py:4180} INFO - Setting next_dagrun for example_trigger_target_dag to None, run_after=None
[2024-10-23T07:12:07.317+0000] {processor.py:208} INFO - Processing /home/airflow/.local/lib/python3.12/site-packages/airflow/example_dags/example_trigger_target_dag.py took 0.049 seconds
[2024-10-23T07:12:37.854+0000] {processor.py:186} INFO - Started process (PID=34538) to work on /home/airflow/.local/lib/python3.12/site-packages/airflow/example_dags/example_trigger_target_dag.py
[2024-10-23T07:12:37.857+0000] {processor.py:914} INFO - Processing file /home/airflow/.local/lib/python3.12/site-packages/airflow/example_dags/example_trigger_target_dag.py for tasks to queue
[2024-10-23T07:12:37.858+0000] {logging_mixin.py:190} INFO - [2024-10-23T07:12:37.858+0000] {dagbag.py:588} INFO - Filling up the DagBag from /home/airflow/.local/lib/python3.12/site-packages/airflow/example_dags/example_trigger_target_dag.py
[2024-10-23T07:12:37.867+0000] {processor.py:925} INFO - DAG(s) 'example_trigger_target_dag' retrieved from /home/airflow/.local/lib/python3.12/site-packages/airflow/example_dags/example_trigger_target_dag.py
[2024-10-23T07:12:37.886+0000] {logging_mixin.py:190} INFO - [2024-10-23T07:12:37.886+0000] {dag.py:3239} INFO - Sync 1 DAGs
[2024-10-23T07:12:37.899+0000] {logging_mixin.py:190} INFO - [2024-10-23T07:12:37.899+0000] {dag.py:4180} INFO - Setting next_dagrun for example_trigger_target_dag to None, run_after=None
[2024-10-23T07:12:37.911+0000] {processor.py:208} INFO - Processing /home/airflow/.local/lib/python3.12/site-packages/airflow/example_dags/example_trigger_target_dag.py took 0.062 seconds
[2024-10-23T07:13:07.955+0000] {processor.py:186} INFO - Started process (PID=34600) to work on /home/airflow/.local/lib/python3.12/site-packages/airflow/example_dags/example_trigger_target_dag.py
[2024-10-23T07:13:07.956+0000] {processor.py:914} INFO - Processing file /home/airflow/.local/lib/python3.12/site-packages/airflow/example_dags/example_trigger_target_dag.py for tasks to queue
[2024-10-23T07:13:07.957+0000] {logging_mixin.py:190} INFO - [2024-10-23T07:13:07.956+0000] {dagbag.py:588} INFO - Filling up the DagBag from /home/airflow/.local/lib/python3.12/site-packages/airflow/example_dags/example_trigger_target_dag.py
[2024-10-23T07:13:07.962+0000] {processor.py:925} INFO - DAG(s) 'example_trigger_target_dag' retrieved from /home/airflow/.local/lib/python3.12/site-packages/airflow/example_dags/example_trigger_target_dag.py
[2024-10-23T07:13:07.974+0000] {logging_mixin.py:190} INFO - [2024-10-23T07:13:07.974+0000] {dag.py:3239} INFO - Sync 1 DAGs
[2024-10-23T07:13:07.983+0000] {logging_mixin.py:190} INFO - [2024-10-23T07:13:07.983+0000] {dag.py:4180} INFO - Setting next_dagrun for example_trigger_target_dag to None, run_after=None
[2024-10-23T07:13:07.993+0000] {processor.py:208} INFO - Processing /home/airflow/.local/lib/python3.12/site-packages/airflow/example_dags/example_trigger_target_dag.py took 0.043 seconds
[2024-10-23T07:13:38.623+0000] {processor.py:186} INFO - Started process (PID=34663) to work on /home/airflow/.local/lib/python3.12/site-packages/airflow/example_dags/example_trigger_target_dag.py
[2024-10-23T07:13:38.624+0000] {processor.py:914} INFO - Processing file /home/airflow/.local/lib/python3.12/site-packages/airflow/example_dags/example_trigger_target_dag.py for tasks to queue
[2024-10-23T07:13:38.625+0000] {logging_mixin.py:190} INFO - [2024-10-23T07:13:38.624+0000] {dagbag.py:588} INFO - Filling up the DagBag from /home/airflow/.local/lib/python3.12/site-packages/airflow/example_dags/example_trigger_target_dag.py
[2024-10-23T07:13:38.630+0000] {processor.py:925} INFO - DAG(s) 'example_trigger_target_dag' retrieved from /home/airflow/.local/lib/python3.12/site-packages/airflow/example_dags/example_trigger_target_dag.py
[2024-10-23T07:13:38.642+0000] {logging_mixin.py:190} INFO - [2024-10-23T07:13:38.642+0000] {dag.py:3239} INFO - Sync 1 DAGs
[2024-10-23T07:13:38.653+0000] {logging_mixin.py:190} INFO - [2024-10-23T07:13:38.653+0000] {dag.py:4180} INFO - Setting next_dagrun for example_trigger_target_dag to None, run_after=None
[2024-10-23T07:13:38.666+0000] {processor.py:208} INFO - Processing /home/airflow/.local/lib/python3.12/site-packages/airflow/example_dags/example_trigger_target_dag.py took 0.047 seconds
[2024-10-23T07:14:09.021+0000] {processor.py:186} INFO - Started process (PID=34726) to work on /home/airflow/.local/lib/python3.12/site-packages/airflow/example_dags/example_trigger_target_dag.py
[2024-10-23T07:14:09.022+0000] {processor.py:914} INFO - Processing file /home/airflow/.local/lib/python3.12/site-packages/airflow/example_dags/example_trigger_target_dag.py for tasks to queue
[2024-10-23T07:14:09.022+0000] {logging_mixin.py:190} INFO - [2024-10-23T07:14:09.022+0000] {dagbag.py:588} INFO - Filling up the DagBag from /home/airflow/.local/lib/python3.12/site-packages/airflow/example_dags/example_trigger_target_dag.py
[2024-10-23T07:14:09.028+0000] {processor.py:925} INFO - DAG(s) 'example_trigger_target_dag' retrieved from /home/airflow/.local/lib/python3.12/site-packages/airflow/example_dags/example_trigger_target_dag.py
[2024-10-23T07:14:09.043+0000] {logging_mixin.py:190} INFO - [2024-10-23T07:14:09.043+0000] {dag.py:3239} INFO - Sync 1 DAGs
[2024-10-23T07:14:09.054+0000] {logging_mixin.py:190} INFO - [2024-10-23T07:14:09.054+0000] {dag.py:4180} INFO - Setting next_dagrun for example_trigger_target_dag to None, run_after=None
[2024-10-23T07:14:09.066+0000] {processor.py:208} INFO - Processing /home/airflow/.local/lib/python3.12/site-packages/airflow/example_dags/example_trigger_target_dag.py took 0.050 seconds
[2024-10-23T07:14:40.633+0000] {processor.py:186} INFO - Started process (PID=34789) to work on /home/airflow/.local/lib/python3.12/site-packages/airflow/example_dags/example_trigger_target_dag.py
[2024-10-23T07:14:40.633+0000] {processor.py:914} INFO - Processing file /home/airflow/.local/lib/python3.12/site-packages/airflow/example_dags/example_trigger_target_dag.py for tasks to queue
[2024-10-23T07:14:40.634+0000] {logging_mixin.py:190} INFO - [2024-10-23T07:14:40.634+0000] {dagbag.py:588} INFO - Filling up the DagBag from /home/airflow/.local/lib/python3.12/site-packages/airflow/example_dags/example_trigger_target_dag.py
[2024-10-23T07:14:40.640+0000] {processor.py:925} INFO - DAG(s) 'example_trigger_target_dag' retrieved from /home/airflow/.local/lib/python3.12/site-packages/airflow/example_dags/example_trigger_target_dag.py
[2024-10-23T07:14:40.653+0000] {logging_mixin.py:190} INFO - [2024-10-23T07:14:40.653+0000] {dag.py:3239} INFO - Sync 1 DAGs
[2024-10-23T07:14:40.840+0000] {logging_mixin.py:190} INFO - [2024-10-23T07:14:40.840+0000] {dag.py:4180} INFO - Setting next_dagrun for example_trigger_target_dag to None, run_after=None
[2024-10-23T07:14:40.854+0000] {processor.py:208} INFO - Processing /home/airflow/.local/lib/python3.12/site-packages/airflow/example_dags/example_trigger_target_dag.py took 0.226 seconds
[2024-10-23T07:15:12.364+0000] {processor.py:186} INFO - Started process (PID=34852) to work on /home/airflow/.local/lib/python3.12/site-packages/airflow/example_dags/example_trigger_target_dag.py
[2024-10-23T07:15:12.365+0000] {processor.py:914} INFO - Processing file /home/airflow/.local/lib/python3.12/site-packages/airflow/example_dags/example_trigger_target_dag.py for tasks to queue
[2024-10-23T07:15:12.366+0000] {logging_mixin.py:190} INFO - [2024-10-23T07:15:12.366+0000] {dagbag.py:588} INFO - Filling up the DagBag from /home/airflow/.local/lib/python3.12/site-packages/airflow/example_dags/example_trigger_target_dag.py
[2024-10-23T07:15:12.372+0000] {processor.py:925} INFO - DAG(s) 'example_trigger_target_dag' retrieved from /home/airflow/.local/lib/python3.12/site-packages/airflow/example_dags/example_trigger_target_dag.py
[2024-10-23T07:15:12.386+0000] {logging_mixin.py:190} INFO - [2024-10-23T07:15:12.386+0000] {dag.py:3239} INFO - Sync 1 DAGs
[2024-10-23T07:15:12.396+0000] {logging_mixin.py:190} INFO - [2024-10-23T07:15:12.396+0000] {dag.py:4180} INFO - Setting next_dagrun for example_trigger_target_dag to None, run_after=None
[2024-10-23T07:15:12.576+0000] {processor.py:208} INFO - Processing /home/airflow/.local/lib/python3.12/site-packages/airflow/example_dags/example_trigger_target_dag.py took 0.217 seconds
[2024-10-23T07:15:43.634+0000] {processor.py:186} INFO - Started process (PID=34916) to work on /home/airflow/.local/lib/python3.12/site-packages/airflow/example_dags/example_trigger_target_dag.py
[2024-10-23T07:15:43.636+0000] {processor.py:914} INFO - Processing file /home/airflow/.local/lib/python3.12/site-packages/airflow/example_dags/example_trigger_target_dag.py for tasks to queue
[2024-10-23T07:15:43.641+0000] {logging_mixin.py:190} INFO - [2024-10-23T07:15:43.641+0000] {dagbag.py:588} INFO - Filling up the DagBag from /home/airflow/.local/lib/python3.12/site-packages/airflow/example_dags/example_trigger_target_dag.py
[2024-10-23T07:15:43.660+0000] {processor.py:925} INFO - DAG(s) 'example_trigger_target_dag' retrieved from /home/airflow/.local/lib/python3.12/site-packages/airflow/example_dags/example_trigger_target_dag.py
[2024-10-23T07:15:43.692+0000] {logging_mixin.py:190} INFO - [2024-10-23T07:15:43.691+0000] {dag.py:3239} INFO - Sync 1 DAGs
[2024-10-23T07:15:43.714+0000] {logging_mixin.py:190} INFO - [2024-10-23T07:15:43.714+0000] {dag.py:4180} INFO - Setting next_dagrun for example_trigger_target_dag to None, run_after=None
[2024-10-23T07:15:43.733+0000] {processor.py:208} INFO - Processing /home/airflow/.local/lib/python3.12/site-packages/airflow/example_dags/example_trigger_target_dag.py took 0.107 seconds
[2024-10-23T07:16:13.774+0000] {processor.py:186} INFO - Started process (PID=34978) to work on /home/airflow/.local/lib/python3.12/site-packages/airflow/example_dags/example_trigger_target_dag.py
[2024-10-23T07:16:13.775+0000] {processor.py:914} INFO - Processing file /home/airflow/.local/lib/python3.12/site-packages/airflow/example_dags/example_trigger_target_dag.py for tasks to queue
[2024-10-23T07:16:13.776+0000] {logging_mixin.py:190} INFO - [2024-10-23T07:16:13.775+0000] {dagbag.py:588} INFO - Filling up the DagBag from /home/airflow/.local/lib/python3.12/site-packages/airflow/example_dags/example_trigger_target_dag.py
[2024-10-23T07:16:13.781+0000] {processor.py:925} INFO - DAG(s) 'example_trigger_target_dag' retrieved from /home/airflow/.local/lib/python3.12/site-packages/airflow/example_dags/example_trigger_target_dag.py
[2024-10-23T07:16:13.797+0000] {logging_mixin.py:190} INFO - [2024-10-23T07:16:13.797+0000] {dag.py:3239} INFO - Sync 1 DAGs
[2024-10-23T07:16:13.808+0000] {logging_mixin.py:190} INFO - [2024-10-23T07:16:13.808+0000] {dag.py:4180} INFO - Setting next_dagrun for example_trigger_target_dag to None, run_after=None
[2024-10-23T07:16:13.818+0000] {processor.py:208} INFO - Processing /home/airflow/.local/lib/python3.12/site-packages/airflow/example_dags/example_trigger_target_dag.py took 0.050 seconds
[2024-10-23T07:16:44.501+0000] {processor.py:186} INFO - Started process (PID=35041) to work on /home/airflow/.local/lib/python3.12/site-packages/airflow/example_dags/example_trigger_target_dag.py
[2024-10-23T07:16:44.503+0000] {processor.py:914} INFO - Processing file /home/airflow/.local/lib/python3.12/site-packages/airflow/example_dags/example_trigger_target_dag.py for tasks to queue
[2024-10-23T07:16:44.504+0000] {logging_mixin.py:190} INFO - [2024-10-23T07:16:44.504+0000] {dagbag.py:588} INFO - Filling up the DagBag from /home/airflow/.local/lib/python3.12/site-packages/airflow/example_dags/example_trigger_target_dag.py
[2024-10-23T07:16:44.512+0000] {processor.py:925} INFO - DAG(s) 'example_trigger_target_dag' retrieved from /home/airflow/.local/lib/python3.12/site-packages/airflow/example_dags/example_trigger_target_dag.py
[2024-10-23T07:16:44.528+0000] {logging_mixin.py:190} INFO - [2024-10-23T07:16:44.527+0000] {dag.py:3239} INFO - Sync 1 DAGs
[2024-10-23T07:16:44.539+0000] {logging_mixin.py:190} INFO - [2024-10-23T07:16:44.539+0000] {dag.py:4180} INFO - Setting next_dagrun for example_trigger_target_dag to None, run_after=None
[2024-10-23T07:16:44.551+0000] {processor.py:208} INFO - Processing /home/airflow/.local/lib/python3.12/site-packages/airflow/example_dags/example_trigger_target_dag.py took 0.057 seconds
[2024-10-23T07:17:14.654+0000] {processor.py:186} INFO - Started process (PID=35104) to work on /home/airflow/.local/lib/python3.12/site-packages/airflow/example_dags/example_trigger_target_dag.py
[2024-10-23T07:17:14.655+0000] {processor.py:914} INFO - Processing file /home/airflow/.local/lib/python3.12/site-packages/airflow/example_dags/example_trigger_target_dag.py for tasks to queue
[2024-10-23T07:17:14.655+0000] {logging_mixin.py:190} INFO - [2024-10-23T07:17:14.655+0000] {dagbag.py:588} INFO - Filling up the DagBag from /home/airflow/.local/lib/python3.12/site-packages/airflow/example_dags/example_trigger_target_dag.py
[2024-10-23T07:17:14.661+0000] {processor.py:925} INFO - DAG(s) 'example_trigger_target_dag' retrieved from /home/airflow/.local/lib/python3.12/site-packages/airflow/example_dags/example_trigger_target_dag.py
[2024-10-23T07:17:14.674+0000] {logging_mixin.py:190} INFO - [2024-10-23T07:17:14.674+0000] {dag.py:3239} INFO - Sync 1 DAGs
[2024-10-23T07:17:14.684+0000] {logging_mixin.py:190} INFO - [2024-10-23T07:17:14.684+0000] {dag.py:4180} INFO - Setting next_dagrun for example_trigger_target_dag to None, run_after=None
[2024-10-23T07:17:14.695+0000] {processor.py:208} INFO - Processing /home/airflow/.local/lib/python3.12/site-packages/airflow/example_dags/example_trigger_target_dag.py took 0.046 seconds
[2024-10-23T07:17:45.259+0000] {processor.py:186} INFO - Started process (PID=35167) to work on /home/airflow/.local/lib/python3.12/site-packages/airflow/example_dags/example_trigger_target_dag.py
[2024-10-23T07:17:45.260+0000] {processor.py:914} INFO - Processing file /home/airflow/.local/lib/python3.12/site-packages/airflow/example_dags/example_trigger_target_dag.py for tasks to queue
[2024-10-23T07:17:45.261+0000] {logging_mixin.py:190} INFO - [2024-10-23T07:17:45.260+0000] {dagbag.py:588} INFO - Filling up the DagBag from /home/airflow/.local/lib/python3.12/site-packages/airflow/example_dags/example_trigger_target_dag.py
[2024-10-23T07:17:45.266+0000] {processor.py:925} INFO - DAG(s) 'example_trigger_target_dag' retrieved from /home/airflow/.local/lib/python3.12/site-packages/airflow/example_dags/example_trigger_target_dag.py
[2024-10-23T07:17:45.279+0000] {logging_mixin.py:190} INFO - [2024-10-23T07:17:45.278+0000] {dag.py:3239} INFO - Sync 1 DAGs
[2024-10-23T07:17:45.288+0000] {logging_mixin.py:190} INFO - [2024-10-23T07:17:45.288+0000] {dag.py:4180} INFO - Setting next_dagrun for example_trigger_target_dag to None, run_after=None
[2024-10-23T07:17:45.298+0000] {processor.py:208} INFO - Processing /home/airflow/.local/lib/python3.12/site-packages/airflow/example_dags/example_trigger_target_dag.py took 0.044 seconds
[2024-10-23T07:18:15.659+0000] {processor.py:186} INFO - Started process (PID=35230) to work on /home/airflow/.local/lib/python3.12/site-packages/airflow/example_dags/example_trigger_target_dag.py
[2024-10-23T07:18:15.660+0000] {processor.py:914} INFO - Processing file /home/airflow/.local/lib/python3.12/site-packages/airflow/example_dags/example_trigger_target_dag.py for tasks to queue
[2024-10-23T07:18:15.660+0000] {logging_mixin.py:190} INFO - [2024-10-23T07:18:15.660+0000] {dagbag.py:588} INFO - Filling up the DagBag from /home/airflow/.local/lib/python3.12/site-packages/airflow/example_dags/example_trigger_target_dag.py
[2024-10-23T07:18:15.666+0000] {processor.py:925} INFO - DAG(s) 'example_trigger_target_dag' retrieved from /home/airflow/.local/lib/python3.12/site-packages/airflow/example_dags/example_trigger_target_dag.py
[2024-10-23T07:18:15.685+0000] {logging_mixin.py:190} INFO - [2024-10-23T07:18:15.684+0000] {dag.py:3239} INFO - Sync 1 DAGs
[2024-10-23T07:18:15.697+0000] {logging_mixin.py:190} INFO - [2024-10-23T07:18:15.697+0000] {dag.py:4180} INFO - Setting next_dagrun for example_trigger_target_dag to None, run_after=None
[2024-10-23T07:18:15.709+0000] {processor.py:208} INFO - Processing /home/airflow/.local/lib/python3.12/site-packages/airflow/example_dags/example_trigger_target_dag.py took 0.054 seconds
[2024-10-23T07:18:46.507+0000] {processor.py:186} INFO - Started process (PID=35293) to work on /home/airflow/.local/lib/python3.12/site-packages/airflow/example_dags/example_trigger_target_dag.py
[2024-10-23T07:18:46.508+0000] {processor.py:914} INFO - Processing file /home/airflow/.local/lib/python3.12/site-packages/airflow/example_dags/example_trigger_target_dag.py for tasks to queue
[2024-10-23T07:18:46.508+0000] {logging_mixin.py:190} INFO - [2024-10-23T07:18:46.508+0000] {dagbag.py:588} INFO - Filling up the DagBag from /home/airflow/.local/lib/python3.12/site-packages/airflow/example_dags/example_trigger_target_dag.py
[2024-10-23T07:18:46.514+0000] {processor.py:925} INFO - DAG(s) 'example_trigger_target_dag' retrieved from /home/airflow/.local/lib/python3.12/site-packages/airflow/example_dags/example_trigger_target_dag.py
[2024-10-23T07:18:46.528+0000] {logging_mixin.py:190} INFO - [2024-10-23T07:18:46.528+0000] {dag.py:3239} INFO - Sync 1 DAGs
[2024-10-23T07:18:46.538+0000] {logging_mixin.py:190} INFO - [2024-10-23T07:18:46.537+0000] {dag.py:4180} INFO - Setting next_dagrun for example_trigger_target_dag to None, run_after=None
[2024-10-23T07:18:46.548+0000] {processor.py:208} INFO - Processing /home/airflow/.local/lib/python3.12/site-packages/airflow/example_dags/example_trigger_target_dag.py took 0.045 seconds
[2024-10-23T07:19:17.143+0000] {processor.py:186} INFO - Started process (PID=35358) to work on /home/airflow/.local/lib/python3.12/site-packages/airflow/example_dags/example_trigger_target_dag.py
[2024-10-23T07:19:17.144+0000] {processor.py:914} INFO - Processing file /home/airflow/.local/lib/python3.12/site-packages/airflow/example_dags/example_trigger_target_dag.py for tasks to queue
[2024-10-23T07:19:17.145+0000] {logging_mixin.py:190} INFO - [2024-10-23T07:19:17.145+0000] {dagbag.py:588} INFO - Filling up the DagBag from /home/airflow/.local/lib/python3.12/site-packages/airflow/example_dags/example_trigger_target_dag.py
[2024-10-23T07:19:17.150+0000] {processor.py:925} INFO - DAG(s) 'example_trigger_target_dag' retrieved from /home/airflow/.local/lib/python3.12/site-packages/airflow/example_dags/example_trigger_target_dag.py
[2024-10-23T07:19:17.162+0000] {logging_mixin.py:190} INFO - [2024-10-23T07:19:17.162+0000] {dag.py:3239} INFO - Sync 1 DAGs
[2024-10-23T07:19:17.174+0000] {logging_mixin.py:190} INFO - [2024-10-23T07:19:17.174+0000] {dag.py:4180} INFO - Setting next_dagrun for example_trigger_target_dag to None, run_after=None
[2024-10-23T07:19:17.184+0000] {processor.py:208} INFO - Processing /home/airflow/.local/lib/python3.12/site-packages/airflow/example_dags/example_trigger_target_dag.py took 0.046 seconds
[2024-10-23T07:19:47.881+0000] {processor.py:186} INFO - Started process (PID=35422) to work on /home/airflow/.local/lib/python3.12/site-packages/airflow/example_dags/example_trigger_target_dag.py
[2024-10-23T07:19:47.882+0000] {processor.py:914} INFO - Processing file /home/airflow/.local/lib/python3.12/site-packages/airflow/example_dags/example_trigger_target_dag.py for tasks to queue
[2024-10-23T07:19:47.883+0000] {logging_mixin.py:190} INFO - [2024-10-23T07:19:47.882+0000] {dagbag.py:588} INFO - Filling up the DagBag from /home/airflow/.local/lib/python3.12/site-packages/airflow/example_dags/example_trigger_target_dag.py
[2024-10-23T07:19:47.889+0000] {processor.py:925} INFO - DAG(s) 'example_trigger_target_dag' retrieved from /home/airflow/.local/lib/python3.12/site-packages/airflow/example_dags/example_trigger_target_dag.py
[2024-10-23T07:19:47.901+0000] {logging_mixin.py:190} INFO - [2024-10-23T07:19:47.901+0000] {dag.py:3239} INFO - Sync 1 DAGs
[2024-10-23T07:19:47.911+0000] {logging_mixin.py:190} INFO - [2024-10-23T07:19:47.910+0000] {dag.py:4180} INFO - Setting next_dagrun for example_trigger_target_dag to None, run_after=None
[2024-10-23T07:19:47.921+0000] {processor.py:208} INFO - Processing /home/airflow/.local/lib/python3.12/site-packages/airflow/example_dags/example_trigger_target_dag.py took 0.046 seconds
