[2024-10-23T02:32:08.286+0000] {processor.py:186} INFO - Started process (PID=13755) to work on /home/airflow/.local/lib/python3.12/site-packages/airflow/example_dags/example_bash_operator.py
[2024-10-23T02:32:08.287+0000] {processor.py:914} INFO - Processing file /home/airflow/.local/lib/python3.12/site-packages/airflow/example_dags/example_bash_operator.py for tasks to queue
[2024-10-23T02:32:08.288+0000] {logging_mixin.py:190} INFO - [2024-10-23T02:32:08.287+0000] {dagbag.py:588} INFO - Filling up the DagBag from /home/airflow/.local/lib/python3.12/site-packages/airflow/example_dags/example_bash_operator.py
[2024-10-23T02:32:08.299+0000] {processor.py:925} INFO - DAG(s) 'example_bash_operator' retrieved from /home/airflow/.local/lib/python3.12/site-packages/airflow/example_dags/example_bash_operator.py
[2024-10-23T02:32:08.320+0000] {logging_mixin.py:190} INFO - [2024-10-23T02:32:08.320+0000] {dag.py:3239} INFO - Sync 1 DAGs
[2024-10-23T02:32:08.345+0000] {logging_mixin.py:190} INFO - [2024-10-23T02:32:08.345+0000] {dag.py:4180} INFO - Setting next_dagrun for example_bash_operator to 2024-10-22 00:00:00+00:00, run_after=2024-10-23 00:00:00+00:00
[2024-10-23T02:32:08.360+0000] {processor.py:208} INFO - Processing /home/airflow/.local/lib/python3.12/site-packages/airflow/example_dags/example_bash_operator.py took 0.079 seconds
[2024-10-23T04:23:45.960+0000] {processor.py:186} INFO - Started process (PID=13818) to work on /home/airflow/.local/lib/python3.12/site-packages/airflow/example_dags/example_bash_operator.py
[2024-10-23T04:23:45.963+0000] {processor.py:914} INFO - Processing file /home/airflow/.local/lib/python3.12/site-packages/airflow/example_dags/example_bash_operator.py for tasks to queue
[2024-10-23T04:23:45.964+0000] {logging_mixin.py:190} INFO - [2024-10-23T04:23:45.964+0000] {dagbag.py:588} INFO - Filling up the DagBag from /home/airflow/.local/lib/python3.12/site-packages/airflow/example_dags/example_bash_operator.py
[2024-10-23T04:23:45.976+0000] {processor.py:925} INFO - DAG(s) 'example_bash_operator' retrieved from /home/airflow/.local/lib/python3.12/site-packages/airflow/example_dags/example_bash_operator.py
[2024-10-23T04:23:46.000+0000] {logging_mixin.py:190} INFO - [2024-10-23T04:23:46.000+0000] {dag.py:3239} INFO - Sync 1 DAGs
[2024-10-23T04:23:46.020+0000] {logging_mixin.py:190} INFO - [2024-10-23T04:23:46.019+0000] {dag.py:4180} INFO - Setting next_dagrun for example_bash_operator to 2024-10-22 00:00:00+00:00, run_after=2024-10-23 00:00:00+00:00
[2024-10-23T04:23:46.042+0000] {processor.py:208} INFO - Processing /home/airflow/.local/lib/python3.12/site-packages/airflow/example_dags/example_bash_operator.py took 0.087 seconds
[2024-10-23T04:24:17.280+0000] {processor.py:186} INFO - Started process (PID=13881) to work on /home/airflow/.local/lib/python3.12/site-packages/airflow/example_dags/example_bash_operator.py
[2024-10-23T04:24:17.281+0000] {processor.py:914} INFO - Processing file /home/airflow/.local/lib/python3.12/site-packages/airflow/example_dags/example_bash_operator.py for tasks to queue
[2024-10-23T04:24:17.283+0000] {logging_mixin.py:190} INFO - [2024-10-23T04:24:17.282+0000] {dagbag.py:588} INFO - Filling up the DagBag from /home/airflow/.local/lib/python3.12/site-packages/airflow/example_dags/example_bash_operator.py
[2024-10-23T04:24:17.303+0000] {processor.py:925} INFO - DAG(s) 'example_bash_operator' retrieved from /home/airflow/.local/lib/python3.12/site-packages/airflow/example_dags/example_bash_operator.py
[2024-10-23T04:24:17.333+0000] {logging_mixin.py:190} INFO - [2024-10-23T04:24:17.333+0000] {dag.py:3239} INFO - Sync 1 DAGs
[2024-10-23T04:24:17.361+0000] {logging_mixin.py:190} INFO - [2024-10-23T04:24:17.361+0000] {dag.py:4180} INFO - Setting next_dagrun for example_bash_operator to 2024-10-22 00:00:00+00:00, run_after=2024-10-23 00:00:00+00:00
[2024-10-23T04:24:17.386+0000] {processor.py:208} INFO - Processing /home/airflow/.local/lib/python3.12/site-packages/airflow/example_dags/example_bash_operator.py took 0.113 seconds
[2024-10-23T04:24:47.704+0000] {processor.py:186} INFO - Started process (PID=13944) to work on /home/airflow/.local/lib/python3.12/site-packages/airflow/example_dags/example_bash_operator.py
[2024-10-23T04:24:47.706+0000] {processor.py:914} INFO - Processing file /home/airflow/.local/lib/python3.12/site-packages/airflow/example_dags/example_bash_operator.py for tasks to queue
[2024-10-23T04:24:47.707+0000] {logging_mixin.py:190} INFO - [2024-10-23T04:24:47.706+0000] {dagbag.py:588} INFO - Filling up the DagBag from /home/airflow/.local/lib/python3.12/site-packages/airflow/example_dags/example_bash_operator.py
[2024-10-23T04:24:47.719+0000] {processor.py:925} INFO - DAG(s) 'example_bash_operator' retrieved from /home/airflow/.local/lib/python3.12/site-packages/airflow/example_dags/example_bash_operator.py
[2024-10-23T04:24:47.743+0000] {logging_mixin.py:190} INFO - [2024-10-23T04:24:47.743+0000] {dag.py:3239} INFO - Sync 1 DAGs
[2024-10-23T04:24:47.767+0000] {logging_mixin.py:190} INFO - [2024-10-23T04:24:47.767+0000] {dag.py:4180} INFO - Setting next_dagrun for example_bash_operator to 2024-10-22 00:00:00+00:00, run_after=2024-10-23 00:00:00+00:00
[2024-10-23T04:24:47.779+0000] {processor.py:208} INFO - Processing /home/airflow/.local/lib/python3.12/site-packages/airflow/example_dags/example_bash_operator.py took 0.083 seconds
[2024-10-23T04:25:18.221+0000] {processor.py:186} INFO - Started process (PID=14007) to work on /home/airflow/.local/lib/python3.12/site-packages/airflow/example_dags/example_bash_operator.py
[2024-10-23T04:25:18.223+0000] {processor.py:914} INFO - Processing file /home/airflow/.local/lib/python3.12/site-packages/airflow/example_dags/example_bash_operator.py for tasks to queue
[2024-10-23T04:25:18.225+0000] {logging_mixin.py:190} INFO - [2024-10-23T04:25:18.224+0000] {dagbag.py:588} INFO - Filling up the DagBag from /home/airflow/.local/lib/python3.12/site-packages/airflow/example_dags/example_bash_operator.py
[2024-10-23T04:25:18.238+0000] {processor.py:925} INFO - DAG(s) 'example_bash_operator' retrieved from /home/airflow/.local/lib/python3.12/site-packages/airflow/example_dags/example_bash_operator.py
[2024-10-23T04:25:18.258+0000] {logging_mixin.py:190} INFO - [2024-10-23T04:25:18.258+0000] {dag.py:3239} INFO - Sync 1 DAGs
[2024-10-23T04:25:18.277+0000] {logging_mixin.py:190} INFO - [2024-10-23T04:25:18.277+0000] {dag.py:4180} INFO - Setting next_dagrun for example_bash_operator to 2024-10-22 00:00:00+00:00, run_after=2024-10-23 00:00:00+00:00
[2024-10-23T04:25:18.294+0000] {processor.py:208} INFO - Processing /home/airflow/.local/lib/python3.12/site-packages/airflow/example_dags/example_bash_operator.py took 0.082 seconds
[2024-10-23T04:25:48.837+0000] {processor.py:186} INFO - Started process (PID=14070) to work on /home/airflow/.local/lib/python3.12/site-packages/airflow/example_dags/example_bash_operator.py
[2024-10-23T04:25:48.842+0000] {processor.py:914} INFO - Processing file /home/airflow/.local/lib/python3.12/site-packages/airflow/example_dags/example_bash_operator.py for tasks to queue
[2024-10-23T04:25:48.843+0000] {logging_mixin.py:190} INFO - [2024-10-23T04:25:48.843+0000] {dagbag.py:588} INFO - Filling up the DagBag from /home/airflow/.local/lib/python3.12/site-packages/airflow/example_dags/example_bash_operator.py
[2024-10-23T04:25:48.853+0000] {processor.py:925} INFO - DAG(s) 'example_bash_operator' retrieved from /home/airflow/.local/lib/python3.12/site-packages/airflow/example_dags/example_bash_operator.py
[2024-10-23T04:25:48.870+0000] {logging_mixin.py:190} INFO - [2024-10-23T04:25:48.870+0000] {dag.py:3239} INFO - Sync 1 DAGs
[2024-10-23T04:25:48.887+0000] {logging_mixin.py:190} INFO - [2024-10-23T04:25:48.887+0000] {dag.py:4180} INFO - Setting next_dagrun for example_bash_operator to 2024-10-22 00:00:00+00:00, run_after=2024-10-23 00:00:00+00:00
[2024-10-23T04:25:48.907+0000] {processor.py:208} INFO - Processing /home/airflow/.local/lib/python3.12/site-packages/airflow/example_dags/example_bash_operator.py took 0.076 seconds
[2024-10-23T04:26:20.639+0000] {processor.py:186} INFO - Started process (PID=14133) to work on /home/airflow/.local/lib/python3.12/site-packages/airflow/example_dags/example_bash_operator.py
[2024-10-23T04:26:20.641+0000] {processor.py:914} INFO - Processing file /home/airflow/.local/lib/python3.12/site-packages/airflow/example_dags/example_bash_operator.py for tasks to queue
[2024-10-23T04:26:20.642+0000] {logging_mixin.py:190} INFO - [2024-10-23T04:26:20.641+0000] {dagbag.py:588} INFO - Filling up the DagBag from /home/airflow/.local/lib/python3.12/site-packages/airflow/example_dags/example_bash_operator.py
[2024-10-23T04:26:20.657+0000] {processor.py:925} INFO - DAG(s) 'example_bash_operator' retrieved from /home/airflow/.local/lib/python3.12/site-packages/airflow/example_dags/example_bash_operator.py
[2024-10-23T04:26:20.686+0000] {logging_mixin.py:190} INFO - [2024-10-23T04:26:20.686+0000] {dag.py:3239} INFO - Sync 1 DAGs
[2024-10-23T04:26:20.710+0000] {logging_mixin.py:190} INFO - [2024-10-23T04:26:20.710+0000] {dag.py:4180} INFO - Setting next_dagrun for example_bash_operator to 2024-10-22 00:00:00+00:00, run_after=2024-10-23 00:00:00+00:00
[2024-10-23T04:26:20.723+0000] {processor.py:208} INFO - Processing /home/airflow/.local/lib/python3.12/site-packages/airflow/example_dags/example_bash_operator.py took 0.091 seconds
[2024-10-23T04:26:51.106+0000] {processor.py:186} INFO - Started process (PID=14196) to work on /home/airflow/.local/lib/python3.12/site-packages/airflow/example_dags/example_bash_operator.py
[2024-10-23T04:26:51.107+0000] {processor.py:914} INFO - Processing file /home/airflow/.local/lib/python3.12/site-packages/airflow/example_dags/example_bash_operator.py for tasks to queue
[2024-10-23T04:26:51.108+0000] {logging_mixin.py:190} INFO - [2024-10-23T04:26:51.107+0000] {dagbag.py:588} INFO - Filling up the DagBag from /home/airflow/.local/lib/python3.12/site-packages/airflow/example_dags/example_bash_operator.py
[2024-10-23T04:26:51.117+0000] {processor.py:925} INFO - DAG(s) 'example_bash_operator' retrieved from /home/airflow/.local/lib/python3.12/site-packages/airflow/example_dags/example_bash_operator.py
[2024-10-23T04:26:51.133+0000] {logging_mixin.py:190} INFO - [2024-10-23T04:26:51.133+0000] {dag.py:3239} INFO - Sync 1 DAGs
[2024-10-23T04:26:51.147+0000] {logging_mixin.py:190} INFO - [2024-10-23T04:26:51.147+0000] {dag.py:4180} INFO - Setting next_dagrun for example_bash_operator to 2024-10-22 00:00:00+00:00, run_after=2024-10-23 00:00:00+00:00
[2024-10-23T04:26:51.157+0000] {processor.py:208} INFO - Processing /home/airflow/.local/lib/python3.12/site-packages/airflow/example_dags/example_bash_operator.py took 0.055 seconds
[2024-10-23T04:27:21.396+0000] {processor.py:186} INFO - Started process (PID=14259) to work on /home/airflow/.local/lib/python3.12/site-packages/airflow/example_dags/example_bash_operator.py
[2024-10-23T04:27:21.397+0000] {processor.py:914} INFO - Processing file /home/airflow/.local/lib/python3.12/site-packages/airflow/example_dags/example_bash_operator.py for tasks to queue
[2024-10-23T04:27:21.399+0000] {logging_mixin.py:190} INFO - [2024-10-23T04:27:21.399+0000] {dagbag.py:588} INFO - Filling up the DagBag from /home/airflow/.local/lib/python3.12/site-packages/airflow/example_dags/example_bash_operator.py
[2024-10-23T04:27:21.413+0000] {processor.py:925} INFO - DAG(s) 'example_bash_operator' retrieved from /home/airflow/.local/lib/python3.12/site-packages/airflow/example_dags/example_bash_operator.py
[2024-10-23T04:27:21.433+0000] {logging_mixin.py:190} INFO - [2024-10-23T04:27:21.432+0000] {dag.py:3239} INFO - Sync 1 DAGs
[2024-10-23T04:27:21.449+0000] {logging_mixin.py:190} INFO - [2024-10-23T04:27:21.449+0000] {dag.py:4180} INFO - Setting next_dagrun for example_bash_operator to 2024-10-22 00:00:00+00:00, run_after=2024-10-23 00:00:00+00:00
[2024-10-23T04:27:21.468+0000] {processor.py:208} INFO - Processing /home/airflow/.local/lib/python3.12/site-packages/airflow/example_dags/example_bash_operator.py took 0.076 seconds
[2024-10-23T04:27:53.070+0000] {processor.py:186} INFO - Started process (PID=14323) to work on /home/airflow/.local/lib/python3.12/site-packages/airflow/example_dags/example_bash_operator.py
[2024-10-23T04:27:53.074+0000] {processor.py:914} INFO - Processing file /home/airflow/.local/lib/python3.12/site-packages/airflow/example_dags/example_bash_operator.py for tasks to queue
[2024-10-23T04:27:53.076+0000] {logging_mixin.py:190} INFO - [2024-10-23T04:27:53.075+0000] {dagbag.py:588} INFO - Filling up the DagBag from /home/airflow/.local/lib/python3.12/site-packages/airflow/example_dags/example_bash_operator.py
[2024-10-23T04:27:53.095+0000] {processor.py:925} INFO - DAG(s) 'example_bash_operator' retrieved from /home/airflow/.local/lib/python3.12/site-packages/airflow/example_dags/example_bash_operator.py
[2024-10-23T04:27:53.134+0000] {logging_mixin.py:190} INFO - [2024-10-23T04:27:53.134+0000] {dag.py:3239} INFO - Sync 1 DAGs
[2024-10-23T04:27:53.165+0000] {logging_mixin.py:190} INFO - [2024-10-23T04:27:53.165+0000] {dag.py:4180} INFO - Setting next_dagrun for example_bash_operator to 2024-10-22 00:00:00+00:00, run_after=2024-10-23 00:00:00+00:00
[2024-10-23T04:27:53.180+0000] {processor.py:208} INFO - Processing /home/airflow/.local/lib/python3.12/site-packages/airflow/example_dags/example_bash_operator.py took 0.140 seconds
[2024-10-23T04:28:24.427+0000] {processor.py:186} INFO - Started process (PID=14386) to work on /home/airflow/.local/lib/python3.12/site-packages/airflow/example_dags/example_bash_operator.py
[2024-10-23T04:28:24.429+0000] {processor.py:914} INFO - Processing file /home/airflow/.local/lib/python3.12/site-packages/airflow/example_dags/example_bash_operator.py for tasks to queue
[2024-10-23T04:28:24.432+0000] {logging_mixin.py:190} INFO - [2024-10-23T04:28:24.432+0000] {dagbag.py:588} INFO - Filling up the DagBag from /home/airflow/.local/lib/python3.12/site-packages/airflow/example_dags/example_bash_operator.py
[2024-10-23T04:28:24.450+0000] {processor.py:925} INFO - DAG(s) 'example_bash_operator' retrieved from /home/airflow/.local/lib/python3.12/site-packages/airflow/example_dags/example_bash_operator.py
[2024-10-23T04:28:24.491+0000] {logging_mixin.py:190} INFO - [2024-10-23T04:28:24.490+0000] {dag.py:3239} INFO - Sync 1 DAGs
[2024-10-23T04:28:24.519+0000] {logging_mixin.py:190} INFO - [2024-10-23T04:28:24.519+0000] {dag.py:4180} INFO - Setting next_dagrun for example_bash_operator to 2024-10-22 00:00:00+00:00, run_after=2024-10-23 00:00:00+00:00
[2024-10-23T04:28:24.537+0000] {processor.py:208} INFO - Processing /home/airflow/.local/lib/python3.12/site-packages/airflow/example_dags/example_bash_operator.py took 0.119 seconds
[2024-10-23T04:28:55.203+0000] {processor.py:186} INFO - Started process (PID=14449) to work on /home/airflow/.local/lib/python3.12/site-packages/airflow/example_dags/example_bash_operator.py
[2024-10-23T04:28:55.204+0000] {processor.py:914} INFO - Processing file /home/airflow/.local/lib/python3.12/site-packages/airflow/example_dags/example_bash_operator.py for tasks to queue
[2024-10-23T04:28:55.206+0000] {logging_mixin.py:190} INFO - [2024-10-23T04:28:55.205+0000] {dagbag.py:588} INFO - Filling up the DagBag from /home/airflow/.local/lib/python3.12/site-packages/airflow/example_dags/example_bash_operator.py
[2024-10-23T04:28:55.233+0000] {processor.py:925} INFO - DAG(s) 'example_bash_operator' retrieved from /home/airflow/.local/lib/python3.12/site-packages/airflow/example_dags/example_bash_operator.py
[2024-10-23T04:28:55.264+0000] {logging_mixin.py:190} INFO - [2024-10-23T04:28:55.264+0000] {dag.py:3239} INFO - Sync 1 DAGs
[2024-10-23T04:28:55.295+0000] {logging_mixin.py:190} INFO - [2024-10-23T04:28:55.294+0000] {dag.py:4180} INFO - Setting next_dagrun for example_bash_operator to 2024-10-22 00:00:00+00:00, run_after=2024-10-23 00:00:00+00:00
[2024-10-23T04:28:55.313+0000] {processor.py:208} INFO - Processing /home/airflow/.local/lib/python3.12/site-packages/airflow/example_dags/example_bash_operator.py took 0.117 seconds
[2024-10-23T04:29:26.617+0000] {processor.py:186} INFO - Started process (PID=14512) to work on /home/airflow/.local/lib/python3.12/site-packages/airflow/example_dags/example_bash_operator.py
[2024-10-23T04:29:26.619+0000] {processor.py:914} INFO - Processing file /home/airflow/.local/lib/python3.12/site-packages/airflow/example_dags/example_bash_operator.py for tasks to queue
[2024-10-23T04:29:26.621+0000] {logging_mixin.py:190} INFO - [2024-10-23T04:29:26.621+0000] {dagbag.py:588} INFO - Filling up the DagBag from /home/airflow/.local/lib/python3.12/site-packages/airflow/example_dags/example_bash_operator.py
[2024-10-23T04:29:26.638+0000] {processor.py:925} INFO - DAG(s) 'example_bash_operator' retrieved from /home/airflow/.local/lib/python3.12/site-packages/airflow/example_dags/example_bash_operator.py
[2024-10-23T04:29:26.670+0000] {logging_mixin.py:190} INFO - [2024-10-23T04:29:26.670+0000] {dag.py:3239} INFO - Sync 1 DAGs
[2024-10-23T04:29:26.700+0000] {logging_mixin.py:190} INFO - [2024-10-23T04:29:26.700+0000] {dag.py:4180} INFO - Setting next_dagrun for example_bash_operator to 2024-10-22 00:00:00+00:00, run_after=2024-10-23 00:00:00+00:00
[2024-10-23T04:29:26.716+0000] {processor.py:208} INFO - Processing /home/airflow/.local/lib/python3.12/site-packages/airflow/example_dags/example_bash_operator.py took 0.105 seconds
[2024-10-23T04:29:56.767+0000] {processor.py:186} INFO - Started process (PID=14574) to work on /home/airflow/.local/lib/python3.12/site-packages/airflow/example_dags/example_bash_operator.py
[2024-10-23T04:29:56.768+0000] {processor.py:914} INFO - Processing file /home/airflow/.local/lib/python3.12/site-packages/airflow/example_dags/example_bash_operator.py for tasks to queue
[2024-10-23T04:29:56.770+0000] {logging_mixin.py:190} INFO - [2024-10-23T04:29:56.769+0000] {dagbag.py:588} INFO - Filling up the DagBag from /home/airflow/.local/lib/python3.12/site-packages/airflow/example_dags/example_bash_operator.py
[2024-10-23T04:29:56.782+0000] {processor.py:925} INFO - DAG(s) 'example_bash_operator' retrieved from /home/airflow/.local/lib/python3.12/site-packages/airflow/example_dags/example_bash_operator.py
[2024-10-23T04:29:56.799+0000] {logging_mixin.py:190} INFO - [2024-10-23T04:29:56.799+0000] {dag.py:3239} INFO - Sync 1 DAGs
[2024-10-23T04:29:56.814+0000] {logging_mixin.py:190} INFO - [2024-10-23T04:29:56.814+0000] {dag.py:4180} INFO - Setting next_dagrun for example_bash_operator to 2024-10-22 00:00:00+00:00, run_after=2024-10-23 00:00:00+00:00
[2024-10-23T04:29:56.824+0000] {processor.py:208} INFO - Processing /home/airflow/.local/lib/python3.12/site-packages/airflow/example_dags/example_bash_operator.py took 0.066 seconds
[2024-10-23T04:30:27.560+0000] {processor.py:186} INFO - Started process (PID=14637) to work on /home/airflow/.local/lib/python3.12/site-packages/airflow/example_dags/example_bash_operator.py
[2024-10-23T04:30:27.561+0000] {processor.py:914} INFO - Processing file /home/airflow/.local/lib/python3.12/site-packages/airflow/example_dags/example_bash_operator.py for tasks to queue
[2024-10-23T04:30:27.562+0000] {logging_mixin.py:190} INFO - [2024-10-23T04:30:27.561+0000] {dagbag.py:588} INFO - Filling up the DagBag from /home/airflow/.local/lib/python3.12/site-packages/airflow/example_dags/example_bash_operator.py
[2024-10-23T04:30:27.572+0000] {processor.py:925} INFO - DAG(s) 'example_bash_operator' retrieved from /home/airflow/.local/lib/python3.12/site-packages/airflow/example_dags/example_bash_operator.py
[2024-10-23T04:30:27.590+0000] {logging_mixin.py:190} INFO - [2024-10-23T04:30:27.590+0000] {dag.py:3239} INFO - Sync 1 DAGs
[2024-10-23T04:30:27.606+0000] {logging_mixin.py:190} INFO - [2024-10-23T04:30:27.606+0000] {dag.py:4180} INFO - Setting next_dagrun for example_bash_operator to 2024-10-22 00:00:00+00:00, run_after=2024-10-23 00:00:00+00:00
[2024-10-23T04:30:27.619+0000] {processor.py:208} INFO - Processing /home/airflow/.local/lib/python3.12/site-packages/airflow/example_dags/example_bash_operator.py took 0.064 seconds
[2024-10-23T04:30:58.037+0000] {processor.py:186} INFO - Started process (PID=14700) to work on /home/airflow/.local/lib/python3.12/site-packages/airflow/example_dags/example_bash_operator.py
[2024-10-23T04:30:58.039+0000] {processor.py:914} INFO - Processing file /home/airflow/.local/lib/python3.12/site-packages/airflow/example_dags/example_bash_operator.py for tasks to queue
[2024-10-23T04:30:58.041+0000] {logging_mixin.py:190} INFO - [2024-10-23T04:30:58.041+0000] {dagbag.py:588} INFO - Filling up the DagBag from /home/airflow/.local/lib/python3.12/site-packages/airflow/example_dags/example_bash_operator.py
[2024-10-23T04:30:58.053+0000] {processor.py:925} INFO - DAG(s) 'example_bash_operator' retrieved from /home/airflow/.local/lib/python3.12/site-packages/airflow/example_dags/example_bash_operator.py
[2024-10-23T04:30:58.076+0000] {logging_mixin.py:190} INFO - [2024-10-23T04:30:58.076+0000] {dag.py:3239} INFO - Sync 1 DAGs
[2024-10-23T04:30:58.091+0000] {logging_mixin.py:190} INFO - [2024-10-23T04:30:58.091+0000] {dag.py:4180} INFO - Setting next_dagrun for example_bash_operator to 2024-10-22 00:00:00+00:00, run_after=2024-10-23 00:00:00+00:00
[2024-10-23T04:30:58.107+0000] {processor.py:208} INFO - Processing /home/airflow/.local/lib/python3.12/site-packages/airflow/example_dags/example_bash_operator.py took 0.074 seconds
[2024-10-23T04:31:28.850+0000] {processor.py:186} INFO - Started process (PID=14763) to work on /home/airflow/.local/lib/python3.12/site-packages/airflow/example_dags/example_bash_operator.py
[2024-10-23T04:31:28.851+0000] {processor.py:914} INFO - Processing file /home/airflow/.local/lib/python3.12/site-packages/airflow/example_dags/example_bash_operator.py for tasks to queue
[2024-10-23T04:31:28.854+0000] {logging_mixin.py:190} INFO - [2024-10-23T04:31:28.854+0000] {dagbag.py:588} INFO - Filling up the DagBag from /home/airflow/.local/lib/python3.12/site-packages/airflow/example_dags/example_bash_operator.py
[2024-10-23T04:31:28.868+0000] {processor.py:925} INFO - DAG(s) 'example_bash_operator' retrieved from /home/airflow/.local/lib/python3.12/site-packages/airflow/example_dags/example_bash_operator.py
[2024-10-23T04:31:28.894+0000] {logging_mixin.py:190} INFO - [2024-10-23T04:31:28.894+0000] {dag.py:3239} INFO - Sync 1 DAGs
[2024-10-23T04:31:28.910+0000] {logging_mixin.py:190} INFO - [2024-10-23T04:31:28.910+0000] {dag.py:4180} INFO - Setting next_dagrun for example_bash_operator to 2024-10-22 00:00:00+00:00, run_after=2024-10-23 00:00:00+00:00
[2024-10-23T04:31:28.922+0000] {processor.py:208} INFO - Processing /home/airflow/.local/lib/python3.12/site-packages/airflow/example_dags/example_bash_operator.py took 0.078 seconds
[2024-10-23T04:32:00.627+0000] {processor.py:186} INFO - Started process (PID=14825) to work on /home/airflow/.local/lib/python3.12/site-packages/airflow/example_dags/example_bash_operator.py
[2024-10-23T04:32:00.628+0000] {processor.py:914} INFO - Processing file /home/airflow/.local/lib/python3.12/site-packages/airflow/example_dags/example_bash_operator.py for tasks to queue
[2024-10-23T04:32:00.629+0000] {logging_mixin.py:190} INFO - [2024-10-23T04:32:00.629+0000] {dagbag.py:588} INFO - Filling up the DagBag from /home/airflow/.local/lib/python3.12/site-packages/airflow/example_dags/example_bash_operator.py
[2024-10-23T04:32:00.650+0000] {processor.py:925} INFO - DAG(s) 'example_bash_operator' retrieved from /home/airflow/.local/lib/python3.12/site-packages/airflow/example_dags/example_bash_operator.py
[2024-10-23T04:32:00.683+0000] {logging_mixin.py:190} INFO - [2024-10-23T04:32:00.683+0000] {dag.py:3239} INFO - Sync 1 DAGs
[2024-10-23T04:32:00.702+0000] {logging_mixin.py:190} INFO - [2024-10-23T04:32:00.702+0000] {dag.py:4180} INFO - Setting next_dagrun for example_bash_operator to 2024-10-22 00:00:00+00:00, run_after=2024-10-23 00:00:00+00:00
[2024-10-23T04:32:00.712+0000] {processor.py:208} INFO - Processing /home/airflow/.local/lib/python3.12/site-packages/airflow/example_dags/example_bash_operator.py took 0.094 seconds
[2024-10-23T04:32:32.005+0000] {processor.py:186} INFO - Started process (PID=14888) to work on /home/airflow/.local/lib/python3.12/site-packages/airflow/example_dags/example_bash_operator.py
[2024-10-23T04:32:32.008+0000] {processor.py:914} INFO - Processing file /home/airflow/.local/lib/python3.12/site-packages/airflow/example_dags/example_bash_operator.py for tasks to queue
[2024-10-23T04:32:32.010+0000] {logging_mixin.py:190} INFO - [2024-10-23T04:32:32.010+0000] {dagbag.py:588} INFO - Filling up the DagBag from /home/airflow/.local/lib/python3.12/site-packages/airflow/example_dags/example_bash_operator.py
[2024-10-23T04:32:32.022+0000] {processor.py:925} INFO - DAG(s) 'example_bash_operator' retrieved from /home/airflow/.local/lib/python3.12/site-packages/airflow/example_dags/example_bash_operator.py
[2024-10-23T04:32:32.045+0000] {logging_mixin.py:190} INFO - [2024-10-23T04:32:32.045+0000] {dag.py:3239} INFO - Sync 1 DAGs
[2024-10-23T04:32:32.062+0000] {logging_mixin.py:190} INFO - [2024-10-23T04:32:32.061+0000] {dag.py:4180} INFO - Setting next_dagrun for example_bash_operator to 2024-10-22 00:00:00+00:00, run_after=2024-10-23 00:00:00+00:00
[2024-10-23T04:32:32.074+0000] {processor.py:208} INFO - Processing /home/airflow/.local/lib/python3.12/site-packages/airflow/example_dags/example_bash_operator.py took 0.077 seconds
[2024-10-23T04:33:02.916+0000] {processor.py:186} INFO - Started process (PID=14951) to work on /home/airflow/.local/lib/python3.12/site-packages/airflow/example_dags/example_bash_operator.py
[2024-10-23T04:33:02.917+0000] {processor.py:914} INFO - Processing file /home/airflow/.local/lib/python3.12/site-packages/airflow/example_dags/example_bash_operator.py for tasks to queue
[2024-10-23T04:33:02.919+0000] {logging_mixin.py:190} INFO - [2024-10-23T04:33:02.918+0000] {dagbag.py:588} INFO - Filling up the DagBag from /home/airflow/.local/lib/python3.12/site-packages/airflow/example_dags/example_bash_operator.py
[2024-10-23T04:33:02.928+0000] {processor.py:925} INFO - DAG(s) 'example_bash_operator' retrieved from /home/airflow/.local/lib/python3.12/site-packages/airflow/example_dags/example_bash_operator.py
[2024-10-23T04:33:02.951+0000] {logging_mixin.py:190} INFO - [2024-10-23T04:33:02.951+0000] {dag.py:3239} INFO - Sync 1 DAGs
[2024-10-23T04:33:02.980+0000] {logging_mixin.py:190} INFO - [2024-10-23T04:33:02.979+0000] {dag.py:4180} INFO - Setting next_dagrun for example_bash_operator to 2024-10-22 00:00:00+00:00, run_after=2024-10-23 00:00:00+00:00
[2024-10-23T04:33:02.998+0000] {processor.py:208} INFO - Processing /home/airflow/.local/lib/python3.12/site-packages/airflow/example_dags/example_bash_operator.py took 0.086 seconds
[2024-10-23T04:33:33.817+0000] {processor.py:186} INFO - Started process (PID=15015) to work on /home/airflow/.local/lib/python3.12/site-packages/airflow/example_dags/example_bash_operator.py
[2024-10-23T04:33:33.818+0000] {processor.py:914} INFO - Processing file /home/airflow/.local/lib/python3.12/site-packages/airflow/example_dags/example_bash_operator.py for tasks to queue
[2024-10-23T04:33:33.818+0000] {logging_mixin.py:190} INFO - [2024-10-23T04:33:33.818+0000] {dagbag.py:588} INFO - Filling up the DagBag from /home/airflow/.local/lib/python3.12/site-packages/airflow/example_dags/example_bash_operator.py
[2024-10-23T04:33:33.832+0000] {processor.py:925} INFO - DAG(s) 'example_bash_operator' retrieved from /home/airflow/.local/lib/python3.12/site-packages/airflow/example_dags/example_bash_operator.py
[2024-10-23T04:33:33.851+0000] {logging_mixin.py:190} INFO - [2024-10-23T04:33:33.850+0000] {dag.py:3239} INFO - Sync 1 DAGs
[2024-10-23T04:33:33.866+0000] {logging_mixin.py:190} INFO - [2024-10-23T04:33:33.866+0000] {dag.py:4180} INFO - Setting next_dagrun for example_bash_operator to 2024-10-22 00:00:00+00:00, run_after=2024-10-23 00:00:00+00:00
[2024-10-23T04:33:33.878+0000] {processor.py:208} INFO - Processing /home/airflow/.local/lib/python3.12/site-packages/airflow/example_dags/example_bash_operator.py took 0.066 seconds
[2024-10-23T04:34:04.851+0000] {processor.py:186} INFO - Started process (PID=15078) to work on /home/airflow/.local/lib/python3.12/site-packages/airflow/example_dags/example_bash_operator.py
[2024-10-23T04:34:04.852+0000] {processor.py:914} INFO - Processing file /home/airflow/.local/lib/python3.12/site-packages/airflow/example_dags/example_bash_operator.py for tasks to queue
[2024-10-23T04:34:04.853+0000] {logging_mixin.py:190} INFO - [2024-10-23T04:34:04.853+0000] {dagbag.py:588} INFO - Filling up the DagBag from /home/airflow/.local/lib/python3.12/site-packages/airflow/example_dags/example_bash_operator.py
[2024-10-23T04:34:04.862+0000] {processor.py:925} INFO - DAG(s) 'example_bash_operator' retrieved from /home/airflow/.local/lib/python3.12/site-packages/airflow/example_dags/example_bash_operator.py
[2024-10-23T04:34:04.880+0000] {logging_mixin.py:190} INFO - [2024-10-23T04:34:04.880+0000] {dag.py:3239} INFO - Sync 1 DAGs
[2024-10-23T04:34:04.899+0000] {logging_mixin.py:190} INFO - [2024-10-23T04:34:04.899+0000] {dag.py:4180} INFO - Setting next_dagrun for example_bash_operator to 2024-10-22 00:00:00+00:00, run_after=2024-10-23 00:00:00+00:00
[2024-10-23T04:34:04.909+0000] {processor.py:208} INFO - Processing /home/airflow/.local/lib/python3.12/site-packages/airflow/example_dags/example_bash_operator.py took 0.062 seconds
[2024-10-23T04:34:36.450+0000] {processor.py:186} INFO - Started process (PID=15141) to work on /home/airflow/.local/lib/python3.12/site-packages/airflow/example_dags/example_bash_operator.py
[2024-10-23T04:34:36.451+0000] {processor.py:914} INFO - Processing file /home/airflow/.local/lib/python3.12/site-packages/airflow/example_dags/example_bash_operator.py for tasks to queue
[2024-10-23T04:34:36.452+0000] {logging_mixin.py:190} INFO - [2024-10-23T04:34:36.452+0000] {dagbag.py:588} INFO - Filling up the DagBag from /home/airflow/.local/lib/python3.12/site-packages/airflow/example_dags/example_bash_operator.py
[2024-10-23T04:34:36.474+0000] {processor.py:925} INFO - DAG(s) 'example_bash_operator' retrieved from /home/airflow/.local/lib/python3.12/site-packages/airflow/example_dags/example_bash_operator.py
[2024-10-23T04:34:36.500+0000] {logging_mixin.py:190} INFO - [2024-10-23T04:34:36.500+0000] {dag.py:3239} INFO - Sync 1 DAGs
[2024-10-23T04:34:36.516+0000] {logging_mixin.py:190} INFO - [2024-10-23T04:34:36.516+0000] {dag.py:4180} INFO - Setting next_dagrun for example_bash_operator to 2024-10-22 00:00:00+00:00, run_after=2024-10-23 00:00:00+00:00
[2024-10-23T04:34:36.529+0000] {processor.py:208} INFO - Processing /home/airflow/.local/lib/python3.12/site-packages/airflow/example_dags/example_bash_operator.py took 0.085 seconds
[2024-10-23T04:35:08.059+0000] {processor.py:186} INFO - Started process (PID=15204) to work on /home/airflow/.local/lib/python3.12/site-packages/airflow/example_dags/example_bash_operator.py
[2024-10-23T04:35:08.060+0000] {processor.py:914} INFO - Processing file /home/airflow/.local/lib/python3.12/site-packages/airflow/example_dags/example_bash_operator.py for tasks to queue
[2024-10-23T04:35:08.061+0000] {logging_mixin.py:190} INFO - [2024-10-23T04:35:08.061+0000] {dagbag.py:588} INFO - Filling up the DagBag from /home/airflow/.local/lib/python3.12/site-packages/airflow/example_dags/example_bash_operator.py
[2024-10-23T04:35:08.072+0000] {processor.py:925} INFO - DAG(s) 'example_bash_operator' retrieved from /home/airflow/.local/lib/python3.12/site-packages/airflow/example_dags/example_bash_operator.py
[2024-10-23T04:35:08.090+0000] {logging_mixin.py:190} INFO - [2024-10-23T04:35:08.090+0000] {dag.py:3239} INFO - Sync 1 DAGs
[2024-10-23T04:35:08.107+0000] {logging_mixin.py:190} INFO - [2024-10-23T04:35:08.107+0000] {dag.py:4180} INFO - Setting next_dagrun for example_bash_operator to 2024-10-22 00:00:00+00:00, run_after=2024-10-23 00:00:00+00:00
[2024-10-23T04:35:08.121+0000] {processor.py:208} INFO - Processing /home/airflow/.local/lib/python3.12/site-packages/airflow/example_dags/example_bash_operator.py took 0.066 seconds
[2024-10-23T04:35:40.296+0000] {processor.py:186} INFO - Started process (PID=15270) to work on /home/airflow/.local/lib/python3.12/site-packages/airflow/example_dags/example_bash_operator.py
[2024-10-23T04:35:40.297+0000] {processor.py:914} INFO - Processing file /home/airflow/.local/lib/python3.12/site-packages/airflow/example_dags/example_bash_operator.py for tasks to queue
[2024-10-23T04:35:40.298+0000] {logging_mixin.py:190} INFO - [2024-10-23T04:35:40.297+0000] {dagbag.py:588} INFO - Filling up the DagBag from /home/airflow/.local/lib/python3.12/site-packages/airflow/example_dags/example_bash_operator.py
[2024-10-23T04:35:40.307+0000] {processor.py:925} INFO - DAG(s) 'example_bash_operator' retrieved from /home/airflow/.local/lib/python3.12/site-packages/airflow/example_dags/example_bash_operator.py
[2024-10-23T04:35:40.325+0000] {logging_mixin.py:190} INFO - [2024-10-23T04:35:40.325+0000] {dag.py:3239} INFO - Sync 1 DAGs
[2024-10-23T04:35:40.343+0000] {logging_mixin.py:190} INFO - [2024-10-23T04:35:40.343+0000] {dag.py:4180} INFO - Setting next_dagrun for example_bash_operator to 2024-10-22 00:00:00+00:00, run_after=2024-10-23 00:00:00+00:00
[2024-10-23T04:35:40.354+0000] {processor.py:208} INFO - Processing /home/airflow/.local/lib/python3.12/site-packages/airflow/example_dags/example_bash_operator.py took 0.064 seconds
[2024-10-23T04:36:11.741+0000] {processor.py:186} INFO - Started process (PID=15335) to work on /home/airflow/.local/lib/python3.12/site-packages/airflow/example_dags/example_bash_operator.py
[2024-10-23T04:36:11.742+0000] {processor.py:914} INFO - Processing file /home/airflow/.local/lib/python3.12/site-packages/airflow/example_dags/example_bash_operator.py for tasks to queue
[2024-10-23T04:36:11.745+0000] {logging_mixin.py:190} INFO - [2024-10-23T04:36:11.744+0000] {dagbag.py:588} INFO - Filling up the DagBag from /home/airflow/.local/lib/python3.12/site-packages/airflow/example_dags/example_bash_operator.py
[2024-10-23T04:36:11.768+0000] {processor.py:925} INFO - DAG(s) 'example_bash_operator' retrieved from /home/airflow/.local/lib/python3.12/site-packages/airflow/example_dags/example_bash_operator.py
[2024-10-23T04:36:11.801+0000] {logging_mixin.py:190} INFO - [2024-10-23T04:36:11.800+0000] {dag.py:3239} INFO - Sync 1 DAGs
[2024-10-23T04:36:11.837+0000] {logging_mixin.py:190} INFO - [2024-10-23T04:36:11.836+0000] {dag.py:4180} INFO - Setting next_dagrun for example_bash_operator to 2024-10-22 00:00:00+00:00, run_after=2024-10-23 00:00:00+00:00
[2024-10-23T04:36:11.856+0000] {processor.py:208} INFO - Processing /home/airflow/.local/lib/python3.12/site-packages/airflow/example_dags/example_bash_operator.py took 0.124 seconds
[2024-10-23T04:36:42.919+0000] {processor.py:186} INFO - Started process (PID=15399) to work on /home/airflow/.local/lib/python3.12/site-packages/airflow/example_dags/example_bash_operator.py
[2024-10-23T04:36:42.920+0000] {processor.py:914} INFO - Processing file /home/airflow/.local/lib/python3.12/site-packages/airflow/example_dags/example_bash_operator.py for tasks to queue
[2024-10-23T04:36:42.922+0000] {logging_mixin.py:190} INFO - [2024-10-23T04:36:42.922+0000] {dagbag.py:588} INFO - Filling up the DagBag from /home/airflow/.local/lib/python3.12/site-packages/airflow/example_dags/example_bash_operator.py
[2024-10-23T04:36:42.936+0000] {processor.py:925} INFO - DAG(s) 'example_bash_operator' retrieved from /home/airflow/.local/lib/python3.12/site-packages/airflow/example_dags/example_bash_operator.py
[2024-10-23T04:36:42.968+0000] {logging_mixin.py:190} INFO - [2024-10-23T04:36:42.967+0000] {dag.py:3239} INFO - Sync 1 DAGs
[2024-10-23T04:36:42.988+0000] {logging_mixin.py:190} INFO - [2024-10-23T04:36:42.988+0000] {dag.py:4180} INFO - Setting next_dagrun for example_bash_operator to 2024-10-22 00:00:00+00:00, run_after=2024-10-23 00:00:00+00:00
[2024-10-23T04:36:43.000+0000] {processor.py:208} INFO - Processing /home/airflow/.local/lib/python3.12/site-packages/airflow/example_dags/example_bash_operator.py took 0.087 seconds
[2024-10-23T04:37:15.763+0000] {processor.py:186} INFO - Started process (PID=15462) to work on /home/airflow/.local/lib/python3.12/site-packages/airflow/example_dags/example_bash_operator.py
[2024-10-23T04:37:15.770+0000] {processor.py:914} INFO - Processing file /home/airflow/.local/lib/python3.12/site-packages/airflow/example_dags/example_bash_operator.py for tasks to queue
[2024-10-23T04:37:15.798+0000] {logging_mixin.py:190} INFO - [2024-10-23T04:37:15.795+0000] {dagbag.py:588} INFO - Filling up the DagBag from /home/airflow/.local/lib/python3.12/site-packages/airflow/example_dags/example_bash_operator.py
[2024-10-23T04:37:15.863+0000] {processor.py:925} INFO - DAG(s) 'example_bash_operator' retrieved from /home/airflow/.local/lib/python3.12/site-packages/airflow/example_dags/example_bash_operator.py
[2024-10-23T04:37:15.892+0000] {logging_mixin.py:190} INFO - [2024-10-23T04:37:15.892+0000] {dag.py:3239} INFO - Sync 1 DAGs
[2024-10-23T04:37:15.923+0000] {logging_mixin.py:190} INFO - [2024-10-23T04:37:15.923+0000] {dag.py:4180} INFO - Setting next_dagrun for example_bash_operator to 2024-10-22 00:00:00+00:00, run_after=2024-10-23 00:00:00+00:00
[2024-10-23T04:37:15.938+0000] {processor.py:208} INFO - Processing /home/airflow/.local/lib/python3.12/site-packages/airflow/example_dags/example_bash_operator.py took 0.191 seconds
[2024-10-23T04:37:47.633+0000] {processor.py:186} INFO - Started process (PID=15531) to work on /home/airflow/.local/lib/python3.12/site-packages/airflow/example_dags/example_bash_operator.py
[2024-10-23T04:37:47.636+0000] {processor.py:914} INFO - Processing file /home/airflow/.local/lib/python3.12/site-packages/airflow/example_dags/example_bash_operator.py for tasks to queue
[2024-10-23T04:37:47.638+0000] {logging_mixin.py:190} INFO - [2024-10-23T04:37:47.637+0000] {dagbag.py:588} INFO - Filling up the DagBag from /home/airflow/.local/lib/python3.12/site-packages/airflow/example_dags/example_bash_operator.py
[2024-10-23T04:37:47.664+0000] {processor.py:925} INFO - DAG(s) 'example_bash_operator' retrieved from /home/airflow/.local/lib/python3.12/site-packages/airflow/example_dags/example_bash_operator.py
[2024-10-23T04:37:47.712+0000] {logging_mixin.py:190} INFO - [2024-10-23T04:37:47.712+0000] {dag.py:3239} INFO - Sync 1 DAGs
[2024-10-23T04:37:48.288+0000] {logging_mixin.py:190} INFO - [2024-10-23T04:37:48.288+0000] {dag.py:4180} INFO - Setting next_dagrun for example_bash_operator to 2024-10-22 00:00:00+00:00, run_after=2024-10-23 00:00:00+00:00
[2024-10-23T04:37:48.304+0000] {processor.py:208} INFO - Processing /home/airflow/.local/lib/python3.12/site-packages/airflow/example_dags/example_bash_operator.py took 0.688 seconds
[2024-10-23T04:38:18.413+0000] {processor.py:186} INFO - Started process (PID=15594) to work on /home/airflow/.local/lib/python3.12/site-packages/airflow/example_dags/example_bash_operator.py
[2024-10-23T04:38:18.415+0000] {processor.py:914} INFO - Processing file /home/airflow/.local/lib/python3.12/site-packages/airflow/example_dags/example_bash_operator.py for tasks to queue
[2024-10-23T04:38:18.416+0000] {logging_mixin.py:190} INFO - [2024-10-23T04:38:18.416+0000] {dagbag.py:588} INFO - Filling up the DagBag from /home/airflow/.local/lib/python3.12/site-packages/airflow/example_dags/example_bash_operator.py
[2024-10-23T04:38:18.433+0000] {processor.py:925} INFO - DAG(s) 'example_bash_operator' retrieved from /home/airflow/.local/lib/python3.12/site-packages/airflow/example_dags/example_bash_operator.py
[2024-10-23T04:38:18.464+0000] {logging_mixin.py:190} INFO - [2024-10-23T04:38:18.464+0000] {dag.py:3239} INFO - Sync 1 DAGs
[2024-10-23T04:38:18.485+0000] {logging_mixin.py:190} INFO - [2024-10-23T04:38:18.485+0000] {dag.py:4180} INFO - Setting next_dagrun for example_bash_operator to 2024-10-22 00:00:00+00:00, run_after=2024-10-23 00:00:00+00:00
[2024-10-23T04:38:18.499+0000] {processor.py:208} INFO - Processing /home/airflow/.local/lib/python3.12/site-packages/airflow/example_dags/example_bash_operator.py took 0.096 seconds
[2024-10-23T04:38:49.724+0000] {processor.py:186} INFO - Started process (PID=15656) to work on /home/airflow/.local/lib/python3.12/site-packages/airflow/example_dags/example_bash_operator.py
[2024-10-23T04:38:49.725+0000] {processor.py:914} INFO - Processing file /home/airflow/.local/lib/python3.12/site-packages/airflow/example_dags/example_bash_operator.py for tasks to queue
[2024-10-23T04:38:49.727+0000] {logging_mixin.py:190} INFO - [2024-10-23T04:38:49.727+0000] {dagbag.py:588} INFO - Filling up the DagBag from /home/airflow/.local/lib/python3.12/site-packages/airflow/example_dags/example_bash_operator.py
[2024-10-23T04:38:49.741+0000] {processor.py:925} INFO - DAG(s) 'example_bash_operator' retrieved from /home/airflow/.local/lib/python3.12/site-packages/airflow/example_dags/example_bash_operator.py
[2024-10-23T04:38:49.771+0000] {logging_mixin.py:190} INFO - [2024-10-23T04:38:49.771+0000] {dag.py:3239} INFO - Sync 1 DAGs
[2024-10-23T04:38:49.796+0000] {logging_mixin.py:190} INFO - [2024-10-23T04:38:49.796+0000] {dag.py:4180} INFO - Setting next_dagrun for example_bash_operator to 2024-10-22 00:00:00+00:00, run_after=2024-10-23 00:00:00+00:00
[2024-10-23T04:38:49.810+0000] {processor.py:208} INFO - Processing /home/airflow/.local/lib/python3.12/site-packages/airflow/example_dags/example_bash_operator.py took 0.095 seconds
[2024-10-23T04:39:22.501+0000] {processor.py:186} INFO - Started process (PID=15720) to work on /home/airflow/.local/lib/python3.12/site-packages/airflow/example_dags/example_bash_operator.py
[2024-10-23T04:39:22.502+0000] {processor.py:914} INFO - Processing file /home/airflow/.local/lib/python3.12/site-packages/airflow/example_dags/example_bash_operator.py for tasks to queue
[2024-10-23T04:39:22.504+0000] {logging_mixin.py:190} INFO - [2024-10-23T04:39:22.503+0000] {dagbag.py:588} INFO - Filling up the DagBag from /home/airflow/.local/lib/python3.12/site-packages/airflow/example_dags/example_bash_operator.py
[2024-10-23T04:39:22.515+0000] {processor.py:925} INFO - DAG(s) 'example_bash_operator' retrieved from /home/airflow/.local/lib/python3.12/site-packages/airflow/example_dags/example_bash_operator.py
[2024-10-23T04:39:22.534+0000] {logging_mixin.py:190} INFO - [2024-10-23T04:39:22.534+0000] {dag.py:3239} INFO - Sync 1 DAGs
[2024-10-23T04:39:22.553+0000] {logging_mixin.py:190} INFO - [2024-10-23T04:39:22.553+0000] {dag.py:4180} INFO - Setting next_dagrun for example_bash_operator to 2024-10-22 00:00:00+00:00, run_after=2024-10-23 00:00:00+00:00
[2024-10-23T04:39:22.571+0000] {processor.py:208} INFO - Processing /home/airflow/.local/lib/python3.12/site-packages/airflow/example_dags/example_bash_operator.py took 0.075 seconds
[2024-10-23T04:39:53.820+0000] {processor.py:186} INFO - Started process (PID=15783) to work on /home/airflow/.local/lib/python3.12/site-packages/airflow/example_dags/example_bash_operator.py
[2024-10-23T04:39:53.822+0000] {processor.py:914} INFO - Processing file /home/airflow/.local/lib/python3.12/site-packages/airflow/example_dags/example_bash_operator.py for tasks to queue
[2024-10-23T04:39:53.823+0000] {logging_mixin.py:190} INFO - [2024-10-23T04:39:53.823+0000] {dagbag.py:588} INFO - Filling up the DagBag from /home/airflow/.local/lib/python3.12/site-packages/airflow/example_dags/example_bash_operator.py
[2024-10-23T04:39:53.837+0000] {processor.py:925} INFO - DAG(s) 'example_bash_operator' retrieved from /home/airflow/.local/lib/python3.12/site-packages/airflow/example_dags/example_bash_operator.py
[2024-10-23T04:39:53.863+0000] {logging_mixin.py:190} INFO - [2024-10-23T04:39:53.863+0000] {dag.py:3239} INFO - Sync 1 DAGs
[2024-10-23T04:39:53.883+0000] {logging_mixin.py:190} INFO - [2024-10-23T04:39:53.883+0000] {dag.py:4180} INFO - Setting next_dagrun for example_bash_operator to 2024-10-22 00:00:00+00:00, run_after=2024-10-23 00:00:00+00:00
[2024-10-23T04:39:53.899+0000] {processor.py:208} INFO - Processing /home/airflow/.local/lib/python3.12/site-packages/airflow/example_dags/example_bash_operator.py took 0.089 seconds
[2024-10-23T04:40:26.345+0000] {processor.py:186} INFO - Started process (PID=15846) to work on /home/airflow/.local/lib/python3.12/site-packages/airflow/example_dags/example_bash_operator.py
[2024-10-23T04:40:26.346+0000] {processor.py:914} INFO - Processing file /home/airflow/.local/lib/python3.12/site-packages/airflow/example_dags/example_bash_operator.py for tasks to queue
[2024-10-23T04:40:26.347+0000] {logging_mixin.py:190} INFO - [2024-10-23T04:40:26.346+0000] {dagbag.py:588} INFO - Filling up the DagBag from /home/airflow/.local/lib/python3.12/site-packages/airflow/example_dags/example_bash_operator.py
[2024-10-23T04:40:26.373+0000] {processor.py:925} INFO - DAG(s) 'example_bash_operator' retrieved from /home/airflow/.local/lib/python3.12/site-packages/airflow/example_dags/example_bash_operator.py
[2024-10-23T04:40:27.220+0000] {logging_mixin.py:190} INFO - [2024-10-23T04:40:27.219+0000] {dag.py:3239} INFO - Sync 1 DAGs
[2024-10-23T04:40:27.250+0000] {logging_mixin.py:190} INFO - [2024-10-23T04:40:27.249+0000] {dag.py:4180} INFO - Setting next_dagrun for example_bash_operator to 2024-10-22 00:00:00+00:00, run_after=2024-10-23 00:00:00+00:00
[2024-10-23T04:40:27.269+0000] {processor.py:208} INFO - Processing /home/airflow/.local/lib/python3.12/site-packages/airflow/example_dags/example_bash_operator.py took 0.930 seconds
[2024-10-23T04:40:57.619+0000] {processor.py:186} INFO - Started process (PID=15909) to work on /home/airflow/.local/lib/python3.12/site-packages/airflow/example_dags/example_bash_operator.py
[2024-10-23T04:40:57.620+0000] {processor.py:914} INFO - Processing file /home/airflow/.local/lib/python3.12/site-packages/airflow/example_dags/example_bash_operator.py for tasks to queue
[2024-10-23T04:40:57.622+0000] {logging_mixin.py:190} INFO - [2024-10-23T04:40:57.621+0000] {dagbag.py:588} INFO - Filling up the DagBag from /home/airflow/.local/lib/python3.12/site-packages/airflow/example_dags/example_bash_operator.py
[2024-10-23T04:40:57.637+0000] {processor.py:925} INFO - DAG(s) 'example_bash_operator' retrieved from /home/airflow/.local/lib/python3.12/site-packages/airflow/example_dags/example_bash_operator.py
[2024-10-23T04:40:57.674+0000] {logging_mixin.py:190} INFO - [2024-10-23T04:40:57.674+0000] {dag.py:3239} INFO - Sync 1 DAGs
[2024-10-23T04:40:57.694+0000] {logging_mixin.py:190} INFO - [2024-10-23T04:40:57.693+0000] {dag.py:4180} INFO - Setting next_dagrun for example_bash_operator to 2024-10-22 00:00:00+00:00, run_after=2024-10-23 00:00:00+00:00
[2024-10-23T04:40:57.710+0000] {processor.py:208} INFO - Processing /home/airflow/.local/lib/python3.12/site-packages/airflow/example_dags/example_bash_operator.py took 0.098 seconds
[2024-10-23T04:41:28.349+0000] {processor.py:186} INFO - Started process (PID=15972) to work on /home/airflow/.local/lib/python3.12/site-packages/airflow/example_dags/example_bash_operator.py
[2024-10-23T04:41:28.350+0000] {processor.py:914} INFO - Processing file /home/airflow/.local/lib/python3.12/site-packages/airflow/example_dags/example_bash_operator.py for tasks to queue
[2024-10-23T04:41:28.353+0000] {logging_mixin.py:190} INFO - [2024-10-23T04:41:28.352+0000] {dagbag.py:588} INFO - Filling up the DagBag from /home/airflow/.local/lib/python3.12/site-packages/airflow/example_dags/example_bash_operator.py
[2024-10-23T04:41:28.370+0000] {processor.py:925} INFO - DAG(s) 'example_bash_operator' retrieved from /home/airflow/.local/lib/python3.12/site-packages/airflow/example_dags/example_bash_operator.py
[2024-10-23T04:41:28.401+0000] {logging_mixin.py:190} INFO - [2024-10-23T04:41:28.401+0000] {dag.py:3239} INFO - Sync 1 DAGs
[2024-10-23T04:41:28.424+0000] {logging_mixin.py:190} INFO - [2024-10-23T04:41:28.424+0000] {dag.py:4180} INFO - Setting next_dagrun for example_bash_operator to 2024-10-22 00:00:00+00:00, run_after=2024-10-23 00:00:00+00:00
[2024-10-23T04:41:28.437+0000] {processor.py:208} INFO - Processing /home/airflow/.local/lib/python3.12/site-packages/airflow/example_dags/example_bash_operator.py took 0.100 seconds
[2024-10-23T04:41:59.153+0000] {processor.py:186} INFO - Started process (PID=16035) to work on /home/airflow/.local/lib/python3.12/site-packages/airflow/example_dags/example_bash_operator.py
[2024-10-23T04:41:59.154+0000] {processor.py:914} INFO - Processing file /home/airflow/.local/lib/python3.12/site-packages/airflow/example_dags/example_bash_operator.py for tasks to queue
[2024-10-23T04:41:59.157+0000] {logging_mixin.py:190} INFO - [2024-10-23T04:41:59.156+0000] {dagbag.py:588} INFO - Filling up the DagBag from /home/airflow/.local/lib/python3.12/site-packages/airflow/example_dags/example_bash_operator.py
[2024-10-23T04:41:59.171+0000] {processor.py:925} INFO - DAG(s) 'example_bash_operator' retrieved from /home/airflow/.local/lib/python3.12/site-packages/airflow/example_dags/example_bash_operator.py
[2024-10-23T04:41:59.193+0000] {logging_mixin.py:190} INFO - [2024-10-23T04:41:59.193+0000] {dag.py:3239} INFO - Sync 1 DAGs
[2024-10-23T04:41:59.213+0000] {logging_mixin.py:190} INFO - [2024-10-23T04:41:59.213+0000] {dag.py:4180} INFO - Setting next_dagrun for example_bash_operator to 2024-10-22 00:00:00+00:00, run_after=2024-10-23 00:00:00+00:00
[2024-10-23T04:41:59.225+0000] {processor.py:208} INFO - Processing /home/airflow/.local/lib/python3.12/site-packages/airflow/example_dags/example_bash_operator.py took 0.077 seconds
[2024-10-23T04:42:29.490+0000] {processor.py:186} INFO - Started process (PID=16098) to work on /home/airflow/.local/lib/python3.12/site-packages/airflow/example_dags/example_bash_operator.py
[2024-10-23T04:42:29.492+0000] {processor.py:914} INFO - Processing file /home/airflow/.local/lib/python3.12/site-packages/airflow/example_dags/example_bash_operator.py for tasks to queue
[2024-10-23T04:42:29.494+0000] {logging_mixin.py:190} INFO - [2024-10-23T04:42:29.493+0000] {dagbag.py:588} INFO - Filling up the DagBag from /home/airflow/.local/lib/python3.12/site-packages/airflow/example_dags/example_bash_operator.py
[2024-10-23T04:42:29.507+0000] {processor.py:925} INFO - DAG(s) 'example_bash_operator' retrieved from /home/airflow/.local/lib/python3.12/site-packages/airflow/example_dags/example_bash_operator.py
[2024-10-23T04:42:29.535+0000] {logging_mixin.py:190} INFO - [2024-10-23T04:42:29.535+0000] {dag.py:3239} INFO - Sync 1 DAGs
[2024-10-23T04:42:29.554+0000] {logging_mixin.py:190} INFO - [2024-10-23T04:42:29.554+0000] {dag.py:4180} INFO - Setting next_dagrun for example_bash_operator to 2024-10-22 00:00:00+00:00, run_after=2024-10-23 00:00:00+00:00
[2024-10-23T04:42:29.566+0000] {processor.py:208} INFO - Processing /home/airflow/.local/lib/python3.12/site-packages/airflow/example_dags/example_bash_operator.py took 0.084 seconds
[2024-10-23T04:42:59.653+0000] {processor.py:186} INFO - Started process (PID=16161) to work on /home/airflow/.local/lib/python3.12/site-packages/airflow/example_dags/example_bash_operator.py
[2024-10-23T04:42:59.654+0000] {processor.py:914} INFO - Processing file /home/airflow/.local/lib/python3.12/site-packages/airflow/example_dags/example_bash_operator.py for tasks to queue
[2024-10-23T04:42:59.656+0000] {logging_mixin.py:190} INFO - [2024-10-23T04:42:59.656+0000] {dagbag.py:588} INFO - Filling up the DagBag from /home/airflow/.local/lib/python3.12/site-packages/airflow/example_dags/example_bash_operator.py
[2024-10-23T04:42:59.669+0000] {processor.py:925} INFO - DAG(s) 'example_bash_operator' retrieved from /home/airflow/.local/lib/python3.12/site-packages/airflow/example_dags/example_bash_operator.py
[2024-10-23T04:42:59.719+0000] {logging_mixin.py:190} INFO - [2024-10-23T04:42:59.717+0000] {dag.py:3239} INFO - Sync 1 DAGs
[2024-10-23T04:42:59.749+0000] {logging_mixin.py:190} INFO - [2024-10-23T04:42:59.749+0000] {dag.py:4180} INFO - Setting next_dagrun for example_bash_operator to 2024-10-22 00:00:00+00:00, run_after=2024-10-23 00:00:00+00:00
[2024-10-23T04:42:59.764+0000] {processor.py:208} INFO - Processing /home/airflow/.local/lib/python3.12/site-packages/airflow/example_dags/example_bash_operator.py took 0.116 seconds
[2024-10-23T04:43:30.526+0000] {processor.py:186} INFO - Started process (PID=16224) to work on /home/airflow/.local/lib/python3.12/site-packages/airflow/example_dags/example_bash_operator.py
[2024-10-23T04:43:30.527+0000] {processor.py:914} INFO - Processing file /home/airflow/.local/lib/python3.12/site-packages/airflow/example_dags/example_bash_operator.py for tasks to queue
[2024-10-23T04:43:30.528+0000] {logging_mixin.py:190} INFO - [2024-10-23T04:43:30.527+0000] {dagbag.py:588} INFO - Filling up the DagBag from /home/airflow/.local/lib/python3.12/site-packages/airflow/example_dags/example_bash_operator.py
[2024-10-23T04:43:30.539+0000] {processor.py:925} INFO - DAG(s) 'example_bash_operator' retrieved from /home/airflow/.local/lib/python3.12/site-packages/airflow/example_dags/example_bash_operator.py
[2024-10-23T04:43:30.579+0000] {logging_mixin.py:190} INFO - [2024-10-23T04:43:30.579+0000] {dag.py:3239} INFO - Sync 1 DAGs
[2024-10-23T04:43:30.600+0000] {logging_mixin.py:190} INFO - [2024-10-23T04:43:30.600+0000] {dag.py:4180} INFO - Setting next_dagrun for example_bash_operator to 2024-10-22 00:00:00+00:00, run_after=2024-10-23 00:00:00+00:00
[2024-10-23T04:43:30.617+0000] {processor.py:208} INFO - Processing /home/airflow/.local/lib/python3.12/site-packages/airflow/example_dags/example_bash_operator.py took 0.097 seconds
[2024-10-23T04:44:01.632+0000] {processor.py:186} INFO - Started process (PID=16287) to work on /home/airflow/.local/lib/python3.12/site-packages/airflow/example_dags/example_bash_operator.py
[2024-10-23T04:44:01.633+0000] {processor.py:914} INFO - Processing file /home/airflow/.local/lib/python3.12/site-packages/airflow/example_dags/example_bash_operator.py for tasks to queue
[2024-10-23T04:44:01.634+0000] {logging_mixin.py:190} INFO - [2024-10-23T04:44:01.634+0000] {dagbag.py:588} INFO - Filling up the DagBag from /home/airflow/.local/lib/python3.12/site-packages/airflow/example_dags/example_bash_operator.py
[2024-10-23T04:44:01.644+0000] {processor.py:925} INFO - DAG(s) 'example_bash_operator' retrieved from /home/airflow/.local/lib/python3.12/site-packages/airflow/example_dags/example_bash_operator.py
[2024-10-23T04:44:01.670+0000] {logging_mixin.py:190} INFO - [2024-10-23T04:44:01.670+0000] {dag.py:3239} INFO - Sync 1 DAGs
[2024-10-23T04:44:01.688+0000] {logging_mixin.py:190} INFO - [2024-10-23T04:44:01.688+0000] {dag.py:4180} INFO - Setting next_dagrun for example_bash_operator to 2024-10-22 00:00:00+00:00, run_after=2024-10-23 00:00:00+00:00
[2024-10-23T04:44:01.704+0000] {processor.py:208} INFO - Processing /home/airflow/.local/lib/python3.12/site-packages/airflow/example_dags/example_bash_operator.py took 0.076 seconds
[2024-10-23T04:44:32.074+0000] {processor.py:186} INFO - Started process (PID=16350) to work on /home/airflow/.local/lib/python3.12/site-packages/airflow/example_dags/example_bash_operator.py
[2024-10-23T04:44:32.075+0000] {processor.py:914} INFO - Processing file /home/airflow/.local/lib/python3.12/site-packages/airflow/example_dags/example_bash_operator.py for tasks to queue
[2024-10-23T04:44:32.076+0000] {logging_mixin.py:190} INFO - [2024-10-23T04:44:32.076+0000] {dagbag.py:588} INFO - Filling up the DagBag from /home/airflow/.local/lib/python3.12/site-packages/airflow/example_dags/example_bash_operator.py
[2024-10-23T04:44:32.086+0000] {processor.py:925} INFO - DAG(s) 'example_bash_operator' retrieved from /home/airflow/.local/lib/python3.12/site-packages/airflow/example_dags/example_bash_operator.py
[2024-10-23T04:44:32.104+0000] {logging_mixin.py:190} INFO - [2024-10-23T04:44:32.103+0000] {dag.py:3239} INFO - Sync 1 DAGs
[2024-10-23T04:44:32.118+0000] {logging_mixin.py:190} INFO - [2024-10-23T04:44:32.118+0000] {dag.py:4180} INFO - Setting next_dagrun for example_bash_operator to 2024-10-22 00:00:00+00:00, run_after=2024-10-23 00:00:00+00:00
[2024-10-23T04:44:32.130+0000] {processor.py:208} INFO - Processing /home/airflow/.local/lib/python3.12/site-packages/airflow/example_dags/example_bash_operator.py took 0.060 seconds
[2024-10-23T04:45:02.778+0000] {processor.py:186} INFO - Started process (PID=16413) to work on /home/airflow/.local/lib/python3.12/site-packages/airflow/example_dags/example_bash_operator.py
[2024-10-23T04:45:02.779+0000] {processor.py:914} INFO - Processing file /home/airflow/.local/lib/python3.12/site-packages/airflow/example_dags/example_bash_operator.py for tasks to queue
[2024-10-23T04:45:02.780+0000] {logging_mixin.py:190} INFO - [2024-10-23T04:45:02.780+0000] {dagbag.py:588} INFO - Filling up the DagBag from /home/airflow/.local/lib/python3.12/site-packages/airflow/example_dags/example_bash_operator.py
[2024-10-23T04:45:02.789+0000] {processor.py:925} INFO - DAG(s) 'example_bash_operator' retrieved from /home/airflow/.local/lib/python3.12/site-packages/airflow/example_dags/example_bash_operator.py
[2024-10-23T04:45:02.808+0000] {logging_mixin.py:190} INFO - [2024-10-23T04:45:02.808+0000] {dag.py:3239} INFO - Sync 1 DAGs
[2024-10-23T04:45:02.830+0000] {logging_mixin.py:190} INFO - [2024-10-23T04:45:02.830+0000] {dag.py:4180} INFO - Setting next_dagrun for example_bash_operator to 2024-10-22 00:00:00+00:00, run_after=2024-10-23 00:00:00+00:00
[2024-10-23T04:45:02.841+0000] {processor.py:208} INFO - Processing /home/airflow/.local/lib/python3.12/site-packages/airflow/example_dags/example_bash_operator.py took 0.067 seconds
[2024-10-23T04:45:33.032+0000] {processor.py:186} INFO - Started process (PID=16476) to work on /home/airflow/.local/lib/python3.12/site-packages/airflow/example_dags/example_bash_operator.py
[2024-10-23T04:45:33.034+0000] {processor.py:914} INFO - Processing file /home/airflow/.local/lib/python3.12/site-packages/airflow/example_dags/example_bash_operator.py for tasks to queue
[2024-10-23T04:45:33.035+0000] {logging_mixin.py:190} INFO - [2024-10-23T04:45:33.035+0000] {dagbag.py:588} INFO - Filling up the DagBag from /home/airflow/.local/lib/python3.12/site-packages/airflow/example_dags/example_bash_operator.py
[2024-10-23T04:45:33.045+0000] {processor.py:925} INFO - DAG(s) 'example_bash_operator' retrieved from /home/airflow/.local/lib/python3.12/site-packages/airflow/example_dags/example_bash_operator.py
[2024-10-23T04:45:33.063+0000] {logging_mixin.py:190} INFO - [2024-10-23T04:45:33.063+0000] {dag.py:3239} INFO - Sync 1 DAGs
[2024-10-23T04:45:33.078+0000] {logging_mixin.py:190} INFO - [2024-10-23T04:45:33.078+0000] {dag.py:4180} INFO - Setting next_dagrun for example_bash_operator to 2024-10-22 00:00:00+00:00, run_after=2024-10-23 00:00:00+00:00
[2024-10-23T04:45:33.090+0000] {processor.py:208} INFO - Processing /home/airflow/.local/lib/python3.12/site-packages/airflow/example_dags/example_bash_operator.py took 0.062 seconds
[2024-10-23T07:12:07.904+0000] {processor.py:186} INFO - Started process (PID=34486) to work on /home/airflow/.local/lib/python3.12/site-packages/airflow/example_dags/example_bash_operator.py
[2024-10-23T07:12:07.905+0000] {processor.py:914} INFO - Processing file /home/airflow/.local/lib/python3.12/site-packages/airflow/example_dags/example_bash_operator.py for tasks to queue
[2024-10-23T07:12:07.905+0000] {logging_mixin.py:190} INFO - [2024-10-23T07:12:07.905+0000] {dagbag.py:588} INFO - Filling up the DagBag from /home/airflow/.local/lib/python3.12/site-packages/airflow/example_dags/example_bash_operator.py
[2024-10-23T07:12:07.914+0000] {processor.py:925} INFO - DAG(s) 'example_bash_operator' retrieved from /home/airflow/.local/lib/python3.12/site-packages/airflow/example_dags/example_bash_operator.py
[2024-10-23T07:12:07.936+0000] {logging_mixin.py:190} INFO - [2024-10-23T07:12:07.935+0000] {dag.py:3239} INFO - Sync 1 DAGs
[2024-10-23T07:12:07.953+0000] {logging_mixin.py:190} INFO - [2024-10-23T07:12:07.953+0000] {dag.py:4180} INFO - Setting next_dagrun for example_bash_operator to 2024-10-22 00:00:00+00:00, run_after=2024-10-23 00:00:00+00:00
[2024-10-23T07:12:07.966+0000] {processor.py:208} INFO - Processing /home/airflow/.local/lib/python3.12/site-packages/airflow/example_dags/example_bash_operator.py took 0.066 seconds
[2024-10-23T07:12:38.473+0000] {processor.py:186} INFO - Started process (PID=34549) to work on /home/airflow/.local/lib/python3.12/site-packages/airflow/example_dags/example_bash_operator.py
[2024-10-23T07:12:38.474+0000] {processor.py:914} INFO - Processing file /home/airflow/.local/lib/python3.12/site-packages/airflow/example_dags/example_bash_operator.py for tasks to queue
[2024-10-23T07:12:38.475+0000] {logging_mixin.py:190} INFO - [2024-10-23T07:12:38.475+0000] {dagbag.py:588} INFO - Filling up the DagBag from /home/airflow/.local/lib/python3.12/site-packages/airflow/example_dags/example_bash_operator.py
[2024-10-23T07:12:38.485+0000] {processor.py:925} INFO - DAG(s) 'example_bash_operator' retrieved from /home/airflow/.local/lib/python3.12/site-packages/airflow/example_dags/example_bash_operator.py
[2024-10-23T07:12:38.510+0000] {logging_mixin.py:190} INFO - [2024-10-23T07:12:38.510+0000] {dag.py:3239} INFO - Sync 1 DAGs
[2024-10-23T07:12:38.543+0000] {logging_mixin.py:190} INFO - [2024-10-23T07:12:38.542+0000] {dag.py:4180} INFO - Setting next_dagrun for example_bash_operator to 2024-10-22 00:00:00+00:00, run_after=2024-10-23 00:00:00+00:00
[2024-10-23T07:12:38.564+0000] {processor.py:208} INFO - Processing /home/airflow/.local/lib/python3.12/site-packages/airflow/example_dags/example_bash_operator.py took 0.096 seconds
[2024-10-23T07:13:09.749+0000] {processor.py:186} INFO - Started process (PID=34612) to work on /home/airflow/.local/lib/python3.12/site-packages/airflow/example_dags/example_bash_operator.py
[2024-10-23T07:13:09.749+0000] {processor.py:914} INFO - Processing file /home/airflow/.local/lib/python3.12/site-packages/airflow/example_dags/example_bash_operator.py for tasks to queue
[2024-10-23T07:13:09.751+0000] {logging_mixin.py:190} INFO - [2024-10-23T07:13:09.751+0000] {dagbag.py:588} INFO - Filling up the DagBag from /home/airflow/.local/lib/python3.12/site-packages/airflow/example_dags/example_bash_operator.py
[2024-10-23T07:13:09.762+0000] {processor.py:925} INFO - DAG(s) 'example_bash_operator' retrieved from /home/airflow/.local/lib/python3.12/site-packages/airflow/example_dags/example_bash_operator.py
[2024-10-23T07:13:09.792+0000] {logging_mixin.py:190} INFO - [2024-10-23T07:13:09.792+0000] {dag.py:3239} INFO - Sync 1 DAGs
[2024-10-23T07:13:09.816+0000] {logging_mixin.py:190} INFO - [2024-10-23T07:13:09.816+0000] {dag.py:4180} INFO - Setting next_dagrun for example_bash_operator to 2024-10-22 00:00:00+00:00, run_after=2024-10-23 00:00:00+00:00
[2024-10-23T07:13:09.829+0000] {processor.py:208} INFO - Processing /home/airflow/.local/lib/python3.12/site-packages/airflow/example_dags/example_bash_operator.py took 0.085 seconds
[2024-10-23T07:13:40.840+0000] {processor.py:186} INFO - Started process (PID=34676) to work on /home/airflow/.local/lib/python3.12/site-packages/airflow/example_dags/example_bash_operator.py
[2024-10-23T07:13:40.841+0000] {processor.py:914} INFO - Processing file /home/airflow/.local/lib/python3.12/site-packages/airflow/example_dags/example_bash_operator.py for tasks to queue
[2024-10-23T07:13:40.843+0000] {logging_mixin.py:190} INFO - [2024-10-23T07:13:40.842+0000] {dagbag.py:588} INFO - Filling up the DagBag from /home/airflow/.local/lib/python3.12/site-packages/airflow/example_dags/example_bash_operator.py
[2024-10-23T07:13:40.851+0000] {processor.py:925} INFO - DAG(s) 'example_bash_operator' retrieved from /home/airflow/.local/lib/python3.12/site-packages/airflow/example_dags/example_bash_operator.py
[2024-10-23T07:13:40.868+0000] {logging_mixin.py:190} INFO - [2024-10-23T07:13:40.868+0000] {dag.py:3239} INFO - Sync 1 DAGs
[2024-10-23T07:13:40.888+0000] {logging_mixin.py:190} INFO - [2024-10-23T07:13:40.887+0000] {dag.py:4180} INFO - Setting next_dagrun for example_bash_operator to 2024-10-22 00:00:00+00:00, run_after=2024-10-23 00:00:00+00:00
[2024-10-23T07:13:40.909+0000] {processor.py:208} INFO - Processing /home/airflow/.local/lib/python3.12/site-packages/airflow/example_dags/example_bash_operator.py took 0.073 seconds
[2024-10-23T07:14:12.084+0000] {processor.py:186} INFO - Started process (PID=34739) to work on /home/airflow/.local/lib/python3.12/site-packages/airflow/example_dags/example_bash_operator.py
[2024-10-23T07:14:12.084+0000] {processor.py:914} INFO - Processing file /home/airflow/.local/lib/python3.12/site-packages/airflow/example_dags/example_bash_operator.py for tasks to queue
[2024-10-23T07:14:12.085+0000] {logging_mixin.py:190} INFO - [2024-10-23T07:14:12.085+0000] {dagbag.py:588} INFO - Filling up the DagBag from /home/airflow/.local/lib/python3.12/site-packages/airflow/example_dags/example_bash_operator.py
[2024-10-23T07:14:12.094+0000] {processor.py:925} INFO - DAG(s) 'example_bash_operator' retrieved from /home/airflow/.local/lib/python3.12/site-packages/airflow/example_dags/example_bash_operator.py
[2024-10-23T07:14:12.115+0000] {logging_mixin.py:190} INFO - [2024-10-23T07:14:12.115+0000] {dag.py:3239} INFO - Sync 1 DAGs
[2024-10-23T07:14:12.131+0000] {logging_mixin.py:190} INFO - [2024-10-23T07:14:12.131+0000] {dag.py:4180} INFO - Setting next_dagrun for example_bash_operator to 2024-10-22 00:00:00+00:00, run_after=2024-10-23 00:00:00+00:00
[2024-10-23T07:14:12.146+0000] {processor.py:208} INFO - Processing /home/airflow/.local/lib/python3.12/site-packages/airflow/example_dags/example_bash_operator.py took 0.068 seconds
[2024-10-23T07:14:43.818+0000] {processor.py:186} INFO - Started process (PID=34802) to work on /home/airflow/.local/lib/python3.12/site-packages/airflow/example_dags/example_bash_operator.py
[2024-10-23T07:14:43.819+0000] {processor.py:914} INFO - Processing file /home/airflow/.local/lib/python3.12/site-packages/airflow/example_dags/example_bash_operator.py for tasks to queue
[2024-10-23T07:14:43.820+0000] {logging_mixin.py:190} INFO - [2024-10-23T07:14:43.820+0000] {dagbag.py:588} INFO - Filling up the DagBag from /home/airflow/.local/lib/python3.12/site-packages/airflow/example_dags/example_bash_operator.py
[2024-10-23T07:14:43.890+0000] {processor.py:925} INFO - DAG(s) 'example_bash_operator' retrieved from /home/airflow/.local/lib/python3.12/site-packages/airflow/example_dags/example_bash_operator.py
[2024-10-23T07:14:44.119+0000] {logging_mixin.py:190} INFO - [2024-10-23T07:14:44.119+0000] {dag.py:3239} INFO - Sync 1 DAGs
[2024-10-23T07:14:44.140+0000] {logging_mixin.py:190} INFO - [2024-10-23T07:14:44.140+0000] {dag.py:4180} INFO - Setting next_dagrun for example_bash_operator to 2024-10-22 00:00:00+00:00, run_after=2024-10-23 00:00:00+00:00
[2024-10-23T07:14:44.154+0000] {processor.py:208} INFO - Processing /home/airflow/.local/lib/python3.12/site-packages/airflow/example_dags/example_bash_operator.py took 0.342 seconds
[2024-10-23T07:15:14.982+0000] {processor.py:186} INFO - Started process (PID=34865) to work on /home/airflow/.local/lib/python3.12/site-packages/airflow/example_dags/example_bash_operator.py
[2024-10-23T07:15:14.983+0000] {processor.py:914} INFO - Processing file /home/airflow/.local/lib/python3.12/site-packages/airflow/example_dags/example_bash_operator.py for tasks to queue
[2024-10-23T07:15:14.985+0000] {logging_mixin.py:190} INFO - [2024-10-23T07:15:14.984+0000] {dagbag.py:588} INFO - Filling up the DagBag from /home/airflow/.local/lib/python3.12/site-packages/airflow/example_dags/example_bash_operator.py
[2024-10-23T07:15:14.994+0000] {processor.py:925} INFO - DAG(s) 'example_bash_operator' retrieved from /home/airflow/.local/lib/python3.12/site-packages/airflow/example_dags/example_bash_operator.py
[2024-10-23T07:15:15.013+0000] {logging_mixin.py:190} INFO - [2024-10-23T07:15:15.012+0000] {dag.py:3239} INFO - Sync 1 DAGs
[2024-10-23T07:15:15.172+0000] {logging_mixin.py:190} INFO - [2024-10-23T07:15:15.172+0000] {dag.py:4180} INFO - Setting next_dagrun for example_bash_operator to 2024-10-22 00:00:00+00:00, run_after=2024-10-23 00:00:00+00:00
[2024-10-23T07:15:15.185+0000] {processor.py:208} INFO - Processing /home/airflow/.local/lib/python3.12/site-packages/airflow/example_dags/example_bash_operator.py took 0.207 seconds
[2024-10-23T07:15:45.890+0000] {processor.py:186} INFO - Started process (PID=34928) to work on /home/airflow/.local/lib/python3.12/site-packages/airflow/example_dags/example_bash_operator.py
[2024-10-23T07:15:45.892+0000] {processor.py:914} INFO - Processing file /home/airflow/.local/lib/python3.12/site-packages/airflow/example_dags/example_bash_operator.py for tasks to queue
[2024-10-23T07:15:45.894+0000] {logging_mixin.py:190} INFO - [2024-10-23T07:15:45.893+0000] {dagbag.py:588} INFO - Filling up the DagBag from /home/airflow/.local/lib/python3.12/site-packages/airflow/example_dags/example_bash_operator.py
[2024-10-23T07:15:45.908+0000] {processor.py:925} INFO - DAG(s) 'example_bash_operator' retrieved from /home/airflow/.local/lib/python3.12/site-packages/airflow/example_dags/example_bash_operator.py
[2024-10-23T07:15:45.927+0000] {logging_mixin.py:190} INFO - [2024-10-23T07:15:45.927+0000] {dag.py:3239} INFO - Sync 1 DAGs
[2024-10-23T07:15:45.943+0000] {logging_mixin.py:190} INFO - [2024-10-23T07:15:45.943+0000] {dag.py:4180} INFO - Setting next_dagrun for example_bash_operator to 2024-10-22 00:00:00+00:00, run_after=2024-10-23 00:00:00+00:00
[2024-10-23T07:15:45.954+0000] {processor.py:208} INFO - Processing /home/airflow/.local/lib/python3.12/site-packages/airflow/example_dags/example_bash_operator.py took 0.070 seconds
[2024-10-23T07:16:16.039+0000] {processor.py:186} INFO - Started process (PID=34991) to work on /home/airflow/.local/lib/python3.12/site-packages/airflow/example_dags/example_bash_operator.py
[2024-10-23T07:16:16.040+0000] {processor.py:914} INFO - Processing file /home/airflow/.local/lib/python3.12/site-packages/airflow/example_dags/example_bash_operator.py for tasks to queue
[2024-10-23T07:16:16.041+0000] {logging_mixin.py:190} INFO - [2024-10-23T07:16:16.040+0000] {dagbag.py:588} INFO - Filling up the DagBag from /home/airflow/.local/lib/python3.12/site-packages/airflow/example_dags/example_bash_operator.py
[2024-10-23T07:16:16.051+0000] {processor.py:925} INFO - DAG(s) 'example_bash_operator' retrieved from /home/airflow/.local/lib/python3.12/site-packages/airflow/example_dags/example_bash_operator.py
[2024-10-23T07:16:16.070+0000] {logging_mixin.py:190} INFO - [2024-10-23T07:16:16.070+0000] {dag.py:3239} INFO - Sync 1 DAGs
[2024-10-23T07:16:16.087+0000] {logging_mixin.py:190} INFO - [2024-10-23T07:16:16.087+0000] {dag.py:4180} INFO - Setting next_dagrun for example_bash_operator to 2024-10-22 00:00:00+00:00, run_after=2024-10-23 00:00:00+00:00
[2024-10-23T07:16:16.099+0000] {processor.py:208} INFO - Processing /home/airflow/.local/lib/python3.12/site-packages/airflow/example_dags/example_bash_operator.py took 0.065 seconds
[2024-10-23T07:16:46.182+0000] {processor.py:186} INFO - Started process (PID=35054) to work on /home/airflow/.local/lib/python3.12/site-packages/airflow/example_dags/example_bash_operator.py
[2024-10-23T07:16:46.183+0000] {processor.py:914} INFO - Processing file /home/airflow/.local/lib/python3.12/site-packages/airflow/example_dags/example_bash_operator.py for tasks to queue
[2024-10-23T07:16:46.184+0000] {logging_mixin.py:190} INFO - [2024-10-23T07:16:46.184+0000] {dagbag.py:588} INFO - Filling up the DagBag from /home/airflow/.local/lib/python3.12/site-packages/airflow/example_dags/example_bash_operator.py
[2024-10-23T07:16:46.193+0000] {processor.py:925} INFO - DAG(s) 'example_bash_operator' retrieved from /home/airflow/.local/lib/python3.12/site-packages/airflow/example_dags/example_bash_operator.py
[2024-10-23T07:16:46.209+0000] {logging_mixin.py:190} INFO - [2024-10-23T07:16:46.209+0000] {dag.py:3239} INFO - Sync 1 DAGs
[2024-10-23T07:16:46.225+0000] {logging_mixin.py:190} INFO - [2024-10-23T07:16:46.225+0000] {dag.py:4180} INFO - Setting next_dagrun for example_bash_operator to 2024-10-22 00:00:00+00:00, run_after=2024-10-23 00:00:00+00:00
[2024-10-23T07:16:46.239+0000] {processor.py:208} INFO - Processing /home/airflow/.local/lib/python3.12/site-packages/airflow/example_dags/example_bash_operator.py took 0.061 seconds
[2024-10-23T07:17:16.476+0000] {processor.py:186} INFO - Started process (PID=35117) to work on /home/airflow/.local/lib/python3.12/site-packages/airflow/example_dags/example_bash_operator.py
[2024-10-23T07:17:16.478+0000] {processor.py:914} INFO - Processing file /home/airflow/.local/lib/python3.12/site-packages/airflow/example_dags/example_bash_operator.py for tasks to queue
[2024-10-23T07:17:16.479+0000] {logging_mixin.py:190} INFO - [2024-10-23T07:17:16.479+0000] {dagbag.py:588} INFO - Filling up the DagBag from /home/airflow/.local/lib/python3.12/site-packages/airflow/example_dags/example_bash_operator.py
[2024-10-23T07:17:16.493+0000] {processor.py:925} INFO - DAG(s) 'example_bash_operator' retrieved from /home/airflow/.local/lib/python3.12/site-packages/airflow/example_dags/example_bash_operator.py
[2024-10-23T07:17:16.514+0000] {logging_mixin.py:190} INFO - [2024-10-23T07:17:16.514+0000] {dag.py:3239} INFO - Sync 1 DAGs
[2024-10-23T07:17:16.531+0000] {logging_mixin.py:190} INFO - [2024-10-23T07:17:16.531+0000] {dag.py:4180} INFO - Setting next_dagrun for example_bash_operator to 2024-10-22 00:00:00+00:00, run_after=2024-10-23 00:00:00+00:00
[2024-10-23T07:17:16.542+0000] {processor.py:208} INFO - Processing /home/airflow/.local/lib/python3.12/site-packages/airflow/example_dags/example_bash_operator.py took 0.073 seconds
[2024-10-23T07:17:47.033+0000] {processor.py:186} INFO - Started process (PID=35180) to work on /home/airflow/.local/lib/python3.12/site-packages/airflow/example_dags/example_bash_operator.py
[2024-10-23T07:17:47.033+0000] {processor.py:914} INFO - Processing file /home/airflow/.local/lib/python3.12/site-packages/airflow/example_dags/example_bash_operator.py for tasks to queue
[2024-10-23T07:17:47.034+0000] {logging_mixin.py:190} INFO - [2024-10-23T07:17:47.034+0000] {dagbag.py:588} INFO - Filling up the DagBag from /home/airflow/.local/lib/python3.12/site-packages/airflow/example_dags/example_bash_operator.py
[2024-10-23T07:17:47.043+0000] {processor.py:925} INFO - DAG(s) 'example_bash_operator' retrieved from /home/airflow/.local/lib/python3.12/site-packages/airflow/example_dags/example_bash_operator.py
[2024-10-23T07:17:47.063+0000] {logging_mixin.py:190} INFO - [2024-10-23T07:17:47.063+0000] {dag.py:3239} INFO - Sync 1 DAGs
[2024-10-23T07:17:47.079+0000] {logging_mixin.py:190} INFO - [2024-10-23T07:17:47.079+0000] {dag.py:4180} INFO - Setting next_dagrun for example_bash_operator to 2024-10-22 00:00:00+00:00, run_after=2024-10-23 00:00:00+00:00
[2024-10-23T07:17:47.090+0000] {processor.py:208} INFO - Processing /home/airflow/.local/lib/python3.12/site-packages/airflow/example_dags/example_bash_operator.py took 0.062 seconds
[2024-10-23T07:18:17.538+0000] {processor.py:186} INFO - Started process (PID=35243) to work on /home/airflow/.local/lib/python3.12/site-packages/airflow/example_dags/example_bash_operator.py
[2024-10-23T07:18:17.539+0000] {processor.py:914} INFO - Processing file /home/airflow/.local/lib/python3.12/site-packages/airflow/example_dags/example_bash_operator.py for tasks to queue
[2024-10-23T07:18:17.540+0000] {logging_mixin.py:190} INFO - [2024-10-23T07:18:17.539+0000] {dagbag.py:588} INFO - Filling up the DagBag from /home/airflow/.local/lib/python3.12/site-packages/airflow/example_dags/example_bash_operator.py
[2024-10-23T07:18:17.561+0000] {processor.py:925} INFO - DAG(s) 'example_bash_operator' retrieved from /home/airflow/.local/lib/python3.12/site-packages/airflow/example_dags/example_bash_operator.py
[2024-10-23T07:18:17.587+0000] {logging_mixin.py:190} INFO - [2024-10-23T07:18:17.587+0000] {dag.py:3239} INFO - Sync 1 DAGs
[2024-10-23T07:18:17.608+0000] {logging_mixin.py:190} INFO - [2024-10-23T07:18:17.608+0000] {dag.py:4180} INFO - Setting next_dagrun for example_bash_operator to 2024-10-22 00:00:00+00:00, run_after=2024-10-23 00:00:00+00:00
[2024-10-23T07:18:17.622+0000] {processor.py:208} INFO - Processing /home/airflow/.local/lib/python3.12/site-packages/airflow/example_dags/example_bash_operator.py took 0.090 seconds
[2024-10-23T07:18:48.219+0000] {processor.py:186} INFO - Started process (PID=35306) to work on /home/airflow/.local/lib/python3.12/site-packages/airflow/example_dags/example_bash_operator.py
[2024-10-23T07:18:48.221+0000] {processor.py:914} INFO - Processing file /home/airflow/.local/lib/python3.12/site-packages/airflow/example_dags/example_bash_operator.py for tasks to queue
[2024-10-23T07:18:48.222+0000] {logging_mixin.py:190} INFO - [2024-10-23T07:18:48.222+0000] {dagbag.py:588} INFO - Filling up the DagBag from /home/airflow/.local/lib/python3.12/site-packages/airflow/example_dags/example_bash_operator.py
[2024-10-23T07:18:48.234+0000] {processor.py:925} INFO - DAG(s) 'example_bash_operator' retrieved from /home/airflow/.local/lib/python3.12/site-packages/airflow/example_dags/example_bash_operator.py
[2024-10-23T07:18:48.256+0000] {logging_mixin.py:190} INFO - [2024-10-23T07:18:48.256+0000] {dag.py:3239} INFO - Sync 1 DAGs
[2024-10-23T07:18:48.276+0000] {logging_mixin.py:190} INFO - [2024-10-23T07:18:48.275+0000] {dag.py:4180} INFO - Setting next_dagrun for example_bash_operator to 2024-10-22 00:00:00+00:00, run_after=2024-10-23 00:00:00+00:00
[2024-10-23T07:18:48.289+0000] {processor.py:208} INFO - Processing /home/airflow/.local/lib/python3.12/site-packages/airflow/example_dags/example_bash_operator.py took 0.076 seconds
[2024-10-23T07:19:18.853+0000] {processor.py:186} INFO - Started process (PID=35371) to work on /home/airflow/.local/lib/python3.12/site-packages/airflow/example_dags/example_bash_operator.py
[2024-10-23T07:19:18.855+0000] {processor.py:914} INFO - Processing file /home/airflow/.local/lib/python3.12/site-packages/airflow/example_dags/example_bash_operator.py for tasks to queue
[2024-10-23T07:19:18.856+0000] {logging_mixin.py:190} INFO - [2024-10-23T07:19:18.856+0000] {dagbag.py:588} INFO - Filling up the DagBag from /home/airflow/.local/lib/python3.12/site-packages/airflow/example_dags/example_bash_operator.py
[2024-10-23T07:19:18.867+0000] {processor.py:925} INFO - DAG(s) 'example_bash_operator' retrieved from /home/airflow/.local/lib/python3.12/site-packages/airflow/example_dags/example_bash_operator.py
[2024-10-23T07:19:18.888+0000] {logging_mixin.py:190} INFO - [2024-10-23T07:19:18.887+0000] {dag.py:3239} INFO - Sync 1 DAGs
[2024-10-23T07:19:18.905+0000] {logging_mixin.py:190} INFO - [2024-10-23T07:19:18.905+0000] {dag.py:4180} INFO - Setting next_dagrun for example_bash_operator to 2024-10-22 00:00:00+00:00, run_after=2024-10-23 00:00:00+00:00
[2024-10-23T07:19:18.918+0000] {processor.py:208} INFO - Processing /home/airflow/.local/lib/python3.12/site-packages/airflow/example_dags/example_bash_operator.py took 0.070 seconds
[2024-10-23T07:19:49.529+0000] {processor.py:186} INFO - Started process (PID=35435) to work on /home/airflow/.local/lib/python3.12/site-packages/airflow/example_dags/example_bash_operator.py
[2024-10-23T07:19:49.531+0000] {processor.py:914} INFO - Processing file /home/airflow/.local/lib/python3.12/site-packages/airflow/example_dags/example_bash_operator.py for tasks to queue
[2024-10-23T07:19:49.532+0000] {logging_mixin.py:190} INFO - [2024-10-23T07:19:49.532+0000] {dagbag.py:588} INFO - Filling up the DagBag from /home/airflow/.local/lib/python3.12/site-packages/airflow/example_dags/example_bash_operator.py
[2024-10-23T07:19:49.541+0000] {processor.py:925} INFO - DAG(s) 'example_bash_operator' retrieved from /home/airflow/.local/lib/python3.12/site-packages/airflow/example_dags/example_bash_operator.py
[2024-10-23T07:19:49.559+0000] {logging_mixin.py:190} INFO - [2024-10-23T07:19:49.558+0000] {dag.py:3239} INFO - Sync 1 DAGs
[2024-10-23T07:19:49.577+0000] {logging_mixin.py:190} INFO - [2024-10-23T07:19:49.577+0000] {dag.py:4180} INFO - Setting next_dagrun for example_bash_operator to 2024-10-22 00:00:00+00:00, run_after=2024-10-23 00:00:00+00:00
[2024-10-23T07:19:49.589+0000] {processor.py:208} INFO - Processing /home/airflow/.local/lib/python3.12/site-packages/airflow/example_dags/example_bash_operator.py took 0.064 seconds
