[2024-10-23T02:32:05.004+0000] {processor.py:186} INFO - Started process (PID=13729) to work on /home/airflow/.local/lib/python3.12/site-packages/airflow/example_dags/example_sla_dag.py
[2024-10-23T02:32:05.005+0000] {processor.py:914} INFO - Processing file /home/airflow/.local/lib/python3.12/site-packages/airflow/example_dags/example_sla_dag.py for tasks to queue
[2024-10-23T02:32:05.006+0000] {logging_mixin.py:190} INFO - [2024-10-23T02:32:05.006+0000] {dagbag.py:588} INFO - Filling up the DagBag from /home/airflow/.local/lib/python3.12/site-packages/airflow/example_dags/example_sla_dag.py
[2024-10-23T02:32:05.018+0000] {processor.py:925} INFO - DAG(s) 'example_sla_dag' retrieved from /home/airflow/.local/lib/python3.12/site-packages/airflow/example_dags/example_sla_dag.py
[2024-10-23T02:32:05.042+0000] {logging_mixin.py:190} INFO - [2024-10-23T02:32:05.041+0000] {dag.py:3239} INFO - Sync 1 DAGs
[2024-10-23T02:32:05.068+0000] {logging_mixin.py:190} INFO - [2024-10-23T02:32:05.068+0000] {dag.py:4180} INFO - Setting next_dagrun for example_sla_dag to 2024-10-23 02:30:00+00:00, run_after=2024-10-23 02:32:00+00:00
[2024-10-23T02:32:05.084+0000] {processor.py:208} INFO - Processing /home/airflow/.local/lib/python3.12/site-packages/airflow/example_dags/example_sla_dag.py took 0.086 seconds
[2024-10-23T04:23:44.170+0000] {processor.py:186} INFO - Started process (PID=13792) to work on /home/airflow/.local/lib/python3.12/site-packages/airflow/example_dags/example_sla_dag.py
[2024-10-23T04:23:44.174+0000] {processor.py:914} INFO - Processing file /home/airflow/.local/lib/python3.12/site-packages/airflow/example_dags/example_sla_dag.py for tasks to queue
[2024-10-23T04:23:44.176+0000] {logging_mixin.py:190} INFO - [2024-10-23T04:23:44.175+0000] {dagbag.py:588} INFO - Filling up the DagBag from /home/airflow/.local/lib/python3.12/site-packages/airflow/example_dags/example_sla_dag.py
[2024-10-23T04:23:44.189+0000] {processor.py:925} INFO - DAG(s) 'example_sla_dag' retrieved from /home/airflow/.local/lib/python3.12/site-packages/airflow/example_dags/example_sla_dag.py
[2024-10-23T04:23:44.216+0000] {logging_mixin.py:190} INFO - [2024-10-23T04:23:44.216+0000] {dag.py:3239} INFO - Sync 1 DAGs
[2024-10-23T04:23:44.235+0000] {logging_mixin.py:190} INFO - [2024-10-23T04:23:44.235+0000] {dag.py:4180} INFO - Setting next_dagrun for example_sla_dag to 2024-10-23 04:20:00+00:00, run_after=2024-10-23 04:22:00+00:00
[2024-10-23T04:23:44.254+0000] {processor.py:208} INFO - Processing /home/airflow/.local/lib/python3.12/site-packages/airflow/example_dags/example_sla_dag.py took 0.108 seconds
[2024-10-23T04:24:14.295+0000] {processor.py:186} INFO - Started process (PID=13855) to work on /home/airflow/.local/lib/python3.12/site-packages/airflow/example_dags/example_sla_dag.py
[2024-10-23T04:24:14.296+0000] {processor.py:914} INFO - Processing file /home/airflow/.local/lib/python3.12/site-packages/airflow/example_dags/example_sla_dag.py for tasks to queue
[2024-10-23T04:24:14.297+0000] {logging_mixin.py:190} INFO - [2024-10-23T04:24:14.297+0000] {dagbag.py:588} INFO - Filling up the DagBag from /home/airflow/.local/lib/python3.12/site-packages/airflow/example_dags/example_sla_dag.py
[2024-10-23T04:24:14.307+0000] {processor.py:925} INFO - DAG(s) 'example_sla_dag' retrieved from /home/airflow/.local/lib/python3.12/site-packages/airflow/example_dags/example_sla_dag.py
[2024-10-23T04:24:14.334+0000] {logging_mixin.py:190} INFO - [2024-10-23T04:24:14.334+0000] {dag.py:3239} INFO - Sync 1 DAGs
[2024-10-23T04:24:14.354+0000] {logging_mixin.py:190} INFO - [2024-10-23T04:24:14.354+0000] {dag.py:4180} INFO - Setting next_dagrun for example_sla_dag to 2024-10-23 04:22:00+00:00, run_after=2024-10-23 04:24:00+00:00
[2024-10-23T04:24:14.363+0000] {processor.py:208} INFO - Processing /home/airflow/.local/lib/python3.12/site-packages/airflow/example_dags/example_sla_dag.py took 0.073 seconds
[2024-10-23T04:24:46.019+0000] {processor.py:186} INFO - Started process (PID=13918) to work on /home/airflow/.local/lib/python3.12/site-packages/airflow/example_dags/example_sla_dag.py
[2024-10-23T04:24:46.021+0000] {processor.py:914} INFO - Processing file /home/airflow/.local/lib/python3.12/site-packages/airflow/example_dags/example_sla_dag.py for tasks to queue
[2024-10-23T04:24:46.022+0000] {logging_mixin.py:190} INFO - [2024-10-23T04:24:46.021+0000] {dagbag.py:588} INFO - Filling up the DagBag from /home/airflow/.local/lib/python3.12/site-packages/airflow/example_dags/example_sla_dag.py
[2024-10-23T04:24:46.029+0000] {processor.py:925} INFO - DAG(s) 'example_sla_dag' retrieved from /home/airflow/.local/lib/python3.12/site-packages/airflow/example_dags/example_sla_dag.py
[2024-10-23T04:24:46.044+0000] {logging_mixin.py:190} INFO - [2024-10-23T04:24:46.044+0000] {dag.py:3239} INFO - Sync 1 DAGs
[2024-10-23T04:24:46.075+0000] {logging_mixin.py:190} INFO - [2024-10-23T04:24:46.075+0000] {dag.py:4180} INFO - Setting next_dagrun for example_sla_dag to 2024-10-23 04:22:00+00:00, run_after=2024-10-23 04:24:00+00:00
[2024-10-23T04:24:46.090+0000] {processor.py:208} INFO - Processing /home/airflow/.local/lib/python3.12/site-packages/airflow/example_dags/example_sla_dag.py took 0.076 seconds
[2024-10-23T04:25:16.657+0000] {processor.py:186} INFO - Started process (PID=13981) to work on /home/airflow/.local/lib/python3.12/site-packages/airflow/example_dags/example_sla_dag.py
[2024-10-23T04:25:16.658+0000] {processor.py:914} INFO - Processing file /home/airflow/.local/lib/python3.12/site-packages/airflow/example_dags/example_sla_dag.py for tasks to queue
[2024-10-23T04:25:16.659+0000] {logging_mixin.py:190} INFO - [2024-10-23T04:25:16.659+0000] {dagbag.py:588} INFO - Filling up the DagBag from /home/airflow/.local/lib/python3.12/site-packages/airflow/example_dags/example_sla_dag.py
[2024-10-23T04:25:16.666+0000] {processor.py:925} INFO - DAG(s) 'example_sla_dag' retrieved from /home/airflow/.local/lib/python3.12/site-packages/airflow/example_dags/example_sla_dag.py
[2024-10-23T04:25:16.680+0000] {logging_mixin.py:190} INFO - [2024-10-23T04:25:16.680+0000] {dag.py:3239} INFO - Sync 1 DAGs
[2024-10-23T04:25:16.698+0000] {logging_mixin.py:190} INFO - [2024-10-23T04:25:16.698+0000] {dag.py:4180} INFO - Setting next_dagrun for example_sla_dag to 2024-10-23 04:22:00+00:00, run_after=2024-10-23 04:24:00+00:00
[2024-10-23T04:25:16.715+0000] {processor.py:208} INFO - Processing /home/airflow/.local/lib/python3.12/site-packages/airflow/example_dags/example_sla_dag.py took 0.063 seconds
[2024-10-23T04:25:47.370+0000] {processor.py:186} INFO - Started process (PID=14044) to work on /home/airflow/.local/lib/python3.12/site-packages/airflow/example_dags/example_sla_dag.py
[2024-10-23T04:25:47.375+0000] {processor.py:914} INFO - Processing file /home/airflow/.local/lib/python3.12/site-packages/airflow/example_dags/example_sla_dag.py for tasks to queue
[2024-10-23T04:25:47.377+0000] {logging_mixin.py:190} INFO - [2024-10-23T04:25:47.377+0000] {dagbag.py:588} INFO - Filling up the DagBag from /home/airflow/.local/lib/python3.12/site-packages/airflow/example_dags/example_sla_dag.py
[2024-10-23T04:25:47.386+0000] {processor.py:925} INFO - DAG(s) 'example_sla_dag' retrieved from /home/airflow/.local/lib/python3.12/site-packages/airflow/example_dags/example_sla_dag.py
[2024-10-23T04:25:47.405+0000] {logging_mixin.py:190} INFO - [2024-10-23T04:25:47.405+0000] {dag.py:3239} INFO - Sync 1 DAGs
[2024-10-23T04:25:47.425+0000] {logging_mixin.py:190} INFO - [2024-10-23T04:25:47.425+0000] {dag.py:4180} INFO - Setting next_dagrun for example_sla_dag to 2024-10-23 04:22:00+00:00, run_after=2024-10-23 04:24:00+00:00
[2024-10-23T04:25:47.441+0000] {processor.py:208} INFO - Processing /home/airflow/.local/lib/python3.12/site-packages/airflow/example_dags/example_sla_dag.py took 0.077 seconds
[2024-10-23T04:26:18.148+0000] {processor.py:186} INFO - Started process (PID=14107) to work on /home/airflow/.local/lib/python3.12/site-packages/airflow/example_dags/example_sla_dag.py
[2024-10-23T04:26:18.149+0000] {processor.py:914} INFO - Processing file /home/airflow/.local/lib/python3.12/site-packages/airflow/example_dags/example_sla_dag.py for tasks to queue
[2024-10-23T04:26:18.150+0000] {logging_mixin.py:190} INFO - [2024-10-23T04:26:18.150+0000] {dagbag.py:588} INFO - Filling up the DagBag from /home/airflow/.local/lib/python3.12/site-packages/airflow/example_dags/example_sla_dag.py
[2024-10-23T04:26:18.165+0000] {processor.py:925} INFO - DAG(s) 'example_sla_dag' retrieved from /home/airflow/.local/lib/python3.12/site-packages/airflow/example_dags/example_sla_dag.py
[2024-10-23T04:26:18.194+0000] {logging_mixin.py:190} INFO - [2024-10-23T04:26:18.194+0000] {dag.py:3239} INFO - Sync 1 DAGs
[2024-10-23T04:26:18.230+0000] {logging_mixin.py:190} INFO - [2024-10-23T04:26:18.229+0000] {dag.py:4180} INFO - Setting next_dagrun for example_sla_dag to 2024-10-23 04:24:00+00:00, run_after=2024-10-23 04:26:00+00:00
[2024-10-23T04:26:18.270+0000] {processor.py:208} INFO - Processing /home/airflow/.local/lib/python3.12/site-packages/airflow/example_dags/example_sla_dag.py took 0.133 seconds
[2024-10-23T04:26:48.710+0000] {processor.py:186} INFO - Started process (PID=14170) to work on /home/airflow/.local/lib/python3.12/site-packages/airflow/example_dags/example_sla_dag.py
[2024-10-23T04:26:48.712+0000] {processor.py:914} INFO - Processing file /home/airflow/.local/lib/python3.12/site-packages/airflow/example_dags/example_sla_dag.py for tasks to queue
[2024-10-23T04:26:48.716+0000] {logging_mixin.py:190} INFO - [2024-10-23T04:26:48.715+0000] {dagbag.py:588} INFO - Filling up the DagBag from /home/airflow/.local/lib/python3.12/site-packages/airflow/example_dags/example_sla_dag.py
[2024-10-23T04:26:48.725+0000] {processor.py:925} INFO - DAG(s) 'example_sla_dag' retrieved from /home/airflow/.local/lib/python3.12/site-packages/airflow/example_dags/example_sla_dag.py
[2024-10-23T04:26:48.744+0000] {logging_mixin.py:190} INFO - [2024-10-23T04:26:48.744+0000] {dag.py:3239} INFO - Sync 1 DAGs
[2024-10-23T04:26:48.760+0000] {logging_mixin.py:190} INFO - [2024-10-23T04:26:48.760+0000] {dag.py:4180} INFO - Setting next_dagrun for example_sla_dag to 2024-10-23 04:24:00+00:00, run_after=2024-10-23 04:26:00+00:00
[2024-10-23T04:26:48.770+0000] {processor.py:208} INFO - Processing /home/airflow/.local/lib/python3.12/site-packages/airflow/example_dags/example_sla_dag.py took 0.064 seconds
[2024-10-23T04:27:19.039+0000] {processor.py:186} INFO - Started process (PID=14233) to work on /home/airflow/.local/lib/python3.12/site-packages/airflow/example_dags/example_sla_dag.py
[2024-10-23T04:27:19.040+0000] {processor.py:914} INFO - Processing file /home/airflow/.local/lib/python3.12/site-packages/airflow/example_dags/example_sla_dag.py for tasks to queue
[2024-10-23T04:27:19.041+0000] {logging_mixin.py:190} INFO - [2024-10-23T04:27:19.041+0000] {dagbag.py:588} INFO - Filling up the DagBag from /home/airflow/.local/lib/python3.12/site-packages/airflow/example_dags/example_sla_dag.py
[2024-10-23T04:27:19.047+0000] {processor.py:925} INFO - DAG(s) 'example_sla_dag' retrieved from /home/airflow/.local/lib/python3.12/site-packages/airflow/example_dags/example_sla_dag.py
[2024-10-23T04:27:19.059+0000] {logging_mixin.py:190} INFO - [2024-10-23T04:27:19.059+0000] {dag.py:3239} INFO - Sync 1 DAGs
[2024-10-23T04:27:19.074+0000] {logging_mixin.py:190} INFO - [2024-10-23T04:27:19.074+0000] {dag.py:4180} INFO - Setting next_dagrun for example_sla_dag to 2024-10-23 04:24:00+00:00, run_after=2024-10-23 04:26:00+00:00
[2024-10-23T04:27:19.083+0000] {processor.py:208} INFO - Processing /home/airflow/.local/lib/python3.12/site-packages/airflow/example_dags/example_sla_dag.py took 0.049 seconds
[2024-10-23T04:27:50.115+0000] {processor.py:186} INFO - Started process (PID=14297) to work on /home/airflow/.local/lib/python3.12/site-packages/airflow/example_dags/example_sla_dag.py
[2024-10-23T04:27:50.117+0000] {processor.py:914} INFO - Processing file /home/airflow/.local/lib/python3.12/site-packages/airflow/example_dags/example_sla_dag.py for tasks to queue
[2024-10-23T04:27:50.119+0000] {logging_mixin.py:190} INFO - [2024-10-23T04:27:50.118+0000] {dagbag.py:588} INFO - Filling up the DagBag from /home/airflow/.local/lib/python3.12/site-packages/airflow/example_dags/example_sla_dag.py
[2024-10-23T04:27:50.130+0000] {processor.py:925} INFO - DAG(s) 'example_sla_dag' retrieved from /home/airflow/.local/lib/python3.12/site-packages/airflow/example_dags/example_sla_dag.py
[2024-10-23T04:27:50.147+0000] {logging_mixin.py:190} INFO - [2024-10-23T04:27:50.147+0000] {dag.py:3239} INFO - Sync 1 DAGs
[2024-10-23T04:27:50.165+0000] {logging_mixin.py:190} INFO - [2024-10-23T04:27:50.165+0000] {dag.py:4180} INFO - Setting next_dagrun for example_sla_dag to 2024-10-23 04:24:00+00:00, run_after=2024-10-23 04:26:00+00:00
[2024-10-23T04:27:50.178+0000] {processor.py:208} INFO - Processing /home/airflow/.local/lib/python3.12/site-packages/airflow/example_dags/example_sla_dag.py took 0.070 seconds
[2024-10-23T04:28:20.267+0000] {processor.py:186} INFO - Started process (PID=14359) to work on /home/airflow/.local/lib/python3.12/site-packages/airflow/example_dags/example_sla_dag.py
[2024-10-23T04:28:20.268+0000] {processor.py:914} INFO - Processing file /home/airflow/.local/lib/python3.12/site-packages/airflow/example_dags/example_sla_dag.py for tasks to queue
[2024-10-23T04:28:20.270+0000] {logging_mixin.py:190} INFO - [2024-10-23T04:28:20.269+0000] {dagbag.py:588} INFO - Filling up the DagBag from /home/airflow/.local/lib/python3.12/site-packages/airflow/example_dags/example_sla_dag.py
[2024-10-23T04:28:20.288+0000] {processor.py:925} INFO - DAG(s) 'example_sla_dag' retrieved from /home/airflow/.local/lib/python3.12/site-packages/airflow/example_dags/example_sla_dag.py
[2024-10-23T04:28:20.311+0000] {logging_mixin.py:190} INFO - [2024-10-23T04:28:20.311+0000] {dag.py:3239} INFO - Sync 1 DAGs
[2024-10-23T04:28:20.336+0000] {logging_mixin.py:190} INFO - [2024-10-23T04:28:20.336+0000] {dag.py:4180} INFO - Setting next_dagrun for example_sla_dag to 2024-10-23 04:26:00+00:00, run_after=2024-10-23 04:28:00+00:00
[2024-10-23T04:28:20.351+0000] {processor.py:208} INFO - Processing /home/airflow/.local/lib/python3.12/site-packages/airflow/example_dags/example_sla_dag.py took 0.095 seconds
[2024-10-23T04:28:51.078+0000] {processor.py:186} INFO - Started process (PID=14422) to work on /home/airflow/.local/lib/python3.12/site-packages/airflow/example_dags/example_sla_dag.py
[2024-10-23T04:28:51.079+0000] {processor.py:914} INFO - Processing file /home/airflow/.local/lib/python3.12/site-packages/airflow/example_dags/example_sla_dag.py for tasks to queue
[2024-10-23T04:28:51.079+0000] {logging_mixin.py:190} INFO - [2024-10-23T04:28:51.079+0000] {dagbag.py:588} INFO - Filling up the DagBag from /home/airflow/.local/lib/python3.12/site-packages/airflow/example_dags/example_sla_dag.py
[2024-10-23T04:28:51.086+0000] {processor.py:925} INFO - DAG(s) 'example_sla_dag' retrieved from /home/airflow/.local/lib/python3.12/site-packages/airflow/example_dags/example_sla_dag.py
[2024-10-23T04:28:51.100+0000] {logging_mixin.py:190} INFO - [2024-10-23T04:28:51.100+0000] {dag.py:3239} INFO - Sync 1 DAGs
[2024-10-23T04:28:51.119+0000] {logging_mixin.py:190} INFO - [2024-10-23T04:28:51.119+0000] {dag.py:4180} INFO - Setting next_dagrun for example_sla_dag to 2024-10-23 04:26:00+00:00, run_after=2024-10-23 04:28:00+00:00
[2024-10-23T04:28:51.135+0000] {processor.py:208} INFO - Processing /home/airflow/.local/lib/python3.12/site-packages/airflow/example_dags/example_sla_dag.py took 0.062 seconds
[2024-10-23T04:29:21.723+0000] {processor.py:186} INFO - Started process (PID=14485) to work on /home/airflow/.local/lib/python3.12/site-packages/airflow/example_dags/example_sla_dag.py
[2024-10-23T04:29:21.724+0000] {processor.py:914} INFO - Processing file /home/airflow/.local/lib/python3.12/site-packages/airflow/example_dags/example_sla_dag.py for tasks to queue
[2024-10-23T04:29:21.726+0000] {logging_mixin.py:190} INFO - [2024-10-23T04:29:21.726+0000] {dagbag.py:588} INFO - Filling up the DagBag from /home/airflow/.local/lib/python3.12/site-packages/airflow/example_dags/example_sla_dag.py
[2024-10-23T04:29:21.736+0000] {processor.py:925} INFO - DAG(s) 'example_sla_dag' retrieved from /home/airflow/.local/lib/python3.12/site-packages/airflow/example_dags/example_sla_dag.py
[2024-10-23T04:29:21.754+0000] {logging_mixin.py:190} INFO - [2024-10-23T04:29:21.753+0000] {dag.py:3239} INFO - Sync 1 DAGs
[2024-10-23T04:29:21.777+0000] {logging_mixin.py:190} INFO - [2024-10-23T04:29:21.777+0000] {dag.py:4180} INFO - Setting next_dagrun for example_sla_dag to 2024-10-23 04:26:00+00:00, run_after=2024-10-23 04:28:00+00:00
[2024-10-23T04:29:21.793+0000] {processor.py:208} INFO - Processing /home/airflow/.local/lib/python3.12/site-packages/airflow/example_dags/example_sla_dag.py took 0.075 seconds
[2024-10-23T04:29:52.464+0000] {processor.py:186} INFO - Started process (PID=14548) to work on /home/airflow/.local/lib/python3.12/site-packages/airflow/example_dags/example_sla_dag.py
[2024-10-23T04:29:52.470+0000] {processor.py:914} INFO - Processing file /home/airflow/.local/lib/python3.12/site-packages/airflow/example_dags/example_sla_dag.py for tasks to queue
[2024-10-23T04:29:52.475+0000] {logging_mixin.py:190} INFO - [2024-10-23T04:29:52.474+0000] {dagbag.py:588} INFO - Filling up the DagBag from /home/airflow/.local/lib/python3.12/site-packages/airflow/example_dags/example_sla_dag.py
[2024-10-23T04:29:52.486+0000] {processor.py:925} INFO - DAG(s) 'example_sla_dag' retrieved from /home/airflow/.local/lib/python3.12/site-packages/airflow/example_dags/example_sla_dag.py
[2024-10-23T04:29:52.502+0000] {logging_mixin.py:190} INFO - [2024-10-23T04:29:52.502+0000] {dag.py:3239} INFO - Sync 1 DAGs
[2024-10-23T04:29:52.521+0000] {logging_mixin.py:190} INFO - [2024-10-23T04:29:52.520+0000] {dag.py:4180} INFO - Setting next_dagrun for example_sla_dag to 2024-10-23 04:26:00+00:00, run_after=2024-10-23 04:28:00+00:00
[2024-10-23T04:29:52.533+0000] {processor.py:208} INFO - Processing /home/airflow/.local/lib/python3.12/site-packages/airflow/example_dags/example_sla_dag.py took 0.073 seconds
[2024-10-23T04:30:23.606+0000] {processor.py:186} INFO - Started process (PID=14611) to work on /home/airflow/.local/lib/python3.12/site-packages/airflow/example_dags/example_sla_dag.py
[2024-10-23T04:30:23.608+0000] {processor.py:914} INFO - Processing file /home/airflow/.local/lib/python3.12/site-packages/airflow/example_dags/example_sla_dag.py for tasks to queue
[2024-10-23T04:30:23.609+0000] {logging_mixin.py:190} INFO - [2024-10-23T04:30:23.609+0000] {dagbag.py:588} INFO - Filling up the DagBag from /home/airflow/.local/lib/python3.12/site-packages/airflow/example_dags/example_sla_dag.py
[2024-10-23T04:30:23.617+0000] {processor.py:925} INFO - DAG(s) 'example_sla_dag' retrieved from /home/airflow/.local/lib/python3.12/site-packages/airflow/example_dags/example_sla_dag.py
[2024-10-23T04:30:23.632+0000] {logging_mixin.py:190} INFO - [2024-10-23T04:30:23.632+0000] {dag.py:3239} INFO - Sync 1 DAGs
[2024-10-23T04:30:23.648+0000] {logging_mixin.py:190} INFO - [2024-10-23T04:30:23.648+0000] {dag.py:4180} INFO - Setting next_dagrun for example_sla_dag to 2024-10-23 04:28:00+00:00, run_after=2024-10-23 04:30:00+00:00
[2024-10-23T04:30:23.666+0000] {processor.py:208} INFO - Processing /home/airflow/.local/lib/python3.12/site-packages/airflow/example_dags/example_sla_dag.py took 0.064 seconds
[2024-10-23T04:30:54.509+0000] {processor.py:186} INFO - Started process (PID=14674) to work on /home/airflow/.local/lib/python3.12/site-packages/airflow/example_dags/example_sla_dag.py
[2024-10-23T04:30:54.511+0000] {processor.py:914} INFO - Processing file /home/airflow/.local/lib/python3.12/site-packages/airflow/example_dags/example_sla_dag.py for tasks to queue
[2024-10-23T04:30:54.512+0000] {logging_mixin.py:190} INFO - [2024-10-23T04:30:54.511+0000] {dagbag.py:588} INFO - Filling up the DagBag from /home/airflow/.local/lib/python3.12/site-packages/airflow/example_dags/example_sla_dag.py
[2024-10-23T04:30:54.519+0000] {processor.py:925} INFO - DAG(s) 'example_sla_dag' retrieved from /home/airflow/.local/lib/python3.12/site-packages/airflow/example_dags/example_sla_dag.py
[2024-10-23T04:30:54.537+0000] {logging_mixin.py:190} INFO - [2024-10-23T04:30:54.537+0000] {dag.py:3239} INFO - Sync 1 DAGs
[2024-10-23T04:30:54.557+0000] {logging_mixin.py:190} INFO - [2024-10-23T04:30:54.557+0000] {dag.py:4180} INFO - Setting next_dagrun for example_sla_dag to 2024-10-23 04:28:00+00:00, run_after=2024-10-23 04:30:00+00:00
[2024-10-23T04:30:54.577+0000] {processor.py:208} INFO - Processing /home/airflow/.local/lib/python3.12/site-packages/airflow/example_dags/example_sla_dag.py took 0.073 seconds
[2024-10-23T04:31:24.821+0000] {processor.py:186} INFO - Started process (PID=14737) to work on /home/airflow/.local/lib/python3.12/site-packages/airflow/example_dags/example_sla_dag.py
[2024-10-23T04:31:24.821+0000] {processor.py:914} INFO - Processing file /home/airflow/.local/lib/python3.12/site-packages/airflow/example_dags/example_sla_dag.py for tasks to queue
[2024-10-23T04:31:24.822+0000] {logging_mixin.py:190} INFO - [2024-10-23T04:31:24.822+0000] {dagbag.py:588} INFO - Filling up the DagBag from /home/airflow/.local/lib/python3.12/site-packages/airflow/example_dags/example_sla_dag.py
[2024-10-23T04:31:24.830+0000] {processor.py:925} INFO - DAG(s) 'example_sla_dag' retrieved from /home/airflow/.local/lib/python3.12/site-packages/airflow/example_dags/example_sla_dag.py
[2024-10-23T04:31:24.843+0000] {logging_mixin.py:190} INFO - [2024-10-23T04:31:24.843+0000] {dag.py:3239} INFO - Sync 1 DAGs
[2024-10-23T04:31:24.859+0000] {logging_mixin.py:190} INFO - [2024-10-23T04:31:24.859+0000] {dag.py:4180} INFO - Setting next_dagrun for example_sla_dag to 2024-10-23 04:28:00+00:00, run_after=2024-10-23 04:30:00+00:00
[2024-10-23T04:31:24.869+0000] {processor.py:208} INFO - Processing /home/airflow/.local/lib/python3.12/site-packages/airflow/example_dags/example_sla_dag.py took 0.053 seconds
[2024-10-23T04:31:55.191+0000] {processor.py:186} INFO - Started process (PID=14799) to work on /home/airflow/.local/lib/python3.12/site-packages/airflow/example_dags/example_sla_dag.py
[2024-10-23T04:31:55.193+0000] {processor.py:914} INFO - Processing file /home/airflow/.local/lib/python3.12/site-packages/airflow/example_dags/example_sla_dag.py for tasks to queue
[2024-10-23T04:31:55.197+0000] {logging_mixin.py:190} INFO - [2024-10-23T04:31:55.196+0000] {dagbag.py:588} INFO - Filling up the DagBag from /home/airflow/.local/lib/python3.12/site-packages/airflow/example_dags/example_sla_dag.py
[2024-10-23T04:31:55.208+0000] {processor.py:925} INFO - DAG(s) 'example_sla_dag' retrieved from /home/airflow/.local/lib/python3.12/site-packages/airflow/example_dags/example_sla_dag.py
[2024-10-23T04:31:55.224+0000] {logging_mixin.py:190} INFO - [2024-10-23T04:31:55.224+0000] {dag.py:3239} INFO - Sync 1 DAGs
[2024-10-23T04:31:55.243+0000] {logging_mixin.py:190} INFO - [2024-10-23T04:31:55.243+0000] {dag.py:4180} INFO - Setting next_dagrun for example_sla_dag to 2024-10-23 04:28:00+00:00, run_after=2024-10-23 04:30:00+00:00
[2024-10-23T04:31:55.255+0000] {processor.py:208} INFO - Processing /home/airflow/.local/lib/python3.12/site-packages/airflow/example_dags/example_sla_dag.py took 0.073 seconds
[2024-10-23T04:32:25.588+0000] {processor.py:186} INFO - Started process (PID=14862) to work on /home/airflow/.local/lib/python3.12/site-packages/airflow/example_dags/example_sla_dag.py
[2024-10-23T04:32:25.589+0000] {processor.py:914} INFO - Processing file /home/airflow/.local/lib/python3.12/site-packages/airflow/example_dags/example_sla_dag.py for tasks to queue
[2024-10-23T04:32:25.590+0000] {logging_mixin.py:190} INFO - [2024-10-23T04:32:25.590+0000] {dagbag.py:588} INFO - Filling up the DagBag from /home/airflow/.local/lib/python3.12/site-packages/airflow/example_dags/example_sla_dag.py
[2024-10-23T04:32:25.597+0000] {processor.py:925} INFO - DAG(s) 'example_sla_dag' retrieved from /home/airflow/.local/lib/python3.12/site-packages/airflow/example_dags/example_sla_dag.py
[2024-10-23T04:32:25.610+0000] {logging_mixin.py:190} INFO - [2024-10-23T04:32:25.610+0000] {dag.py:3239} INFO - Sync 1 DAGs
[2024-10-23T04:32:25.627+0000] {logging_mixin.py:190} INFO - [2024-10-23T04:32:25.627+0000] {dag.py:4180} INFO - Setting next_dagrun for example_sla_dag to 2024-10-23 04:30:00+00:00, run_after=2024-10-23 04:32:00+00:00
[2024-10-23T04:32:25.640+0000] {processor.py:208} INFO - Processing /home/airflow/.local/lib/python3.12/site-packages/airflow/example_dags/example_sla_dag.py took 0.056 seconds
[2024-10-23T04:32:55.973+0000] {processor.py:186} INFO - Started process (PID=14925) to work on /home/airflow/.local/lib/python3.12/site-packages/airflow/example_dags/example_sla_dag.py
[2024-10-23T04:32:55.974+0000] {processor.py:914} INFO - Processing file /home/airflow/.local/lib/python3.12/site-packages/airflow/example_dags/example_sla_dag.py for tasks to queue
[2024-10-23T04:32:55.975+0000] {logging_mixin.py:190} INFO - [2024-10-23T04:32:55.975+0000] {dagbag.py:588} INFO - Filling up the DagBag from /home/airflow/.local/lib/python3.12/site-packages/airflow/example_dags/example_sla_dag.py
[2024-10-23T04:32:55.983+0000] {processor.py:925} INFO - DAG(s) 'example_sla_dag' retrieved from /home/airflow/.local/lib/python3.12/site-packages/airflow/example_dags/example_sla_dag.py
[2024-10-23T04:32:55.995+0000] {logging_mixin.py:190} INFO - [2024-10-23T04:32:55.995+0000] {dag.py:3239} INFO - Sync 1 DAGs
[2024-10-23T04:32:56.014+0000] {logging_mixin.py:190} INFO - [2024-10-23T04:32:56.014+0000] {dag.py:4180} INFO - Setting next_dagrun for example_sla_dag to 2024-10-23 04:30:00+00:00, run_after=2024-10-23 04:32:00+00:00
[2024-10-23T04:32:56.027+0000] {processor.py:208} INFO - Processing /home/airflow/.local/lib/python3.12/site-packages/airflow/example_dags/example_sla_dag.py took 0.058 seconds
[2024-10-23T04:33:26.700+0000] {processor.py:186} INFO - Started process (PID=14988) to work on /home/airflow/.local/lib/python3.12/site-packages/airflow/example_dags/example_sla_dag.py
[2024-10-23T04:33:26.701+0000] {processor.py:914} INFO - Processing file /home/airflow/.local/lib/python3.12/site-packages/airflow/example_dags/example_sla_dag.py for tasks to queue
[2024-10-23T04:33:26.703+0000] {logging_mixin.py:190} INFO - [2024-10-23T04:33:26.702+0000] {dagbag.py:588} INFO - Filling up the DagBag from /home/airflow/.local/lib/python3.12/site-packages/airflow/example_dags/example_sla_dag.py
[2024-10-23T04:33:26.710+0000] {processor.py:925} INFO - DAG(s) 'example_sla_dag' retrieved from /home/airflow/.local/lib/python3.12/site-packages/airflow/example_dags/example_sla_dag.py
[2024-10-23T04:33:26.721+0000] {logging_mixin.py:190} INFO - [2024-10-23T04:33:26.721+0000] {dag.py:3239} INFO - Sync 1 DAGs
[2024-10-23T04:33:26.738+0000] {logging_mixin.py:190} INFO - [2024-10-23T04:33:26.738+0000] {dag.py:4180} INFO - Setting next_dagrun for example_sla_dag to 2024-10-23 04:30:00+00:00, run_after=2024-10-23 04:32:00+00:00
[2024-10-23T04:33:26.750+0000] {processor.py:208} INFO - Processing /home/airflow/.local/lib/python3.12/site-packages/airflow/example_dags/example_sla_dag.py took 0.054 seconds
[2024-10-23T04:33:57.618+0000] {processor.py:186} INFO - Started process (PID=15051) to work on /home/airflow/.local/lib/python3.12/site-packages/airflow/example_dags/example_sla_dag.py
[2024-10-23T04:33:57.624+0000] {processor.py:914} INFO - Processing file /home/airflow/.local/lib/python3.12/site-packages/airflow/example_dags/example_sla_dag.py for tasks to queue
[2024-10-23T04:33:57.626+0000] {logging_mixin.py:190} INFO - [2024-10-23T04:33:57.626+0000] {dagbag.py:588} INFO - Filling up the DagBag from /home/airflow/.local/lib/python3.12/site-packages/airflow/example_dags/example_sla_dag.py
[2024-10-23T04:33:57.635+0000] {processor.py:925} INFO - DAG(s) 'example_sla_dag' retrieved from /home/airflow/.local/lib/python3.12/site-packages/airflow/example_dags/example_sla_dag.py
[2024-10-23T04:33:57.650+0000] {logging_mixin.py:190} INFO - [2024-10-23T04:33:57.649+0000] {dag.py:3239} INFO - Sync 1 DAGs
[2024-10-23T04:33:57.667+0000] {logging_mixin.py:190} INFO - [2024-10-23T04:33:57.667+0000] {dag.py:4180} INFO - Setting next_dagrun for example_sla_dag to 2024-10-23 04:30:00+00:00, run_after=2024-10-23 04:32:00+00:00
[2024-10-23T04:33:57.682+0000] {processor.py:208} INFO - Processing /home/airflow/.local/lib/python3.12/site-packages/airflow/example_dags/example_sla_dag.py took 0.070 seconds
[2024-10-23T04:34:29.140+0000] {processor.py:186} INFO - Started process (PID=15114) to work on /home/airflow/.local/lib/python3.12/site-packages/airflow/example_dags/example_sla_dag.py
[2024-10-23T04:34:29.144+0000] {processor.py:914} INFO - Processing file /home/airflow/.local/lib/python3.12/site-packages/airflow/example_dags/example_sla_dag.py for tasks to queue
[2024-10-23T04:34:29.145+0000] {logging_mixin.py:190} INFO - [2024-10-23T04:34:29.145+0000] {dagbag.py:588} INFO - Filling up the DagBag from /home/airflow/.local/lib/python3.12/site-packages/airflow/example_dags/example_sla_dag.py
[2024-10-23T04:34:29.155+0000] {processor.py:925} INFO - DAG(s) 'example_sla_dag' retrieved from /home/airflow/.local/lib/python3.12/site-packages/airflow/example_dags/example_sla_dag.py
[2024-10-23T04:34:29.175+0000] {logging_mixin.py:190} INFO - [2024-10-23T04:34:29.175+0000] {dag.py:3239} INFO - Sync 1 DAGs
[2024-10-23T04:34:29.194+0000] {logging_mixin.py:190} INFO - [2024-10-23T04:34:29.194+0000] {dag.py:4180} INFO - Setting next_dagrun for example_sla_dag to 2024-10-23 04:32:00+00:00, run_after=2024-10-23 04:34:00+00:00
[2024-10-23T04:34:29.207+0000] {processor.py:208} INFO - Processing /home/airflow/.local/lib/python3.12/site-packages/airflow/example_dags/example_sla_dag.py took 0.072 seconds
[2024-10-23T04:34:59.779+0000] {processor.py:186} INFO - Started process (PID=15177) to work on /home/airflow/.local/lib/python3.12/site-packages/airflow/example_dags/example_sla_dag.py
[2024-10-23T04:34:59.784+0000] {processor.py:914} INFO - Processing file /home/airflow/.local/lib/python3.12/site-packages/airflow/example_dags/example_sla_dag.py for tasks to queue
[2024-10-23T04:34:59.785+0000] {logging_mixin.py:190} INFO - [2024-10-23T04:34:59.785+0000] {dagbag.py:588} INFO - Filling up the DagBag from /home/airflow/.local/lib/python3.12/site-packages/airflow/example_dags/example_sla_dag.py
[2024-10-23T04:34:59.793+0000] {processor.py:925} INFO - DAG(s) 'example_sla_dag' retrieved from /home/airflow/.local/lib/python3.12/site-packages/airflow/example_dags/example_sla_dag.py
[2024-10-23T04:34:59.807+0000] {logging_mixin.py:190} INFO - [2024-10-23T04:34:59.806+0000] {dag.py:3239} INFO - Sync 1 DAGs
[2024-10-23T04:34:59.826+0000] {logging_mixin.py:190} INFO - [2024-10-23T04:34:59.826+0000] {dag.py:4180} INFO - Setting next_dagrun for example_sla_dag to 2024-10-23 04:32:00+00:00, run_after=2024-10-23 04:34:00+00:00
[2024-10-23T04:34:59.840+0000] {processor.py:208} INFO - Processing /home/airflow/.local/lib/python3.12/site-packages/airflow/example_dags/example_sla_dag.py took 0.066 seconds
[2024-10-23T04:35:30.023+0000] {processor.py:186} INFO - Started process (PID=15243) to work on /home/airflow/.local/lib/python3.12/site-packages/airflow/example_dags/example_sla_dag.py
[2024-10-23T04:35:30.025+0000] {processor.py:914} INFO - Processing file /home/airflow/.local/lib/python3.12/site-packages/airflow/example_dags/example_sla_dag.py for tasks to queue
[2024-10-23T04:35:30.027+0000] {logging_mixin.py:190} INFO - [2024-10-23T04:35:30.026+0000] {dagbag.py:588} INFO - Filling up the DagBag from /home/airflow/.local/lib/python3.12/site-packages/airflow/example_dags/example_sla_dag.py
[2024-10-23T04:35:30.034+0000] {processor.py:925} INFO - DAG(s) 'example_sla_dag' retrieved from /home/airflow/.local/lib/python3.12/site-packages/airflow/example_dags/example_sla_dag.py
[2024-10-23T04:35:30.055+0000] {logging_mixin.py:190} INFO - [2024-10-23T04:35:30.055+0000] {dag.py:3239} INFO - Sync 1 DAGs
[2024-10-23T04:35:30.074+0000] {logging_mixin.py:190} INFO - [2024-10-23T04:35:30.074+0000] {dag.py:4180} INFO - Setting next_dagrun for example_sla_dag to 2024-10-23 04:32:00+00:00, run_after=2024-10-23 04:34:00+00:00
[2024-10-23T04:35:30.088+0000] {processor.py:208} INFO - Processing /home/airflow/.local/lib/python3.12/site-packages/airflow/example_dags/example_sla_dag.py took 0.069 seconds
[2024-10-23T04:36:00.925+0000] {processor.py:186} INFO - Started process (PID=15307) to work on /home/airflow/.local/lib/python3.12/site-packages/airflow/example_dags/example_sla_dag.py
[2024-10-23T04:36:00.927+0000] {processor.py:914} INFO - Processing file /home/airflow/.local/lib/python3.12/site-packages/airflow/example_dags/example_sla_dag.py for tasks to queue
[2024-10-23T04:36:00.927+0000] {logging_mixin.py:190} INFO - [2024-10-23T04:36:00.927+0000] {dagbag.py:588} INFO - Filling up the DagBag from /home/airflow/.local/lib/python3.12/site-packages/airflow/example_dags/example_sla_dag.py
[2024-10-23T04:36:00.937+0000] {processor.py:925} INFO - DAG(s) 'example_sla_dag' retrieved from /home/airflow/.local/lib/python3.12/site-packages/airflow/example_dags/example_sla_dag.py
[2024-10-23T04:36:00.955+0000] {logging_mixin.py:190} INFO - [2024-10-23T04:36:00.955+0000] {dag.py:3239} INFO - Sync 1 DAGs
[2024-10-23T04:36:01.008+0000] {logging_mixin.py:190} INFO - [2024-10-23T04:36:01.007+0000] {dag.py:4180} INFO - Setting next_dagrun for example_sla_dag to 2024-10-23 04:34:00+00:00, run_after=2024-10-23 04:36:00+00:00
[2024-10-23T04:36:01.024+0000] {processor.py:208} INFO - Processing /home/airflow/.local/lib/python3.12/site-packages/airflow/example_dags/example_sla_dag.py took 0.104 seconds
[2024-10-23T04:36:32.660+0000] {processor.py:186} INFO - Started process (PID=15372) to work on /home/airflow/.local/lib/python3.12/site-packages/airflow/example_dags/example_sla_dag.py
[2024-10-23T04:36:32.673+0000] {processor.py:914} INFO - Processing file /home/airflow/.local/lib/python3.12/site-packages/airflow/example_dags/example_sla_dag.py for tasks to queue
[2024-10-23T04:36:32.675+0000] {logging_mixin.py:190} INFO - [2024-10-23T04:36:32.675+0000] {dagbag.py:588} INFO - Filling up the DagBag from /home/airflow/.local/lib/python3.12/site-packages/airflow/example_dags/example_sla_dag.py
[2024-10-23T04:36:32.705+0000] {processor.py:925} INFO - DAG(s) 'example_sla_dag' retrieved from /home/airflow/.local/lib/python3.12/site-packages/airflow/example_dags/example_sla_dag.py
[2024-10-23T04:36:32.801+0000] {logging_mixin.py:190} INFO - [2024-10-23T04:36:32.800+0000] {dag.py:3239} INFO - Sync 1 DAGs
[2024-10-23T04:36:32.842+0000] {logging_mixin.py:190} INFO - [2024-10-23T04:36:32.842+0000] {dag.py:4180} INFO - Setting next_dagrun for example_sla_dag to 2024-10-23 04:34:00+00:00, run_after=2024-10-23 04:36:00+00:00
[2024-10-23T04:36:32.867+0000] {processor.py:208} INFO - Processing /home/airflow/.local/lib/python3.12/site-packages/airflow/example_dags/example_sla_dag.py took 0.267 seconds
[2024-10-23T04:37:03.270+0000] {processor.py:186} INFO - Started process (PID=15435) to work on /home/airflow/.local/lib/python3.12/site-packages/airflow/example_dags/example_sla_dag.py
[2024-10-23T04:37:03.271+0000] {processor.py:914} INFO - Processing file /home/airflow/.local/lib/python3.12/site-packages/airflow/example_dags/example_sla_dag.py for tasks to queue
[2024-10-23T04:37:03.272+0000] {logging_mixin.py:190} INFO - [2024-10-23T04:37:03.272+0000] {dagbag.py:588} INFO - Filling up the DagBag from /home/airflow/.local/lib/python3.12/site-packages/airflow/example_dags/example_sla_dag.py
[2024-10-23T04:37:03.280+0000] {processor.py:925} INFO - DAG(s) 'example_sla_dag' retrieved from /home/airflow/.local/lib/python3.12/site-packages/airflow/example_dags/example_sla_dag.py
[2024-10-23T04:37:03.301+0000] {logging_mixin.py:190} INFO - [2024-10-23T04:37:03.300+0000] {dag.py:3239} INFO - Sync 1 DAGs
[2024-10-23T04:37:03.319+0000] {logging_mixin.py:190} INFO - [2024-10-23T04:37:03.319+0000] {dag.py:4180} INFO - Setting next_dagrun for example_sla_dag to 2024-10-23 04:34:00+00:00, run_after=2024-10-23 04:36:00+00:00
[2024-10-23T04:37:03.690+0000] {processor.py:208} INFO - Processing /home/airflow/.local/lib/python3.12/site-packages/airflow/example_dags/example_sla_dag.py took 0.430 seconds
[2024-10-23T04:37:34.042+0000] {processor.py:186} INFO - Started process (PID=15499) to work on /home/airflow/.local/lib/python3.12/site-packages/airflow/example_dags/example_sla_dag.py
[2024-10-23T04:37:34.043+0000] {processor.py:914} INFO - Processing file /home/airflow/.local/lib/python3.12/site-packages/airflow/example_dags/example_sla_dag.py for tasks to queue
[2024-10-23T04:37:34.044+0000] {logging_mixin.py:190} INFO - [2024-10-23T04:37:34.043+0000] {dagbag.py:588} INFO - Filling up the DagBag from /home/airflow/.local/lib/python3.12/site-packages/airflow/example_dags/example_sla_dag.py
[2024-10-23T04:37:34.052+0000] {processor.py:925} INFO - DAG(s) 'example_sla_dag' retrieved from /home/airflow/.local/lib/python3.12/site-packages/airflow/example_dags/example_sla_dag.py
[2024-10-23T04:37:34.084+0000] {logging_mixin.py:190} INFO - [2024-10-23T04:37:34.084+0000] {dag.py:3239} INFO - Sync 1 DAGs
[2024-10-23T04:37:34.112+0000] {logging_mixin.py:190} INFO - [2024-10-23T04:37:34.112+0000] {dag.py:4180} INFO - Setting next_dagrun for example_sla_dag to 2024-10-23 04:34:00+00:00, run_after=2024-10-23 04:36:00+00:00
[2024-10-23T04:37:34.126+0000] {processor.py:208} INFO - Processing /home/airflow/.local/lib/python3.12/site-packages/airflow/example_dags/example_sla_dag.py took 0.089 seconds
[2024-10-23T04:38:04.221+0000] {processor.py:186} INFO - Started process (PID=15562) to work on /home/airflow/.local/lib/python3.12/site-packages/airflow/example_dags/example_sla_dag.py
[2024-10-23T04:38:04.223+0000] {processor.py:914} INFO - Processing file /home/airflow/.local/lib/python3.12/site-packages/airflow/example_dags/example_sla_dag.py for tasks to queue
[2024-10-23T04:38:04.224+0000] {logging_mixin.py:190} INFO - [2024-10-23T04:38:04.224+0000] {dagbag.py:588} INFO - Filling up the DagBag from /home/airflow/.local/lib/python3.12/site-packages/airflow/example_dags/example_sla_dag.py
[2024-10-23T04:38:04.233+0000] {processor.py:925} INFO - DAG(s) 'example_sla_dag' retrieved from /home/airflow/.local/lib/python3.12/site-packages/airflow/example_dags/example_sla_dag.py
[2024-10-23T04:38:04.245+0000] {logging_mixin.py:190} INFO - [2024-10-23T04:38:04.245+0000] {dag.py:3239} INFO - Sync 1 DAGs
[2024-10-23T04:38:04.263+0000] {logging_mixin.py:190} INFO - [2024-10-23T04:38:04.263+0000] {dag.py:4180} INFO - Setting next_dagrun for example_sla_dag to 2024-10-23 04:36:00+00:00, run_after=2024-10-23 04:38:00+00:00
[2024-10-23T04:38:04.275+0000] {processor.py:208} INFO - Processing /home/airflow/.local/lib/python3.12/site-packages/airflow/example_dags/example_sla_dag.py took 0.060 seconds
[2024-10-23T04:38:34.482+0000] {processor.py:186} INFO - Started process (PID=15625) to work on /home/airflow/.local/lib/python3.12/site-packages/airflow/example_dags/example_sla_dag.py
[2024-10-23T04:38:34.482+0000] {processor.py:914} INFO - Processing file /home/airflow/.local/lib/python3.12/site-packages/airflow/example_dags/example_sla_dag.py for tasks to queue
[2024-10-23T04:38:34.483+0000] {logging_mixin.py:190} INFO - [2024-10-23T04:38:34.483+0000] {dagbag.py:588} INFO - Filling up the DagBag from /home/airflow/.local/lib/python3.12/site-packages/airflow/example_dags/example_sla_dag.py
[2024-10-23T04:38:34.490+0000] {processor.py:925} INFO - DAG(s) 'example_sla_dag' retrieved from /home/airflow/.local/lib/python3.12/site-packages/airflow/example_dags/example_sla_dag.py
[2024-10-23T04:38:34.503+0000] {logging_mixin.py:190} INFO - [2024-10-23T04:38:34.502+0000] {dag.py:3239} INFO - Sync 1 DAGs
[2024-10-23T04:38:34.520+0000] {logging_mixin.py:190} INFO - [2024-10-23T04:38:34.520+0000] {dag.py:4180} INFO - Setting next_dagrun for example_sla_dag to 2024-10-23 04:36:00+00:00, run_after=2024-10-23 04:38:00+00:00
[2024-10-23T04:38:34.531+0000] {processor.py:208} INFO - Processing /home/airflow/.local/lib/python3.12/site-packages/airflow/example_dags/example_sla_dag.py took 0.060 seconds
[2024-10-23T04:39:05.985+0000] {processor.py:186} INFO - Started process (PID=15687) to work on /home/airflow/.local/lib/python3.12/site-packages/airflow/example_dags/example_sla_dag.py
[2024-10-23T04:39:05.987+0000] {processor.py:914} INFO - Processing file /home/airflow/.local/lib/python3.12/site-packages/airflow/example_dags/example_sla_dag.py for tasks to queue
[2024-10-23T04:39:05.989+0000] {logging_mixin.py:190} INFO - [2024-10-23T04:39:05.988+0000] {dagbag.py:588} INFO - Filling up the DagBag from /home/airflow/.local/lib/python3.12/site-packages/airflow/example_dags/example_sla_dag.py
[2024-10-23T04:39:06.007+0000] {processor.py:925} INFO - DAG(s) 'example_sla_dag' retrieved from /home/airflow/.local/lib/python3.12/site-packages/airflow/example_dags/example_sla_dag.py
[2024-10-23T04:39:06.033+0000] {logging_mixin.py:190} INFO - [2024-10-23T04:39:06.033+0000] {dag.py:3239} INFO - Sync 1 DAGs
[2024-10-23T04:39:06.058+0000] {logging_mixin.py:190} INFO - [2024-10-23T04:39:06.057+0000] {dag.py:4180} INFO - Setting next_dagrun for example_sla_dag to 2024-10-23 04:36:00+00:00, run_after=2024-10-23 04:38:00+00:00
[2024-10-23T04:39:06.078+0000] {processor.py:208} INFO - Processing /home/airflow/.local/lib/python3.12/site-packages/airflow/example_dags/example_sla_dag.py took 0.100 seconds
[2024-10-23T04:39:37.846+0000] {processor.py:186} INFO - Started process (PID=15750) to work on /home/airflow/.local/lib/python3.12/site-packages/airflow/example_dags/example_sla_dag.py
[2024-10-23T04:39:37.847+0000] {processor.py:914} INFO - Processing file /home/airflow/.local/lib/python3.12/site-packages/airflow/example_dags/example_sla_dag.py for tasks to queue
[2024-10-23T04:39:37.849+0000] {logging_mixin.py:190} INFO - [2024-10-23T04:39:37.848+0000] {dagbag.py:588} INFO - Filling up the DagBag from /home/airflow/.local/lib/python3.12/site-packages/airflow/example_dags/example_sla_dag.py
[2024-10-23T04:39:37.862+0000] {processor.py:925} INFO - DAG(s) 'example_sla_dag' retrieved from /home/airflow/.local/lib/python3.12/site-packages/airflow/example_dags/example_sla_dag.py
[2024-10-23T04:39:38.067+0000] {logging_mixin.py:190} INFO - [2024-10-23T04:39:38.066+0000] {dag.py:3239} INFO - Sync 1 DAGs
[2024-10-23T04:39:38.084+0000] {logging_mixin.py:190} INFO - [2024-10-23T04:39:38.084+0000] {dag.py:4180} INFO - Setting next_dagrun for example_sla_dag to 2024-10-23 04:36:00+00:00, run_after=2024-10-23 04:38:00+00:00
[2024-10-23T04:39:38.095+0000] {processor.py:208} INFO - Processing /home/airflow/.local/lib/python3.12/site-packages/airflow/example_dags/example_sla_dag.py took 0.262 seconds
[2024-10-23T04:40:09.041+0000] {processor.py:186} INFO - Started process (PID=15813) to work on /home/airflow/.local/lib/python3.12/site-packages/airflow/example_dags/example_sla_dag.py
[2024-10-23T04:40:09.042+0000] {processor.py:914} INFO - Processing file /home/airflow/.local/lib/python3.12/site-packages/airflow/example_dags/example_sla_dag.py for tasks to queue
[2024-10-23T04:40:09.043+0000] {logging_mixin.py:190} INFO - [2024-10-23T04:40:09.042+0000] {dagbag.py:588} INFO - Filling up the DagBag from /home/airflow/.local/lib/python3.12/site-packages/airflow/example_dags/example_sla_dag.py
[2024-10-23T04:40:09.050+0000] {processor.py:925} INFO - DAG(s) 'example_sla_dag' retrieved from /home/airflow/.local/lib/python3.12/site-packages/airflow/example_dags/example_sla_dag.py
[2024-10-23T04:40:09.065+0000] {logging_mixin.py:190} INFO - [2024-10-23T04:40:09.065+0000] {dag.py:3239} INFO - Sync 1 DAGs
[2024-10-23T04:40:09.213+0000] {logging_mixin.py:190} INFO - [2024-10-23T04:40:09.213+0000] {dag.py:4180} INFO - Setting next_dagrun for example_sla_dag to 2024-10-23 04:38:00+00:00, run_after=2024-10-23 04:40:00+00:00
[2024-10-23T04:40:09.224+0000] {processor.py:208} INFO - Processing /home/airflow/.local/lib/python3.12/site-packages/airflow/example_dags/example_sla_dag.py took 0.188 seconds
[2024-10-23T04:40:39.808+0000] {processor.py:186} INFO - Started process (PID=15876) to work on /home/airflow/.local/lib/python3.12/site-packages/airflow/example_dags/example_sla_dag.py
[2024-10-23T04:40:39.809+0000] {processor.py:914} INFO - Processing file /home/airflow/.local/lib/python3.12/site-packages/airflow/example_dags/example_sla_dag.py for tasks to queue
[2024-10-23T04:40:39.810+0000] {logging_mixin.py:190} INFO - [2024-10-23T04:40:39.810+0000] {dagbag.py:588} INFO - Filling up the DagBag from /home/airflow/.local/lib/python3.12/site-packages/airflow/example_dags/example_sla_dag.py
[2024-10-23T04:40:39.819+0000] {processor.py:925} INFO - DAG(s) 'example_sla_dag' retrieved from /home/airflow/.local/lib/python3.12/site-packages/airflow/example_dags/example_sla_dag.py
[2024-10-23T04:40:39.834+0000] {logging_mixin.py:190} INFO - [2024-10-23T04:40:39.834+0000] {dag.py:3239} INFO - Sync 1 DAGs
[2024-10-23T04:40:39.854+0000] {logging_mixin.py:190} INFO - [2024-10-23T04:40:39.854+0000] {dag.py:4180} INFO - Setting next_dagrun for example_sla_dag to 2024-10-23 04:38:00+00:00, run_after=2024-10-23 04:40:00+00:00
[2024-10-23T04:40:39.865+0000] {processor.py:208} INFO - Processing /home/airflow/.local/lib/python3.12/site-packages/airflow/example_dags/example_sla_dag.py took 0.067 seconds
[2024-10-23T04:41:10.490+0000] {processor.py:186} INFO - Started process (PID=15939) to work on /home/airflow/.local/lib/python3.12/site-packages/airflow/example_dags/example_sla_dag.py
[2024-10-23T04:41:10.491+0000] {processor.py:914} INFO - Processing file /home/airflow/.local/lib/python3.12/site-packages/airflow/example_dags/example_sla_dag.py for tasks to queue
[2024-10-23T04:41:10.492+0000] {logging_mixin.py:190} INFO - [2024-10-23T04:41:10.491+0000] {dagbag.py:588} INFO - Filling up the DagBag from /home/airflow/.local/lib/python3.12/site-packages/airflow/example_dags/example_sla_dag.py
[2024-10-23T04:41:10.499+0000] {processor.py:925} INFO - DAG(s) 'example_sla_dag' retrieved from /home/airflow/.local/lib/python3.12/site-packages/airflow/example_dags/example_sla_dag.py
[2024-10-23T04:41:10.511+0000] {logging_mixin.py:190} INFO - [2024-10-23T04:41:10.510+0000] {dag.py:3239} INFO - Sync 1 DAGs
[2024-10-23T04:41:10.527+0000] {logging_mixin.py:190} INFO - [2024-10-23T04:41:10.527+0000] {dag.py:4180} INFO - Setting next_dagrun for example_sla_dag to 2024-10-23 04:38:00+00:00, run_after=2024-10-23 04:40:00+00:00
[2024-10-23T04:41:10.538+0000] {processor.py:208} INFO - Processing /home/airflow/.local/lib/python3.12/site-packages/airflow/example_dags/example_sla_dag.py took 0.052 seconds
[2024-10-23T04:41:41.149+0000] {processor.py:186} INFO - Started process (PID=16002) to work on /home/airflow/.local/lib/python3.12/site-packages/airflow/example_dags/example_sla_dag.py
[2024-10-23T04:41:41.150+0000] {processor.py:914} INFO - Processing file /home/airflow/.local/lib/python3.12/site-packages/airflow/example_dags/example_sla_dag.py for tasks to queue
[2024-10-23T04:41:41.151+0000] {logging_mixin.py:190} INFO - [2024-10-23T04:41:41.151+0000] {dagbag.py:588} INFO - Filling up the DagBag from /home/airflow/.local/lib/python3.12/site-packages/airflow/example_dags/example_sla_dag.py
[2024-10-23T04:41:41.159+0000] {processor.py:925} INFO - DAG(s) 'example_sla_dag' retrieved from /home/airflow/.local/lib/python3.12/site-packages/airflow/example_dags/example_sla_dag.py
[2024-10-23T04:41:41.177+0000] {logging_mixin.py:190} INFO - [2024-10-23T04:41:41.177+0000] {dag.py:3239} INFO - Sync 1 DAGs
[2024-10-23T04:41:41.198+0000] {logging_mixin.py:190} INFO - [2024-10-23T04:41:41.198+0000] {dag.py:4180} INFO - Setting next_dagrun for example_sla_dag to 2024-10-23 04:38:00+00:00, run_after=2024-10-23 04:40:00+00:00
[2024-10-23T04:41:41.215+0000] {processor.py:208} INFO - Processing /home/airflow/.local/lib/python3.12/site-packages/airflow/example_dags/example_sla_dag.py took 0.072 seconds
[2024-10-23T04:42:12.237+0000] {processor.py:186} INFO - Started process (PID=16065) to work on /home/airflow/.local/lib/python3.12/site-packages/airflow/example_dags/example_sla_dag.py
[2024-10-23T04:42:12.239+0000] {processor.py:914} INFO - Processing file /home/airflow/.local/lib/python3.12/site-packages/airflow/example_dags/example_sla_dag.py for tasks to queue
[2024-10-23T04:42:12.240+0000] {logging_mixin.py:190} INFO - [2024-10-23T04:42:12.239+0000] {dagbag.py:588} INFO - Filling up the DagBag from /home/airflow/.local/lib/python3.12/site-packages/airflow/example_dags/example_sla_dag.py
[2024-10-23T04:42:12.247+0000] {processor.py:925} INFO - DAG(s) 'example_sla_dag' retrieved from /home/airflow/.local/lib/python3.12/site-packages/airflow/example_dags/example_sla_dag.py
[2024-10-23T04:42:12.266+0000] {logging_mixin.py:190} INFO - [2024-10-23T04:42:12.266+0000] {dag.py:3239} INFO - Sync 1 DAGs
[2024-10-23T04:42:12.287+0000] {logging_mixin.py:190} INFO - [2024-10-23T04:42:12.286+0000] {dag.py:4180} INFO - Setting next_dagrun for example_sla_dag to 2024-10-23 04:40:00+00:00, run_after=2024-10-23 04:42:00+00:00
[2024-10-23T04:42:12.300+0000] {processor.py:208} INFO - Processing /home/airflow/.local/lib/python3.12/site-packages/airflow/example_dags/example_sla_dag.py took 0.070 seconds
[2024-10-23T04:42:42.376+0000] {processor.py:186} INFO - Started process (PID=16128) to work on /home/airflow/.local/lib/python3.12/site-packages/airflow/example_dags/example_sla_dag.py
[2024-10-23T04:42:42.377+0000] {processor.py:914} INFO - Processing file /home/airflow/.local/lib/python3.12/site-packages/airflow/example_dags/example_sla_dag.py for tasks to queue
[2024-10-23T04:42:42.378+0000] {logging_mixin.py:190} INFO - [2024-10-23T04:42:42.377+0000] {dagbag.py:588} INFO - Filling up the DagBag from /home/airflow/.local/lib/python3.12/site-packages/airflow/example_dags/example_sla_dag.py
[2024-10-23T04:42:42.385+0000] {processor.py:925} INFO - DAG(s) 'example_sla_dag' retrieved from /home/airflow/.local/lib/python3.12/site-packages/airflow/example_dags/example_sla_dag.py
[2024-10-23T04:42:42.401+0000] {logging_mixin.py:190} INFO - [2024-10-23T04:42:42.401+0000] {dag.py:3239} INFO - Sync 1 DAGs
[2024-10-23T04:42:42.425+0000] {logging_mixin.py:190} INFO - [2024-10-23T04:42:42.425+0000] {dag.py:4180} INFO - Setting next_dagrun for example_sla_dag to 2024-10-23 04:40:00+00:00, run_after=2024-10-23 04:42:00+00:00
[2024-10-23T04:42:42.435+0000] {processor.py:208} INFO - Processing /home/airflow/.local/lib/python3.12/site-packages/airflow/example_dags/example_sla_dag.py took 0.065 seconds
[2024-10-23T04:43:12.509+0000] {processor.py:186} INFO - Started process (PID=16191) to work on /home/airflow/.local/lib/python3.12/site-packages/airflow/example_dags/example_sla_dag.py
[2024-10-23T04:43:12.509+0000] {processor.py:914} INFO - Processing file /home/airflow/.local/lib/python3.12/site-packages/airflow/example_dags/example_sla_dag.py for tasks to queue
[2024-10-23T04:43:12.510+0000] {logging_mixin.py:190} INFO - [2024-10-23T04:43:12.510+0000] {dagbag.py:588} INFO - Filling up the DagBag from /home/airflow/.local/lib/python3.12/site-packages/airflow/example_dags/example_sla_dag.py
[2024-10-23T04:43:12.517+0000] {processor.py:925} INFO - DAG(s) 'example_sla_dag' retrieved from /home/airflow/.local/lib/python3.12/site-packages/airflow/example_dags/example_sla_dag.py
[2024-10-23T04:43:12.530+0000] {logging_mixin.py:190} INFO - [2024-10-23T04:43:12.530+0000] {dag.py:3239} INFO - Sync 1 DAGs
[2024-10-23T04:43:12.549+0000] {logging_mixin.py:190} INFO - [2024-10-23T04:43:12.549+0000] {dag.py:4180} INFO - Setting next_dagrun for example_sla_dag to 2024-10-23 04:40:00+00:00, run_after=2024-10-23 04:42:00+00:00
[2024-10-23T04:43:12.559+0000] {processor.py:208} INFO - Processing /home/airflow/.local/lib/python3.12/site-packages/airflow/example_dags/example_sla_dag.py took 0.054 seconds
[2024-10-23T04:43:43.606+0000] {processor.py:186} INFO - Started process (PID=16254) to work on /home/airflow/.local/lib/python3.12/site-packages/airflow/example_dags/example_sla_dag.py
[2024-10-23T04:43:43.607+0000] {processor.py:914} INFO - Processing file /home/airflow/.local/lib/python3.12/site-packages/airflow/example_dags/example_sla_dag.py for tasks to queue
[2024-10-23T04:43:43.609+0000] {logging_mixin.py:190} INFO - [2024-10-23T04:43:43.609+0000] {dagbag.py:588} INFO - Filling up the DagBag from /home/airflow/.local/lib/python3.12/site-packages/airflow/example_dags/example_sla_dag.py
[2024-10-23T04:43:43.622+0000] {processor.py:925} INFO - DAG(s) 'example_sla_dag' retrieved from /home/airflow/.local/lib/python3.12/site-packages/airflow/example_dags/example_sla_dag.py
[2024-10-23T04:43:43.642+0000] {logging_mixin.py:190} INFO - [2024-10-23T04:43:43.642+0000] {dag.py:3239} INFO - Sync 1 DAGs
[2024-10-23T04:43:43.662+0000] {logging_mixin.py:190} INFO - [2024-10-23T04:43:43.662+0000] {dag.py:4180} INFO - Setting next_dagrun for example_sla_dag to 2024-10-23 04:40:00+00:00, run_after=2024-10-23 04:42:00+00:00
[2024-10-23T04:43:43.676+0000] {processor.py:208} INFO - Processing /home/airflow/.local/lib/python3.12/site-packages/airflow/example_dags/example_sla_dag.py took 0.094 seconds
[2024-10-23T04:44:14.624+0000] {processor.py:186} INFO - Started process (PID=16317) to work on /home/airflow/.local/lib/python3.12/site-packages/airflow/example_dags/example_sla_dag.py
[2024-10-23T04:44:14.625+0000] {processor.py:914} INFO - Processing file /home/airflow/.local/lib/python3.12/site-packages/airflow/example_dags/example_sla_dag.py for tasks to queue
[2024-10-23T04:44:14.625+0000] {logging_mixin.py:190} INFO - [2024-10-23T04:44:14.625+0000] {dagbag.py:588} INFO - Filling up the DagBag from /home/airflow/.local/lib/python3.12/site-packages/airflow/example_dags/example_sla_dag.py
[2024-10-23T04:44:14.635+0000] {processor.py:925} INFO - DAG(s) 'example_sla_dag' retrieved from /home/airflow/.local/lib/python3.12/site-packages/airflow/example_dags/example_sla_dag.py
[2024-10-23T04:44:14.686+0000] {logging_mixin.py:190} INFO - [2024-10-23T04:44:14.683+0000] {dag.py:3239} INFO - Sync 1 DAGs
[2024-10-23T04:44:14.714+0000] {logging_mixin.py:190} INFO - [2024-10-23T04:44:14.714+0000] {dag.py:4180} INFO - Setting next_dagrun for example_sla_dag to 2024-10-23 04:42:00+00:00, run_after=2024-10-23 04:44:00+00:00
[2024-10-23T04:44:14.731+0000] {processor.py:208} INFO - Processing /home/airflow/.local/lib/python3.12/site-packages/airflow/example_dags/example_sla_dag.py took 0.113 seconds
[2024-10-23T04:44:44.922+0000] {processor.py:186} INFO - Started process (PID=16380) to work on /home/airflow/.local/lib/python3.12/site-packages/airflow/example_dags/example_sla_dag.py
[2024-10-23T04:44:44.923+0000] {processor.py:914} INFO - Processing file /home/airflow/.local/lib/python3.12/site-packages/airflow/example_dags/example_sla_dag.py for tasks to queue
[2024-10-23T04:44:44.924+0000] {logging_mixin.py:190} INFO - [2024-10-23T04:44:44.924+0000] {dagbag.py:588} INFO - Filling up the DagBag from /home/airflow/.local/lib/python3.12/site-packages/airflow/example_dags/example_sla_dag.py
[2024-10-23T04:44:44.934+0000] {processor.py:925} INFO - DAG(s) 'example_sla_dag' retrieved from /home/airflow/.local/lib/python3.12/site-packages/airflow/example_dags/example_sla_dag.py
[2024-10-23T04:44:44.961+0000] {logging_mixin.py:190} INFO - [2024-10-23T04:44:44.960+0000] {dag.py:3239} INFO - Sync 1 DAGs
[2024-10-23T04:44:44.997+0000] {logging_mixin.py:190} INFO - [2024-10-23T04:44:44.997+0000] {dag.py:4180} INFO - Setting next_dagrun for example_sla_dag to 2024-10-23 04:42:00+00:00, run_after=2024-10-23 04:44:00+00:00
[2024-10-23T04:44:45.014+0000] {processor.py:208} INFO - Processing /home/airflow/.local/lib/python3.12/site-packages/airflow/example_dags/example_sla_dag.py took 0.097 seconds
[2024-10-23T04:45:15.217+0000] {processor.py:186} INFO - Started process (PID=16443) to work on /home/airflow/.local/lib/python3.12/site-packages/airflow/example_dags/example_sla_dag.py
[2024-10-23T04:45:15.219+0000] {processor.py:914} INFO - Processing file /home/airflow/.local/lib/python3.12/site-packages/airflow/example_dags/example_sla_dag.py for tasks to queue
[2024-10-23T04:45:15.220+0000] {logging_mixin.py:190} INFO - [2024-10-23T04:45:15.220+0000] {dagbag.py:588} INFO - Filling up the DagBag from /home/airflow/.local/lib/python3.12/site-packages/airflow/example_dags/example_sla_dag.py
[2024-10-23T04:45:15.228+0000] {processor.py:925} INFO - DAG(s) 'example_sla_dag' retrieved from /home/airflow/.local/lib/python3.12/site-packages/airflow/example_dags/example_sla_dag.py
[2024-10-23T04:45:15.244+0000] {logging_mixin.py:190} INFO - [2024-10-23T04:45:15.244+0000] {dag.py:3239} INFO - Sync 1 DAGs
[2024-10-23T04:45:15.265+0000] {logging_mixin.py:190} INFO - [2024-10-23T04:45:15.264+0000] {dag.py:4180} INFO - Setting next_dagrun for example_sla_dag to 2024-10-23 04:42:00+00:00, run_after=2024-10-23 04:44:00+00:00
[2024-10-23T04:45:15.285+0000] {processor.py:208} INFO - Processing /home/airflow/.local/lib/python3.12/site-packages/airflow/example_dags/example_sla_dag.py took 0.072 seconds
[2024-10-23T07:12:05.137+0000] {processor.py:186} INFO - Started process (PID=34461) to work on /home/airflow/.local/lib/python3.12/site-packages/airflow/example_dags/example_sla_dag.py
[2024-10-23T07:12:05.138+0000] {processor.py:914} INFO - Processing file /home/airflow/.local/lib/python3.12/site-packages/airflow/example_dags/example_sla_dag.py for tasks to queue
[2024-10-23T07:12:05.139+0000] {logging_mixin.py:190} INFO - [2024-10-23T07:12:05.138+0000] {dagbag.py:588} INFO - Filling up the DagBag from /home/airflow/.local/lib/python3.12/site-packages/airflow/example_dags/example_sla_dag.py
[2024-10-23T07:12:05.148+0000] {processor.py:925} INFO - DAG(s) 'example_sla_dag' retrieved from /home/airflow/.local/lib/python3.12/site-packages/airflow/example_dags/example_sla_dag.py
[2024-10-23T07:12:05.166+0000] {logging_mixin.py:190} INFO - [2024-10-23T07:12:05.166+0000] {dag.py:3239} INFO - Sync 1 DAGs
[2024-10-23T07:12:05.190+0000] {logging_mixin.py:190} INFO - [2024-10-23T07:12:05.190+0000] {dag.py:4180} INFO - Setting next_dagrun for example_sla_dag to 2024-10-23 07:10:00+00:00, run_after=2024-10-23 07:12:00+00:00
[2024-10-23T07:12:05.206+0000] {processor.py:208} INFO - Processing /home/airflow/.local/lib/python3.12/site-packages/airflow/example_dags/example_sla_dag.py took 0.074 seconds
[2024-10-23T07:12:35.483+0000] {processor.py:186} INFO - Started process (PID=34523) to work on /home/airflow/.local/lib/python3.12/site-packages/airflow/example_dags/example_sla_dag.py
[2024-10-23T07:12:35.490+0000] {processor.py:914} INFO - Processing file /home/airflow/.local/lib/python3.12/site-packages/airflow/example_dags/example_sla_dag.py for tasks to queue
[2024-10-23T07:12:35.494+0000] {logging_mixin.py:190} INFO - [2024-10-23T07:12:35.494+0000] {dagbag.py:588} INFO - Filling up the DagBag from /home/airflow/.local/lib/python3.12/site-packages/airflow/example_dags/example_sla_dag.py
[2024-10-23T07:12:35.519+0000] {processor.py:925} INFO - DAG(s) 'example_sla_dag' retrieved from /home/airflow/.local/lib/python3.12/site-packages/airflow/example_dags/example_sla_dag.py
[2024-10-23T07:12:35.554+0000] {logging_mixin.py:190} INFO - [2024-10-23T07:12:35.554+0000] {dag.py:3239} INFO - Sync 1 DAGs
[2024-10-23T07:12:35.591+0000] {logging_mixin.py:190} INFO - [2024-10-23T07:12:35.591+0000] {dag.py:4180} INFO - Setting next_dagrun for example_sla_dag to 2024-10-23 07:10:00+00:00, run_after=2024-10-23 07:12:00+00:00
[2024-10-23T07:12:35.614+0000] {processor.py:208} INFO - Processing /home/airflow/.local/lib/python3.12/site-packages/airflow/example_dags/example_sla_dag.py took 0.146 seconds
[2024-10-23T07:13:05.744+0000] {processor.py:186} INFO - Started process (PID=34586) to work on /home/airflow/.local/lib/python3.12/site-packages/airflow/example_dags/example_sla_dag.py
[2024-10-23T07:13:05.746+0000] {processor.py:914} INFO - Processing file /home/airflow/.local/lib/python3.12/site-packages/airflow/example_dags/example_sla_dag.py for tasks to queue
[2024-10-23T07:13:05.749+0000] {logging_mixin.py:190} INFO - [2024-10-23T07:13:05.749+0000] {dagbag.py:588} INFO - Filling up the DagBag from /home/airflow/.local/lib/python3.12/site-packages/airflow/example_dags/example_sla_dag.py
[2024-10-23T07:13:05.758+0000] {processor.py:925} INFO - DAG(s) 'example_sla_dag' retrieved from /home/airflow/.local/lib/python3.12/site-packages/airflow/example_dags/example_sla_dag.py
[2024-10-23T07:13:05.776+0000] {logging_mixin.py:190} INFO - [2024-10-23T07:13:05.775+0000] {dag.py:3239} INFO - Sync 1 DAGs
[2024-10-23T07:13:05.794+0000] {logging_mixin.py:190} INFO - [2024-10-23T07:13:05.794+0000] {dag.py:4180} INFO - Setting next_dagrun for example_sla_dag to 2024-10-23 07:10:00+00:00, run_after=2024-10-23 07:12:00+00:00
[2024-10-23T07:13:05.808+0000] {processor.py:208} INFO - Processing /home/airflow/.local/lib/python3.12/site-packages/airflow/example_dags/example_sla_dag.py took 0.074 seconds
[2024-10-23T07:13:36.345+0000] {processor.py:186} INFO - Started process (PID=34649) to work on /home/airflow/.local/lib/python3.12/site-packages/airflow/example_dags/example_sla_dag.py
[2024-10-23T07:13:36.347+0000] {processor.py:914} INFO - Processing file /home/airflow/.local/lib/python3.12/site-packages/airflow/example_dags/example_sla_dag.py for tasks to queue
[2024-10-23T07:13:36.348+0000] {logging_mixin.py:190} INFO - [2024-10-23T07:13:36.348+0000] {dagbag.py:588} INFO - Filling up the DagBag from /home/airflow/.local/lib/python3.12/site-packages/airflow/example_dags/example_sla_dag.py
[2024-10-23T07:13:36.359+0000] {processor.py:925} INFO - DAG(s) 'example_sla_dag' retrieved from /home/airflow/.local/lib/python3.12/site-packages/airflow/example_dags/example_sla_dag.py
[2024-10-23T07:13:36.377+0000] {logging_mixin.py:190} INFO - [2024-10-23T07:13:36.377+0000] {dag.py:3239} INFO - Sync 1 DAGs
[2024-10-23T07:13:36.398+0000] {logging_mixin.py:190} INFO - [2024-10-23T07:13:36.398+0000] {dag.py:4180} INFO - Setting next_dagrun for example_sla_dag to 2024-10-23 07:10:00+00:00, run_after=2024-10-23 07:12:00+00:00
[2024-10-23T07:13:36.417+0000] {processor.py:208} INFO - Processing /home/airflow/.local/lib/python3.12/site-packages/airflow/example_dags/example_sla_dag.py took 0.077 seconds
[2024-10-23T07:14:07.013+0000] {processor.py:186} INFO - Started process (PID=34712) to work on /home/airflow/.local/lib/python3.12/site-packages/airflow/example_dags/example_sla_dag.py
[2024-10-23T07:14:07.014+0000] {processor.py:914} INFO - Processing file /home/airflow/.local/lib/python3.12/site-packages/airflow/example_dags/example_sla_dag.py for tasks to queue
[2024-10-23T07:14:07.016+0000] {logging_mixin.py:190} INFO - [2024-10-23T07:14:07.016+0000] {dagbag.py:588} INFO - Filling up the DagBag from /home/airflow/.local/lib/python3.12/site-packages/airflow/example_dags/example_sla_dag.py
[2024-10-23T07:14:07.028+0000] {processor.py:925} INFO - DAG(s) 'example_sla_dag' retrieved from /home/airflow/.local/lib/python3.12/site-packages/airflow/example_dags/example_sla_dag.py
[2024-10-23T07:14:07.045+0000] {logging_mixin.py:190} INFO - [2024-10-23T07:14:07.045+0000] {dag.py:3239} INFO - Sync 1 DAGs
[2024-10-23T07:14:07.065+0000] {logging_mixin.py:190} INFO - [2024-10-23T07:14:07.065+0000] {dag.py:4180} INFO - Setting next_dagrun for example_sla_dag to 2024-10-23 07:12:00+00:00, run_after=2024-10-23 07:14:00+00:00
[2024-10-23T07:14:07.079+0000] {processor.py:208} INFO - Processing /home/airflow/.local/lib/python3.12/site-packages/airflow/example_dags/example_sla_dag.py took 0.075 seconds
[2024-10-23T07:14:37.391+0000] {processor.py:186} INFO - Started process (PID=34775) to work on /home/airflow/.local/lib/python3.12/site-packages/airflow/example_dags/example_sla_dag.py
[2024-10-23T07:14:37.392+0000] {processor.py:914} INFO - Processing file /home/airflow/.local/lib/python3.12/site-packages/airflow/example_dags/example_sla_dag.py for tasks to queue
[2024-10-23T07:14:37.393+0000] {logging_mixin.py:190} INFO - [2024-10-23T07:14:37.393+0000] {dagbag.py:588} INFO - Filling up the DagBag from /home/airflow/.local/lib/python3.12/site-packages/airflow/example_dags/example_sla_dag.py
[2024-10-23T07:14:37.402+0000] {processor.py:925} INFO - DAG(s) 'example_sla_dag' retrieved from /home/airflow/.local/lib/python3.12/site-packages/airflow/example_dags/example_sla_dag.py
[2024-10-23T07:14:37.417+0000] {logging_mixin.py:190} INFO - [2024-10-23T07:14:37.417+0000] {dag.py:3239} INFO - Sync 1 DAGs
[2024-10-23T07:14:37.712+0000] {logging_mixin.py:190} INFO - [2024-10-23T07:14:37.712+0000] {dag.py:4180} INFO - Setting next_dagrun for example_sla_dag to 2024-10-23 07:12:00+00:00, run_after=2024-10-23 07:14:00+00:00
[2024-10-23T07:14:37.726+0000] {processor.py:208} INFO - Processing /home/airflow/.local/lib/python3.12/site-packages/airflow/example_dags/example_sla_dag.py took 0.339 seconds
[2024-10-23T07:15:08.617+0000] {processor.py:186} INFO - Started process (PID=34838) to work on /home/airflow/.local/lib/python3.12/site-packages/airflow/example_dags/example_sla_dag.py
[2024-10-23T07:15:08.619+0000] {processor.py:914} INFO - Processing file /home/airflow/.local/lib/python3.12/site-packages/airflow/example_dags/example_sla_dag.py for tasks to queue
[2024-10-23T07:15:08.620+0000] {logging_mixin.py:190} INFO - [2024-10-23T07:15:08.620+0000] {dagbag.py:588} INFO - Filling up the DagBag from /home/airflow/.local/lib/python3.12/site-packages/airflow/example_dags/example_sla_dag.py
[2024-10-23T07:15:08.632+0000] {processor.py:925} INFO - DAG(s) 'example_sla_dag' retrieved from /home/airflow/.local/lib/python3.12/site-packages/airflow/example_dags/example_sla_dag.py
[2024-10-23T07:15:08.655+0000] {logging_mixin.py:190} INFO - [2024-10-23T07:15:08.655+0000] {dag.py:3239} INFO - Sync 1 DAGs
[2024-10-23T07:15:08.676+0000] {logging_mixin.py:190} INFO - [2024-10-23T07:15:08.676+0000] {dag.py:4180} INFO - Setting next_dagrun for example_sla_dag to 2024-10-23 07:12:00+00:00, run_after=2024-10-23 07:14:00+00:00
[2024-10-23T07:15:09.154+0000] {processor.py:208} INFO - Processing /home/airflow/.local/lib/python3.12/site-packages/airflow/example_dags/example_sla_dag.py took 0.543 seconds
[2024-10-23T07:15:39.485+0000] {processor.py:186} INFO - Started process (PID=34901) to work on /home/airflow/.local/lib/python3.12/site-packages/airflow/example_dags/example_sla_dag.py
[2024-10-23T07:15:39.487+0000] {processor.py:914} INFO - Processing file /home/airflow/.local/lib/python3.12/site-packages/airflow/example_dags/example_sla_dag.py for tasks to queue
[2024-10-23T07:15:39.488+0000] {logging_mixin.py:190} INFO - [2024-10-23T07:15:39.488+0000] {dagbag.py:588} INFO - Filling up the DagBag from /home/airflow/.local/lib/python3.12/site-packages/airflow/example_dags/example_sla_dag.py
[2024-10-23T07:15:39.498+0000] {processor.py:925} INFO - DAG(s) 'example_sla_dag' retrieved from /home/airflow/.local/lib/python3.12/site-packages/airflow/example_dags/example_sla_dag.py
[2024-10-23T07:15:39.516+0000] {logging_mixin.py:190} INFO - [2024-10-23T07:15:39.516+0000] {dag.py:3239} INFO - Sync 1 DAGs
[2024-10-23T07:15:39.534+0000] {logging_mixin.py:190} INFO - [2024-10-23T07:15:39.534+0000] {dag.py:4180} INFO - Setting next_dagrun for example_sla_dag to 2024-10-23 07:12:00+00:00, run_after=2024-10-23 07:14:00+00:00
[2024-10-23T07:15:39.547+0000] {processor.py:208} INFO - Processing /home/airflow/.local/lib/python3.12/site-packages/airflow/example_dags/example_sla_dag.py took 0.067 seconds
[2024-10-23T07:16:09.815+0000] {processor.py:186} INFO - Started process (PID=34964) to work on /home/airflow/.local/lib/python3.12/site-packages/airflow/example_dags/example_sla_dag.py
[2024-10-23T07:16:09.817+0000] {processor.py:914} INFO - Processing file /home/airflow/.local/lib/python3.12/site-packages/airflow/example_dags/example_sla_dag.py for tasks to queue
[2024-10-23T07:16:09.818+0000] {logging_mixin.py:190} INFO - [2024-10-23T07:16:09.818+0000] {dagbag.py:588} INFO - Filling up the DagBag from /home/airflow/.local/lib/python3.12/site-packages/airflow/example_dags/example_sla_dag.py
[2024-10-23T07:16:09.828+0000] {processor.py:925} INFO - DAG(s) 'example_sla_dag' retrieved from /home/airflow/.local/lib/python3.12/site-packages/airflow/example_dags/example_sla_dag.py
[2024-10-23T07:16:09.842+0000] {logging_mixin.py:190} INFO - [2024-10-23T07:16:09.841+0000] {dag.py:3239} INFO - Sync 1 DAGs
[2024-10-23T07:16:09.859+0000] {logging_mixin.py:190} INFO - [2024-10-23T07:16:09.858+0000] {dag.py:4180} INFO - Setting next_dagrun for example_sla_dag to 2024-10-23 07:14:00+00:00, run_after=2024-10-23 07:16:00+00:00
[2024-10-23T07:16:09.878+0000] {processor.py:208} INFO - Processing /home/airflow/.local/lib/python3.12/site-packages/airflow/example_dags/example_sla_dag.py took 0.066 seconds
[2024-10-23T07:16:40.733+0000] {processor.py:186} INFO - Started process (PID=35027) to work on /home/airflow/.local/lib/python3.12/site-packages/airflow/example_dags/example_sla_dag.py
[2024-10-23T07:16:40.737+0000] {processor.py:914} INFO - Processing file /home/airflow/.local/lib/python3.12/site-packages/airflow/example_dags/example_sla_dag.py for tasks to queue
[2024-10-23T07:16:40.740+0000] {logging_mixin.py:190} INFO - [2024-10-23T07:16:40.740+0000] {dagbag.py:588} INFO - Filling up the DagBag from /home/airflow/.local/lib/python3.12/site-packages/airflow/example_dags/example_sla_dag.py
[2024-10-23T07:16:40.748+0000] {processor.py:925} INFO - DAG(s) 'example_sla_dag' retrieved from /home/airflow/.local/lib/python3.12/site-packages/airflow/example_dags/example_sla_dag.py
[2024-10-23T07:16:40.764+0000] {logging_mixin.py:190} INFO - [2024-10-23T07:16:40.764+0000] {dag.py:3239} INFO - Sync 1 DAGs
[2024-10-23T07:16:40.787+0000] {logging_mixin.py:190} INFO - [2024-10-23T07:16:40.786+0000] {dag.py:4180} INFO - Setting next_dagrun for example_sla_dag to 2024-10-23 07:14:00+00:00, run_after=2024-10-23 07:16:00+00:00
[2024-10-23T07:16:40.802+0000] {processor.py:208} INFO - Processing /home/airflow/.local/lib/python3.12/site-packages/airflow/example_dags/example_sla_dag.py took 0.074 seconds
[2024-10-23T07:17:11.319+0000] {processor.py:186} INFO - Started process (PID=35090) to work on /home/airflow/.local/lib/python3.12/site-packages/airflow/example_dags/example_sla_dag.py
[2024-10-23T07:17:11.320+0000] {processor.py:914} INFO - Processing file /home/airflow/.local/lib/python3.12/site-packages/airflow/example_dags/example_sla_dag.py for tasks to queue
[2024-10-23T07:17:11.322+0000] {logging_mixin.py:190} INFO - [2024-10-23T07:17:11.322+0000] {dagbag.py:588} INFO - Filling up the DagBag from /home/airflow/.local/lib/python3.12/site-packages/airflow/example_dags/example_sla_dag.py
[2024-10-23T07:17:11.334+0000] {processor.py:925} INFO - DAG(s) 'example_sla_dag' retrieved from /home/airflow/.local/lib/python3.12/site-packages/airflow/example_dags/example_sla_dag.py
[2024-10-23T07:17:11.358+0000] {logging_mixin.py:190} INFO - [2024-10-23T07:17:11.357+0000] {dag.py:3239} INFO - Sync 1 DAGs
[2024-10-23T07:17:11.380+0000] {logging_mixin.py:190} INFO - [2024-10-23T07:17:11.380+0000] {dag.py:4180} INFO - Setting next_dagrun for example_sla_dag to 2024-10-23 07:14:00+00:00, run_after=2024-10-23 07:16:00+00:00
[2024-10-23T07:17:11.394+0000] {processor.py:208} INFO - Processing /home/airflow/.local/lib/python3.12/site-packages/airflow/example_dags/example_sla_dag.py took 0.082 seconds
[2024-10-23T07:17:42.380+0000] {processor.py:186} INFO - Started process (PID=35153) to work on /home/airflow/.local/lib/python3.12/site-packages/airflow/example_dags/example_sla_dag.py
[2024-10-23T07:17:42.382+0000] {processor.py:914} INFO - Processing file /home/airflow/.local/lib/python3.12/site-packages/airflow/example_dags/example_sla_dag.py for tasks to queue
[2024-10-23T07:17:42.383+0000] {logging_mixin.py:190} INFO - [2024-10-23T07:17:42.383+0000] {dagbag.py:588} INFO - Filling up the DagBag from /home/airflow/.local/lib/python3.12/site-packages/airflow/example_dags/example_sla_dag.py
[2024-10-23T07:17:42.393+0000] {processor.py:925} INFO - DAG(s) 'example_sla_dag' retrieved from /home/airflow/.local/lib/python3.12/site-packages/airflow/example_dags/example_sla_dag.py
[2024-10-23T07:17:42.409+0000] {logging_mixin.py:190} INFO - [2024-10-23T07:17:42.408+0000] {dag.py:3239} INFO - Sync 1 DAGs
[2024-10-23T07:17:42.428+0000] {logging_mixin.py:190} INFO - [2024-10-23T07:17:42.427+0000] {dag.py:4180} INFO - Setting next_dagrun for example_sla_dag to 2024-10-23 07:14:00+00:00, run_after=2024-10-23 07:16:00+00:00
[2024-10-23T07:17:42.440+0000] {processor.py:208} INFO - Processing /home/airflow/.local/lib/python3.12/site-packages/airflow/example_dags/example_sla_dag.py took 0.065 seconds
[2024-10-23T07:18:12.828+0000] {processor.py:186} INFO - Started process (PID=35216) to work on /home/airflow/.local/lib/python3.12/site-packages/airflow/example_dags/example_sla_dag.py
[2024-10-23T07:18:12.833+0000] {processor.py:914} INFO - Processing file /home/airflow/.local/lib/python3.12/site-packages/airflow/example_dags/example_sla_dag.py for tasks to queue
[2024-10-23T07:18:12.834+0000] {logging_mixin.py:190} INFO - [2024-10-23T07:18:12.834+0000] {dagbag.py:588} INFO - Filling up the DagBag from /home/airflow/.local/lib/python3.12/site-packages/airflow/example_dags/example_sla_dag.py
[2024-10-23T07:18:12.848+0000] {processor.py:925} INFO - DAG(s) 'example_sla_dag' retrieved from /home/airflow/.local/lib/python3.12/site-packages/airflow/example_dags/example_sla_dag.py
[2024-10-23T07:18:12.868+0000] {logging_mixin.py:190} INFO - [2024-10-23T07:18:12.868+0000] {dag.py:3239} INFO - Sync 1 DAGs
[2024-10-23T07:18:12.886+0000] {logging_mixin.py:190} INFO - [2024-10-23T07:18:12.886+0000] {dag.py:4180} INFO - Setting next_dagrun for example_sla_dag to 2024-10-23 07:16:00+00:00, run_after=2024-10-23 07:18:00+00:00
[2024-10-23T07:18:12.899+0000] {processor.py:208} INFO - Processing /home/airflow/.local/lib/python3.12/site-packages/airflow/example_dags/example_sla_dag.py took 0.077 seconds
[2024-10-23T07:18:43.580+0000] {processor.py:186} INFO - Started process (PID=35279) to work on /home/airflow/.local/lib/python3.12/site-packages/airflow/example_dags/example_sla_dag.py
[2024-10-23T07:18:43.581+0000] {processor.py:914} INFO - Processing file /home/airflow/.local/lib/python3.12/site-packages/airflow/example_dags/example_sla_dag.py for tasks to queue
[2024-10-23T07:18:43.583+0000] {logging_mixin.py:190} INFO - [2024-10-23T07:18:43.582+0000] {dagbag.py:588} INFO - Filling up the DagBag from /home/airflow/.local/lib/python3.12/site-packages/airflow/example_dags/example_sla_dag.py
[2024-10-23T07:18:43.590+0000] {processor.py:925} INFO - DAG(s) 'example_sla_dag' retrieved from /home/airflow/.local/lib/python3.12/site-packages/airflow/example_dags/example_sla_dag.py
[2024-10-23T07:18:43.604+0000] {logging_mixin.py:190} INFO - [2024-10-23T07:18:43.604+0000] {dag.py:3239} INFO - Sync 1 DAGs
[2024-10-23T07:18:43.620+0000] {logging_mixin.py:190} INFO - [2024-10-23T07:18:43.620+0000] {dag.py:4180} INFO - Setting next_dagrun for example_sla_dag to 2024-10-23 07:16:00+00:00, run_after=2024-10-23 07:18:00+00:00
[2024-10-23T07:18:43.635+0000] {processor.py:208} INFO - Processing /home/airflow/.local/lib/python3.12/site-packages/airflow/example_dags/example_sla_dag.py took 0.059 seconds
[2024-10-23T07:19:14.145+0000] {processor.py:186} INFO - Started process (PID=35342) to work on /home/airflow/.local/lib/python3.12/site-packages/airflow/example_dags/example_sla_dag.py
[2024-10-23T07:19:14.146+0000] {processor.py:914} INFO - Processing file /home/airflow/.local/lib/python3.12/site-packages/airflow/example_dags/example_sla_dag.py for tasks to queue
[2024-10-23T07:19:14.147+0000] {logging_mixin.py:190} INFO - [2024-10-23T07:19:14.147+0000] {dagbag.py:588} INFO - Filling up the DagBag from /home/airflow/.local/lib/python3.12/site-packages/airflow/example_dags/example_sla_dag.py
[2024-10-23T07:19:14.154+0000] {processor.py:925} INFO - DAG(s) 'example_sla_dag' retrieved from /home/airflow/.local/lib/python3.12/site-packages/airflow/example_dags/example_sla_dag.py
[2024-10-23T07:19:14.167+0000] {logging_mixin.py:190} INFO - [2024-10-23T07:19:14.167+0000] {dag.py:3239} INFO - Sync 1 DAGs
[2024-10-23T07:19:14.183+0000] {logging_mixin.py:190} INFO - [2024-10-23T07:19:14.183+0000] {dag.py:4180} INFO - Setting next_dagrun for example_sla_dag to 2024-10-23 07:16:00+00:00, run_after=2024-10-23 07:18:00+00:00
[2024-10-23T07:19:14.194+0000] {processor.py:208} INFO - Processing /home/airflow/.local/lib/python3.12/site-packages/airflow/example_dags/example_sla_dag.py took 0.057 seconds
[2024-10-23T07:19:44.848+0000] {processor.py:186} INFO - Started process (PID=35408) to work on /home/airflow/.local/lib/python3.12/site-packages/airflow/example_dags/example_sla_dag.py
[2024-10-23T07:19:44.853+0000] {processor.py:914} INFO - Processing file /home/airflow/.local/lib/python3.12/site-packages/airflow/example_dags/example_sla_dag.py for tasks to queue
[2024-10-23T07:19:44.857+0000] {logging_mixin.py:190} INFO - [2024-10-23T07:19:44.856+0000] {dagbag.py:588} INFO - Filling up the DagBag from /home/airflow/.local/lib/python3.12/site-packages/airflow/example_dags/example_sla_dag.py
[2024-10-23T07:19:44.865+0000] {processor.py:925} INFO - DAG(s) 'example_sla_dag' retrieved from /home/airflow/.local/lib/python3.12/site-packages/airflow/example_dags/example_sla_dag.py
[2024-10-23T07:19:44.890+0000] {logging_mixin.py:190} INFO - [2024-10-23T07:19:44.890+0000] {dag.py:3239} INFO - Sync 1 DAGs
[2024-10-23T07:19:44.917+0000] {logging_mixin.py:190} INFO - [2024-10-23T07:19:44.917+0000] {dag.py:4180} INFO - Setting next_dagrun for example_sla_dag to 2024-10-23 07:16:00+00:00, run_after=2024-10-23 07:18:00+00:00
[2024-10-23T07:19:44.936+0000] {processor.py:208} INFO - Processing /home/airflow/.local/lib/python3.12/site-packages/airflow/example_dags/example_sla_dag.py took 0.096 seconds
