[2024-10-23T02:32:07.927+0000] {processor.py:186} INFO - Started process (PID=13750) to work on /home/airflow/.local/lib/python3.12/site-packages/airflow/example_dags/example_local_kubernetes_executor.py
[2024-10-23T02:32:07.928+0000] {processor.py:914} INFO - Processing file /home/airflow/.local/lib/python3.12/site-packages/airflow/example_dags/example_local_kubernetes_executor.py for tasks to queue
[2024-10-23T02:32:07.928+0000] {logging_mixin.py:190} INFO - [2024-10-23T02:32:07.928+0000] {dagbag.py:588} INFO - Filling up the DagBag from /home/airflow/.local/lib/python3.12/site-packages/airflow/example_dags/example_local_kubernetes_executor.py
[2024-10-23T02:32:07.940+0000] {processor.py:925} INFO - DAG(s) 'example_local_kubernetes_executor' retrieved from /home/airflow/.local/lib/python3.12/site-packages/airflow/example_dags/example_local_kubernetes_executor.py
[2024-10-23T02:32:07.972+0000] {logging_mixin.py:190} INFO - [2024-10-23T02:32:07.972+0000] {dag.py:3239} INFO - Sync 1 DAGs
[2024-10-23T02:32:07.985+0000] {logging_mixin.py:190} INFO - [2024-10-23T02:32:07.985+0000] {dag.py:4180} INFO - Setting next_dagrun for example_local_kubernetes_executor to None, run_after=None
[2024-10-23T02:32:08.011+0000] {processor.py:208} INFO - Processing /home/airflow/.local/lib/python3.12/site-packages/airflow/example_dags/example_local_kubernetes_executor.py took 0.089 seconds
[2024-10-23T04:23:45.571+0000] {processor.py:186} INFO - Started process (PID=13813) to work on /home/airflow/.local/lib/python3.12/site-packages/airflow/example_dags/example_local_kubernetes_executor.py
[2024-10-23T04:23:45.579+0000] {processor.py:914} INFO - Processing file /home/airflow/.local/lib/python3.12/site-packages/airflow/example_dags/example_local_kubernetes_executor.py for tasks to queue
[2024-10-23T04:23:45.581+0000] {logging_mixin.py:190} INFO - [2024-10-23T04:23:45.580+0000] {dagbag.py:588} INFO - Filling up the DagBag from /home/airflow/.local/lib/python3.12/site-packages/airflow/example_dags/example_local_kubernetes_executor.py
[2024-10-23T04:23:45.592+0000] {processor.py:925} INFO - DAG(s) 'example_local_kubernetes_executor' retrieved from /home/airflow/.local/lib/python3.12/site-packages/airflow/example_dags/example_local_kubernetes_executor.py
[2024-10-23T04:23:45.629+0000] {logging_mixin.py:190} INFO - [2024-10-23T04:23:45.628+0000] {dag.py:3239} INFO - Sync 1 DAGs
[2024-10-23T04:23:45.653+0000] {logging_mixin.py:190} INFO - [2024-10-23T04:23:45.653+0000] {dag.py:4180} INFO - Setting next_dagrun for example_local_kubernetes_executor to None, run_after=None
[2024-10-23T04:23:45.676+0000] {processor.py:208} INFO - Processing /home/airflow/.local/lib/python3.12/site-packages/airflow/example_dags/example_local_kubernetes_executor.py took 0.109 seconds
[2024-10-23T04:24:16.823+0000] {processor.py:186} INFO - Started process (PID=13876) to work on /home/airflow/.local/lib/python3.12/site-packages/airflow/example_dags/example_local_kubernetes_executor.py
[2024-10-23T04:24:16.824+0000] {processor.py:914} INFO - Processing file /home/airflow/.local/lib/python3.12/site-packages/airflow/example_dags/example_local_kubernetes_executor.py for tasks to queue
[2024-10-23T04:24:16.824+0000] {logging_mixin.py:190} INFO - [2024-10-23T04:24:16.824+0000] {dagbag.py:588} INFO - Filling up the DagBag from /home/airflow/.local/lib/python3.12/site-packages/airflow/example_dags/example_local_kubernetes_executor.py
[2024-10-23T04:24:16.832+0000] {processor.py:925} INFO - DAG(s) 'example_local_kubernetes_executor' retrieved from /home/airflow/.local/lib/python3.12/site-packages/airflow/example_dags/example_local_kubernetes_executor.py
[2024-10-23T04:24:16.862+0000] {logging_mixin.py:190} INFO - [2024-10-23T04:24:16.862+0000] {dag.py:3239} INFO - Sync 1 DAGs
[2024-10-23T04:24:16.872+0000] {logging_mixin.py:190} INFO - [2024-10-23T04:24:16.872+0000] {dag.py:4180} INFO - Setting next_dagrun for example_local_kubernetes_executor to None, run_after=None
[2024-10-23T04:24:16.891+0000] {processor.py:208} INFO - Processing /home/airflow/.local/lib/python3.12/site-packages/airflow/example_dags/example_local_kubernetes_executor.py took 0.073 seconds
[2024-10-23T04:24:47.332+0000] {processor.py:186} INFO - Started process (PID=13939) to work on /home/airflow/.local/lib/python3.12/site-packages/airflow/example_dags/example_local_kubernetes_executor.py
[2024-10-23T04:24:47.333+0000] {processor.py:914} INFO - Processing file /home/airflow/.local/lib/python3.12/site-packages/airflow/example_dags/example_local_kubernetes_executor.py for tasks to queue
[2024-10-23T04:24:47.334+0000] {logging_mixin.py:190} INFO - [2024-10-23T04:24:47.334+0000] {dagbag.py:588} INFO - Filling up the DagBag from /home/airflow/.local/lib/python3.12/site-packages/airflow/example_dags/example_local_kubernetes_executor.py
[2024-10-23T04:24:47.345+0000] {processor.py:925} INFO - DAG(s) 'example_local_kubernetes_executor' retrieved from /home/airflow/.local/lib/python3.12/site-packages/airflow/example_dags/example_local_kubernetes_executor.py
[2024-10-23T04:24:47.375+0000] {logging_mixin.py:190} INFO - [2024-10-23T04:24:47.375+0000] {dag.py:3239} INFO - Sync 1 DAGs
[2024-10-23T04:24:47.385+0000] {logging_mixin.py:190} INFO - [2024-10-23T04:24:47.385+0000] {dag.py:4180} INFO - Setting next_dagrun for example_local_kubernetes_executor to None, run_after=None
[2024-10-23T04:24:47.400+0000] {processor.py:208} INFO - Processing /home/airflow/.local/lib/python3.12/site-packages/airflow/example_dags/example_local_kubernetes_executor.py took 0.073 seconds
[2024-10-23T04:25:17.803+0000] {processor.py:186} INFO - Started process (PID=14002) to work on /home/airflow/.local/lib/python3.12/site-packages/airflow/example_dags/example_local_kubernetes_executor.py
[2024-10-23T04:25:17.804+0000] {processor.py:914} INFO - Processing file /home/airflow/.local/lib/python3.12/site-packages/airflow/example_dags/example_local_kubernetes_executor.py for tasks to queue
[2024-10-23T04:25:17.808+0000] {logging_mixin.py:190} INFO - [2024-10-23T04:25:17.807+0000] {dagbag.py:588} INFO - Filling up the DagBag from /home/airflow/.local/lib/python3.12/site-packages/airflow/example_dags/example_local_kubernetes_executor.py
[2024-10-23T04:25:17.828+0000] {processor.py:925} INFO - DAG(s) 'example_local_kubernetes_executor' retrieved from /home/airflow/.local/lib/python3.12/site-packages/airflow/example_dags/example_local_kubernetes_executor.py
[2024-10-23T04:25:17.871+0000] {logging_mixin.py:190} INFO - [2024-10-23T04:25:17.871+0000] {dag.py:3239} INFO - Sync 1 DAGs
[2024-10-23T04:25:17.884+0000] {logging_mixin.py:190} INFO - [2024-10-23T04:25:17.884+0000] {dag.py:4180} INFO - Setting next_dagrun for example_local_kubernetes_executor to None, run_after=None
[2024-10-23T04:25:17.901+0000] {processor.py:208} INFO - Processing /home/airflow/.local/lib/python3.12/site-packages/airflow/example_dags/example_local_kubernetes_executor.py took 0.104 seconds
[2024-10-23T04:25:48.530+0000] {processor.py:186} INFO - Started process (PID=14065) to work on /home/airflow/.local/lib/python3.12/site-packages/airflow/example_dags/example_local_kubernetes_executor.py
[2024-10-23T04:25:48.534+0000] {processor.py:914} INFO - Processing file /home/airflow/.local/lib/python3.12/site-packages/airflow/example_dags/example_local_kubernetes_executor.py for tasks to queue
[2024-10-23T04:25:48.535+0000] {logging_mixin.py:190} INFO - [2024-10-23T04:25:48.534+0000] {dagbag.py:588} INFO - Filling up the DagBag from /home/airflow/.local/lib/python3.12/site-packages/airflow/example_dags/example_local_kubernetes_executor.py
[2024-10-23T04:25:48.543+0000] {processor.py:925} INFO - DAG(s) 'example_local_kubernetes_executor' retrieved from /home/airflow/.local/lib/python3.12/site-packages/airflow/example_dags/example_local_kubernetes_executor.py
[2024-10-23T04:25:48.574+0000] {logging_mixin.py:190} INFO - [2024-10-23T04:25:48.574+0000] {dag.py:3239} INFO - Sync 1 DAGs
[2024-10-23T04:25:48.585+0000] {logging_mixin.py:190} INFO - [2024-10-23T04:25:48.585+0000] {dag.py:4180} INFO - Setting next_dagrun for example_local_kubernetes_executor to None, run_after=None
[2024-10-23T04:25:48.602+0000] {processor.py:208} INFO - Processing /home/airflow/.local/lib/python3.12/site-packages/airflow/example_dags/example_local_kubernetes_executor.py took 0.076 seconds
[2024-10-23T04:26:20.280+0000] {processor.py:186} INFO - Started process (PID=14128) to work on /home/airflow/.local/lib/python3.12/site-packages/airflow/example_dags/example_local_kubernetes_executor.py
[2024-10-23T04:26:20.280+0000] {processor.py:914} INFO - Processing file /home/airflow/.local/lib/python3.12/site-packages/airflow/example_dags/example_local_kubernetes_executor.py for tasks to queue
[2024-10-23T04:26:20.281+0000] {logging_mixin.py:190} INFO - [2024-10-23T04:26:20.281+0000] {dagbag.py:588} INFO - Filling up the DagBag from /home/airflow/.local/lib/python3.12/site-packages/airflow/example_dags/example_local_kubernetes_executor.py
[2024-10-23T04:26:20.290+0000] {processor.py:925} INFO - DAG(s) 'example_local_kubernetes_executor' retrieved from /home/airflow/.local/lib/python3.12/site-packages/airflow/example_dags/example_local_kubernetes_executor.py
[2024-10-23T04:26:20.321+0000] {logging_mixin.py:190} INFO - [2024-10-23T04:26:20.321+0000] {dag.py:3239} INFO - Sync 1 DAGs
[2024-10-23T04:26:20.335+0000] {logging_mixin.py:190} INFO - [2024-10-23T04:26:20.335+0000] {dag.py:4180} INFO - Setting next_dagrun for example_local_kubernetes_executor to None, run_after=None
[2024-10-23T04:26:20.354+0000] {processor.py:208} INFO - Processing /home/airflow/.local/lib/python3.12/site-packages/airflow/example_dags/example_local_kubernetes_executor.py took 0.079 seconds
[2024-10-23T04:26:50.809+0000] {processor.py:186} INFO - Started process (PID=14191) to work on /home/airflow/.local/lib/python3.12/site-packages/airflow/example_dags/example_local_kubernetes_executor.py
[2024-10-23T04:26:50.813+0000] {processor.py:914} INFO - Processing file /home/airflow/.local/lib/python3.12/site-packages/airflow/example_dags/example_local_kubernetes_executor.py for tasks to queue
[2024-10-23T04:26:50.814+0000] {logging_mixin.py:190} INFO - [2024-10-23T04:26:50.814+0000] {dagbag.py:588} INFO - Filling up the DagBag from /home/airflow/.local/lib/python3.12/site-packages/airflow/example_dags/example_local_kubernetes_executor.py
[2024-10-23T04:26:50.824+0000] {processor.py:925} INFO - DAG(s) 'example_local_kubernetes_executor' retrieved from /home/airflow/.local/lib/python3.12/site-packages/airflow/example_dags/example_local_kubernetes_executor.py
[2024-10-23T04:26:50.858+0000] {logging_mixin.py:190} INFO - [2024-10-23T04:26:50.857+0000] {dag.py:3239} INFO - Sync 1 DAGs
[2024-10-23T04:26:50.869+0000] {logging_mixin.py:190} INFO - [2024-10-23T04:26:50.869+0000] {dag.py:4180} INFO - Setting next_dagrun for example_local_kubernetes_executor to None, run_after=None
[2024-10-23T04:26:50.882+0000] {processor.py:208} INFO - Processing /home/airflow/.local/lib/python3.12/site-packages/airflow/example_dags/example_local_kubernetes_executor.py took 0.078 seconds
[2024-10-23T04:27:21.004+0000] {processor.py:186} INFO - Started process (PID=14254) to work on /home/airflow/.local/lib/python3.12/site-packages/airflow/example_dags/example_local_kubernetes_executor.py
[2024-10-23T04:27:21.004+0000] {processor.py:914} INFO - Processing file /home/airflow/.local/lib/python3.12/site-packages/airflow/example_dags/example_local_kubernetes_executor.py for tasks to queue
[2024-10-23T04:27:21.005+0000] {logging_mixin.py:190} INFO - [2024-10-23T04:27:21.005+0000] {dagbag.py:588} INFO - Filling up the DagBag from /home/airflow/.local/lib/python3.12/site-packages/airflow/example_dags/example_local_kubernetes_executor.py
[2024-10-23T04:27:21.014+0000] {processor.py:925} INFO - DAG(s) 'example_local_kubernetes_executor' retrieved from /home/airflow/.local/lib/python3.12/site-packages/airflow/example_dags/example_local_kubernetes_executor.py
[2024-10-23T04:27:21.040+0000] {logging_mixin.py:190} INFO - [2024-10-23T04:27:21.040+0000] {dag.py:3239} INFO - Sync 1 DAGs
[2024-10-23T04:27:21.049+0000] {logging_mixin.py:190} INFO - [2024-10-23T04:27:21.049+0000] {dag.py:4180} INFO - Setting next_dagrun for example_local_kubernetes_executor to None, run_after=None
[2024-10-23T04:27:21.063+0000] {processor.py:208} INFO - Processing /home/airflow/.local/lib/python3.12/site-packages/airflow/example_dags/example_local_kubernetes_executor.py took 0.063 seconds
[2024-10-23T04:27:52.223+0000] {processor.py:186} INFO - Started process (PID=14318) to work on /home/airflow/.local/lib/python3.12/site-packages/airflow/example_dags/example_local_kubernetes_executor.py
[2024-10-23T04:27:52.224+0000] {processor.py:914} INFO - Processing file /home/airflow/.local/lib/python3.12/site-packages/airflow/example_dags/example_local_kubernetes_executor.py for tasks to queue
[2024-10-23T04:27:52.225+0000] {logging_mixin.py:190} INFO - [2024-10-23T04:27:52.225+0000] {dagbag.py:588} INFO - Filling up the DagBag from /home/airflow/.local/lib/python3.12/site-packages/airflow/example_dags/example_local_kubernetes_executor.py
[2024-10-23T04:27:52.235+0000] {processor.py:925} INFO - DAG(s) 'example_local_kubernetes_executor' retrieved from /home/airflow/.local/lib/python3.12/site-packages/airflow/example_dags/example_local_kubernetes_executor.py
[2024-10-23T04:27:52.469+0000] {logging_mixin.py:190} INFO - [2024-10-23T04:27:52.468+0000] {dag.py:3239} INFO - Sync 1 DAGs
[2024-10-23T04:27:52.499+0000] {logging_mixin.py:190} INFO - [2024-10-23T04:27:52.499+0000] {dag.py:4180} INFO - Setting next_dagrun for example_local_kubernetes_executor to None, run_after=None
[2024-10-23T04:27:52.519+0000] {processor.py:208} INFO - Processing /home/airflow/.local/lib/python3.12/site-packages/airflow/example_dags/example_local_kubernetes_executor.py took 0.300 seconds
[2024-10-23T04:28:23.969+0000] {processor.py:186} INFO - Started process (PID=14381) to work on /home/airflow/.local/lib/python3.12/site-packages/airflow/example_dags/example_local_kubernetes_executor.py
[2024-10-23T04:28:23.971+0000] {processor.py:914} INFO - Processing file /home/airflow/.local/lib/python3.12/site-packages/airflow/example_dags/example_local_kubernetes_executor.py for tasks to queue
[2024-10-23T04:28:23.974+0000] {logging_mixin.py:190} INFO - [2024-10-23T04:28:23.974+0000] {dagbag.py:588} INFO - Filling up the DagBag from /home/airflow/.local/lib/python3.12/site-packages/airflow/example_dags/example_local_kubernetes_executor.py
[2024-10-23T04:28:23.983+0000] {processor.py:925} INFO - DAG(s) 'example_local_kubernetes_executor' retrieved from /home/airflow/.local/lib/python3.12/site-packages/airflow/example_dags/example_local_kubernetes_executor.py
[2024-10-23T04:28:24.052+0000] {logging_mixin.py:190} INFO - [2024-10-23T04:28:24.052+0000] {dag.py:3239} INFO - Sync 1 DAGs
[2024-10-23T04:28:24.067+0000] {logging_mixin.py:190} INFO - [2024-10-23T04:28:24.067+0000] {dag.py:4180} INFO - Setting next_dagrun for example_local_kubernetes_executor to None, run_after=None
[2024-10-23T04:28:24.087+0000] {processor.py:208} INFO - Processing /home/airflow/.local/lib/python3.12/site-packages/airflow/example_dags/example_local_kubernetes_executor.py took 0.125 seconds
[2024-10-23T04:28:54.555+0000] {processor.py:186} INFO - Started process (PID=14444) to work on /home/airflow/.local/lib/python3.12/site-packages/airflow/example_dags/example_local_kubernetes_executor.py
[2024-10-23T04:28:54.557+0000] {processor.py:914} INFO - Processing file /home/airflow/.local/lib/python3.12/site-packages/airflow/example_dags/example_local_kubernetes_executor.py for tasks to queue
[2024-10-23T04:28:54.558+0000] {logging_mixin.py:190} INFO - [2024-10-23T04:28:54.557+0000] {dagbag.py:588} INFO - Filling up the DagBag from /home/airflow/.local/lib/python3.12/site-packages/airflow/example_dags/example_local_kubernetes_executor.py
[2024-10-23T04:28:54.565+0000] {processor.py:925} INFO - DAG(s) 'example_local_kubernetes_executor' retrieved from /home/airflow/.local/lib/python3.12/site-packages/airflow/example_dags/example_local_kubernetes_executor.py
[2024-10-23T04:28:54.602+0000] {logging_mixin.py:190} INFO - [2024-10-23T04:28:54.601+0000] {dag.py:3239} INFO - Sync 1 DAGs
[2024-10-23T04:28:54.618+0000] {logging_mixin.py:190} INFO - [2024-10-23T04:28:54.618+0000] {dag.py:4180} INFO - Setting next_dagrun for example_local_kubernetes_executor to None, run_after=None
[2024-10-23T04:28:54.632+0000] {processor.py:208} INFO - Processing /home/airflow/.local/lib/python3.12/site-packages/airflow/example_dags/example_local_kubernetes_executor.py took 0.082 seconds
[2024-10-23T04:29:25.889+0000] {processor.py:186} INFO - Started process (PID=14507) to work on /home/airflow/.local/lib/python3.12/site-packages/airflow/example_dags/example_local_kubernetes_executor.py
[2024-10-23T04:29:25.890+0000] {processor.py:914} INFO - Processing file /home/airflow/.local/lib/python3.12/site-packages/airflow/example_dags/example_local_kubernetes_executor.py for tasks to queue
[2024-10-23T04:29:25.891+0000] {logging_mixin.py:190} INFO - [2024-10-23T04:29:25.891+0000] {dagbag.py:588} INFO - Filling up the DagBag from /home/airflow/.local/lib/python3.12/site-packages/airflow/example_dags/example_local_kubernetes_executor.py
[2024-10-23T04:29:25.900+0000] {processor.py:925} INFO - DAG(s) 'example_local_kubernetes_executor' retrieved from /home/airflow/.local/lib/python3.12/site-packages/airflow/example_dags/example_local_kubernetes_executor.py
[2024-10-23T04:29:25.929+0000] {logging_mixin.py:190} INFO - [2024-10-23T04:29:25.929+0000] {dag.py:3239} INFO - Sync 1 DAGs
[2024-10-23T04:29:25.942+0000] {logging_mixin.py:190} INFO - [2024-10-23T04:29:25.942+0000] {dag.py:4180} INFO - Setting next_dagrun for example_local_kubernetes_executor to None, run_after=None
[2024-10-23T04:29:25.965+0000] {processor.py:208} INFO - Processing /home/airflow/.local/lib/python3.12/site-packages/airflow/example_dags/example_local_kubernetes_executor.py took 0.083 seconds
[2024-10-23T04:29:56.515+0000] {processor.py:186} INFO - Started process (PID=14570) to work on /home/airflow/.local/lib/python3.12/site-packages/airflow/example_dags/example_local_kubernetes_executor.py
[2024-10-23T04:29:56.516+0000] {processor.py:914} INFO - Processing file /home/airflow/.local/lib/python3.12/site-packages/airflow/example_dags/example_local_kubernetes_executor.py for tasks to queue
[2024-10-23T04:29:56.517+0000] {logging_mixin.py:190} INFO - [2024-10-23T04:29:56.516+0000] {dagbag.py:588} INFO - Filling up the DagBag from /home/airflow/.local/lib/python3.12/site-packages/airflow/example_dags/example_local_kubernetes_executor.py
[2024-10-23T04:29:56.525+0000] {processor.py:925} INFO - DAG(s) 'example_local_kubernetes_executor' retrieved from /home/airflow/.local/lib/python3.12/site-packages/airflow/example_dags/example_local_kubernetes_executor.py
[2024-10-23T04:29:56.550+0000] {logging_mixin.py:190} INFO - [2024-10-23T04:29:56.549+0000] {dag.py:3239} INFO - Sync 1 DAGs
[2024-10-23T04:29:56.559+0000] {logging_mixin.py:190} INFO - [2024-10-23T04:29:56.559+0000] {dag.py:4180} INFO - Setting next_dagrun for example_local_kubernetes_executor to None, run_after=None
[2024-10-23T04:29:56.572+0000] {processor.py:208} INFO - Processing /home/airflow/.local/lib/python3.12/site-packages/airflow/example_dags/example_local_kubernetes_executor.py took 0.062 seconds
[2024-10-23T04:30:27.281+0000] {processor.py:186} INFO - Started process (PID=14633) to work on /home/airflow/.local/lib/python3.12/site-packages/airflow/example_dags/example_local_kubernetes_executor.py
[2024-10-23T04:30:27.281+0000] {processor.py:914} INFO - Processing file /home/airflow/.local/lib/python3.12/site-packages/airflow/example_dags/example_local_kubernetes_executor.py for tasks to queue
[2024-10-23T04:30:27.282+0000] {logging_mixin.py:190} INFO - [2024-10-23T04:30:27.282+0000] {dagbag.py:588} INFO - Filling up the DagBag from /home/airflow/.local/lib/python3.12/site-packages/airflow/example_dags/example_local_kubernetes_executor.py
[2024-10-23T04:30:27.292+0000] {processor.py:925} INFO - DAG(s) 'example_local_kubernetes_executor' retrieved from /home/airflow/.local/lib/python3.12/site-packages/airflow/example_dags/example_local_kubernetes_executor.py
[2024-10-23T04:30:27.316+0000] {logging_mixin.py:190} INFO - [2024-10-23T04:30:27.315+0000] {dag.py:3239} INFO - Sync 1 DAGs
[2024-10-23T04:30:27.327+0000] {logging_mixin.py:190} INFO - [2024-10-23T04:30:27.327+0000] {dag.py:4180} INFO - Setting next_dagrun for example_local_kubernetes_executor to None, run_after=None
[2024-10-23T04:30:27.338+0000] {processor.py:208} INFO - Processing /home/airflow/.local/lib/python3.12/site-packages/airflow/example_dags/example_local_kubernetes_executor.py took 0.062 seconds
[2024-10-23T04:30:57.848+0000] {processor.py:186} INFO - Started process (PID=14696) to work on /home/airflow/.local/lib/python3.12/site-packages/airflow/example_dags/example_local_kubernetes_executor.py
[2024-10-23T04:30:57.849+0000] {processor.py:914} INFO - Processing file /home/airflow/.local/lib/python3.12/site-packages/airflow/example_dags/example_local_kubernetes_executor.py for tasks to queue
[2024-10-23T04:30:57.850+0000] {logging_mixin.py:190} INFO - [2024-10-23T04:30:57.850+0000] {dagbag.py:588} INFO - Filling up the DagBag from /home/airflow/.local/lib/python3.12/site-packages/airflow/example_dags/example_local_kubernetes_executor.py
[2024-10-23T04:30:57.873+0000] {processor.py:925} INFO - DAG(s) 'example_local_kubernetes_executor' retrieved from /home/airflow/.local/lib/python3.12/site-packages/airflow/example_dags/example_local_kubernetes_executor.py
[2024-10-23T04:30:57.903+0000] {logging_mixin.py:190} INFO - [2024-10-23T04:30:57.902+0000] {dag.py:3239} INFO - Sync 1 DAGs
[2024-10-23T04:30:57.914+0000] {logging_mixin.py:190} INFO - [2024-10-23T04:30:57.913+0000] {dag.py:4180} INFO - Setting next_dagrun for example_local_kubernetes_executor to None, run_after=None
[2024-10-23T04:30:57.925+0000] {processor.py:208} INFO - Processing /home/airflow/.local/lib/python3.12/site-packages/airflow/example_dags/example_local_kubernetes_executor.py took 0.082 seconds
[2024-10-23T04:31:28.698+0000] {processor.py:186} INFO - Started process (PID=14759) to work on /home/airflow/.local/lib/python3.12/site-packages/airflow/example_dags/example_local_kubernetes_executor.py
[2024-10-23T04:31:28.699+0000] {processor.py:914} INFO - Processing file /home/airflow/.local/lib/python3.12/site-packages/airflow/example_dags/example_local_kubernetes_executor.py for tasks to queue
[2024-10-23T04:31:28.700+0000] {logging_mixin.py:190} INFO - [2024-10-23T04:31:28.700+0000] {dagbag.py:588} INFO - Filling up the DagBag from /home/airflow/.local/lib/python3.12/site-packages/airflow/example_dags/example_local_kubernetes_executor.py
[2024-10-23T04:31:28.708+0000] {processor.py:925} INFO - DAG(s) 'example_local_kubernetes_executor' retrieved from /home/airflow/.local/lib/python3.12/site-packages/airflow/example_dags/example_local_kubernetes_executor.py
[2024-10-23T04:31:28.732+0000] {logging_mixin.py:190} INFO - [2024-10-23T04:31:28.732+0000] {dag.py:3239} INFO - Sync 1 DAGs
[2024-10-23T04:31:28.743+0000] {logging_mixin.py:190} INFO - [2024-10-23T04:31:28.742+0000] {dag.py:4180} INFO - Setting next_dagrun for example_local_kubernetes_executor to None, run_after=None
[2024-10-23T04:31:28.758+0000] {processor.py:208} INFO - Processing /home/airflow/.local/lib/python3.12/site-packages/airflow/example_dags/example_local_kubernetes_executor.py took 0.063 seconds
[2024-10-23T04:32:00.375+0000] {processor.py:186} INFO - Started process (PID=14821) to work on /home/airflow/.local/lib/python3.12/site-packages/airflow/example_dags/example_local_kubernetes_executor.py
[2024-10-23T04:32:00.376+0000] {processor.py:914} INFO - Processing file /home/airflow/.local/lib/python3.12/site-packages/airflow/example_dags/example_local_kubernetes_executor.py for tasks to queue
[2024-10-23T04:32:00.377+0000] {logging_mixin.py:190} INFO - [2024-10-23T04:32:00.377+0000] {dagbag.py:588} INFO - Filling up the DagBag from /home/airflow/.local/lib/python3.12/site-packages/airflow/example_dags/example_local_kubernetes_executor.py
[2024-10-23T04:32:00.389+0000] {processor.py:925} INFO - DAG(s) 'example_local_kubernetes_executor' retrieved from /home/airflow/.local/lib/python3.12/site-packages/airflow/example_dags/example_local_kubernetes_executor.py
[2024-10-23T04:32:00.416+0000] {logging_mixin.py:190} INFO - [2024-10-23T04:32:00.416+0000] {dag.py:3239} INFO - Sync 1 DAGs
[2024-10-23T04:32:00.426+0000] {logging_mixin.py:190} INFO - [2024-10-23T04:32:00.426+0000] {dag.py:4180} INFO - Setting next_dagrun for example_local_kubernetes_executor to None, run_after=None
[2024-10-23T04:32:00.437+0000] {processor.py:208} INFO - Processing /home/airflow/.local/lib/python3.12/site-packages/airflow/example_dags/example_local_kubernetes_executor.py took 0.069 seconds
[2024-10-23T04:32:31.828+0000] {processor.py:186} INFO - Started process (PID=14884) to work on /home/airflow/.local/lib/python3.12/site-packages/airflow/example_dags/example_local_kubernetes_executor.py
[2024-10-23T04:32:31.829+0000] {processor.py:914} INFO - Processing file /home/airflow/.local/lib/python3.12/site-packages/airflow/example_dags/example_local_kubernetes_executor.py for tasks to queue
[2024-10-23T04:32:31.830+0000] {logging_mixin.py:190} INFO - [2024-10-23T04:32:31.830+0000] {dagbag.py:588} INFO - Filling up the DagBag from /home/airflow/.local/lib/python3.12/site-packages/airflow/example_dags/example_local_kubernetes_executor.py
[2024-10-23T04:32:31.842+0000] {processor.py:925} INFO - DAG(s) 'example_local_kubernetes_executor' retrieved from /home/airflow/.local/lib/python3.12/site-packages/airflow/example_dags/example_local_kubernetes_executor.py
[2024-10-23T04:32:31.874+0000] {logging_mixin.py:190} INFO - [2024-10-23T04:32:31.874+0000] {dag.py:3239} INFO - Sync 1 DAGs
[2024-10-23T04:32:31.887+0000] {logging_mixin.py:190} INFO - [2024-10-23T04:32:31.886+0000] {dag.py:4180} INFO - Setting next_dagrun for example_local_kubernetes_executor to None, run_after=None
[2024-10-23T04:32:31.900+0000] {processor.py:208} INFO - Processing /home/airflow/.local/lib/python3.12/site-packages/airflow/example_dags/example_local_kubernetes_executor.py took 0.085 seconds
[2024-10-23T04:33:02.784+0000] {processor.py:186} INFO - Started process (PID=14947) to work on /home/airflow/.local/lib/python3.12/site-packages/airflow/example_dags/example_local_kubernetes_executor.py
[2024-10-23T04:33:02.786+0000] {processor.py:914} INFO - Processing file /home/airflow/.local/lib/python3.12/site-packages/airflow/example_dags/example_local_kubernetes_executor.py for tasks to queue
[2024-10-23T04:33:02.787+0000] {logging_mixin.py:190} INFO - [2024-10-23T04:33:02.787+0000] {dagbag.py:588} INFO - Filling up the DagBag from /home/airflow/.local/lib/python3.12/site-packages/airflow/example_dags/example_local_kubernetes_executor.py
[2024-10-23T04:33:02.794+0000] {processor.py:925} INFO - DAG(s) 'example_local_kubernetes_executor' retrieved from /home/airflow/.local/lib/python3.12/site-packages/airflow/example_dags/example_local_kubernetes_executor.py
[2024-10-23T04:33:02.817+0000] {logging_mixin.py:190} INFO - [2024-10-23T04:33:02.817+0000] {dag.py:3239} INFO - Sync 1 DAGs
[2024-10-23T04:33:02.825+0000] {logging_mixin.py:190} INFO - [2024-10-23T04:33:02.825+0000] {dag.py:4180} INFO - Setting next_dagrun for example_local_kubernetes_executor to None, run_after=None
[2024-10-23T04:33:02.838+0000] {processor.py:208} INFO - Processing /home/airflow/.local/lib/python3.12/site-packages/airflow/example_dags/example_local_kubernetes_executor.py took 0.058 seconds
[2024-10-23T04:33:33.516+0000] {processor.py:186} INFO - Started process (PID=15010) to work on /home/airflow/.local/lib/python3.12/site-packages/airflow/example_dags/example_local_kubernetes_executor.py
[2024-10-23T04:33:33.518+0000] {processor.py:914} INFO - Processing file /home/airflow/.local/lib/python3.12/site-packages/airflow/example_dags/example_local_kubernetes_executor.py for tasks to queue
[2024-10-23T04:33:33.520+0000] {logging_mixin.py:190} INFO - [2024-10-23T04:33:33.519+0000] {dagbag.py:588} INFO - Filling up the DagBag from /home/airflow/.local/lib/python3.12/site-packages/airflow/example_dags/example_local_kubernetes_executor.py
[2024-10-23T04:33:33.527+0000] {processor.py:925} INFO - DAG(s) 'example_local_kubernetes_executor' retrieved from /home/airflow/.local/lib/python3.12/site-packages/airflow/example_dags/example_local_kubernetes_executor.py
[2024-10-23T04:33:33.557+0000] {logging_mixin.py:190} INFO - [2024-10-23T04:33:33.556+0000] {dag.py:3239} INFO - Sync 1 DAGs
[2024-10-23T04:33:33.566+0000] {logging_mixin.py:190} INFO - [2024-10-23T04:33:33.566+0000] {dag.py:4180} INFO - Setting next_dagrun for example_local_kubernetes_executor to None, run_after=None
[2024-10-23T04:33:33.579+0000] {processor.py:208} INFO - Processing /home/airflow/.local/lib/python3.12/site-packages/airflow/example_dags/example_local_kubernetes_executor.py took 0.068 seconds
[2024-10-23T04:34:04.587+0000] {processor.py:186} INFO - Started process (PID=15073) to work on /home/airflow/.local/lib/python3.12/site-packages/airflow/example_dags/example_local_kubernetes_executor.py
[2024-10-23T04:34:04.588+0000] {processor.py:914} INFO - Processing file /home/airflow/.local/lib/python3.12/site-packages/airflow/example_dags/example_local_kubernetes_executor.py for tasks to queue
[2024-10-23T04:34:04.589+0000] {logging_mixin.py:190} INFO - [2024-10-23T04:34:04.589+0000] {dagbag.py:588} INFO - Filling up the DagBag from /home/airflow/.local/lib/python3.12/site-packages/airflow/example_dags/example_local_kubernetes_executor.py
[2024-10-23T04:34:04.596+0000] {processor.py:925} INFO - DAG(s) 'example_local_kubernetes_executor' retrieved from /home/airflow/.local/lib/python3.12/site-packages/airflow/example_dags/example_local_kubernetes_executor.py
[2024-10-23T04:34:04.624+0000] {logging_mixin.py:190} INFO - [2024-10-23T04:34:04.623+0000] {dag.py:3239} INFO - Sync 1 DAGs
[2024-10-23T04:34:04.633+0000] {logging_mixin.py:190} INFO - [2024-10-23T04:34:04.632+0000] {dag.py:4180} INFO - Setting next_dagrun for example_local_kubernetes_executor to None, run_after=None
[2024-10-23T04:34:04.647+0000] {processor.py:208} INFO - Processing /home/airflow/.local/lib/python3.12/site-packages/airflow/example_dags/example_local_kubernetes_executor.py took 0.064 seconds
[2024-10-23T04:34:36.137+0000] {processor.py:186} INFO - Started process (PID=15136) to work on /home/airflow/.local/lib/python3.12/site-packages/airflow/example_dags/example_local_kubernetes_executor.py
[2024-10-23T04:34:36.139+0000] {processor.py:914} INFO - Processing file /home/airflow/.local/lib/python3.12/site-packages/airflow/example_dags/example_local_kubernetes_executor.py for tasks to queue
[2024-10-23T04:34:36.142+0000] {logging_mixin.py:190} INFO - [2024-10-23T04:34:36.141+0000] {dagbag.py:588} INFO - Filling up the DagBag from /home/airflow/.local/lib/python3.12/site-packages/airflow/example_dags/example_local_kubernetes_executor.py
[2024-10-23T04:34:36.150+0000] {processor.py:925} INFO - DAG(s) 'example_local_kubernetes_executor' retrieved from /home/airflow/.local/lib/python3.12/site-packages/airflow/example_dags/example_local_kubernetes_executor.py
[2024-10-23T04:34:36.185+0000] {logging_mixin.py:190} INFO - [2024-10-23T04:34:36.184+0000] {dag.py:3239} INFO - Sync 1 DAGs
[2024-10-23T04:34:36.197+0000] {logging_mixin.py:190} INFO - [2024-10-23T04:34:36.197+0000] {dag.py:4180} INFO - Setting next_dagrun for example_local_kubernetes_executor to None, run_after=None
[2024-10-23T04:34:36.216+0000] {processor.py:208} INFO - Processing /home/airflow/.local/lib/python3.12/site-packages/airflow/example_dags/example_local_kubernetes_executor.py took 0.088 seconds
[2024-10-23T04:35:07.599+0000] {processor.py:186} INFO - Started process (PID=15199) to work on /home/airflow/.local/lib/python3.12/site-packages/airflow/example_dags/example_local_kubernetes_executor.py
[2024-10-23T04:35:07.599+0000] {processor.py:914} INFO - Processing file /home/airflow/.local/lib/python3.12/site-packages/airflow/example_dags/example_local_kubernetes_executor.py for tasks to queue
[2024-10-23T04:35:07.600+0000] {logging_mixin.py:190} INFO - [2024-10-23T04:35:07.600+0000] {dagbag.py:588} INFO - Filling up the DagBag from /home/airflow/.local/lib/python3.12/site-packages/airflow/example_dags/example_local_kubernetes_executor.py
[2024-10-23T04:35:07.607+0000] {processor.py:925} INFO - DAG(s) 'example_local_kubernetes_executor' retrieved from /home/airflow/.local/lib/python3.12/site-packages/airflow/example_dags/example_local_kubernetes_executor.py
[2024-10-23T04:35:07.629+0000] {logging_mixin.py:190} INFO - [2024-10-23T04:35:07.628+0000] {dag.py:3239} INFO - Sync 1 DAGs
[2024-10-23T04:35:07.639+0000] {logging_mixin.py:190} INFO - [2024-10-23T04:35:07.639+0000] {dag.py:4180} INFO - Setting next_dagrun for example_local_kubernetes_executor to None, run_after=None
[2024-10-23T04:35:07.650+0000] {processor.py:208} INFO - Processing /home/airflow/.local/lib/python3.12/site-packages/airflow/example_dags/example_local_kubernetes_executor.py took 0.056 seconds
[2024-10-23T04:35:39.883+0000] {processor.py:186} INFO - Started process (PID=15265) to work on /home/airflow/.local/lib/python3.12/site-packages/airflow/example_dags/example_local_kubernetes_executor.py
[2024-10-23T04:35:39.887+0000] {processor.py:914} INFO - Processing file /home/airflow/.local/lib/python3.12/site-packages/airflow/example_dags/example_local_kubernetes_executor.py for tasks to queue
[2024-10-23T04:35:39.889+0000] {logging_mixin.py:190} INFO - [2024-10-23T04:35:39.889+0000] {dagbag.py:588} INFO - Filling up the DagBag from /home/airflow/.local/lib/python3.12/site-packages/airflow/example_dags/example_local_kubernetes_executor.py
[2024-10-23T04:35:39.898+0000] {processor.py:925} INFO - DAG(s) 'example_local_kubernetes_executor' retrieved from /home/airflow/.local/lib/python3.12/site-packages/airflow/example_dags/example_local_kubernetes_executor.py
[2024-10-23T04:35:39.930+0000] {logging_mixin.py:190} INFO - [2024-10-23T04:35:39.930+0000] {dag.py:3239} INFO - Sync 1 DAGs
[2024-10-23T04:35:39.940+0000] {logging_mixin.py:190} INFO - [2024-10-23T04:35:39.940+0000] {dag.py:4180} INFO - Setting next_dagrun for example_local_kubernetes_executor to None, run_after=None
[2024-10-23T04:35:39.953+0000] {processor.py:208} INFO - Processing /home/airflow/.local/lib/python3.12/site-packages/airflow/example_dags/example_local_kubernetes_executor.py took 0.074 seconds
[2024-10-23T04:36:11.345+0000] {processor.py:186} INFO - Started process (PID=15330) to work on /home/airflow/.local/lib/python3.12/site-packages/airflow/example_dags/example_local_kubernetes_executor.py
[2024-10-23T04:36:11.346+0000] {processor.py:914} INFO - Processing file /home/airflow/.local/lib/python3.12/site-packages/airflow/example_dags/example_local_kubernetes_executor.py for tasks to queue
[2024-10-23T04:36:11.347+0000] {logging_mixin.py:190} INFO - [2024-10-23T04:36:11.347+0000] {dagbag.py:588} INFO - Filling up the DagBag from /home/airflow/.local/lib/python3.12/site-packages/airflow/example_dags/example_local_kubernetes_executor.py
[2024-10-23T04:36:11.359+0000] {processor.py:925} INFO - DAG(s) 'example_local_kubernetes_executor' retrieved from /home/airflow/.local/lib/python3.12/site-packages/airflow/example_dags/example_local_kubernetes_executor.py
[2024-10-23T04:36:11.395+0000] {logging_mixin.py:190} INFO - [2024-10-23T04:36:11.395+0000] {dag.py:3239} INFO - Sync 1 DAGs
[2024-10-23T04:36:11.416+0000] {logging_mixin.py:190} INFO - [2024-10-23T04:36:11.416+0000] {dag.py:4180} INFO - Setting next_dagrun for example_local_kubernetes_executor to None, run_after=None
[2024-10-23T04:36:11.436+0000] {processor.py:208} INFO - Processing /home/airflow/.local/lib/python3.12/site-packages/airflow/example_dags/example_local_kubernetes_executor.py took 0.097 seconds
[2024-10-23T04:36:42.602+0000] {processor.py:186} INFO - Started process (PID=15394) to work on /home/airflow/.local/lib/python3.12/site-packages/airflow/example_dags/example_local_kubernetes_executor.py
[2024-10-23T04:36:42.602+0000] {processor.py:914} INFO - Processing file /home/airflow/.local/lib/python3.12/site-packages/airflow/example_dags/example_local_kubernetes_executor.py for tasks to queue
[2024-10-23T04:36:42.603+0000] {logging_mixin.py:190} INFO - [2024-10-23T04:36:42.603+0000] {dagbag.py:588} INFO - Filling up the DagBag from /home/airflow/.local/lib/python3.12/site-packages/airflow/example_dags/example_local_kubernetes_executor.py
[2024-10-23T04:36:42.612+0000] {processor.py:925} INFO - DAG(s) 'example_local_kubernetes_executor' retrieved from /home/airflow/.local/lib/python3.12/site-packages/airflow/example_dags/example_local_kubernetes_executor.py
[2024-10-23T04:36:42.641+0000] {logging_mixin.py:190} INFO - [2024-10-23T04:36:42.641+0000] {dag.py:3239} INFO - Sync 1 DAGs
[2024-10-23T04:36:42.654+0000] {logging_mixin.py:190} INFO - [2024-10-23T04:36:42.654+0000] {dag.py:4180} INFO - Setting next_dagrun for example_local_kubernetes_executor to None, run_after=None
[2024-10-23T04:36:42.669+0000] {processor.py:208} INFO - Processing /home/airflow/.local/lib/python3.12/site-packages/airflow/example_dags/example_local_kubernetes_executor.py took 0.073 seconds
[2024-10-23T04:37:14.635+0000] {processor.py:186} INFO - Started process (PID=15457) to work on /home/airflow/.local/lib/python3.12/site-packages/airflow/example_dags/example_local_kubernetes_executor.py
[2024-10-23T04:37:14.636+0000] {processor.py:914} INFO - Processing file /home/airflow/.local/lib/python3.12/site-packages/airflow/example_dags/example_local_kubernetes_executor.py for tasks to queue
[2024-10-23T04:37:14.636+0000] {logging_mixin.py:190} INFO - [2024-10-23T04:37:14.636+0000] {dagbag.py:588} INFO - Filling up the DagBag from /home/airflow/.local/lib/python3.12/site-packages/airflow/example_dags/example_local_kubernetes_executor.py
[2024-10-23T04:37:14.645+0000] {processor.py:925} INFO - DAG(s) 'example_local_kubernetes_executor' retrieved from /home/airflow/.local/lib/python3.12/site-packages/airflow/example_dags/example_local_kubernetes_executor.py
[2024-10-23T04:37:14.679+0000] {logging_mixin.py:190} INFO - [2024-10-23T04:37:14.678+0000] {dag.py:3239} INFO - Sync 1 DAGs
[2024-10-23T04:37:14.715+0000] {logging_mixin.py:190} INFO - [2024-10-23T04:37:14.715+0000] {dag.py:4180} INFO - Setting next_dagrun for example_local_kubernetes_executor to None, run_after=None
[2024-10-23T04:37:14.737+0000] {processor.py:208} INFO - Processing /home/airflow/.local/lib/python3.12/site-packages/airflow/example_dags/example_local_kubernetes_executor.py took 0.107 seconds
[2024-10-23T04:37:46.400+0000] {processor.py:186} INFO - Started process (PID=15520) to work on /home/airflow/.local/lib/python3.12/site-packages/airflow/example_dags/example_local_kubernetes_executor.py
[2024-10-23T04:37:46.401+0000] {processor.py:914} INFO - Processing file /home/airflow/.local/lib/python3.12/site-packages/airflow/example_dags/example_local_kubernetes_executor.py for tasks to queue
[2024-10-23T04:37:46.403+0000] {logging_mixin.py:190} INFO - [2024-10-23T04:37:46.402+0000] {dagbag.py:588} INFO - Filling up the DagBag from /home/airflow/.local/lib/python3.12/site-packages/airflow/example_dags/example_local_kubernetes_executor.py
[2024-10-23T04:37:46.417+0000] {processor.py:925} INFO - DAG(s) 'example_local_kubernetes_executor' retrieved from /home/airflow/.local/lib/python3.12/site-packages/airflow/example_dags/example_local_kubernetes_executor.py
[2024-10-23T04:37:46.455+0000] {logging_mixin.py:190} INFO - [2024-10-23T04:37:46.455+0000] {dag.py:3239} INFO - Sync 1 DAGs
[2024-10-23T04:37:46.468+0000] {logging_mixin.py:190} INFO - [2024-10-23T04:37:46.468+0000] {dag.py:4180} INFO - Setting next_dagrun for example_local_kubernetes_executor to None, run_after=None
[2024-10-23T04:37:46.481+0000] {processor.py:208} INFO - Processing /home/airflow/.local/lib/python3.12/site-packages/airflow/example_dags/example_local_kubernetes_executor.py took 0.087 seconds
[2024-10-23T04:38:17.500+0000] {processor.py:186} INFO - Started process (PID=15583) to work on /home/airflow/.local/lib/python3.12/site-packages/airflow/example_dags/example_local_kubernetes_executor.py
[2024-10-23T04:38:17.504+0000] {processor.py:914} INFO - Processing file /home/airflow/.local/lib/python3.12/site-packages/airflow/example_dags/example_local_kubernetes_executor.py for tasks to queue
[2024-10-23T04:38:17.512+0000] {logging_mixin.py:190} INFO - [2024-10-23T04:38:17.510+0000] {dagbag.py:588} INFO - Filling up the DagBag from /home/airflow/.local/lib/python3.12/site-packages/airflow/example_dags/example_local_kubernetes_executor.py
[2024-10-23T04:38:17.565+0000] {processor.py:925} INFO - DAG(s) 'example_local_kubernetes_executor' retrieved from /home/airflow/.local/lib/python3.12/site-packages/airflow/example_dags/example_local_kubernetes_executor.py
[2024-10-23T04:38:17.675+0000] {logging_mixin.py:190} INFO - [2024-10-23T04:38:17.674+0000] {dag.py:3239} INFO - Sync 1 DAGs
[2024-10-23T04:38:17.717+0000] {logging_mixin.py:190} INFO - [2024-10-23T04:38:17.717+0000] {dag.py:4180} INFO - Setting next_dagrun for example_local_kubernetes_executor to None, run_after=None
[2024-10-23T04:38:17.760+0000] {processor.py:208} INFO - Processing /home/airflow/.local/lib/python3.12/site-packages/airflow/example_dags/example_local_kubernetes_executor.py took 0.274 seconds
[2024-10-23T04:38:49.518+0000] {processor.py:186} INFO - Started process (PID=15652) to work on /home/airflow/.local/lib/python3.12/site-packages/airflow/example_dags/example_local_kubernetes_executor.py
[2024-10-23T04:38:49.519+0000] {processor.py:914} INFO - Processing file /home/airflow/.local/lib/python3.12/site-packages/airflow/example_dags/example_local_kubernetes_executor.py for tasks to queue
[2024-10-23T04:38:49.520+0000] {logging_mixin.py:190} INFO - [2024-10-23T04:38:49.520+0000] {dagbag.py:588} INFO - Filling up the DagBag from /home/airflow/.local/lib/python3.12/site-packages/airflow/example_dags/example_local_kubernetes_executor.py
[2024-10-23T04:38:49.532+0000] {processor.py:925} INFO - DAG(s) 'example_local_kubernetes_executor' retrieved from /home/airflow/.local/lib/python3.12/site-packages/airflow/example_dags/example_local_kubernetes_executor.py
[2024-10-23T04:38:49.559+0000] {logging_mixin.py:190} INFO - [2024-10-23T04:38:49.559+0000] {dag.py:3239} INFO - Sync 1 DAGs
[2024-10-23T04:38:49.570+0000] {logging_mixin.py:190} INFO - [2024-10-23T04:38:49.569+0000] {dag.py:4180} INFO - Setting next_dagrun for example_local_kubernetes_executor to None, run_after=None
[2024-10-23T04:38:49.582+0000] {processor.py:208} INFO - Processing /home/airflow/.local/lib/python3.12/site-packages/airflow/example_dags/example_local_kubernetes_executor.py took 0.069 seconds
[2024-10-23T04:39:21.993+0000] {processor.py:186} INFO - Started process (PID=15715) to work on /home/airflow/.local/lib/python3.12/site-packages/airflow/example_dags/example_local_kubernetes_executor.py
[2024-10-23T04:39:21.994+0000] {processor.py:914} INFO - Processing file /home/airflow/.local/lib/python3.12/site-packages/airflow/example_dags/example_local_kubernetes_executor.py for tasks to queue
[2024-10-23T04:39:21.995+0000] {logging_mixin.py:190} INFO - [2024-10-23T04:39:21.995+0000] {dagbag.py:588} INFO - Filling up the DagBag from /home/airflow/.local/lib/python3.12/site-packages/airflow/example_dags/example_local_kubernetes_executor.py
[2024-10-23T04:39:22.007+0000] {processor.py:925} INFO - DAG(s) 'example_local_kubernetes_executor' retrieved from /home/airflow/.local/lib/python3.12/site-packages/airflow/example_dags/example_local_kubernetes_executor.py
[2024-10-23T04:39:22.041+0000] {logging_mixin.py:190} INFO - [2024-10-23T04:39:22.041+0000] {dag.py:3239} INFO - Sync 1 DAGs
[2024-10-23T04:39:22.060+0000] {logging_mixin.py:190} INFO - [2024-10-23T04:39:22.060+0000] {dag.py:4180} INFO - Setting next_dagrun for example_local_kubernetes_executor to None, run_after=None
[2024-10-23T04:39:22.087+0000] {processor.py:208} INFO - Processing /home/airflow/.local/lib/python3.12/site-packages/airflow/example_dags/example_local_kubernetes_executor.py took 0.101 seconds
[2024-10-23T04:39:53.218+0000] {processor.py:186} INFO - Started process (PID=15778) to work on /home/airflow/.local/lib/python3.12/site-packages/airflow/example_dags/example_local_kubernetes_executor.py
[2024-10-23T04:39:53.220+0000] {processor.py:914} INFO - Processing file /home/airflow/.local/lib/python3.12/site-packages/airflow/example_dags/example_local_kubernetes_executor.py for tasks to queue
[2024-10-23T04:39:53.221+0000] {logging_mixin.py:190} INFO - [2024-10-23T04:39:53.221+0000] {dagbag.py:588} INFO - Filling up the DagBag from /home/airflow/.local/lib/python3.12/site-packages/airflow/example_dags/example_local_kubernetes_executor.py
[2024-10-23T04:39:53.230+0000] {processor.py:925} INFO - DAG(s) 'example_local_kubernetes_executor' retrieved from /home/airflow/.local/lib/python3.12/site-packages/airflow/example_dags/example_local_kubernetes_executor.py
[2024-10-23T04:39:53.266+0000] {logging_mixin.py:190} INFO - [2024-10-23T04:39:53.266+0000] {dag.py:3239} INFO - Sync 1 DAGs
[2024-10-23T04:39:53.283+0000] {logging_mixin.py:190} INFO - [2024-10-23T04:39:53.282+0000] {dag.py:4180} INFO - Setting next_dagrun for example_local_kubernetes_executor to None, run_after=None
[2024-10-23T04:39:53.300+0000] {processor.py:208} INFO - Processing /home/airflow/.local/lib/python3.12/site-packages/airflow/example_dags/example_local_kubernetes_executor.py took 0.089 seconds
[2024-10-23T04:40:24.926+0000] {processor.py:186} INFO - Started process (PID=15841) to work on /home/airflow/.local/lib/python3.12/site-packages/airflow/example_dags/example_local_kubernetes_executor.py
[2024-10-23T04:40:24.928+0000] {processor.py:914} INFO - Processing file /home/airflow/.local/lib/python3.12/site-packages/airflow/example_dags/example_local_kubernetes_executor.py for tasks to queue
[2024-10-23T04:40:24.929+0000] {logging_mixin.py:190} INFO - [2024-10-23T04:40:24.928+0000] {dagbag.py:588} INFO - Filling up the DagBag from /home/airflow/.local/lib/python3.12/site-packages/airflow/example_dags/example_local_kubernetes_executor.py
[2024-10-23T04:40:24.948+0000] {processor.py:925} INFO - DAG(s) 'example_local_kubernetes_executor' retrieved from /home/airflow/.local/lib/python3.12/site-packages/airflow/example_dags/example_local_kubernetes_executor.py
[2024-10-23T04:40:25.299+0000] {logging_mixin.py:190} INFO - [2024-10-23T04:40:25.298+0000] {dag.py:3239} INFO - Sync 1 DAGs
[2024-10-23T04:40:25.317+0000] {logging_mixin.py:190} INFO - [2024-10-23T04:40:25.316+0000] {dag.py:4180} INFO - Setting next_dagrun for example_local_kubernetes_executor to None, run_after=None
[2024-10-23T04:40:25.366+0000] {processor.py:208} INFO - Processing /home/airflow/.local/lib/python3.12/site-packages/airflow/example_dags/example_local_kubernetes_executor.py took 0.444 seconds
[2024-10-23T04:40:56.133+0000] {processor.py:186} INFO - Started process (PID=15904) to work on /home/airflow/.local/lib/python3.12/site-packages/airflow/example_dags/example_local_kubernetes_executor.py
[2024-10-23T04:40:56.134+0000] {processor.py:914} INFO - Processing file /home/airflow/.local/lib/python3.12/site-packages/airflow/example_dags/example_local_kubernetes_executor.py for tasks to queue
[2024-10-23T04:40:56.137+0000] {logging_mixin.py:190} INFO - [2024-10-23T04:40:56.137+0000] {dagbag.py:588} INFO - Filling up the DagBag from /home/airflow/.local/lib/python3.12/site-packages/airflow/example_dags/example_local_kubernetes_executor.py
[2024-10-23T04:40:56.155+0000] {processor.py:925} INFO - DAG(s) 'example_local_kubernetes_executor' retrieved from /home/airflow/.local/lib/python3.12/site-packages/airflow/example_dags/example_local_kubernetes_executor.py
[2024-10-23T04:40:56.211+0000] {logging_mixin.py:190} INFO - [2024-10-23T04:40:56.210+0000] {dag.py:3239} INFO - Sync 1 DAGs
[2024-10-23T04:40:56.241+0000] {logging_mixin.py:190} INFO - [2024-10-23T04:40:56.241+0000] {dag.py:4180} INFO - Setting next_dagrun for example_local_kubernetes_executor to None, run_after=None
[2024-10-23T04:40:56.284+0000] {processor.py:208} INFO - Processing /home/airflow/.local/lib/python3.12/site-packages/airflow/example_dags/example_local_kubernetes_executor.py took 0.162 seconds
[2024-10-23T04:41:26.914+0000] {processor.py:186} INFO - Started process (PID=15967) to work on /home/airflow/.local/lib/python3.12/site-packages/airflow/example_dags/example_local_kubernetes_executor.py
[2024-10-23T04:41:26.915+0000] {processor.py:914} INFO - Processing file /home/airflow/.local/lib/python3.12/site-packages/airflow/example_dags/example_local_kubernetes_executor.py for tasks to queue
[2024-10-23T04:41:26.916+0000] {logging_mixin.py:190} INFO - [2024-10-23T04:41:26.916+0000] {dagbag.py:588} INFO - Filling up the DagBag from /home/airflow/.local/lib/python3.12/site-packages/airflow/example_dags/example_local_kubernetes_executor.py
[2024-10-23T04:41:26.936+0000] {processor.py:925} INFO - DAG(s) 'example_local_kubernetes_executor' retrieved from /home/airflow/.local/lib/python3.12/site-packages/airflow/example_dags/example_local_kubernetes_executor.py
[2024-10-23T04:41:26.993+0000] {logging_mixin.py:190} INFO - [2024-10-23T04:41:26.993+0000] {dag.py:3239} INFO - Sync 1 DAGs
[2024-10-23T04:41:27.010+0000] {logging_mixin.py:190} INFO - [2024-10-23T04:41:27.009+0000] {dag.py:4180} INFO - Setting next_dagrun for example_local_kubernetes_executor to None, run_after=None
[2024-10-23T04:41:27.024+0000] {processor.py:208} INFO - Processing /home/airflow/.local/lib/python3.12/site-packages/airflow/example_dags/example_local_kubernetes_executor.py took 0.115 seconds
[2024-10-23T04:41:57.775+0000] {processor.py:186} INFO - Started process (PID=16030) to work on /home/airflow/.local/lib/python3.12/site-packages/airflow/example_dags/example_local_kubernetes_executor.py
[2024-10-23T04:41:57.776+0000] {processor.py:914} INFO - Processing file /home/airflow/.local/lib/python3.12/site-packages/airflow/example_dags/example_local_kubernetes_executor.py for tasks to queue
[2024-10-23T04:41:57.779+0000] {logging_mixin.py:190} INFO - [2024-10-23T04:41:57.778+0000] {dagbag.py:588} INFO - Filling up the DagBag from /home/airflow/.local/lib/python3.12/site-packages/airflow/example_dags/example_local_kubernetes_executor.py
[2024-10-23T04:41:57.796+0000] {processor.py:925} INFO - DAG(s) 'example_local_kubernetes_executor' retrieved from /home/airflow/.local/lib/python3.12/site-packages/airflow/example_dags/example_local_kubernetes_executor.py
[2024-10-23T04:41:57.842+0000] {logging_mixin.py:190} INFO - [2024-10-23T04:41:57.842+0000] {dag.py:3239} INFO - Sync 1 DAGs
[2024-10-23T04:41:57.870+0000] {logging_mixin.py:190} INFO - [2024-10-23T04:41:57.870+0000] {dag.py:4180} INFO - Setting next_dagrun for example_local_kubernetes_executor to None, run_after=None
[2024-10-23T04:41:57.888+0000] {processor.py:208} INFO - Processing /home/airflow/.local/lib/python3.12/site-packages/airflow/example_dags/example_local_kubernetes_executor.py took 0.121 seconds
[2024-10-23T04:42:27.957+0000] {processor.py:186} INFO - Started process (PID=16092) to work on /home/airflow/.local/lib/python3.12/site-packages/airflow/example_dags/example_local_kubernetes_executor.py
[2024-10-23T04:42:27.958+0000] {processor.py:914} INFO - Processing file /home/airflow/.local/lib/python3.12/site-packages/airflow/example_dags/example_local_kubernetes_executor.py for tasks to queue
[2024-10-23T04:42:27.960+0000] {logging_mixin.py:190} INFO - [2024-10-23T04:42:27.959+0000] {dagbag.py:588} INFO - Filling up the DagBag from /home/airflow/.local/lib/python3.12/site-packages/airflow/example_dags/example_local_kubernetes_executor.py
[2024-10-23T04:42:27.973+0000] {processor.py:925} INFO - DAG(s) 'example_local_kubernetes_executor' retrieved from /home/airflow/.local/lib/python3.12/site-packages/airflow/example_dags/example_local_kubernetes_executor.py
[2024-10-23T04:42:28.048+0000] {logging_mixin.py:190} INFO - [2024-10-23T04:42:28.047+0000] {dag.py:3239} INFO - Sync 1 DAGs
[2024-10-23T04:42:28.069+0000] {logging_mixin.py:190} INFO - [2024-10-23T04:42:28.069+0000] {dag.py:4180} INFO - Setting next_dagrun for example_local_kubernetes_executor to None, run_after=None
[2024-10-23T04:42:28.085+0000] {processor.py:208} INFO - Processing /home/airflow/.local/lib/python3.12/site-packages/airflow/example_dags/example_local_kubernetes_executor.py took 0.135 seconds
[2024-10-23T04:42:58.992+0000] {processor.py:186} INFO - Started process (PID=16156) to work on /home/airflow/.local/lib/python3.12/site-packages/airflow/example_dags/example_local_kubernetes_executor.py
[2024-10-23T04:42:58.994+0000] {processor.py:914} INFO - Processing file /home/airflow/.local/lib/python3.12/site-packages/airflow/example_dags/example_local_kubernetes_executor.py for tasks to queue
[2024-10-23T04:42:58.999+0000] {logging_mixin.py:190} INFO - [2024-10-23T04:42:58.998+0000] {dagbag.py:588} INFO - Filling up the DagBag from /home/airflow/.local/lib/python3.12/site-packages/airflow/example_dags/example_local_kubernetes_executor.py
[2024-10-23T04:42:59.025+0000] {processor.py:925} INFO - DAG(s) 'example_local_kubernetes_executor' retrieved from /home/airflow/.local/lib/python3.12/site-packages/airflow/example_dags/example_local_kubernetes_executor.py
[2024-10-23T04:42:59.098+0000] {logging_mixin.py:190} INFO - [2024-10-23T04:42:59.098+0000] {dag.py:3239} INFO - Sync 1 DAGs
[2024-10-23T04:42:59.118+0000] {logging_mixin.py:190} INFO - [2024-10-23T04:42:59.118+0000] {dag.py:4180} INFO - Setting next_dagrun for example_local_kubernetes_executor to None, run_after=None
[2024-10-23T04:42:59.143+0000] {processor.py:208} INFO - Processing /home/airflow/.local/lib/python3.12/site-packages/airflow/example_dags/example_local_kubernetes_executor.py took 0.176 seconds
[2024-10-23T04:43:30.029+0000] {processor.py:186} INFO - Started process (PID=16219) to work on /home/airflow/.local/lib/python3.12/site-packages/airflow/example_dags/example_local_kubernetes_executor.py
[2024-10-23T04:43:30.032+0000] {processor.py:914} INFO - Processing file /home/airflow/.local/lib/python3.12/site-packages/airflow/example_dags/example_local_kubernetes_executor.py for tasks to queue
[2024-10-23T04:43:30.038+0000] {logging_mixin.py:190} INFO - [2024-10-23T04:43:30.037+0000] {dagbag.py:588} INFO - Filling up the DagBag from /home/airflow/.local/lib/python3.12/site-packages/airflow/example_dags/example_local_kubernetes_executor.py
[2024-10-23T04:43:30.055+0000] {processor.py:925} INFO - DAG(s) 'example_local_kubernetes_executor' retrieved from /home/airflow/.local/lib/python3.12/site-packages/airflow/example_dags/example_local_kubernetes_executor.py
[2024-10-23T04:43:30.094+0000] {logging_mixin.py:190} INFO - [2024-10-23T04:43:30.094+0000] {dag.py:3239} INFO - Sync 1 DAGs
[2024-10-23T04:43:30.109+0000] {logging_mixin.py:190} INFO - [2024-10-23T04:43:30.109+0000] {dag.py:4180} INFO - Setting next_dagrun for example_local_kubernetes_executor to None, run_after=None
[2024-10-23T04:43:30.124+0000] {processor.py:208} INFO - Processing /home/airflow/.local/lib/python3.12/site-packages/airflow/example_dags/example_local_kubernetes_executor.py took 0.102 seconds
[2024-10-23T04:44:00.146+0000] {processor.py:186} INFO - Started process (PID=16281) to work on /home/airflow/.local/lib/python3.12/site-packages/airflow/example_dags/example_local_kubernetes_executor.py
[2024-10-23T04:44:00.147+0000] {processor.py:914} INFO - Processing file /home/airflow/.local/lib/python3.12/site-packages/airflow/example_dags/example_local_kubernetes_executor.py for tasks to queue
[2024-10-23T04:44:00.148+0000] {logging_mixin.py:190} INFO - [2024-10-23T04:44:00.148+0000] {dagbag.py:588} INFO - Filling up the DagBag from /home/airflow/.local/lib/python3.12/site-packages/airflow/example_dags/example_local_kubernetes_executor.py
[2024-10-23T04:44:00.157+0000] {processor.py:925} INFO - DAG(s) 'example_local_kubernetes_executor' retrieved from /home/airflow/.local/lib/python3.12/site-packages/airflow/example_dags/example_local_kubernetes_executor.py
[2024-10-23T04:44:00.181+0000] {logging_mixin.py:190} INFO - [2024-10-23T04:44:00.181+0000] {dag.py:3239} INFO - Sync 1 DAGs
[2024-10-23T04:44:00.191+0000] {logging_mixin.py:190} INFO - [2024-10-23T04:44:00.191+0000] {dag.py:4180} INFO - Setting next_dagrun for example_local_kubernetes_executor to None, run_after=None
[2024-10-23T04:44:00.202+0000] {processor.py:208} INFO - Processing /home/airflow/.local/lib/python3.12/site-packages/airflow/example_dags/example_local_kubernetes_executor.py took 0.060 seconds
[2024-10-23T04:44:31.773+0000] {processor.py:186} INFO - Started process (PID=16345) to work on /home/airflow/.local/lib/python3.12/site-packages/airflow/example_dags/example_local_kubernetes_executor.py
[2024-10-23T04:44:31.774+0000] {processor.py:914} INFO - Processing file /home/airflow/.local/lib/python3.12/site-packages/airflow/example_dags/example_local_kubernetes_executor.py for tasks to queue
[2024-10-23T04:44:31.777+0000] {logging_mixin.py:190} INFO - [2024-10-23T04:44:31.775+0000] {dagbag.py:588} INFO - Filling up the DagBag from /home/airflow/.local/lib/python3.12/site-packages/airflow/example_dags/example_local_kubernetes_executor.py
[2024-10-23T04:44:31.793+0000] {processor.py:925} INFO - DAG(s) 'example_local_kubernetes_executor' retrieved from /home/airflow/.local/lib/python3.12/site-packages/airflow/example_dags/example_local_kubernetes_executor.py
[2024-10-23T04:44:31.832+0000] {logging_mixin.py:190} INFO - [2024-10-23T04:44:31.832+0000] {dag.py:3239} INFO - Sync 1 DAGs
[2024-10-23T04:44:31.846+0000] {logging_mixin.py:190} INFO - [2024-10-23T04:44:31.846+0000] {dag.py:4180} INFO - Setting next_dagrun for example_local_kubernetes_executor to None, run_after=None
[2024-10-23T04:44:31.865+0000] {processor.py:208} INFO - Processing /home/airflow/.local/lib/python3.12/site-packages/airflow/example_dags/example_local_kubernetes_executor.py took 0.097 seconds
[2024-10-23T04:45:02.501+0000] {processor.py:186} INFO - Started process (PID=16408) to work on /home/airflow/.local/lib/python3.12/site-packages/airflow/example_dags/example_local_kubernetes_executor.py
[2024-10-23T04:45:02.502+0000] {processor.py:914} INFO - Processing file /home/airflow/.local/lib/python3.12/site-packages/airflow/example_dags/example_local_kubernetes_executor.py for tasks to queue
[2024-10-23T04:45:02.503+0000] {logging_mixin.py:190} INFO - [2024-10-23T04:45:02.503+0000] {dagbag.py:588} INFO - Filling up the DagBag from /home/airflow/.local/lib/python3.12/site-packages/airflow/example_dags/example_local_kubernetes_executor.py
[2024-10-23T04:45:02.512+0000] {processor.py:925} INFO - DAG(s) 'example_local_kubernetes_executor' retrieved from /home/airflow/.local/lib/python3.12/site-packages/airflow/example_dags/example_local_kubernetes_executor.py
[2024-10-23T04:45:02.534+0000] {logging_mixin.py:190} INFO - [2024-10-23T04:45:02.534+0000] {dag.py:3239} INFO - Sync 1 DAGs
[2024-10-23T04:45:02.549+0000] {logging_mixin.py:190} INFO - [2024-10-23T04:45:02.549+0000] {dag.py:4180} INFO - Setting next_dagrun for example_local_kubernetes_executor to None, run_after=None
[2024-10-23T04:45:02.560+0000] {processor.py:208} INFO - Processing /home/airflow/.local/lib/python3.12/site-packages/airflow/example_dags/example_local_kubernetes_executor.py took 0.063 seconds
[2024-10-23T04:45:32.720+0000] {processor.py:186} INFO - Started process (PID=16471) to work on /home/airflow/.local/lib/python3.12/site-packages/airflow/example_dags/example_local_kubernetes_executor.py
[2024-10-23T04:45:32.720+0000] {processor.py:914} INFO - Processing file /home/airflow/.local/lib/python3.12/site-packages/airflow/example_dags/example_local_kubernetes_executor.py for tasks to queue
[2024-10-23T04:45:32.722+0000] {logging_mixin.py:190} INFO - [2024-10-23T04:45:32.721+0000] {dagbag.py:588} INFO - Filling up the DagBag from /home/airflow/.local/lib/python3.12/site-packages/airflow/example_dags/example_local_kubernetes_executor.py
[2024-10-23T04:45:32.731+0000] {processor.py:925} INFO - DAG(s) 'example_local_kubernetes_executor' retrieved from /home/airflow/.local/lib/python3.12/site-packages/airflow/example_dags/example_local_kubernetes_executor.py
[2024-10-23T04:45:32.762+0000] {logging_mixin.py:190} INFO - [2024-10-23T04:45:32.761+0000] {dag.py:3239} INFO - Sync 1 DAGs
[2024-10-23T04:45:32.771+0000] {logging_mixin.py:190} INFO - [2024-10-23T04:45:32.771+0000] {dag.py:4180} INFO - Setting next_dagrun for example_local_kubernetes_executor to None, run_after=None
[2024-10-23T04:45:32.784+0000] {processor.py:208} INFO - Processing /home/airflow/.local/lib/python3.12/site-packages/airflow/example_dags/example_local_kubernetes_executor.py took 0.069 seconds
[2024-10-23T07:12:07.743+0000] {processor.py:186} INFO - Started process (PID=34482) to work on /home/airflow/.local/lib/python3.12/site-packages/airflow/example_dags/example_local_kubernetes_executor.py
[2024-10-23T07:12:07.745+0000] {processor.py:914} INFO - Processing file /home/airflow/.local/lib/python3.12/site-packages/airflow/example_dags/example_local_kubernetes_executor.py for tasks to queue
[2024-10-23T07:12:07.749+0000] {logging_mixin.py:190} INFO - [2024-10-23T07:12:07.749+0000] {dagbag.py:588} INFO - Filling up the DagBag from /home/airflow/.local/lib/python3.12/site-packages/airflow/example_dags/example_local_kubernetes_executor.py
[2024-10-23T07:12:07.756+0000] {processor.py:925} INFO - DAG(s) 'example_local_kubernetes_executor' retrieved from /home/airflow/.local/lib/python3.12/site-packages/airflow/example_dags/example_local_kubernetes_executor.py
[2024-10-23T07:12:07.778+0000] {logging_mixin.py:190} INFO - [2024-10-23T07:12:07.778+0000] {dag.py:3239} INFO - Sync 1 DAGs
[2024-10-23T07:12:07.793+0000] {logging_mixin.py:190} INFO - [2024-10-23T07:12:07.792+0000] {dag.py:4180} INFO - Setting next_dagrun for example_local_kubernetes_executor to None, run_after=None
[2024-10-23T07:12:07.806+0000] {processor.py:208} INFO - Processing /home/airflow/.local/lib/python3.12/site-packages/airflow/example_dags/example_local_kubernetes_executor.py took 0.067 seconds
[2024-10-23T07:12:38.320+0000] {processor.py:186} INFO - Started process (PID=34545) to work on /home/airflow/.local/lib/python3.12/site-packages/airflow/example_dags/example_local_kubernetes_executor.py
[2024-10-23T07:12:38.321+0000] {processor.py:914} INFO - Processing file /home/airflow/.local/lib/python3.12/site-packages/airflow/example_dags/example_local_kubernetes_executor.py for tasks to queue
[2024-10-23T07:12:38.323+0000] {logging_mixin.py:190} INFO - [2024-10-23T07:12:38.323+0000] {dagbag.py:588} INFO - Filling up the DagBag from /home/airflow/.local/lib/python3.12/site-packages/airflow/example_dags/example_local_kubernetes_executor.py
[2024-10-23T07:12:38.333+0000] {processor.py:925} INFO - DAG(s) 'example_local_kubernetes_executor' retrieved from /home/airflow/.local/lib/python3.12/site-packages/airflow/example_dags/example_local_kubernetes_executor.py
[2024-10-23T07:12:38.361+0000] {logging_mixin.py:190} INFO - [2024-10-23T07:12:38.360+0000] {dag.py:3239} INFO - Sync 1 DAGs
[2024-10-23T07:12:38.370+0000] {logging_mixin.py:190} INFO - [2024-10-23T07:12:38.370+0000] {dag.py:4180} INFO - Setting next_dagrun for example_local_kubernetes_executor to None, run_after=None
[2024-10-23T07:12:38.384+0000] {processor.py:208} INFO - Processing /home/airflow/.local/lib/python3.12/site-packages/airflow/example_dags/example_local_kubernetes_executor.py took 0.069 seconds
[2024-10-23T07:13:09.594+0000] {processor.py:186} INFO - Started process (PID=34608) to work on /home/airflow/.local/lib/python3.12/site-packages/airflow/example_dags/example_local_kubernetes_executor.py
[2024-10-23T07:13:09.595+0000] {processor.py:914} INFO - Processing file /home/airflow/.local/lib/python3.12/site-packages/airflow/example_dags/example_local_kubernetes_executor.py for tasks to queue
[2024-10-23T07:13:09.596+0000] {logging_mixin.py:190} INFO - [2024-10-23T07:13:09.596+0000] {dagbag.py:588} INFO - Filling up the DagBag from /home/airflow/.local/lib/python3.12/site-packages/airflow/example_dags/example_local_kubernetes_executor.py
[2024-10-23T07:13:09.605+0000] {processor.py:925} INFO - DAG(s) 'example_local_kubernetes_executor' retrieved from /home/airflow/.local/lib/python3.12/site-packages/airflow/example_dags/example_local_kubernetes_executor.py
[2024-10-23T07:13:09.629+0000] {logging_mixin.py:190} INFO - [2024-10-23T07:13:09.629+0000] {dag.py:3239} INFO - Sync 1 DAGs
[2024-10-23T07:13:09.639+0000] {logging_mixin.py:190} INFO - [2024-10-23T07:13:09.639+0000] {dag.py:4180} INFO - Setting next_dagrun for example_local_kubernetes_executor to None, run_after=None
[2024-10-23T07:13:09.650+0000] {processor.py:208} INFO - Processing /home/airflow/.local/lib/python3.12/site-packages/airflow/example_dags/example_local_kubernetes_executor.py took 0.060 seconds
[2024-10-23T07:13:40.326+0000] {processor.py:186} INFO - Started process (PID=34671) to work on /home/airflow/.local/lib/python3.12/site-packages/airflow/example_dags/example_local_kubernetes_executor.py
[2024-10-23T07:13:40.326+0000] {processor.py:914} INFO - Processing file /home/airflow/.local/lib/python3.12/site-packages/airflow/example_dags/example_local_kubernetes_executor.py for tasks to queue
[2024-10-23T07:13:40.327+0000] {logging_mixin.py:190} INFO - [2024-10-23T07:13:40.327+0000] {dagbag.py:588} INFO - Filling up the DagBag from /home/airflow/.local/lib/python3.12/site-packages/airflow/example_dags/example_local_kubernetes_executor.py
[2024-10-23T07:13:40.335+0000] {processor.py:925} INFO - DAG(s) 'example_local_kubernetes_executor' retrieved from /home/airflow/.local/lib/python3.12/site-packages/airflow/example_dags/example_local_kubernetes_executor.py
[2024-10-23T07:13:40.362+0000] {logging_mixin.py:190} INFO - [2024-10-23T07:13:40.362+0000] {dag.py:3239} INFO - Sync 1 DAGs
[2024-10-23T07:13:40.373+0000] {logging_mixin.py:190} INFO - [2024-10-23T07:13:40.373+0000] {dag.py:4180} INFO - Setting next_dagrun for example_local_kubernetes_executor to None, run_after=None
[2024-10-23T07:13:40.386+0000] {processor.py:208} INFO - Processing /home/airflow/.local/lib/python3.12/site-packages/airflow/example_dags/example_local_kubernetes_executor.py took 0.065 seconds
[2024-10-23T07:14:11.781+0000] {processor.py:186} INFO - Started process (PID=34734) to work on /home/airflow/.local/lib/python3.12/site-packages/airflow/example_dags/example_local_kubernetes_executor.py
[2024-10-23T07:14:11.784+0000] {processor.py:914} INFO - Processing file /home/airflow/.local/lib/python3.12/site-packages/airflow/example_dags/example_local_kubernetes_executor.py for tasks to queue
[2024-10-23T07:14:11.787+0000] {logging_mixin.py:190} INFO - [2024-10-23T07:14:11.786+0000] {dagbag.py:588} INFO - Filling up the DagBag from /home/airflow/.local/lib/python3.12/site-packages/airflow/example_dags/example_local_kubernetes_executor.py
[2024-10-23T07:14:11.801+0000] {processor.py:925} INFO - DAG(s) 'example_local_kubernetes_executor' retrieved from /home/airflow/.local/lib/python3.12/site-packages/airflow/example_dags/example_local_kubernetes_executor.py
[2024-10-23T07:14:11.832+0000] {logging_mixin.py:190} INFO - [2024-10-23T07:14:11.832+0000] {dag.py:3239} INFO - Sync 1 DAGs
[2024-10-23T07:14:11.843+0000] {logging_mixin.py:190} INFO - [2024-10-23T07:14:11.843+0000] {dag.py:4180} INFO - Setting next_dagrun for example_local_kubernetes_executor to None, run_after=None
[2024-10-23T07:14:11.855+0000] {processor.py:208} INFO - Processing /home/airflow/.local/lib/python3.12/site-packages/airflow/example_dags/example_local_kubernetes_executor.py took 0.080 seconds
[2024-10-23T07:14:43.112+0000] {processor.py:186} INFO - Started process (PID=34797) to work on /home/airflow/.local/lib/python3.12/site-packages/airflow/example_dags/example_local_kubernetes_executor.py
[2024-10-23T07:14:43.114+0000] {processor.py:914} INFO - Processing file /home/airflow/.local/lib/python3.12/site-packages/airflow/example_dags/example_local_kubernetes_executor.py for tasks to queue
[2024-10-23T07:14:43.114+0000] {logging_mixin.py:190} INFO - [2024-10-23T07:14:43.114+0000] {dagbag.py:588} INFO - Filling up the DagBag from /home/airflow/.local/lib/python3.12/site-packages/airflow/example_dags/example_local_kubernetes_executor.py
[2024-10-23T07:14:43.122+0000] {processor.py:925} INFO - DAG(s) 'example_local_kubernetes_executor' retrieved from /home/airflow/.local/lib/python3.12/site-packages/airflow/example_dags/example_local_kubernetes_executor.py
[2024-10-23T07:14:43.326+0000] {logging_mixin.py:190} INFO - [2024-10-23T07:14:43.326+0000] {dag.py:3239} INFO - Sync 1 DAGs
[2024-10-23T07:14:43.335+0000] {logging_mixin.py:190} INFO - [2024-10-23T07:14:43.335+0000] {dag.py:4180} INFO - Setting next_dagrun for example_local_kubernetes_executor to None, run_after=None
[2024-10-23T07:14:43.346+0000] {processor.py:208} INFO - Processing /home/airflow/.local/lib/python3.12/site-packages/airflow/example_dags/example_local_kubernetes_executor.py took 0.237 seconds
[2024-10-23T07:15:14.242+0000] {processor.py:186} INFO - Started process (PID=34860) to work on /home/airflow/.local/lib/python3.12/site-packages/airflow/example_dags/example_local_kubernetes_executor.py
[2024-10-23T07:15:14.245+0000] {processor.py:914} INFO - Processing file /home/airflow/.local/lib/python3.12/site-packages/airflow/example_dags/example_local_kubernetes_executor.py for tasks to queue
[2024-10-23T07:15:14.246+0000] {logging_mixin.py:190} INFO - [2024-10-23T07:15:14.246+0000] {dagbag.py:588} INFO - Filling up the DagBag from /home/airflow/.local/lib/python3.12/site-packages/airflow/example_dags/example_local_kubernetes_executor.py
[2024-10-23T07:15:14.259+0000] {processor.py:925} INFO - DAG(s) 'example_local_kubernetes_executor' retrieved from /home/airflow/.local/lib/python3.12/site-packages/airflow/example_dags/example_local_kubernetes_executor.py
[2024-10-23T07:15:14.294+0000] {logging_mixin.py:190} INFO - [2024-10-23T07:15:14.294+0000] {dag.py:3239} INFO - Sync 1 DAGs
[2024-10-23T07:15:14.432+0000] {logging_mixin.py:190} INFO - [2024-10-23T07:15:14.432+0000] {dag.py:4180} INFO - Setting next_dagrun for example_local_kubernetes_executor to None, run_after=None
[2024-10-23T07:15:14.445+0000] {processor.py:208} INFO - Processing /home/airflow/.local/lib/python3.12/site-packages/airflow/example_dags/example_local_kubernetes_executor.py took 0.207 seconds
[2024-10-23T07:15:45.421+0000] {processor.py:186} INFO - Started process (PID=34923) to work on /home/airflow/.local/lib/python3.12/site-packages/airflow/example_dags/example_local_kubernetes_executor.py
[2024-10-23T07:15:45.423+0000] {processor.py:914} INFO - Processing file /home/airflow/.local/lib/python3.12/site-packages/airflow/example_dags/example_local_kubernetes_executor.py for tasks to queue
[2024-10-23T07:15:45.426+0000] {logging_mixin.py:190} INFO - [2024-10-23T07:15:45.425+0000] {dagbag.py:588} INFO - Filling up the DagBag from /home/airflow/.local/lib/python3.12/site-packages/airflow/example_dags/example_local_kubernetes_executor.py
[2024-10-23T07:15:45.455+0000] {processor.py:925} INFO - DAG(s) 'example_local_kubernetes_executor' retrieved from /home/airflow/.local/lib/python3.12/site-packages/airflow/example_dags/example_local_kubernetes_executor.py
[2024-10-23T07:15:45.510+0000] {logging_mixin.py:190} INFO - [2024-10-23T07:15:45.510+0000] {dag.py:3239} INFO - Sync 1 DAGs
[2024-10-23T07:15:45.527+0000] {logging_mixin.py:190} INFO - [2024-10-23T07:15:45.527+0000] {dag.py:4180} INFO - Setting next_dagrun for example_local_kubernetes_executor to None, run_after=None
[2024-10-23T07:15:45.551+0000] {processor.py:208} INFO - Processing /home/airflow/.local/lib/python3.12/site-packages/airflow/example_dags/example_local_kubernetes_executor.py took 0.140 seconds
[2024-10-23T07:16:15.769+0000] {processor.py:186} INFO - Started process (PID=34986) to work on /home/airflow/.local/lib/python3.12/site-packages/airflow/example_dags/example_local_kubernetes_executor.py
[2024-10-23T07:16:15.770+0000] {processor.py:914} INFO - Processing file /home/airflow/.local/lib/python3.12/site-packages/airflow/example_dags/example_local_kubernetes_executor.py for tasks to queue
[2024-10-23T07:16:15.770+0000] {logging_mixin.py:190} INFO - [2024-10-23T07:16:15.770+0000] {dagbag.py:588} INFO - Filling up the DagBag from /home/airflow/.local/lib/python3.12/site-packages/airflow/example_dags/example_local_kubernetes_executor.py
[2024-10-23T07:16:15.781+0000] {processor.py:925} INFO - DAG(s) 'example_local_kubernetes_executor' retrieved from /home/airflow/.local/lib/python3.12/site-packages/airflow/example_dags/example_local_kubernetes_executor.py
[2024-10-23T07:16:15.809+0000] {logging_mixin.py:190} INFO - [2024-10-23T07:16:15.809+0000] {dag.py:3239} INFO - Sync 1 DAGs
[2024-10-23T07:16:15.818+0000] {logging_mixin.py:190} INFO - [2024-10-23T07:16:15.818+0000] {dag.py:4180} INFO - Setting next_dagrun for example_local_kubernetes_executor to None, run_after=None
[2024-10-23T07:16:15.833+0000] {processor.py:208} INFO - Processing /home/airflow/.local/lib/python3.12/site-packages/airflow/example_dags/example_local_kubernetes_executor.py took 0.071 seconds
[2024-10-23T07:16:45.960+0000] {processor.py:186} INFO - Started process (PID=35049) to work on /home/airflow/.local/lib/python3.12/site-packages/airflow/example_dags/example_local_kubernetes_executor.py
[2024-10-23T07:16:45.961+0000] {processor.py:914} INFO - Processing file /home/airflow/.local/lib/python3.12/site-packages/airflow/example_dags/example_local_kubernetes_executor.py for tasks to queue
[2024-10-23T07:16:45.963+0000] {logging_mixin.py:190} INFO - [2024-10-23T07:16:45.963+0000] {dagbag.py:588} INFO - Filling up the DagBag from /home/airflow/.local/lib/python3.12/site-packages/airflow/example_dags/example_local_kubernetes_executor.py
[2024-10-23T07:16:45.971+0000] {processor.py:925} INFO - DAG(s) 'example_local_kubernetes_executor' retrieved from /home/airflow/.local/lib/python3.12/site-packages/airflow/example_dags/example_local_kubernetes_executor.py
[2024-10-23T07:16:45.996+0000] {logging_mixin.py:190} INFO - [2024-10-23T07:16:45.996+0000] {dag.py:3239} INFO - Sync 1 DAGs
[2024-10-23T07:16:46.006+0000] {logging_mixin.py:190} INFO - [2024-10-23T07:16:46.006+0000] {dag.py:4180} INFO - Setting next_dagrun for example_local_kubernetes_executor to None, run_after=None
[2024-10-23T07:16:46.019+0000] {processor.py:208} INFO - Processing /home/airflow/.local/lib/python3.12/site-packages/airflow/example_dags/example_local_kubernetes_executor.py took 0.061 seconds
[2024-10-23T07:17:16.226+0000] {processor.py:186} INFO - Started process (PID=35112) to work on /home/airflow/.local/lib/python3.12/site-packages/airflow/example_dags/example_local_kubernetes_executor.py
[2024-10-23T07:17:16.227+0000] {processor.py:914} INFO - Processing file /home/airflow/.local/lib/python3.12/site-packages/airflow/example_dags/example_local_kubernetes_executor.py for tasks to queue
[2024-10-23T07:17:16.228+0000] {logging_mixin.py:190} INFO - [2024-10-23T07:17:16.228+0000] {dagbag.py:588} INFO - Filling up the DagBag from /home/airflow/.local/lib/python3.12/site-packages/airflow/example_dags/example_local_kubernetes_executor.py
[2024-10-23T07:17:16.236+0000] {processor.py:925} INFO - DAG(s) 'example_local_kubernetes_executor' retrieved from /home/airflow/.local/lib/python3.12/site-packages/airflow/example_dags/example_local_kubernetes_executor.py
[2024-10-23T07:17:16.263+0000] {logging_mixin.py:190} INFO - [2024-10-23T07:17:16.263+0000] {dag.py:3239} INFO - Sync 1 DAGs
[2024-10-23T07:17:16.274+0000] {logging_mixin.py:190} INFO - [2024-10-23T07:17:16.273+0000] {dag.py:4180} INFO - Setting next_dagrun for example_local_kubernetes_executor to None, run_after=None
[2024-10-23T07:17:16.284+0000] {processor.py:208} INFO - Processing /home/airflow/.local/lib/python3.12/site-packages/airflow/example_dags/example_local_kubernetes_executor.py took 0.063 seconds
[2024-10-23T07:17:46.722+0000] {processor.py:186} INFO - Started process (PID=35175) to work on /home/airflow/.local/lib/python3.12/site-packages/airflow/example_dags/example_local_kubernetes_executor.py
[2024-10-23T07:17:46.722+0000] {processor.py:914} INFO - Processing file /home/airflow/.local/lib/python3.12/site-packages/airflow/example_dags/example_local_kubernetes_executor.py for tasks to queue
[2024-10-23T07:17:46.723+0000] {logging_mixin.py:190} INFO - [2024-10-23T07:17:46.723+0000] {dagbag.py:588} INFO - Filling up the DagBag from /home/airflow/.local/lib/python3.12/site-packages/airflow/example_dags/example_local_kubernetes_executor.py
[2024-10-23T07:17:46.734+0000] {processor.py:925} INFO - DAG(s) 'example_local_kubernetes_executor' retrieved from /home/airflow/.local/lib/python3.12/site-packages/airflow/example_dags/example_local_kubernetes_executor.py
[2024-10-23T07:17:46.771+0000] {logging_mixin.py:190} INFO - [2024-10-23T07:17:46.771+0000] {dag.py:3239} INFO - Sync 1 DAGs
[2024-10-23T07:17:46.787+0000] {logging_mixin.py:190} INFO - [2024-10-23T07:17:46.786+0000] {dag.py:4180} INFO - Setting next_dagrun for example_local_kubernetes_executor to None, run_after=None
[2024-10-23T07:17:46.799+0000] {processor.py:208} INFO - Processing /home/airflow/.local/lib/python3.12/site-packages/airflow/example_dags/example_local_kubernetes_executor.py took 0.082 seconds
[2024-10-23T07:18:17.211+0000] {processor.py:186} INFO - Started process (PID=35238) to work on /home/airflow/.local/lib/python3.12/site-packages/airflow/example_dags/example_local_kubernetes_executor.py
[2024-10-23T07:18:17.214+0000] {processor.py:914} INFO - Processing file /home/airflow/.local/lib/python3.12/site-packages/airflow/example_dags/example_local_kubernetes_executor.py for tasks to queue
[2024-10-23T07:18:17.215+0000] {logging_mixin.py:190} INFO - [2024-10-23T07:18:17.215+0000] {dagbag.py:588} INFO - Filling up the DagBag from /home/airflow/.local/lib/python3.12/site-packages/airflow/example_dags/example_local_kubernetes_executor.py
[2024-10-23T07:18:17.223+0000] {processor.py:925} INFO - DAG(s) 'example_local_kubernetes_executor' retrieved from /home/airflow/.local/lib/python3.12/site-packages/airflow/example_dags/example_local_kubernetes_executor.py
[2024-10-23T07:18:17.251+0000] {logging_mixin.py:190} INFO - [2024-10-23T07:18:17.251+0000] {dag.py:3239} INFO - Sync 1 DAGs
[2024-10-23T07:18:17.262+0000] {logging_mixin.py:190} INFO - [2024-10-23T07:18:17.262+0000] {dag.py:4180} INFO - Setting next_dagrun for example_local_kubernetes_executor to None, run_after=None
[2024-10-23T07:18:17.279+0000] {processor.py:208} INFO - Processing /home/airflow/.local/lib/python3.12/site-packages/airflow/example_dags/example_local_kubernetes_executor.py took 0.072 seconds
[2024-10-23T07:18:47.949+0000] {processor.py:186} INFO - Started process (PID=35301) to work on /home/airflow/.local/lib/python3.12/site-packages/airflow/example_dags/example_local_kubernetes_executor.py
[2024-10-23T07:18:47.950+0000] {processor.py:914} INFO - Processing file /home/airflow/.local/lib/python3.12/site-packages/airflow/example_dags/example_local_kubernetes_executor.py for tasks to queue
[2024-10-23T07:18:47.951+0000] {logging_mixin.py:190} INFO - [2024-10-23T07:18:47.950+0000] {dagbag.py:588} INFO - Filling up the DagBag from /home/airflow/.local/lib/python3.12/site-packages/airflow/example_dags/example_local_kubernetes_executor.py
[2024-10-23T07:18:47.960+0000] {processor.py:925} INFO - DAG(s) 'example_local_kubernetes_executor' retrieved from /home/airflow/.local/lib/python3.12/site-packages/airflow/example_dags/example_local_kubernetes_executor.py
[2024-10-23T07:18:47.993+0000] {logging_mixin.py:190} INFO - [2024-10-23T07:18:47.992+0000] {dag.py:3239} INFO - Sync 1 DAGs
[2024-10-23T07:18:48.006+0000] {logging_mixin.py:190} INFO - [2024-10-23T07:18:48.005+0000] {dag.py:4180} INFO - Setting next_dagrun for example_local_kubernetes_executor to None, run_after=None
[2024-10-23T07:18:48.020+0000] {processor.py:208} INFO - Processing /home/airflow/.local/lib/python3.12/site-packages/airflow/example_dags/example_local_kubernetes_executor.py took 0.076 seconds
[2024-10-23T07:19:18.608+0000] {processor.py:186} INFO - Started process (PID=35366) to work on /home/airflow/.local/lib/python3.12/site-packages/airflow/example_dags/example_local_kubernetes_executor.py
[2024-10-23T07:19:18.609+0000] {processor.py:914} INFO - Processing file /home/airflow/.local/lib/python3.12/site-packages/airflow/example_dags/example_local_kubernetes_executor.py for tasks to queue
[2024-10-23T07:19:18.611+0000] {logging_mixin.py:190} INFO - [2024-10-23T07:19:18.611+0000] {dagbag.py:588} INFO - Filling up the DagBag from /home/airflow/.local/lib/python3.12/site-packages/airflow/example_dags/example_local_kubernetes_executor.py
[2024-10-23T07:19:18.619+0000] {processor.py:925} INFO - DAG(s) 'example_local_kubernetes_executor' retrieved from /home/airflow/.local/lib/python3.12/site-packages/airflow/example_dags/example_local_kubernetes_executor.py
[2024-10-23T07:19:18.645+0000] {logging_mixin.py:190} INFO - [2024-10-23T07:19:18.645+0000] {dag.py:3239} INFO - Sync 1 DAGs
[2024-10-23T07:19:18.653+0000] {logging_mixin.py:190} INFO - [2024-10-23T07:19:18.653+0000] {dag.py:4180} INFO - Setting next_dagrun for example_local_kubernetes_executor to None, run_after=None
[2024-10-23T07:19:18.665+0000] {processor.py:208} INFO - Processing /home/airflow/.local/lib/python3.12/site-packages/airflow/example_dags/example_local_kubernetes_executor.py took 0.062 seconds
[2024-10-23T07:19:49.297+0000] {processor.py:186} INFO - Started process (PID=35430) to work on /home/airflow/.local/lib/python3.12/site-packages/airflow/example_dags/example_local_kubernetes_executor.py
[2024-10-23T07:19:49.300+0000] {processor.py:914} INFO - Processing file /home/airflow/.local/lib/python3.12/site-packages/airflow/example_dags/example_local_kubernetes_executor.py for tasks to queue
[2024-10-23T07:19:49.302+0000] {logging_mixin.py:190} INFO - [2024-10-23T07:19:49.302+0000] {dagbag.py:588} INFO - Filling up the DagBag from /home/airflow/.local/lib/python3.12/site-packages/airflow/example_dags/example_local_kubernetes_executor.py
[2024-10-23T07:19:49.311+0000] {processor.py:925} INFO - DAG(s) 'example_local_kubernetes_executor' retrieved from /home/airflow/.local/lib/python3.12/site-packages/airflow/example_dags/example_local_kubernetes_executor.py
[2024-10-23T07:19:49.335+0000] {logging_mixin.py:190} INFO - [2024-10-23T07:19:49.335+0000] {dag.py:3239} INFO - Sync 1 DAGs
[2024-10-23T07:19:49.344+0000] {logging_mixin.py:190} INFO - [2024-10-23T07:19:49.344+0000] {dag.py:4180} INFO - Setting next_dagrun for example_local_kubernetes_executor to None, run_after=None
[2024-10-23T07:19:49.356+0000] {processor.py:208} INFO - Processing /home/airflow/.local/lib/python3.12/site-packages/airflow/example_dags/example_local_kubernetes_executor.py took 0.063 seconds
