[2024-10-23T02:32:04.600+0000] {processor.py:186} INFO - Started process (PID=13723) to work on /home/airflow/.local/lib/python3.12/site-packages/airflow/example_dags/example_task_group_decorator.py
[2024-10-23T02:32:04.604+0000] {processor.py:914} INFO - Processing file /home/airflow/.local/lib/python3.12/site-packages/airflow/example_dags/example_task_group_decorator.py for tasks to queue
[2024-10-23T02:32:04.606+0000] {logging_mixin.py:190} INFO - [2024-10-23T02:32:04.605+0000] {dagbag.py:588} INFO - Filling up the DagBag from /home/airflow/.local/lib/python3.12/site-packages/airflow/example_dags/example_task_group_decorator.py
[2024-10-23T02:32:04.629+0000] {processor.py:925} INFO - DAG(s) 'example_task_group_decorator' retrieved from /home/airflow/.local/lib/python3.12/site-packages/airflow/example_dags/example_task_group_decorator.py
[2024-10-23T02:32:04.658+0000] {logging_mixin.py:190} INFO - [2024-10-23T02:32:04.658+0000] {dag.py:3239} INFO - Sync 1 DAGs
[2024-10-23T02:32:04.679+0000] {logging_mixin.py:190} INFO - [2024-10-23T02:32:04.679+0000] {dag.py:4180} INFO - Setting next_dagrun for example_task_group_decorator to None, run_after=None
[2024-10-23T02:32:04.699+0000] {processor.py:208} INFO - Processing /home/airflow/.local/lib/python3.12/site-packages/airflow/example_dags/example_task_group_decorator.py took 0.111 seconds
[2024-10-23T04:23:43.584+0000] {processor.py:186} INFO - Started process (PID=13786) to work on /home/airflow/.local/lib/python3.12/site-packages/airflow/example_dags/example_task_group_decorator.py
[2024-10-23T04:23:43.586+0000] {processor.py:914} INFO - Processing file /home/airflow/.local/lib/python3.12/site-packages/airflow/example_dags/example_task_group_decorator.py for tasks to queue
[2024-10-23T04:23:43.588+0000] {logging_mixin.py:190} INFO - [2024-10-23T04:23:43.588+0000] {dagbag.py:588} INFO - Filling up the DagBag from /home/airflow/.local/lib/python3.12/site-packages/airflow/example_dags/example_task_group_decorator.py
[2024-10-23T04:23:43.615+0000] {processor.py:925} INFO - DAG(s) 'example_task_group_decorator' retrieved from /home/airflow/.local/lib/python3.12/site-packages/airflow/example_dags/example_task_group_decorator.py
[2024-10-23T04:23:43.675+0000] {logging_mixin.py:190} INFO - [2024-10-23T04:23:43.675+0000] {dag.py:3239} INFO - Sync 1 DAGs
[2024-10-23T04:23:43.698+0000] {logging_mixin.py:190} INFO - [2024-10-23T04:23:43.698+0000] {dag.py:4180} INFO - Setting next_dagrun for example_task_group_decorator to None, run_after=None
[2024-10-23T04:23:43.721+0000] {processor.py:208} INFO - Processing /home/airflow/.local/lib/python3.12/site-packages/airflow/example_dags/example_task_group_decorator.py took 0.147 seconds
[2024-10-23T04:24:14.011+0000] {processor.py:186} INFO - Started process (PID=13849) to work on /home/airflow/.local/lib/python3.12/site-packages/airflow/example_dags/example_task_group_decorator.py
[2024-10-23T04:24:14.013+0000] {processor.py:914} INFO - Processing file /home/airflow/.local/lib/python3.12/site-packages/airflow/example_dags/example_task_group_decorator.py for tasks to queue
[2024-10-23T04:24:14.015+0000] {logging_mixin.py:190} INFO - [2024-10-23T04:24:14.014+0000] {dagbag.py:588} INFO - Filling up the DagBag from /home/airflow/.local/lib/python3.12/site-packages/airflow/example_dags/example_task_group_decorator.py
[2024-10-23T04:24:14.037+0000] {processor.py:925} INFO - DAG(s) 'example_task_group_decorator' retrieved from /home/airflow/.local/lib/python3.12/site-packages/airflow/example_dags/example_task_group_decorator.py
[2024-10-23T04:24:14.060+0000] {logging_mixin.py:190} INFO - [2024-10-23T04:24:14.060+0000] {dag.py:3239} INFO - Sync 1 DAGs
[2024-10-23T04:24:14.071+0000] {logging_mixin.py:190} INFO - [2024-10-23T04:24:14.071+0000] {dag.py:4180} INFO - Setting next_dagrun for example_task_group_decorator to None, run_after=None
[2024-10-23T04:24:14.084+0000] {processor.py:208} INFO - Processing /home/airflow/.local/lib/python3.12/site-packages/airflow/example_dags/example_task_group_decorator.py took 0.101 seconds
[2024-10-23T04:24:45.711+0000] {processor.py:186} INFO - Started process (PID=13912) to work on /home/airflow/.local/lib/python3.12/site-packages/airflow/example_dags/example_task_group_decorator.py
[2024-10-23T04:24:45.715+0000] {processor.py:914} INFO - Processing file /home/airflow/.local/lib/python3.12/site-packages/airflow/example_dags/example_task_group_decorator.py for tasks to queue
[2024-10-23T04:24:45.716+0000] {logging_mixin.py:190} INFO - [2024-10-23T04:24:45.716+0000] {dagbag.py:588} INFO - Filling up the DagBag from /home/airflow/.local/lib/python3.12/site-packages/airflow/example_dags/example_task_group_decorator.py
[2024-10-23T04:24:45.728+0000] {processor.py:925} INFO - DAG(s) 'example_task_group_decorator' retrieved from /home/airflow/.local/lib/python3.12/site-packages/airflow/example_dags/example_task_group_decorator.py
[2024-10-23T04:24:45.752+0000] {logging_mixin.py:190} INFO - [2024-10-23T04:24:45.752+0000] {dag.py:3239} INFO - Sync 1 DAGs
[2024-10-23T04:24:45.768+0000] {logging_mixin.py:190} INFO - [2024-10-23T04:24:45.768+0000] {dag.py:4180} INFO - Setting next_dagrun for example_task_group_decorator to None, run_after=None
[2024-10-23T04:24:45.780+0000] {processor.py:208} INFO - Processing /home/airflow/.local/lib/python3.12/site-packages/airflow/example_dags/example_task_group_decorator.py took 0.073 seconds
[2024-10-23T04:25:16.392+0000] {processor.py:186} INFO - Started process (PID=13975) to work on /home/airflow/.local/lib/python3.12/site-packages/airflow/example_dags/example_task_group_decorator.py
[2024-10-23T04:25:16.394+0000] {processor.py:914} INFO - Processing file /home/airflow/.local/lib/python3.12/site-packages/airflow/example_dags/example_task_group_decorator.py for tasks to queue
[2024-10-23T04:25:16.398+0000] {logging_mixin.py:190} INFO - [2024-10-23T04:25:16.398+0000] {dagbag.py:588} INFO - Filling up the DagBag from /home/airflow/.local/lib/python3.12/site-packages/airflow/example_dags/example_task_group_decorator.py
[2024-10-23T04:25:16.412+0000] {processor.py:925} INFO - DAG(s) 'example_task_group_decorator' retrieved from /home/airflow/.local/lib/python3.12/site-packages/airflow/example_dags/example_task_group_decorator.py
[2024-10-23T04:25:16.437+0000] {logging_mixin.py:190} INFO - [2024-10-23T04:25:16.437+0000] {dag.py:3239} INFO - Sync 1 DAGs
[2024-10-23T04:25:16.447+0000] {logging_mixin.py:190} INFO - [2024-10-23T04:25:16.447+0000] {dag.py:4180} INFO - Setting next_dagrun for example_task_group_decorator to None, run_after=None
[2024-10-23T04:25:16.459+0000] {processor.py:208} INFO - Processing /home/airflow/.local/lib/python3.12/site-packages/airflow/example_dags/example_task_group_decorator.py took 0.076 seconds
[2024-10-23T04:25:47.075+0000] {processor.py:186} INFO - Started process (PID=14038) to work on /home/airflow/.local/lib/python3.12/site-packages/airflow/example_dags/example_task_group_decorator.py
[2024-10-23T04:25:47.080+0000] {processor.py:914} INFO - Processing file /home/airflow/.local/lib/python3.12/site-packages/airflow/example_dags/example_task_group_decorator.py for tasks to queue
[2024-10-23T04:25:47.081+0000] {logging_mixin.py:190} INFO - [2024-10-23T04:25:47.081+0000] {dagbag.py:588} INFO - Filling up the DagBag from /home/airflow/.local/lib/python3.12/site-packages/airflow/example_dags/example_task_group_decorator.py
[2024-10-23T04:25:47.091+0000] {processor.py:925} INFO - DAG(s) 'example_task_group_decorator' retrieved from /home/airflow/.local/lib/python3.12/site-packages/airflow/example_dags/example_task_group_decorator.py
[2024-10-23T04:25:47.113+0000] {logging_mixin.py:190} INFO - [2024-10-23T04:25:47.113+0000] {dag.py:3239} INFO - Sync 1 DAGs
[2024-10-23T04:25:47.123+0000] {logging_mixin.py:190} INFO - [2024-10-23T04:25:47.123+0000] {dag.py:4180} INFO - Setting next_dagrun for example_task_group_decorator to None, run_after=None
[2024-10-23T04:25:47.142+0000] {processor.py:208} INFO - Processing /home/airflow/.local/lib/python3.12/site-packages/airflow/example_dags/example_task_group_decorator.py took 0.073 seconds
[2024-10-23T04:26:17.588+0000] {processor.py:186} INFO - Started process (PID=14101) to work on /home/airflow/.local/lib/python3.12/site-packages/airflow/example_dags/example_task_group_decorator.py
[2024-10-23T04:26:17.593+0000] {processor.py:914} INFO - Processing file /home/airflow/.local/lib/python3.12/site-packages/airflow/example_dags/example_task_group_decorator.py for tasks to queue
[2024-10-23T04:26:17.594+0000] {logging_mixin.py:190} INFO - [2024-10-23T04:26:17.594+0000] {dagbag.py:588} INFO - Filling up the DagBag from /home/airflow/.local/lib/python3.12/site-packages/airflow/example_dags/example_task_group_decorator.py
[2024-10-23T04:26:17.605+0000] {processor.py:925} INFO - DAG(s) 'example_task_group_decorator' retrieved from /home/airflow/.local/lib/python3.12/site-packages/airflow/example_dags/example_task_group_decorator.py
[2024-10-23T04:26:17.625+0000] {logging_mixin.py:190} INFO - [2024-10-23T04:26:17.625+0000] {dag.py:3239} INFO - Sync 1 DAGs
[2024-10-23T04:26:17.636+0000] {logging_mixin.py:190} INFO - [2024-10-23T04:26:17.635+0000] {dag.py:4180} INFO - Setting next_dagrun for example_task_group_decorator to None, run_after=None
[2024-10-23T04:26:17.651+0000] {processor.py:208} INFO - Processing /home/airflow/.local/lib/python3.12/site-packages/airflow/example_dags/example_task_group_decorator.py took 0.067 seconds
[2024-10-23T04:26:48.420+0000] {processor.py:186} INFO - Started process (PID=14164) to work on /home/airflow/.local/lib/python3.12/site-packages/airflow/example_dags/example_task_group_decorator.py
[2024-10-23T04:26:48.421+0000] {processor.py:914} INFO - Processing file /home/airflow/.local/lib/python3.12/site-packages/airflow/example_dags/example_task_group_decorator.py for tasks to queue
[2024-10-23T04:26:48.422+0000] {logging_mixin.py:190} INFO - [2024-10-23T04:26:48.422+0000] {dagbag.py:588} INFO - Filling up the DagBag from /home/airflow/.local/lib/python3.12/site-packages/airflow/example_dags/example_task_group_decorator.py
[2024-10-23T04:26:48.433+0000] {processor.py:925} INFO - DAG(s) 'example_task_group_decorator' retrieved from /home/airflow/.local/lib/python3.12/site-packages/airflow/example_dags/example_task_group_decorator.py
[2024-10-23T04:26:48.453+0000] {logging_mixin.py:190} INFO - [2024-10-23T04:26:48.452+0000] {dag.py:3239} INFO - Sync 1 DAGs
[2024-10-23T04:26:48.471+0000] {logging_mixin.py:190} INFO - [2024-10-23T04:26:48.470+0000] {dag.py:4180} INFO - Setting next_dagrun for example_task_group_decorator to None, run_after=None
[2024-10-23T04:26:48.500+0000] {processor.py:208} INFO - Processing /home/airflow/.local/lib/python3.12/site-packages/airflow/example_dags/example_task_group_decorator.py took 0.085 seconds
[2024-10-23T04:27:18.750+0000] {processor.py:186} INFO - Started process (PID=14227) to work on /home/airflow/.local/lib/python3.12/site-packages/airflow/example_dags/example_task_group_decorator.py
[2024-10-23T04:27:18.751+0000] {processor.py:914} INFO - Processing file /home/airflow/.local/lib/python3.12/site-packages/airflow/example_dags/example_task_group_decorator.py for tasks to queue
[2024-10-23T04:27:18.752+0000] {logging_mixin.py:190} INFO - [2024-10-23T04:27:18.752+0000] {dagbag.py:588} INFO - Filling up the DagBag from /home/airflow/.local/lib/python3.12/site-packages/airflow/example_dags/example_task_group_decorator.py
[2024-10-23T04:27:18.763+0000] {processor.py:925} INFO - DAG(s) 'example_task_group_decorator' retrieved from /home/airflow/.local/lib/python3.12/site-packages/airflow/example_dags/example_task_group_decorator.py
[2024-10-23T04:27:18.784+0000] {logging_mixin.py:190} INFO - [2024-10-23T04:27:18.784+0000] {dag.py:3239} INFO - Sync 1 DAGs
[2024-10-23T04:27:18.793+0000] {logging_mixin.py:190} INFO - [2024-10-23T04:27:18.793+0000] {dag.py:4180} INFO - Setting next_dagrun for example_task_group_decorator to None, run_after=None
[2024-10-23T04:27:18.807+0000] {processor.py:208} INFO - Processing /home/airflow/.local/lib/python3.12/site-packages/airflow/example_dags/example_task_group_decorator.py took 0.061 seconds
[2024-10-23T04:27:49.533+0000] {processor.py:186} INFO - Started process (PID=14290) to work on /home/airflow/.local/lib/python3.12/site-packages/airflow/example_dags/example_task_group_decorator.py
[2024-10-23T04:27:49.534+0000] {processor.py:914} INFO - Processing file /home/airflow/.local/lib/python3.12/site-packages/airflow/example_dags/example_task_group_decorator.py for tasks to queue
[2024-10-23T04:27:49.536+0000] {logging_mixin.py:190} INFO - [2024-10-23T04:27:49.535+0000] {dagbag.py:588} INFO - Filling up the DagBag from /home/airflow/.local/lib/python3.12/site-packages/airflow/example_dags/example_task_group_decorator.py
[2024-10-23T04:27:49.550+0000] {processor.py:925} INFO - DAG(s) 'example_task_group_decorator' retrieved from /home/airflow/.local/lib/python3.12/site-packages/airflow/example_dags/example_task_group_decorator.py
[2024-10-23T04:27:49.576+0000] {logging_mixin.py:190} INFO - [2024-10-23T04:27:49.576+0000] {dag.py:3239} INFO - Sync 1 DAGs
[2024-10-23T04:27:49.588+0000] {logging_mixin.py:190} INFO - [2024-10-23T04:27:49.588+0000] {dag.py:4180} INFO - Setting next_dagrun for example_task_group_decorator to None, run_after=None
[2024-10-23T04:27:49.600+0000] {processor.py:208} INFO - Processing /home/airflow/.local/lib/python3.12/site-packages/airflow/example_dags/example_task_group_decorator.py took 0.074 seconds
[2024-10-23T04:28:19.624+0000] {processor.py:186} INFO - Started process (PID=14352) to work on /home/airflow/.local/lib/python3.12/site-packages/airflow/example_dags/example_task_group_decorator.py
[2024-10-23T04:28:19.625+0000] {processor.py:914} INFO - Processing file /home/airflow/.local/lib/python3.12/site-packages/airflow/example_dags/example_task_group_decorator.py for tasks to queue
[2024-10-23T04:28:19.626+0000] {logging_mixin.py:190} INFO - [2024-10-23T04:28:19.626+0000] {dagbag.py:588} INFO - Filling up the DagBag from /home/airflow/.local/lib/python3.12/site-packages/airflow/example_dags/example_task_group_decorator.py
[2024-10-23T04:28:19.652+0000] {processor.py:925} INFO - DAG(s) 'example_task_group_decorator' retrieved from /home/airflow/.local/lib/python3.12/site-packages/airflow/example_dags/example_task_group_decorator.py
[2024-10-23T04:28:19.690+0000] {logging_mixin.py:190} INFO - [2024-10-23T04:28:19.689+0000] {dag.py:3239} INFO - Sync 1 DAGs
[2024-10-23T04:28:19.712+0000] {logging_mixin.py:190} INFO - [2024-10-23T04:28:19.712+0000] {dag.py:4180} INFO - Setting next_dagrun for example_task_group_decorator to None, run_after=None
[2024-10-23T04:28:19.755+0000] {processor.py:208} INFO - Processing /home/airflow/.local/lib/python3.12/site-packages/airflow/example_dags/example_task_group_decorator.py took 0.136 seconds
[2024-10-23T04:28:50.716+0000] {processor.py:186} INFO - Started process (PID=14415) to work on /home/airflow/.local/lib/python3.12/site-packages/airflow/example_dags/example_task_group_decorator.py
[2024-10-23T04:28:50.717+0000] {processor.py:914} INFO - Processing file /home/airflow/.local/lib/python3.12/site-packages/airflow/example_dags/example_task_group_decorator.py for tasks to queue
[2024-10-23T04:28:50.719+0000] {logging_mixin.py:190} INFO - [2024-10-23T04:28:50.719+0000] {dagbag.py:588} INFO - Filling up the DagBag from /home/airflow/.local/lib/python3.12/site-packages/airflow/example_dags/example_task_group_decorator.py
[2024-10-23T04:28:50.731+0000] {processor.py:925} INFO - DAG(s) 'example_task_group_decorator' retrieved from /home/airflow/.local/lib/python3.12/site-packages/airflow/example_dags/example_task_group_decorator.py
[2024-10-23T04:28:50.756+0000] {logging_mixin.py:190} INFO - [2024-10-23T04:28:50.756+0000] {dag.py:3239} INFO - Sync 1 DAGs
[2024-10-23T04:28:50.769+0000] {logging_mixin.py:190} INFO - [2024-10-23T04:28:50.769+0000] {dag.py:4180} INFO - Setting next_dagrun for example_task_group_decorator to None, run_after=None
[2024-10-23T04:28:50.783+0000] {processor.py:208} INFO - Processing /home/airflow/.local/lib/python3.12/site-packages/airflow/example_dags/example_task_group_decorator.py took 0.072 seconds
[2024-10-23T04:29:21.243+0000] {processor.py:186} INFO - Started process (PID=14478) to work on /home/airflow/.local/lib/python3.12/site-packages/airflow/example_dags/example_task_group_decorator.py
[2024-10-23T04:29:21.247+0000] {processor.py:914} INFO - Processing file /home/airflow/.local/lib/python3.12/site-packages/airflow/example_dags/example_task_group_decorator.py for tasks to queue
[2024-10-23T04:29:21.250+0000] {logging_mixin.py:190} INFO - [2024-10-23T04:29:21.250+0000] {dagbag.py:588} INFO - Filling up the DagBag from /home/airflow/.local/lib/python3.12/site-packages/airflow/example_dags/example_task_group_decorator.py
[2024-10-23T04:29:21.271+0000] {processor.py:925} INFO - DAG(s) 'example_task_group_decorator' retrieved from /home/airflow/.local/lib/python3.12/site-packages/airflow/example_dags/example_task_group_decorator.py
[2024-10-23T04:29:21.322+0000] {logging_mixin.py:190} INFO - [2024-10-23T04:29:21.321+0000] {dag.py:3239} INFO - Sync 1 DAGs
[2024-10-23T04:29:21.341+0000] {logging_mixin.py:190} INFO - [2024-10-23T04:29:21.340+0000] {dag.py:4180} INFO - Setting next_dagrun for example_task_group_decorator to None, run_after=None
[2024-10-23T04:29:21.360+0000] {processor.py:208} INFO - Processing /home/airflow/.local/lib/python3.12/site-packages/airflow/example_dags/example_task_group_decorator.py took 0.126 seconds
[2024-10-23T04:29:52.144+0000] {processor.py:186} INFO - Started process (PID=14541) to work on /home/airflow/.local/lib/python3.12/site-packages/airflow/example_dags/example_task_group_decorator.py
[2024-10-23T04:29:52.145+0000] {processor.py:914} INFO - Processing file /home/airflow/.local/lib/python3.12/site-packages/airflow/example_dags/example_task_group_decorator.py for tasks to queue
[2024-10-23T04:29:52.147+0000] {logging_mixin.py:190} INFO - [2024-10-23T04:29:52.146+0000] {dagbag.py:588} INFO - Filling up the DagBag from /home/airflow/.local/lib/python3.12/site-packages/airflow/example_dags/example_task_group_decorator.py
[2024-10-23T04:29:52.163+0000] {processor.py:925} INFO - DAG(s) 'example_task_group_decorator' retrieved from /home/airflow/.local/lib/python3.12/site-packages/airflow/example_dags/example_task_group_decorator.py
[2024-10-23T04:29:52.182+0000] {logging_mixin.py:190} INFO - [2024-10-23T04:29:52.182+0000] {dag.py:3239} INFO - Sync 1 DAGs
[2024-10-23T04:29:52.192+0000] {logging_mixin.py:190} INFO - [2024-10-23T04:29:52.192+0000] {dag.py:4180} INFO - Setting next_dagrun for example_task_group_decorator to None, run_after=None
[2024-10-23T04:29:52.206+0000] {processor.py:208} INFO - Processing /home/airflow/.local/lib/python3.12/site-packages/airflow/example_dags/example_task_group_decorator.py took 0.071 seconds
[2024-10-23T04:30:23.389+0000] {processor.py:186} INFO - Started process (PID=14605) to work on /home/airflow/.local/lib/python3.12/site-packages/airflow/example_dags/example_task_group_decorator.py
[2024-10-23T04:30:23.390+0000] {processor.py:914} INFO - Processing file /home/airflow/.local/lib/python3.12/site-packages/airflow/example_dags/example_task_group_decorator.py for tasks to queue
[2024-10-23T04:30:23.391+0000] {logging_mixin.py:190} INFO - [2024-10-23T04:30:23.391+0000] {dagbag.py:588} INFO - Filling up the DagBag from /home/airflow/.local/lib/python3.12/site-packages/airflow/example_dags/example_task_group_decorator.py
[2024-10-23T04:30:23.402+0000] {processor.py:925} INFO - DAG(s) 'example_task_group_decorator' retrieved from /home/airflow/.local/lib/python3.12/site-packages/airflow/example_dags/example_task_group_decorator.py
[2024-10-23T04:30:23.419+0000] {logging_mixin.py:190} INFO - [2024-10-23T04:30:23.419+0000] {dag.py:3239} INFO - Sync 1 DAGs
[2024-10-23T04:30:23.428+0000] {logging_mixin.py:190} INFO - [2024-10-23T04:30:23.428+0000] {dag.py:4180} INFO - Setting next_dagrun for example_task_group_decorator to None, run_after=None
[2024-10-23T04:30:23.443+0000] {processor.py:208} INFO - Processing /home/airflow/.local/lib/python3.12/site-packages/airflow/example_dags/example_task_group_decorator.py took 0.059 seconds
[2024-10-23T04:30:54.286+0000] {processor.py:186} INFO - Started process (PID=14668) to work on /home/airflow/.local/lib/python3.12/site-packages/airflow/example_dags/example_task_group_decorator.py
[2024-10-23T04:30:54.288+0000] {processor.py:914} INFO - Processing file /home/airflow/.local/lib/python3.12/site-packages/airflow/example_dags/example_task_group_decorator.py for tasks to queue
[2024-10-23T04:30:54.289+0000] {logging_mixin.py:190} INFO - [2024-10-23T04:30:54.289+0000] {dagbag.py:588} INFO - Filling up the DagBag from /home/airflow/.local/lib/python3.12/site-packages/airflow/example_dags/example_task_group_decorator.py
[2024-10-23T04:30:54.300+0000] {processor.py:925} INFO - DAG(s) 'example_task_group_decorator' retrieved from /home/airflow/.local/lib/python3.12/site-packages/airflow/example_dags/example_task_group_decorator.py
[2024-10-23T04:30:54.318+0000] {logging_mixin.py:190} INFO - [2024-10-23T04:30:54.318+0000] {dag.py:3239} INFO - Sync 1 DAGs
[2024-10-23T04:30:54.334+0000] {logging_mixin.py:190} INFO - [2024-10-23T04:30:54.333+0000] {dag.py:4180} INFO - Setting next_dagrun for example_task_group_decorator to None, run_after=None
[2024-10-23T04:30:54.349+0000] {processor.py:208} INFO - Processing /home/airflow/.local/lib/python3.12/site-packages/airflow/example_dags/example_task_group_decorator.py took 0.069 seconds
[2024-10-23T04:31:24.571+0000] {processor.py:186} INFO - Started process (PID=14731) to work on /home/airflow/.local/lib/python3.12/site-packages/airflow/example_dags/example_task_group_decorator.py
[2024-10-23T04:31:24.572+0000] {processor.py:914} INFO - Processing file /home/airflow/.local/lib/python3.12/site-packages/airflow/example_dags/example_task_group_decorator.py for tasks to queue
[2024-10-23T04:31:24.574+0000] {logging_mixin.py:190} INFO - [2024-10-23T04:31:24.573+0000] {dagbag.py:588} INFO - Filling up the DagBag from /home/airflow/.local/lib/python3.12/site-packages/airflow/example_dags/example_task_group_decorator.py
[2024-10-23T04:31:24.585+0000] {processor.py:925} INFO - DAG(s) 'example_task_group_decorator' retrieved from /home/airflow/.local/lib/python3.12/site-packages/airflow/example_dags/example_task_group_decorator.py
[2024-10-23T04:31:24.601+0000] {logging_mixin.py:190} INFO - [2024-10-23T04:31:24.601+0000] {dag.py:3239} INFO - Sync 1 DAGs
[2024-10-23T04:31:24.610+0000] {logging_mixin.py:190} INFO - [2024-10-23T04:31:24.610+0000] {dag.py:4180} INFO - Setting next_dagrun for example_task_group_decorator to None, run_after=None
[2024-10-23T04:31:24.621+0000] {processor.py:208} INFO - Processing /home/airflow/.local/lib/python3.12/site-packages/airflow/example_dags/example_task_group_decorator.py took 0.056 seconds
[2024-10-23T04:31:54.905+0000] {processor.py:186} INFO - Started process (PID=14793) to work on /home/airflow/.local/lib/python3.12/site-packages/airflow/example_dags/example_task_group_decorator.py
[2024-10-23T04:31:54.906+0000] {processor.py:914} INFO - Processing file /home/airflow/.local/lib/python3.12/site-packages/airflow/example_dags/example_task_group_decorator.py for tasks to queue
[2024-10-23T04:31:54.908+0000] {logging_mixin.py:190} INFO - [2024-10-23T04:31:54.908+0000] {dagbag.py:588} INFO - Filling up the DagBag from /home/airflow/.local/lib/python3.12/site-packages/airflow/example_dags/example_task_group_decorator.py
[2024-10-23T04:31:54.919+0000] {processor.py:925} INFO - DAG(s) 'example_task_group_decorator' retrieved from /home/airflow/.local/lib/python3.12/site-packages/airflow/example_dags/example_task_group_decorator.py
[2024-10-23T04:31:54.938+0000] {logging_mixin.py:190} INFO - [2024-10-23T04:31:54.938+0000] {dag.py:3239} INFO - Sync 1 DAGs
[2024-10-23T04:31:54.947+0000] {logging_mixin.py:190} INFO - [2024-10-23T04:31:54.947+0000] {dag.py:4180} INFO - Setting next_dagrun for example_task_group_decorator to None, run_after=None
[2024-10-23T04:31:54.961+0000] {processor.py:208} INFO - Processing /home/airflow/.local/lib/python3.12/site-packages/airflow/example_dags/example_task_group_decorator.py took 0.060 seconds
[2024-10-23T04:32:25.341+0000] {processor.py:186} INFO - Started process (PID=14856) to work on /home/airflow/.local/lib/python3.12/site-packages/airflow/example_dags/example_task_group_decorator.py
[2024-10-23T04:32:25.342+0000] {processor.py:914} INFO - Processing file /home/airflow/.local/lib/python3.12/site-packages/airflow/example_dags/example_task_group_decorator.py for tasks to queue
[2024-10-23T04:32:25.343+0000] {logging_mixin.py:190} INFO - [2024-10-23T04:32:25.343+0000] {dagbag.py:588} INFO - Filling up the DagBag from /home/airflow/.local/lib/python3.12/site-packages/airflow/example_dags/example_task_group_decorator.py
[2024-10-23T04:32:25.354+0000] {processor.py:925} INFO - DAG(s) 'example_task_group_decorator' retrieved from /home/airflow/.local/lib/python3.12/site-packages/airflow/example_dags/example_task_group_decorator.py
[2024-10-23T04:32:25.371+0000] {logging_mixin.py:190} INFO - [2024-10-23T04:32:25.371+0000] {dag.py:3239} INFO - Sync 1 DAGs
[2024-10-23T04:32:25.381+0000] {logging_mixin.py:190} INFO - [2024-10-23T04:32:25.380+0000] {dag.py:4180} INFO - Setting next_dagrun for example_task_group_decorator to None, run_after=None
[2024-10-23T04:32:25.393+0000] {processor.py:208} INFO - Processing /home/airflow/.local/lib/python3.12/site-packages/airflow/example_dags/example_task_group_decorator.py took 0.057 seconds
[2024-10-23T04:32:55.700+0000] {processor.py:186} INFO - Started process (PID=14919) to work on /home/airflow/.local/lib/python3.12/site-packages/airflow/example_dags/example_task_group_decorator.py
[2024-10-23T04:32:55.701+0000] {processor.py:914} INFO - Processing file /home/airflow/.local/lib/python3.12/site-packages/airflow/example_dags/example_task_group_decorator.py for tasks to queue
[2024-10-23T04:32:55.703+0000] {logging_mixin.py:190} INFO - [2024-10-23T04:32:55.702+0000] {dagbag.py:588} INFO - Filling up the DagBag from /home/airflow/.local/lib/python3.12/site-packages/airflow/example_dags/example_task_group_decorator.py
[2024-10-23T04:32:55.715+0000] {processor.py:925} INFO - DAG(s) 'example_task_group_decorator' retrieved from /home/airflow/.local/lib/python3.12/site-packages/airflow/example_dags/example_task_group_decorator.py
[2024-10-23T04:32:55.740+0000] {logging_mixin.py:190} INFO - [2024-10-23T04:32:55.740+0000] {dag.py:3239} INFO - Sync 1 DAGs
[2024-10-23T04:32:55.752+0000] {logging_mixin.py:190} INFO - [2024-10-23T04:32:55.752+0000] {dag.py:4180} INFO - Setting next_dagrun for example_task_group_decorator to None, run_after=None
[2024-10-23T04:32:55.766+0000] {processor.py:208} INFO - Processing /home/airflow/.local/lib/python3.12/site-packages/airflow/example_dags/example_task_group_decorator.py took 0.075 seconds
[2024-10-23T04:33:26.455+0000] {processor.py:186} INFO - Started process (PID=14982) to work on /home/airflow/.local/lib/python3.12/site-packages/airflow/example_dags/example_task_group_decorator.py
[2024-10-23T04:33:26.456+0000] {processor.py:914} INFO - Processing file /home/airflow/.local/lib/python3.12/site-packages/airflow/example_dags/example_task_group_decorator.py for tasks to queue
[2024-10-23T04:33:26.457+0000] {logging_mixin.py:190} INFO - [2024-10-23T04:33:26.457+0000] {dagbag.py:588} INFO - Filling up the DagBag from /home/airflow/.local/lib/python3.12/site-packages/airflow/example_dags/example_task_group_decorator.py
[2024-10-23T04:33:26.470+0000] {processor.py:925} INFO - DAG(s) 'example_task_group_decorator' retrieved from /home/airflow/.local/lib/python3.12/site-packages/airflow/example_dags/example_task_group_decorator.py
[2024-10-23T04:33:26.501+0000] {logging_mixin.py:190} INFO - [2024-10-23T04:33:26.500+0000] {dag.py:3239} INFO - Sync 1 DAGs
[2024-10-23T04:33:26.515+0000] {logging_mixin.py:190} INFO - [2024-10-23T04:33:26.515+0000] {dag.py:4180} INFO - Setting next_dagrun for example_task_group_decorator to None, run_after=None
[2024-10-23T04:33:26.528+0000] {processor.py:208} INFO - Processing /home/airflow/.local/lib/python3.12/site-packages/airflow/example_dags/example_task_group_decorator.py took 0.079 seconds
[2024-10-23T04:33:57.339+0000] {processor.py:186} INFO - Started process (PID=15045) to work on /home/airflow/.local/lib/python3.12/site-packages/airflow/example_dags/example_task_group_decorator.py
[2024-10-23T04:33:57.340+0000] {processor.py:914} INFO - Processing file /home/airflow/.local/lib/python3.12/site-packages/airflow/example_dags/example_task_group_decorator.py for tasks to queue
[2024-10-23T04:33:57.340+0000] {logging_mixin.py:190} INFO - [2024-10-23T04:33:57.340+0000] {dagbag.py:588} INFO - Filling up the DagBag from /home/airflow/.local/lib/python3.12/site-packages/airflow/example_dags/example_task_group_decorator.py
[2024-10-23T04:33:57.353+0000] {processor.py:925} INFO - DAG(s) 'example_task_group_decorator' retrieved from /home/airflow/.local/lib/python3.12/site-packages/airflow/example_dags/example_task_group_decorator.py
[2024-10-23T04:33:57.373+0000] {logging_mixin.py:190} INFO - [2024-10-23T04:33:57.373+0000] {dag.py:3239} INFO - Sync 1 DAGs
[2024-10-23T04:33:57.383+0000] {logging_mixin.py:190} INFO - [2024-10-23T04:33:57.382+0000] {dag.py:4180} INFO - Setting next_dagrun for example_task_group_decorator to None, run_after=None
[2024-10-23T04:33:57.398+0000] {processor.py:208} INFO - Processing /home/airflow/.local/lib/python3.12/site-packages/airflow/example_dags/example_task_group_decorator.py took 0.064 seconds
[2024-10-23T04:34:28.766+0000] {processor.py:186} INFO - Started process (PID=15108) to work on /home/airflow/.local/lib/python3.12/site-packages/airflow/example_dags/example_task_group_decorator.py
[2024-10-23T04:34:28.767+0000] {processor.py:914} INFO - Processing file /home/airflow/.local/lib/python3.12/site-packages/airflow/example_dags/example_task_group_decorator.py for tasks to queue
[2024-10-23T04:34:28.769+0000] {logging_mixin.py:190} INFO - [2024-10-23T04:34:28.769+0000] {dagbag.py:588} INFO - Filling up the DagBag from /home/airflow/.local/lib/python3.12/site-packages/airflow/example_dags/example_task_group_decorator.py
[2024-10-23T04:34:28.787+0000] {processor.py:925} INFO - DAG(s) 'example_task_group_decorator' retrieved from /home/airflow/.local/lib/python3.12/site-packages/airflow/example_dags/example_task_group_decorator.py
[2024-10-23T04:34:28.813+0000] {logging_mixin.py:190} INFO - [2024-10-23T04:34:28.812+0000] {dag.py:3239} INFO - Sync 1 DAGs
[2024-10-23T04:34:28.824+0000] {logging_mixin.py:190} INFO - [2024-10-23T04:34:28.823+0000] {dag.py:4180} INFO - Setting next_dagrun for example_task_group_decorator to None, run_after=None
[2024-10-23T04:34:28.838+0000] {processor.py:208} INFO - Processing /home/airflow/.local/lib/python3.12/site-packages/airflow/example_dags/example_task_group_decorator.py took 0.079 seconds
[2024-10-23T04:34:59.515+0000] {processor.py:186} INFO - Started process (PID=15171) to work on /home/airflow/.local/lib/python3.12/site-packages/airflow/example_dags/example_task_group_decorator.py
[2024-10-23T04:34:59.518+0000] {processor.py:914} INFO - Processing file /home/airflow/.local/lib/python3.12/site-packages/airflow/example_dags/example_task_group_decorator.py for tasks to queue
[2024-10-23T04:34:59.519+0000] {logging_mixin.py:190} INFO - [2024-10-23T04:34:59.518+0000] {dagbag.py:588} INFO - Filling up the DagBag from /home/airflow/.local/lib/python3.12/site-packages/airflow/example_dags/example_task_group_decorator.py
[2024-10-23T04:34:59.529+0000] {processor.py:925} INFO - DAG(s) 'example_task_group_decorator' retrieved from /home/airflow/.local/lib/python3.12/site-packages/airflow/example_dags/example_task_group_decorator.py
[2024-10-23T04:34:59.550+0000] {logging_mixin.py:190} INFO - [2024-10-23T04:34:59.549+0000] {dag.py:3239} INFO - Sync 1 DAGs
[2024-10-23T04:34:59.560+0000] {logging_mixin.py:190} INFO - [2024-10-23T04:34:59.560+0000] {dag.py:4180} INFO - Setting next_dagrun for example_task_group_decorator to None, run_after=None
[2024-10-23T04:34:59.573+0000] {processor.py:208} INFO - Processing /home/airflow/.local/lib/python3.12/site-packages/airflow/example_dags/example_task_group_decorator.py took 0.066 seconds
[2024-10-23T04:35:29.722+0000] {processor.py:186} INFO - Started process (PID=15237) to work on /home/airflow/.local/lib/python3.12/site-packages/airflow/example_dags/example_task_group_decorator.py
[2024-10-23T04:35:29.724+0000] {processor.py:914} INFO - Processing file /home/airflow/.local/lib/python3.12/site-packages/airflow/example_dags/example_task_group_decorator.py for tasks to queue
[2024-10-23T04:35:29.725+0000] {logging_mixin.py:190} INFO - [2024-10-23T04:35:29.725+0000] {dagbag.py:588} INFO - Filling up the DagBag from /home/airflow/.local/lib/python3.12/site-packages/airflow/example_dags/example_task_group_decorator.py
[2024-10-23T04:35:29.739+0000] {processor.py:925} INFO - DAG(s) 'example_task_group_decorator' retrieved from /home/airflow/.local/lib/python3.12/site-packages/airflow/example_dags/example_task_group_decorator.py
[2024-10-23T04:35:29.756+0000] {logging_mixin.py:190} INFO - [2024-10-23T04:35:29.756+0000] {dag.py:3239} INFO - Sync 1 DAGs
[2024-10-23T04:35:29.765+0000] {logging_mixin.py:190} INFO - [2024-10-23T04:35:29.765+0000] {dag.py:4180} INFO - Setting next_dagrun for example_task_group_decorator to None, run_after=None
[2024-10-23T04:35:29.775+0000] {processor.py:208} INFO - Processing /home/airflow/.local/lib/python3.12/site-packages/airflow/example_dags/example_task_group_decorator.py took 0.059 seconds
[2024-10-23T04:36:00.248+0000] {processor.py:186} INFO - Started process (PID=15300) to work on /home/airflow/.local/lib/python3.12/site-packages/airflow/example_dags/example_task_group_decorator.py
[2024-10-23T04:36:00.249+0000] {processor.py:914} INFO - Processing file /home/airflow/.local/lib/python3.12/site-packages/airflow/example_dags/example_task_group_decorator.py for tasks to queue
[2024-10-23T04:36:00.250+0000] {logging_mixin.py:190} INFO - [2024-10-23T04:36:00.250+0000] {dagbag.py:588} INFO - Filling up the DagBag from /home/airflow/.local/lib/python3.12/site-packages/airflow/example_dags/example_task_group_decorator.py
[2024-10-23T04:36:00.263+0000] {processor.py:925} INFO - DAG(s) 'example_task_group_decorator' retrieved from /home/airflow/.local/lib/python3.12/site-packages/airflow/example_dags/example_task_group_decorator.py
[2024-10-23T04:36:00.283+0000] {logging_mixin.py:190} INFO - [2024-10-23T04:36:00.282+0000] {dag.py:3239} INFO - Sync 1 DAGs
[2024-10-23T04:36:00.293+0000] {logging_mixin.py:190} INFO - [2024-10-23T04:36:00.293+0000] {dag.py:4180} INFO - Setting next_dagrun for example_task_group_decorator to None, run_after=None
[2024-10-23T04:36:00.306+0000] {processor.py:208} INFO - Processing /home/airflow/.local/lib/python3.12/site-packages/airflow/example_dags/example_task_group_decorator.py took 0.062 seconds
[2024-10-23T04:36:31.378+0000] {processor.py:186} INFO - Started process (PID=15366) to work on /home/airflow/.local/lib/python3.12/site-packages/airflow/example_dags/example_task_group_decorator.py
[2024-10-23T04:36:31.380+0000] {processor.py:914} INFO - Processing file /home/airflow/.local/lib/python3.12/site-packages/airflow/example_dags/example_task_group_decorator.py for tasks to queue
[2024-10-23T04:36:31.382+0000] {logging_mixin.py:190} INFO - [2024-10-23T04:36:31.382+0000] {dagbag.py:588} INFO - Filling up the DagBag from /home/airflow/.local/lib/python3.12/site-packages/airflow/example_dags/example_task_group_decorator.py
[2024-10-23T04:36:31.419+0000] {processor.py:925} INFO - DAG(s) 'example_task_group_decorator' retrieved from /home/airflow/.local/lib/python3.12/site-packages/airflow/example_dags/example_task_group_decorator.py
[2024-10-23T04:36:31.465+0000] {logging_mixin.py:190} INFO - [2024-10-23T04:36:31.465+0000] {dag.py:3239} INFO - Sync 1 DAGs
[2024-10-23T04:36:31.484+0000] {logging_mixin.py:190} INFO - [2024-10-23T04:36:31.484+0000] {dag.py:4180} INFO - Setting next_dagrun for example_task_group_decorator to None, run_after=None
[2024-10-23T04:36:31.501+0000] {processor.py:208} INFO - Processing /home/airflow/.local/lib/python3.12/site-packages/airflow/example_dags/example_task_group_decorator.py took 0.142 seconds
[2024-10-23T04:37:01.998+0000] {processor.py:186} INFO - Started process (PID=15429) to work on /home/airflow/.local/lib/python3.12/site-packages/airflow/example_dags/example_task_group_decorator.py
[2024-10-23T04:37:01.999+0000] {processor.py:914} INFO - Processing file /home/airflow/.local/lib/python3.12/site-packages/airflow/example_dags/example_task_group_decorator.py for tasks to queue
[2024-10-23T04:37:02.000+0000] {logging_mixin.py:190} INFO - [2024-10-23T04:37:02.000+0000] {dagbag.py:588} INFO - Filling up the DagBag from /home/airflow/.local/lib/python3.12/site-packages/airflow/example_dags/example_task_group_decorator.py
[2024-10-23T04:37:02.011+0000] {processor.py:925} INFO - DAG(s) 'example_task_group_decorator' retrieved from /home/airflow/.local/lib/python3.12/site-packages/airflow/example_dags/example_task_group_decorator.py
[2024-10-23T04:37:02.029+0000] {logging_mixin.py:190} INFO - [2024-10-23T04:37:02.029+0000] {dag.py:3239} INFO - Sync 1 DAGs
[2024-10-23T04:37:02.039+0000] {logging_mixin.py:190} INFO - [2024-10-23T04:37:02.039+0000] {dag.py:4180} INFO - Setting next_dagrun for example_task_group_decorator to None, run_after=None
[2024-10-23T04:37:02.050+0000] {processor.py:208} INFO - Processing /home/airflow/.local/lib/python3.12/site-packages/airflow/example_dags/example_task_group_decorator.py took 0.056 seconds
[2024-10-23T04:37:32.492+0000] {processor.py:186} INFO - Started process (PID=15492) to work on /home/airflow/.local/lib/python3.12/site-packages/airflow/example_dags/example_task_group_decorator.py
[2024-10-23T04:37:32.492+0000] {processor.py:914} INFO - Processing file /home/airflow/.local/lib/python3.12/site-packages/airflow/example_dags/example_task_group_decorator.py for tasks to queue
[2024-10-23T04:37:32.493+0000] {logging_mixin.py:190} INFO - [2024-10-23T04:37:32.493+0000] {dagbag.py:588} INFO - Filling up the DagBag from /home/airflow/.local/lib/python3.12/site-packages/airflow/example_dags/example_task_group_decorator.py
[2024-10-23T04:37:32.507+0000] {processor.py:925} INFO - DAG(s) 'example_task_group_decorator' retrieved from /home/airflow/.local/lib/python3.12/site-packages/airflow/example_dags/example_task_group_decorator.py
[2024-10-23T04:37:32.527+0000] {logging_mixin.py:190} INFO - [2024-10-23T04:37:32.527+0000] {dag.py:3239} INFO - Sync 1 DAGs
[2024-10-23T04:37:32.538+0000] {logging_mixin.py:190} INFO - [2024-10-23T04:37:32.538+0000] {dag.py:4180} INFO - Setting next_dagrun for example_task_group_decorator to None, run_after=None
[2024-10-23T04:37:32.557+0000] {processor.py:208} INFO - Processing /home/airflow/.local/lib/python3.12/site-packages/airflow/example_dags/example_task_group_decorator.py took 0.073 seconds
[2024-10-23T04:38:02.888+0000] {processor.py:186} INFO - Started process (PID=15555) to work on /home/airflow/.local/lib/python3.12/site-packages/airflow/example_dags/example_task_group_decorator.py
[2024-10-23T04:38:02.889+0000] {processor.py:914} INFO - Processing file /home/airflow/.local/lib/python3.12/site-packages/airflow/example_dags/example_task_group_decorator.py for tasks to queue
[2024-10-23T04:38:02.890+0000] {logging_mixin.py:190} INFO - [2024-10-23T04:38:02.890+0000] {dagbag.py:588} INFO - Filling up the DagBag from /home/airflow/.local/lib/python3.12/site-packages/airflow/example_dags/example_task_group_decorator.py
[2024-10-23T04:38:02.901+0000] {processor.py:925} INFO - DAG(s) 'example_task_group_decorator' retrieved from /home/airflow/.local/lib/python3.12/site-packages/airflow/example_dags/example_task_group_decorator.py
[2024-10-23T04:38:02.916+0000] {logging_mixin.py:190} INFO - [2024-10-23T04:38:02.916+0000] {dag.py:3239} INFO - Sync 1 DAGs
[2024-10-23T04:38:02.925+0000] {logging_mixin.py:190} INFO - [2024-10-23T04:38:02.925+0000] {dag.py:4180} INFO - Setting next_dagrun for example_task_group_decorator to None, run_after=None
[2024-10-23T04:38:02.935+0000] {processor.py:208} INFO - Processing /home/airflow/.local/lib/python3.12/site-packages/airflow/example_dags/example_task_group_decorator.py took 0.050 seconds
[2024-10-23T04:38:33.092+0000] {processor.py:186} INFO - Started process (PID=15618) to work on /home/airflow/.local/lib/python3.12/site-packages/airflow/example_dags/example_task_group_decorator.py
[2024-10-23T04:38:33.094+0000] {processor.py:914} INFO - Processing file /home/airflow/.local/lib/python3.12/site-packages/airflow/example_dags/example_task_group_decorator.py for tasks to queue
[2024-10-23T04:38:33.095+0000] {logging_mixin.py:190} INFO - [2024-10-23T04:38:33.095+0000] {dagbag.py:588} INFO - Filling up the DagBag from /home/airflow/.local/lib/python3.12/site-packages/airflow/example_dags/example_task_group_decorator.py
[2024-10-23T04:38:33.110+0000] {processor.py:925} INFO - DAG(s) 'example_task_group_decorator' retrieved from /home/airflow/.local/lib/python3.12/site-packages/airflow/example_dags/example_task_group_decorator.py
[2024-10-23T04:38:33.133+0000] {logging_mixin.py:190} INFO - [2024-10-23T04:38:33.132+0000] {dag.py:3239} INFO - Sync 1 DAGs
[2024-10-23T04:38:33.143+0000] {logging_mixin.py:190} INFO - [2024-10-23T04:38:33.142+0000] {dag.py:4180} INFO - Setting next_dagrun for example_task_group_decorator to None, run_after=None
[2024-10-23T04:38:33.158+0000] {processor.py:208} INFO - Processing /home/airflow/.local/lib/python3.12/site-packages/airflow/example_dags/example_task_group_decorator.py took 0.073 seconds
[2024-10-23T04:39:03.843+0000] {processor.py:186} INFO - Started process (PID=15681) to work on /home/airflow/.local/lib/python3.12/site-packages/airflow/example_dags/example_task_group_decorator.py
[2024-10-23T04:39:03.844+0000] {processor.py:914} INFO - Processing file /home/airflow/.local/lib/python3.12/site-packages/airflow/example_dags/example_task_group_decorator.py for tasks to queue
[2024-10-23T04:39:03.845+0000] {logging_mixin.py:190} INFO - [2024-10-23T04:39:03.845+0000] {dagbag.py:588} INFO - Filling up the DagBag from /home/airflow/.local/lib/python3.12/site-packages/airflow/example_dags/example_task_group_decorator.py
[2024-10-23T04:39:03.855+0000] {processor.py:925} INFO - DAG(s) 'example_task_group_decorator' retrieved from /home/airflow/.local/lib/python3.12/site-packages/airflow/example_dags/example_task_group_decorator.py
[2024-10-23T04:39:03.871+0000] {logging_mixin.py:190} INFO - [2024-10-23T04:39:03.871+0000] {dag.py:3239} INFO - Sync 1 DAGs
[2024-10-23T04:39:03.881+0000] {logging_mixin.py:190} INFO - [2024-10-23T04:39:03.880+0000] {dag.py:4180} INFO - Setting next_dagrun for example_task_group_decorator to None, run_after=None
[2024-10-23T04:39:03.893+0000] {processor.py:208} INFO - Processing /home/airflow/.local/lib/python3.12/site-packages/airflow/example_dags/example_task_group_decorator.py took 0.056 seconds
[2024-10-23T04:39:35.387+0000] {processor.py:186} INFO - Started process (PID=15744) to work on /home/airflow/.local/lib/python3.12/site-packages/airflow/example_dags/example_task_group_decorator.py
[2024-10-23T04:39:35.388+0000] {processor.py:914} INFO - Processing file /home/airflow/.local/lib/python3.12/site-packages/airflow/example_dags/example_task_group_decorator.py for tasks to queue
[2024-10-23T04:39:35.389+0000] {logging_mixin.py:190} INFO - [2024-10-23T04:39:35.389+0000] {dagbag.py:588} INFO - Filling up the DagBag from /home/airflow/.local/lib/python3.12/site-packages/airflow/example_dags/example_task_group_decorator.py
[2024-10-23T04:39:35.401+0000] {processor.py:925} INFO - DAG(s) 'example_task_group_decorator' retrieved from /home/airflow/.local/lib/python3.12/site-packages/airflow/example_dags/example_task_group_decorator.py
[2024-10-23T04:39:35.427+0000] {logging_mixin.py:190} INFO - [2024-10-23T04:39:35.426+0000] {dag.py:3239} INFO - Sync 1 DAGs
[2024-10-23T04:39:35.636+0000] {logging_mixin.py:190} INFO - [2024-10-23T04:39:35.635+0000] {dag.py:4180} INFO - Setting next_dagrun for example_task_group_decorator to None, run_after=None
[2024-10-23T04:39:35.653+0000] {processor.py:208} INFO - Processing /home/airflow/.local/lib/python3.12/site-packages/airflow/example_dags/example_task_group_decorator.py took 0.273 seconds
[2024-10-23T04:40:05.901+0000] {processor.py:186} INFO - Started process (PID=15807) to work on /home/airflow/.local/lib/python3.12/site-packages/airflow/example_dags/example_task_group_decorator.py
[2024-10-23T04:40:05.904+0000] {processor.py:914} INFO - Processing file /home/airflow/.local/lib/python3.12/site-packages/airflow/example_dags/example_task_group_decorator.py for tasks to queue
[2024-10-23T04:40:05.907+0000] {logging_mixin.py:190} INFO - [2024-10-23T04:40:05.906+0000] {dagbag.py:588} INFO - Filling up the DagBag from /home/airflow/.local/lib/python3.12/site-packages/airflow/example_dags/example_task_group_decorator.py
[2024-10-23T04:40:05.929+0000] {processor.py:925} INFO - DAG(s) 'example_task_group_decorator' retrieved from /home/airflow/.local/lib/python3.12/site-packages/airflow/example_dags/example_task_group_decorator.py
[2024-10-23T04:40:05.963+0000] {logging_mixin.py:190} INFO - [2024-10-23T04:40:05.963+0000] {dag.py:3239} INFO - Sync 1 DAGs
[2024-10-23T04:40:06.298+0000] {logging_mixin.py:190} INFO - [2024-10-23T04:40:06.298+0000] {dag.py:4180} INFO - Setting next_dagrun for example_task_group_decorator to None, run_after=None
[2024-10-23T04:40:06.313+0000] {processor.py:208} INFO - Processing /home/airflow/.local/lib/python3.12/site-packages/airflow/example_dags/example_task_group_decorator.py took 0.420 seconds
[2024-10-23T04:40:37.213+0000] {processor.py:186} INFO - Started process (PID=15870) to work on /home/airflow/.local/lib/python3.12/site-packages/airflow/example_dags/example_task_group_decorator.py
[2024-10-23T04:40:37.215+0000] {processor.py:914} INFO - Processing file /home/airflow/.local/lib/python3.12/site-packages/airflow/example_dags/example_task_group_decorator.py for tasks to queue
[2024-10-23T04:40:37.216+0000] {logging_mixin.py:190} INFO - [2024-10-23T04:40:37.215+0000] {dagbag.py:588} INFO - Filling up the DagBag from /home/airflow/.local/lib/python3.12/site-packages/airflow/example_dags/example_task_group_decorator.py
[2024-10-23T04:40:37.230+0000] {processor.py:925} INFO - DAG(s) 'example_task_group_decorator' retrieved from /home/airflow/.local/lib/python3.12/site-packages/airflow/example_dags/example_task_group_decorator.py
[2024-10-23T04:40:37.267+0000] {logging_mixin.py:190} INFO - [2024-10-23T04:40:37.266+0000] {dag.py:3239} INFO - Sync 1 DAGs
[2024-10-23T04:40:37.282+0000] {logging_mixin.py:190} INFO - [2024-10-23T04:40:37.281+0000] {dag.py:4180} INFO - Setting next_dagrun for example_task_group_decorator to None, run_after=None
[2024-10-23T04:40:37.297+0000] {processor.py:208} INFO - Processing /home/airflow/.local/lib/python3.12/site-packages/airflow/example_dags/example_task_group_decorator.py took 0.092 seconds
[2024-10-23T04:41:08.089+0000] {processor.py:186} INFO - Started process (PID=15933) to work on /home/airflow/.local/lib/python3.12/site-packages/airflow/example_dags/example_task_group_decorator.py
[2024-10-23T04:41:08.090+0000] {processor.py:914} INFO - Processing file /home/airflow/.local/lib/python3.12/site-packages/airflow/example_dags/example_task_group_decorator.py for tasks to queue
[2024-10-23T04:41:08.091+0000] {logging_mixin.py:190} INFO - [2024-10-23T04:41:08.091+0000] {dagbag.py:588} INFO - Filling up the DagBag from /home/airflow/.local/lib/python3.12/site-packages/airflow/example_dags/example_task_group_decorator.py
[2024-10-23T04:41:08.104+0000] {processor.py:925} INFO - DAG(s) 'example_task_group_decorator' retrieved from /home/airflow/.local/lib/python3.12/site-packages/airflow/example_dags/example_task_group_decorator.py
[2024-10-23T04:41:08.132+0000] {logging_mixin.py:190} INFO - [2024-10-23T04:41:08.131+0000] {dag.py:3239} INFO - Sync 1 DAGs
[2024-10-23T04:41:08.158+0000] {logging_mixin.py:190} INFO - [2024-10-23T04:41:08.157+0000] {dag.py:4180} INFO - Setting next_dagrun for example_task_group_decorator to None, run_after=None
[2024-10-23T04:41:08.188+0000] {processor.py:208} INFO - Processing /home/airflow/.local/lib/python3.12/site-packages/airflow/example_dags/example_task_group_decorator.py took 0.103 seconds
[2024-10-23T04:41:38.786+0000] {processor.py:186} INFO - Started process (PID=15996) to work on /home/airflow/.local/lib/python3.12/site-packages/airflow/example_dags/example_task_group_decorator.py
[2024-10-23T04:41:38.790+0000] {processor.py:914} INFO - Processing file /home/airflow/.local/lib/python3.12/site-packages/airflow/example_dags/example_task_group_decorator.py for tasks to queue
[2024-10-23T04:41:38.791+0000] {logging_mixin.py:190} INFO - [2024-10-23T04:41:38.791+0000] {dagbag.py:588} INFO - Filling up the DagBag from /home/airflow/.local/lib/python3.12/site-packages/airflow/example_dags/example_task_group_decorator.py
[2024-10-23T04:41:38.803+0000] {processor.py:925} INFO - DAG(s) 'example_task_group_decorator' retrieved from /home/airflow/.local/lib/python3.12/site-packages/airflow/example_dags/example_task_group_decorator.py
[2024-10-23T04:41:38.819+0000] {logging_mixin.py:190} INFO - [2024-10-23T04:41:38.819+0000] {dag.py:3239} INFO - Sync 1 DAGs
[2024-10-23T04:41:38.829+0000] {logging_mixin.py:190} INFO - [2024-10-23T04:41:38.828+0000] {dag.py:4180} INFO - Setting next_dagrun for example_task_group_decorator to None, run_after=None
[2024-10-23T04:41:38.839+0000] {processor.py:208} INFO - Processing /home/airflow/.local/lib/python3.12/site-packages/airflow/example_dags/example_task_group_decorator.py took 0.057 seconds
[2024-10-23T04:42:08.916+0000] {processor.py:186} INFO - Started process (PID=16059) to work on /home/airflow/.local/lib/python3.12/site-packages/airflow/example_dags/example_task_group_decorator.py
[2024-10-23T04:42:08.917+0000] {processor.py:914} INFO - Processing file /home/airflow/.local/lib/python3.12/site-packages/airflow/example_dags/example_task_group_decorator.py for tasks to queue
[2024-10-23T04:42:08.918+0000] {logging_mixin.py:190} INFO - [2024-10-23T04:42:08.918+0000] {dagbag.py:588} INFO - Filling up the DagBag from /home/airflow/.local/lib/python3.12/site-packages/airflow/example_dags/example_task_group_decorator.py
[2024-10-23T04:42:08.932+0000] {processor.py:925} INFO - DAG(s) 'example_task_group_decorator' retrieved from /home/airflow/.local/lib/python3.12/site-packages/airflow/example_dags/example_task_group_decorator.py
[2024-10-23T04:42:08.955+0000] {logging_mixin.py:190} INFO - [2024-10-23T04:42:08.955+0000] {dag.py:3239} INFO - Sync 1 DAGs
[2024-10-23T04:42:08.972+0000] {logging_mixin.py:190} INFO - [2024-10-23T04:42:08.972+0000] {dag.py:4180} INFO - Setting next_dagrun for example_task_group_decorator to None, run_after=None
[2024-10-23T04:42:08.986+0000] {processor.py:208} INFO - Processing /home/airflow/.local/lib/python3.12/site-packages/airflow/example_dags/example_task_group_decorator.py took 0.075 seconds
[2024-10-23T04:42:39.015+0000] {processor.py:186} INFO - Started process (PID=16122) to work on /home/airflow/.local/lib/python3.12/site-packages/airflow/example_dags/example_task_group_decorator.py
[2024-10-23T04:42:39.017+0000] {processor.py:914} INFO - Processing file /home/airflow/.local/lib/python3.12/site-packages/airflow/example_dags/example_task_group_decorator.py for tasks to queue
[2024-10-23T04:42:39.020+0000] {logging_mixin.py:190} INFO - [2024-10-23T04:42:39.019+0000] {dagbag.py:588} INFO - Filling up the DagBag from /home/airflow/.local/lib/python3.12/site-packages/airflow/example_dags/example_task_group_decorator.py
[2024-10-23T04:42:39.034+0000] {processor.py:925} INFO - DAG(s) 'example_task_group_decorator' retrieved from /home/airflow/.local/lib/python3.12/site-packages/airflow/example_dags/example_task_group_decorator.py
[2024-10-23T04:42:39.054+0000] {logging_mixin.py:190} INFO - [2024-10-23T04:42:39.054+0000] {dag.py:3239} INFO - Sync 1 DAGs
[2024-10-23T04:42:39.066+0000] {logging_mixin.py:190} INFO - [2024-10-23T04:42:39.065+0000] {dag.py:4180} INFO - Setting next_dagrun for example_task_group_decorator to None, run_after=None
[2024-10-23T04:42:39.089+0000] {processor.py:208} INFO - Processing /home/airflow/.local/lib/python3.12/site-packages/airflow/example_dags/example_task_group_decorator.py took 0.079 seconds
[2024-10-23T04:43:10.119+0000] {processor.py:186} INFO - Started process (PID=16185) to work on /home/airflow/.local/lib/python3.12/site-packages/airflow/example_dags/example_task_group_decorator.py
[2024-10-23T04:43:10.120+0000] {processor.py:914} INFO - Processing file /home/airflow/.local/lib/python3.12/site-packages/airflow/example_dags/example_task_group_decorator.py for tasks to queue
[2024-10-23T04:43:10.121+0000] {logging_mixin.py:190} INFO - [2024-10-23T04:43:10.121+0000] {dagbag.py:588} INFO - Filling up the DagBag from /home/airflow/.local/lib/python3.12/site-packages/airflow/example_dags/example_task_group_decorator.py
[2024-10-23T04:43:10.141+0000] {processor.py:925} INFO - DAG(s) 'example_task_group_decorator' retrieved from /home/airflow/.local/lib/python3.12/site-packages/airflow/example_dags/example_task_group_decorator.py
[2024-10-23T04:43:10.163+0000] {logging_mixin.py:190} INFO - [2024-10-23T04:43:10.163+0000] {dag.py:3239} INFO - Sync 1 DAGs
[2024-10-23T04:43:10.176+0000] {logging_mixin.py:190} INFO - [2024-10-23T04:43:10.176+0000] {dag.py:4180} INFO - Setting next_dagrun for example_task_group_decorator to None, run_after=None
[2024-10-23T04:43:10.192+0000] {processor.py:208} INFO - Processing /home/airflow/.local/lib/python3.12/site-packages/airflow/example_dags/example_task_group_decorator.py took 0.079 seconds
[2024-10-23T04:43:41.139+0000] {processor.py:186} INFO - Started process (PID=16248) to work on /home/airflow/.local/lib/python3.12/site-packages/airflow/example_dags/example_task_group_decorator.py
[2024-10-23T04:43:41.141+0000] {processor.py:914} INFO - Processing file /home/airflow/.local/lib/python3.12/site-packages/airflow/example_dags/example_task_group_decorator.py for tasks to queue
[2024-10-23T04:43:41.142+0000] {logging_mixin.py:190} INFO - [2024-10-23T04:43:41.142+0000] {dagbag.py:588} INFO - Filling up the DagBag from /home/airflow/.local/lib/python3.12/site-packages/airflow/example_dags/example_task_group_decorator.py
[2024-10-23T04:43:41.155+0000] {processor.py:925} INFO - DAG(s) 'example_task_group_decorator' retrieved from /home/airflow/.local/lib/python3.12/site-packages/airflow/example_dags/example_task_group_decorator.py
[2024-10-23T04:43:41.184+0000] {logging_mixin.py:190} INFO - [2024-10-23T04:43:41.184+0000] {dag.py:3239} INFO - Sync 1 DAGs
[2024-10-23T04:43:41.197+0000] {logging_mixin.py:190} INFO - [2024-10-23T04:43:41.197+0000] {dag.py:4180} INFO - Setting next_dagrun for example_task_group_decorator to None, run_after=None
[2024-10-23T04:43:41.210+0000] {processor.py:208} INFO - Processing /home/airflow/.local/lib/python3.12/site-packages/airflow/example_dags/example_task_group_decorator.py took 0.075 seconds
[2024-10-23T04:44:12.232+0000] {processor.py:186} INFO - Started process (PID=16311) to work on /home/airflow/.local/lib/python3.12/site-packages/airflow/example_dags/example_task_group_decorator.py
[2024-10-23T04:44:12.234+0000] {processor.py:914} INFO - Processing file /home/airflow/.local/lib/python3.12/site-packages/airflow/example_dags/example_task_group_decorator.py for tasks to queue
[2024-10-23T04:44:12.236+0000] {logging_mixin.py:190} INFO - [2024-10-23T04:44:12.236+0000] {dagbag.py:588} INFO - Filling up the DagBag from /home/airflow/.local/lib/python3.12/site-packages/airflow/example_dags/example_task_group_decorator.py
[2024-10-23T04:44:12.255+0000] {processor.py:925} INFO - DAG(s) 'example_task_group_decorator' retrieved from /home/airflow/.local/lib/python3.12/site-packages/airflow/example_dags/example_task_group_decorator.py
[2024-10-23T04:44:12.286+0000] {logging_mixin.py:190} INFO - [2024-10-23T04:44:12.286+0000] {dag.py:3239} INFO - Sync 1 DAGs
[2024-10-23T04:44:12.301+0000] {logging_mixin.py:190} INFO - [2024-10-23T04:44:12.301+0000] {dag.py:4180} INFO - Setting next_dagrun for example_task_group_decorator to None, run_after=None
[2024-10-23T04:44:12.318+0000] {processor.py:208} INFO - Processing /home/airflow/.local/lib/python3.12/site-packages/airflow/example_dags/example_task_group_decorator.py took 0.094 seconds
[2024-10-23T04:44:43.499+0000] {processor.py:186} INFO - Started process (PID=16374) to work on /home/airflow/.local/lib/python3.12/site-packages/airflow/example_dags/example_task_group_decorator.py
[2024-10-23T04:44:43.500+0000] {processor.py:914} INFO - Processing file /home/airflow/.local/lib/python3.12/site-packages/airflow/example_dags/example_task_group_decorator.py for tasks to queue
[2024-10-23T04:44:43.501+0000] {logging_mixin.py:190} INFO - [2024-10-23T04:44:43.501+0000] {dagbag.py:588} INFO - Filling up the DagBag from /home/airflow/.local/lib/python3.12/site-packages/airflow/example_dags/example_task_group_decorator.py
[2024-10-23T04:44:43.515+0000] {processor.py:925} INFO - DAG(s) 'example_task_group_decorator' retrieved from /home/airflow/.local/lib/python3.12/site-packages/airflow/example_dags/example_task_group_decorator.py
[2024-10-23T04:44:43.536+0000] {logging_mixin.py:190} INFO - [2024-10-23T04:44:43.536+0000] {dag.py:3239} INFO - Sync 1 DAGs
[2024-10-23T04:44:43.549+0000] {logging_mixin.py:190} INFO - [2024-10-23T04:44:43.549+0000] {dag.py:4180} INFO - Setting next_dagrun for example_task_group_decorator to None, run_after=None
[2024-10-23T04:44:43.562+0000] {processor.py:208} INFO - Processing /home/airflow/.local/lib/python3.12/site-packages/airflow/example_dags/example_task_group_decorator.py took 0.068 seconds
[2024-10-23T04:45:13.956+0000] {processor.py:186} INFO - Started process (PID=16437) to work on /home/airflow/.local/lib/python3.12/site-packages/airflow/example_dags/example_task_group_decorator.py
[2024-10-23T04:45:13.956+0000] {processor.py:914} INFO - Processing file /home/airflow/.local/lib/python3.12/site-packages/airflow/example_dags/example_task_group_decorator.py for tasks to queue
[2024-10-23T04:45:13.957+0000] {logging_mixin.py:190} INFO - [2024-10-23T04:45:13.957+0000] {dagbag.py:588} INFO - Filling up the DagBag from /home/airflow/.local/lib/python3.12/site-packages/airflow/example_dags/example_task_group_decorator.py
[2024-10-23T04:45:13.968+0000] {processor.py:925} INFO - DAG(s) 'example_task_group_decorator' retrieved from /home/airflow/.local/lib/python3.12/site-packages/airflow/example_dags/example_task_group_decorator.py
[2024-10-23T04:45:13.988+0000] {logging_mixin.py:190} INFO - [2024-10-23T04:45:13.988+0000] {dag.py:3239} INFO - Sync 1 DAGs
[2024-10-23T04:45:13.999+0000] {logging_mixin.py:190} INFO - [2024-10-23T04:45:13.999+0000] {dag.py:4180} INFO - Setting next_dagrun for example_task_group_decorator to None, run_after=None
[2024-10-23T04:45:14.009+0000] {processor.py:208} INFO - Processing /home/airflow/.local/lib/python3.12/site-packages/airflow/example_dags/example_task_group_decorator.py took 0.058 seconds
[2024-10-23T07:12:02.733+0000] {processor.py:186} INFO - Started process (PID=34454) to work on /home/airflow/.local/lib/python3.12/site-packages/airflow/example_dags/example_task_group_decorator.py
[2024-10-23T07:12:02.739+0000] {processor.py:914} INFO - Processing file /home/airflow/.local/lib/python3.12/site-packages/airflow/example_dags/example_task_group_decorator.py for tasks to queue
[2024-10-23T07:12:02.741+0000] {logging_mixin.py:190} INFO - [2024-10-23T07:12:02.740+0000] {dagbag.py:588} INFO - Filling up the DagBag from /home/airflow/.local/lib/python3.12/site-packages/airflow/example_dags/example_task_group_decorator.py
[2024-10-23T07:12:02.762+0000] {processor.py:925} INFO - DAG(s) 'example_task_group_decorator' retrieved from /home/airflow/.local/lib/python3.12/site-packages/airflow/example_dags/example_task_group_decorator.py
[2024-10-23T07:12:02.784+0000] {logging_mixin.py:190} INFO - [2024-10-23T07:12:02.784+0000] {dag.py:3239} INFO - Sync 1 DAGs
[2024-10-23T07:12:02.793+0000] {logging_mixin.py:190} INFO - [2024-10-23T07:12:02.793+0000] {dag.py:4180} INFO - Setting next_dagrun for example_task_group_decorator to None, run_after=None
[2024-10-23T07:12:02.809+0000] {processor.py:208} INFO - Processing /home/airflow/.local/lib/python3.12/site-packages/airflow/example_dags/example_task_group_decorator.py took 0.081 seconds
[2024-10-23T07:12:33.028+0000] {processor.py:186} INFO - Started process (PID=34517) to work on /home/airflow/.local/lib/python3.12/site-packages/airflow/example_dags/example_task_group_decorator.py
[2024-10-23T07:12:33.030+0000] {processor.py:914} INFO - Processing file /home/airflow/.local/lib/python3.12/site-packages/airflow/example_dags/example_task_group_decorator.py for tasks to queue
[2024-10-23T07:12:33.033+0000] {logging_mixin.py:190} INFO - [2024-10-23T07:12:33.032+0000] {dagbag.py:588} INFO - Filling up the DagBag from /home/airflow/.local/lib/python3.12/site-packages/airflow/example_dags/example_task_group_decorator.py
[2024-10-23T07:12:33.061+0000] {processor.py:925} INFO - DAG(s) 'example_task_group_decorator' retrieved from /home/airflow/.local/lib/python3.12/site-packages/airflow/example_dags/example_task_group_decorator.py
[2024-10-23T07:12:33.090+0000] {logging_mixin.py:190} INFO - [2024-10-23T07:12:33.090+0000] {dag.py:3239} INFO - Sync 1 DAGs
[2024-10-23T07:12:33.119+0000] {logging_mixin.py:190} INFO - [2024-10-23T07:12:33.118+0000] {dag.py:4180} INFO - Setting next_dagrun for example_task_group_decorator to None, run_after=None
[2024-10-23T07:12:33.139+0000] {processor.py:208} INFO - Processing /home/airflow/.local/lib/python3.12/site-packages/airflow/example_dags/example_task_group_decorator.py took 0.136 seconds
[2024-10-23T07:13:03.239+0000] {processor.py:186} INFO - Started process (PID=34579) to work on /home/airflow/.local/lib/python3.12/site-packages/airflow/example_dags/example_task_group_decorator.py
[2024-10-23T07:13:03.243+0000] {processor.py:914} INFO - Processing file /home/airflow/.local/lib/python3.12/site-packages/airflow/example_dags/example_task_group_decorator.py for tasks to queue
[2024-10-23T07:13:03.245+0000] {logging_mixin.py:190} INFO - [2024-10-23T07:13:03.244+0000] {dagbag.py:588} INFO - Filling up the DagBag from /home/airflow/.local/lib/python3.12/site-packages/airflow/example_dags/example_task_group_decorator.py
[2024-10-23T07:13:03.285+0000] {processor.py:925} INFO - DAG(s) 'example_task_group_decorator' retrieved from /home/airflow/.local/lib/python3.12/site-packages/airflow/example_dags/example_task_group_decorator.py
[2024-10-23T07:13:03.331+0000] {logging_mixin.py:190} INFO - [2024-10-23T07:13:03.331+0000] {dag.py:3239} INFO - Sync 1 DAGs
[2024-10-23T07:13:03.356+0000] {logging_mixin.py:190} INFO - [2024-10-23T07:13:03.356+0000] {dag.py:4180} INFO - Setting next_dagrun for example_task_group_decorator to None, run_after=None
[2024-10-23T07:13:03.470+0000] {processor.py:208} INFO - Processing /home/airflow/.local/lib/python3.12/site-packages/airflow/example_dags/example_task_group_decorator.py took 0.250 seconds
[2024-10-23T07:13:34.034+0000] {processor.py:186} INFO - Started process (PID=34643) to work on /home/airflow/.local/lib/python3.12/site-packages/airflow/example_dags/example_task_group_decorator.py
[2024-10-23T07:13:34.042+0000] {processor.py:914} INFO - Processing file /home/airflow/.local/lib/python3.12/site-packages/airflow/example_dags/example_task_group_decorator.py for tasks to queue
[2024-10-23T07:13:34.043+0000] {logging_mixin.py:190} INFO - [2024-10-23T07:13:34.043+0000] {dagbag.py:588} INFO - Filling up the DagBag from /home/airflow/.local/lib/python3.12/site-packages/airflow/example_dags/example_task_group_decorator.py
[2024-10-23T07:13:34.066+0000] {processor.py:925} INFO - DAG(s) 'example_task_group_decorator' retrieved from /home/airflow/.local/lib/python3.12/site-packages/airflow/example_dags/example_task_group_decorator.py
[2024-10-23T07:13:34.091+0000] {logging_mixin.py:190} INFO - [2024-10-23T07:13:34.090+0000] {dag.py:3239} INFO - Sync 1 DAGs
[2024-10-23T07:13:34.109+0000] {logging_mixin.py:190} INFO - [2024-10-23T07:13:34.109+0000] {dag.py:4180} INFO - Setting next_dagrun for example_task_group_decorator to None, run_after=None
[2024-10-23T07:13:34.126+0000] {processor.py:208} INFO - Processing /home/airflow/.local/lib/python3.12/site-packages/airflow/example_dags/example_task_group_decorator.py took 0.101 seconds
[2024-10-23T07:14:05.008+0000] {processor.py:186} INFO - Started process (PID=34706) to work on /home/airflow/.local/lib/python3.12/site-packages/airflow/example_dags/example_task_group_decorator.py
[2024-10-23T07:14:05.010+0000] {processor.py:914} INFO - Processing file /home/airflow/.local/lib/python3.12/site-packages/airflow/example_dags/example_task_group_decorator.py for tasks to queue
[2024-10-23T07:14:05.012+0000] {logging_mixin.py:190} INFO - [2024-10-23T07:14:05.011+0000] {dagbag.py:588} INFO - Filling up the DagBag from /home/airflow/.local/lib/python3.12/site-packages/airflow/example_dags/example_task_group_decorator.py
[2024-10-23T07:14:05.057+0000] {processor.py:925} INFO - DAG(s) 'example_task_group_decorator' retrieved from /home/airflow/.local/lib/python3.12/site-packages/airflow/example_dags/example_task_group_decorator.py
[2024-10-23T07:14:05.083+0000] {logging_mixin.py:190} INFO - [2024-10-23T07:14:05.083+0000] {dag.py:3239} INFO - Sync 1 DAGs
[2024-10-23T07:14:05.478+0000] {logging_mixin.py:190} INFO - [2024-10-23T07:14:05.478+0000] {dag.py:4180} INFO - Setting next_dagrun for example_task_group_decorator to None, run_after=None
[2024-10-23T07:14:05.493+0000] {processor.py:208} INFO - Processing /home/airflow/.local/lib/python3.12/site-packages/airflow/example_dags/example_task_group_decorator.py took 0.490 seconds
[2024-10-23T07:14:35.767+0000] {processor.py:186} INFO - Started process (PID=34769) to work on /home/airflow/.local/lib/python3.12/site-packages/airflow/example_dags/example_task_group_decorator.py
[2024-10-23T07:14:35.769+0000] {processor.py:914} INFO - Processing file /home/airflow/.local/lib/python3.12/site-packages/airflow/example_dags/example_task_group_decorator.py for tasks to queue
[2024-10-23T07:14:35.770+0000] {logging_mixin.py:190} INFO - [2024-10-23T07:14:35.770+0000] {dagbag.py:588} INFO - Filling up the DagBag from /home/airflow/.local/lib/python3.12/site-packages/airflow/example_dags/example_task_group_decorator.py
[2024-10-23T07:14:35.809+0000] {processor.py:925} INFO - DAG(s) 'example_task_group_decorator' retrieved from /home/airflow/.local/lib/python3.12/site-packages/airflow/example_dags/example_task_group_decorator.py
[2024-10-23T07:14:35.840+0000] {logging_mixin.py:190} INFO - [2024-10-23T07:14:35.839+0000] {dag.py:3239} INFO - Sync 1 DAGs
[2024-10-23T07:14:36.305+0000] {logging_mixin.py:190} INFO - [2024-10-23T07:14:36.305+0000] {dag.py:4180} INFO - Setting next_dagrun for example_task_group_decorator to None, run_after=None
[2024-10-23T07:14:36.322+0000] {processor.py:208} INFO - Processing /home/airflow/.local/lib/python3.12/site-packages/airflow/example_dags/example_task_group_decorator.py took 0.561 seconds
[2024-10-23T07:15:07.301+0000] {processor.py:186} INFO - Started process (PID=34832) to work on /home/airflow/.local/lib/python3.12/site-packages/airflow/example_dags/example_task_group_decorator.py
[2024-10-23T07:15:07.304+0000] {processor.py:914} INFO - Processing file /home/airflow/.local/lib/python3.12/site-packages/airflow/example_dags/example_task_group_decorator.py for tasks to queue
[2024-10-23T07:15:07.307+0000] {logging_mixin.py:190} INFO - [2024-10-23T07:15:07.306+0000] {dagbag.py:588} INFO - Filling up the DagBag from /home/airflow/.local/lib/python3.12/site-packages/airflow/example_dags/example_task_group_decorator.py
[2024-10-23T07:15:07.328+0000] {processor.py:925} INFO - DAG(s) 'example_task_group_decorator' retrieved from /home/airflow/.local/lib/python3.12/site-packages/airflow/example_dags/example_task_group_decorator.py
[2024-10-23T07:15:07.358+0000] {logging_mixin.py:190} INFO - [2024-10-23T07:15:07.358+0000] {dag.py:3239} INFO - Sync 1 DAGs
[2024-10-23T07:15:07.377+0000] {logging_mixin.py:190} INFO - [2024-10-23T07:15:07.377+0000] {dag.py:4180} INFO - Setting next_dagrun for example_task_group_decorator to None, run_after=None
[2024-10-23T07:15:07.393+0000] {processor.py:208} INFO - Processing /home/airflow/.local/lib/python3.12/site-packages/airflow/example_dags/example_task_group_decorator.py took 0.100 seconds
[2024-10-23T07:15:38.155+0000] {processor.py:186} INFO - Started process (PID=34895) to work on /home/airflow/.local/lib/python3.12/site-packages/airflow/example_dags/example_task_group_decorator.py
[2024-10-23T07:15:38.160+0000] {processor.py:914} INFO - Processing file /home/airflow/.local/lib/python3.12/site-packages/airflow/example_dags/example_task_group_decorator.py for tasks to queue
[2024-10-23T07:15:38.167+0000] {logging_mixin.py:190} INFO - [2024-10-23T07:15:38.167+0000] {dagbag.py:588} INFO - Filling up the DagBag from /home/airflow/.local/lib/python3.12/site-packages/airflow/example_dags/example_task_group_decorator.py
[2024-10-23T07:15:38.194+0000] {processor.py:925} INFO - DAG(s) 'example_task_group_decorator' retrieved from /home/airflow/.local/lib/python3.12/site-packages/airflow/example_dags/example_task_group_decorator.py
[2024-10-23T07:15:38.226+0000] {logging_mixin.py:190} INFO - [2024-10-23T07:15:38.226+0000] {dag.py:3239} INFO - Sync 1 DAGs
[2024-10-23T07:15:38.248+0000] {logging_mixin.py:190} INFO - [2024-10-23T07:15:38.248+0000] {dag.py:4180} INFO - Setting next_dagrun for example_task_group_decorator to None, run_after=None
[2024-10-23T07:15:38.281+0000] {processor.py:208} INFO - Processing /home/airflow/.local/lib/python3.12/site-packages/airflow/example_dags/example_task_group_decorator.py took 0.156 seconds
[2024-10-23T07:16:09.348+0000] {processor.py:186} INFO - Started process (PID=34958) to work on /home/airflow/.local/lib/python3.12/site-packages/airflow/example_dags/example_task_group_decorator.py
[2024-10-23T07:16:09.351+0000] {processor.py:914} INFO - Processing file /home/airflow/.local/lib/python3.12/site-packages/airflow/example_dags/example_task_group_decorator.py for tasks to queue
[2024-10-23T07:16:09.353+0000] {logging_mixin.py:190} INFO - [2024-10-23T07:16:09.352+0000] {dagbag.py:588} INFO - Filling up the DagBag from /home/airflow/.local/lib/python3.12/site-packages/airflow/example_dags/example_task_group_decorator.py
[2024-10-23T07:16:09.380+0000] {processor.py:925} INFO - DAG(s) 'example_task_group_decorator' retrieved from /home/airflow/.local/lib/python3.12/site-packages/airflow/example_dags/example_task_group_decorator.py
[2024-10-23T07:16:09.429+0000] {logging_mixin.py:190} INFO - [2024-10-23T07:16:09.428+0000] {dag.py:3239} INFO - Sync 1 DAGs
[2024-10-23T07:16:09.459+0000] {logging_mixin.py:190} INFO - [2024-10-23T07:16:09.458+0000] {dag.py:4180} INFO - Setting next_dagrun for example_task_group_decorator to None, run_after=None
[2024-10-23T07:16:09.510+0000] {processor.py:208} INFO - Processing /home/airflow/.local/lib/python3.12/site-packages/airflow/example_dags/example_task_group_decorator.py took 0.179 seconds
[2024-10-23T07:16:40.418+0000] {processor.py:186} INFO - Started process (PID=35021) to work on /home/airflow/.local/lib/python3.12/site-packages/airflow/example_dags/example_task_group_decorator.py
[2024-10-23T07:16:40.420+0000] {processor.py:914} INFO - Processing file /home/airflow/.local/lib/python3.12/site-packages/airflow/example_dags/example_task_group_decorator.py for tasks to queue
[2024-10-23T07:16:40.423+0000] {logging_mixin.py:190} INFO - [2024-10-23T07:16:40.422+0000] {dagbag.py:588} INFO - Filling up the DagBag from /home/airflow/.local/lib/python3.12/site-packages/airflow/example_dags/example_task_group_decorator.py
[2024-10-23T07:16:40.446+0000] {processor.py:925} INFO - DAG(s) 'example_task_group_decorator' retrieved from /home/airflow/.local/lib/python3.12/site-packages/airflow/example_dags/example_task_group_decorator.py
[2024-10-23T07:16:40.483+0000] {logging_mixin.py:190} INFO - [2024-10-23T07:16:40.483+0000] {dag.py:3239} INFO - Sync 1 DAGs
[2024-10-23T07:16:40.502+0000] {logging_mixin.py:190} INFO - [2024-10-23T07:16:40.502+0000] {dag.py:4180} INFO - Setting next_dagrun for example_task_group_decorator to None, run_after=None
[2024-10-23T07:16:40.520+0000] {processor.py:208} INFO - Processing /home/airflow/.local/lib/python3.12/site-packages/airflow/example_dags/example_task_group_decorator.py took 0.110 seconds
[2024-10-23T07:17:10.869+0000] {processor.py:186} INFO - Started process (PID=35084) to work on /home/airflow/.local/lib/python3.12/site-packages/airflow/example_dags/example_task_group_decorator.py
[2024-10-23T07:17:10.871+0000] {processor.py:914} INFO - Processing file /home/airflow/.local/lib/python3.12/site-packages/airflow/example_dags/example_task_group_decorator.py for tasks to queue
[2024-10-23T07:17:10.873+0000] {logging_mixin.py:190} INFO - [2024-10-23T07:17:10.872+0000] {dagbag.py:588} INFO - Filling up the DagBag from /home/airflow/.local/lib/python3.12/site-packages/airflow/example_dags/example_task_group_decorator.py
[2024-10-23T07:17:10.912+0000] {processor.py:925} INFO - DAG(s) 'example_task_group_decorator' retrieved from /home/airflow/.local/lib/python3.12/site-packages/airflow/example_dags/example_task_group_decorator.py
[2024-10-23T07:17:10.953+0000] {logging_mixin.py:190} INFO - [2024-10-23T07:17:10.953+0000] {dag.py:3239} INFO - Sync 1 DAGs
[2024-10-23T07:17:10.973+0000] {logging_mixin.py:190} INFO - [2024-10-23T07:17:10.973+0000] {dag.py:4180} INFO - Setting next_dagrun for example_task_group_decorator to None, run_after=None
[2024-10-23T07:17:10.990+0000] {processor.py:208} INFO - Processing /home/airflow/.local/lib/python3.12/site-packages/airflow/example_dags/example_task_group_decorator.py took 0.128 seconds
[2024-10-23T07:17:42.004+0000] {processor.py:186} INFO - Started process (PID=35147) to work on /home/airflow/.local/lib/python3.12/site-packages/airflow/example_dags/example_task_group_decorator.py
[2024-10-23T07:17:42.010+0000] {processor.py:914} INFO - Processing file /home/airflow/.local/lib/python3.12/site-packages/airflow/example_dags/example_task_group_decorator.py for tasks to queue
[2024-10-23T07:17:42.014+0000] {logging_mixin.py:190} INFO - [2024-10-23T07:17:42.013+0000] {dagbag.py:588} INFO - Filling up the DagBag from /home/airflow/.local/lib/python3.12/site-packages/airflow/example_dags/example_task_group_decorator.py
[2024-10-23T07:17:42.040+0000] {processor.py:925} INFO - DAG(s) 'example_task_group_decorator' retrieved from /home/airflow/.local/lib/python3.12/site-packages/airflow/example_dags/example_task_group_decorator.py
[2024-10-23T07:17:42.073+0000] {logging_mixin.py:190} INFO - [2024-10-23T07:17:42.073+0000] {dag.py:3239} INFO - Sync 1 DAGs
[2024-10-23T07:17:42.103+0000] {logging_mixin.py:190} INFO - [2024-10-23T07:17:42.103+0000] {dag.py:4180} INFO - Setting next_dagrun for example_task_group_decorator to None, run_after=None
[2024-10-23T07:17:42.127+0000] {processor.py:208} INFO - Processing /home/airflow/.local/lib/python3.12/site-packages/airflow/example_dags/example_task_group_decorator.py took 0.135 seconds
[2024-10-23T07:18:12.451+0000] {processor.py:186} INFO - Started process (PID=35210) to work on /home/airflow/.local/lib/python3.12/site-packages/airflow/example_dags/example_task_group_decorator.py
[2024-10-23T07:18:12.454+0000] {processor.py:914} INFO - Processing file /home/airflow/.local/lib/python3.12/site-packages/airflow/example_dags/example_task_group_decorator.py for tasks to queue
[2024-10-23T07:18:12.457+0000] {logging_mixin.py:190} INFO - [2024-10-23T07:18:12.456+0000] {dagbag.py:588} INFO - Filling up the DagBag from /home/airflow/.local/lib/python3.12/site-packages/airflow/example_dags/example_task_group_decorator.py
[2024-10-23T07:18:12.483+0000] {processor.py:925} INFO - DAG(s) 'example_task_group_decorator' retrieved from /home/airflow/.local/lib/python3.12/site-packages/airflow/example_dags/example_task_group_decorator.py
[2024-10-23T07:18:12.525+0000] {logging_mixin.py:190} INFO - [2024-10-23T07:18:12.525+0000] {dag.py:3239} INFO - Sync 1 DAGs
[2024-10-23T07:18:12.545+0000] {logging_mixin.py:190} INFO - [2024-10-23T07:18:12.544+0000] {dag.py:4180} INFO - Setting next_dagrun for example_task_group_decorator to None, run_after=None
[2024-10-23T07:18:12.566+0000] {processor.py:208} INFO - Processing /home/airflow/.local/lib/python3.12/site-packages/airflow/example_dags/example_task_group_decorator.py took 0.136 seconds
[2024-10-23T07:18:43.195+0000] {processor.py:186} INFO - Started process (PID=35273) to work on /home/airflow/.local/lib/python3.12/site-packages/airflow/example_dags/example_task_group_decorator.py
[2024-10-23T07:18:43.199+0000] {processor.py:914} INFO - Processing file /home/airflow/.local/lib/python3.12/site-packages/airflow/example_dags/example_task_group_decorator.py for tasks to queue
[2024-10-23T07:18:43.202+0000] {logging_mixin.py:190} INFO - [2024-10-23T07:18:43.201+0000] {dagbag.py:588} INFO - Filling up the DagBag from /home/airflow/.local/lib/python3.12/site-packages/airflow/example_dags/example_task_group_decorator.py
[2024-10-23T07:18:43.230+0000] {processor.py:925} INFO - DAG(s) 'example_task_group_decorator' retrieved from /home/airflow/.local/lib/python3.12/site-packages/airflow/example_dags/example_task_group_decorator.py
[2024-10-23T07:18:43.281+0000] {logging_mixin.py:190} INFO - [2024-10-23T07:18:43.280+0000] {dag.py:3239} INFO - Sync 1 DAGs
[2024-10-23T07:18:43.304+0000] {logging_mixin.py:190} INFO - [2024-10-23T07:18:43.303+0000] {dag.py:4180} INFO - Setting next_dagrun for example_task_group_decorator to None, run_after=None
[2024-10-23T07:18:43.321+0000] {processor.py:208} INFO - Processing /home/airflow/.local/lib/python3.12/site-packages/airflow/example_dags/example_task_group_decorator.py took 0.145 seconds
[2024-10-23T07:19:13.760+0000] {processor.py:186} INFO - Started process (PID=35336) to work on /home/airflow/.local/lib/python3.12/site-packages/airflow/example_dags/example_task_group_decorator.py
[2024-10-23T07:19:13.764+0000] {processor.py:914} INFO - Processing file /home/airflow/.local/lib/python3.12/site-packages/airflow/example_dags/example_task_group_decorator.py for tasks to queue
[2024-10-23T07:19:13.768+0000] {logging_mixin.py:190} INFO - [2024-10-23T07:19:13.768+0000] {dagbag.py:588} INFO - Filling up the DagBag from /home/airflow/.local/lib/python3.12/site-packages/airflow/example_dags/example_task_group_decorator.py
[2024-10-23T07:19:13.791+0000] {processor.py:925} INFO - DAG(s) 'example_task_group_decorator' retrieved from /home/airflow/.local/lib/python3.12/site-packages/airflow/example_dags/example_task_group_decorator.py
[2024-10-23T07:19:13.822+0000] {logging_mixin.py:190} INFO - [2024-10-23T07:19:13.822+0000] {dag.py:3239} INFO - Sync 1 DAGs
[2024-10-23T07:19:13.856+0000] {logging_mixin.py:190} INFO - [2024-10-23T07:19:13.855+0000] {dag.py:4180} INFO - Setting next_dagrun for example_task_group_decorator to None, run_after=None
[2024-10-23T07:19:13.875+0000] {processor.py:208} INFO - Processing /home/airflow/.local/lib/python3.12/site-packages/airflow/example_dags/example_task_group_decorator.py took 0.139 seconds
[2024-10-23T07:19:44.386+0000] {processor.py:186} INFO - Started process (PID=35402) to work on /home/airflow/.local/lib/python3.12/site-packages/airflow/example_dags/example_task_group_decorator.py
[2024-10-23T07:19:44.388+0000] {processor.py:914} INFO - Processing file /home/airflow/.local/lib/python3.12/site-packages/airflow/example_dags/example_task_group_decorator.py for tasks to queue
[2024-10-23T07:19:44.391+0000] {logging_mixin.py:190} INFO - [2024-10-23T07:19:44.391+0000] {dagbag.py:588} INFO - Filling up the DagBag from /home/airflow/.local/lib/python3.12/site-packages/airflow/example_dags/example_task_group_decorator.py
[2024-10-23T07:19:44.425+0000] {processor.py:925} INFO - DAG(s) 'example_task_group_decorator' retrieved from /home/airflow/.local/lib/python3.12/site-packages/airflow/example_dags/example_task_group_decorator.py
[2024-10-23T07:19:44.461+0000] {logging_mixin.py:190} INFO - [2024-10-23T07:19:44.461+0000] {dag.py:3239} INFO - Sync 1 DAGs
[2024-10-23T07:19:44.491+0000] {logging_mixin.py:190} INFO - [2024-10-23T07:19:44.491+0000] {dag.py:4180} INFO - Setting next_dagrun for example_task_group_decorator to None, run_after=None
[2024-10-23T07:19:44.512+0000] {processor.py:208} INFO - Processing /home/airflow/.local/lib/python3.12/site-packages/airflow/example_dags/example_task_group_decorator.py took 0.136 seconds
