[2024-10-23T02:32:06.176+0000] {processor.py:186} INFO - Started process (PID=13733) to work on /home/airflow/.local/lib/python3.12/site-packages/airflow/example_dags/example_bash_decorator.py
[2024-10-23T02:32:06.178+0000] {processor.py:914} INFO - Processing file /home/airflow/.local/lib/python3.12/site-packages/airflow/example_dags/example_bash_decorator.py for tasks to queue
[2024-10-23T02:32:06.180+0000] {logging_mixin.py:190} INFO - [2024-10-23T02:32:06.179+0000] {dagbag.py:588} INFO - Filling up the DagBag from /home/airflow/.local/lib/python3.12/site-packages/airflow/example_dags/example_bash_decorator.py
[2024-10-23T02:32:06.224+0000] {processor.py:925} INFO - DAG(s) 'example_bash_decorator' retrieved from /home/airflow/.local/lib/python3.12/site-packages/airflow/example_dags/example_bash_decorator.py
[2024-10-23T02:32:06.267+0000] {logging_mixin.py:190} INFO - [2024-10-23T02:32:06.266+0000] {dag.py:3239} INFO - Sync 1 DAGs
[2024-10-23T02:32:06.300+0000] {logging_mixin.py:190} INFO - [2024-10-23T02:32:06.300+0000] {dag.py:4180} INFO - Setting next_dagrun for example_bash_decorator to None, run_after=None
[2024-10-23T02:32:06.322+0000] {processor.py:208} INFO - Processing /home/airflow/.local/lib/python3.12/site-packages/airflow/example_dags/example_bash_decorator.py took 0.160 seconds
[2024-10-23T04:23:44.414+0000] {processor.py:186} INFO - Started process (PID=13796) to work on /home/airflow/.local/lib/python3.12/site-packages/airflow/example_dags/example_bash_decorator.py
[2024-10-23T04:23:44.415+0000] {processor.py:914} INFO - Processing file /home/airflow/.local/lib/python3.12/site-packages/airflow/example_dags/example_bash_decorator.py for tasks to queue
[2024-10-23T04:23:44.416+0000] {logging_mixin.py:190} INFO - [2024-10-23T04:23:44.415+0000] {dagbag.py:588} INFO - Filling up the DagBag from /home/airflow/.local/lib/python3.12/site-packages/airflow/example_dags/example_bash_decorator.py
[2024-10-23T04:23:44.426+0000] {processor.py:925} INFO - DAG(s) 'example_bash_decorator' retrieved from /home/airflow/.local/lib/python3.12/site-packages/airflow/example_dags/example_bash_decorator.py
[2024-10-23T04:23:44.447+0000] {logging_mixin.py:190} INFO - [2024-10-23T04:23:44.446+0000] {dag.py:3239} INFO - Sync 1 DAGs
[2024-10-23T04:23:44.468+0000] {logging_mixin.py:190} INFO - [2024-10-23T04:23:44.467+0000] {dag.py:4180} INFO - Setting next_dagrun for example_bash_decorator to None, run_after=None
[2024-10-23T04:23:44.483+0000] {processor.py:208} INFO - Processing /home/airflow/.local/lib/python3.12/site-packages/airflow/example_dags/example_bash_decorator.py took 0.074 seconds
[2024-10-23T04:24:14.537+0000] {processor.py:186} INFO - Started process (PID=13859) to work on /home/airflow/.local/lib/python3.12/site-packages/airflow/example_dags/example_bash_decorator.py
[2024-10-23T04:24:14.538+0000] {processor.py:914} INFO - Processing file /home/airflow/.local/lib/python3.12/site-packages/airflow/example_dags/example_bash_decorator.py for tasks to queue
[2024-10-23T04:24:14.539+0000] {logging_mixin.py:190} INFO - [2024-10-23T04:24:14.539+0000] {dagbag.py:588} INFO - Filling up the DagBag from /home/airflow/.local/lib/python3.12/site-packages/airflow/example_dags/example_bash_decorator.py
[2024-10-23T04:24:14.554+0000] {processor.py:925} INFO - DAG(s) 'example_bash_decorator' retrieved from /home/airflow/.local/lib/python3.12/site-packages/airflow/example_dags/example_bash_decorator.py
[2024-10-23T04:24:14.573+0000] {logging_mixin.py:190} INFO - [2024-10-23T04:24:14.573+0000] {dag.py:3239} INFO - Sync 1 DAGs
[2024-10-23T04:24:14.584+0000] {logging_mixin.py:190} INFO - [2024-10-23T04:24:14.584+0000] {dag.py:4180} INFO - Setting next_dagrun for example_bash_decorator to None, run_after=None
[2024-10-23T04:24:14.595+0000] {processor.py:208} INFO - Processing /home/airflow/.local/lib/python3.12/site-packages/airflow/example_dags/example_bash_decorator.py took 0.064 seconds
[2024-10-23T04:24:46.209+0000] {processor.py:186} INFO - Started process (PID=13922) to work on /home/airflow/.local/lib/python3.12/site-packages/airflow/example_dags/example_bash_decorator.py
[2024-10-23T04:24:46.210+0000] {processor.py:914} INFO - Processing file /home/airflow/.local/lib/python3.12/site-packages/airflow/example_dags/example_bash_decorator.py for tasks to queue
[2024-10-23T04:24:46.210+0000] {logging_mixin.py:190} INFO - [2024-10-23T04:24:46.210+0000] {dagbag.py:588} INFO - Filling up the DagBag from /home/airflow/.local/lib/python3.12/site-packages/airflow/example_dags/example_bash_decorator.py
[2024-10-23T04:24:46.222+0000] {processor.py:925} INFO - DAG(s) 'example_bash_decorator' retrieved from /home/airflow/.local/lib/python3.12/site-packages/airflow/example_dags/example_bash_decorator.py
[2024-10-23T04:24:46.238+0000] {logging_mixin.py:190} INFO - [2024-10-23T04:24:46.238+0000] {dag.py:3239} INFO - Sync 1 DAGs
[2024-10-23T04:24:46.249+0000] {logging_mixin.py:190} INFO - [2024-10-23T04:24:46.249+0000] {dag.py:4180} INFO - Setting next_dagrun for example_bash_decorator to None, run_after=None
[2024-10-23T04:24:46.259+0000] {processor.py:208} INFO - Processing /home/airflow/.local/lib/python3.12/site-packages/airflow/example_dags/example_bash_decorator.py took 0.056 seconds
[2024-10-23T04:25:16.840+0000] {processor.py:186} INFO - Started process (PID=13985) to work on /home/airflow/.local/lib/python3.12/site-packages/airflow/example_dags/example_bash_decorator.py
[2024-10-23T04:25:16.841+0000] {processor.py:914} INFO - Processing file /home/airflow/.local/lib/python3.12/site-packages/airflow/example_dags/example_bash_decorator.py for tasks to queue
[2024-10-23T04:25:16.842+0000] {logging_mixin.py:190} INFO - [2024-10-23T04:25:16.841+0000] {dagbag.py:588} INFO - Filling up the DagBag from /home/airflow/.local/lib/python3.12/site-packages/airflow/example_dags/example_bash_decorator.py
[2024-10-23T04:25:16.853+0000] {processor.py:925} INFO - DAG(s) 'example_bash_decorator' retrieved from /home/airflow/.local/lib/python3.12/site-packages/airflow/example_dags/example_bash_decorator.py
[2024-10-23T04:25:16.875+0000] {logging_mixin.py:190} INFO - [2024-10-23T04:25:16.875+0000] {dag.py:3239} INFO - Sync 1 DAGs
[2024-10-23T04:25:16.887+0000] {logging_mixin.py:190} INFO - [2024-10-23T04:25:16.887+0000] {dag.py:4180} INFO - Setting next_dagrun for example_bash_decorator to None, run_after=None
[2024-10-23T04:25:16.906+0000] {processor.py:208} INFO - Processing /home/airflow/.local/lib/python3.12/site-packages/airflow/example_dags/example_bash_decorator.py took 0.071 seconds
[2024-10-23T04:25:47.606+0000] {processor.py:186} INFO - Started process (PID=14048) to work on /home/airflow/.local/lib/python3.12/site-packages/airflow/example_dags/example_bash_decorator.py
[2024-10-23T04:25:47.607+0000] {processor.py:914} INFO - Processing file /home/airflow/.local/lib/python3.12/site-packages/airflow/example_dags/example_bash_decorator.py for tasks to queue
[2024-10-23T04:25:47.608+0000] {logging_mixin.py:190} INFO - [2024-10-23T04:25:47.608+0000] {dagbag.py:588} INFO - Filling up the DagBag from /home/airflow/.local/lib/python3.12/site-packages/airflow/example_dags/example_bash_decorator.py
[2024-10-23T04:25:47.620+0000] {processor.py:925} INFO - DAG(s) 'example_bash_decorator' retrieved from /home/airflow/.local/lib/python3.12/site-packages/airflow/example_dags/example_bash_decorator.py
[2024-10-23T04:25:47.637+0000] {logging_mixin.py:190} INFO - [2024-10-23T04:25:47.637+0000] {dag.py:3239} INFO - Sync 1 DAGs
[2024-10-23T04:25:47.649+0000] {logging_mixin.py:190} INFO - [2024-10-23T04:25:47.649+0000] {dag.py:4180} INFO - Setting next_dagrun for example_bash_decorator to None, run_after=None
[2024-10-23T04:25:47.665+0000] {processor.py:208} INFO - Processing /home/airflow/.local/lib/python3.12/site-packages/airflow/example_dags/example_bash_decorator.py took 0.064 seconds
[2024-10-23T04:26:19.159+0000] {processor.py:186} INFO - Started process (PID=14111) to work on /home/airflow/.local/lib/python3.12/site-packages/airflow/example_dags/example_bash_decorator.py
[2024-10-23T04:26:19.161+0000] {processor.py:914} INFO - Processing file /home/airflow/.local/lib/python3.12/site-packages/airflow/example_dags/example_bash_decorator.py for tasks to queue
[2024-10-23T04:26:19.163+0000] {logging_mixin.py:190} INFO - [2024-10-23T04:26:19.162+0000] {dagbag.py:588} INFO - Filling up the DagBag from /home/airflow/.local/lib/python3.12/site-packages/airflow/example_dags/example_bash_decorator.py
[2024-10-23T04:26:19.191+0000] {processor.py:925} INFO - DAG(s) 'example_bash_decorator' retrieved from /home/airflow/.local/lib/python3.12/site-packages/airflow/example_dags/example_bash_decorator.py
[2024-10-23T04:26:19.228+0000] {logging_mixin.py:190} INFO - [2024-10-23T04:26:19.228+0000] {dag.py:3239} INFO - Sync 1 DAGs
[2024-10-23T04:26:19.244+0000] {logging_mixin.py:190} INFO - [2024-10-23T04:26:19.244+0000] {dag.py:4180} INFO - Setting next_dagrun for example_bash_decorator to None, run_after=None
[2024-10-23T04:26:19.259+0000] {processor.py:208} INFO - Processing /home/airflow/.local/lib/python3.12/site-packages/airflow/example_dags/example_bash_decorator.py took 0.110 seconds
[2024-10-23T04:26:49.929+0000] {processor.py:186} INFO - Started process (PID=14174) to work on /home/airflow/.local/lib/python3.12/site-packages/airflow/example_dags/example_bash_decorator.py
[2024-10-23T04:26:49.930+0000] {processor.py:914} INFO - Processing file /home/airflow/.local/lib/python3.12/site-packages/airflow/example_dags/example_bash_decorator.py for tasks to queue
[2024-10-23T04:26:49.930+0000] {logging_mixin.py:190} INFO - [2024-10-23T04:26:49.930+0000] {dagbag.py:588} INFO - Filling up the DagBag from /home/airflow/.local/lib/python3.12/site-packages/airflow/example_dags/example_bash_decorator.py
[2024-10-23T04:26:49.940+0000] {processor.py:925} INFO - DAG(s) 'example_bash_decorator' retrieved from /home/airflow/.local/lib/python3.12/site-packages/airflow/example_dags/example_bash_decorator.py
[2024-10-23T04:26:49.959+0000] {logging_mixin.py:190} INFO - [2024-10-23T04:26:49.959+0000] {dag.py:3239} INFO - Sync 1 DAGs
[2024-10-23T04:26:49.974+0000] {logging_mixin.py:190} INFO - [2024-10-23T04:26:49.974+0000] {dag.py:4180} INFO - Setting next_dagrun for example_bash_decorator to None, run_after=None
[2024-10-23T04:26:49.984+0000] {processor.py:208} INFO - Processing /home/airflow/.local/lib/python3.12/site-packages/airflow/example_dags/example_bash_decorator.py took 0.059 seconds
[2024-10-23T04:27:20.191+0000] {processor.py:186} INFO - Started process (PID=14237) to work on /home/airflow/.local/lib/python3.12/site-packages/airflow/example_dags/example_bash_decorator.py
[2024-10-23T04:27:20.196+0000] {processor.py:914} INFO - Processing file /home/airflow/.local/lib/python3.12/site-packages/airflow/example_dags/example_bash_decorator.py for tasks to queue
[2024-10-23T04:27:20.196+0000] {logging_mixin.py:190} INFO - [2024-10-23T04:27:20.196+0000] {dagbag.py:588} INFO - Filling up the DagBag from /home/airflow/.local/lib/python3.12/site-packages/airflow/example_dags/example_bash_decorator.py
[2024-10-23T04:27:20.213+0000] {processor.py:925} INFO - DAG(s) 'example_bash_decorator' retrieved from /home/airflow/.local/lib/python3.12/site-packages/airflow/example_dags/example_bash_decorator.py
[2024-10-23T04:27:20.236+0000] {logging_mixin.py:190} INFO - [2024-10-23T04:27:20.236+0000] {dag.py:3239} INFO - Sync 1 DAGs
[2024-10-23T04:27:20.248+0000] {logging_mixin.py:190} INFO - [2024-10-23T04:27:20.247+0000] {dag.py:4180} INFO - Setting next_dagrun for example_bash_decorator to None, run_after=None
[2024-10-23T04:27:20.260+0000] {processor.py:208} INFO - Processing /home/airflow/.local/lib/python3.12/site-packages/airflow/example_dags/example_bash_decorator.py took 0.073 seconds
[2024-10-23T04:27:50.339+0000] {processor.py:186} INFO - Started process (PID=14301) to work on /home/airflow/.local/lib/python3.12/site-packages/airflow/example_dags/example_bash_decorator.py
[2024-10-23T04:27:50.340+0000] {processor.py:914} INFO - Processing file /home/airflow/.local/lib/python3.12/site-packages/airflow/example_dags/example_bash_decorator.py for tasks to queue
[2024-10-23T04:27:50.340+0000] {logging_mixin.py:190} INFO - [2024-10-23T04:27:50.340+0000] {dagbag.py:588} INFO - Filling up the DagBag from /home/airflow/.local/lib/python3.12/site-packages/airflow/example_dags/example_bash_decorator.py
[2024-10-23T04:27:50.350+0000] {processor.py:925} INFO - DAG(s) 'example_bash_decorator' retrieved from /home/airflow/.local/lib/python3.12/site-packages/airflow/example_dags/example_bash_decorator.py
[2024-10-23T04:27:50.364+0000] {logging_mixin.py:190} INFO - [2024-10-23T04:27:50.364+0000] {dag.py:3239} INFO - Sync 1 DAGs
[2024-10-23T04:27:50.378+0000] {logging_mixin.py:190} INFO - [2024-10-23T04:27:50.377+0000] {dag.py:4180} INFO - Setting next_dagrun for example_bash_decorator to None, run_after=None
[2024-10-23T04:27:50.388+0000] {processor.py:208} INFO - Processing /home/airflow/.local/lib/python3.12/site-packages/airflow/example_dags/example_bash_decorator.py took 0.054 seconds
[2024-10-23T04:28:22.369+0000] {processor.py:186} INFO - Started process (PID=14364) to work on /home/airflow/.local/lib/python3.12/site-packages/airflow/example_dags/example_bash_decorator.py
[2024-10-23T04:28:22.370+0000] {processor.py:914} INFO - Processing file /home/airflow/.local/lib/python3.12/site-packages/airflow/example_dags/example_bash_decorator.py for tasks to queue
[2024-10-23T04:28:22.375+0000] {logging_mixin.py:190} INFO - [2024-10-23T04:28:22.374+0000] {dagbag.py:588} INFO - Filling up the DagBag from /home/airflow/.local/lib/python3.12/site-packages/airflow/example_dags/example_bash_decorator.py
[2024-10-23T04:28:22.407+0000] {processor.py:925} INFO - DAG(s) 'example_bash_decorator' retrieved from /home/airflow/.local/lib/python3.12/site-packages/airflow/example_dags/example_bash_decorator.py
[2024-10-23T04:28:22.440+0000] {logging_mixin.py:190} INFO - [2024-10-23T04:28:22.440+0000] {dag.py:3239} INFO - Sync 1 DAGs
[2024-10-23T04:28:22.476+0000] {logging_mixin.py:190} INFO - [2024-10-23T04:28:22.476+0000] {dag.py:4180} INFO - Setting next_dagrun for example_bash_decorator to None, run_after=None
[2024-10-23T04:28:22.496+0000] {processor.py:208} INFO - Processing /home/airflow/.local/lib/python3.12/site-packages/airflow/example_dags/example_bash_decorator.py took 0.137 seconds
[2024-10-23T04:28:52.701+0000] {processor.py:186} INFO - Started process (PID=14427) to work on /home/airflow/.local/lib/python3.12/site-packages/airflow/example_dags/example_bash_decorator.py
[2024-10-23T04:28:52.708+0000] {processor.py:914} INFO - Processing file /home/airflow/.local/lib/python3.12/site-packages/airflow/example_dags/example_bash_decorator.py for tasks to queue
[2024-10-23T04:28:52.713+0000] {logging_mixin.py:190} INFO - [2024-10-23T04:28:52.712+0000] {dagbag.py:588} INFO - Filling up the DagBag from /home/airflow/.local/lib/python3.12/site-packages/airflow/example_dags/example_bash_decorator.py
[2024-10-23T04:28:52.745+0000] {processor.py:925} INFO - DAG(s) 'example_bash_decorator' retrieved from /home/airflow/.local/lib/python3.12/site-packages/airflow/example_dags/example_bash_decorator.py
[2024-10-23T04:28:52.821+0000] {logging_mixin.py:190} INFO - [2024-10-23T04:28:52.821+0000] {dag.py:3239} INFO - Sync 1 DAGs
[2024-10-23T04:28:52.884+0000] {logging_mixin.py:190} INFO - [2024-10-23T04:28:52.884+0000] {dag.py:4180} INFO - Setting next_dagrun for example_bash_decorator to None, run_after=None
[2024-10-23T04:28:52.911+0000] {processor.py:208} INFO - Processing /home/airflow/.local/lib/python3.12/site-packages/airflow/example_dags/example_bash_decorator.py took 0.221 seconds
[2024-10-23T04:29:24.014+0000] {processor.py:186} INFO - Started process (PID=14490) to work on /home/airflow/.local/lib/python3.12/site-packages/airflow/example_dags/example_bash_decorator.py
[2024-10-23T04:29:24.016+0000] {processor.py:914} INFO - Processing file /home/airflow/.local/lib/python3.12/site-packages/airflow/example_dags/example_bash_decorator.py for tasks to queue
[2024-10-23T04:29:24.019+0000] {logging_mixin.py:190} INFO - [2024-10-23T04:29:24.018+0000] {dagbag.py:588} INFO - Filling up the DagBag from /home/airflow/.local/lib/python3.12/site-packages/airflow/example_dags/example_bash_decorator.py
[2024-10-23T04:29:24.031+0000] {processor.py:925} INFO - DAG(s) 'example_bash_decorator' retrieved from /home/airflow/.local/lib/python3.12/site-packages/airflow/example_dags/example_bash_decorator.py
[2024-10-23T04:29:24.049+0000] {logging_mixin.py:190} INFO - [2024-10-23T04:29:24.049+0000] {dag.py:3239} INFO - Sync 1 DAGs
[2024-10-23T04:29:24.063+0000] {logging_mixin.py:190} INFO - [2024-10-23T04:29:24.063+0000] {dag.py:4180} INFO - Setting next_dagrun for example_bash_decorator to None, run_after=None
[2024-10-23T04:29:24.074+0000] {processor.py:208} INFO - Processing /home/airflow/.local/lib/python3.12/site-packages/airflow/example_dags/example_bash_decorator.py took 0.065 seconds
[2024-10-23T04:29:54.756+0000] {processor.py:186} INFO - Started process (PID=14552) to work on /home/airflow/.local/lib/python3.12/site-packages/airflow/example_dags/example_bash_decorator.py
[2024-10-23T04:29:54.758+0000] {processor.py:914} INFO - Processing file /home/airflow/.local/lib/python3.12/site-packages/airflow/example_dags/example_bash_decorator.py for tasks to queue
[2024-10-23T04:29:54.759+0000] {logging_mixin.py:190} INFO - [2024-10-23T04:29:54.759+0000] {dagbag.py:588} INFO - Filling up the DagBag from /home/airflow/.local/lib/python3.12/site-packages/airflow/example_dags/example_bash_decorator.py
[2024-10-23T04:29:54.773+0000] {processor.py:925} INFO - DAG(s) 'example_bash_decorator' retrieved from /home/airflow/.local/lib/python3.12/site-packages/airflow/example_dags/example_bash_decorator.py
[2024-10-23T04:29:54.794+0000] {logging_mixin.py:190} INFO - [2024-10-23T04:29:54.794+0000] {dag.py:3239} INFO - Sync 1 DAGs
[2024-10-23T04:29:54.806+0000] {logging_mixin.py:190} INFO - [2024-10-23T04:29:54.806+0000] {dag.py:4180} INFO - Setting next_dagrun for example_bash_decorator to None, run_after=None
[2024-10-23T04:29:54.819+0000] {processor.py:208} INFO - Processing /home/airflow/.local/lib/python3.12/site-packages/airflow/example_dags/example_bash_decorator.py took 0.068 seconds
[2024-10-23T04:30:24.922+0000] {processor.py:186} INFO - Started process (PID=14615) to work on /home/airflow/.local/lib/python3.12/site-packages/airflow/example_dags/example_bash_decorator.py
[2024-10-23T04:30:24.923+0000] {processor.py:914} INFO - Processing file /home/airflow/.local/lib/python3.12/site-packages/airflow/example_dags/example_bash_decorator.py for tasks to queue
[2024-10-23T04:30:24.925+0000] {logging_mixin.py:190} INFO - [2024-10-23T04:30:24.925+0000] {dagbag.py:588} INFO - Filling up the DagBag from /home/airflow/.local/lib/python3.12/site-packages/airflow/example_dags/example_bash_decorator.py
[2024-10-23T04:30:24.965+0000] {processor.py:925} INFO - DAG(s) 'example_bash_decorator' retrieved from /home/airflow/.local/lib/python3.12/site-packages/airflow/example_dags/example_bash_decorator.py
[2024-10-23T04:30:25.001+0000] {logging_mixin.py:190} INFO - [2024-10-23T04:30:25.001+0000] {dag.py:3239} INFO - Sync 1 DAGs
[2024-10-23T04:30:25.019+0000] {logging_mixin.py:190} INFO - [2024-10-23T04:30:25.019+0000] {dag.py:4180} INFO - Setting next_dagrun for example_bash_decorator to None, run_after=None
[2024-10-23T04:30:25.034+0000] {processor.py:208} INFO - Processing /home/airflow/.local/lib/python3.12/site-packages/airflow/example_dags/example_bash_decorator.py took 0.124 seconds
[2024-10-23T04:30:55.718+0000] {processor.py:186} INFO - Started process (PID=14678) to work on /home/airflow/.local/lib/python3.12/site-packages/airflow/example_dags/example_bash_decorator.py
[2024-10-23T04:30:55.720+0000] {processor.py:914} INFO - Processing file /home/airflow/.local/lib/python3.12/site-packages/airflow/example_dags/example_bash_decorator.py for tasks to queue
[2024-10-23T04:30:55.721+0000] {logging_mixin.py:190} INFO - [2024-10-23T04:30:55.720+0000] {dagbag.py:588} INFO - Filling up the DagBag from /home/airflow/.local/lib/python3.12/site-packages/airflow/example_dags/example_bash_decorator.py
[2024-10-23T04:30:55.733+0000] {processor.py:925} INFO - DAG(s) 'example_bash_decorator' retrieved from /home/airflow/.local/lib/python3.12/site-packages/airflow/example_dags/example_bash_decorator.py
[2024-10-23T04:30:55.750+0000] {logging_mixin.py:190} INFO - [2024-10-23T04:30:55.750+0000] {dag.py:3239} INFO - Sync 1 DAGs
[2024-10-23T04:30:55.759+0000] {logging_mixin.py:190} INFO - [2024-10-23T04:30:55.759+0000] {dag.py:4180} INFO - Setting next_dagrun for example_bash_decorator to None, run_after=None
[2024-10-23T04:30:55.769+0000] {processor.py:208} INFO - Processing /home/airflow/.local/lib/python3.12/site-packages/airflow/example_dags/example_bash_decorator.py took 0.058 seconds
[2024-10-23T04:31:26.010+0000] {processor.py:186} INFO - Started process (PID=14741) to work on /home/airflow/.local/lib/python3.12/site-packages/airflow/example_dags/example_bash_decorator.py
[2024-10-23T04:31:26.012+0000] {processor.py:914} INFO - Processing file /home/airflow/.local/lib/python3.12/site-packages/airflow/example_dags/example_bash_decorator.py for tasks to queue
[2024-10-23T04:31:26.013+0000] {logging_mixin.py:190} INFO - [2024-10-23T04:31:26.012+0000] {dagbag.py:588} INFO - Filling up the DagBag from /home/airflow/.local/lib/python3.12/site-packages/airflow/example_dags/example_bash_decorator.py
[2024-10-23T04:31:26.025+0000] {processor.py:925} INFO - DAG(s) 'example_bash_decorator' retrieved from /home/airflow/.local/lib/python3.12/site-packages/airflow/example_dags/example_bash_decorator.py
[2024-10-23T04:31:26.044+0000] {logging_mixin.py:190} INFO - [2024-10-23T04:31:26.044+0000] {dag.py:3239} INFO - Sync 1 DAGs
[2024-10-23T04:31:26.052+0000] {logging_mixin.py:190} INFO - [2024-10-23T04:31:26.052+0000] {dag.py:4180} INFO - Setting next_dagrun for example_bash_decorator to None, run_after=None
[2024-10-23T04:31:26.062+0000] {processor.py:208} INFO - Processing /home/airflow/.local/lib/python3.12/site-packages/airflow/example_dags/example_bash_decorator.py took 0.059 seconds
[2024-10-23T04:31:56.459+0000] {processor.py:186} INFO - Started process (PID=14803) to work on /home/airflow/.local/lib/python3.12/site-packages/airflow/example_dags/example_bash_decorator.py
[2024-10-23T04:31:56.461+0000] {processor.py:914} INFO - Processing file /home/airflow/.local/lib/python3.12/site-packages/airflow/example_dags/example_bash_decorator.py for tasks to queue
[2024-10-23T04:31:56.462+0000] {logging_mixin.py:190} INFO - [2024-10-23T04:31:56.462+0000] {dagbag.py:588} INFO - Filling up the DagBag from /home/airflow/.local/lib/python3.12/site-packages/airflow/example_dags/example_bash_decorator.py
[2024-10-23T04:31:56.478+0000] {processor.py:925} INFO - DAG(s) 'example_bash_decorator' retrieved from /home/airflow/.local/lib/python3.12/site-packages/airflow/example_dags/example_bash_decorator.py
[2024-10-23T04:31:56.496+0000] {logging_mixin.py:190} INFO - [2024-10-23T04:31:56.496+0000] {dag.py:3239} INFO - Sync 1 DAGs
[2024-10-23T04:31:56.506+0000] {logging_mixin.py:190} INFO - [2024-10-23T04:31:56.506+0000] {dag.py:4180} INFO - Setting next_dagrun for example_bash_decorator to None, run_after=None
[2024-10-23T04:31:56.517+0000] {processor.py:208} INFO - Processing /home/airflow/.local/lib/python3.12/site-packages/airflow/example_dags/example_bash_decorator.py took 0.064 seconds
[2024-10-23T04:32:26.777+0000] {processor.py:186} INFO - Started process (PID=14866) to work on /home/airflow/.local/lib/python3.12/site-packages/airflow/example_dags/example_bash_decorator.py
[2024-10-23T04:32:26.779+0000] {processor.py:914} INFO - Processing file /home/airflow/.local/lib/python3.12/site-packages/airflow/example_dags/example_bash_decorator.py for tasks to queue
[2024-10-23T04:32:26.780+0000] {logging_mixin.py:190} INFO - [2024-10-23T04:32:26.779+0000] {dagbag.py:588} INFO - Filling up the DagBag from /home/airflow/.local/lib/python3.12/site-packages/airflow/example_dags/example_bash_decorator.py
[2024-10-23T04:32:26.793+0000] {processor.py:925} INFO - DAG(s) 'example_bash_decorator' retrieved from /home/airflow/.local/lib/python3.12/site-packages/airflow/example_dags/example_bash_decorator.py
[2024-10-23T04:32:26.811+0000] {logging_mixin.py:190} INFO - [2024-10-23T04:32:26.811+0000] {dag.py:3239} INFO - Sync 1 DAGs
[2024-10-23T04:32:26.822+0000] {logging_mixin.py:190} INFO - [2024-10-23T04:32:26.822+0000] {dag.py:4180} INFO - Setting next_dagrun for example_bash_decorator to None, run_after=None
[2024-10-23T04:32:26.833+0000] {processor.py:208} INFO - Processing /home/airflow/.local/lib/python3.12/site-packages/airflow/example_dags/example_bash_decorator.py took 0.063 seconds
[2024-10-23T04:32:57.168+0000] {processor.py:186} INFO - Started process (PID=14929) to work on /home/airflow/.local/lib/python3.12/site-packages/airflow/example_dags/example_bash_decorator.py
[2024-10-23T04:32:57.170+0000] {processor.py:914} INFO - Processing file /home/airflow/.local/lib/python3.12/site-packages/airflow/example_dags/example_bash_decorator.py for tasks to queue
[2024-10-23T04:32:57.171+0000] {logging_mixin.py:190} INFO - [2024-10-23T04:32:57.171+0000] {dagbag.py:588} INFO - Filling up the DagBag from /home/airflow/.local/lib/python3.12/site-packages/airflow/example_dags/example_bash_decorator.py
[2024-10-23T04:32:57.186+0000] {processor.py:925} INFO - DAG(s) 'example_bash_decorator' retrieved from /home/airflow/.local/lib/python3.12/site-packages/airflow/example_dags/example_bash_decorator.py
[2024-10-23T04:32:57.207+0000] {logging_mixin.py:190} INFO - [2024-10-23T04:32:57.207+0000] {dag.py:3239} INFO - Sync 1 DAGs
[2024-10-23T04:32:57.219+0000] {logging_mixin.py:190} INFO - [2024-10-23T04:32:57.219+0000] {dag.py:4180} INFO - Setting next_dagrun for example_bash_decorator to None, run_after=None
[2024-10-23T04:32:57.232+0000] {processor.py:208} INFO - Processing /home/airflow/.local/lib/python3.12/site-packages/airflow/example_dags/example_bash_decorator.py took 0.070 seconds
[2024-10-23T04:33:27.896+0000] {processor.py:186} INFO - Started process (PID=14992) to work on /home/airflow/.local/lib/python3.12/site-packages/airflow/example_dags/example_bash_decorator.py
[2024-10-23T04:33:27.897+0000] {processor.py:914} INFO - Processing file /home/airflow/.local/lib/python3.12/site-packages/airflow/example_dags/example_bash_decorator.py for tasks to queue
[2024-10-23T04:33:27.898+0000] {logging_mixin.py:190} INFO - [2024-10-23T04:33:27.898+0000] {dagbag.py:588} INFO - Filling up the DagBag from /home/airflow/.local/lib/python3.12/site-packages/airflow/example_dags/example_bash_decorator.py
[2024-10-23T04:33:27.912+0000] {processor.py:925} INFO - DAG(s) 'example_bash_decorator' retrieved from /home/airflow/.local/lib/python3.12/site-packages/airflow/example_dags/example_bash_decorator.py
[2024-10-23T04:33:27.930+0000] {logging_mixin.py:190} INFO - [2024-10-23T04:33:27.930+0000] {dag.py:3239} INFO - Sync 1 DAGs
[2024-10-23T04:33:27.942+0000] {logging_mixin.py:190} INFO - [2024-10-23T04:33:27.941+0000] {dag.py:4180} INFO - Setting next_dagrun for example_bash_decorator to None, run_after=None
[2024-10-23T04:33:27.953+0000] {processor.py:208} INFO - Processing /home/airflow/.local/lib/python3.12/site-packages/airflow/example_dags/example_bash_decorator.py took 0.064 seconds
[2024-10-23T04:33:58.816+0000] {processor.py:186} INFO - Started process (PID=15055) to work on /home/airflow/.local/lib/python3.12/site-packages/airflow/example_dags/example_bash_decorator.py
[2024-10-23T04:33:58.818+0000] {processor.py:914} INFO - Processing file /home/airflow/.local/lib/python3.12/site-packages/airflow/example_dags/example_bash_decorator.py for tasks to queue
[2024-10-23T04:33:58.819+0000] {logging_mixin.py:190} INFO - [2024-10-23T04:33:58.819+0000] {dagbag.py:588} INFO - Filling up the DagBag from /home/airflow/.local/lib/python3.12/site-packages/airflow/example_dags/example_bash_decorator.py
[2024-10-23T04:33:58.832+0000] {processor.py:925} INFO - DAG(s) 'example_bash_decorator' retrieved from /home/airflow/.local/lib/python3.12/site-packages/airflow/example_dags/example_bash_decorator.py
[2024-10-23T04:33:58.850+0000] {logging_mixin.py:190} INFO - [2024-10-23T04:33:58.849+0000] {dag.py:3239} INFO - Sync 1 DAGs
[2024-10-23T04:33:58.860+0000] {logging_mixin.py:190} INFO - [2024-10-23T04:33:58.860+0000] {dag.py:4180} INFO - Setting next_dagrun for example_bash_decorator to None, run_after=None
[2024-10-23T04:33:58.871+0000] {processor.py:208} INFO - Processing /home/airflow/.local/lib/python3.12/site-packages/airflow/example_dags/example_bash_decorator.py took 0.061 seconds
[2024-10-23T04:34:29.354+0000] {processor.py:186} INFO - Started process (PID=15118) to work on /home/airflow/.local/lib/python3.12/site-packages/airflow/example_dags/example_bash_decorator.py
[2024-10-23T04:34:29.357+0000] {processor.py:914} INFO - Processing file /home/airflow/.local/lib/python3.12/site-packages/airflow/example_dags/example_bash_decorator.py for tasks to queue
[2024-10-23T04:34:29.358+0000] {logging_mixin.py:190} INFO - [2024-10-23T04:34:29.358+0000] {dagbag.py:588} INFO - Filling up the DagBag from /home/airflow/.local/lib/python3.12/site-packages/airflow/example_dags/example_bash_decorator.py
[2024-10-23T04:34:29.371+0000] {processor.py:925} INFO - DAG(s) 'example_bash_decorator' retrieved from /home/airflow/.local/lib/python3.12/site-packages/airflow/example_dags/example_bash_decorator.py
[2024-10-23T04:34:29.385+0000] {logging_mixin.py:190} INFO - [2024-10-23T04:34:29.385+0000] {dag.py:3239} INFO - Sync 1 DAGs
[2024-10-23T04:34:29.394+0000] {logging_mixin.py:190} INFO - [2024-10-23T04:34:29.394+0000] {dag.py:4180} INFO - Setting next_dagrun for example_bash_decorator to None, run_after=None
[2024-10-23T04:34:29.404+0000] {processor.py:208} INFO - Processing /home/airflow/.local/lib/python3.12/site-packages/airflow/example_dags/example_bash_decorator.py took 0.054 seconds
[2024-10-23T04:34:59.965+0000] {processor.py:186} INFO - Started process (PID=15181) to work on /home/airflow/.local/lib/python3.12/site-packages/airflow/example_dags/example_bash_decorator.py
[2024-10-23T04:34:59.965+0000] {processor.py:914} INFO - Processing file /home/airflow/.local/lib/python3.12/site-packages/airflow/example_dags/example_bash_decorator.py for tasks to queue
[2024-10-23T04:34:59.966+0000] {logging_mixin.py:190} INFO - [2024-10-23T04:34:59.966+0000] {dagbag.py:588} INFO - Filling up the DagBag from /home/airflow/.local/lib/python3.12/site-packages/airflow/example_dags/example_bash_decorator.py
[2024-10-23T04:34:59.977+0000] {processor.py:925} INFO - DAG(s) 'example_bash_decorator' retrieved from /home/airflow/.local/lib/python3.12/site-packages/airflow/example_dags/example_bash_decorator.py
[2024-10-23T04:34:59.992+0000] {logging_mixin.py:190} INFO - [2024-10-23T04:34:59.992+0000] {dag.py:3239} INFO - Sync 1 DAGs
[2024-10-23T04:35:00.003+0000] {logging_mixin.py:190} INFO - [2024-10-23T04:35:00.003+0000] {dag.py:4180} INFO - Setting next_dagrun for example_bash_decorator to None, run_after=None
[2024-10-23T04:35:00.021+0000] {processor.py:208} INFO - Processing /home/airflow/.local/lib/python3.12/site-packages/airflow/example_dags/example_bash_decorator.py took 0.061 seconds
[2024-10-23T04:35:30.221+0000] {processor.py:186} INFO - Started process (PID=15247) to work on /home/airflow/.local/lib/python3.12/site-packages/airflow/example_dags/example_bash_decorator.py
[2024-10-23T04:35:30.224+0000] {processor.py:914} INFO - Processing file /home/airflow/.local/lib/python3.12/site-packages/airflow/example_dags/example_bash_decorator.py for tasks to queue
[2024-10-23T04:35:30.225+0000] {logging_mixin.py:190} INFO - [2024-10-23T04:35:30.225+0000] {dagbag.py:588} INFO - Filling up the DagBag from /home/airflow/.local/lib/python3.12/site-packages/airflow/example_dags/example_bash_decorator.py
[2024-10-23T04:35:30.238+0000] {processor.py:925} INFO - DAG(s) 'example_bash_decorator' retrieved from /home/airflow/.local/lib/python3.12/site-packages/airflow/example_dags/example_bash_decorator.py
[2024-10-23T04:35:30.254+0000] {logging_mixin.py:190} INFO - [2024-10-23T04:35:30.253+0000] {dag.py:3239} INFO - Sync 1 DAGs
[2024-10-23T04:35:30.264+0000] {logging_mixin.py:190} INFO - [2024-10-23T04:35:30.264+0000] {dag.py:4180} INFO - Setting next_dagrun for example_bash_decorator to None, run_after=None
[2024-10-23T04:35:30.274+0000] {processor.py:208} INFO - Processing /home/airflow/.local/lib/python3.12/site-packages/airflow/example_dags/example_bash_decorator.py took 0.062 seconds
[2024-10-23T04:36:01.181+0000] {processor.py:186} INFO - Started process (PID=15311) to work on /home/airflow/.local/lib/python3.12/site-packages/airflow/example_dags/example_bash_decorator.py
[2024-10-23T04:36:01.182+0000] {processor.py:914} INFO - Processing file /home/airflow/.local/lib/python3.12/site-packages/airflow/example_dags/example_bash_decorator.py for tasks to queue
[2024-10-23T04:36:01.184+0000] {logging_mixin.py:190} INFO - [2024-10-23T04:36:01.184+0000] {dagbag.py:588} INFO - Filling up the DagBag from /home/airflow/.local/lib/python3.12/site-packages/airflow/example_dags/example_bash_decorator.py
[2024-10-23T04:36:01.195+0000] {processor.py:925} INFO - DAG(s) 'example_bash_decorator' retrieved from /home/airflow/.local/lib/python3.12/site-packages/airflow/example_dags/example_bash_decorator.py
[2024-10-23T04:36:01.213+0000] {logging_mixin.py:190} INFO - [2024-10-23T04:36:01.212+0000] {dag.py:3239} INFO - Sync 1 DAGs
[2024-10-23T04:36:01.225+0000] {logging_mixin.py:190} INFO - [2024-10-23T04:36:01.224+0000] {dag.py:4180} INFO - Setting next_dagrun for example_bash_decorator to None, run_after=None
[2024-10-23T04:36:01.237+0000] {processor.py:208} INFO - Processing /home/airflow/.local/lib/python3.12/site-packages/airflow/example_dags/example_bash_decorator.py took 0.062 seconds
[2024-10-23T04:36:33.288+0000] {processor.py:186} INFO - Started process (PID=15376) to work on /home/airflow/.local/lib/python3.12/site-packages/airflow/example_dags/example_bash_decorator.py
[2024-10-23T04:36:33.290+0000] {processor.py:914} INFO - Processing file /home/airflow/.local/lib/python3.12/site-packages/airflow/example_dags/example_bash_decorator.py for tasks to queue
[2024-10-23T04:36:33.294+0000] {logging_mixin.py:190} INFO - [2024-10-23T04:36:33.293+0000] {dagbag.py:588} INFO - Filling up the DagBag from /home/airflow/.local/lib/python3.12/site-packages/airflow/example_dags/example_bash_decorator.py
[2024-10-23T04:36:33.326+0000] {processor.py:925} INFO - DAG(s) 'example_bash_decorator' retrieved from /home/airflow/.local/lib/python3.12/site-packages/airflow/example_dags/example_bash_decorator.py
[2024-10-23T04:36:33.350+0000] {logging_mixin.py:190} INFO - [2024-10-23T04:36:33.349+0000] {dag.py:3239} INFO - Sync 1 DAGs
[2024-10-23T04:36:33.363+0000] {logging_mixin.py:190} INFO - [2024-10-23T04:36:33.362+0000] {dag.py:4180} INFO - Setting next_dagrun for example_bash_decorator to None, run_after=None
[2024-10-23T04:36:33.376+0000] {processor.py:208} INFO - Processing /home/airflow/.local/lib/python3.12/site-packages/airflow/example_dags/example_bash_decorator.py took 0.102 seconds
[2024-10-23T04:37:03.846+0000] {processor.py:186} INFO - Started process (PID=15439) to work on /home/airflow/.local/lib/python3.12/site-packages/airflow/example_dags/example_bash_decorator.py
[2024-10-23T04:37:03.848+0000] {processor.py:914} INFO - Processing file /home/airflow/.local/lib/python3.12/site-packages/airflow/example_dags/example_bash_decorator.py for tasks to queue
[2024-10-23T04:37:03.849+0000] {logging_mixin.py:190} INFO - [2024-10-23T04:37:03.849+0000] {dagbag.py:588} INFO - Filling up the DagBag from /home/airflow/.local/lib/python3.12/site-packages/airflow/example_dags/example_bash_decorator.py
[2024-10-23T04:37:03.862+0000] {processor.py:925} INFO - DAG(s) 'example_bash_decorator' retrieved from /home/airflow/.local/lib/python3.12/site-packages/airflow/example_dags/example_bash_decorator.py
[2024-10-23T04:37:03.880+0000] {logging_mixin.py:190} INFO - [2024-10-23T04:37:03.880+0000] {dag.py:3239} INFO - Sync 1 DAGs
[2024-10-23T04:37:03.895+0000] {logging_mixin.py:190} INFO - [2024-10-23T04:37:03.895+0000] {dag.py:4180} INFO - Setting next_dagrun for example_bash_decorator to None, run_after=None
[2024-10-23T04:37:03.905+0000] {processor.py:208} INFO - Processing /home/airflow/.local/lib/python3.12/site-packages/airflow/example_dags/example_bash_decorator.py took 0.063 seconds
[2024-10-23T04:37:34.319+0000] {processor.py:186} INFO - Started process (PID=15502) to work on /home/airflow/.local/lib/python3.12/site-packages/airflow/example_dags/example_bash_decorator.py
[2024-10-23T04:37:34.321+0000] {processor.py:914} INFO - Processing file /home/airflow/.local/lib/python3.12/site-packages/airflow/example_dags/example_bash_decorator.py for tasks to queue
[2024-10-23T04:37:34.322+0000] {logging_mixin.py:190} INFO - [2024-10-23T04:37:34.321+0000] {dagbag.py:588} INFO - Filling up the DagBag from /home/airflow/.local/lib/python3.12/site-packages/airflow/example_dags/example_bash_decorator.py
[2024-10-23T04:37:34.342+0000] {processor.py:925} INFO - DAG(s) 'example_bash_decorator' retrieved from /home/airflow/.local/lib/python3.12/site-packages/airflow/example_dags/example_bash_decorator.py
[2024-10-23T04:37:34.378+0000] {logging_mixin.py:190} INFO - [2024-10-23T04:37:34.378+0000] {dag.py:3239} INFO - Sync 1 DAGs
[2024-10-23T04:37:34.405+0000] {logging_mixin.py:190} INFO - [2024-10-23T04:37:34.404+0000] {dag.py:4180} INFO - Setting next_dagrun for example_bash_decorator to None, run_after=None
[2024-10-23T04:37:34.440+0000] {processor.py:208} INFO - Processing /home/airflow/.local/lib/python3.12/site-packages/airflow/example_dags/example_bash_decorator.py took 0.129 seconds
[2024-10-23T04:38:05.382+0000] {processor.py:186} INFO - Started process (PID=15565) to work on /home/airflow/.local/lib/python3.12/site-packages/airflow/example_dags/example_bash_decorator.py
[2024-10-23T04:38:05.383+0000] {processor.py:914} INFO - Processing file /home/airflow/.local/lib/python3.12/site-packages/airflow/example_dags/example_bash_decorator.py for tasks to queue
[2024-10-23T04:38:05.385+0000] {logging_mixin.py:190} INFO - [2024-10-23T04:38:05.384+0000] {dagbag.py:588} INFO - Filling up the DagBag from /home/airflow/.local/lib/python3.12/site-packages/airflow/example_dags/example_bash_decorator.py
[2024-10-23T04:38:05.396+0000] {processor.py:925} INFO - DAG(s) 'example_bash_decorator' retrieved from /home/airflow/.local/lib/python3.12/site-packages/airflow/example_dags/example_bash_decorator.py
[2024-10-23T04:38:05.413+0000] {logging_mixin.py:190} INFO - [2024-10-23T04:38:05.412+0000] {dag.py:3239} INFO - Sync 1 DAGs
[2024-10-23T04:38:05.422+0000] {logging_mixin.py:190} INFO - [2024-10-23T04:38:05.422+0000] {dag.py:4180} INFO - Setting next_dagrun for example_bash_decorator to None, run_after=None
[2024-10-23T04:38:05.432+0000] {processor.py:208} INFO - Processing /home/airflow/.local/lib/python3.12/site-packages/airflow/example_dags/example_bash_decorator.py took 0.056 seconds
[2024-10-23T04:38:35.647+0000] {processor.py:186} INFO - Started process (PID=15628) to work on /home/airflow/.local/lib/python3.12/site-packages/airflow/example_dags/example_bash_decorator.py
[2024-10-23T04:38:35.648+0000] {processor.py:914} INFO - Processing file /home/airflow/.local/lib/python3.12/site-packages/airflow/example_dags/example_bash_decorator.py for tasks to queue
[2024-10-23T04:38:35.649+0000] {logging_mixin.py:190} INFO - [2024-10-23T04:38:35.649+0000] {dagbag.py:588} INFO - Filling up the DagBag from /home/airflow/.local/lib/python3.12/site-packages/airflow/example_dags/example_bash_decorator.py
[2024-10-23T04:38:35.666+0000] {processor.py:925} INFO - DAG(s) 'example_bash_decorator' retrieved from /home/airflow/.local/lib/python3.12/site-packages/airflow/example_dags/example_bash_decorator.py
[2024-10-23T04:38:35.683+0000] {logging_mixin.py:190} INFO - [2024-10-23T04:38:35.683+0000] {dag.py:3239} INFO - Sync 1 DAGs
[2024-10-23T04:38:35.694+0000] {logging_mixin.py:190} INFO - [2024-10-23T04:38:35.694+0000] {dag.py:4180} INFO - Setting next_dagrun for example_bash_decorator to None, run_after=None
[2024-10-23T04:38:35.706+0000] {processor.py:208} INFO - Processing /home/airflow/.local/lib/python3.12/site-packages/airflow/example_dags/example_bash_decorator.py took 0.065 seconds
[2024-10-23T04:39:06.194+0000] {processor.py:186} INFO - Started process (PID=15691) to work on /home/airflow/.local/lib/python3.12/site-packages/airflow/example_dags/example_bash_decorator.py
[2024-10-23T04:39:06.195+0000] {processor.py:914} INFO - Processing file /home/airflow/.local/lib/python3.12/site-packages/airflow/example_dags/example_bash_decorator.py for tasks to queue
[2024-10-23T04:39:06.196+0000] {logging_mixin.py:190} INFO - [2024-10-23T04:39:06.196+0000] {dagbag.py:588} INFO - Filling up the DagBag from /home/airflow/.local/lib/python3.12/site-packages/airflow/example_dags/example_bash_decorator.py
[2024-10-23T04:39:06.207+0000] {processor.py:925} INFO - DAG(s) 'example_bash_decorator' retrieved from /home/airflow/.local/lib/python3.12/site-packages/airflow/example_dags/example_bash_decorator.py
[2024-10-23T04:39:06.256+0000] {logging_mixin.py:190} INFO - [2024-10-23T04:39:06.256+0000] {dag.py:3239} INFO - Sync 1 DAGs
[2024-10-23T04:39:06.272+0000] {logging_mixin.py:190} INFO - [2024-10-23T04:39:06.272+0000] {dag.py:4180} INFO - Setting next_dagrun for example_bash_decorator to None, run_after=None
[2024-10-23T04:39:06.289+0000] {processor.py:208} INFO - Processing /home/airflow/.local/lib/python3.12/site-packages/airflow/example_dags/example_bash_decorator.py took 0.100 seconds
[2024-10-23T04:39:38.206+0000] {processor.py:186} INFO - Started process (PID=15754) to work on /home/airflow/.local/lib/python3.12/site-packages/airflow/example_dags/example_bash_decorator.py
[2024-10-23T04:39:38.207+0000] {processor.py:914} INFO - Processing file /home/airflow/.local/lib/python3.12/site-packages/airflow/example_dags/example_bash_decorator.py for tasks to queue
[2024-10-23T04:39:38.207+0000] {logging_mixin.py:190} INFO - [2024-10-23T04:39:38.207+0000] {dagbag.py:588} INFO - Filling up the DagBag from /home/airflow/.local/lib/python3.12/site-packages/airflow/example_dags/example_bash_decorator.py
[2024-10-23T04:39:38.218+0000] {processor.py:925} INFO - DAG(s) 'example_bash_decorator' retrieved from /home/airflow/.local/lib/python3.12/site-packages/airflow/example_dags/example_bash_decorator.py
[2024-10-23T04:39:38.232+0000] {logging_mixin.py:190} INFO - [2024-10-23T04:39:38.231+0000] {dag.py:3239} INFO - Sync 1 DAGs
[2024-10-23T04:39:38.240+0000] {logging_mixin.py:190} INFO - [2024-10-23T04:39:38.240+0000] {dag.py:4180} INFO - Setting next_dagrun for example_bash_decorator to None, run_after=None
[2024-10-23T04:39:38.250+0000] {processor.py:208} INFO - Processing /home/airflow/.local/lib/python3.12/site-packages/airflow/example_dags/example_bash_decorator.py took 0.049 seconds
[2024-10-23T04:40:09.600+0000] {processor.py:186} INFO - Started process (PID=15817) to work on /home/airflow/.local/lib/python3.12/site-packages/airflow/example_dags/example_bash_decorator.py
[2024-10-23T04:40:09.601+0000] {processor.py:914} INFO - Processing file /home/airflow/.local/lib/python3.12/site-packages/airflow/example_dags/example_bash_decorator.py for tasks to queue
[2024-10-23T04:40:09.603+0000] {logging_mixin.py:190} INFO - [2024-10-23T04:40:09.602+0000] {dagbag.py:588} INFO - Filling up the DagBag from /home/airflow/.local/lib/python3.12/site-packages/airflow/example_dags/example_bash_decorator.py
[2024-10-23T04:40:09.616+0000] {processor.py:925} INFO - DAG(s) 'example_bash_decorator' retrieved from /home/airflow/.local/lib/python3.12/site-packages/airflow/example_dags/example_bash_decorator.py
[2024-10-23T04:40:09.846+0000] {logging_mixin.py:190} INFO - [2024-10-23T04:40:09.846+0000] {dag.py:3239} INFO - Sync 1 DAGs
[2024-10-23T04:40:09.857+0000] {logging_mixin.py:190} INFO - [2024-10-23T04:40:09.857+0000] {dag.py:4180} INFO - Setting next_dagrun for example_bash_decorator to None, run_after=None
[2024-10-23T04:40:09.872+0000] {processor.py:208} INFO - Processing /home/airflow/.local/lib/python3.12/site-packages/airflow/example_dags/example_bash_decorator.py took 0.277 seconds
[2024-10-23T04:40:40.050+0000] {processor.py:186} INFO - Started process (PID=15880) to work on /home/airflow/.local/lib/python3.12/site-packages/airflow/example_dags/example_bash_decorator.py
[2024-10-23T04:40:40.053+0000] {processor.py:914} INFO - Processing file /home/airflow/.local/lib/python3.12/site-packages/airflow/example_dags/example_bash_decorator.py for tasks to queue
[2024-10-23T04:40:40.054+0000] {logging_mixin.py:190} INFO - [2024-10-23T04:40:40.054+0000] {dagbag.py:588} INFO - Filling up the DagBag from /home/airflow/.local/lib/python3.12/site-packages/airflow/example_dags/example_bash_decorator.py
[2024-10-23T04:40:40.065+0000] {processor.py:925} INFO - DAG(s) 'example_bash_decorator' retrieved from /home/airflow/.local/lib/python3.12/site-packages/airflow/example_dags/example_bash_decorator.py
[2024-10-23T04:40:40.083+0000] {logging_mixin.py:190} INFO - [2024-10-23T04:40:40.083+0000] {dag.py:3239} INFO - Sync 1 DAGs
[2024-10-23T04:40:40.093+0000] {logging_mixin.py:190} INFO - [2024-10-23T04:40:40.093+0000] {dag.py:4180} INFO - Setting next_dagrun for example_bash_decorator to None, run_after=None
[2024-10-23T04:40:40.102+0000] {processor.py:208} INFO - Processing /home/airflow/.local/lib/python3.12/site-packages/airflow/example_dags/example_bash_decorator.py took 0.064 seconds
[2024-10-23T04:41:10.652+0000] {processor.py:186} INFO - Started process (PID=15943) to work on /home/airflow/.local/lib/python3.12/site-packages/airflow/example_dags/example_bash_decorator.py
[2024-10-23T04:41:10.653+0000] {processor.py:914} INFO - Processing file /home/airflow/.local/lib/python3.12/site-packages/airflow/example_dags/example_bash_decorator.py for tasks to queue
[2024-10-23T04:41:10.653+0000] {logging_mixin.py:190} INFO - [2024-10-23T04:41:10.653+0000] {dagbag.py:588} INFO - Filling up the DagBag from /home/airflow/.local/lib/python3.12/site-packages/airflow/example_dags/example_bash_decorator.py
[2024-10-23T04:41:10.665+0000] {processor.py:925} INFO - DAG(s) 'example_bash_decorator' retrieved from /home/airflow/.local/lib/python3.12/site-packages/airflow/example_dags/example_bash_decorator.py
[2024-10-23T04:41:10.684+0000] {logging_mixin.py:190} INFO - [2024-10-23T04:41:10.684+0000] {dag.py:3239} INFO - Sync 1 DAGs
[2024-10-23T04:41:10.695+0000] {logging_mixin.py:190} INFO - [2024-10-23T04:41:10.695+0000] {dag.py:4180} INFO - Setting next_dagrun for example_bash_decorator to None, run_after=None
[2024-10-23T04:41:10.712+0000] {processor.py:208} INFO - Processing /home/airflow/.local/lib/python3.12/site-packages/airflow/example_dags/example_bash_decorator.py took 0.066 seconds
[2024-10-23T04:41:41.355+0000] {processor.py:186} INFO - Started process (PID=16006) to work on /home/airflow/.local/lib/python3.12/site-packages/airflow/example_dags/example_bash_decorator.py
[2024-10-23T04:41:41.357+0000] {processor.py:914} INFO - Processing file /home/airflow/.local/lib/python3.12/site-packages/airflow/example_dags/example_bash_decorator.py for tasks to queue
[2024-10-23T04:41:41.358+0000] {logging_mixin.py:190} INFO - [2024-10-23T04:41:41.358+0000] {dagbag.py:588} INFO - Filling up the DagBag from /home/airflow/.local/lib/python3.12/site-packages/airflow/example_dags/example_bash_decorator.py
[2024-10-23T04:41:41.370+0000] {processor.py:925} INFO - DAG(s) 'example_bash_decorator' retrieved from /home/airflow/.local/lib/python3.12/site-packages/airflow/example_dags/example_bash_decorator.py
[2024-10-23T04:41:41.385+0000] {logging_mixin.py:190} INFO - [2024-10-23T04:41:41.385+0000] {dag.py:3239} INFO - Sync 1 DAGs
[2024-10-23T04:41:41.394+0000] {logging_mixin.py:190} INFO - [2024-10-23T04:41:41.394+0000] {dag.py:4180} INFO - Setting next_dagrun for example_bash_decorator to None, run_after=None
[2024-10-23T04:41:41.405+0000] {processor.py:208} INFO - Processing /home/airflow/.local/lib/python3.12/site-packages/airflow/example_dags/example_bash_decorator.py took 0.056 seconds
[2024-10-23T04:42:12.419+0000] {processor.py:186} INFO - Started process (PID=16069) to work on /home/airflow/.local/lib/python3.12/site-packages/airflow/example_dags/example_bash_decorator.py
[2024-10-23T04:42:12.421+0000] {processor.py:914} INFO - Processing file /home/airflow/.local/lib/python3.12/site-packages/airflow/example_dags/example_bash_decorator.py for tasks to queue
[2024-10-23T04:42:12.423+0000] {logging_mixin.py:190} INFO - [2024-10-23T04:42:12.422+0000] {dagbag.py:588} INFO - Filling up the DagBag from /home/airflow/.local/lib/python3.12/site-packages/airflow/example_dags/example_bash_decorator.py
[2024-10-23T04:42:12.440+0000] {processor.py:925} INFO - DAG(s) 'example_bash_decorator' retrieved from /home/airflow/.local/lib/python3.12/site-packages/airflow/example_dags/example_bash_decorator.py
[2024-10-23T04:42:12.464+0000] {logging_mixin.py:190} INFO - [2024-10-23T04:42:12.464+0000] {dag.py:3239} INFO - Sync 1 DAGs
[2024-10-23T04:42:12.476+0000] {logging_mixin.py:190} INFO - [2024-10-23T04:42:12.476+0000] {dag.py:4180} INFO - Setting next_dagrun for example_bash_decorator to None, run_after=None
[2024-10-23T04:42:12.488+0000] {processor.py:208} INFO - Processing /home/airflow/.local/lib/python3.12/site-packages/airflow/example_dags/example_bash_decorator.py took 0.077 seconds
[2024-10-23T04:42:42.622+0000] {processor.py:186} INFO - Started process (PID=16132) to work on /home/airflow/.local/lib/python3.12/site-packages/airflow/example_dags/example_bash_decorator.py
[2024-10-23T04:42:42.623+0000] {processor.py:914} INFO - Processing file /home/airflow/.local/lib/python3.12/site-packages/airflow/example_dags/example_bash_decorator.py for tasks to queue
[2024-10-23T04:42:42.625+0000] {logging_mixin.py:190} INFO - [2024-10-23T04:42:42.624+0000] {dagbag.py:588} INFO - Filling up the DagBag from /home/airflow/.local/lib/python3.12/site-packages/airflow/example_dags/example_bash_decorator.py
[2024-10-23T04:42:42.642+0000] {processor.py:925} INFO - DAG(s) 'example_bash_decorator' retrieved from /home/airflow/.local/lib/python3.12/site-packages/airflow/example_dags/example_bash_decorator.py
[2024-10-23T04:42:42.662+0000] {logging_mixin.py:190} INFO - [2024-10-23T04:42:42.662+0000] {dag.py:3239} INFO - Sync 1 DAGs
[2024-10-23T04:42:42.673+0000] {logging_mixin.py:190} INFO - [2024-10-23T04:42:42.673+0000] {dag.py:4180} INFO - Setting next_dagrun for example_bash_decorator to None, run_after=None
[2024-10-23T04:42:42.683+0000] {processor.py:208} INFO - Processing /home/airflow/.local/lib/python3.12/site-packages/airflow/example_dags/example_bash_decorator.py took 0.069 seconds
[2024-10-23T04:43:12.719+0000] {processor.py:186} INFO - Started process (PID=16195) to work on /home/airflow/.local/lib/python3.12/site-packages/airflow/example_dags/example_bash_decorator.py
[2024-10-23T04:43:12.720+0000] {processor.py:914} INFO - Processing file /home/airflow/.local/lib/python3.12/site-packages/airflow/example_dags/example_bash_decorator.py for tasks to queue
[2024-10-23T04:43:12.722+0000] {logging_mixin.py:190} INFO - [2024-10-23T04:43:12.722+0000] {dagbag.py:588} INFO - Filling up the DagBag from /home/airflow/.local/lib/python3.12/site-packages/airflow/example_dags/example_bash_decorator.py
[2024-10-23T04:43:12.732+0000] {processor.py:925} INFO - DAG(s) 'example_bash_decorator' retrieved from /home/airflow/.local/lib/python3.12/site-packages/airflow/example_dags/example_bash_decorator.py
[2024-10-23T04:43:12.746+0000] {logging_mixin.py:190} INFO - [2024-10-23T04:43:12.746+0000] {dag.py:3239} INFO - Sync 1 DAGs
[2024-10-23T04:43:12.754+0000] {logging_mixin.py:190} INFO - [2024-10-23T04:43:12.754+0000] {dag.py:4180} INFO - Setting next_dagrun for example_bash_decorator to None, run_after=None
[2024-10-23T04:43:12.764+0000] {processor.py:208} INFO - Processing /home/airflow/.local/lib/python3.12/site-packages/airflow/example_dags/example_bash_decorator.py took 0.049 seconds
[2024-10-23T04:43:43.886+0000] {processor.py:186} INFO - Started process (PID=16258) to work on /home/airflow/.local/lib/python3.12/site-packages/airflow/example_dags/example_bash_decorator.py
[2024-10-23T04:43:43.887+0000] {processor.py:914} INFO - Processing file /home/airflow/.local/lib/python3.12/site-packages/airflow/example_dags/example_bash_decorator.py for tasks to queue
[2024-10-23T04:43:43.888+0000] {logging_mixin.py:190} INFO - [2024-10-23T04:43:43.888+0000] {dagbag.py:588} INFO - Filling up the DagBag from /home/airflow/.local/lib/python3.12/site-packages/airflow/example_dags/example_bash_decorator.py
[2024-10-23T04:43:43.898+0000] {processor.py:925} INFO - DAG(s) 'example_bash_decorator' retrieved from /home/airflow/.local/lib/python3.12/site-packages/airflow/example_dags/example_bash_decorator.py
[2024-10-23T04:43:43.914+0000] {logging_mixin.py:190} INFO - [2024-10-23T04:43:43.914+0000] {dag.py:3239} INFO - Sync 1 DAGs
[2024-10-23T04:43:43.924+0000] {logging_mixin.py:190} INFO - [2024-10-23T04:43:43.924+0000] {dag.py:4180} INFO - Setting next_dagrun for example_bash_decorator to None, run_after=None
[2024-10-23T04:43:43.935+0000] {processor.py:208} INFO - Processing /home/airflow/.local/lib/python3.12/site-packages/airflow/example_dags/example_bash_decorator.py took 0.054 seconds
[2024-10-23T04:44:14.842+0000] {processor.py:186} INFO - Started process (PID=16321) to work on /home/airflow/.local/lib/python3.12/site-packages/airflow/example_dags/example_bash_decorator.py
[2024-10-23T04:44:14.844+0000] {processor.py:914} INFO - Processing file /home/airflow/.local/lib/python3.12/site-packages/airflow/example_dags/example_bash_decorator.py for tasks to queue
[2024-10-23T04:44:14.845+0000] {logging_mixin.py:190} INFO - [2024-10-23T04:44:14.845+0000] {dagbag.py:588} INFO - Filling up the DagBag from /home/airflow/.local/lib/python3.12/site-packages/airflow/example_dags/example_bash_decorator.py
[2024-10-23T04:44:14.862+0000] {processor.py:925} INFO - DAG(s) 'example_bash_decorator' retrieved from /home/airflow/.local/lib/python3.12/site-packages/airflow/example_dags/example_bash_decorator.py
[2024-10-23T04:44:14.886+0000] {logging_mixin.py:190} INFO - [2024-10-23T04:44:14.886+0000] {dag.py:3239} INFO - Sync 1 DAGs
[2024-10-23T04:44:14.906+0000] {logging_mixin.py:190} INFO - [2024-10-23T04:44:14.906+0000] {dag.py:4180} INFO - Setting next_dagrun for example_bash_decorator to None, run_after=None
[2024-10-23T04:44:14.917+0000] {processor.py:208} INFO - Processing /home/airflow/.local/lib/python3.12/site-packages/airflow/example_dags/example_bash_decorator.py took 0.081 seconds
[2024-10-23T04:44:45.121+0000] {processor.py:186} INFO - Started process (PID=16384) to work on /home/airflow/.local/lib/python3.12/site-packages/airflow/example_dags/example_bash_decorator.py
[2024-10-23T04:44:45.122+0000] {processor.py:914} INFO - Processing file /home/airflow/.local/lib/python3.12/site-packages/airflow/example_dags/example_bash_decorator.py for tasks to queue
[2024-10-23T04:44:45.123+0000] {logging_mixin.py:190} INFO - [2024-10-23T04:44:45.123+0000] {dagbag.py:588} INFO - Filling up the DagBag from /home/airflow/.local/lib/python3.12/site-packages/airflow/example_dags/example_bash_decorator.py
[2024-10-23T04:44:45.136+0000] {processor.py:925} INFO - DAG(s) 'example_bash_decorator' retrieved from /home/airflow/.local/lib/python3.12/site-packages/airflow/example_dags/example_bash_decorator.py
[2024-10-23T04:44:45.151+0000] {logging_mixin.py:190} INFO - [2024-10-23T04:44:45.151+0000] {dag.py:3239} INFO - Sync 1 DAGs
[2024-10-23T04:44:45.161+0000] {logging_mixin.py:190} INFO - [2024-10-23T04:44:45.161+0000] {dag.py:4180} INFO - Setting next_dagrun for example_bash_decorator to None, run_after=None
[2024-10-23T04:44:45.171+0000] {processor.py:208} INFO - Processing /home/airflow/.local/lib/python3.12/site-packages/airflow/example_dags/example_bash_decorator.py took 0.054 seconds
[2024-10-23T04:45:15.381+0000] {processor.py:186} INFO - Started process (PID=16447) to work on /home/airflow/.local/lib/python3.12/site-packages/airflow/example_dags/example_bash_decorator.py
[2024-10-23T04:45:15.382+0000] {processor.py:914} INFO - Processing file /home/airflow/.local/lib/python3.12/site-packages/airflow/example_dags/example_bash_decorator.py for tasks to queue
[2024-10-23T04:45:15.383+0000] {logging_mixin.py:190} INFO - [2024-10-23T04:45:15.383+0000] {dagbag.py:588} INFO - Filling up the DagBag from /home/airflow/.local/lib/python3.12/site-packages/airflow/example_dags/example_bash_decorator.py
[2024-10-23T04:45:15.400+0000] {processor.py:925} INFO - DAG(s) 'example_bash_decorator' retrieved from /home/airflow/.local/lib/python3.12/site-packages/airflow/example_dags/example_bash_decorator.py
[2024-10-23T04:45:15.424+0000] {logging_mixin.py:190} INFO - [2024-10-23T04:45:15.424+0000] {dag.py:3239} INFO - Sync 1 DAGs
[2024-10-23T04:45:15.434+0000] {logging_mixin.py:190} INFO - [2024-10-23T04:45:15.434+0000] {dag.py:4180} INFO - Setting next_dagrun for example_bash_decorator to None, run_after=None
[2024-10-23T04:45:15.443+0000] {processor.py:208} INFO - Processing /home/airflow/.local/lib/python3.12/site-packages/airflow/example_dags/example_bash_decorator.py took 0.066 seconds
[2024-10-23T07:12:05.588+0000] {processor.py:186} INFO - Started process (PID=34465) to work on /home/airflow/.local/lib/python3.12/site-packages/airflow/example_dags/example_bash_decorator.py
[2024-10-23T07:12:05.589+0000] {processor.py:914} INFO - Processing file /home/airflow/.local/lib/python3.12/site-packages/airflow/example_dags/example_bash_decorator.py for tasks to queue
[2024-10-23T07:12:05.590+0000] {logging_mixin.py:190} INFO - [2024-10-23T07:12:05.590+0000] {dagbag.py:588} INFO - Filling up the DagBag from /home/airflow/.local/lib/python3.12/site-packages/airflow/example_dags/example_bash_decorator.py
[2024-10-23T07:12:05.601+0000] {processor.py:925} INFO - DAG(s) 'example_bash_decorator' retrieved from /home/airflow/.local/lib/python3.12/site-packages/airflow/example_dags/example_bash_decorator.py
[2024-10-23T07:12:05.623+0000] {logging_mixin.py:190} INFO - [2024-10-23T07:12:05.623+0000] {dag.py:3239} INFO - Sync 1 DAGs
[2024-10-23T07:12:05.633+0000] {logging_mixin.py:190} INFO - [2024-10-23T07:12:05.633+0000] {dag.py:4180} INFO - Setting next_dagrun for example_bash_decorator to None, run_after=None
[2024-10-23T07:12:05.646+0000] {processor.py:208} INFO - Processing /home/airflow/.local/lib/python3.12/site-packages/airflow/example_dags/example_bash_decorator.py took 0.063 seconds
[2024-10-23T07:12:35.899+0000] {processor.py:186} INFO - Started process (PID=34528) to work on /home/airflow/.local/lib/python3.12/site-packages/airflow/example_dags/example_bash_decorator.py
[2024-10-23T07:12:35.900+0000] {processor.py:914} INFO - Processing file /home/airflow/.local/lib/python3.12/site-packages/airflow/example_dags/example_bash_decorator.py for tasks to queue
[2024-10-23T07:12:35.901+0000] {logging_mixin.py:190} INFO - [2024-10-23T07:12:35.901+0000] {dagbag.py:588} INFO - Filling up the DagBag from /home/airflow/.local/lib/python3.12/site-packages/airflow/example_dags/example_bash_decorator.py
[2024-10-23T07:12:35.913+0000] {processor.py:925} INFO - DAG(s) 'example_bash_decorator' retrieved from /home/airflow/.local/lib/python3.12/site-packages/airflow/example_dags/example_bash_decorator.py
[2024-10-23T07:12:35.931+0000] {logging_mixin.py:190} INFO - [2024-10-23T07:12:35.930+0000] {dag.py:3239} INFO - Sync 1 DAGs
[2024-10-23T07:12:35.941+0000] {logging_mixin.py:190} INFO - [2024-10-23T07:12:35.941+0000] {dag.py:4180} INFO - Setting next_dagrun for example_bash_decorator to None, run_after=None
[2024-10-23T07:12:35.952+0000] {processor.py:208} INFO - Processing /home/airflow/.local/lib/python3.12/site-packages/airflow/example_dags/example_bash_decorator.py took 0.058 seconds
[2024-10-23T07:13:06.025+0000] {processor.py:186} INFO - Started process (PID=34590) to work on /home/airflow/.local/lib/python3.12/site-packages/airflow/example_dags/example_bash_decorator.py
[2024-10-23T07:13:06.026+0000] {processor.py:914} INFO - Processing file /home/airflow/.local/lib/python3.12/site-packages/airflow/example_dags/example_bash_decorator.py for tasks to queue
[2024-10-23T07:13:06.027+0000] {logging_mixin.py:190} INFO - [2024-10-23T07:13:06.027+0000] {dagbag.py:588} INFO - Filling up the DagBag from /home/airflow/.local/lib/python3.12/site-packages/airflow/example_dags/example_bash_decorator.py
[2024-10-23T07:13:06.036+0000] {processor.py:925} INFO - DAG(s) 'example_bash_decorator' retrieved from /home/airflow/.local/lib/python3.12/site-packages/airflow/example_dags/example_bash_decorator.py
[2024-10-23T07:13:06.050+0000] {logging_mixin.py:190} INFO - [2024-10-23T07:13:06.050+0000] {dag.py:3239} INFO - Sync 1 DAGs
[2024-10-23T07:13:06.059+0000] {logging_mixin.py:190} INFO - [2024-10-23T07:13:06.059+0000] {dag.py:4180} INFO - Setting next_dagrun for example_bash_decorator to None, run_after=None
[2024-10-23T07:13:06.069+0000] {processor.py:208} INFO - Processing /home/airflow/.local/lib/python3.12/site-packages/airflow/example_dags/example_bash_decorator.py took 0.047 seconds
[2024-10-23T07:13:36.596+0000] {processor.py:186} INFO - Started process (PID=34653) to work on /home/airflow/.local/lib/python3.12/site-packages/airflow/example_dags/example_bash_decorator.py
[2024-10-23T07:13:36.596+0000] {processor.py:914} INFO - Processing file /home/airflow/.local/lib/python3.12/site-packages/airflow/example_dags/example_bash_decorator.py for tasks to queue
[2024-10-23T07:13:36.597+0000] {logging_mixin.py:190} INFO - [2024-10-23T07:13:36.597+0000] {dagbag.py:588} INFO - Filling up the DagBag from /home/airflow/.local/lib/python3.12/site-packages/airflow/example_dags/example_bash_decorator.py
[2024-10-23T07:13:36.607+0000] {processor.py:925} INFO - DAG(s) 'example_bash_decorator' retrieved from /home/airflow/.local/lib/python3.12/site-packages/airflow/example_dags/example_bash_decorator.py
[2024-10-23T07:13:36.621+0000] {logging_mixin.py:190} INFO - [2024-10-23T07:13:36.621+0000] {dag.py:3239} INFO - Sync 1 DAGs
[2024-10-23T07:13:36.629+0000] {logging_mixin.py:190} INFO - [2024-10-23T07:13:36.629+0000] {dag.py:4180} INFO - Setting next_dagrun for example_bash_decorator to None, run_after=None
[2024-10-23T07:13:36.639+0000] {processor.py:208} INFO - Processing /home/airflow/.local/lib/python3.12/site-packages/airflow/example_dags/example_bash_decorator.py took 0.047 seconds
[2024-10-23T07:14:07.259+0000] {processor.py:186} INFO - Started process (PID=34716) to work on /home/airflow/.local/lib/python3.12/site-packages/airflow/example_dags/example_bash_decorator.py
[2024-10-23T07:14:07.260+0000] {processor.py:914} INFO - Processing file /home/airflow/.local/lib/python3.12/site-packages/airflow/example_dags/example_bash_decorator.py for tasks to queue
[2024-10-23T07:14:07.263+0000] {logging_mixin.py:190} INFO - [2024-10-23T07:14:07.263+0000] {dagbag.py:588} INFO - Filling up the DagBag from /home/airflow/.local/lib/python3.12/site-packages/airflow/example_dags/example_bash_decorator.py
[2024-10-23T07:14:07.273+0000] {processor.py:925} INFO - DAG(s) 'example_bash_decorator' retrieved from /home/airflow/.local/lib/python3.12/site-packages/airflow/example_dags/example_bash_decorator.py
[2024-10-23T07:14:07.288+0000] {logging_mixin.py:190} INFO - [2024-10-23T07:14:07.288+0000] {dag.py:3239} INFO - Sync 1 DAGs
[2024-10-23T07:14:07.300+0000] {logging_mixin.py:190} INFO - [2024-10-23T07:14:07.300+0000] {dag.py:4180} INFO - Setting next_dagrun for example_bash_decorator to None, run_after=None
[2024-10-23T07:14:07.309+0000] {processor.py:208} INFO - Processing /home/airflow/.local/lib/python3.12/site-packages/airflow/example_dags/example_bash_decorator.py took 0.055 seconds
[2024-10-23T07:14:38.247+0000] {processor.py:186} INFO - Started process (PID=34779) to work on /home/airflow/.local/lib/python3.12/site-packages/airflow/example_dags/example_bash_decorator.py
[2024-10-23T07:14:38.248+0000] {processor.py:914} INFO - Processing file /home/airflow/.local/lib/python3.12/site-packages/airflow/example_dags/example_bash_decorator.py for tasks to queue
[2024-10-23T07:14:38.249+0000] {logging_mixin.py:190} INFO - [2024-10-23T07:14:38.248+0000] {dagbag.py:588} INFO - Filling up the DagBag from /home/airflow/.local/lib/python3.12/site-packages/airflow/example_dags/example_bash_decorator.py
[2024-10-23T07:14:38.262+0000] {processor.py:925} INFO - DAG(s) 'example_bash_decorator' retrieved from /home/airflow/.local/lib/python3.12/site-packages/airflow/example_dags/example_bash_decorator.py
[2024-10-23T07:14:38.280+0000] {logging_mixin.py:190} INFO - [2024-10-23T07:14:38.280+0000] {dag.py:3239} INFO - Sync 1 DAGs
[2024-10-23T07:14:38.415+0000] {logging_mixin.py:190} INFO - [2024-10-23T07:14:38.415+0000] {dag.py:4180} INFO - Setting next_dagrun for example_bash_decorator to None, run_after=None
[2024-10-23T07:14:38.425+0000] {processor.py:208} INFO - Processing /home/airflow/.local/lib/python3.12/site-packages/airflow/example_dags/example_bash_decorator.py took 0.182 seconds
[2024-10-23T07:15:09.384+0000] {processor.py:186} INFO - Started process (PID=34842) to work on /home/airflow/.local/lib/python3.12/site-packages/airflow/example_dags/example_bash_decorator.py
[2024-10-23T07:15:09.386+0000] {processor.py:914} INFO - Processing file /home/airflow/.local/lib/python3.12/site-packages/airflow/example_dags/example_bash_decorator.py for tasks to queue
[2024-10-23T07:15:09.387+0000] {logging_mixin.py:190} INFO - [2024-10-23T07:15:09.387+0000] {dagbag.py:588} INFO - Filling up the DagBag from /home/airflow/.local/lib/python3.12/site-packages/airflow/example_dags/example_bash_decorator.py
[2024-10-23T07:15:09.401+0000] {processor.py:925} INFO - DAG(s) 'example_bash_decorator' retrieved from /home/airflow/.local/lib/python3.12/site-packages/airflow/example_dags/example_bash_decorator.py
[2024-10-23T07:15:09.423+0000] {logging_mixin.py:190} INFO - [2024-10-23T07:15:09.423+0000] {dag.py:3239} INFO - Sync 1 DAGs
[2024-10-23T07:15:09.435+0000] {logging_mixin.py:190} INFO - [2024-10-23T07:15:09.435+0000] {dag.py:4180} INFO - Setting next_dagrun for example_bash_decorator to None, run_after=None
[2024-10-23T07:15:09.695+0000] {processor.py:208} INFO - Processing /home/airflow/.local/lib/python3.12/site-packages/airflow/example_dags/example_bash_decorator.py took 0.317 seconds
[2024-10-23T07:15:39.728+0000] {processor.py:186} INFO - Started process (PID=34905) to work on /home/airflow/.local/lib/python3.12/site-packages/airflow/example_dags/example_bash_decorator.py
[2024-10-23T07:15:39.729+0000] {processor.py:914} INFO - Processing file /home/airflow/.local/lib/python3.12/site-packages/airflow/example_dags/example_bash_decorator.py for tasks to queue
[2024-10-23T07:15:39.730+0000] {logging_mixin.py:190} INFO - [2024-10-23T07:15:39.729+0000] {dagbag.py:588} INFO - Filling up the DagBag from /home/airflow/.local/lib/python3.12/site-packages/airflow/example_dags/example_bash_decorator.py
[2024-10-23T07:15:39.740+0000] {processor.py:925} INFO - DAG(s) 'example_bash_decorator' retrieved from /home/airflow/.local/lib/python3.12/site-packages/airflow/example_dags/example_bash_decorator.py
[2024-10-23T07:15:39.755+0000] {logging_mixin.py:190} INFO - [2024-10-23T07:15:39.755+0000] {dag.py:3239} INFO - Sync 1 DAGs
[2024-10-23T07:15:39.764+0000] {logging_mixin.py:190} INFO - [2024-10-23T07:15:39.764+0000] {dag.py:4180} INFO - Setting next_dagrun for example_bash_decorator to None, run_after=None
[2024-10-23T07:15:39.775+0000] {processor.py:208} INFO - Processing /home/airflow/.local/lib/python3.12/site-packages/airflow/example_dags/example_bash_decorator.py took 0.052 seconds
[2024-10-23T07:16:10.044+0000] {processor.py:186} INFO - Started process (PID=34968) to work on /home/airflow/.local/lib/python3.12/site-packages/airflow/example_dags/example_bash_decorator.py
[2024-10-23T07:16:10.045+0000] {processor.py:914} INFO - Processing file /home/airflow/.local/lib/python3.12/site-packages/airflow/example_dags/example_bash_decorator.py for tasks to queue
[2024-10-23T07:16:10.046+0000] {logging_mixin.py:190} INFO - [2024-10-23T07:16:10.045+0000] {dagbag.py:588} INFO - Filling up the DagBag from /home/airflow/.local/lib/python3.12/site-packages/airflow/example_dags/example_bash_decorator.py
[2024-10-23T07:16:10.056+0000] {processor.py:925} INFO - DAG(s) 'example_bash_decorator' retrieved from /home/airflow/.local/lib/python3.12/site-packages/airflow/example_dags/example_bash_decorator.py
[2024-10-23T07:16:10.070+0000] {logging_mixin.py:190} INFO - [2024-10-23T07:16:10.069+0000] {dag.py:3239} INFO - Sync 1 DAGs
[2024-10-23T07:16:10.081+0000] {logging_mixin.py:190} INFO - [2024-10-23T07:16:10.081+0000] {dag.py:4180} INFO - Setting next_dagrun for example_bash_decorator to None, run_after=None
[2024-10-23T07:16:10.095+0000] {processor.py:208} INFO - Processing /home/airflow/.local/lib/python3.12/site-packages/airflow/example_dags/example_bash_decorator.py took 0.055 seconds
[2024-10-23T07:16:40.922+0000] {processor.py:186} INFO - Started process (PID=35031) to work on /home/airflow/.local/lib/python3.12/site-packages/airflow/example_dags/example_bash_decorator.py
[2024-10-23T07:16:40.924+0000] {processor.py:914} INFO - Processing file /home/airflow/.local/lib/python3.12/site-packages/airflow/example_dags/example_bash_decorator.py for tasks to queue
[2024-10-23T07:16:40.926+0000] {logging_mixin.py:190} INFO - [2024-10-23T07:16:40.926+0000] {dagbag.py:588} INFO - Filling up the DagBag from /home/airflow/.local/lib/python3.12/site-packages/airflow/example_dags/example_bash_decorator.py
[2024-10-23T07:16:40.937+0000] {processor.py:925} INFO - DAG(s) 'example_bash_decorator' retrieved from /home/airflow/.local/lib/python3.12/site-packages/airflow/example_dags/example_bash_decorator.py
[2024-10-23T07:16:40.953+0000] {logging_mixin.py:190} INFO - [2024-10-23T07:16:40.953+0000] {dag.py:3239} INFO - Sync 1 DAGs
[2024-10-23T07:16:40.963+0000] {logging_mixin.py:190} INFO - [2024-10-23T07:16:40.963+0000] {dag.py:4180} INFO - Setting next_dagrun for example_bash_decorator to None, run_after=None
[2024-10-23T07:16:40.973+0000] {processor.py:208} INFO - Processing /home/airflow/.local/lib/python3.12/site-packages/airflow/example_dags/example_bash_decorator.py took 0.057 seconds
[2024-10-23T07:17:11.496+0000] {processor.py:186} INFO - Started process (PID=35094) to work on /home/airflow/.local/lib/python3.12/site-packages/airflow/example_dags/example_bash_decorator.py
[2024-10-23T07:17:11.497+0000] {processor.py:914} INFO - Processing file /home/airflow/.local/lib/python3.12/site-packages/airflow/example_dags/example_bash_decorator.py for tasks to queue
[2024-10-23T07:17:11.498+0000] {logging_mixin.py:190} INFO - [2024-10-23T07:17:11.497+0000] {dagbag.py:588} INFO - Filling up the DagBag from /home/airflow/.local/lib/python3.12/site-packages/airflow/example_dags/example_bash_decorator.py
[2024-10-23T07:17:11.510+0000] {processor.py:925} INFO - DAG(s) 'example_bash_decorator' retrieved from /home/airflow/.local/lib/python3.12/site-packages/airflow/example_dags/example_bash_decorator.py
[2024-10-23T07:17:11.528+0000] {logging_mixin.py:190} INFO - [2024-10-23T07:17:11.527+0000] {dag.py:3239} INFO - Sync 1 DAGs
[2024-10-23T07:17:11.537+0000] {logging_mixin.py:190} INFO - [2024-10-23T07:17:11.537+0000] {dag.py:4180} INFO - Setting next_dagrun for example_bash_decorator to None, run_after=None
[2024-10-23T07:17:11.549+0000] {processor.py:208} INFO - Processing /home/airflow/.local/lib/python3.12/site-packages/airflow/example_dags/example_bash_decorator.py took 0.057 seconds
[2024-10-23T07:17:42.558+0000] {processor.py:186} INFO - Started process (PID=35157) to work on /home/airflow/.local/lib/python3.12/site-packages/airflow/example_dags/example_bash_decorator.py
[2024-10-23T07:17:42.560+0000] {processor.py:914} INFO - Processing file /home/airflow/.local/lib/python3.12/site-packages/airflow/example_dags/example_bash_decorator.py for tasks to queue
[2024-10-23T07:17:42.561+0000] {logging_mixin.py:190} INFO - [2024-10-23T07:17:42.561+0000] {dagbag.py:588} INFO - Filling up the DagBag from /home/airflow/.local/lib/python3.12/site-packages/airflow/example_dags/example_bash_decorator.py
[2024-10-23T07:17:42.574+0000] {processor.py:925} INFO - DAG(s) 'example_bash_decorator' retrieved from /home/airflow/.local/lib/python3.12/site-packages/airflow/example_dags/example_bash_decorator.py
[2024-10-23T07:17:42.592+0000] {logging_mixin.py:190} INFO - [2024-10-23T07:17:42.592+0000] {dag.py:3239} INFO - Sync 1 DAGs
[2024-10-23T07:17:42.601+0000] {logging_mixin.py:190} INFO - [2024-10-23T07:17:42.601+0000] {dag.py:4180} INFO - Setting next_dagrun for example_bash_decorator to None, run_after=None
[2024-10-23T07:17:42.611+0000] {processor.py:208} INFO - Processing /home/airflow/.local/lib/python3.12/site-packages/airflow/example_dags/example_bash_decorator.py took 0.057 seconds
[2024-10-23T07:18:13.013+0000] {processor.py:186} INFO - Started process (PID=35220) to work on /home/airflow/.local/lib/python3.12/site-packages/airflow/example_dags/example_bash_decorator.py
[2024-10-23T07:18:13.015+0000] {processor.py:914} INFO - Processing file /home/airflow/.local/lib/python3.12/site-packages/airflow/example_dags/example_bash_decorator.py for tasks to queue
[2024-10-23T07:18:13.016+0000] {logging_mixin.py:190} INFO - [2024-10-23T07:18:13.016+0000] {dagbag.py:588} INFO - Filling up the DagBag from /home/airflow/.local/lib/python3.12/site-packages/airflow/example_dags/example_bash_decorator.py
[2024-10-23T07:18:13.027+0000] {processor.py:925} INFO - DAG(s) 'example_bash_decorator' retrieved from /home/airflow/.local/lib/python3.12/site-packages/airflow/example_dags/example_bash_decorator.py
[2024-10-23T07:18:13.045+0000] {logging_mixin.py:190} INFO - [2024-10-23T07:18:13.044+0000] {dag.py:3239} INFO - Sync 1 DAGs
[2024-10-23T07:18:13.054+0000] {logging_mixin.py:190} INFO - [2024-10-23T07:18:13.054+0000] {dag.py:4180} INFO - Setting next_dagrun for example_bash_decorator to None, run_after=None
[2024-10-23T07:18:13.063+0000] {processor.py:208} INFO - Processing /home/airflow/.local/lib/python3.12/site-packages/airflow/example_dags/example_bash_decorator.py took 0.055 seconds
[2024-10-23T07:18:43.795+0000] {processor.py:186} INFO - Started process (PID=35283) to work on /home/airflow/.local/lib/python3.12/site-packages/airflow/example_dags/example_bash_decorator.py
[2024-10-23T07:18:43.796+0000] {processor.py:914} INFO - Processing file /home/airflow/.local/lib/python3.12/site-packages/airflow/example_dags/example_bash_decorator.py for tasks to queue
[2024-10-23T07:18:43.796+0000] {logging_mixin.py:190} INFO - [2024-10-23T07:18:43.796+0000] {dagbag.py:588} INFO - Filling up the DagBag from /home/airflow/.local/lib/python3.12/site-packages/airflow/example_dags/example_bash_decorator.py
[2024-10-23T07:18:43.806+0000] {processor.py:925} INFO - DAG(s) 'example_bash_decorator' retrieved from /home/airflow/.local/lib/python3.12/site-packages/airflow/example_dags/example_bash_decorator.py
[2024-10-23T07:18:43.820+0000] {logging_mixin.py:190} INFO - [2024-10-23T07:18:43.820+0000] {dag.py:3239} INFO - Sync 1 DAGs
[2024-10-23T07:18:43.830+0000] {logging_mixin.py:190} INFO - [2024-10-23T07:18:43.830+0000] {dag.py:4180} INFO - Setting next_dagrun for example_bash_decorator to None, run_after=None
[2024-10-23T07:18:43.839+0000] {processor.py:208} INFO - Processing /home/airflow/.local/lib/python3.12/site-packages/airflow/example_dags/example_bash_decorator.py took 0.048 seconds
[2024-10-23T07:19:14.328+0000] {processor.py:186} INFO - Started process (PID=35346) to work on /home/airflow/.local/lib/python3.12/site-packages/airflow/example_dags/example_bash_decorator.py
[2024-10-23T07:19:14.330+0000] {processor.py:914} INFO - Processing file /home/airflow/.local/lib/python3.12/site-packages/airflow/example_dags/example_bash_decorator.py for tasks to queue
[2024-10-23T07:19:14.332+0000] {logging_mixin.py:190} INFO - [2024-10-23T07:19:14.331+0000] {dagbag.py:588} INFO - Filling up the DagBag from /home/airflow/.local/lib/python3.12/site-packages/airflow/example_dags/example_bash_decorator.py
[2024-10-23T07:19:14.346+0000] {processor.py:925} INFO - DAG(s) 'example_bash_decorator' retrieved from /home/airflow/.local/lib/python3.12/site-packages/airflow/example_dags/example_bash_decorator.py
[2024-10-23T07:19:14.363+0000] {logging_mixin.py:190} INFO - [2024-10-23T07:19:14.362+0000] {dag.py:3239} INFO - Sync 1 DAGs
[2024-10-23T07:19:14.372+0000] {logging_mixin.py:190} INFO - [2024-10-23T07:19:14.372+0000] {dag.py:4180} INFO - Setting next_dagrun for example_bash_decorator to None, run_after=None
[2024-10-23T07:19:14.383+0000] {processor.py:208} INFO - Processing /home/airflow/.local/lib/python3.12/site-packages/airflow/example_dags/example_bash_decorator.py took 0.067 seconds
[2024-10-23T07:19:45.086+0000] {processor.py:186} INFO - Started process (PID=35412) to work on /home/airflow/.local/lib/python3.12/site-packages/airflow/example_dags/example_bash_decorator.py
[2024-10-23T07:19:45.087+0000] {processor.py:914} INFO - Processing file /home/airflow/.local/lib/python3.12/site-packages/airflow/example_dags/example_bash_decorator.py for tasks to queue
[2024-10-23T07:19:45.090+0000] {logging_mixin.py:190} INFO - [2024-10-23T07:19:45.090+0000] {dagbag.py:588} INFO - Filling up the DagBag from /home/airflow/.local/lib/python3.12/site-packages/airflow/example_dags/example_bash_decorator.py
[2024-10-23T07:19:45.102+0000] {processor.py:925} INFO - DAG(s) 'example_bash_decorator' retrieved from /home/airflow/.local/lib/python3.12/site-packages/airflow/example_dags/example_bash_decorator.py
[2024-10-23T07:19:45.122+0000] {logging_mixin.py:190} INFO - [2024-10-23T07:19:45.122+0000] {dag.py:3239} INFO - Sync 1 DAGs
[2024-10-23T07:19:45.133+0000] {logging_mixin.py:190} INFO - [2024-10-23T07:19:45.133+0000] {dag.py:4180} INFO - Setting next_dagrun for example_bash_decorator to None, run_after=None
[2024-10-23T07:19:45.145+0000] {processor.py:208} INFO - Processing /home/airflow/.local/lib/python3.12/site-packages/airflow/example_dags/example_bash_decorator.py took 0.065 seconds
