[2024-10-23T02:32:04.101+0000] {processor.py:186} INFO - Started process (PID=13717) to work on /home/airflow/.local/lib/python3.12/site-packages/airflow/example_dags/example_dynamic_task_mapping.py
[2024-10-23T02:32:04.103+0000] {processor.py:914} INFO - Processing file /home/airflow/.local/lib/python3.12/site-packages/airflow/example_dags/example_dynamic_task_mapping.py for tasks to queue
[2024-10-23T02:32:04.109+0000] {logging_mixin.py:190} INFO - [2024-10-23T02:32:04.108+0000] {dagbag.py:588} INFO - Filling up the DagBag from /home/airflow/.local/lib/python3.12/site-packages/airflow/example_dags/example_dynamic_task_mapping.py
[2024-10-23T02:32:04.139+0000] {processor.py:925} INFO - DAG(s) 'example_dynamic_task_mapping' retrieved from /home/airflow/.local/lib/python3.12/site-packages/airflow/example_dags/example_dynamic_task_mapping.py
[2024-10-23T02:32:04.180+0000] {logging_mixin.py:190} INFO - [2024-10-23T02:32:04.179+0000] {dag.py:3239} INFO - Sync 1 DAGs
[2024-10-23T02:32:04.200+0000] {logging_mixin.py:190} INFO - [2024-10-23T02:32:04.200+0000] {dag.py:4180} INFO - Setting next_dagrun for example_dynamic_task_mapping to None, run_after=None
[2024-10-23T02:32:04.229+0000] {processor.py:208} INFO - Processing /home/airflow/.local/lib/python3.12/site-packages/airflow/example_dags/example_dynamic_task_mapping.py took 0.144 seconds
[2024-10-23T04:23:43.239+0000] {processor.py:186} INFO - Started process (PID=13780) to work on /home/airflow/.local/lib/python3.12/site-packages/airflow/example_dags/example_dynamic_task_mapping.py
[2024-10-23T04:23:43.240+0000] {processor.py:914} INFO - Processing file /home/airflow/.local/lib/python3.12/site-packages/airflow/example_dags/example_dynamic_task_mapping.py for tasks to queue
[2024-10-23T04:23:43.241+0000] {logging_mixin.py:190} INFO - [2024-10-23T04:23:43.241+0000] {dagbag.py:588} INFO - Filling up the DagBag from /home/airflow/.local/lib/python3.12/site-packages/airflow/example_dags/example_dynamic_task_mapping.py
[2024-10-23T04:23:43.250+0000] {processor.py:925} INFO - DAG(s) 'example_dynamic_task_mapping' retrieved from /home/airflow/.local/lib/python3.12/site-packages/airflow/example_dags/example_dynamic_task_mapping.py
[2024-10-23T04:23:43.269+0000] {logging_mixin.py:190} INFO - [2024-10-23T04:23:43.269+0000] {dag.py:3239} INFO - Sync 1 DAGs
[2024-10-23T04:23:43.282+0000] {logging_mixin.py:190} INFO - [2024-10-23T04:23:43.282+0000] {dag.py:4180} INFO - Setting next_dagrun for example_dynamic_task_mapping to None, run_after=None
[2024-10-23T04:23:43.304+0000] {processor.py:208} INFO - Processing /home/airflow/.local/lib/python3.12/site-packages/airflow/example_dags/example_dynamic_task_mapping.py took 0.071 seconds
[2024-10-23T04:24:13.711+0000] {processor.py:186} INFO - Started process (PID=13843) to work on /home/airflow/.local/lib/python3.12/site-packages/airflow/example_dags/example_dynamic_task_mapping.py
[2024-10-23T04:24:13.715+0000] {processor.py:914} INFO - Processing file /home/airflow/.local/lib/python3.12/site-packages/airflow/example_dags/example_dynamic_task_mapping.py for tasks to queue
[2024-10-23T04:24:13.716+0000] {logging_mixin.py:190} INFO - [2024-10-23T04:24:13.716+0000] {dagbag.py:588} INFO - Filling up the DagBag from /home/airflow/.local/lib/python3.12/site-packages/airflow/example_dags/example_dynamic_task_mapping.py
[2024-10-23T04:24:13.723+0000] {processor.py:925} INFO - DAG(s) 'example_dynamic_task_mapping' retrieved from /home/airflow/.local/lib/python3.12/site-packages/airflow/example_dags/example_dynamic_task_mapping.py
[2024-10-23T04:24:13.737+0000] {logging_mixin.py:190} INFO - [2024-10-23T04:24:13.737+0000] {dag.py:3239} INFO - Sync 1 DAGs
[2024-10-23T04:24:13.748+0000] {logging_mixin.py:190} INFO - [2024-10-23T04:24:13.748+0000] {dag.py:4180} INFO - Setting next_dagrun for example_dynamic_task_mapping to None, run_after=None
[2024-10-23T04:24:13.759+0000] {processor.py:208} INFO - Processing /home/airflow/.local/lib/python3.12/site-packages/airflow/example_dags/example_dynamic_task_mapping.py took 0.052 seconds
[2024-10-23T04:24:45.401+0000] {processor.py:186} INFO - Started process (PID=13906) to work on /home/airflow/.local/lib/python3.12/site-packages/airflow/example_dags/example_dynamic_task_mapping.py
[2024-10-23T04:24:45.405+0000] {processor.py:914} INFO - Processing file /home/airflow/.local/lib/python3.12/site-packages/airflow/example_dags/example_dynamic_task_mapping.py for tasks to queue
[2024-10-23T04:24:45.407+0000] {logging_mixin.py:190} INFO - [2024-10-23T04:24:45.406+0000] {dagbag.py:588} INFO - Filling up the DagBag from /home/airflow/.local/lib/python3.12/site-packages/airflow/example_dags/example_dynamic_task_mapping.py
[2024-10-23T04:24:45.419+0000] {processor.py:925} INFO - DAG(s) 'example_dynamic_task_mapping' retrieved from /home/airflow/.local/lib/python3.12/site-packages/airflow/example_dags/example_dynamic_task_mapping.py
[2024-10-23T04:24:45.441+0000] {logging_mixin.py:190} INFO - [2024-10-23T04:24:45.441+0000] {dag.py:3239} INFO - Sync 1 DAGs
[2024-10-23T04:24:45.452+0000] {logging_mixin.py:190} INFO - [2024-10-23T04:24:45.452+0000] {dag.py:4180} INFO - Setting next_dagrun for example_dynamic_task_mapping to None, run_after=None
[2024-10-23T04:24:45.464+0000] {processor.py:208} INFO - Processing /home/airflow/.local/lib/python3.12/site-packages/airflow/example_dags/example_dynamic_task_mapping.py took 0.070 seconds
[2024-10-23T04:25:16.153+0000] {processor.py:186} INFO - Started process (PID=13969) to work on /home/airflow/.local/lib/python3.12/site-packages/airflow/example_dags/example_dynamic_task_mapping.py
[2024-10-23T04:25:16.156+0000] {processor.py:914} INFO - Processing file /home/airflow/.local/lib/python3.12/site-packages/airflow/example_dags/example_dynamic_task_mapping.py for tasks to queue
[2024-10-23T04:25:16.158+0000] {logging_mixin.py:190} INFO - [2024-10-23T04:25:16.158+0000] {dagbag.py:588} INFO - Filling up the DagBag from /home/airflow/.local/lib/python3.12/site-packages/airflow/example_dags/example_dynamic_task_mapping.py
[2024-10-23T04:25:16.165+0000] {processor.py:925} INFO - DAG(s) 'example_dynamic_task_mapping' retrieved from /home/airflow/.local/lib/python3.12/site-packages/airflow/example_dags/example_dynamic_task_mapping.py
[2024-10-23T04:25:16.178+0000] {logging_mixin.py:190} INFO - [2024-10-23T04:25:16.178+0000] {dag.py:3239} INFO - Sync 1 DAGs
[2024-10-23T04:25:16.191+0000] {logging_mixin.py:190} INFO - [2024-10-23T04:25:16.191+0000] {dag.py:4180} INFO - Setting next_dagrun for example_dynamic_task_mapping to None, run_after=None
[2024-10-23T04:25:16.202+0000] {processor.py:208} INFO - Processing /home/airflow/.local/lib/python3.12/site-packages/airflow/example_dags/example_dynamic_task_mapping.py took 0.054 seconds
[2024-10-23T04:25:46.770+0000] {processor.py:186} INFO - Started process (PID=14032) to work on /home/airflow/.local/lib/python3.12/site-packages/airflow/example_dags/example_dynamic_task_mapping.py
[2024-10-23T04:25:46.771+0000] {processor.py:914} INFO - Processing file /home/airflow/.local/lib/python3.12/site-packages/airflow/example_dags/example_dynamic_task_mapping.py for tasks to queue
[2024-10-23T04:25:46.772+0000] {logging_mixin.py:190} INFO - [2024-10-23T04:25:46.772+0000] {dagbag.py:588} INFO - Filling up the DagBag from /home/airflow/.local/lib/python3.12/site-packages/airflow/example_dags/example_dynamic_task_mapping.py
[2024-10-23T04:25:46.779+0000] {processor.py:925} INFO - DAG(s) 'example_dynamic_task_mapping' retrieved from /home/airflow/.local/lib/python3.12/site-packages/airflow/example_dags/example_dynamic_task_mapping.py
[2024-10-23T04:25:46.799+0000] {logging_mixin.py:190} INFO - [2024-10-23T04:25:46.799+0000] {dag.py:3239} INFO - Sync 1 DAGs
[2024-10-23T04:25:46.809+0000] {logging_mixin.py:190} INFO - [2024-10-23T04:25:46.809+0000] {dag.py:4180} INFO - Setting next_dagrun for example_dynamic_task_mapping to None, run_after=None
[2024-10-23T04:25:46.825+0000] {processor.py:208} INFO - Processing /home/airflow/.local/lib/python3.12/site-packages/airflow/example_dags/example_dynamic_task_mapping.py took 0.059 seconds
[2024-10-23T04:26:17.298+0000] {processor.py:186} INFO - Started process (PID=14095) to work on /home/airflow/.local/lib/python3.12/site-packages/airflow/example_dags/example_dynamic_task_mapping.py
[2024-10-23T04:26:17.299+0000] {processor.py:914} INFO - Processing file /home/airflow/.local/lib/python3.12/site-packages/airflow/example_dags/example_dynamic_task_mapping.py for tasks to queue
[2024-10-23T04:26:17.300+0000] {logging_mixin.py:190} INFO - [2024-10-23T04:26:17.300+0000] {dagbag.py:588} INFO - Filling up the DagBag from /home/airflow/.local/lib/python3.12/site-packages/airflow/example_dags/example_dynamic_task_mapping.py
[2024-10-23T04:26:17.307+0000] {processor.py:925} INFO - DAG(s) 'example_dynamic_task_mapping' retrieved from /home/airflow/.local/lib/python3.12/site-packages/airflow/example_dags/example_dynamic_task_mapping.py
[2024-10-23T04:26:17.323+0000] {logging_mixin.py:190} INFO - [2024-10-23T04:26:17.323+0000] {dag.py:3239} INFO - Sync 1 DAGs
[2024-10-23T04:26:17.332+0000] {logging_mixin.py:190} INFO - [2024-10-23T04:26:17.332+0000] {dag.py:4180} INFO - Setting next_dagrun for example_dynamic_task_mapping to None, run_after=None
[2024-10-23T04:26:17.348+0000] {processor.py:208} INFO - Processing /home/airflow/.local/lib/python3.12/site-packages/airflow/example_dags/example_dynamic_task_mapping.py took 0.054 seconds
[2024-10-23T04:26:48.150+0000] {processor.py:186} INFO - Started process (PID=14158) to work on /home/airflow/.local/lib/python3.12/site-packages/airflow/example_dags/example_dynamic_task_mapping.py
[2024-10-23T04:26:48.152+0000] {processor.py:914} INFO - Processing file /home/airflow/.local/lib/python3.12/site-packages/airflow/example_dags/example_dynamic_task_mapping.py for tasks to queue
[2024-10-23T04:26:48.153+0000] {logging_mixin.py:190} INFO - [2024-10-23T04:26:48.152+0000] {dagbag.py:588} INFO - Filling up the DagBag from /home/airflow/.local/lib/python3.12/site-packages/airflow/example_dags/example_dynamic_task_mapping.py
[2024-10-23T04:26:48.165+0000] {processor.py:925} INFO - DAG(s) 'example_dynamic_task_mapping' retrieved from /home/airflow/.local/lib/python3.12/site-packages/airflow/example_dags/example_dynamic_task_mapping.py
[2024-10-23T04:26:48.188+0000] {logging_mixin.py:190} INFO - [2024-10-23T04:26:48.188+0000] {dag.py:3239} INFO - Sync 1 DAGs
[2024-10-23T04:26:48.199+0000] {logging_mixin.py:190} INFO - [2024-10-23T04:26:48.199+0000] {dag.py:4180} INFO - Setting next_dagrun for example_dynamic_task_mapping to None, run_after=None
[2024-10-23T04:26:48.211+0000] {processor.py:208} INFO - Processing /home/airflow/.local/lib/python3.12/site-packages/airflow/example_dags/example_dynamic_task_mapping.py took 0.068 seconds
[2024-10-23T04:27:18.460+0000] {processor.py:186} INFO - Started process (PID=14221) to work on /home/airflow/.local/lib/python3.12/site-packages/airflow/example_dags/example_dynamic_task_mapping.py
[2024-10-23T04:27:18.462+0000] {processor.py:914} INFO - Processing file /home/airflow/.local/lib/python3.12/site-packages/airflow/example_dags/example_dynamic_task_mapping.py for tasks to queue
[2024-10-23T04:27:18.464+0000] {logging_mixin.py:190} INFO - [2024-10-23T04:27:18.463+0000] {dagbag.py:588} INFO - Filling up the DagBag from /home/airflow/.local/lib/python3.12/site-packages/airflow/example_dags/example_dynamic_task_mapping.py
[2024-10-23T04:27:18.472+0000] {processor.py:925} INFO - DAG(s) 'example_dynamic_task_mapping' retrieved from /home/airflow/.local/lib/python3.12/site-packages/airflow/example_dags/example_dynamic_task_mapping.py
[2024-10-23T04:27:18.489+0000] {logging_mixin.py:190} INFO - [2024-10-23T04:27:18.489+0000] {dag.py:3239} INFO - Sync 1 DAGs
[2024-10-23T04:27:18.499+0000] {logging_mixin.py:190} INFO - [2024-10-23T04:27:18.499+0000] {dag.py:4180} INFO - Setting next_dagrun for example_dynamic_task_mapping to None, run_after=None
[2024-10-23T04:27:18.511+0000] {processor.py:208} INFO - Processing /home/airflow/.local/lib/python3.12/site-packages/airflow/example_dags/example_dynamic_task_mapping.py took 0.057 seconds
[2024-10-23T04:27:48.859+0000] {processor.py:186} INFO - Started process (PID=14284) to work on /home/airflow/.local/lib/python3.12/site-packages/airflow/example_dags/example_dynamic_task_mapping.py
[2024-10-23T04:27:48.861+0000] {processor.py:914} INFO - Processing file /home/airflow/.local/lib/python3.12/site-packages/airflow/example_dags/example_dynamic_task_mapping.py for tasks to queue
[2024-10-23T04:27:48.862+0000] {logging_mixin.py:190} INFO - [2024-10-23T04:27:48.862+0000] {dagbag.py:588} INFO - Filling up the DagBag from /home/airflow/.local/lib/python3.12/site-packages/airflow/example_dags/example_dynamic_task_mapping.py
[2024-10-23T04:27:48.874+0000] {processor.py:925} INFO - DAG(s) 'example_dynamic_task_mapping' retrieved from /home/airflow/.local/lib/python3.12/site-packages/airflow/example_dags/example_dynamic_task_mapping.py
[2024-10-23T04:27:48.900+0000] {logging_mixin.py:190} INFO - [2024-10-23T04:27:48.900+0000] {dag.py:3239} INFO - Sync 1 DAGs
[2024-10-23T04:27:48.931+0000] {logging_mixin.py:190} INFO - [2024-10-23T04:27:48.930+0000] {dag.py:4180} INFO - Setting next_dagrun for example_dynamic_task_mapping to None, run_after=None
[2024-10-23T04:27:48.952+0000] {processor.py:208} INFO - Processing /home/airflow/.local/lib/python3.12/site-packages/airflow/example_dags/example_dynamic_task_mapping.py took 0.103 seconds
[2024-10-23T04:28:19.198+0000] {processor.py:186} INFO - Started process (PID=14346) to work on /home/airflow/.local/lib/python3.12/site-packages/airflow/example_dags/example_dynamic_task_mapping.py
[2024-10-23T04:28:19.201+0000] {processor.py:914} INFO - Processing file /home/airflow/.local/lib/python3.12/site-packages/airflow/example_dags/example_dynamic_task_mapping.py for tasks to queue
[2024-10-23T04:28:19.203+0000] {logging_mixin.py:190} INFO - [2024-10-23T04:28:19.203+0000] {dagbag.py:588} INFO - Filling up the DagBag from /home/airflow/.local/lib/python3.12/site-packages/airflow/example_dags/example_dynamic_task_mapping.py
[2024-10-23T04:28:19.221+0000] {processor.py:925} INFO - DAG(s) 'example_dynamic_task_mapping' retrieved from /home/airflow/.local/lib/python3.12/site-packages/airflow/example_dags/example_dynamic_task_mapping.py
[2024-10-23T04:28:19.244+0000] {logging_mixin.py:190} INFO - [2024-10-23T04:28:19.244+0000] {dag.py:3239} INFO - Sync 1 DAGs
[2024-10-23T04:28:19.256+0000] {logging_mixin.py:190} INFO - [2024-10-23T04:28:19.256+0000] {dag.py:4180} INFO - Setting next_dagrun for example_dynamic_task_mapping to None, run_after=None
[2024-10-23T04:28:19.269+0000] {processor.py:208} INFO - Processing /home/airflow/.local/lib/python3.12/site-packages/airflow/example_dags/example_dynamic_task_mapping.py took 0.083 seconds
[2024-10-23T04:28:50.381+0000] {processor.py:186} INFO - Started process (PID=14409) to work on /home/airflow/.local/lib/python3.12/site-packages/airflow/example_dags/example_dynamic_task_mapping.py
[2024-10-23T04:28:50.385+0000] {processor.py:914} INFO - Processing file /home/airflow/.local/lib/python3.12/site-packages/airflow/example_dags/example_dynamic_task_mapping.py for tasks to queue
[2024-10-23T04:28:50.386+0000] {logging_mixin.py:190} INFO - [2024-10-23T04:28:50.386+0000] {dagbag.py:588} INFO - Filling up the DagBag from /home/airflow/.local/lib/python3.12/site-packages/airflow/example_dags/example_dynamic_task_mapping.py
[2024-10-23T04:28:50.409+0000] {processor.py:925} INFO - DAG(s) 'example_dynamic_task_mapping' retrieved from /home/airflow/.local/lib/python3.12/site-packages/airflow/example_dags/example_dynamic_task_mapping.py
[2024-10-23T04:28:50.433+0000] {logging_mixin.py:190} INFO - [2024-10-23T04:28:50.433+0000] {dag.py:3239} INFO - Sync 1 DAGs
[2024-10-23T04:28:50.463+0000] {logging_mixin.py:190} INFO - [2024-10-23T04:28:50.462+0000] {dag.py:4180} INFO - Setting next_dagrun for example_dynamic_task_mapping to None, run_after=None
[2024-10-23T04:28:50.476+0000] {processor.py:208} INFO - Processing /home/airflow/.local/lib/python3.12/site-packages/airflow/example_dags/example_dynamic_task_mapping.py took 0.118 seconds
[2024-10-23T04:29:20.721+0000] {processor.py:186} INFO - Started process (PID=14472) to work on /home/airflow/.local/lib/python3.12/site-packages/airflow/example_dags/example_dynamic_task_mapping.py
[2024-10-23T04:29:20.723+0000] {processor.py:914} INFO - Processing file /home/airflow/.local/lib/python3.12/site-packages/airflow/example_dags/example_dynamic_task_mapping.py for tasks to queue
[2024-10-23T04:29:20.724+0000] {logging_mixin.py:190} INFO - [2024-10-23T04:29:20.724+0000] {dagbag.py:588} INFO - Filling up the DagBag from /home/airflow/.local/lib/python3.12/site-packages/airflow/example_dags/example_dynamic_task_mapping.py
[2024-10-23T04:29:20.736+0000] {processor.py:925} INFO - DAG(s) 'example_dynamic_task_mapping' retrieved from /home/airflow/.local/lib/python3.12/site-packages/airflow/example_dags/example_dynamic_task_mapping.py
[2024-10-23T04:29:20.755+0000] {logging_mixin.py:190} INFO - [2024-10-23T04:29:20.754+0000] {dag.py:3239} INFO - Sync 1 DAGs
[2024-10-23T04:29:20.766+0000] {logging_mixin.py:190} INFO - [2024-10-23T04:29:20.766+0000] {dag.py:4180} INFO - Setting next_dagrun for example_dynamic_task_mapping to None, run_after=None
[2024-10-23T04:29:20.781+0000] {processor.py:208} INFO - Processing /home/airflow/.local/lib/python3.12/site-packages/airflow/example_dags/example_dynamic_task_mapping.py took 0.068 seconds
[2024-10-23T04:29:51.768+0000] {processor.py:186} INFO - Started process (PID=14535) to work on /home/airflow/.local/lib/python3.12/site-packages/airflow/example_dags/example_dynamic_task_mapping.py
[2024-10-23T04:29:51.769+0000] {processor.py:914} INFO - Processing file /home/airflow/.local/lib/python3.12/site-packages/airflow/example_dags/example_dynamic_task_mapping.py for tasks to queue
[2024-10-23T04:29:51.771+0000] {logging_mixin.py:190} INFO - [2024-10-23T04:29:51.771+0000] {dagbag.py:588} INFO - Filling up the DagBag from /home/airflow/.local/lib/python3.12/site-packages/airflow/example_dags/example_dynamic_task_mapping.py
[2024-10-23T04:29:51.779+0000] {processor.py:925} INFO - DAG(s) 'example_dynamic_task_mapping' retrieved from /home/airflow/.local/lib/python3.12/site-packages/airflow/example_dags/example_dynamic_task_mapping.py
[2024-10-23T04:29:51.796+0000] {logging_mixin.py:190} INFO - [2024-10-23T04:29:51.796+0000] {dag.py:3239} INFO - Sync 1 DAGs
[2024-10-23T04:29:51.806+0000] {logging_mixin.py:190} INFO - [2024-10-23T04:29:51.806+0000] {dag.py:4180} INFO - Setting next_dagrun for example_dynamic_task_mapping to None, run_after=None
[2024-10-23T04:29:51.819+0000] {processor.py:208} INFO - Processing /home/airflow/.local/lib/python3.12/site-packages/airflow/example_dags/example_dynamic_task_mapping.py took 0.069 seconds
[2024-10-23T04:30:22.953+0000] {processor.py:186} INFO - Started process (PID=14599) to work on /home/airflow/.local/lib/python3.12/site-packages/airflow/example_dags/example_dynamic_task_mapping.py
[2024-10-23T04:30:22.955+0000] {processor.py:914} INFO - Processing file /home/airflow/.local/lib/python3.12/site-packages/airflow/example_dags/example_dynamic_task_mapping.py for tasks to queue
[2024-10-23T04:30:22.958+0000] {logging_mixin.py:190} INFO - [2024-10-23T04:30:22.957+0000] {dagbag.py:588} INFO - Filling up the DagBag from /home/airflow/.local/lib/python3.12/site-packages/airflow/example_dags/example_dynamic_task_mapping.py
[2024-10-23T04:30:22.969+0000] {processor.py:925} INFO - DAG(s) 'example_dynamic_task_mapping' retrieved from /home/airflow/.local/lib/python3.12/site-packages/airflow/example_dags/example_dynamic_task_mapping.py
[2024-10-23T04:30:22.991+0000] {logging_mixin.py:190} INFO - [2024-10-23T04:30:22.991+0000] {dag.py:3239} INFO - Sync 1 DAGs
[2024-10-23T04:30:23.005+0000] {logging_mixin.py:190} INFO - [2024-10-23T04:30:23.005+0000] {dag.py:4180} INFO - Setting next_dagrun for example_dynamic_task_mapping to None, run_after=None
[2024-10-23T04:30:23.024+0000] {processor.py:208} INFO - Processing /home/airflow/.local/lib/python3.12/site-packages/airflow/example_dags/example_dynamic_task_mapping.py took 0.081 seconds
[2024-10-23T04:30:53.985+0000] {processor.py:186} INFO - Started process (PID=14662) to work on /home/airflow/.local/lib/python3.12/site-packages/airflow/example_dags/example_dynamic_task_mapping.py
[2024-10-23T04:30:53.987+0000] {processor.py:914} INFO - Processing file /home/airflow/.local/lib/python3.12/site-packages/airflow/example_dags/example_dynamic_task_mapping.py for tasks to queue
[2024-10-23T04:30:53.987+0000] {logging_mixin.py:190} INFO - [2024-10-23T04:30:53.987+0000] {dagbag.py:588} INFO - Filling up the DagBag from /home/airflow/.local/lib/python3.12/site-packages/airflow/example_dags/example_dynamic_task_mapping.py
[2024-10-23T04:30:53.994+0000] {processor.py:925} INFO - DAG(s) 'example_dynamic_task_mapping' retrieved from /home/airflow/.local/lib/python3.12/site-packages/airflow/example_dags/example_dynamic_task_mapping.py
[2024-10-23T04:30:54.008+0000] {logging_mixin.py:190} INFO - [2024-10-23T04:30:54.008+0000] {dag.py:3239} INFO - Sync 1 DAGs
[2024-10-23T04:30:54.017+0000] {logging_mixin.py:190} INFO - [2024-10-23T04:30:54.016+0000] {dag.py:4180} INFO - Setting next_dagrun for example_dynamic_task_mapping to None, run_after=None
[2024-10-23T04:30:54.027+0000] {processor.py:208} INFO - Processing /home/airflow/.local/lib/python3.12/site-packages/airflow/example_dags/example_dynamic_task_mapping.py took 0.048 seconds
[2024-10-23T04:31:24.247+0000] {processor.py:186} INFO - Started process (PID=14725) to work on /home/airflow/.local/lib/python3.12/site-packages/airflow/example_dags/example_dynamic_task_mapping.py
[2024-10-23T04:31:24.249+0000] {processor.py:914} INFO - Processing file /home/airflow/.local/lib/python3.12/site-packages/airflow/example_dags/example_dynamic_task_mapping.py for tasks to queue
[2024-10-23T04:31:24.250+0000] {logging_mixin.py:190} INFO - [2024-10-23T04:31:24.249+0000] {dagbag.py:588} INFO - Filling up the DagBag from /home/airflow/.local/lib/python3.12/site-packages/airflow/example_dags/example_dynamic_task_mapping.py
[2024-10-23T04:31:24.260+0000] {processor.py:925} INFO - DAG(s) 'example_dynamic_task_mapping' retrieved from /home/airflow/.local/lib/python3.12/site-packages/airflow/example_dags/example_dynamic_task_mapping.py
[2024-10-23T04:31:24.276+0000] {logging_mixin.py:190} INFO - [2024-10-23T04:31:24.276+0000] {dag.py:3239} INFO - Sync 1 DAGs
[2024-10-23T04:31:24.290+0000] {logging_mixin.py:190} INFO - [2024-10-23T04:31:24.290+0000] {dag.py:4180} INFO - Setting next_dagrun for example_dynamic_task_mapping to None, run_after=None
[2024-10-23T04:31:24.320+0000] {processor.py:208} INFO - Processing /home/airflow/.local/lib/python3.12/site-packages/airflow/example_dags/example_dynamic_task_mapping.py took 0.081 seconds
[2024-10-23T04:31:54.593+0000] {processor.py:186} INFO - Started process (PID=14787) to work on /home/airflow/.local/lib/python3.12/site-packages/airflow/example_dags/example_dynamic_task_mapping.py
[2024-10-23T04:31:54.594+0000] {processor.py:914} INFO - Processing file /home/airflow/.local/lib/python3.12/site-packages/airflow/example_dags/example_dynamic_task_mapping.py for tasks to queue
[2024-10-23T04:31:54.595+0000] {logging_mixin.py:190} INFO - [2024-10-23T04:31:54.595+0000] {dagbag.py:588} INFO - Filling up the DagBag from /home/airflow/.local/lib/python3.12/site-packages/airflow/example_dags/example_dynamic_task_mapping.py
[2024-10-23T04:31:54.609+0000] {processor.py:925} INFO - DAG(s) 'example_dynamic_task_mapping' retrieved from /home/airflow/.local/lib/python3.12/site-packages/airflow/example_dags/example_dynamic_task_mapping.py
[2024-10-23T04:31:54.631+0000] {logging_mixin.py:190} INFO - [2024-10-23T04:31:54.630+0000] {dag.py:3239} INFO - Sync 1 DAGs
[2024-10-23T04:31:54.641+0000] {logging_mixin.py:190} INFO - [2024-10-23T04:31:54.641+0000] {dag.py:4180} INFO - Setting next_dagrun for example_dynamic_task_mapping to None, run_after=None
[2024-10-23T04:31:54.654+0000] {processor.py:208} INFO - Processing /home/airflow/.local/lib/python3.12/site-packages/airflow/example_dags/example_dynamic_task_mapping.py took 0.067 seconds
[2024-10-23T04:32:25.061+0000] {processor.py:186} INFO - Started process (PID=14850) to work on /home/airflow/.local/lib/python3.12/site-packages/airflow/example_dags/example_dynamic_task_mapping.py
[2024-10-23T04:32:25.062+0000] {processor.py:914} INFO - Processing file /home/airflow/.local/lib/python3.12/site-packages/airflow/example_dags/example_dynamic_task_mapping.py for tasks to queue
[2024-10-23T04:32:25.063+0000] {logging_mixin.py:190} INFO - [2024-10-23T04:32:25.062+0000] {dagbag.py:588} INFO - Filling up the DagBag from /home/airflow/.local/lib/python3.12/site-packages/airflow/example_dags/example_dynamic_task_mapping.py
[2024-10-23T04:32:25.074+0000] {processor.py:925} INFO - DAG(s) 'example_dynamic_task_mapping' retrieved from /home/airflow/.local/lib/python3.12/site-packages/airflow/example_dags/example_dynamic_task_mapping.py
[2024-10-23T04:32:25.090+0000] {logging_mixin.py:190} INFO - [2024-10-23T04:32:25.090+0000] {dag.py:3239} INFO - Sync 1 DAGs
[2024-10-23T04:32:25.102+0000] {logging_mixin.py:190} INFO - [2024-10-23T04:32:25.102+0000] {dag.py:4180} INFO - Setting next_dagrun for example_dynamic_task_mapping to None, run_after=None
[2024-10-23T04:32:25.115+0000] {processor.py:208} INFO - Processing /home/airflow/.local/lib/python3.12/site-packages/airflow/example_dags/example_dynamic_task_mapping.py took 0.060 seconds
[2024-10-23T04:32:55.460+0000] {processor.py:186} INFO - Started process (PID=14913) to work on /home/airflow/.local/lib/python3.12/site-packages/airflow/example_dags/example_dynamic_task_mapping.py
[2024-10-23T04:32:55.461+0000] {processor.py:914} INFO - Processing file /home/airflow/.local/lib/python3.12/site-packages/airflow/example_dags/example_dynamic_task_mapping.py for tasks to queue
[2024-10-23T04:32:55.463+0000] {logging_mixin.py:190} INFO - [2024-10-23T04:32:55.463+0000] {dagbag.py:588} INFO - Filling up the DagBag from /home/airflow/.local/lib/python3.12/site-packages/airflow/example_dags/example_dynamic_task_mapping.py
[2024-10-23T04:32:55.476+0000] {processor.py:925} INFO - DAG(s) 'example_dynamic_task_mapping' retrieved from /home/airflow/.local/lib/python3.12/site-packages/airflow/example_dags/example_dynamic_task_mapping.py
[2024-10-23T04:32:55.496+0000] {logging_mixin.py:190} INFO - [2024-10-23T04:32:55.496+0000] {dag.py:3239} INFO - Sync 1 DAGs
[2024-10-23T04:32:55.507+0000] {logging_mixin.py:190} INFO - [2024-10-23T04:32:55.507+0000] {dag.py:4180} INFO - Setting next_dagrun for example_dynamic_task_mapping to None, run_after=None
[2024-10-23T04:32:55.521+0000] {processor.py:208} INFO - Processing /home/airflow/.local/lib/python3.12/site-packages/airflow/example_dags/example_dynamic_task_mapping.py took 0.067 seconds
[2024-10-23T04:33:26.206+0000] {processor.py:186} INFO - Started process (PID=14976) to work on /home/airflow/.local/lib/python3.12/site-packages/airflow/example_dags/example_dynamic_task_mapping.py
[2024-10-23T04:33:26.207+0000] {processor.py:914} INFO - Processing file /home/airflow/.local/lib/python3.12/site-packages/airflow/example_dags/example_dynamic_task_mapping.py for tasks to queue
[2024-10-23T04:33:26.208+0000] {logging_mixin.py:190} INFO - [2024-10-23T04:33:26.208+0000] {dagbag.py:588} INFO - Filling up the DagBag from /home/airflow/.local/lib/python3.12/site-packages/airflow/example_dags/example_dynamic_task_mapping.py
[2024-10-23T04:33:26.216+0000] {processor.py:925} INFO - DAG(s) 'example_dynamic_task_mapping' retrieved from /home/airflow/.local/lib/python3.12/site-packages/airflow/example_dags/example_dynamic_task_mapping.py
[2024-10-23T04:33:26.233+0000] {logging_mixin.py:190} INFO - [2024-10-23T04:33:26.233+0000] {dag.py:3239} INFO - Sync 1 DAGs
[2024-10-23T04:33:26.247+0000] {logging_mixin.py:190} INFO - [2024-10-23T04:33:26.247+0000] {dag.py:4180} INFO - Setting next_dagrun for example_dynamic_task_mapping to None, run_after=None
[2024-10-23T04:33:26.260+0000] {processor.py:208} INFO - Processing /home/airflow/.local/lib/python3.12/site-packages/airflow/example_dags/example_dynamic_task_mapping.py took 0.060 seconds
[2024-10-23T04:33:57.084+0000] {processor.py:186} INFO - Started process (PID=15039) to work on /home/airflow/.local/lib/python3.12/site-packages/airflow/example_dags/example_dynamic_task_mapping.py
[2024-10-23T04:33:57.085+0000] {processor.py:914} INFO - Processing file /home/airflow/.local/lib/python3.12/site-packages/airflow/example_dags/example_dynamic_task_mapping.py for tasks to queue
[2024-10-23T04:33:57.086+0000] {logging_mixin.py:190} INFO - [2024-10-23T04:33:57.086+0000] {dagbag.py:588} INFO - Filling up the DagBag from /home/airflow/.local/lib/python3.12/site-packages/airflow/example_dags/example_dynamic_task_mapping.py
[2024-10-23T04:33:57.100+0000] {processor.py:925} INFO - DAG(s) 'example_dynamic_task_mapping' retrieved from /home/airflow/.local/lib/python3.12/site-packages/airflow/example_dags/example_dynamic_task_mapping.py
[2024-10-23T04:33:57.115+0000] {logging_mixin.py:190} INFO - [2024-10-23T04:33:57.114+0000] {dag.py:3239} INFO - Sync 1 DAGs
[2024-10-23T04:33:57.124+0000] {logging_mixin.py:190} INFO - [2024-10-23T04:33:57.124+0000] {dag.py:4180} INFO - Setting next_dagrun for example_dynamic_task_mapping to None, run_after=None
[2024-10-23T04:33:57.137+0000] {processor.py:208} INFO - Processing /home/airflow/.local/lib/python3.12/site-packages/airflow/example_dags/example_dynamic_task_mapping.py took 0.058 seconds
[2024-10-23T04:34:28.260+0000] {processor.py:186} INFO - Started process (PID=15102) to work on /home/airflow/.local/lib/python3.12/site-packages/airflow/example_dags/example_dynamic_task_mapping.py
[2024-10-23T04:34:28.261+0000] {processor.py:914} INFO - Processing file /home/airflow/.local/lib/python3.12/site-packages/airflow/example_dags/example_dynamic_task_mapping.py for tasks to queue
[2024-10-23T04:34:28.262+0000] {logging_mixin.py:190} INFO - [2024-10-23T04:34:28.262+0000] {dagbag.py:588} INFO - Filling up the DagBag from /home/airflow/.local/lib/python3.12/site-packages/airflow/example_dags/example_dynamic_task_mapping.py
[2024-10-23T04:34:28.272+0000] {processor.py:925} INFO - DAG(s) 'example_dynamic_task_mapping' retrieved from /home/airflow/.local/lib/python3.12/site-packages/airflow/example_dags/example_dynamic_task_mapping.py
[2024-10-23T04:34:28.291+0000] {logging_mixin.py:190} INFO - [2024-10-23T04:34:28.291+0000] {dag.py:3239} INFO - Sync 1 DAGs
[2024-10-23T04:34:28.302+0000] {logging_mixin.py:190} INFO - [2024-10-23T04:34:28.302+0000] {dag.py:4180} INFO - Setting next_dagrun for example_dynamic_task_mapping to None, run_after=None
[2024-10-23T04:34:28.315+0000] {processor.py:208} INFO - Processing /home/airflow/.local/lib/python3.12/site-packages/airflow/example_dags/example_dynamic_task_mapping.py took 0.064 seconds
[2024-10-23T04:34:59.084+0000] {processor.py:186} INFO - Started process (PID=15165) to work on /home/airflow/.local/lib/python3.12/site-packages/airflow/example_dags/example_dynamic_task_mapping.py
[2024-10-23T04:34:59.085+0000] {processor.py:914} INFO - Processing file /home/airflow/.local/lib/python3.12/site-packages/airflow/example_dags/example_dynamic_task_mapping.py for tasks to queue
[2024-10-23T04:34:59.087+0000] {logging_mixin.py:190} INFO - [2024-10-23T04:34:59.086+0000] {dagbag.py:588} INFO - Filling up the DagBag from /home/airflow/.local/lib/python3.12/site-packages/airflow/example_dags/example_dynamic_task_mapping.py
[2024-10-23T04:34:59.096+0000] {processor.py:925} INFO - DAG(s) 'example_dynamic_task_mapping' retrieved from /home/airflow/.local/lib/python3.12/site-packages/airflow/example_dags/example_dynamic_task_mapping.py
[2024-10-23T04:34:59.113+0000] {logging_mixin.py:190} INFO - [2024-10-23T04:34:59.113+0000] {dag.py:3239} INFO - Sync 1 DAGs
[2024-10-23T04:34:59.124+0000] {logging_mixin.py:190} INFO - [2024-10-23T04:34:59.124+0000] {dag.py:4180} INFO - Setting next_dagrun for example_dynamic_task_mapping to None, run_after=None
[2024-10-23T04:34:59.135+0000] {processor.py:208} INFO - Processing /home/airflow/.local/lib/python3.12/site-packages/airflow/example_dags/example_dynamic_task_mapping.py took 0.059 seconds
[2024-10-23T04:35:29.391+0000] {processor.py:186} INFO - Started process (PID=15231) to work on /home/airflow/.local/lib/python3.12/site-packages/airflow/example_dags/example_dynamic_task_mapping.py
[2024-10-23T04:35:29.392+0000] {processor.py:914} INFO - Processing file /home/airflow/.local/lib/python3.12/site-packages/airflow/example_dags/example_dynamic_task_mapping.py for tasks to queue
[2024-10-23T04:35:29.392+0000] {logging_mixin.py:190} INFO - [2024-10-23T04:35:29.392+0000] {dagbag.py:588} INFO - Filling up the DagBag from /home/airflow/.local/lib/python3.12/site-packages/airflow/example_dags/example_dynamic_task_mapping.py
[2024-10-23T04:35:29.399+0000] {processor.py:925} INFO - DAG(s) 'example_dynamic_task_mapping' retrieved from /home/airflow/.local/lib/python3.12/site-packages/airflow/example_dags/example_dynamic_task_mapping.py
[2024-10-23T04:35:29.413+0000] {logging_mixin.py:190} INFO - [2024-10-23T04:35:29.413+0000] {dag.py:3239} INFO - Sync 1 DAGs
[2024-10-23T04:35:29.421+0000] {logging_mixin.py:190} INFO - [2024-10-23T04:35:29.421+0000] {dag.py:4180} INFO - Setting next_dagrun for example_dynamic_task_mapping to None, run_after=None
[2024-10-23T04:35:29.431+0000] {processor.py:208} INFO - Processing /home/airflow/.local/lib/python3.12/site-packages/airflow/example_dags/example_dynamic_task_mapping.py took 0.047 seconds
[2024-10-23T04:35:59.978+0000] {processor.py:186} INFO - Started process (PID=15294) to work on /home/airflow/.local/lib/python3.12/site-packages/airflow/example_dags/example_dynamic_task_mapping.py
[2024-10-23T04:35:59.978+0000] {processor.py:914} INFO - Processing file /home/airflow/.local/lib/python3.12/site-packages/airflow/example_dags/example_dynamic_task_mapping.py for tasks to queue
[2024-10-23T04:35:59.979+0000] {logging_mixin.py:190} INFO - [2024-10-23T04:35:59.979+0000] {dagbag.py:588} INFO - Filling up the DagBag from /home/airflow/.local/lib/python3.12/site-packages/airflow/example_dags/example_dynamic_task_mapping.py
[2024-10-23T04:35:59.988+0000] {processor.py:925} INFO - DAG(s) 'example_dynamic_task_mapping' retrieved from /home/airflow/.local/lib/python3.12/site-packages/airflow/example_dags/example_dynamic_task_mapping.py
[2024-10-23T04:36:00.002+0000] {logging_mixin.py:190} INFO - [2024-10-23T04:36:00.002+0000] {dag.py:3239} INFO - Sync 1 DAGs
[2024-10-23T04:36:00.011+0000] {logging_mixin.py:190} INFO - [2024-10-23T04:36:00.011+0000] {dag.py:4180} INFO - Setting next_dagrun for example_dynamic_task_mapping to None, run_after=None
[2024-10-23T04:36:00.021+0000] {processor.py:208} INFO - Processing /home/airflow/.local/lib/python3.12/site-packages/airflow/example_dags/example_dynamic_task_mapping.py took 0.050 seconds
[2024-10-23T04:36:30.263+0000] {processor.py:186} INFO - Started process (PID=15360) to work on /home/airflow/.local/lib/python3.12/site-packages/airflow/example_dags/example_dynamic_task_mapping.py
[2024-10-23T04:36:30.267+0000] {processor.py:914} INFO - Processing file /home/airflow/.local/lib/python3.12/site-packages/airflow/example_dags/example_dynamic_task_mapping.py for tasks to queue
[2024-10-23T04:36:30.269+0000] {logging_mixin.py:190} INFO - [2024-10-23T04:36:30.268+0000] {dagbag.py:588} INFO - Filling up the DagBag from /home/airflow/.local/lib/python3.12/site-packages/airflow/example_dags/example_dynamic_task_mapping.py
[2024-10-23T04:36:30.288+0000] {processor.py:925} INFO - DAG(s) 'example_dynamic_task_mapping' retrieved from /home/airflow/.local/lib/python3.12/site-packages/airflow/example_dags/example_dynamic_task_mapping.py
[2024-10-23T04:36:30.308+0000] {logging_mixin.py:190} INFO - [2024-10-23T04:36:30.308+0000] {dag.py:3239} INFO - Sync 1 DAGs
[2024-10-23T04:36:30.319+0000] {logging_mixin.py:190} INFO - [2024-10-23T04:36:30.319+0000] {dag.py:4180} INFO - Setting next_dagrun for example_dynamic_task_mapping to None, run_after=None
[2024-10-23T04:36:30.330+0000] {processor.py:208} INFO - Processing /home/airflow/.local/lib/python3.12/site-packages/airflow/example_dags/example_dynamic_task_mapping.py took 0.074 seconds
[2024-10-23T04:37:00.605+0000] {processor.py:186} INFO - Started process (PID=15423) to work on /home/airflow/.local/lib/python3.12/site-packages/airflow/example_dags/example_dynamic_task_mapping.py
[2024-10-23T04:37:00.607+0000] {processor.py:914} INFO - Processing file /home/airflow/.local/lib/python3.12/site-packages/airflow/example_dags/example_dynamic_task_mapping.py for tasks to queue
[2024-10-23T04:37:00.608+0000] {logging_mixin.py:190} INFO - [2024-10-23T04:37:00.607+0000] {dagbag.py:588} INFO - Filling up the DagBag from /home/airflow/.local/lib/python3.12/site-packages/airflow/example_dags/example_dynamic_task_mapping.py
[2024-10-23T04:37:00.618+0000] {processor.py:925} INFO - DAG(s) 'example_dynamic_task_mapping' retrieved from /home/airflow/.local/lib/python3.12/site-packages/airflow/example_dags/example_dynamic_task_mapping.py
[2024-10-23T04:37:00.636+0000] {logging_mixin.py:190} INFO - [2024-10-23T04:37:00.636+0000] {dag.py:3239} INFO - Sync 1 DAGs
[2024-10-23T04:37:00.646+0000] {logging_mixin.py:190} INFO - [2024-10-23T04:37:00.646+0000] {dag.py:4180} INFO - Setting next_dagrun for example_dynamic_task_mapping to None, run_after=None
[2024-10-23T04:37:00.657+0000] {processor.py:208} INFO - Processing /home/airflow/.local/lib/python3.12/site-packages/airflow/example_dags/example_dynamic_task_mapping.py took 0.060 seconds
[2024-10-23T04:37:31.099+0000] {processor.py:186} INFO - Started process (PID=15486) to work on /home/airflow/.local/lib/python3.12/site-packages/airflow/example_dags/example_dynamic_task_mapping.py
[2024-10-23T04:37:31.102+0000] {processor.py:914} INFO - Processing file /home/airflow/.local/lib/python3.12/site-packages/airflow/example_dags/example_dynamic_task_mapping.py for tasks to queue
[2024-10-23T04:37:31.104+0000] {logging_mixin.py:190} INFO - [2024-10-23T04:37:31.103+0000] {dagbag.py:588} INFO - Filling up the DagBag from /home/airflow/.local/lib/python3.12/site-packages/airflow/example_dags/example_dynamic_task_mapping.py
[2024-10-23T04:37:31.115+0000] {processor.py:925} INFO - DAG(s) 'example_dynamic_task_mapping' retrieved from /home/airflow/.local/lib/python3.12/site-packages/airflow/example_dags/example_dynamic_task_mapping.py
[2024-10-23T04:37:31.141+0000] {logging_mixin.py:190} INFO - [2024-10-23T04:37:31.140+0000] {dag.py:3239} INFO - Sync 1 DAGs
[2024-10-23T04:37:31.162+0000] {logging_mixin.py:190} INFO - [2024-10-23T04:37:31.162+0000] {dag.py:4180} INFO - Setting next_dagrun for example_dynamic_task_mapping to None, run_after=None
[2024-10-23T04:37:31.179+0000] {processor.py:208} INFO - Processing /home/airflow/.local/lib/python3.12/site-packages/airflow/example_dags/example_dynamic_task_mapping.py took 0.104 seconds
[2024-10-23T04:38:01.526+0000] {processor.py:186} INFO - Started process (PID=15549) to work on /home/airflow/.local/lib/python3.12/site-packages/airflow/example_dags/example_dynamic_task_mapping.py
[2024-10-23T04:38:01.527+0000] {processor.py:914} INFO - Processing file /home/airflow/.local/lib/python3.12/site-packages/airflow/example_dags/example_dynamic_task_mapping.py for tasks to queue
[2024-10-23T04:38:01.528+0000] {logging_mixin.py:190} INFO - [2024-10-23T04:38:01.528+0000] {dagbag.py:588} INFO - Filling up the DagBag from /home/airflow/.local/lib/python3.12/site-packages/airflow/example_dags/example_dynamic_task_mapping.py
[2024-10-23T04:38:01.535+0000] {processor.py:925} INFO - DAG(s) 'example_dynamic_task_mapping' retrieved from /home/airflow/.local/lib/python3.12/site-packages/airflow/example_dags/example_dynamic_task_mapping.py
[2024-10-23T04:38:01.550+0000] {logging_mixin.py:190} INFO - [2024-10-23T04:38:01.550+0000] {dag.py:3239} INFO - Sync 1 DAGs
[2024-10-23T04:38:01.559+0000] {logging_mixin.py:190} INFO - [2024-10-23T04:38:01.559+0000] {dag.py:4180} INFO - Setting next_dagrun for example_dynamic_task_mapping to None, run_after=None
[2024-10-23T04:38:01.569+0000] {processor.py:208} INFO - Processing /home/airflow/.local/lib/python3.12/site-packages/airflow/example_dags/example_dynamic_task_mapping.py took 0.047 seconds
[2024-10-23T04:38:31.776+0000] {processor.py:186} INFO - Started process (PID=15612) to work on /home/airflow/.local/lib/python3.12/site-packages/airflow/example_dags/example_dynamic_task_mapping.py
[2024-10-23T04:38:31.777+0000] {processor.py:914} INFO - Processing file /home/airflow/.local/lib/python3.12/site-packages/airflow/example_dags/example_dynamic_task_mapping.py for tasks to queue
[2024-10-23T04:38:31.781+0000] {logging_mixin.py:190} INFO - [2024-10-23T04:38:31.780+0000] {dagbag.py:588} INFO - Filling up the DagBag from /home/airflow/.local/lib/python3.12/site-packages/airflow/example_dags/example_dynamic_task_mapping.py
[2024-10-23T04:38:31.790+0000] {processor.py:925} INFO - DAG(s) 'example_dynamic_task_mapping' retrieved from /home/airflow/.local/lib/python3.12/site-packages/airflow/example_dags/example_dynamic_task_mapping.py
[2024-10-23T04:38:31.815+0000] {logging_mixin.py:190} INFO - [2024-10-23T04:38:31.815+0000] {dag.py:3239} INFO - Sync 1 DAGs
[2024-10-23T04:38:31.828+0000] {logging_mixin.py:190} INFO - [2024-10-23T04:38:31.828+0000] {dag.py:4180} INFO - Setting next_dagrun for example_dynamic_task_mapping to None, run_after=None
[2024-10-23T04:38:31.844+0000] {processor.py:208} INFO - Processing /home/airflow/.local/lib/python3.12/site-packages/airflow/example_dags/example_dynamic_task_mapping.py took 0.079 seconds
[2024-10-23T04:39:03.217+0000] {processor.py:186} INFO - Started process (PID=15675) to work on /home/airflow/.local/lib/python3.12/site-packages/airflow/example_dags/example_dynamic_task_mapping.py
[2024-10-23T04:39:03.219+0000] {processor.py:914} INFO - Processing file /home/airflow/.local/lib/python3.12/site-packages/airflow/example_dags/example_dynamic_task_mapping.py for tasks to queue
[2024-10-23T04:39:03.220+0000] {logging_mixin.py:190} INFO - [2024-10-23T04:39:03.220+0000] {dagbag.py:588} INFO - Filling up the DagBag from /home/airflow/.local/lib/python3.12/site-packages/airflow/example_dags/example_dynamic_task_mapping.py
[2024-10-23T04:39:03.230+0000] {processor.py:925} INFO - DAG(s) 'example_dynamic_task_mapping' retrieved from /home/airflow/.local/lib/python3.12/site-packages/airflow/example_dags/example_dynamic_task_mapping.py
[2024-10-23T04:39:03.244+0000] {logging_mixin.py:190} INFO - [2024-10-23T04:39:03.244+0000] {dag.py:3239} INFO - Sync 1 DAGs
[2024-10-23T04:39:03.381+0000] {logging_mixin.py:190} INFO - [2024-10-23T04:39:03.381+0000] {dag.py:4180} INFO - Setting next_dagrun for example_dynamic_task_mapping to None, run_after=None
[2024-10-23T04:39:03.391+0000] {processor.py:208} INFO - Processing /home/airflow/.local/lib/python3.12/site-packages/airflow/example_dags/example_dynamic_task_mapping.py took 0.179 seconds
[2024-10-23T04:39:34.360+0000] {processor.py:186} INFO - Started process (PID=15738) to work on /home/airflow/.local/lib/python3.12/site-packages/airflow/example_dags/example_dynamic_task_mapping.py
[2024-10-23T04:39:34.363+0000] {processor.py:914} INFO - Processing file /home/airflow/.local/lib/python3.12/site-packages/airflow/example_dags/example_dynamic_task_mapping.py for tasks to queue
[2024-10-23T04:39:34.364+0000] {logging_mixin.py:190} INFO - [2024-10-23T04:39:34.364+0000] {dagbag.py:588} INFO - Filling up the DagBag from /home/airflow/.local/lib/python3.12/site-packages/airflow/example_dags/example_dynamic_task_mapping.py
[2024-10-23T04:39:34.381+0000] {processor.py:925} INFO - DAG(s) 'example_dynamic_task_mapping' retrieved from /home/airflow/.local/lib/python3.12/site-packages/airflow/example_dags/example_dynamic_task_mapping.py
[2024-10-23T04:39:34.401+0000] {logging_mixin.py:190} INFO - [2024-10-23T04:39:34.401+0000] {dag.py:3239} INFO - Sync 1 DAGs
[2024-10-23T04:39:34.414+0000] {logging_mixin.py:190} INFO - [2024-10-23T04:39:34.414+0000] {dag.py:4180} INFO - Setting next_dagrun for example_dynamic_task_mapping to None, run_after=None
[2024-10-23T04:39:34.612+0000] {processor.py:208} INFO - Processing /home/airflow/.local/lib/python3.12/site-packages/airflow/example_dags/example_dynamic_task_mapping.py took 0.264 seconds
[2024-10-23T04:40:04.906+0000] {processor.py:186} INFO - Started process (PID=15801) to work on /home/airflow/.local/lib/python3.12/site-packages/airflow/example_dags/example_dynamic_task_mapping.py
[2024-10-23T04:40:04.908+0000] {processor.py:914} INFO - Processing file /home/airflow/.local/lib/python3.12/site-packages/airflow/example_dags/example_dynamic_task_mapping.py for tasks to queue
[2024-10-23T04:40:04.911+0000] {logging_mixin.py:190} INFO - [2024-10-23T04:40:04.911+0000] {dagbag.py:588} INFO - Filling up the DagBag from /home/airflow/.local/lib/python3.12/site-packages/airflow/example_dags/example_dynamic_task_mapping.py
[2024-10-23T04:40:04.927+0000] {processor.py:925} INFO - DAG(s) 'example_dynamic_task_mapping' retrieved from /home/airflow/.local/lib/python3.12/site-packages/airflow/example_dags/example_dynamic_task_mapping.py
[2024-10-23T04:40:04.953+0000] {logging_mixin.py:190} INFO - [2024-10-23T04:40:04.953+0000] {dag.py:3239} INFO - Sync 1 DAGs
[2024-10-23T04:40:04.982+0000] {logging_mixin.py:190} INFO - [2024-10-23T04:40:04.981+0000] {dag.py:4180} INFO - Setting next_dagrun for example_dynamic_task_mapping to None, run_after=None
[2024-10-23T04:40:05.002+0000] {processor.py:208} INFO - Processing /home/airflow/.local/lib/python3.12/site-packages/airflow/example_dags/example_dynamic_task_mapping.py took 0.113 seconds
[2024-10-23T04:40:35.258+0000] {processor.py:186} INFO - Started process (PID=15863) to work on /home/airflow/.local/lib/python3.12/site-packages/airflow/example_dags/example_dynamic_task_mapping.py
[2024-10-23T04:40:35.263+0000] {processor.py:914} INFO - Processing file /home/airflow/.local/lib/python3.12/site-packages/airflow/example_dags/example_dynamic_task_mapping.py for tasks to queue
[2024-10-23T04:40:35.265+0000] {logging_mixin.py:190} INFO - [2024-10-23T04:40:35.265+0000] {dagbag.py:588} INFO - Filling up the DagBag from /home/airflow/.local/lib/python3.12/site-packages/airflow/example_dags/example_dynamic_task_mapping.py
[2024-10-23T04:40:35.297+0000] {processor.py:925} INFO - DAG(s) 'example_dynamic_task_mapping' retrieved from /home/airflow/.local/lib/python3.12/site-packages/airflow/example_dags/example_dynamic_task_mapping.py
[2024-10-23T04:40:35.349+0000] {logging_mixin.py:190} INFO - [2024-10-23T04:40:35.348+0000] {dag.py:3239} INFO - Sync 1 DAGs
[2024-10-23T04:40:35.371+0000] {logging_mixin.py:190} INFO - [2024-10-23T04:40:35.370+0000] {dag.py:4180} INFO - Setting next_dagrun for example_dynamic_task_mapping to None, run_after=None
[2024-10-23T04:40:35.407+0000] {processor.py:208} INFO - Processing /home/airflow/.local/lib/python3.12/site-packages/airflow/example_dags/example_dynamic_task_mapping.py took 0.167 seconds
[2024-10-23T04:41:05.624+0000] {processor.py:186} INFO - Started process (PID=15926) to work on /home/airflow/.local/lib/python3.12/site-packages/airflow/example_dags/example_dynamic_task_mapping.py
[2024-10-23T04:41:05.627+0000] {processor.py:914} INFO - Processing file /home/airflow/.local/lib/python3.12/site-packages/airflow/example_dags/example_dynamic_task_mapping.py for tasks to queue
[2024-10-23T04:41:05.630+0000] {logging_mixin.py:190} INFO - [2024-10-23T04:41:05.630+0000] {dagbag.py:588} INFO - Filling up the DagBag from /home/airflow/.local/lib/python3.12/site-packages/airflow/example_dags/example_dynamic_task_mapping.py
[2024-10-23T04:41:05.656+0000] {processor.py:925} INFO - DAG(s) 'example_dynamic_task_mapping' retrieved from /home/airflow/.local/lib/python3.12/site-packages/airflow/example_dags/example_dynamic_task_mapping.py
[2024-10-23T04:41:05.710+0000] {logging_mixin.py:190} INFO - [2024-10-23T04:41:05.709+0000] {dag.py:3239} INFO - Sync 1 DAGs
[2024-10-23T04:41:05.741+0000] {logging_mixin.py:190} INFO - [2024-10-23T04:41:05.741+0000] {dag.py:4180} INFO - Setting next_dagrun for example_dynamic_task_mapping to None, run_after=None
[2024-10-23T04:41:05.760+0000] {processor.py:208} INFO - Processing /home/airflow/.local/lib/python3.12/site-packages/airflow/example_dags/example_dynamic_task_mapping.py took 0.156 seconds
[2024-10-23T04:41:36.358+0000] {processor.py:186} INFO - Started process (PID=15989) to work on /home/airflow/.local/lib/python3.12/site-packages/airflow/example_dags/example_dynamic_task_mapping.py
[2024-10-23T04:41:36.362+0000] {processor.py:914} INFO - Processing file /home/airflow/.local/lib/python3.12/site-packages/airflow/example_dags/example_dynamic_task_mapping.py for tasks to queue
[2024-10-23T04:41:36.365+0000] {logging_mixin.py:190} INFO - [2024-10-23T04:41:36.364+0000] {dagbag.py:588} INFO - Filling up the DagBag from /home/airflow/.local/lib/python3.12/site-packages/airflow/example_dags/example_dynamic_task_mapping.py
[2024-10-23T04:41:36.396+0000] {processor.py:925} INFO - DAG(s) 'example_dynamic_task_mapping' retrieved from /home/airflow/.local/lib/python3.12/site-packages/airflow/example_dags/example_dynamic_task_mapping.py
[2024-10-23T04:41:36.455+0000] {logging_mixin.py:190} INFO - [2024-10-23T04:41:36.454+0000] {dag.py:3239} INFO - Sync 1 DAGs
[2024-10-23T04:41:36.481+0000] {logging_mixin.py:190} INFO - [2024-10-23T04:41:36.481+0000] {dag.py:4180} INFO - Setting next_dagrun for example_dynamic_task_mapping to None, run_after=None
[2024-10-23T04:41:36.503+0000] {processor.py:208} INFO - Processing /home/airflow/.local/lib/python3.12/site-packages/airflow/example_dags/example_dynamic_task_mapping.py took 0.167 seconds
[2024-10-23T04:42:07.407+0000] {processor.py:186} INFO - Started process (PID=16052) to work on /home/airflow/.local/lib/python3.12/site-packages/airflow/example_dags/example_dynamic_task_mapping.py
[2024-10-23T04:42:07.410+0000] {processor.py:914} INFO - Processing file /home/airflow/.local/lib/python3.12/site-packages/airflow/example_dags/example_dynamic_task_mapping.py for tasks to queue
[2024-10-23T04:42:07.415+0000] {logging_mixin.py:190} INFO - [2024-10-23T04:42:07.414+0000] {dagbag.py:588} INFO - Filling up the DagBag from /home/airflow/.local/lib/python3.12/site-packages/airflow/example_dags/example_dynamic_task_mapping.py
[2024-10-23T04:42:07.465+0000] {processor.py:925} INFO - DAG(s) 'example_dynamic_task_mapping' retrieved from /home/airflow/.local/lib/python3.12/site-packages/airflow/example_dags/example_dynamic_task_mapping.py
[2024-10-23T04:42:07.528+0000] {logging_mixin.py:190} INFO - [2024-10-23T04:42:07.528+0000] {dag.py:3239} INFO - Sync 1 DAGs
[2024-10-23T04:42:07.555+0000] {logging_mixin.py:190} INFO - [2024-10-23T04:42:07.554+0000] {dag.py:4180} INFO - Setting next_dagrun for example_dynamic_task_mapping to None, run_after=None
[2024-10-23T04:42:07.576+0000] {processor.py:208} INFO - Processing /home/airflow/.local/lib/python3.12/site-packages/airflow/example_dags/example_dynamic_task_mapping.py took 0.194 seconds
[2024-10-23T04:42:38.705+0000] {processor.py:186} INFO - Started process (PID=16116) to work on /home/airflow/.local/lib/python3.12/site-packages/airflow/example_dags/example_dynamic_task_mapping.py
[2024-10-23T04:42:38.706+0000] {processor.py:914} INFO - Processing file /home/airflow/.local/lib/python3.12/site-packages/airflow/example_dags/example_dynamic_task_mapping.py for tasks to queue
[2024-10-23T04:42:38.707+0000] {logging_mixin.py:190} INFO - [2024-10-23T04:42:38.707+0000] {dagbag.py:588} INFO - Filling up the DagBag from /home/airflow/.local/lib/python3.12/site-packages/airflow/example_dags/example_dynamic_task_mapping.py
[2024-10-23T04:42:38.715+0000] {processor.py:925} INFO - DAG(s) 'example_dynamic_task_mapping' retrieved from /home/airflow/.local/lib/python3.12/site-packages/airflow/example_dags/example_dynamic_task_mapping.py
[2024-10-23T04:42:38.727+0000] {logging_mixin.py:190} INFO - [2024-10-23T04:42:38.727+0000] {dag.py:3239} INFO - Sync 1 DAGs
[2024-10-23T04:42:38.736+0000] {logging_mixin.py:190} INFO - [2024-10-23T04:42:38.736+0000] {dag.py:4180} INFO - Setting next_dagrun for example_dynamic_task_mapping to None, run_after=None
[2024-10-23T04:42:38.746+0000] {processor.py:208} INFO - Processing /home/airflow/.local/lib/python3.12/site-packages/airflow/example_dags/example_dynamic_task_mapping.py took 0.045 seconds
[2024-10-23T04:43:09.778+0000] {processor.py:186} INFO - Started process (PID=16179) to work on /home/airflow/.local/lib/python3.12/site-packages/airflow/example_dags/example_dynamic_task_mapping.py
[2024-10-23T04:43:09.779+0000] {processor.py:914} INFO - Processing file /home/airflow/.local/lib/python3.12/site-packages/airflow/example_dags/example_dynamic_task_mapping.py for tasks to queue
[2024-10-23T04:43:09.780+0000] {logging_mixin.py:190} INFO - [2024-10-23T04:43:09.779+0000] {dagbag.py:588} INFO - Filling up the DagBag from /home/airflow/.local/lib/python3.12/site-packages/airflow/example_dags/example_dynamic_task_mapping.py
[2024-10-23T04:43:09.787+0000] {processor.py:925} INFO - DAG(s) 'example_dynamic_task_mapping' retrieved from /home/airflow/.local/lib/python3.12/site-packages/airflow/example_dags/example_dynamic_task_mapping.py
[2024-10-23T04:43:09.800+0000] {logging_mixin.py:190} INFO - [2024-10-23T04:43:09.800+0000] {dag.py:3239} INFO - Sync 1 DAGs
[2024-10-23T04:43:09.810+0000] {logging_mixin.py:190} INFO - [2024-10-23T04:43:09.810+0000] {dag.py:4180} INFO - Setting next_dagrun for example_dynamic_task_mapping to None, run_after=None
[2024-10-23T04:43:09.821+0000] {processor.py:208} INFO - Processing /home/airflow/.local/lib/python3.12/site-packages/airflow/example_dags/example_dynamic_task_mapping.py took 0.049 seconds
[2024-10-23T04:43:40.827+0000] {processor.py:186} INFO - Started process (PID=16242) to work on /home/airflow/.local/lib/python3.12/site-packages/airflow/example_dags/example_dynamic_task_mapping.py
[2024-10-23T04:43:40.828+0000] {processor.py:914} INFO - Processing file /home/airflow/.local/lib/python3.12/site-packages/airflow/example_dags/example_dynamic_task_mapping.py for tasks to queue
[2024-10-23T04:43:40.829+0000] {logging_mixin.py:190} INFO - [2024-10-23T04:43:40.829+0000] {dagbag.py:588} INFO - Filling up the DagBag from /home/airflow/.local/lib/python3.12/site-packages/airflow/example_dags/example_dynamic_task_mapping.py
[2024-10-23T04:43:40.838+0000] {processor.py:925} INFO - DAG(s) 'example_dynamic_task_mapping' retrieved from /home/airflow/.local/lib/python3.12/site-packages/airflow/example_dags/example_dynamic_task_mapping.py
[2024-10-23T04:43:40.856+0000] {logging_mixin.py:190} INFO - [2024-10-23T04:43:40.855+0000] {dag.py:3239} INFO - Sync 1 DAGs
[2024-10-23T04:43:40.867+0000] {logging_mixin.py:190} INFO - [2024-10-23T04:43:40.867+0000] {dag.py:4180} INFO - Setting next_dagrun for example_dynamic_task_mapping to None, run_after=None
[2024-10-23T04:43:40.885+0000] {processor.py:208} INFO - Processing /home/airflow/.local/lib/python3.12/site-packages/airflow/example_dags/example_dynamic_task_mapping.py took 0.065 seconds
[2024-10-23T04:44:11.888+0000] {processor.py:186} INFO - Started process (PID=16305) to work on /home/airflow/.local/lib/python3.12/site-packages/airflow/example_dags/example_dynamic_task_mapping.py
[2024-10-23T04:44:11.889+0000] {processor.py:914} INFO - Processing file /home/airflow/.local/lib/python3.12/site-packages/airflow/example_dags/example_dynamic_task_mapping.py for tasks to queue
[2024-10-23T04:44:11.890+0000] {logging_mixin.py:190} INFO - [2024-10-23T04:44:11.889+0000] {dagbag.py:588} INFO - Filling up the DagBag from /home/airflow/.local/lib/python3.12/site-packages/airflow/example_dags/example_dynamic_task_mapping.py
[2024-10-23T04:44:11.897+0000] {processor.py:925} INFO - DAG(s) 'example_dynamic_task_mapping' retrieved from /home/airflow/.local/lib/python3.12/site-packages/airflow/example_dags/example_dynamic_task_mapping.py
[2024-10-23T04:44:11.911+0000] {logging_mixin.py:190} INFO - [2024-10-23T04:44:11.911+0000] {dag.py:3239} INFO - Sync 1 DAGs
[2024-10-23T04:44:11.920+0000] {logging_mixin.py:190} INFO - [2024-10-23T04:44:11.920+0000] {dag.py:4180} INFO - Setting next_dagrun for example_dynamic_task_mapping to None, run_after=None
[2024-10-23T04:44:11.930+0000] {processor.py:208} INFO - Processing /home/airflow/.local/lib/python3.12/site-packages/airflow/example_dags/example_dynamic_task_mapping.py took 0.046 seconds
[2024-10-23T04:44:43.132+0000] {processor.py:186} INFO - Started process (PID=16368) to work on /home/airflow/.local/lib/python3.12/site-packages/airflow/example_dags/example_dynamic_task_mapping.py
[2024-10-23T04:44:43.134+0000] {processor.py:914} INFO - Processing file /home/airflow/.local/lib/python3.12/site-packages/airflow/example_dags/example_dynamic_task_mapping.py for tasks to queue
[2024-10-23T04:44:43.136+0000] {logging_mixin.py:190} INFO - [2024-10-23T04:44:43.135+0000] {dagbag.py:588} INFO - Filling up the DagBag from /home/airflow/.local/lib/python3.12/site-packages/airflow/example_dags/example_dynamic_task_mapping.py
[2024-10-23T04:44:43.147+0000] {processor.py:925} INFO - DAG(s) 'example_dynamic_task_mapping' retrieved from /home/airflow/.local/lib/python3.12/site-packages/airflow/example_dags/example_dynamic_task_mapping.py
[2024-10-23T04:44:43.168+0000] {logging_mixin.py:190} INFO - [2024-10-23T04:44:43.168+0000] {dag.py:3239} INFO - Sync 1 DAGs
[2024-10-23T04:44:43.178+0000] {logging_mixin.py:190} INFO - [2024-10-23T04:44:43.178+0000] {dag.py:4180} INFO - Setting next_dagrun for example_dynamic_task_mapping to None, run_after=None
[2024-10-23T04:44:43.190+0000] {processor.py:208} INFO - Processing /home/airflow/.local/lib/python3.12/site-packages/airflow/example_dags/example_dynamic_task_mapping.py took 0.081 seconds
[2024-10-23T04:45:13.721+0000] {processor.py:186} INFO - Started process (PID=16431) to work on /home/airflow/.local/lib/python3.12/site-packages/airflow/example_dags/example_dynamic_task_mapping.py
[2024-10-23T04:45:13.722+0000] {processor.py:914} INFO - Processing file /home/airflow/.local/lib/python3.12/site-packages/airflow/example_dags/example_dynamic_task_mapping.py for tasks to queue
[2024-10-23T04:45:13.723+0000] {logging_mixin.py:190} INFO - [2024-10-23T04:45:13.723+0000] {dagbag.py:588} INFO - Filling up the DagBag from /home/airflow/.local/lib/python3.12/site-packages/airflow/example_dags/example_dynamic_task_mapping.py
[2024-10-23T04:45:13.731+0000] {processor.py:925} INFO - DAG(s) 'example_dynamic_task_mapping' retrieved from /home/airflow/.local/lib/python3.12/site-packages/airflow/example_dags/example_dynamic_task_mapping.py
[2024-10-23T04:45:13.755+0000] {logging_mixin.py:190} INFO - [2024-10-23T04:45:13.755+0000] {dag.py:3239} INFO - Sync 1 DAGs
[2024-10-23T04:45:13.770+0000] {logging_mixin.py:190} INFO - [2024-10-23T04:45:13.770+0000] {dag.py:4180} INFO - Setting next_dagrun for example_dynamic_task_mapping to None, run_after=None
[2024-10-23T04:45:13.783+0000] {processor.py:208} INFO - Processing /home/airflow/.local/lib/python3.12/site-packages/airflow/example_dags/example_dynamic_task_mapping.py took 0.068 seconds
[2024-10-23T07:11:52.225+0000] {processor.py:186} INFO - Started process (PID=34442) to work on /home/airflow/.local/lib/python3.12/site-packages/airflow/example_dags/example_dynamic_task_mapping.py
[2024-10-23T07:11:52.226+0000] {processor.py:914} INFO - Processing file /home/airflow/.local/lib/python3.12/site-packages/airflow/example_dags/example_dynamic_task_mapping.py for tasks to queue
[2024-10-23T07:11:52.228+0000] {logging_mixin.py:190} INFO - [2024-10-23T07:11:52.228+0000] {dagbag.py:588} INFO - Filling up the DagBag from /home/airflow/.local/lib/python3.12/site-packages/airflow/example_dags/example_dynamic_task_mapping.py
[2024-10-23T07:11:52.243+0000] {processor.py:925} INFO - DAG(s) 'example_dynamic_task_mapping' retrieved from /home/airflow/.local/lib/python3.12/site-packages/airflow/example_dags/example_dynamic_task_mapping.py
[2024-10-23T07:11:52.258+0000] {logging_mixin.py:190} INFO - [2024-10-23T07:11:52.258+0000] {dag.py:3239} INFO - Sync 1 DAGs
[2024-10-23T07:11:52.269+0000] {logging_mixin.py:190} INFO - [2024-10-23T07:11:52.269+0000] {dag.py:4180} INFO - Setting next_dagrun for example_dynamic_task_mapping to None, run_after=None
[2024-10-23T07:11:52.288+0000] {processor.py:208} INFO - Processing /home/airflow/.local/lib/python3.12/site-packages/airflow/example_dags/example_dynamic_task_mapping.py took 0.070 seconds
[2024-10-23T07:12:22.623+0000] {processor.py:186} INFO - Started process (PID=34505) to work on /home/airflow/.local/lib/python3.12/site-packages/airflow/example_dags/example_dynamic_task_mapping.py
[2024-10-23T07:12:22.624+0000] {processor.py:914} INFO - Processing file /home/airflow/.local/lib/python3.12/site-packages/airflow/example_dags/example_dynamic_task_mapping.py for tasks to queue
[2024-10-23T07:12:22.625+0000] {logging_mixin.py:190} INFO - [2024-10-23T07:12:22.625+0000] {dagbag.py:588} INFO - Filling up the DagBag from /home/airflow/.local/lib/python3.12/site-packages/airflow/example_dags/example_dynamic_task_mapping.py
[2024-10-23T07:12:22.632+0000] {processor.py:925} INFO - DAG(s) 'example_dynamic_task_mapping' retrieved from /home/airflow/.local/lib/python3.12/site-packages/airflow/example_dags/example_dynamic_task_mapping.py
[2024-10-23T07:12:22.652+0000] {logging_mixin.py:190} INFO - [2024-10-23T07:12:22.652+0000] {dag.py:3239} INFO - Sync 1 DAGs
[2024-10-23T07:12:22.668+0000] {logging_mixin.py:190} INFO - [2024-10-23T07:12:22.668+0000] {dag.py:4180} INFO - Setting next_dagrun for example_dynamic_task_mapping to None, run_after=None
[2024-10-23T07:12:22.684+0000] {processor.py:208} INFO - Processing /home/airflow/.local/lib/python3.12/site-packages/airflow/example_dags/example_dynamic_task_mapping.py took 0.065 seconds
[2024-10-23T07:12:53.476+0000] {processor.py:186} INFO - Started process (PID=34568) to work on /home/airflow/.local/lib/python3.12/site-packages/airflow/example_dags/example_dynamic_task_mapping.py
[2024-10-23T07:12:53.477+0000] {processor.py:914} INFO - Processing file /home/airflow/.local/lib/python3.12/site-packages/airflow/example_dags/example_dynamic_task_mapping.py for tasks to queue
[2024-10-23T07:12:53.478+0000] {logging_mixin.py:190} INFO - [2024-10-23T07:12:53.478+0000] {dagbag.py:588} INFO - Filling up the DagBag from /home/airflow/.local/lib/python3.12/site-packages/airflow/example_dags/example_dynamic_task_mapping.py
[2024-10-23T07:12:53.491+0000] {processor.py:925} INFO - DAG(s) 'example_dynamic_task_mapping' retrieved from /home/airflow/.local/lib/python3.12/site-packages/airflow/example_dags/example_dynamic_task_mapping.py
[2024-10-23T07:12:53.518+0000] {logging_mixin.py:190} INFO - [2024-10-23T07:12:53.517+0000] {dag.py:3239} INFO - Sync 1 DAGs
[2024-10-23T07:12:53.534+0000] {logging_mixin.py:190} INFO - [2024-10-23T07:12:53.533+0000] {dag.py:4180} INFO - Setting next_dagrun for example_dynamic_task_mapping to None, run_after=None
[2024-10-23T07:12:53.555+0000] {processor.py:208} INFO - Processing /home/airflow/.local/lib/python3.12/site-packages/airflow/example_dags/example_dynamic_task_mapping.py took 0.090 seconds
[2024-10-23T07:13:24.406+0000] {processor.py:186} INFO - Started process (PID=34631) to work on /home/airflow/.local/lib/python3.12/site-packages/airflow/example_dags/example_dynamic_task_mapping.py
[2024-10-23T07:13:24.409+0000] {processor.py:914} INFO - Processing file /home/airflow/.local/lib/python3.12/site-packages/airflow/example_dags/example_dynamic_task_mapping.py for tasks to queue
[2024-10-23T07:13:24.411+0000] {logging_mixin.py:190} INFO - [2024-10-23T07:13:24.411+0000] {dagbag.py:588} INFO - Filling up the DagBag from /home/airflow/.local/lib/python3.12/site-packages/airflow/example_dags/example_dynamic_task_mapping.py
[2024-10-23T07:13:24.421+0000] {processor.py:925} INFO - DAG(s) 'example_dynamic_task_mapping' retrieved from /home/airflow/.local/lib/python3.12/site-packages/airflow/example_dags/example_dynamic_task_mapping.py
[2024-10-23T07:13:24.440+0000] {logging_mixin.py:190} INFO - [2024-10-23T07:13:24.440+0000] {dag.py:3239} INFO - Sync 1 DAGs
[2024-10-23T07:13:24.615+0000] {logging_mixin.py:190} INFO - [2024-10-23T07:13:24.615+0000] {dag.py:4180} INFO - Setting next_dagrun for example_dynamic_task_mapping to None, run_after=None
[2024-10-23T07:13:24.635+0000] {processor.py:208} INFO - Processing /home/airflow/.local/lib/python3.12/site-packages/airflow/example_dags/example_dynamic_task_mapping.py took 0.233 seconds
[2024-10-23T07:13:55.257+0000] {processor.py:186} INFO - Started process (PID=34694) to work on /home/airflow/.local/lib/python3.12/site-packages/airflow/example_dags/example_dynamic_task_mapping.py
[2024-10-23T07:13:55.258+0000] {processor.py:914} INFO - Processing file /home/airflow/.local/lib/python3.12/site-packages/airflow/example_dags/example_dynamic_task_mapping.py for tasks to queue
[2024-10-23T07:13:55.259+0000] {logging_mixin.py:190} INFO - [2024-10-23T07:13:55.259+0000] {dagbag.py:588} INFO - Filling up the DagBag from /home/airflow/.local/lib/python3.12/site-packages/airflow/example_dags/example_dynamic_task_mapping.py
[2024-10-23T07:13:55.266+0000] {processor.py:925} INFO - DAG(s) 'example_dynamic_task_mapping' retrieved from /home/airflow/.local/lib/python3.12/site-packages/airflow/example_dags/example_dynamic_task_mapping.py
[2024-10-23T07:13:55.286+0000] {logging_mixin.py:190} INFO - [2024-10-23T07:13:55.286+0000] {dag.py:3239} INFO - Sync 1 DAGs
[2024-10-23T07:13:55.299+0000] {logging_mixin.py:190} INFO - [2024-10-23T07:13:55.299+0000] {dag.py:4180} INFO - Setting next_dagrun for example_dynamic_task_mapping to None, run_after=None
[2024-10-23T07:13:55.443+0000] {processor.py:208} INFO - Processing /home/airflow/.local/lib/python3.12/site-packages/airflow/example_dags/example_dynamic_task_mapping.py took 0.192 seconds
[2024-10-23T07:14:26.611+0000] {processor.py:186} INFO - Started process (PID=34757) to work on /home/airflow/.local/lib/python3.12/site-packages/airflow/example_dags/example_dynamic_task_mapping.py
[2024-10-23T07:14:26.612+0000] {processor.py:914} INFO - Processing file /home/airflow/.local/lib/python3.12/site-packages/airflow/example_dags/example_dynamic_task_mapping.py for tasks to queue
[2024-10-23T07:14:26.614+0000] {logging_mixin.py:190} INFO - [2024-10-23T07:14:26.614+0000] {dagbag.py:588} INFO - Filling up the DagBag from /home/airflow/.local/lib/python3.12/site-packages/airflow/example_dags/example_dynamic_task_mapping.py
[2024-10-23T07:14:26.631+0000] {processor.py:925} INFO - DAG(s) 'example_dynamic_task_mapping' retrieved from /home/airflow/.local/lib/python3.12/site-packages/airflow/example_dags/example_dynamic_task_mapping.py
[2024-10-23T07:14:26.660+0000] {logging_mixin.py:190} INFO - [2024-10-23T07:14:26.660+0000] {dag.py:3239} INFO - Sync 1 DAGs
[2024-10-23T07:14:26.686+0000] {logging_mixin.py:190} INFO - [2024-10-23T07:14:26.685+0000] {dag.py:4180} INFO - Setting next_dagrun for example_dynamic_task_mapping to None, run_after=None
[2024-10-23T07:14:26.709+0000] {processor.py:208} INFO - Processing /home/airflow/.local/lib/python3.12/site-packages/airflow/example_dags/example_dynamic_task_mapping.py took 0.106 seconds
[2024-10-23T07:14:57.394+0000] {processor.py:186} INFO - Started process (PID=34820) to work on /home/airflow/.local/lib/python3.12/site-packages/airflow/example_dags/example_dynamic_task_mapping.py
[2024-10-23T07:14:57.396+0000] {processor.py:914} INFO - Processing file /home/airflow/.local/lib/python3.12/site-packages/airflow/example_dags/example_dynamic_task_mapping.py for tasks to queue
[2024-10-23T07:14:57.398+0000] {logging_mixin.py:190} INFO - [2024-10-23T07:14:57.397+0000] {dagbag.py:588} INFO - Filling up the DagBag from /home/airflow/.local/lib/python3.12/site-packages/airflow/example_dags/example_dynamic_task_mapping.py
[2024-10-23T07:14:57.408+0000] {processor.py:925} INFO - DAG(s) 'example_dynamic_task_mapping' retrieved from /home/airflow/.local/lib/python3.12/site-packages/airflow/example_dags/example_dynamic_task_mapping.py
[2024-10-23T07:14:57.429+0000] {logging_mixin.py:190} INFO - [2024-10-23T07:14:57.429+0000] {dag.py:3239} INFO - Sync 1 DAGs
[2024-10-23T07:14:57.441+0000] {logging_mixin.py:190} INFO - [2024-10-23T07:14:57.440+0000] {dag.py:4180} INFO - Setting next_dagrun for example_dynamic_task_mapping to None, run_after=None
[2024-10-23T07:14:57.454+0000] {processor.py:208} INFO - Processing /home/airflow/.local/lib/python3.12/site-packages/airflow/example_dags/example_dynamic_task_mapping.py took 0.079 seconds
[2024-10-23T07:15:27.699+0000] {processor.py:186} INFO - Started process (PID=34882) to work on /home/airflow/.local/lib/python3.12/site-packages/airflow/example_dags/example_dynamic_task_mapping.py
[2024-10-23T07:15:27.701+0000] {processor.py:914} INFO - Processing file /home/airflow/.local/lib/python3.12/site-packages/airflow/example_dags/example_dynamic_task_mapping.py for tasks to queue
[2024-10-23T07:15:27.704+0000] {logging_mixin.py:190} INFO - [2024-10-23T07:15:27.704+0000] {dagbag.py:588} INFO - Filling up the DagBag from /home/airflow/.local/lib/python3.12/site-packages/airflow/example_dags/example_dynamic_task_mapping.py
[2024-10-23T07:15:27.722+0000] {processor.py:925} INFO - DAG(s) 'example_dynamic_task_mapping' retrieved from /home/airflow/.local/lib/python3.12/site-packages/airflow/example_dags/example_dynamic_task_mapping.py
[2024-10-23T07:15:27.995+0000] {logging_mixin.py:190} INFO - [2024-10-23T07:15:27.994+0000] {dag.py:3239} INFO - Sync 1 DAGs
[2024-10-23T07:15:28.005+0000] {logging_mixin.py:190} INFO - [2024-10-23T07:15:28.005+0000] {dag.py:4180} INFO - Setting next_dagrun for example_dynamic_task_mapping to None, run_after=None
[2024-10-23T07:15:28.025+0000] {processor.py:208} INFO - Processing /home/airflow/.local/lib/python3.12/site-packages/airflow/example_dags/example_dynamic_task_mapping.py took 0.342 seconds
[2024-10-23T07:15:58.847+0000] {processor.py:186} INFO - Started process (PID=34946) to work on /home/airflow/.local/lib/python3.12/site-packages/airflow/example_dags/example_dynamic_task_mapping.py
[2024-10-23T07:15:58.852+0000] {processor.py:914} INFO - Processing file /home/airflow/.local/lib/python3.12/site-packages/airflow/example_dags/example_dynamic_task_mapping.py for tasks to queue
[2024-10-23T07:15:58.852+0000] {logging_mixin.py:190} INFO - [2024-10-23T07:15:58.852+0000] {dagbag.py:588} INFO - Filling up the DagBag from /home/airflow/.local/lib/python3.12/site-packages/airflow/example_dags/example_dynamic_task_mapping.py
[2024-10-23T07:15:58.861+0000] {processor.py:925} INFO - DAG(s) 'example_dynamic_task_mapping' retrieved from /home/airflow/.local/lib/python3.12/site-packages/airflow/example_dags/example_dynamic_task_mapping.py
[2024-10-23T07:15:58.880+0000] {logging_mixin.py:190} INFO - [2024-10-23T07:15:58.880+0000] {dag.py:3239} INFO - Sync 1 DAGs
[2024-10-23T07:15:58.890+0000] {logging_mixin.py:190} INFO - [2024-10-23T07:15:58.889+0000] {dag.py:4180} INFO - Setting next_dagrun for example_dynamic_task_mapping to None, run_after=None
[2024-10-23T07:15:58.901+0000] {processor.py:208} INFO - Processing /home/airflow/.local/lib/python3.12/site-packages/airflow/example_dags/example_dynamic_task_mapping.py took 0.062 seconds
[2024-10-23T07:16:29.051+0000] {processor.py:186} INFO - Started process (PID=35009) to work on /home/airflow/.local/lib/python3.12/site-packages/airflow/example_dags/example_dynamic_task_mapping.py
[2024-10-23T07:16:29.052+0000] {processor.py:914} INFO - Processing file /home/airflow/.local/lib/python3.12/site-packages/airflow/example_dags/example_dynamic_task_mapping.py for tasks to queue
[2024-10-23T07:16:29.053+0000] {logging_mixin.py:190} INFO - [2024-10-23T07:16:29.052+0000] {dagbag.py:588} INFO - Filling up the DagBag from /home/airflow/.local/lib/python3.12/site-packages/airflow/example_dags/example_dynamic_task_mapping.py
[2024-10-23T07:16:29.060+0000] {processor.py:925} INFO - DAG(s) 'example_dynamic_task_mapping' retrieved from /home/airflow/.local/lib/python3.12/site-packages/airflow/example_dags/example_dynamic_task_mapping.py
[2024-10-23T07:16:29.076+0000] {logging_mixin.py:190} INFO - [2024-10-23T07:16:29.075+0000] {dag.py:3239} INFO - Sync 1 DAGs
[2024-10-23T07:16:29.087+0000] {logging_mixin.py:190} INFO - [2024-10-23T07:16:29.086+0000] {dag.py:4180} INFO - Setting next_dagrun for example_dynamic_task_mapping to None, run_after=None
[2024-10-23T07:16:29.101+0000] {processor.py:208} INFO - Processing /home/airflow/.local/lib/python3.12/site-packages/airflow/example_dags/example_dynamic_task_mapping.py took 0.056 seconds
[2024-10-23T07:16:59.261+0000] {processor.py:186} INFO - Started process (PID=35072) to work on /home/airflow/.local/lib/python3.12/site-packages/airflow/example_dags/example_dynamic_task_mapping.py
[2024-10-23T07:16:59.266+0000] {processor.py:914} INFO - Processing file /home/airflow/.local/lib/python3.12/site-packages/airflow/example_dags/example_dynamic_task_mapping.py for tasks to queue
[2024-10-23T07:16:59.268+0000] {logging_mixin.py:190} INFO - [2024-10-23T07:16:59.268+0000] {dagbag.py:588} INFO - Filling up the DagBag from /home/airflow/.local/lib/python3.12/site-packages/airflow/example_dags/example_dynamic_task_mapping.py
[2024-10-23T07:16:59.292+0000] {processor.py:925} INFO - DAG(s) 'example_dynamic_task_mapping' retrieved from /home/airflow/.local/lib/python3.12/site-packages/airflow/example_dags/example_dynamic_task_mapping.py
[2024-10-23T07:16:59.314+0000] {logging_mixin.py:190} INFO - [2024-10-23T07:16:59.314+0000] {dag.py:3239} INFO - Sync 1 DAGs
[2024-10-23T07:16:59.327+0000] {logging_mixin.py:190} INFO - [2024-10-23T07:16:59.326+0000] {dag.py:4180} INFO - Setting next_dagrun for example_dynamic_task_mapping to None, run_after=None
[2024-10-23T07:16:59.338+0000] {processor.py:208} INFO - Processing /home/airflow/.local/lib/python3.12/site-packages/airflow/example_dags/example_dynamic_task_mapping.py took 0.087 seconds
[2024-10-23T07:17:29.424+0000] {processor.py:186} INFO - Started process (PID=35134) to work on /home/airflow/.local/lib/python3.12/site-packages/airflow/example_dags/example_dynamic_task_mapping.py
[2024-10-23T07:17:29.426+0000] {processor.py:914} INFO - Processing file /home/airflow/.local/lib/python3.12/site-packages/airflow/example_dags/example_dynamic_task_mapping.py for tasks to queue
[2024-10-23T07:17:29.427+0000] {logging_mixin.py:190} INFO - [2024-10-23T07:17:29.427+0000] {dagbag.py:588} INFO - Filling up the DagBag from /home/airflow/.local/lib/python3.12/site-packages/airflow/example_dags/example_dynamic_task_mapping.py
[2024-10-23T07:17:29.436+0000] {processor.py:925} INFO - DAG(s) 'example_dynamic_task_mapping' retrieved from /home/airflow/.local/lib/python3.12/site-packages/airflow/example_dags/example_dynamic_task_mapping.py
[2024-10-23T07:17:29.455+0000] {logging_mixin.py:190} INFO - [2024-10-23T07:17:29.455+0000] {dag.py:3239} INFO - Sync 1 DAGs
[2024-10-23T07:17:29.466+0000] {logging_mixin.py:190} INFO - [2024-10-23T07:17:29.466+0000] {dag.py:4180} INFO - Setting next_dagrun for example_dynamic_task_mapping to None, run_after=None
[2024-10-23T07:17:29.478+0000] {processor.py:208} INFO - Processing /home/airflow/.local/lib/python3.12/site-packages/airflow/example_dags/example_dynamic_task_mapping.py took 0.067 seconds
[2024-10-23T07:17:59.954+0000] {processor.py:186} INFO - Started process (PID=35198) to work on /home/airflow/.local/lib/python3.12/site-packages/airflow/example_dags/example_dynamic_task_mapping.py
[2024-10-23T07:17:59.957+0000] {processor.py:914} INFO - Processing file /home/airflow/.local/lib/python3.12/site-packages/airflow/example_dags/example_dynamic_task_mapping.py for tasks to queue
[2024-10-23T07:17:59.958+0000] {logging_mixin.py:190} INFO - [2024-10-23T07:17:59.958+0000] {dagbag.py:588} INFO - Filling up the DagBag from /home/airflow/.local/lib/python3.12/site-packages/airflow/example_dags/example_dynamic_task_mapping.py
[2024-10-23T07:17:59.971+0000] {processor.py:925} INFO - DAG(s) 'example_dynamic_task_mapping' retrieved from /home/airflow/.local/lib/python3.12/site-packages/airflow/example_dags/example_dynamic_task_mapping.py
[2024-10-23T07:17:59.987+0000] {logging_mixin.py:190} INFO - [2024-10-23T07:17:59.987+0000] {dag.py:3239} INFO - Sync 1 DAGs
[2024-10-23T07:17:59.999+0000] {logging_mixin.py:190} INFO - [2024-10-23T07:17:59.999+0000] {dag.py:4180} INFO - Setting next_dagrun for example_dynamic_task_mapping to None, run_after=None
[2024-10-23T07:18:00.014+0000] {processor.py:208} INFO - Processing /home/airflow/.local/lib/python3.12/site-packages/airflow/example_dags/example_dynamic_task_mapping.py took 0.076 seconds
[2024-10-23T07:18:30.612+0000] {processor.py:186} INFO - Started process (PID=35261) to work on /home/airflow/.local/lib/python3.12/site-packages/airflow/example_dags/example_dynamic_task_mapping.py
[2024-10-23T07:18:30.613+0000] {processor.py:914} INFO - Processing file /home/airflow/.local/lib/python3.12/site-packages/airflow/example_dags/example_dynamic_task_mapping.py for tasks to queue
[2024-10-23T07:18:30.615+0000] {logging_mixin.py:190} INFO - [2024-10-23T07:18:30.614+0000] {dagbag.py:588} INFO - Filling up the DagBag from /home/airflow/.local/lib/python3.12/site-packages/airflow/example_dags/example_dynamic_task_mapping.py
[2024-10-23T07:18:30.624+0000] {processor.py:925} INFO - DAG(s) 'example_dynamic_task_mapping' retrieved from /home/airflow/.local/lib/python3.12/site-packages/airflow/example_dags/example_dynamic_task_mapping.py
[2024-10-23T07:18:30.645+0000] {logging_mixin.py:190} INFO - [2024-10-23T07:18:30.645+0000] {dag.py:3239} INFO - Sync 1 DAGs
[2024-10-23T07:18:30.655+0000] {logging_mixin.py:190} INFO - [2024-10-23T07:18:30.655+0000] {dag.py:4180} INFO - Setting next_dagrun for example_dynamic_task_mapping to None, run_after=None
[2024-10-23T07:18:30.669+0000] {processor.py:208} INFO - Processing /home/airflow/.local/lib/python3.12/site-packages/airflow/example_dags/example_dynamic_task_mapping.py took 0.062 seconds
[2024-10-23T07:19:01.143+0000] {processor.py:186} INFO - Started process (PID=35324) to work on /home/airflow/.local/lib/python3.12/site-packages/airflow/example_dags/example_dynamic_task_mapping.py
[2024-10-23T07:19:01.144+0000] {processor.py:914} INFO - Processing file /home/airflow/.local/lib/python3.12/site-packages/airflow/example_dags/example_dynamic_task_mapping.py for tasks to queue
[2024-10-23T07:19:01.146+0000] {logging_mixin.py:190} INFO - [2024-10-23T07:19:01.145+0000] {dagbag.py:588} INFO - Filling up the DagBag from /home/airflow/.local/lib/python3.12/site-packages/airflow/example_dags/example_dynamic_task_mapping.py
[2024-10-23T07:19:01.159+0000] {processor.py:925} INFO - DAG(s) 'example_dynamic_task_mapping' retrieved from /home/airflow/.local/lib/python3.12/site-packages/airflow/example_dags/example_dynamic_task_mapping.py
[2024-10-23T07:19:01.185+0000] {logging_mixin.py:190} INFO - [2024-10-23T07:19:01.184+0000] {dag.py:3239} INFO - Sync 1 DAGs
[2024-10-23T07:19:01.200+0000] {logging_mixin.py:190} INFO - [2024-10-23T07:19:01.200+0000] {dag.py:4180} INFO - Setting next_dagrun for example_dynamic_task_mapping to None, run_after=None
[2024-10-23T07:19:01.213+0000] {processor.py:208} INFO - Processing /home/airflow/.local/lib/python3.12/site-packages/airflow/example_dags/example_dynamic_task_mapping.py took 0.078 seconds
[2024-10-23T07:19:31.730+0000] {processor.py:186} INFO - Started process (PID=35390) to work on /home/airflow/.local/lib/python3.12/site-packages/airflow/example_dags/example_dynamic_task_mapping.py
[2024-10-23T07:19:31.732+0000] {processor.py:914} INFO - Processing file /home/airflow/.local/lib/python3.12/site-packages/airflow/example_dags/example_dynamic_task_mapping.py for tasks to queue
[2024-10-23T07:19:31.734+0000] {logging_mixin.py:190} INFO - [2024-10-23T07:19:31.734+0000] {dagbag.py:588} INFO - Filling up the DagBag from /home/airflow/.local/lib/python3.12/site-packages/airflow/example_dags/example_dynamic_task_mapping.py
[2024-10-23T07:19:31.747+0000] {processor.py:925} INFO - DAG(s) 'example_dynamic_task_mapping' retrieved from /home/airflow/.local/lib/python3.12/site-packages/airflow/example_dags/example_dynamic_task_mapping.py
[2024-10-23T07:19:31.789+0000] {logging_mixin.py:190} INFO - [2024-10-23T07:19:31.788+0000] {dag.py:3239} INFO - Sync 1 DAGs
[2024-10-23T07:19:31.823+0000] {logging_mixin.py:190} INFO - [2024-10-23T07:19:31.822+0000] {dag.py:4180} INFO - Setting next_dagrun for example_dynamic_task_mapping to None, run_after=None
[2024-10-23T07:19:31.847+0000] {processor.py:208} INFO - Processing /home/airflow/.local/lib/python3.12/site-packages/airflow/example_dags/example_dynamic_task_mapping.py took 0.133 seconds
