[2024-10-23T02:32:08.298+0000] {processor.py:186} INFO - Started process (PID=13756) to work on /home/airflow/.local/lib/python3.12/site-packages/airflow/example_dags/example_kubernetes_executor.py
[2024-10-23T02:32:08.299+0000] {processor.py:914} INFO - Processing file /home/airflow/.local/lib/python3.12/site-packages/airflow/example_dags/example_kubernetes_executor.py for tasks to queue
[2024-10-23T02:32:08.301+0000] {logging_mixin.py:190} INFO - [2024-10-23T02:32:08.301+0000] {dagbag.py:588} INFO - Filling up the DagBag from /home/airflow/.local/lib/python3.12/site-packages/airflow/example_dags/example_kubernetes_executor.py
[2024-10-23T02:32:08.315+0000] {processor.py:925} INFO - DAG(s) 'example_kubernetes_executor' retrieved from /home/airflow/.local/lib/python3.12/site-packages/airflow/example_dags/example_kubernetes_executor.py
[2024-10-23T02:32:08.348+0000] {logging_mixin.py:190} INFO - [2024-10-23T02:32:08.348+0000] {dag.py:3239} INFO - Sync 1 DAGs
[2024-10-23T02:32:08.360+0000] {logging_mixin.py:190} INFO - [2024-10-23T02:32:08.360+0000] {dag.py:4180} INFO - Setting next_dagrun for example_kubernetes_executor to None, run_after=None
[2024-10-23T02:32:08.376+0000] {processor.py:208} INFO - Processing /home/airflow/.local/lib/python3.12/site-packages/airflow/example_dags/example_kubernetes_executor.py took 0.082 seconds
[2024-10-23T04:23:45.983+0000] {processor.py:186} INFO - Started process (PID=13819) to work on /home/airflow/.local/lib/python3.12/site-packages/airflow/example_dags/example_kubernetes_executor.py
[2024-10-23T04:23:45.984+0000] {processor.py:914} INFO - Processing file /home/airflow/.local/lib/python3.12/site-packages/airflow/example_dags/example_kubernetes_executor.py for tasks to queue
[2024-10-23T04:23:45.985+0000] {logging_mixin.py:190} INFO - [2024-10-23T04:23:45.985+0000] {dagbag.py:588} INFO - Filling up the DagBag from /home/airflow/.local/lib/python3.12/site-packages/airflow/example_dags/example_kubernetes_executor.py
[2024-10-23T04:23:46.005+0000] {processor.py:925} INFO - DAG(s) 'example_kubernetes_executor' retrieved from /home/airflow/.local/lib/python3.12/site-packages/airflow/example_dags/example_kubernetes_executor.py
[2024-10-23T04:23:46.051+0000] {logging_mixin.py:190} INFO - [2024-10-23T04:23:46.051+0000] {dag.py:3239} INFO - Sync 1 DAGs
[2024-10-23T04:23:46.065+0000] {logging_mixin.py:190} INFO - [2024-10-23T04:23:46.064+0000] {dag.py:4180} INFO - Setting next_dagrun for example_kubernetes_executor to None, run_after=None
[2024-10-23T04:23:46.077+0000] {processor.py:208} INFO - Processing /home/airflow/.local/lib/python3.12/site-packages/airflow/example_dags/example_kubernetes_executor.py took 0.099 seconds
[2024-10-23T04:24:17.347+0000] {processor.py:186} INFO - Started process (PID=13882) to work on /home/airflow/.local/lib/python3.12/site-packages/airflow/example_dags/example_kubernetes_executor.py
[2024-10-23T04:24:17.349+0000] {processor.py:914} INFO - Processing file /home/airflow/.local/lib/python3.12/site-packages/airflow/example_dags/example_kubernetes_executor.py for tasks to queue
[2024-10-23T04:24:17.350+0000] {logging_mixin.py:190} INFO - [2024-10-23T04:24:17.350+0000] {dagbag.py:588} INFO - Filling up the DagBag from /home/airflow/.local/lib/python3.12/site-packages/airflow/example_dags/example_kubernetes_executor.py
[2024-10-23T04:24:17.365+0000] {processor.py:925} INFO - DAG(s) 'example_kubernetes_executor' retrieved from /home/airflow/.local/lib/python3.12/site-packages/airflow/example_dags/example_kubernetes_executor.py
[2024-10-23T04:24:17.407+0000] {logging_mixin.py:190} INFO - [2024-10-23T04:24:17.407+0000] {dag.py:3239} INFO - Sync 1 DAGs
[2024-10-23T04:24:17.423+0000] {logging_mixin.py:190} INFO - [2024-10-23T04:24:17.423+0000] {dag.py:4180} INFO - Setting next_dagrun for example_kubernetes_executor to None, run_after=None
[2024-10-23T04:24:17.445+0000] {processor.py:208} INFO - Processing /home/airflow/.local/lib/python3.12/site-packages/airflow/example_dags/example_kubernetes_executor.py took 0.105 seconds
[2024-10-23T04:24:47.805+0000] {processor.py:186} INFO - Started process (PID=13945) to work on /home/airflow/.local/lib/python3.12/site-packages/airflow/example_dags/example_kubernetes_executor.py
[2024-10-23T04:24:47.806+0000] {processor.py:914} INFO - Processing file /home/airflow/.local/lib/python3.12/site-packages/airflow/example_dags/example_kubernetes_executor.py for tasks to queue
[2024-10-23T04:24:47.807+0000] {logging_mixin.py:190} INFO - [2024-10-23T04:24:47.807+0000] {dagbag.py:588} INFO - Filling up the DagBag from /home/airflow/.local/lib/python3.12/site-packages/airflow/example_dags/example_kubernetes_executor.py
[2024-10-23T04:24:47.823+0000] {processor.py:925} INFO - DAG(s) 'example_kubernetes_executor' retrieved from /home/airflow/.local/lib/python3.12/site-packages/airflow/example_dags/example_kubernetes_executor.py
[2024-10-23T04:24:47.870+0000] {logging_mixin.py:190} INFO - [2024-10-23T04:24:47.870+0000] {dag.py:3239} INFO - Sync 1 DAGs
[2024-10-23T04:24:47.884+0000] {logging_mixin.py:190} INFO - [2024-10-23T04:24:47.884+0000] {dag.py:4180} INFO - Setting next_dagrun for example_kubernetes_executor to None, run_after=None
[2024-10-23T04:24:47.897+0000] {processor.py:208} INFO - Processing /home/airflow/.local/lib/python3.12/site-packages/airflow/example_dags/example_kubernetes_executor.py took 0.098 seconds
[2024-10-23T04:25:18.257+0000] {processor.py:186} INFO - Started process (PID=14008) to work on /home/airflow/.local/lib/python3.12/site-packages/airflow/example_dags/example_kubernetes_executor.py
[2024-10-23T04:25:18.258+0000] {processor.py:914} INFO - Processing file /home/airflow/.local/lib/python3.12/site-packages/airflow/example_dags/example_kubernetes_executor.py for tasks to queue
[2024-10-23T04:25:18.259+0000] {logging_mixin.py:190} INFO - [2024-10-23T04:25:18.259+0000] {dagbag.py:588} INFO - Filling up the DagBag from /home/airflow/.local/lib/python3.12/site-packages/airflow/example_dags/example_kubernetes_executor.py
[2024-10-23T04:25:18.274+0000] {processor.py:925} INFO - DAG(s) 'example_kubernetes_executor' retrieved from /home/airflow/.local/lib/python3.12/site-packages/airflow/example_dags/example_kubernetes_executor.py
[2024-10-23T04:25:18.311+0000] {logging_mixin.py:190} INFO - [2024-10-23T04:25:18.311+0000] {dag.py:3239} INFO - Sync 1 DAGs
[2024-10-23T04:25:18.324+0000] {logging_mixin.py:190} INFO - [2024-10-23T04:25:18.323+0000] {dag.py:4180} INFO - Setting next_dagrun for example_kubernetes_executor to None, run_after=None
[2024-10-23T04:25:18.335+0000] {processor.py:208} INFO - Processing /home/airflow/.local/lib/python3.12/site-packages/airflow/example_dags/example_kubernetes_executor.py took 0.082 seconds
[2024-10-23T04:25:48.859+0000] {processor.py:186} INFO - Started process (PID=14071) to work on /home/airflow/.local/lib/python3.12/site-packages/airflow/example_dags/example_kubernetes_executor.py
[2024-10-23T04:25:48.860+0000] {processor.py:914} INFO - Processing file /home/airflow/.local/lib/python3.12/site-packages/airflow/example_dags/example_kubernetes_executor.py for tasks to queue
[2024-10-23T04:25:48.860+0000] {logging_mixin.py:190} INFO - [2024-10-23T04:25:48.860+0000] {dagbag.py:588} INFO - Filling up the DagBag from /home/airflow/.local/lib/python3.12/site-packages/airflow/example_dags/example_kubernetes_executor.py
[2024-10-23T04:25:48.870+0000] {processor.py:925} INFO - DAG(s) 'example_kubernetes_executor' retrieved from /home/airflow/.local/lib/python3.12/site-packages/airflow/example_dags/example_kubernetes_executor.py
[2024-10-23T04:25:48.901+0000] {logging_mixin.py:190} INFO - [2024-10-23T04:25:48.900+0000] {dag.py:3239} INFO - Sync 1 DAGs
[2024-10-23T04:25:48.914+0000] {logging_mixin.py:190} INFO - [2024-10-23T04:25:48.914+0000] {dag.py:4180} INFO - Setting next_dagrun for example_kubernetes_executor to None, run_after=None
[2024-10-23T04:25:48.925+0000] {processor.py:208} INFO - Processing /home/airflow/.local/lib/python3.12/site-packages/airflow/example_dags/example_kubernetes_executor.py took 0.070 seconds
[2024-10-23T04:26:20.717+0000] {processor.py:186} INFO - Started process (PID=14134) to work on /home/airflow/.local/lib/python3.12/site-packages/airflow/example_dags/example_kubernetes_executor.py
[2024-10-23T04:26:20.718+0000] {processor.py:914} INFO - Processing file /home/airflow/.local/lib/python3.12/site-packages/airflow/example_dags/example_kubernetes_executor.py for tasks to queue
[2024-10-23T04:26:20.719+0000] {logging_mixin.py:190} INFO - [2024-10-23T04:26:20.719+0000] {dagbag.py:588} INFO - Filling up the DagBag from /home/airflow/.local/lib/python3.12/site-packages/airflow/example_dags/example_kubernetes_executor.py
[2024-10-23T04:26:20.730+0000] {processor.py:925} INFO - DAG(s) 'example_kubernetes_executor' retrieved from /home/airflow/.local/lib/python3.12/site-packages/airflow/example_dags/example_kubernetes_executor.py
[2024-10-23T04:26:20.765+0000] {logging_mixin.py:190} INFO - [2024-10-23T04:26:20.765+0000] {dag.py:3239} INFO - Sync 1 DAGs
[2024-10-23T04:26:20.779+0000] {logging_mixin.py:190} INFO - [2024-10-23T04:26:20.779+0000] {dag.py:4180} INFO - Setting next_dagrun for example_kubernetes_executor to None, run_after=None
[2024-10-23T04:26:20.794+0000] {processor.py:208} INFO - Processing /home/airflow/.local/lib/python3.12/site-packages/airflow/example_dags/example_kubernetes_executor.py took 0.082 seconds
[2024-10-23T04:26:51.175+0000] {processor.py:186} INFO - Started process (PID=14197) to work on /home/airflow/.local/lib/python3.12/site-packages/airflow/example_dags/example_kubernetes_executor.py
[2024-10-23T04:26:51.178+0000] {processor.py:914} INFO - Processing file /home/airflow/.local/lib/python3.12/site-packages/airflow/example_dags/example_kubernetes_executor.py for tasks to queue
[2024-10-23T04:26:51.179+0000] {logging_mixin.py:190} INFO - [2024-10-23T04:26:51.179+0000] {dagbag.py:588} INFO - Filling up the DagBag from /home/airflow/.local/lib/python3.12/site-packages/airflow/example_dags/example_kubernetes_executor.py
[2024-10-23T04:26:51.191+0000] {processor.py:925} INFO - DAG(s) 'example_kubernetes_executor' retrieved from /home/airflow/.local/lib/python3.12/site-packages/airflow/example_dags/example_kubernetes_executor.py
[2024-10-23T04:26:51.215+0000] {logging_mixin.py:190} INFO - [2024-10-23T04:26:51.215+0000] {dag.py:3239} INFO - Sync 1 DAGs
[2024-10-23T04:26:51.224+0000] {logging_mixin.py:190} INFO - [2024-10-23T04:26:51.224+0000] {dag.py:4180} INFO - Setting next_dagrun for example_kubernetes_executor to None, run_after=None
[2024-10-23T04:26:51.238+0000] {processor.py:208} INFO - Processing /home/airflow/.local/lib/python3.12/site-packages/airflow/example_dags/example_kubernetes_executor.py took 0.067 seconds
[2024-10-23T04:27:21.405+0000] {processor.py:186} INFO - Started process (PID=14260) to work on /home/airflow/.local/lib/python3.12/site-packages/airflow/example_dags/example_kubernetes_executor.py
[2024-10-23T04:27:21.407+0000] {processor.py:914} INFO - Processing file /home/airflow/.local/lib/python3.12/site-packages/airflow/example_dags/example_kubernetes_executor.py for tasks to queue
[2024-10-23T04:27:21.409+0000] {logging_mixin.py:190} INFO - [2024-10-23T04:27:21.408+0000] {dagbag.py:588} INFO - Filling up the DagBag from /home/airflow/.local/lib/python3.12/site-packages/airflow/example_dags/example_kubernetes_executor.py
[2024-10-23T04:27:21.424+0000] {processor.py:925} INFO - DAG(s) 'example_kubernetes_executor' retrieved from /home/airflow/.local/lib/python3.12/site-packages/airflow/example_dags/example_kubernetes_executor.py
[2024-10-23T04:27:21.455+0000] {logging_mixin.py:190} INFO - [2024-10-23T04:27:21.455+0000] {dag.py:3239} INFO - Sync 1 DAGs
[2024-10-23T04:27:21.464+0000] {logging_mixin.py:190} INFO - [2024-10-23T04:27:21.464+0000] {dag.py:4180} INFO - Setting next_dagrun for example_kubernetes_executor to None, run_after=None
[2024-10-23T04:27:21.478+0000] {processor.py:208} INFO - Processing /home/airflow/.local/lib/python3.12/site-packages/airflow/example_dags/example_kubernetes_executor.py took 0.078 seconds
[2024-10-23T04:27:53.203+0000] {processor.py:186} INFO - Started process (PID=14324) to work on /home/airflow/.local/lib/python3.12/site-packages/airflow/example_dags/example_kubernetes_executor.py
[2024-10-23T04:27:53.203+0000] {processor.py:914} INFO - Processing file /home/airflow/.local/lib/python3.12/site-packages/airflow/example_dags/example_kubernetes_executor.py for tasks to queue
[2024-10-23T04:27:53.204+0000] {logging_mixin.py:190} INFO - [2024-10-23T04:27:53.204+0000] {dagbag.py:588} INFO - Filling up the DagBag from /home/airflow/.local/lib/python3.12/site-packages/airflow/example_dags/example_kubernetes_executor.py
[2024-10-23T04:27:53.215+0000] {processor.py:925} INFO - DAG(s) 'example_kubernetes_executor' retrieved from /home/airflow/.local/lib/python3.12/site-packages/airflow/example_dags/example_kubernetes_executor.py
[2024-10-23T04:27:53.240+0000] {logging_mixin.py:190} INFO - [2024-10-23T04:27:53.240+0000] {dag.py:3239} INFO - Sync 1 DAGs
[2024-10-23T04:27:53.249+0000] {logging_mixin.py:190} INFO - [2024-10-23T04:27:53.248+0000] {dag.py:4180} INFO - Setting next_dagrun for example_kubernetes_executor to None, run_after=None
[2024-10-23T04:27:53.258+0000] {processor.py:208} INFO - Processing /home/airflow/.local/lib/python3.12/site-packages/airflow/example_dags/example_kubernetes_executor.py took 0.061 seconds
[2024-10-23T04:28:24.582+0000] {processor.py:186} INFO - Started process (PID=14387) to work on /home/airflow/.local/lib/python3.12/site-packages/airflow/example_dags/example_kubernetes_executor.py
[2024-10-23T04:28:24.583+0000] {processor.py:914} INFO - Processing file /home/airflow/.local/lib/python3.12/site-packages/airflow/example_dags/example_kubernetes_executor.py for tasks to queue
[2024-10-23T04:28:24.584+0000] {logging_mixin.py:190} INFO - [2024-10-23T04:28:24.584+0000] {dagbag.py:588} INFO - Filling up the DagBag from /home/airflow/.local/lib/python3.12/site-packages/airflow/example_dags/example_kubernetes_executor.py
[2024-10-23T04:28:24.603+0000] {processor.py:925} INFO - DAG(s) 'example_kubernetes_executor' retrieved from /home/airflow/.local/lib/python3.12/site-packages/airflow/example_dags/example_kubernetes_executor.py
[2024-10-23T04:28:24.706+0000] {logging_mixin.py:190} INFO - [2024-10-23T04:28:24.706+0000] {dag.py:3239} INFO - Sync 1 DAGs
[2024-10-23T04:28:24.729+0000] {logging_mixin.py:190} INFO - [2024-10-23T04:28:24.729+0000] {dag.py:4180} INFO - Setting next_dagrun for example_kubernetes_executor to None, run_after=None
[2024-10-23T04:28:24.745+0000] {processor.py:208} INFO - Processing /home/airflow/.local/lib/python3.12/site-packages/airflow/example_dags/example_kubernetes_executor.py took 0.173 seconds
[2024-10-23T04:28:55.338+0000] {processor.py:186} INFO - Started process (PID=14450) to work on /home/airflow/.local/lib/python3.12/site-packages/airflow/example_dags/example_kubernetes_executor.py
[2024-10-23T04:28:55.340+0000] {processor.py:914} INFO - Processing file /home/airflow/.local/lib/python3.12/site-packages/airflow/example_dags/example_kubernetes_executor.py for tasks to queue
[2024-10-23T04:28:55.341+0000] {logging_mixin.py:190} INFO - [2024-10-23T04:28:55.341+0000] {dagbag.py:588} INFO - Filling up the DagBag from /home/airflow/.local/lib/python3.12/site-packages/airflow/example_dags/example_kubernetes_executor.py
[2024-10-23T04:28:55.352+0000] {processor.py:925} INFO - DAG(s) 'example_kubernetes_executor' retrieved from /home/airflow/.local/lib/python3.12/site-packages/airflow/example_dags/example_kubernetes_executor.py
[2024-10-23T04:28:55.380+0000] {logging_mixin.py:190} INFO - [2024-10-23T04:28:55.380+0000] {dag.py:3239} INFO - Sync 1 DAGs
[2024-10-23T04:28:55.390+0000] {logging_mixin.py:190} INFO - [2024-10-23T04:28:55.390+0000] {dag.py:4180} INFO - Setting next_dagrun for example_kubernetes_executor to None, run_after=None
[2024-10-23T04:28:55.404+0000] {processor.py:208} INFO - Processing /home/airflow/.local/lib/python3.12/site-packages/airflow/example_dags/example_kubernetes_executor.py took 0.071 seconds
[2024-10-23T04:29:26.746+0000] {processor.py:186} INFO - Started process (PID=14513) to work on /home/airflow/.local/lib/python3.12/site-packages/airflow/example_dags/example_kubernetes_executor.py
[2024-10-23T04:29:26.748+0000] {processor.py:914} INFO - Processing file /home/airflow/.local/lib/python3.12/site-packages/airflow/example_dags/example_kubernetes_executor.py for tasks to queue
[2024-10-23T04:29:26.750+0000] {logging_mixin.py:190} INFO - [2024-10-23T04:29:26.749+0000] {dagbag.py:588} INFO - Filling up the DagBag from /home/airflow/.local/lib/python3.12/site-packages/airflow/example_dags/example_kubernetes_executor.py
[2024-10-23T04:29:26.770+0000] {processor.py:925} INFO - DAG(s) 'example_kubernetes_executor' retrieved from /home/airflow/.local/lib/python3.12/site-packages/airflow/example_dags/example_kubernetes_executor.py
[2024-10-23T04:29:26.831+0000] {logging_mixin.py:190} INFO - [2024-10-23T04:29:26.830+0000] {dag.py:3239} INFO - Sync 1 DAGs
[2024-10-23T04:29:26.846+0000] {logging_mixin.py:190} INFO - [2024-10-23T04:29:26.846+0000] {dag.py:4180} INFO - Setting next_dagrun for example_kubernetes_executor to None, run_after=None
[2024-10-23T04:29:26.863+0000] {processor.py:208} INFO - Processing /home/airflow/.local/lib/python3.12/site-packages/airflow/example_dags/example_kubernetes_executor.py took 0.123 seconds
[2024-10-23T04:29:57.815+0000] {processor.py:186} INFO - Started process (PID=14576) to work on /home/airflow/.local/lib/python3.12/site-packages/airflow/example_dags/example_kubernetes_executor.py
[2024-10-23T04:29:57.817+0000] {processor.py:914} INFO - Processing file /home/airflow/.local/lib/python3.12/site-packages/airflow/example_dags/example_kubernetes_executor.py for tasks to queue
[2024-10-23T04:29:57.820+0000] {logging_mixin.py:190} INFO - [2024-10-23T04:29:57.819+0000] {dagbag.py:588} INFO - Filling up the DagBag from /home/airflow/.local/lib/python3.12/site-packages/airflow/example_dags/example_kubernetes_executor.py
[2024-10-23T04:29:57.842+0000] {processor.py:925} INFO - DAG(s) 'example_kubernetes_executor' retrieved from /home/airflow/.local/lib/python3.12/site-packages/airflow/example_dags/example_kubernetes_executor.py
[2024-10-23T04:29:57.885+0000] {logging_mixin.py:190} INFO - [2024-10-23T04:29:57.884+0000] {dag.py:3239} INFO - Sync 1 DAGs
[2024-10-23T04:29:57.901+0000] {logging_mixin.py:190} INFO - [2024-10-23T04:29:57.901+0000] {dag.py:4180} INFO - Setting next_dagrun for example_kubernetes_executor to None, run_after=None
[2024-10-23T04:29:57.915+0000] {processor.py:208} INFO - Processing /home/airflow/.local/lib/python3.12/site-packages/airflow/example_dags/example_kubernetes_executor.py took 0.107 seconds
[2024-10-23T04:30:28.591+0000] {processor.py:186} INFO - Started process (PID=14639) to work on /home/airflow/.local/lib/python3.12/site-packages/airflow/example_dags/example_kubernetes_executor.py
[2024-10-23T04:30:28.595+0000] {processor.py:914} INFO - Processing file /home/airflow/.local/lib/python3.12/site-packages/airflow/example_dags/example_kubernetes_executor.py for tasks to queue
[2024-10-23T04:30:28.601+0000] {logging_mixin.py:190} INFO - [2024-10-23T04:30:28.599+0000] {dagbag.py:588} INFO - Filling up the DagBag from /home/airflow/.local/lib/python3.12/site-packages/airflow/example_dags/example_kubernetes_executor.py
[2024-10-23T04:30:28.618+0000] {processor.py:925} INFO - DAG(s) 'example_kubernetes_executor' retrieved from /home/airflow/.local/lib/python3.12/site-packages/airflow/example_dags/example_kubernetes_executor.py
[2024-10-23T04:30:28.658+0000] {logging_mixin.py:190} INFO - [2024-10-23T04:30:28.658+0000] {dag.py:3239} INFO - Sync 1 DAGs
[2024-10-23T04:30:28.669+0000] {logging_mixin.py:190} INFO - [2024-10-23T04:30:28.669+0000] {dag.py:4180} INFO - Setting next_dagrun for example_kubernetes_executor to None, run_after=None
[2024-10-23T04:30:28.681+0000] {processor.py:208} INFO - Processing /home/airflow/.local/lib/python3.12/site-packages/airflow/example_dags/example_kubernetes_executor.py took 0.095 seconds
[2024-10-23T04:30:59.195+0000] {processor.py:186} INFO - Started process (PID=14702) to work on /home/airflow/.local/lib/python3.12/site-packages/airflow/example_dags/example_kubernetes_executor.py
[2024-10-23T04:30:59.197+0000] {processor.py:914} INFO - Processing file /home/airflow/.local/lib/python3.12/site-packages/airflow/example_dags/example_kubernetes_executor.py for tasks to queue
[2024-10-23T04:30:59.205+0000] {logging_mixin.py:190} INFO - [2024-10-23T04:30:59.205+0000] {dagbag.py:588} INFO - Filling up the DagBag from /home/airflow/.local/lib/python3.12/site-packages/airflow/example_dags/example_kubernetes_executor.py
[2024-10-23T04:30:59.227+0000] {processor.py:925} INFO - DAG(s) 'example_kubernetes_executor' retrieved from /home/airflow/.local/lib/python3.12/site-packages/airflow/example_dags/example_kubernetes_executor.py
[2024-10-23T04:30:59.306+0000] {logging_mixin.py:190} INFO - [2024-10-23T04:30:59.305+0000] {dag.py:3239} INFO - Sync 1 DAGs
[2024-10-23T04:30:59.330+0000] {logging_mixin.py:190} INFO - [2024-10-23T04:30:59.330+0000] {dag.py:4180} INFO - Setting next_dagrun for example_kubernetes_executor to None, run_after=None
[2024-10-23T04:30:59.347+0000] {processor.py:208} INFO - Processing /home/airflow/.local/lib/python3.12/site-packages/airflow/example_dags/example_kubernetes_executor.py took 0.160 seconds
[2024-10-23T04:31:29.965+0000] {processor.py:186} INFO - Started process (PID=14765) to work on /home/airflow/.local/lib/python3.12/site-packages/airflow/example_dags/example_kubernetes_executor.py
[2024-10-23T04:31:29.967+0000] {processor.py:914} INFO - Processing file /home/airflow/.local/lib/python3.12/site-packages/airflow/example_dags/example_kubernetes_executor.py for tasks to queue
[2024-10-23T04:31:29.968+0000] {logging_mixin.py:190} INFO - [2024-10-23T04:31:29.968+0000] {dagbag.py:588} INFO - Filling up the DagBag from /home/airflow/.local/lib/python3.12/site-packages/airflow/example_dags/example_kubernetes_executor.py
[2024-10-23T04:31:29.986+0000] {processor.py:925} INFO - DAG(s) 'example_kubernetes_executor' retrieved from /home/airflow/.local/lib/python3.12/site-packages/airflow/example_dags/example_kubernetes_executor.py
[2024-10-23T04:31:30.051+0000] {logging_mixin.py:190} INFO - [2024-10-23T04:31:30.050+0000] {dag.py:3239} INFO - Sync 1 DAGs
[2024-10-23T04:31:30.073+0000] {logging_mixin.py:190} INFO - [2024-10-23T04:31:30.072+0000] {dag.py:4180} INFO - Setting next_dagrun for example_kubernetes_executor to None, run_after=None
[2024-10-23T04:31:30.089+0000] {processor.py:208} INFO - Processing /home/airflow/.local/lib/python3.12/site-packages/airflow/example_dags/example_kubernetes_executor.py took 0.130 seconds
[2024-10-23T04:32:00.732+0000] {processor.py:186} INFO - Started process (PID=14827) to work on /home/airflow/.local/lib/python3.12/site-packages/airflow/example_dags/example_kubernetes_executor.py
[2024-10-23T04:32:00.733+0000] {processor.py:914} INFO - Processing file /home/airflow/.local/lib/python3.12/site-packages/airflow/example_dags/example_kubernetes_executor.py for tasks to queue
[2024-10-23T04:32:00.734+0000] {logging_mixin.py:190} INFO - [2024-10-23T04:32:00.734+0000] {dagbag.py:588} INFO - Filling up the DagBag from /home/airflow/.local/lib/python3.12/site-packages/airflow/example_dags/example_kubernetes_executor.py
[2024-10-23T04:32:00.744+0000] {processor.py:925} INFO - DAG(s) 'example_kubernetes_executor' retrieved from /home/airflow/.local/lib/python3.12/site-packages/airflow/example_dags/example_kubernetes_executor.py
[2024-10-23T04:32:00.771+0000] {logging_mixin.py:190} INFO - [2024-10-23T04:32:00.770+0000] {dag.py:3239} INFO - Sync 1 DAGs
[2024-10-23T04:32:00.781+0000] {logging_mixin.py:190} INFO - [2024-10-23T04:32:00.781+0000] {dag.py:4180} INFO - Setting next_dagrun for example_kubernetes_executor to None, run_after=None
[2024-10-23T04:32:00.792+0000] {processor.py:208} INFO - Processing /home/airflow/.local/lib/python3.12/site-packages/airflow/example_dags/example_kubernetes_executor.py took 0.064 seconds
[2024-10-23T04:32:32.099+0000] {processor.py:186} INFO - Started process (PID=14889) to work on /home/airflow/.local/lib/python3.12/site-packages/airflow/example_dags/example_kubernetes_executor.py
[2024-10-23T04:32:32.099+0000] {processor.py:914} INFO - Processing file /home/airflow/.local/lib/python3.12/site-packages/airflow/example_dags/example_kubernetes_executor.py for tasks to queue
[2024-10-23T04:32:32.100+0000] {logging_mixin.py:190} INFO - [2024-10-23T04:32:32.100+0000] {dagbag.py:588} INFO - Filling up the DagBag from /home/airflow/.local/lib/python3.12/site-packages/airflow/example_dags/example_kubernetes_executor.py
[2024-10-23T04:32:32.110+0000] {processor.py:925} INFO - DAG(s) 'example_kubernetes_executor' retrieved from /home/airflow/.local/lib/python3.12/site-packages/airflow/example_dags/example_kubernetes_executor.py
[2024-10-23T04:32:32.143+0000] {logging_mixin.py:190} INFO - [2024-10-23T04:32:32.143+0000] {dag.py:3239} INFO - Sync 1 DAGs
[2024-10-23T04:32:32.154+0000] {logging_mixin.py:190} INFO - [2024-10-23T04:32:32.154+0000] {dag.py:4180} INFO - Setting next_dagrun for example_kubernetes_executor to None, run_after=None
[2024-10-23T04:32:32.169+0000] {processor.py:208} INFO - Processing /home/airflow/.local/lib/python3.12/site-packages/airflow/example_dags/example_kubernetes_executor.py took 0.075 seconds
[2024-10-23T04:33:03.025+0000] {processor.py:186} INFO - Started process (PID=14952) to work on /home/airflow/.local/lib/python3.12/site-packages/airflow/example_dags/example_kubernetes_executor.py
[2024-10-23T04:33:03.025+0000] {processor.py:914} INFO - Processing file /home/airflow/.local/lib/python3.12/site-packages/airflow/example_dags/example_kubernetes_executor.py for tasks to queue
[2024-10-23T04:33:03.026+0000] {logging_mixin.py:190} INFO - [2024-10-23T04:33:03.026+0000] {dagbag.py:588} INFO - Filling up the DagBag from /home/airflow/.local/lib/python3.12/site-packages/airflow/example_dags/example_kubernetes_executor.py
[2024-10-23T04:33:03.037+0000] {processor.py:925} INFO - DAG(s) 'example_kubernetes_executor' retrieved from /home/airflow/.local/lib/python3.12/site-packages/airflow/example_dags/example_kubernetes_executor.py
[2024-10-23T04:33:03.062+0000] {logging_mixin.py:190} INFO - [2024-10-23T04:33:03.062+0000] {dag.py:3239} INFO - Sync 1 DAGs
[2024-10-23T04:33:03.071+0000] {logging_mixin.py:190} INFO - [2024-10-23T04:33:03.071+0000] {dag.py:4180} INFO - Setting next_dagrun for example_kubernetes_executor to None, run_after=None
[2024-10-23T04:33:03.084+0000] {processor.py:208} INFO - Processing /home/airflow/.local/lib/python3.12/site-packages/airflow/example_dags/example_kubernetes_executor.py took 0.064 seconds
[2024-10-23T04:33:33.899+0000] {processor.py:186} INFO - Started process (PID=15016) to work on /home/airflow/.local/lib/python3.12/site-packages/airflow/example_dags/example_kubernetes_executor.py
[2024-10-23T04:33:33.900+0000] {processor.py:914} INFO - Processing file /home/airflow/.local/lib/python3.12/site-packages/airflow/example_dags/example_kubernetes_executor.py for tasks to queue
[2024-10-23T04:33:33.901+0000] {logging_mixin.py:190} INFO - [2024-10-23T04:33:33.900+0000] {dagbag.py:588} INFO - Filling up the DagBag from /home/airflow/.local/lib/python3.12/site-packages/airflow/example_dags/example_kubernetes_executor.py
[2024-10-23T04:33:33.910+0000] {processor.py:925} INFO - DAG(s) 'example_kubernetes_executor' retrieved from /home/airflow/.local/lib/python3.12/site-packages/airflow/example_dags/example_kubernetes_executor.py
[2024-10-23T04:33:33.934+0000] {logging_mixin.py:190} INFO - [2024-10-23T04:33:33.934+0000] {dag.py:3239} INFO - Sync 1 DAGs
[2024-10-23T04:33:33.943+0000] {logging_mixin.py:190} INFO - [2024-10-23T04:33:33.943+0000] {dag.py:4180} INFO - Setting next_dagrun for example_kubernetes_executor to None, run_after=None
[2024-10-23T04:33:33.957+0000] {processor.py:208} INFO - Processing /home/airflow/.local/lib/python3.12/site-packages/airflow/example_dags/example_kubernetes_executor.py took 0.064 seconds
[2024-10-23T04:34:04.932+0000] {processor.py:186} INFO - Started process (PID=15079) to work on /home/airflow/.local/lib/python3.12/site-packages/airflow/example_dags/example_kubernetes_executor.py
[2024-10-23T04:34:04.936+0000] {processor.py:914} INFO - Processing file /home/airflow/.local/lib/python3.12/site-packages/airflow/example_dags/example_kubernetes_executor.py for tasks to queue
[2024-10-23T04:34:04.938+0000] {logging_mixin.py:190} INFO - [2024-10-23T04:34:04.938+0000] {dagbag.py:588} INFO - Filling up the DagBag from /home/airflow/.local/lib/python3.12/site-packages/airflow/example_dags/example_kubernetes_executor.py
[2024-10-23T04:34:04.948+0000] {processor.py:925} INFO - DAG(s) 'example_kubernetes_executor' retrieved from /home/airflow/.local/lib/python3.12/site-packages/airflow/example_dags/example_kubernetes_executor.py
[2024-10-23T04:34:04.975+0000] {logging_mixin.py:190} INFO - [2024-10-23T04:34:04.975+0000] {dag.py:3239} INFO - Sync 1 DAGs
[2024-10-23T04:34:04.987+0000] {logging_mixin.py:190} INFO - [2024-10-23T04:34:04.986+0000] {dag.py:4180} INFO - Setting next_dagrun for example_kubernetes_executor to None, run_after=None
[2024-10-23T04:34:05.008+0000] {processor.py:208} INFO - Processing /home/airflow/.local/lib/python3.12/site-packages/airflow/example_dags/example_kubernetes_executor.py took 0.080 seconds
[2024-10-23T04:34:36.553+0000] {processor.py:186} INFO - Started process (PID=15142) to work on /home/airflow/.local/lib/python3.12/site-packages/airflow/example_dags/example_kubernetes_executor.py
[2024-10-23T04:34:36.554+0000] {processor.py:914} INFO - Processing file /home/airflow/.local/lib/python3.12/site-packages/airflow/example_dags/example_kubernetes_executor.py for tasks to queue
[2024-10-23T04:34:36.555+0000] {logging_mixin.py:190} INFO - [2024-10-23T04:34:36.554+0000] {dagbag.py:588} INFO - Filling up the DagBag from /home/airflow/.local/lib/python3.12/site-packages/airflow/example_dags/example_kubernetes_executor.py
[2024-10-23T04:34:36.565+0000] {processor.py:925} INFO - DAG(s) 'example_kubernetes_executor' retrieved from /home/airflow/.local/lib/python3.12/site-packages/airflow/example_dags/example_kubernetes_executor.py
[2024-10-23T04:34:36.590+0000] {logging_mixin.py:190} INFO - [2024-10-23T04:34:36.589+0000] {dag.py:3239} INFO - Sync 1 DAGs
[2024-10-23T04:34:36.599+0000] {logging_mixin.py:190} INFO - [2024-10-23T04:34:36.599+0000] {dag.py:4180} INFO - Setting next_dagrun for example_kubernetes_executor to None, run_after=None
[2024-10-23T04:34:36.620+0000] {processor.py:208} INFO - Processing /home/airflow/.local/lib/python3.12/site-packages/airflow/example_dags/example_kubernetes_executor.py took 0.072 seconds
[2024-10-23T04:35:08.112+0000] {processor.py:186} INFO - Started process (PID=15205) to work on /home/airflow/.local/lib/python3.12/site-packages/airflow/example_dags/example_kubernetes_executor.py
[2024-10-23T04:35:08.113+0000] {processor.py:914} INFO - Processing file /home/airflow/.local/lib/python3.12/site-packages/airflow/example_dags/example_kubernetes_executor.py for tasks to queue
[2024-10-23T04:35:08.114+0000] {logging_mixin.py:190} INFO - [2024-10-23T04:35:08.114+0000] {dagbag.py:588} INFO - Filling up the DagBag from /home/airflow/.local/lib/python3.12/site-packages/airflow/example_dags/example_kubernetes_executor.py
[2024-10-23T04:35:08.127+0000] {processor.py:925} INFO - DAG(s) 'example_kubernetes_executor' retrieved from /home/airflow/.local/lib/python3.12/site-packages/airflow/example_dags/example_kubernetes_executor.py
[2024-10-23T04:35:08.151+0000] {logging_mixin.py:190} INFO - [2024-10-23T04:35:08.151+0000] {dag.py:3239} INFO - Sync 1 DAGs
[2024-10-23T04:35:08.162+0000] {logging_mixin.py:190} INFO - [2024-10-23T04:35:08.161+0000] {dag.py:4180} INFO - Setting next_dagrun for example_kubernetes_executor to None, run_after=None
[2024-10-23T04:35:08.178+0000] {processor.py:208} INFO - Processing /home/airflow/.local/lib/python3.12/site-packages/airflow/example_dags/example_kubernetes_executor.py took 0.070 seconds
[2024-10-23T04:35:40.375+0000] {processor.py:186} INFO - Started process (PID=15271) to work on /home/airflow/.local/lib/python3.12/site-packages/airflow/example_dags/example_kubernetes_executor.py
[2024-10-23T04:35:40.377+0000] {processor.py:914} INFO - Processing file /home/airflow/.local/lib/python3.12/site-packages/airflow/example_dags/example_kubernetes_executor.py for tasks to queue
[2024-10-23T04:35:40.379+0000] {logging_mixin.py:190} INFO - [2024-10-23T04:35:40.379+0000] {dagbag.py:588} INFO - Filling up the DagBag from /home/airflow/.local/lib/python3.12/site-packages/airflow/example_dags/example_kubernetes_executor.py
[2024-10-23T04:35:40.404+0000] {processor.py:925} INFO - DAG(s) 'example_kubernetes_executor' retrieved from /home/airflow/.local/lib/python3.12/site-packages/airflow/example_dags/example_kubernetes_executor.py
[2024-10-23T04:35:40.451+0000] {logging_mixin.py:190} INFO - [2024-10-23T04:35:40.450+0000] {dag.py:3239} INFO - Sync 1 DAGs
[2024-10-23T04:35:40.463+0000] {logging_mixin.py:190} INFO - [2024-10-23T04:35:40.463+0000] {dag.py:4180} INFO - Setting next_dagrun for example_kubernetes_executor to None, run_after=None
[2024-10-23T04:35:40.476+0000] {processor.py:208} INFO - Processing /home/airflow/.local/lib/python3.12/site-packages/airflow/example_dags/example_kubernetes_executor.py took 0.106 seconds
[2024-10-23T04:36:11.890+0000] {processor.py:186} INFO - Started process (PID=15336) to work on /home/airflow/.local/lib/python3.12/site-packages/airflow/example_dags/example_kubernetes_executor.py
[2024-10-23T04:36:11.892+0000] {processor.py:914} INFO - Processing file /home/airflow/.local/lib/python3.12/site-packages/airflow/example_dags/example_kubernetes_executor.py for tasks to queue
[2024-10-23T04:36:11.893+0000] {logging_mixin.py:190} INFO - [2024-10-23T04:36:11.893+0000] {dagbag.py:588} INFO - Filling up the DagBag from /home/airflow/.local/lib/python3.12/site-packages/airflow/example_dags/example_kubernetes_executor.py
[2024-10-23T04:36:11.908+0000] {processor.py:925} INFO - DAG(s) 'example_kubernetes_executor' retrieved from /home/airflow/.local/lib/python3.12/site-packages/airflow/example_dags/example_kubernetes_executor.py
[2024-10-23T04:36:11.945+0000] {logging_mixin.py:190} INFO - [2024-10-23T04:36:11.945+0000] {dag.py:3239} INFO - Sync 1 DAGs
[2024-10-23T04:36:11.957+0000] {logging_mixin.py:190} INFO - [2024-10-23T04:36:11.956+0000] {dag.py:4180} INFO - Setting next_dagrun for example_kubernetes_executor to None, run_after=None
[2024-10-23T04:36:11.972+0000] {processor.py:208} INFO - Processing /home/airflow/.local/lib/python3.12/site-packages/airflow/example_dags/example_kubernetes_executor.py took 0.088 seconds
[2024-10-23T04:36:43.026+0000] {processor.py:186} INFO - Started process (PID=15400) to work on /home/airflow/.local/lib/python3.12/site-packages/airflow/example_dags/example_kubernetes_executor.py
[2024-10-23T04:36:43.027+0000] {processor.py:914} INFO - Processing file /home/airflow/.local/lib/python3.12/site-packages/airflow/example_dags/example_kubernetes_executor.py for tasks to queue
[2024-10-23T04:36:43.027+0000] {logging_mixin.py:190} INFO - [2024-10-23T04:36:43.027+0000] {dagbag.py:588} INFO - Filling up the DagBag from /home/airflow/.local/lib/python3.12/site-packages/airflow/example_dags/example_kubernetes_executor.py
[2024-10-23T04:36:43.039+0000] {processor.py:925} INFO - DAG(s) 'example_kubernetes_executor' retrieved from /home/airflow/.local/lib/python3.12/site-packages/airflow/example_dags/example_kubernetes_executor.py
[2024-10-23T04:36:43.067+0000] {logging_mixin.py:190} INFO - [2024-10-23T04:36:43.066+0000] {dag.py:3239} INFO - Sync 1 DAGs
[2024-10-23T04:36:43.077+0000] {logging_mixin.py:190} INFO - [2024-10-23T04:36:43.077+0000] {dag.py:4180} INFO - Setting next_dagrun for example_kubernetes_executor to None, run_after=None
[2024-10-23T04:36:43.095+0000] {processor.py:208} INFO - Processing /home/airflow/.local/lib/python3.12/site-packages/airflow/example_dags/example_kubernetes_executor.py took 0.073 seconds
[2024-10-23T04:37:15.990+0000] {processor.py:186} INFO - Started process (PID=15463) to work on /home/airflow/.local/lib/python3.12/site-packages/airflow/example_dags/example_kubernetes_executor.py
[2024-10-23T04:37:15.994+0000] {processor.py:914} INFO - Processing file /home/airflow/.local/lib/python3.12/site-packages/airflow/example_dags/example_kubernetes_executor.py for tasks to queue
[2024-10-23T04:37:15.996+0000] {logging_mixin.py:190} INFO - [2024-10-23T04:37:15.995+0000] {dagbag.py:588} INFO - Filling up the DagBag from /home/airflow/.local/lib/python3.12/site-packages/airflow/example_dags/example_kubernetes_executor.py
[2024-10-23T04:37:16.016+0000] {processor.py:925} INFO - DAG(s) 'example_kubernetes_executor' retrieved from /home/airflow/.local/lib/python3.12/site-packages/airflow/example_dags/example_kubernetes_executor.py
[2024-10-23T04:37:16.060+0000] {logging_mixin.py:190} INFO - [2024-10-23T04:37:16.060+0000] {dag.py:3239} INFO - Sync 1 DAGs
[2024-10-23T04:37:16.082+0000] {logging_mixin.py:190} INFO - [2024-10-23T04:37:16.082+0000] {dag.py:4180} INFO - Setting next_dagrun for example_kubernetes_executor to None, run_after=None
[2024-10-23T04:37:16.100+0000] {processor.py:208} INFO - Processing /home/airflow/.local/lib/python3.12/site-packages/airflow/example_dags/example_kubernetes_executor.py took 0.133 seconds
[2024-10-23T04:37:48.024+0000] {processor.py:186} INFO - Started process (PID=15532) to work on /home/airflow/.local/lib/python3.12/site-packages/airflow/example_dags/example_kubernetes_executor.py
[2024-10-23T04:37:48.026+0000] {processor.py:914} INFO - Processing file /home/airflow/.local/lib/python3.12/site-packages/airflow/example_dags/example_kubernetes_executor.py for tasks to queue
[2024-10-23T04:37:48.028+0000] {logging_mixin.py:190} INFO - [2024-10-23T04:37:48.028+0000] {dagbag.py:588} INFO - Filling up the DagBag from /home/airflow/.local/lib/python3.12/site-packages/airflow/example_dags/example_kubernetes_executor.py
[2024-10-23T04:37:48.050+0000] {processor.py:925} INFO - DAG(s) 'example_kubernetes_executor' retrieved from /home/airflow/.local/lib/python3.12/site-packages/airflow/example_dags/example_kubernetes_executor.py
[2024-10-23T04:37:48.121+0000] {logging_mixin.py:190} INFO - [2024-10-23T04:37:48.120+0000] {dag.py:3239} INFO - Sync 1 DAGs
[2024-10-23T04:37:48.140+0000] {logging_mixin.py:190} INFO - [2024-10-23T04:37:48.140+0000] {dag.py:4180} INFO - Setting next_dagrun for example_kubernetes_executor to None, run_after=None
[2024-10-23T04:37:48.165+0000] {processor.py:208} INFO - Processing /home/airflow/.local/lib/python3.12/site-packages/airflow/example_dags/example_kubernetes_executor.py took 0.154 seconds
[2024-10-23T04:38:18.543+0000] {processor.py:186} INFO - Started process (PID=15595) to work on /home/airflow/.local/lib/python3.12/site-packages/airflow/example_dags/example_kubernetes_executor.py
[2024-10-23T04:38:18.545+0000] {processor.py:914} INFO - Processing file /home/airflow/.local/lib/python3.12/site-packages/airflow/example_dags/example_kubernetes_executor.py for tasks to queue
[2024-10-23T04:38:18.546+0000] {logging_mixin.py:190} INFO - [2024-10-23T04:38:18.546+0000] {dagbag.py:588} INFO - Filling up the DagBag from /home/airflow/.local/lib/python3.12/site-packages/airflow/example_dags/example_kubernetes_executor.py
[2024-10-23T04:38:18.560+0000] {processor.py:925} INFO - DAG(s) 'example_kubernetes_executor' retrieved from /home/airflow/.local/lib/python3.12/site-packages/airflow/example_dags/example_kubernetes_executor.py
[2024-10-23T04:38:18.594+0000] {logging_mixin.py:190} INFO - [2024-10-23T04:38:18.594+0000] {dag.py:3239} INFO - Sync 1 DAGs
[2024-10-23T04:38:19.144+0000] {logging_mixin.py:190} INFO - [2024-10-23T04:38:19.143+0000] {dag.py:4180} INFO - Setting next_dagrun for example_kubernetes_executor to None, run_after=None
[2024-10-23T04:38:19.179+0000] {processor.py:208} INFO - Processing /home/airflow/.local/lib/python3.12/site-packages/airflow/example_dags/example_kubernetes_executor.py took 0.646 seconds
[2024-10-23T04:38:49.832+0000] {processor.py:186} INFO - Started process (PID=15658) to work on /home/airflow/.local/lib/python3.12/site-packages/airflow/example_dags/example_kubernetes_executor.py
[2024-10-23T04:38:49.836+0000] {processor.py:914} INFO - Processing file /home/airflow/.local/lib/python3.12/site-packages/airflow/example_dags/example_kubernetes_executor.py for tasks to queue
[2024-10-23T04:38:49.838+0000] {logging_mixin.py:190} INFO - [2024-10-23T04:38:49.838+0000] {dagbag.py:588} INFO - Filling up the DagBag from /home/airflow/.local/lib/python3.12/site-packages/airflow/example_dags/example_kubernetes_executor.py
[2024-10-23T04:38:49.859+0000] {processor.py:925} INFO - DAG(s) 'example_kubernetes_executor' retrieved from /home/airflow/.local/lib/python3.12/site-packages/airflow/example_dags/example_kubernetes_executor.py
[2024-10-23T04:38:49.895+0000] {logging_mixin.py:190} INFO - [2024-10-23T04:38:49.895+0000] {dag.py:3239} INFO - Sync 1 DAGs
[2024-10-23T04:38:50.056+0000] {logging_mixin.py:190} INFO - [2024-10-23T04:38:50.056+0000] {dag.py:4180} INFO - Setting next_dagrun for example_kubernetes_executor to None, run_after=None
[2024-10-23T04:38:50.068+0000] {processor.py:208} INFO - Processing /home/airflow/.local/lib/python3.12/site-packages/airflow/example_dags/example_kubernetes_executor.py took 0.240 seconds
[2024-10-23T04:39:22.600+0000] {processor.py:186} INFO - Started process (PID=15721) to work on /home/airflow/.local/lib/python3.12/site-packages/airflow/example_dags/example_kubernetes_executor.py
[2024-10-23T04:39:22.602+0000] {processor.py:914} INFO - Processing file /home/airflow/.local/lib/python3.12/site-packages/airflow/example_dags/example_kubernetes_executor.py for tasks to queue
[2024-10-23T04:39:22.603+0000] {logging_mixin.py:190} INFO - [2024-10-23T04:39:22.603+0000] {dagbag.py:588} INFO - Filling up the DagBag from /home/airflow/.local/lib/python3.12/site-packages/airflow/example_dags/example_kubernetes_executor.py
[2024-10-23T04:39:22.614+0000] {processor.py:925} INFO - DAG(s) 'example_kubernetes_executor' retrieved from /home/airflow/.local/lib/python3.12/site-packages/airflow/example_dags/example_kubernetes_executor.py
[2024-10-23T04:39:22.649+0000] {logging_mixin.py:190} INFO - [2024-10-23T04:39:22.649+0000] {dag.py:3239} INFO - Sync 1 DAGs
[2024-10-23T04:39:22.661+0000] {logging_mixin.py:190} INFO - [2024-10-23T04:39:22.661+0000] {dag.py:4180} INFO - Setting next_dagrun for example_kubernetes_executor to None, run_after=None
[2024-10-23T04:39:22.680+0000] {processor.py:208} INFO - Processing /home/airflow/.local/lib/python3.12/site-packages/airflow/example_dags/example_kubernetes_executor.py took 0.086 seconds
[2024-10-23T04:39:53.879+0000] {processor.py:186} INFO - Started process (PID=15784) to work on /home/airflow/.local/lib/python3.12/site-packages/airflow/example_dags/example_kubernetes_executor.py
[2024-10-23T04:39:53.881+0000] {processor.py:914} INFO - Processing file /home/airflow/.local/lib/python3.12/site-packages/airflow/example_dags/example_kubernetes_executor.py for tasks to queue
[2024-10-23T04:39:53.882+0000] {logging_mixin.py:190} INFO - [2024-10-23T04:39:53.882+0000] {dagbag.py:588} INFO - Filling up the DagBag from /home/airflow/.local/lib/python3.12/site-packages/airflow/example_dags/example_kubernetes_executor.py
[2024-10-23T04:39:53.896+0000] {processor.py:925} INFO - DAG(s) 'example_kubernetes_executor' retrieved from /home/airflow/.local/lib/python3.12/site-packages/airflow/example_dags/example_kubernetes_executor.py
[2024-10-23T04:39:53.929+0000] {logging_mixin.py:190} INFO - [2024-10-23T04:39:53.929+0000] {dag.py:3239} INFO - Sync 1 DAGs
[2024-10-23T04:39:53.939+0000] {logging_mixin.py:190} INFO - [2024-10-23T04:39:53.939+0000] {dag.py:4180} INFO - Setting next_dagrun for example_kubernetes_executor to None, run_after=None
[2024-10-23T04:39:53.956+0000] {processor.py:208} INFO - Processing /home/airflow/.local/lib/python3.12/site-packages/airflow/example_dags/example_kubernetes_executor.py took 0.084 seconds
[2024-10-23T04:40:26.940+0000] {processor.py:186} INFO - Started process (PID=15847) to work on /home/airflow/.local/lib/python3.12/site-packages/airflow/example_dags/example_kubernetes_executor.py
[2024-10-23T04:40:26.943+0000] {processor.py:914} INFO - Processing file /home/airflow/.local/lib/python3.12/site-packages/airflow/example_dags/example_kubernetes_executor.py for tasks to queue
[2024-10-23T04:40:26.946+0000] {logging_mixin.py:190} INFO - [2024-10-23T04:40:26.945+0000] {dagbag.py:588} INFO - Filling up the DagBag from /home/airflow/.local/lib/python3.12/site-packages/airflow/example_dags/example_kubernetes_executor.py
[2024-10-23T04:40:26.993+0000] {processor.py:925} INFO - DAG(s) 'example_kubernetes_executor' retrieved from /home/airflow/.local/lib/python3.12/site-packages/airflow/example_dags/example_kubernetes_executor.py
[2024-10-23T04:40:27.402+0000] {logging_mixin.py:190} INFO - [2024-10-23T04:40:27.402+0000] {dag.py:3239} INFO - Sync 1 DAGs
[2024-10-23T04:40:27.413+0000] {logging_mixin.py:190} INFO - [2024-10-23T04:40:27.412+0000] {dag.py:4180} INFO - Setting next_dagrun for example_kubernetes_executor to None, run_after=None
[2024-10-23T04:40:27.431+0000] {processor.py:208} INFO - Processing /home/airflow/.local/lib/python3.12/site-packages/airflow/example_dags/example_kubernetes_executor.py took 0.524 seconds
[2024-10-23T04:40:57.734+0000] {processor.py:186} INFO - Started process (PID=15910) to work on /home/airflow/.local/lib/python3.12/site-packages/airflow/example_dags/example_kubernetes_executor.py
[2024-10-23T04:40:57.734+0000] {processor.py:914} INFO - Processing file /home/airflow/.local/lib/python3.12/site-packages/airflow/example_dags/example_kubernetes_executor.py for tasks to queue
[2024-10-23T04:40:57.735+0000] {logging_mixin.py:190} INFO - [2024-10-23T04:40:57.735+0000] {dagbag.py:588} INFO - Filling up the DagBag from /home/airflow/.local/lib/python3.12/site-packages/airflow/example_dags/example_kubernetes_executor.py
[2024-10-23T04:40:57.745+0000] {processor.py:925} INFO - DAG(s) 'example_kubernetes_executor' retrieved from /home/airflow/.local/lib/python3.12/site-packages/airflow/example_dags/example_kubernetes_executor.py
[2024-10-23T04:40:57.769+0000] {logging_mixin.py:190} INFO - [2024-10-23T04:40:57.769+0000] {dag.py:3239} INFO - Sync 1 DAGs
[2024-10-23T04:40:57.778+0000] {logging_mixin.py:190} INFO - [2024-10-23T04:40:57.778+0000] {dag.py:4180} INFO - Setting next_dagrun for example_kubernetes_executor to None, run_after=None
[2024-10-23T04:40:57.788+0000] {processor.py:208} INFO - Processing /home/airflow/.local/lib/python3.12/site-packages/airflow/example_dags/example_kubernetes_executor.py took 0.060 seconds
[2024-10-23T04:41:28.461+0000] {processor.py:186} INFO - Started process (PID=15973) to work on /home/airflow/.local/lib/python3.12/site-packages/airflow/example_dags/example_kubernetes_executor.py
[2024-10-23T04:41:28.464+0000] {processor.py:914} INFO - Processing file /home/airflow/.local/lib/python3.12/site-packages/airflow/example_dags/example_kubernetes_executor.py for tasks to queue
[2024-10-23T04:41:28.465+0000] {logging_mixin.py:190} INFO - [2024-10-23T04:41:28.465+0000] {dagbag.py:588} INFO - Filling up the DagBag from /home/airflow/.local/lib/python3.12/site-packages/airflow/example_dags/example_kubernetes_executor.py
[2024-10-23T04:41:28.479+0000] {processor.py:925} INFO - DAG(s) 'example_kubernetes_executor' retrieved from /home/airflow/.local/lib/python3.12/site-packages/airflow/example_dags/example_kubernetes_executor.py
[2024-10-23T04:41:28.509+0000] {logging_mixin.py:190} INFO - [2024-10-23T04:41:28.509+0000] {dag.py:3239} INFO - Sync 1 DAGs
[2024-10-23T04:41:28.521+0000] {logging_mixin.py:190} INFO - [2024-10-23T04:41:28.521+0000] {dag.py:4180} INFO - Setting next_dagrun for example_kubernetes_executor to None, run_after=None
[2024-10-23T04:41:28.536+0000] {processor.py:208} INFO - Processing /home/airflow/.local/lib/python3.12/site-packages/airflow/example_dags/example_kubernetes_executor.py took 0.082 seconds
[2024-10-23T04:41:59.260+0000] {processor.py:186} INFO - Started process (PID=16036) to work on /home/airflow/.local/lib/python3.12/site-packages/airflow/example_dags/example_kubernetes_executor.py
[2024-10-23T04:41:59.262+0000] {processor.py:914} INFO - Processing file /home/airflow/.local/lib/python3.12/site-packages/airflow/example_dags/example_kubernetes_executor.py for tasks to queue
[2024-10-23T04:41:59.263+0000] {logging_mixin.py:190} INFO - [2024-10-23T04:41:59.263+0000] {dagbag.py:588} INFO - Filling up the DagBag from /home/airflow/.local/lib/python3.12/site-packages/airflow/example_dags/example_kubernetes_executor.py
[2024-10-23T04:41:59.279+0000] {processor.py:925} INFO - DAG(s) 'example_kubernetes_executor' retrieved from /home/airflow/.local/lib/python3.12/site-packages/airflow/example_dags/example_kubernetes_executor.py
[2024-10-23T04:41:59.313+0000] {logging_mixin.py:190} INFO - [2024-10-23T04:41:59.313+0000] {dag.py:3239} INFO - Sync 1 DAGs
[2024-10-23T04:41:59.328+0000] {logging_mixin.py:190} INFO - [2024-10-23T04:41:59.328+0000] {dag.py:4180} INFO - Setting next_dagrun for example_kubernetes_executor to None, run_after=None
[2024-10-23T04:41:59.342+0000] {processor.py:208} INFO - Processing /home/airflow/.local/lib/python3.12/site-packages/airflow/example_dags/example_kubernetes_executor.py took 0.097 seconds
[2024-10-23T04:42:29.592+0000] {processor.py:186} INFO - Started process (PID=16099) to work on /home/airflow/.local/lib/python3.12/site-packages/airflow/example_dags/example_kubernetes_executor.py
[2024-10-23T04:42:29.593+0000] {processor.py:914} INFO - Processing file /home/airflow/.local/lib/python3.12/site-packages/airflow/example_dags/example_kubernetes_executor.py for tasks to queue
[2024-10-23T04:42:29.594+0000] {logging_mixin.py:190} INFO - [2024-10-23T04:42:29.594+0000] {dagbag.py:588} INFO - Filling up the DagBag from /home/airflow/.local/lib/python3.12/site-packages/airflow/example_dags/example_kubernetes_executor.py
[2024-10-23T04:42:29.609+0000] {processor.py:925} INFO - DAG(s) 'example_kubernetes_executor' retrieved from /home/airflow/.local/lib/python3.12/site-packages/airflow/example_dags/example_kubernetes_executor.py
[2024-10-23T04:42:29.656+0000] {logging_mixin.py:190} INFO - [2024-10-23T04:42:29.655+0000] {dag.py:3239} INFO - Sync 1 DAGs
[2024-10-23T04:42:29.671+0000] {logging_mixin.py:190} INFO - [2024-10-23T04:42:29.671+0000] {dag.py:4180} INFO - Setting next_dagrun for example_kubernetes_executor to None, run_after=None
[2024-10-23T04:42:29.691+0000] {processor.py:208} INFO - Processing /home/airflow/.local/lib/python3.12/site-packages/airflow/example_dags/example_kubernetes_executor.py took 0.105 seconds
[2024-10-23T04:42:59.797+0000] {processor.py:186} INFO - Started process (PID=16162) to work on /home/airflow/.local/lib/python3.12/site-packages/airflow/example_dags/example_kubernetes_executor.py
[2024-10-23T04:42:59.798+0000] {processor.py:914} INFO - Processing file /home/airflow/.local/lib/python3.12/site-packages/airflow/example_dags/example_kubernetes_executor.py for tasks to queue
[2024-10-23T04:42:59.799+0000] {logging_mixin.py:190} INFO - [2024-10-23T04:42:59.799+0000] {dagbag.py:588} INFO - Filling up the DagBag from /home/airflow/.local/lib/python3.12/site-packages/airflow/example_dags/example_kubernetes_executor.py
[2024-10-23T04:42:59.816+0000] {processor.py:925} INFO - DAG(s) 'example_kubernetes_executor' retrieved from /home/airflow/.local/lib/python3.12/site-packages/airflow/example_dags/example_kubernetes_executor.py
[2024-10-23T04:42:59.848+0000] {logging_mixin.py:190} INFO - [2024-10-23T04:42:59.848+0000] {dag.py:3239} INFO - Sync 1 DAGs
[2024-10-23T04:42:59.859+0000] {logging_mixin.py:190} INFO - [2024-10-23T04:42:59.859+0000] {dag.py:4180} INFO - Setting next_dagrun for example_kubernetes_executor to None, run_after=None
[2024-10-23T04:42:59.874+0000] {processor.py:208} INFO - Processing /home/airflow/.local/lib/python3.12/site-packages/airflow/example_dags/example_kubernetes_executor.py took 0.085 seconds
[2024-10-23T04:43:30.648+0000] {processor.py:186} INFO - Started process (PID=16225) to work on /home/airflow/.local/lib/python3.12/site-packages/airflow/example_dags/example_kubernetes_executor.py
[2024-10-23T04:43:30.649+0000] {processor.py:914} INFO - Processing file /home/airflow/.local/lib/python3.12/site-packages/airflow/example_dags/example_kubernetes_executor.py for tasks to queue
[2024-10-23T04:43:30.651+0000] {logging_mixin.py:190} INFO - [2024-10-23T04:43:30.650+0000] {dagbag.py:588} INFO - Filling up the DagBag from /home/airflow/.local/lib/python3.12/site-packages/airflow/example_dags/example_kubernetes_executor.py
[2024-10-23T04:43:30.670+0000] {processor.py:925} INFO - DAG(s) 'example_kubernetes_executor' retrieved from /home/airflow/.local/lib/python3.12/site-packages/airflow/example_dags/example_kubernetes_executor.py
[2024-10-23T04:43:30.708+0000] {logging_mixin.py:190} INFO - [2024-10-23T04:43:30.707+0000] {dag.py:3239} INFO - Sync 1 DAGs
[2024-10-23T04:43:30.724+0000] {logging_mixin.py:190} INFO - [2024-10-23T04:43:30.723+0000] {dag.py:4180} INFO - Setting next_dagrun for example_kubernetes_executor to None, run_after=None
[2024-10-23T04:43:30.742+0000] {processor.py:208} INFO - Processing /home/airflow/.local/lib/python3.12/site-packages/airflow/example_dags/example_kubernetes_executor.py took 0.104 seconds
[2024-10-23T04:44:01.727+0000] {processor.py:186} INFO - Started process (PID=16288) to work on /home/airflow/.local/lib/python3.12/site-packages/airflow/example_dags/example_kubernetes_executor.py
[2024-10-23T04:44:01.728+0000] {processor.py:914} INFO - Processing file /home/airflow/.local/lib/python3.12/site-packages/airflow/example_dags/example_kubernetes_executor.py for tasks to queue
[2024-10-23T04:44:01.729+0000] {logging_mixin.py:190} INFO - [2024-10-23T04:44:01.728+0000] {dagbag.py:588} INFO - Filling up the DagBag from /home/airflow/.local/lib/python3.12/site-packages/airflow/example_dags/example_kubernetes_executor.py
[2024-10-23T04:44:01.740+0000] {processor.py:925} INFO - DAG(s) 'example_kubernetes_executor' retrieved from /home/airflow/.local/lib/python3.12/site-packages/airflow/example_dags/example_kubernetes_executor.py
[2024-10-23T04:44:01.767+0000] {logging_mixin.py:190} INFO - [2024-10-23T04:44:01.767+0000] {dag.py:3239} INFO - Sync 1 DAGs
[2024-10-23T04:44:01.779+0000] {logging_mixin.py:190} INFO - [2024-10-23T04:44:01.779+0000] {dag.py:4180} INFO - Setting next_dagrun for example_kubernetes_executor to None, run_after=None
[2024-10-23T04:44:01.794+0000] {processor.py:208} INFO - Processing /home/airflow/.local/lib/python3.12/site-packages/airflow/example_dags/example_kubernetes_executor.py took 0.072 seconds
[2024-10-23T04:44:32.141+0000] {processor.py:186} INFO - Started process (PID=16351) to work on /home/airflow/.local/lib/python3.12/site-packages/airflow/example_dags/example_kubernetes_executor.py
[2024-10-23T04:44:32.142+0000] {processor.py:914} INFO - Processing file /home/airflow/.local/lib/python3.12/site-packages/airflow/example_dags/example_kubernetes_executor.py for tasks to queue
[2024-10-23T04:44:32.143+0000] {logging_mixin.py:190} INFO - [2024-10-23T04:44:32.142+0000] {dagbag.py:588} INFO - Filling up the DagBag from /home/airflow/.local/lib/python3.12/site-packages/airflow/example_dags/example_kubernetes_executor.py
[2024-10-23T04:44:32.152+0000] {processor.py:925} INFO - DAG(s) 'example_kubernetes_executor' retrieved from /home/airflow/.local/lib/python3.12/site-packages/airflow/example_dags/example_kubernetes_executor.py
[2024-10-23T04:44:32.174+0000] {logging_mixin.py:190} INFO - [2024-10-23T04:44:32.174+0000] {dag.py:3239} INFO - Sync 1 DAGs
[2024-10-23T04:44:32.183+0000] {logging_mixin.py:190} INFO - [2024-10-23T04:44:32.183+0000] {dag.py:4180} INFO - Setting next_dagrun for example_kubernetes_executor to None, run_after=None
[2024-10-23T04:44:32.194+0000] {processor.py:208} INFO - Processing /home/airflow/.local/lib/python3.12/site-packages/airflow/example_dags/example_kubernetes_executor.py took 0.056 seconds
[2024-10-23T04:45:02.830+0000] {processor.py:186} INFO - Started process (PID=16414) to work on /home/airflow/.local/lib/python3.12/site-packages/airflow/example_dags/example_kubernetes_executor.py
[2024-10-23T04:45:02.832+0000] {processor.py:914} INFO - Processing file /home/airflow/.local/lib/python3.12/site-packages/airflow/example_dags/example_kubernetes_executor.py for tasks to queue
[2024-10-23T04:45:02.833+0000] {logging_mixin.py:190} INFO - [2024-10-23T04:45:02.833+0000] {dagbag.py:588} INFO - Filling up the DagBag from /home/airflow/.local/lib/python3.12/site-packages/airflow/example_dags/example_kubernetes_executor.py
[2024-10-23T04:45:02.843+0000] {processor.py:925} INFO - DAG(s) 'example_kubernetes_executor' retrieved from /home/airflow/.local/lib/python3.12/site-packages/airflow/example_dags/example_kubernetes_executor.py
[2024-10-23T04:45:02.873+0000] {logging_mixin.py:190} INFO - [2024-10-23T04:45:02.873+0000] {dag.py:3239} INFO - Sync 1 DAGs
[2024-10-23T04:45:02.883+0000] {logging_mixin.py:190} INFO - [2024-10-23T04:45:02.882+0000] {dag.py:4180} INFO - Setting next_dagrun for example_kubernetes_executor to None, run_after=None
[2024-10-23T04:45:02.896+0000] {processor.py:208} INFO - Processing /home/airflow/.local/lib/python3.12/site-packages/airflow/example_dags/example_kubernetes_executor.py took 0.070 seconds
[2024-10-23T04:45:33.109+0000] {processor.py:186} INFO - Started process (PID=16477) to work on /home/airflow/.local/lib/python3.12/site-packages/airflow/example_dags/example_kubernetes_executor.py
[2024-10-23T04:45:33.109+0000] {processor.py:914} INFO - Processing file /home/airflow/.local/lib/python3.12/site-packages/airflow/example_dags/example_kubernetes_executor.py for tasks to queue
[2024-10-23T04:45:33.111+0000] {logging_mixin.py:190} INFO - [2024-10-23T04:45:33.110+0000] {dagbag.py:588} INFO - Filling up the DagBag from /home/airflow/.local/lib/python3.12/site-packages/airflow/example_dags/example_kubernetes_executor.py
[2024-10-23T04:45:33.121+0000] {processor.py:925} INFO - DAG(s) 'example_kubernetes_executor' retrieved from /home/airflow/.local/lib/python3.12/site-packages/airflow/example_dags/example_kubernetes_executor.py
[2024-10-23T04:45:33.145+0000] {logging_mixin.py:190} INFO - [2024-10-23T04:45:33.145+0000] {dag.py:3239} INFO - Sync 1 DAGs
[2024-10-23T04:45:33.154+0000] {logging_mixin.py:190} INFO - [2024-10-23T04:45:33.154+0000] {dag.py:4180} INFO - Setting next_dagrun for example_kubernetes_executor to None, run_after=None
[2024-10-23T04:45:33.166+0000] {processor.py:208} INFO - Processing /home/airflow/.local/lib/python3.12/site-packages/airflow/example_dags/example_kubernetes_executor.py took 0.061 seconds
[2024-10-23T07:12:07.952+0000] {processor.py:186} INFO - Started process (PID=34487) to work on /home/airflow/.local/lib/python3.12/site-packages/airflow/example_dags/example_kubernetes_executor.py
[2024-10-23T07:12:07.953+0000] {processor.py:914} INFO - Processing file /home/airflow/.local/lib/python3.12/site-packages/airflow/example_dags/example_kubernetes_executor.py for tasks to queue
[2024-10-23T07:12:07.954+0000] {logging_mixin.py:190} INFO - [2024-10-23T07:12:07.954+0000] {dagbag.py:588} INFO - Filling up the DagBag from /home/airflow/.local/lib/python3.12/site-packages/airflow/example_dags/example_kubernetes_executor.py
[2024-10-23T07:12:07.964+0000] {processor.py:925} INFO - DAG(s) 'example_kubernetes_executor' retrieved from /home/airflow/.local/lib/python3.12/site-packages/airflow/example_dags/example_kubernetes_executor.py
[2024-10-23T07:12:07.992+0000] {logging_mixin.py:190} INFO - [2024-10-23T07:12:07.991+0000] {dag.py:3239} INFO - Sync 1 DAGs
[2024-10-23T07:12:08.001+0000] {logging_mixin.py:190} INFO - [2024-10-23T07:12:08.001+0000] {dag.py:4180} INFO - Setting next_dagrun for example_kubernetes_executor to None, run_after=None
[2024-10-23T07:12:08.015+0000] {processor.py:208} INFO - Processing /home/airflow/.local/lib/python3.12/site-packages/airflow/example_dags/example_kubernetes_executor.py took 0.067 seconds
[2024-10-23T07:12:38.604+0000] {processor.py:186} INFO - Started process (PID=34551) to work on /home/airflow/.local/lib/python3.12/site-packages/airflow/example_dags/example_kubernetes_executor.py
[2024-10-23T07:12:38.605+0000] {processor.py:914} INFO - Processing file /home/airflow/.local/lib/python3.12/site-packages/airflow/example_dags/example_kubernetes_executor.py for tasks to queue
[2024-10-23T07:12:38.608+0000] {logging_mixin.py:190} INFO - [2024-10-23T07:12:38.608+0000] {dagbag.py:588} INFO - Filling up the DagBag from /home/airflow/.local/lib/python3.12/site-packages/airflow/example_dags/example_kubernetes_executor.py
[2024-10-23T07:12:38.625+0000] {processor.py:925} INFO - DAG(s) 'example_kubernetes_executor' retrieved from /home/airflow/.local/lib/python3.12/site-packages/airflow/example_dags/example_kubernetes_executor.py
[2024-10-23T07:12:38.663+0000] {logging_mixin.py:190} INFO - [2024-10-23T07:12:38.662+0000] {dag.py:3239} INFO - Sync 1 DAGs
[2024-10-23T07:12:38.675+0000] {logging_mixin.py:190} INFO - [2024-10-23T07:12:38.675+0000] {dag.py:4180} INFO - Setting next_dagrun for example_kubernetes_executor to None, run_after=None
[2024-10-23T07:12:38.689+0000] {processor.py:208} INFO - Processing /home/airflow/.local/lib/python3.12/site-packages/airflow/example_dags/example_kubernetes_executor.py took 0.092 seconds
[2024-10-23T07:13:09.817+0000] {processor.py:186} INFO - Started process (PID=34613) to work on /home/airflow/.local/lib/python3.12/site-packages/airflow/example_dags/example_kubernetes_executor.py
[2024-10-23T07:13:09.819+0000] {processor.py:914} INFO - Processing file /home/airflow/.local/lib/python3.12/site-packages/airflow/example_dags/example_kubernetes_executor.py for tasks to queue
[2024-10-23T07:13:09.820+0000] {logging_mixin.py:190} INFO - [2024-10-23T07:13:09.819+0000] {dagbag.py:588} INFO - Filling up the DagBag from /home/airflow/.local/lib/python3.12/site-packages/airflow/example_dags/example_kubernetes_executor.py
[2024-10-23T07:13:09.832+0000] {processor.py:925} INFO - DAG(s) 'example_kubernetes_executor' retrieved from /home/airflow/.local/lib/python3.12/site-packages/airflow/example_dags/example_kubernetes_executor.py
[2024-10-23T07:13:09.869+0000] {logging_mixin.py:190} INFO - [2024-10-23T07:13:09.869+0000] {dag.py:3239} INFO - Sync 1 DAGs
[2024-10-23T07:13:09.879+0000] {logging_mixin.py:190} INFO - [2024-10-23T07:13:09.879+0000] {dag.py:4180} INFO - Setting next_dagrun for example_kubernetes_executor to None, run_after=None
[2024-10-23T07:13:09.892+0000] {processor.py:208} INFO - Processing /home/airflow/.local/lib/python3.12/site-packages/airflow/example_dags/example_kubernetes_executor.py took 0.080 seconds
[2024-10-23T07:13:40.872+0000] {processor.py:186} INFO - Started process (PID=34677) to work on /home/airflow/.local/lib/python3.12/site-packages/airflow/example_dags/example_kubernetes_executor.py
[2024-10-23T07:13:40.873+0000] {processor.py:914} INFO - Processing file /home/airflow/.local/lib/python3.12/site-packages/airflow/example_dags/example_kubernetes_executor.py for tasks to queue
[2024-10-23T07:13:40.874+0000] {logging_mixin.py:190} INFO - [2024-10-23T07:13:40.873+0000] {dagbag.py:588} INFO - Filling up the DagBag from /home/airflow/.local/lib/python3.12/site-packages/airflow/example_dags/example_kubernetes_executor.py
[2024-10-23T07:13:40.887+0000] {processor.py:925} INFO - DAG(s) 'example_kubernetes_executor' retrieved from /home/airflow/.local/lib/python3.12/site-packages/airflow/example_dags/example_kubernetes_executor.py
[2024-10-23T07:13:40.925+0000] {logging_mixin.py:190} INFO - [2024-10-23T07:13:40.924+0000] {dag.py:3239} INFO - Sync 1 DAGs
[2024-10-23T07:13:40.936+0000] {logging_mixin.py:190} INFO - [2024-10-23T07:13:40.936+0000] {dag.py:4180} INFO - Setting next_dagrun for example_kubernetes_executor to None, run_after=None
[2024-10-23T07:13:40.946+0000] {processor.py:208} INFO - Processing /home/airflow/.local/lib/python3.12/site-packages/airflow/example_dags/example_kubernetes_executor.py took 0.078 seconds
[2024-10-23T07:14:12.166+0000] {processor.py:186} INFO - Started process (PID=34740) to work on /home/airflow/.local/lib/python3.12/site-packages/airflow/example_dags/example_kubernetes_executor.py
[2024-10-23T07:14:12.167+0000] {processor.py:914} INFO - Processing file /home/airflow/.local/lib/python3.12/site-packages/airflow/example_dags/example_kubernetes_executor.py for tasks to queue
[2024-10-23T07:14:12.167+0000] {logging_mixin.py:190} INFO - [2024-10-23T07:14:12.167+0000] {dagbag.py:588} INFO - Filling up the DagBag from /home/airflow/.local/lib/python3.12/site-packages/airflow/example_dags/example_kubernetes_executor.py
[2024-10-23T07:14:12.176+0000] {processor.py:925} INFO - DAG(s) 'example_kubernetes_executor' retrieved from /home/airflow/.local/lib/python3.12/site-packages/airflow/example_dags/example_kubernetes_executor.py
[2024-10-23T07:14:12.199+0000] {logging_mixin.py:190} INFO - [2024-10-23T07:14:12.199+0000] {dag.py:3239} INFO - Sync 1 DAGs
[2024-10-23T07:14:12.209+0000] {logging_mixin.py:190} INFO - [2024-10-23T07:14:12.208+0000] {dag.py:4180} INFO - Setting next_dagrun for example_kubernetes_executor to None, run_after=None
[2024-10-23T07:14:12.219+0000] {processor.py:208} INFO - Processing /home/airflow/.local/lib/python3.12/site-packages/airflow/example_dags/example_kubernetes_executor.py took 0.058 seconds
[2024-10-23T07:14:44.093+0000] {processor.py:186} INFO - Started process (PID=34803) to work on /home/airflow/.local/lib/python3.12/site-packages/airflow/example_dags/example_kubernetes_executor.py
[2024-10-23T07:14:44.095+0000] {processor.py:914} INFO - Processing file /home/airflow/.local/lib/python3.12/site-packages/airflow/example_dags/example_kubernetes_executor.py for tasks to queue
[2024-10-23T07:14:44.098+0000] {logging_mixin.py:190} INFO - [2024-10-23T07:14:44.098+0000] {dagbag.py:588} INFO - Filling up the DagBag from /home/airflow/.local/lib/python3.12/site-packages/airflow/example_dags/example_kubernetes_executor.py
[2024-10-23T07:14:44.123+0000] {processor.py:925} INFO - DAG(s) 'example_kubernetes_executor' retrieved from /home/airflow/.local/lib/python3.12/site-packages/airflow/example_dags/example_kubernetes_executor.py
[2024-10-23T07:14:44.161+0000] {logging_mixin.py:190} INFO - [2024-10-23T07:14:44.161+0000] {dag.py:3239} INFO - Sync 1 DAGs
[2024-10-23T07:14:44.172+0000] {logging_mixin.py:190} INFO - [2024-10-23T07:14:44.172+0000] {dag.py:4180} INFO - Setting next_dagrun for example_kubernetes_executor to None, run_after=None
[2024-10-23T07:14:44.183+0000] {processor.py:208} INFO - Processing /home/airflow/.local/lib/python3.12/site-packages/airflow/example_dags/example_kubernetes_executor.py took 0.097 seconds
[2024-10-23T07:15:15.135+0000] {processor.py:186} INFO - Started process (PID=34866) to work on /home/airflow/.local/lib/python3.12/site-packages/airflow/example_dags/example_kubernetes_executor.py
[2024-10-23T07:15:15.136+0000] {processor.py:914} INFO - Processing file /home/airflow/.local/lib/python3.12/site-packages/airflow/example_dags/example_kubernetes_executor.py for tasks to queue
[2024-10-23T07:15:15.137+0000] {logging_mixin.py:190} INFO - [2024-10-23T07:15:15.136+0000] {dagbag.py:588} INFO - Filling up the DagBag from /home/airflow/.local/lib/python3.12/site-packages/airflow/example_dags/example_kubernetes_executor.py
[2024-10-23T07:15:15.147+0000] {processor.py:925} INFO - DAG(s) 'example_kubernetes_executor' retrieved from /home/airflow/.local/lib/python3.12/site-packages/airflow/example_dags/example_kubernetes_executor.py
[2024-10-23T07:15:15.316+0000] {logging_mixin.py:190} INFO - [2024-10-23T07:15:15.316+0000] {dag.py:3239} INFO - Sync 1 DAGs
[2024-10-23T07:15:15.327+0000] {logging_mixin.py:190} INFO - [2024-10-23T07:15:15.326+0000] {dag.py:4180} INFO - Setting next_dagrun for example_kubernetes_executor to None, run_after=None
[2024-10-23T07:15:15.339+0000] {processor.py:208} INFO - Processing /home/airflow/.local/lib/python3.12/site-packages/airflow/example_dags/example_kubernetes_executor.py took 0.209 seconds
[2024-10-23T07:15:45.974+0000] {processor.py:186} INFO - Started process (PID=34929) to work on /home/airflow/.local/lib/python3.12/site-packages/airflow/example_dags/example_kubernetes_executor.py
[2024-10-23T07:15:45.977+0000] {processor.py:914} INFO - Processing file /home/airflow/.local/lib/python3.12/site-packages/airflow/example_dags/example_kubernetes_executor.py for tasks to queue
[2024-10-23T07:15:45.979+0000] {logging_mixin.py:190} INFO - [2024-10-23T07:15:45.979+0000] {dagbag.py:588} INFO - Filling up the DagBag from /home/airflow/.local/lib/python3.12/site-packages/airflow/example_dags/example_kubernetes_executor.py
[2024-10-23T07:15:45.990+0000] {processor.py:925} INFO - DAG(s) 'example_kubernetes_executor' retrieved from /home/airflow/.local/lib/python3.12/site-packages/airflow/example_dags/example_kubernetes_executor.py
[2024-10-23T07:15:46.014+0000] {logging_mixin.py:190} INFO - [2024-10-23T07:15:46.014+0000] {dag.py:3239} INFO - Sync 1 DAGs
[2024-10-23T07:15:46.023+0000] {logging_mixin.py:190} INFO - [2024-10-23T07:15:46.023+0000] {dag.py:4180} INFO - Setting next_dagrun for example_kubernetes_executor to None, run_after=None
[2024-10-23T07:15:46.034+0000] {processor.py:208} INFO - Processing /home/airflow/.local/lib/python3.12/site-packages/airflow/example_dags/example_kubernetes_executor.py took 0.065 seconds
[2024-10-23T07:16:16.111+0000] {processor.py:186} INFO - Started process (PID=34992) to work on /home/airflow/.local/lib/python3.12/site-packages/airflow/example_dags/example_kubernetes_executor.py
[2024-10-23T07:16:16.111+0000] {processor.py:914} INFO - Processing file /home/airflow/.local/lib/python3.12/site-packages/airflow/example_dags/example_kubernetes_executor.py for tasks to queue
[2024-10-23T07:16:16.112+0000] {logging_mixin.py:190} INFO - [2024-10-23T07:16:16.112+0000] {dagbag.py:588} INFO - Filling up the DagBag from /home/airflow/.local/lib/python3.12/site-packages/airflow/example_dags/example_kubernetes_executor.py
[2024-10-23T07:16:16.121+0000] {processor.py:925} INFO - DAG(s) 'example_kubernetes_executor' retrieved from /home/airflow/.local/lib/python3.12/site-packages/airflow/example_dags/example_kubernetes_executor.py
[2024-10-23T07:16:16.144+0000] {logging_mixin.py:190} INFO - [2024-10-23T07:16:16.144+0000] {dag.py:3239} INFO - Sync 1 DAGs
[2024-10-23T07:16:16.160+0000] {logging_mixin.py:190} INFO - [2024-10-23T07:16:16.160+0000] {dag.py:4180} INFO - Setting next_dagrun for example_kubernetes_executor to None, run_after=None
[2024-10-23T07:16:16.171+0000] {processor.py:208} INFO - Processing /home/airflow/.local/lib/python3.12/site-packages/airflow/example_dags/example_kubernetes_executor.py took 0.064 seconds
[2024-10-23T07:16:46.261+0000] {processor.py:186} INFO - Started process (PID=35055) to work on /home/airflow/.local/lib/python3.12/site-packages/airflow/example_dags/example_kubernetes_executor.py
[2024-10-23T07:16:46.263+0000] {processor.py:914} INFO - Processing file /home/airflow/.local/lib/python3.12/site-packages/airflow/example_dags/example_kubernetes_executor.py for tasks to queue
[2024-10-23T07:16:46.265+0000] {logging_mixin.py:190} INFO - [2024-10-23T07:16:46.265+0000] {dagbag.py:588} INFO - Filling up the DagBag from /home/airflow/.local/lib/python3.12/site-packages/airflow/example_dags/example_kubernetes_executor.py
[2024-10-23T07:16:46.276+0000] {processor.py:925} INFO - DAG(s) 'example_kubernetes_executor' retrieved from /home/airflow/.local/lib/python3.12/site-packages/airflow/example_dags/example_kubernetes_executor.py
[2024-10-23T07:16:46.306+0000] {logging_mixin.py:190} INFO - [2024-10-23T07:16:46.305+0000] {dag.py:3239} INFO - Sync 1 DAGs
[2024-10-23T07:16:46.316+0000] {logging_mixin.py:190} INFO - [2024-10-23T07:16:46.316+0000] {dag.py:4180} INFO - Setting next_dagrun for example_kubernetes_executor to None, run_after=None
[2024-10-23T07:16:46.327+0000] {processor.py:208} INFO - Processing /home/airflow/.local/lib/python3.12/site-packages/airflow/example_dags/example_kubernetes_executor.py took 0.069 seconds
[2024-10-23T07:17:16.544+0000] {processor.py:186} INFO - Started process (PID=35118) to work on /home/airflow/.local/lib/python3.12/site-packages/airflow/example_dags/example_kubernetes_executor.py
[2024-10-23T07:17:16.546+0000] {processor.py:914} INFO - Processing file /home/airflow/.local/lib/python3.12/site-packages/airflow/example_dags/example_kubernetes_executor.py for tasks to queue
[2024-10-23T07:17:16.547+0000] {logging_mixin.py:190} INFO - [2024-10-23T07:17:16.547+0000] {dagbag.py:588} INFO - Filling up the DagBag from /home/airflow/.local/lib/python3.12/site-packages/airflow/example_dags/example_kubernetes_executor.py
[2024-10-23T07:17:16.558+0000] {processor.py:925} INFO - DAG(s) 'example_kubernetes_executor' retrieved from /home/airflow/.local/lib/python3.12/site-packages/airflow/example_dags/example_kubernetes_executor.py
[2024-10-23T07:17:16.589+0000] {logging_mixin.py:190} INFO - [2024-10-23T07:17:16.589+0000] {dag.py:3239} INFO - Sync 1 DAGs
[2024-10-23T07:17:16.600+0000] {logging_mixin.py:190} INFO - [2024-10-23T07:17:16.599+0000] {dag.py:4180} INFO - Setting next_dagrun for example_kubernetes_executor to None, run_after=None
[2024-10-23T07:17:16.612+0000] {processor.py:208} INFO - Processing /home/airflow/.local/lib/python3.12/site-packages/airflow/example_dags/example_kubernetes_executor.py took 0.073 seconds
[2024-10-23T07:17:47.075+0000] {processor.py:186} INFO - Started process (PID=35181) to work on /home/airflow/.local/lib/python3.12/site-packages/airflow/example_dags/example_kubernetes_executor.py
[2024-10-23T07:17:47.077+0000] {processor.py:914} INFO - Processing file /home/airflow/.local/lib/python3.12/site-packages/airflow/example_dags/example_kubernetes_executor.py for tasks to queue
[2024-10-23T07:17:47.079+0000] {logging_mixin.py:190} INFO - [2024-10-23T07:17:47.079+0000] {dagbag.py:588} INFO - Filling up the DagBag from /home/airflow/.local/lib/python3.12/site-packages/airflow/example_dags/example_kubernetes_executor.py
[2024-10-23T07:17:47.091+0000] {processor.py:925} INFO - DAG(s) 'example_kubernetes_executor' retrieved from /home/airflow/.local/lib/python3.12/site-packages/airflow/example_dags/example_kubernetes_executor.py
[2024-10-23T07:17:47.125+0000] {logging_mixin.py:190} INFO - [2024-10-23T07:17:47.125+0000] {dag.py:3239} INFO - Sync 1 DAGs
[2024-10-23T07:17:47.136+0000] {logging_mixin.py:190} INFO - [2024-10-23T07:17:47.136+0000] {dag.py:4180} INFO - Setting next_dagrun for example_kubernetes_executor to None, run_after=None
[2024-10-23T07:17:47.153+0000] {processor.py:208} INFO - Processing /home/airflow/.local/lib/python3.12/site-packages/airflow/example_dags/example_kubernetes_executor.py took 0.082 seconds
[2024-10-23T07:18:17.558+0000] {processor.py:186} INFO - Started process (PID=35244) to work on /home/airflow/.local/lib/python3.12/site-packages/airflow/example_dags/example_kubernetes_executor.py
[2024-10-23T07:18:17.560+0000] {processor.py:914} INFO - Processing file /home/airflow/.local/lib/python3.12/site-packages/airflow/example_dags/example_kubernetes_executor.py for tasks to queue
[2024-10-23T07:18:17.562+0000] {logging_mixin.py:190} INFO - [2024-10-23T07:18:17.562+0000] {dagbag.py:588} INFO - Filling up the DagBag from /home/airflow/.local/lib/python3.12/site-packages/airflow/example_dags/example_kubernetes_executor.py
[2024-10-23T07:18:17.580+0000] {processor.py:925} INFO - DAG(s) 'example_kubernetes_executor' retrieved from /home/airflow/.local/lib/python3.12/site-packages/airflow/example_dags/example_kubernetes_executor.py
[2024-10-23T07:18:17.618+0000] {logging_mixin.py:190} INFO - [2024-10-23T07:18:17.617+0000] {dag.py:3239} INFO - Sync 1 DAGs
[2024-10-23T07:18:17.630+0000] {logging_mixin.py:190} INFO - [2024-10-23T07:18:17.630+0000] {dag.py:4180} INFO - Setting next_dagrun for example_kubernetes_executor to None, run_after=None
[2024-10-23T07:18:17.643+0000] {processor.py:208} INFO - Processing /home/airflow/.local/lib/python3.12/site-packages/airflow/example_dags/example_kubernetes_executor.py took 0.093 seconds
[2024-10-23T07:18:48.311+0000] {processor.py:186} INFO - Started process (PID=35307) to work on /home/airflow/.local/lib/python3.12/site-packages/airflow/example_dags/example_kubernetes_executor.py
[2024-10-23T07:18:48.313+0000] {processor.py:914} INFO - Processing file /home/airflow/.local/lib/python3.12/site-packages/airflow/example_dags/example_kubernetes_executor.py for tasks to queue
[2024-10-23T07:18:48.314+0000] {logging_mixin.py:190} INFO - [2024-10-23T07:18:48.314+0000] {dagbag.py:588} INFO - Filling up the DagBag from /home/airflow/.local/lib/python3.12/site-packages/airflow/example_dags/example_kubernetes_executor.py
[2024-10-23T07:18:48.325+0000] {processor.py:925} INFO - DAG(s) 'example_kubernetes_executor' retrieved from /home/airflow/.local/lib/python3.12/site-packages/airflow/example_dags/example_kubernetes_executor.py
[2024-10-23T07:18:48.352+0000] {logging_mixin.py:190} INFO - [2024-10-23T07:18:48.352+0000] {dag.py:3239} INFO - Sync 1 DAGs
[2024-10-23T07:18:48.363+0000] {logging_mixin.py:190} INFO - [2024-10-23T07:18:48.363+0000] {dag.py:4180} INFO - Setting next_dagrun for example_kubernetes_executor to None, run_after=None
[2024-10-23T07:18:48.377+0000] {processor.py:208} INFO - Processing /home/airflow/.local/lib/python3.12/site-packages/airflow/example_dags/example_kubernetes_executor.py took 0.071 seconds
[2024-10-23T07:19:18.928+0000] {processor.py:186} INFO - Started process (PID=35372) to work on /home/airflow/.local/lib/python3.12/site-packages/airflow/example_dags/example_kubernetes_executor.py
[2024-10-23T07:19:18.930+0000] {processor.py:914} INFO - Processing file /home/airflow/.local/lib/python3.12/site-packages/airflow/example_dags/example_kubernetes_executor.py for tasks to queue
[2024-10-23T07:19:18.931+0000] {logging_mixin.py:190} INFO - [2024-10-23T07:19:18.931+0000] {dagbag.py:588} INFO - Filling up the DagBag from /home/airflow/.local/lib/python3.12/site-packages/airflow/example_dags/example_kubernetes_executor.py
[2024-10-23T07:19:18.940+0000] {processor.py:925} INFO - DAG(s) 'example_kubernetes_executor' retrieved from /home/airflow/.local/lib/python3.12/site-packages/airflow/example_dags/example_kubernetes_executor.py
[2024-10-23T07:19:18.969+0000] {logging_mixin.py:190} INFO - [2024-10-23T07:19:18.969+0000] {dag.py:3239} INFO - Sync 1 DAGs
[2024-10-23T07:19:18.982+0000] {logging_mixin.py:190} INFO - [2024-10-23T07:19:18.982+0000] {dag.py:4180} INFO - Setting next_dagrun for example_kubernetes_executor to None, run_after=None
[2024-10-23T07:19:18.996+0000] {processor.py:208} INFO - Processing /home/airflow/.local/lib/python3.12/site-packages/airflow/example_dags/example_kubernetes_executor.py took 0.072 seconds
[2024-10-23T07:19:49.611+0000] {processor.py:186} INFO - Started process (PID=35436) to work on /home/airflow/.local/lib/python3.12/site-packages/airflow/example_dags/example_kubernetes_executor.py
[2024-10-23T07:19:49.612+0000] {processor.py:914} INFO - Processing file /home/airflow/.local/lib/python3.12/site-packages/airflow/example_dags/example_kubernetes_executor.py for tasks to queue
[2024-10-23T07:19:49.613+0000] {logging_mixin.py:190} INFO - [2024-10-23T07:19:49.613+0000] {dagbag.py:588} INFO - Filling up the DagBag from /home/airflow/.local/lib/python3.12/site-packages/airflow/example_dags/example_kubernetes_executor.py
[2024-10-23T07:19:49.626+0000] {processor.py:925} INFO - DAG(s) 'example_kubernetes_executor' retrieved from /home/airflow/.local/lib/python3.12/site-packages/airflow/example_dags/example_kubernetes_executor.py
[2024-10-23T07:19:49.650+0000] {logging_mixin.py:190} INFO - [2024-10-23T07:19:49.650+0000] {dag.py:3239} INFO - Sync 1 DAGs
[2024-10-23T07:19:49.659+0000] {logging_mixin.py:190} INFO - [2024-10-23T07:19:49.659+0000] {dag.py:4180} INFO - Setting next_dagrun for example_kubernetes_executor to None, run_after=None
[2024-10-23T07:19:49.672+0000] {processor.py:208} INFO - Processing /home/airflow/.local/lib/python3.12/site-packages/airflow/example_dags/example_kubernetes_executor.py took 0.064 seconds
