[2024-10-23T02:32:04.834+0000] {processor.py:186} INFO - Started process (PID=13727) to work on /home/airflow/.local/lib/python3.12/site-packages/airflow/example_dags/example_params_ui_tutorial.py
[2024-10-23T02:32:04.834+0000] {processor.py:914} INFO - Processing file /home/airflow/.local/lib/python3.12/site-packages/airflow/example_dags/example_params_ui_tutorial.py for tasks to queue
[2024-10-23T02:32:04.835+0000] {logging_mixin.py:190} INFO - [2024-10-23T02:32:04.835+0000] {dagbag.py:588} INFO - Filling up the DagBag from /home/airflow/.local/lib/python3.12/site-packages/airflow/example_dags/example_params_ui_tutorial.py
[2024-10-23T02:32:04.848+0000] {processor.py:925} INFO - DAG(s) 'example_params_ui_tutorial' retrieved from /home/airflow/.local/lib/python3.12/site-packages/airflow/example_dags/example_params_ui_tutorial.py
[2024-10-23T02:32:04.991+0000] {logging_mixin.py:190} INFO - [2024-10-23T02:32:04.990+0000] {dag.py:3239} INFO - Sync 1 DAGs
[2024-10-23T02:32:05.006+0000] {logging_mixin.py:190} INFO - [2024-10-23T02:32:05.006+0000] {dag.py:4180} INFO - Setting next_dagrun for example_params_ui_tutorial to None, run_after=None
[2024-10-23T02:32:05.033+0000] {processor.py:208} INFO - Processing /home/airflow/.local/lib/python3.12/site-packages/airflow/example_dags/example_params_ui_tutorial.py took 0.204 seconds
[2024-10-23T04:23:44.028+0000] {processor.py:186} INFO - Started process (PID=13790) to work on /home/airflow/.local/lib/python3.12/site-packages/airflow/example_dags/example_params_ui_tutorial.py
[2024-10-23T04:23:44.029+0000] {processor.py:914} INFO - Processing file /home/airflow/.local/lib/python3.12/site-packages/airflow/example_dags/example_params_ui_tutorial.py for tasks to queue
[2024-10-23T04:23:44.030+0000] {logging_mixin.py:190} INFO - [2024-10-23T04:23:44.030+0000] {dagbag.py:588} INFO - Filling up the DagBag from /home/airflow/.local/lib/python3.12/site-packages/airflow/example_dags/example_params_ui_tutorial.py
[2024-10-23T04:23:44.039+0000] {processor.py:925} INFO - DAG(s) 'example_params_ui_tutorial' retrieved from /home/airflow/.local/lib/python3.12/site-packages/airflow/example_dags/example_params_ui_tutorial.py
[2024-10-23T04:23:44.081+0000] {logging_mixin.py:190} INFO - [2024-10-23T04:23:44.080+0000] {dag.py:3239} INFO - Sync 1 DAGs
[2024-10-23T04:23:44.111+0000] {logging_mixin.py:190} INFO - [2024-10-23T04:23:44.111+0000] {dag.py:4180} INFO - Setting next_dagrun for example_params_ui_tutorial to None, run_after=None
[2024-10-23T04:23:44.124+0000] {processor.py:208} INFO - Processing /home/airflow/.local/lib/python3.12/site-packages/airflow/example_dags/example_params_ui_tutorial.py took 0.102 seconds
[2024-10-23T04:24:14.202+0000] {processor.py:186} INFO - Started process (PID=13853) to work on /home/airflow/.local/lib/python3.12/site-packages/airflow/example_dags/example_params_ui_tutorial.py
[2024-10-23T04:24:14.204+0000] {processor.py:914} INFO - Processing file /home/airflow/.local/lib/python3.12/site-packages/airflow/example_dags/example_params_ui_tutorial.py for tasks to queue
[2024-10-23T04:24:14.205+0000] {logging_mixin.py:190} INFO - [2024-10-23T04:24:14.205+0000] {dagbag.py:588} INFO - Filling up the DagBag from /home/airflow/.local/lib/python3.12/site-packages/airflow/example_dags/example_params_ui_tutorial.py
[2024-10-23T04:24:14.212+0000] {processor.py:925} INFO - DAG(s) 'example_params_ui_tutorial' retrieved from /home/airflow/.local/lib/python3.12/site-packages/airflow/example_dags/example_params_ui_tutorial.py
[2024-10-23T04:24:14.246+0000] {logging_mixin.py:190} INFO - [2024-10-23T04:24:14.246+0000] {dag.py:3239} INFO - Sync 1 DAGs
[2024-10-23T04:24:14.256+0000] {logging_mixin.py:190} INFO - [2024-10-23T04:24:14.256+0000] {dag.py:4180} INFO - Setting next_dagrun for example_params_ui_tutorial to None, run_after=None
[2024-10-23T04:24:14.275+0000] {processor.py:208} INFO - Processing /home/airflow/.local/lib/python3.12/site-packages/airflow/example_dags/example_params_ui_tutorial.py took 0.078 seconds
[2024-10-23T04:24:45.898+0000] {processor.py:186} INFO - Started process (PID=13916) to work on /home/airflow/.local/lib/python3.12/site-packages/airflow/example_dags/example_params_ui_tutorial.py
[2024-10-23T04:24:45.900+0000] {processor.py:914} INFO - Processing file /home/airflow/.local/lib/python3.12/site-packages/airflow/example_dags/example_params_ui_tutorial.py for tasks to queue
[2024-10-23T04:24:45.901+0000] {logging_mixin.py:190} INFO - [2024-10-23T04:24:45.901+0000] {dagbag.py:588} INFO - Filling up the DagBag from /home/airflow/.local/lib/python3.12/site-packages/airflow/example_dags/example_params_ui_tutorial.py
[2024-10-23T04:24:45.912+0000] {processor.py:925} INFO - DAG(s) 'example_params_ui_tutorial' retrieved from /home/airflow/.local/lib/python3.12/site-packages/airflow/example_dags/example_params_ui_tutorial.py
[2024-10-23T04:24:45.949+0000] {logging_mixin.py:190} INFO - [2024-10-23T04:24:45.948+0000] {dag.py:3239} INFO - Sync 1 DAGs
[2024-10-23T04:24:45.968+0000] {logging_mixin.py:190} INFO - [2024-10-23T04:24:45.967+0000] {dag.py:4180} INFO - Setting next_dagrun for example_params_ui_tutorial to None, run_after=None
[2024-10-23T04:24:45.995+0000] {processor.py:208} INFO - Processing /home/airflow/.local/lib/python3.12/site-packages/airflow/example_dags/example_params_ui_tutorial.py took 0.102 seconds
[2024-10-23T04:25:16.564+0000] {processor.py:186} INFO - Started process (PID=13979) to work on /home/airflow/.local/lib/python3.12/site-packages/airflow/example_dags/example_params_ui_tutorial.py
[2024-10-23T04:25:16.565+0000] {processor.py:914} INFO - Processing file /home/airflow/.local/lib/python3.12/site-packages/airflow/example_dags/example_params_ui_tutorial.py for tasks to queue
[2024-10-23T04:25:16.567+0000] {logging_mixin.py:190} INFO - [2024-10-23T04:25:16.567+0000] {dagbag.py:588} INFO - Filling up the DagBag from /home/airflow/.local/lib/python3.12/site-packages/airflow/example_dags/example_params_ui_tutorial.py
[2024-10-23T04:25:16.574+0000] {processor.py:925} INFO - DAG(s) 'example_params_ui_tutorial' retrieved from /home/airflow/.local/lib/python3.12/site-packages/airflow/example_dags/example_params_ui_tutorial.py
[2024-10-23T04:25:16.603+0000] {logging_mixin.py:190} INFO - [2024-10-23T04:25:16.603+0000] {dag.py:3239} INFO - Sync 1 DAGs
[2024-10-23T04:25:16.617+0000] {logging_mixin.py:190} INFO - [2024-10-23T04:25:16.617+0000] {dag.py:4180} INFO - Setting next_dagrun for example_params_ui_tutorial to None, run_after=None
[2024-10-23T04:25:16.633+0000] {processor.py:208} INFO - Processing /home/airflow/.local/lib/python3.12/site-packages/airflow/example_dags/example_params_ui_tutorial.py took 0.073 seconds
[2024-10-23T04:25:47.295+0000] {processor.py:186} INFO - Started process (PID=14042) to work on /home/airflow/.local/lib/python3.12/site-packages/airflow/example_dags/example_params_ui_tutorial.py
[2024-10-23T04:25:47.295+0000] {processor.py:914} INFO - Processing file /home/airflow/.local/lib/python3.12/site-packages/airflow/example_dags/example_params_ui_tutorial.py for tasks to queue
[2024-10-23T04:25:47.296+0000] {logging_mixin.py:190} INFO - [2024-10-23T04:25:47.296+0000] {dagbag.py:588} INFO - Filling up the DagBag from /home/airflow/.local/lib/python3.12/site-packages/airflow/example_dags/example_params_ui_tutorial.py
[2024-10-23T04:25:47.302+0000] {processor.py:925} INFO - DAG(s) 'example_params_ui_tutorial' retrieved from /home/airflow/.local/lib/python3.12/site-packages/airflow/example_dags/example_params_ui_tutorial.py
[2024-10-23T04:25:47.328+0000] {logging_mixin.py:190} INFO - [2024-10-23T04:25:47.328+0000] {dag.py:3239} INFO - Sync 1 DAGs
[2024-10-23T04:25:47.338+0000] {logging_mixin.py:190} INFO - [2024-10-23T04:25:47.338+0000] {dag.py:4180} INFO - Setting next_dagrun for example_params_ui_tutorial to None, run_after=None
[2024-10-23T04:25:47.348+0000] {processor.py:208} INFO - Processing /home/airflow/.local/lib/python3.12/site-packages/airflow/example_dags/example_params_ui_tutorial.py took 0.057 seconds
[2024-10-23T04:26:17.839+0000] {processor.py:186} INFO - Started process (PID=14105) to work on /home/airflow/.local/lib/python3.12/site-packages/airflow/example_dags/example_params_ui_tutorial.py
[2024-10-23T04:26:17.841+0000] {processor.py:914} INFO - Processing file /home/airflow/.local/lib/python3.12/site-packages/airflow/example_dags/example_params_ui_tutorial.py for tasks to queue
[2024-10-23T04:26:17.842+0000] {logging_mixin.py:190} INFO - [2024-10-23T04:26:17.842+0000] {dagbag.py:588} INFO - Filling up the DagBag from /home/airflow/.local/lib/python3.12/site-packages/airflow/example_dags/example_params_ui_tutorial.py
[2024-10-23T04:26:17.861+0000] {processor.py:925} INFO - DAG(s) 'example_params_ui_tutorial' retrieved from /home/airflow/.local/lib/python3.12/site-packages/airflow/example_dags/example_params_ui_tutorial.py
[2024-10-23T04:26:18.020+0000] {logging_mixin.py:190} INFO - [2024-10-23T04:26:18.019+0000] {dag.py:3239} INFO - Sync 1 DAGs
[2024-10-23T04:26:18.060+0000] {logging_mixin.py:190} INFO - [2024-10-23T04:26:18.059+0000] {dag.py:4180} INFO - Setting next_dagrun for example_params_ui_tutorial to None, run_after=None
[2024-10-23T04:26:18.102+0000] {processor.py:208} INFO - Processing /home/airflow/.local/lib/python3.12/site-packages/airflow/example_dags/example_params_ui_tutorial.py took 0.269 seconds
[2024-10-23T04:26:48.603+0000] {processor.py:186} INFO - Started process (PID=14168) to work on /home/airflow/.local/lib/python3.12/site-packages/airflow/example_dags/example_params_ui_tutorial.py
[2024-10-23T04:26:48.604+0000] {processor.py:914} INFO - Processing file /home/airflow/.local/lib/python3.12/site-packages/airflow/example_dags/example_params_ui_tutorial.py for tasks to queue
[2024-10-23T04:26:48.605+0000] {logging_mixin.py:190} INFO - [2024-10-23T04:26:48.605+0000] {dagbag.py:588} INFO - Filling up the DagBag from /home/airflow/.local/lib/python3.12/site-packages/airflow/example_dags/example_params_ui_tutorial.py
[2024-10-23T04:26:48.615+0000] {processor.py:925} INFO - DAG(s) 'example_params_ui_tutorial' retrieved from /home/airflow/.local/lib/python3.12/site-packages/airflow/example_dags/example_params_ui_tutorial.py
[2024-10-23T04:26:48.652+0000] {logging_mixin.py:190} INFO - [2024-10-23T04:26:48.651+0000] {dag.py:3239} INFO - Sync 1 DAGs
[2024-10-23T04:26:48.668+0000] {logging_mixin.py:190} INFO - [2024-10-23T04:26:48.667+0000] {dag.py:4180} INFO - Setting next_dagrun for example_params_ui_tutorial to None, run_after=None
[2024-10-23T04:26:48.683+0000] {processor.py:208} INFO - Processing /home/airflow/.local/lib/python3.12/site-packages/airflow/example_dags/example_params_ui_tutorial.py took 0.085 seconds
[2024-10-23T04:27:18.959+0000] {processor.py:186} INFO - Started process (PID=14231) to work on /home/airflow/.local/lib/python3.12/site-packages/airflow/example_dags/example_params_ui_tutorial.py
[2024-10-23T04:27:18.962+0000] {processor.py:914} INFO - Processing file /home/airflow/.local/lib/python3.12/site-packages/airflow/example_dags/example_params_ui_tutorial.py for tasks to queue
[2024-10-23T04:27:18.963+0000] {logging_mixin.py:190} INFO - [2024-10-23T04:27:18.963+0000] {dagbag.py:588} INFO - Filling up the DagBag from /home/airflow/.local/lib/python3.12/site-packages/airflow/example_dags/example_params_ui_tutorial.py
[2024-10-23T04:27:18.970+0000] {processor.py:925} INFO - DAG(s) 'example_params_ui_tutorial' retrieved from /home/airflow/.local/lib/python3.12/site-packages/airflow/example_dags/example_params_ui_tutorial.py
[2024-10-23T04:27:18.996+0000] {logging_mixin.py:190} INFO - [2024-10-23T04:27:18.996+0000] {dag.py:3239} INFO - Sync 1 DAGs
[2024-10-23T04:27:19.006+0000] {logging_mixin.py:190} INFO - [2024-10-23T04:27:19.006+0000] {dag.py:4180} INFO - Setting next_dagrun for example_params_ui_tutorial to None, run_after=None
[2024-10-23T04:27:19.020+0000] {processor.py:208} INFO - Processing /home/airflow/.local/lib/python3.12/site-packages/airflow/example_dags/example_params_ui_tutorial.py took 0.065 seconds
[2024-10-23T04:27:49.901+0000] {processor.py:186} INFO - Started process (PID=14294) to work on /home/airflow/.local/lib/python3.12/site-packages/airflow/example_dags/example_params_ui_tutorial.py
[2024-10-23T04:27:49.903+0000] {processor.py:914} INFO - Processing file /home/airflow/.local/lib/python3.12/site-packages/airflow/example_dags/example_params_ui_tutorial.py for tasks to queue
[2024-10-23T04:27:49.904+0000] {logging_mixin.py:190} INFO - [2024-10-23T04:27:49.904+0000] {dagbag.py:588} INFO - Filling up the DagBag from /home/airflow/.local/lib/python3.12/site-packages/airflow/example_dags/example_params_ui_tutorial.py
[2024-10-23T04:27:49.912+0000] {processor.py:925} INFO - DAG(s) 'example_params_ui_tutorial' retrieved from /home/airflow/.local/lib/python3.12/site-packages/airflow/example_dags/example_params_ui_tutorial.py
[2024-10-23T04:27:49.945+0000] {logging_mixin.py:190} INFO - [2024-10-23T04:27:49.945+0000] {dag.py:3239} INFO - Sync 1 DAGs
[2024-10-23T04:27:49.958+0000] {logging_mixin.py:190} INFO - [2024-10-23T04:27:49.958+0000] {dag.py:4180} INFO - Setting next_dagrun for example_params_ui_tutorial to None, run_after=None
[2024-10-23T04:27:49.973+0000] {processor.py:208} INFO - Processing /home/airflow/.local/lib/python3.12/site-packages/airflow/example_dags/example_params_ui_tutorial.py took 0.083 seconds
[2024-10-23T04:28:20.020+0000] {processor.py:186} INFO - Started process (PID=14356) to work on /home/airflow/.local/lib/python3.12/site-packages/airflow/example_dags/example_params_ui_tutorial.py
[2024-10-23T04:28:20.021+0000] {processor.py:914} INFO - Processing file /home/airflow/.local/lib/python3.12/site-packages/airflow/example_dags/example_params_ui_tutorial.py for tasks to queue
[2024-10-23T04:28:20.022+0000] {logging_mixin.py:190} INFO - [2024-10-23T04:28:20.022+0000] {dagbag.py:588} INFO - Filling up the DagBag from /home/airflow/.local/lib/python3.12/site-packages/airflow/example_dags/example_params_ui_tutorial.py
[2024-10-23T04:28:20.028+0000] {processor.py:925} INFO - DAG(s) 'example_params_ui_tutorial' retrieved from /home/airflow/.local/lib/python3.12/site-packages/airflow/example_dags/example_params_ui_tutorial.py
[2024-10-23T04:28:20.073+0000] {logging_mixin.py:190} INFO - [2024-10-23T04:28:20.073+0000] {dag.py:3239} INFO - Sync 1 DAGs
[2024-10-23T04:28:20.095+0000] {logging_mixin.py:190} INFO - [2024-10-23T04:28:20.095+0000] {dag.py:4180} INFO - Setting next_dagrun for example_params_ui_tutorial to None, run_after=None
[2024-10-23T04:28:20.115+0000] {processor.py:208} INFO - Processing /home/airflow/.local/lib/python3.12/site-packages/airflow/example_dags/example_params_ui_tutorial.py took 0.100 seconds
[2024-10-23T04:28:50.995+0000] {processor.py:186} INFO - Started process (PID=14420) to work on /home/airflow/.local/lib/python3.12/site-packages/airflow/example_dags/example_params_ui_tutorial.py
[2024-10-23T04:28:50.998+0000] {processor.py:914} INFO - Processing file /home/airflow/.local/lib/python3.12/site-packages/airflow/example_dags/example_params_ui_tutorial.py for tasks to queue
[2024-10-23T04:28:50.999+0000] {logging_mixin.py:190} INFO - [2024-10-23T04:28:50.999+0000] {dagbag.py:588} INFO - Filling up the DagBag from /home/airflow/.local/lib/python3.12/site-packages/airflow/example_dags/example_params_ui_tutorial.py
[2024-10-23T04:28:51.006+0000] {processor.py:925} INFO - DAG(s) 'example_params_ui_tutorial' retrieved from /home/airflow/.local/lib/python3.12/site-packages/airflow/example_dags/example_params_ui_tutorial.py
[2024-10-23T04:28:51.038+0000] {logging_mixin.py:190} INFO - [2024-10-23T04:28:51.038+0000] {dag.py:3239} INFO - Sync 1 DAGs
[2024-10-23T04:28:51.048+0000] {logging_mixin.py:190} INFO - [2024-10-23T04:28:51.048+0000] {dag.py:4180} INFO - Setting next_dagrun for example_params_ui_tutorial to None, run_after=None
[2024-10-23T04:28:51.059+0000] {processor.py:208} INFO - Processing /home/airflow/.local/lib/python3.12/site-packages/airflow/example_dags/example_params_ui_tutorial.py took 0.069 seconds
[2024-10-23T04:29:21.615+0000] {processor.py:186} INFO - Started process (PID=14483) to work on /home/airflow/.local/lib/python3.12/site-packages/airflow/example_dags/example_params_ui_tutorial.py
[2024-10-23T04:29:21.617+0000] {processor.py:914} INFO - Processing file /home/airflow/.local/lib/python3.12/site-packages/airflow/example_dags/example_params_ui_tutorial.py for tasks to queue
[2024-10-23T04:29:21.618+0000] {logging_mixin.py:190} INFO - [2024-10-23T04:29:21.618+0000] {dagbag.py:588} INFO - Filling up the DagBag from /home/airflow/.local/lib/python3.12/site-packages/airflow/example_dags/example_params_ui_tutorial.py
[2024-10-23T04:29:21.627+0000] {processor.py:925} INFO - DAG(s) 'example_params_ui_tutorial' retrieved from /home/airflow/.local/lib/python3.12/site-packages/airflow/example_dags/example_params_ui_tutorial.py
[2024-10-23T04:29:21.664+0000] {logging_mixin.py:190} INFO - [2024-10-23T04:29:21.664+0000] {dag.py:3239} INFO - Sync 1 DAGs
[2024-10-23T04:29:21.677+0000] {logging_mixin.py:190} INFO - [2024-10-23T04:29:21.677+0000] {dag.py:4180} INFO - Setting next_dagrun for example_params_ui_tutorial to None, run_after=None
[2024-10-23T04:29:21.698+0000] {processor.py:208} INFO - Processing /home/airflow/.local/lib/python3.12/site-packages/airflow/example_dags/example_params_ui_tutorial.py took 0.089 seconds
[2024-10-23T04:29:52.385+0000] {processor.py:186} INFO - Started process (PID=14546) to work on /home/airflow/.local/lib/python3.12/site-packages/airflow/example_dags/example_params_ui_tutorial.py
[2024-10-23T04:29:52.386+0000] {processor.py:914} INFO - Processing file /home/airflow/.local/lib/python3.12/site-packages/airflow/example_dags/example_params_ui_tutorial.py for tasks to queue
[2024-10-23T04:29:52.387+0000] {logging_mixin.py:190} INFO - [2024-10-23T04:29:52.387+0000] {dagbag.py:588} INFO - Filling up the DagBag from /home/airflow/.local/lib/python3.12/site-packages/airflow/example_dags/example_params_ui_tutorial.py
[2024-10-23T04:29:52.394+0000] {processor.py:925} INFO - DAG(s) 'example_params_ui_tutorial' retrieved from /home/airflow/.local/lib/python3.12/site-packages/airflow/example_dags/example_params_ui_tutorial.py
[2024-10-23T04:29:52.423+0000] {logging_mixin.py:190} INFO - [2024-10-23T04:29:52.423+0000] {dag.py:3239} INFO - Sync 1 DAGs
[2024-10-23T04:29:52.434+0000] {logging_mixin.py:190} INFO - [2024-10-23T04:29:52.434+0000] {dag.py:4180} INFO - Setting next_dagrun for example_params_ui_tutorial to None, run_after=None
[2024-10-23T04:29:52.445+0000] {processor.py:208} INFO - Processing /home/airflow/.local/lib/python3.12/site-packages/airflow/example_dags/example_params_ui_tutorial.py took 0.066 seconds
[2024-10-23T04:30:23.527+0000] {processor.py:186} INFO - Started process (PID=14609) to work on /home/airflow/.local/lib/python3.12/site-packages/airflow/example_dags/example_params_ui_tutorial.py
[2024-10-23T04:30:23.528+0000] {processor.py:914} INFO - Processing file /home/airflow/.local/lib/python3.12/site-packages/airflow/example_dags/example_params_ui_tutorial.py for tasks to queue
[2024-10-23T04:30:23.529+0000] {logging_mixin.py:190} INFO - [2024-10-23T04:30:23.528+0000] {dagbag.py:588} INFO - Filling up the DagBag from /home/airflow/.local/lib/python3.12/site-packages/airflow/example_dags/example_params_ui_tutorial.py
[2024-10-23T04:30:23.536+0000] {processor.py:925} INFO - DAG(s) 'example_params_ui_tutorial' retrieved from /home/airflow/.local/lib/python3.12/site-packages/airflow/example_dags/example_params_ui_tutorial.py
[2024-10-23T04:30:23.564+0000] {logging_mixin.py:190} INFO - [2024-10-23T04:30:23.564+0000] {dag.py:3239} INFO - Sync 1 DAGs
[2024-10-23T04:30:23.574+0000] {logging_mixin.py:190} INFO - [2024-10-23T04:30:23.573+0000] {dag.py:4180} INFO - Setting next_dagrun for example_params_ui_tutorial to None, run_after=None
[2024-10-23T04:30:23.586+0000] {processor.py:208} INFO - Processing /home/airflow/.local/lib/python3.12/site-packages/airflow/example_dags/example_params_ui_tutorial.py took 0.063 seconds
[2024-10-23T04:30:54.430+0000] {processor.py:186} INFO - Started process (PID=14672) to work on /home/airflow/.local/lib/python3.12/site-packages/airflow/example_dags/example_params_ui_tutorial.py
[2024-10-23T04:30:54.430+0000] {processor.py:914} INFO - Processing file /home/airflow/.local/lib/python3.12/site-packages/airflow/example_dags/example_params_ui_tutorial.py for tasks to queue
[2024-10-23T04:30:54.431+0000] {logging_mixin.py:190} INFO - [2024-10-23T04:30:54.431+0000] {dagbag.py:588} INFO - Filling up the DagBag from /home/airflow/.local/lib/python3.12/site-packages/airflow/example_dags/example_params_ui_tutorial.py
[2024-10-23T04:30:54.437+0000] {processor.py:925} INFO - DAG(s) 'example_params_ui_tutorial' retrieved from /home/airflow/.local/lib/python3.12/site-packages/airflow/example_dags/example_params_ui_tutorial.py
[2024-10-23T04:30:54.467+0000] {logging_mixin.py:190} INFO - [2024-10-23T04:30:54.467+0000] {dag.py:3239} INFO - Sync 1 DAGs
[2024-10-23T04:30:54.476+0000] {logging_mixin.py:190} INFO - [2024-10-23T04:30:54.476+0000] {dag.py:4180} INFO - Setting next_dagrun for example_params_ui_tutorial to None, run_after=None
[2024-10-23T04:30:54.487+0000] {processor.py:208} INFO - Processing /home/airflow/.local/lib/python3.12/site-packages/airflow/example_dags/example_params_ui_tutorial.py took 0.060 seconds
[2024-10-23T04:31:24.721+0000] {processor.py:186} INFO - Started process (PID=14735) to work on /home/airflow/.local/lib/python3.12/site-packages/airflow/example_dags/example_params_ui_tutorial.py
[2024-10-23T04:31:24.722+0000] {processor.py:914} INFO - Processing file /home/airflow/.local/lib/python3.12/site-packages/airflow/example_dags/example_params_ui_tutorial.py for tasks to queue
[2024-10-23T04:31:24.723+0000] {logging_mixin.py:190} INFO - [2024-10-23T04:31:24.723+0000] {dagbag.py:588} INFO - Filling up the DagBag from /home/airflow/.local/lib/python3.12/site-packages/airflow/example_dags/example_params_ui_tutorial.py
[2024-10-23T04:31:24.732+0000] {processor.py:925} INFO - DAG(s) 'example_params_ui_tutorial' retrieved from /home/airflow/.local/lib/python3.12/site-packages/airflow/example_dags/example_params_ui_tutorial.py
[2024-10-23T04:31:24.774+0000] {logging_mixin.py:190} INFO - [2024-10-23T04:31:24.773+0000] {dag.py:3239} INFO - Sync 1 DAGs
[2024-10-23T04:31:24.785+0000] {logging_mixin.py:190} INFO - [2024-10-23T04:31:24.784+0000] {dag.py:4180} INFO - Setting next_dagrun for example_params_ui_tutorial to None, run_after=None
[2024-10-23T04:31:24.799+0000] {processor.py:208} INFO - Processing /home/airflow/.local/lib/python3.12/site-packages/airflow/example_dags/example_params_ui_tutorial.py took 0.082 seconds
[2024-10-23T04:31:55.110+0000] {processor.py:186} INFO - Started process (PID=14797) to work on /home/airflow/.local/lib/python3.12/site-packages/airflow/example_dags/example_params_ui_tutorial.py
[2024-10-23T04:31:55.110+0000] {processor.py:914} INFO - Processing file /home/airflow/.local/lib/python3.12/site-packages/airflow/example_dags/example_params_ui_tutorial.py for tasks to queue
[2024-10-23T04:31:55.111+0000] {logging_mixin.py:190} INFO - [2024-10-23T04:31:55.111+0000] {dagbag.py:588} INFO - Filling up the DagBag from /home/airflow/.local/lib/python3.12/site-packages/airflow/example_dags/example_params_ui_tutorial.py
[2024-10-23T04:31:55.117+0000] {processor.py:925} INFO - DAG(s) 'example_params_ui_tutorial' retrieved from /home/airflow/.local/lib/python3.12/site-packages/airflow/example_dags/example_params_ui_tutorial.py
[2024-10-23T04:31:55.144+0000] {logging_mixin.py:190} INFO - [2024-10-23T04:31:55.144+0000] {dag.py:3239} INFO - Sync 1 DAGs
[2024-10-23T04:31:55.153+0000] {logging_mixin.py:190} INFO - [2024-10-23T04:31:55.153+0000] {dag.py:4180} INFO - Setting next_dagrun for example_params_ui_tutorial to None, run_after=None
[2024-10-23T04:31:55.163+0000] {processor.py:208} INFO - Processing /home/airflow/.local/lib/python3.12/site-packages/airflow/example_dags/example_params_ui_tutorial.py took 0.057 seconds
[2024-10-23T04:32:25.509+0000] {processor.py:186} INFO - Started process (PID=14860) to work on /home/airflow/.local/lib/python3.12/site-packages/airflow/example_dags/example_params_ui_tutorial.py
[2024-10-23T04:32:25.510+0000] {processor.py:914} INFO - Processing file /home/airflow/.local/lib/python3.12/site-packages/airflow/example_dags/example_params_ui_tutorial.py for tasks to queue
[2024-10-23T04:32:25.511+0000] {logging_mixin.py:190} INFO - [2024-10-23T04:32:25.511+0000] {dagbag.py:588} INFO - Filling up the DagBag from /home/airflow/.local/lib/python3.12/site-packages/airflow/example_dags/example_params_ui_tutorial.py
[2024-10-23T04:32:25.518+0000] {processor.py:925} INFO - DAG(s) 'example_params_ui_tutorial' retrieved from /home/airflow/.local/lib/python3.12/site-packages/airflow/example_dags/example_params_ui_tutorial.py
[2024-10-23T04:32:25.547+0000] {logging_mixin.py:190} INFO - [2024-10-23T04:32:25.547+0000] {dag.py:3239} INFO - Sync 1 DAGs
[2024-10-23T04:32:25.556+0000] {logging_mixin.py:190} INFO - [2024-10-23T04:32:25.556+0000] {dag.py:4180} INFO - Setting next_dagrun for example_params_ui_tutorial to None, run_after=None
[2024-10-23T04:32:25.569+0000] {processor.py:208} INFO - Processing /home/airflow/.local/lib/python3.12/site-packages/airflow/example_dags/example_params_ui_tutorial.py took 0.064 seconds
[2024-10-23T04:32:55.876+0000] {processor.py:186} INFO - Started process (PID=14923) to work on /home/airflow/.local/lib/python3.12/site-packages/airflow/example_dags/example_params_ui_tutorial.py
[2024-10-23T04:32:55.877+0000] {processor.py:914} INFO - Processing file /home/airflow/.local/lib/python3.12/site-packages/airflow/example_dags/example_params_ui_tutorial.py for tasks to queue
[2024-10-23T04:32:55.881+0000] {logging_mixin.py:190} INFO - [2024-10-23T04:32:55.880+0000] {dagbag.py:588} INFO - Filling up the DagBag from /home/airflow/.local/lib/python3.12/site-packages/airflow/example_dags/example_params_ui_tutorial.py
[2024-10-23T04:32:55.890+0000] {processor.py:925} INFO - DAG(s) 'example_params_ui_tutorial' retrieved from /home/airflow/.local/lib/python3.12/site-packages/airflow/example_dags/example_params_ui_tutorial.py
[2024-10-23T04:32:55.925+0000] {logging_mixin.py:190} INFO - [2024-10-23T04:32:55.924+0000] {dag.py:3239} INFO - Sync 1 DAGs
[2024-10-23T04:32:55.935+0000] {logging_mixin.py:190} INFO - [2024-10-23T04:32:55.935+0000] {dag.py:4180} INFO - Setting next_dagrun for example_params_ui_tutorial to None, run_after=None
[2024-10-23T04:32:55.951+0000] {processor.py:208} INFO - Processing /home/airflow/.local/lib/python3.12/site-packages/airflow/example_dags/example_params_ui_tutorial.py took 0.080 seconds
[2024-10-23T04:33:26.624+0000] {processor.py:186} INFO - Started process (PID=14986) to work on /home/airflow/.local/lib/python3.12/site-packages/airflow/example_dags/example_params_ui_tutorial.py
[2024-10-23T04:33:26.625+0000] {processor.py:914} INFO - Processing file /home/airflow/.local/lib/python3.12/site-packages/airflow/example_dags/example_params_ui_tutorial.py for tasks to queue
[2024-10-23T04:33:26.625+0000] {logging_mixin.py:190} INFO - [2024-10-23T04:33:26.625+0000] {dagbag.py:588} INFO - Filling up the DagBag from /home/airflow/.local/lib/python3.12/site-packages/airflow/example_dags/example_params_ui_tutorial.py
[2024-10-23T04:33:26.631+0000] {processor.py:925} INFO - DAG(s) 'example_params_ui_tutorial' retrieved from /home/airflow/.local/lib/python3.12/site-packages/airflow/example_dags/example_params_ui_tutorial.py
[2024-10-23T04:33:26.658+0000] {logging_mixin.py:190} INFO - [2024-10-23T04:33:26.657+0000] {dag.py:3239} INFO - Sync 1 DAGs
[2024-10-23T04:33:26.667+0000] {logging_mixin.py:190} INFO - [2024-10-23T04:33:26.667+0000] {dag.py:4180} INFO - Setting next_dagrun for example_params_ui_tutorial to None, run_after=None
[2024-10-23T04:33:26.677+0000] {processor.py:208} INFO - Processing /home/airflow/.local/lib/python3.12/site-packages/airflow/example_dags/example_params_ui_tutorial.py took 0.058 seconds
[2024-10-23T04:33:57.482+0000] {processor.py:186} INFO - Started process (PID=15049) to work on /home/airflow/.local/lib/python3.12/site-packages/airflow/example_dags/example_params_ui_tutorial.py
[2024-10-23T04:33:57.484+0000] {processor.py:914} INFO - Processing file /home/airflow/.local/lib/python3.12/site-packages/airflow/example_dags/example_params_ui_tutorial.py for tasks to queue
[2024-10-23T04:33:57.485+0000] {logging_mixin.py:190} INFO - [2024-10-23T04:33:57.485+0000] {dagbag.py:588} INFO - Filling up the DagBag from /home/airflow/.local/lib/python3.12/site-packages/airflow/example_dags/example_params_ui_tutorial.py
[2024-10-23T04:33:57.493+0000] {processor.py:925} INFO - DAG(s) 'example_params_ui_tutorial' retrieved from /home/airflow/.local/lib/python3.12/site-packages/airflow/example_dags/example_params_ui_tutorial.py
[2024-10-23T04:33:57.527+0000] {logging_mixin.py:190} INFO - [2024-10-23T04:33:57.527+0000] {dag.py:3239} INFO - Sync 1 DAGs
[2024-10-23T04:33:57.539+0000] {logging_mixin.py:190} INFO - [2024-10-23T04:33:57.539+0000] {dag.py:4180} INFO - Setting next_dagrun for example_params_ui_tutorial to None, run_after=None
[2024-10-23T04:33:57.549+0000] {processor.py:208} INFO - Processing /home/airflow/.local/lib/python3.12/site-packages/airflow/example_dags/example_params_ui_tutorial.py took 0.071 seconds
[2024-10-23T04:34:29.056+0000] {processor.py:186} INFO - Started process (PID=15112) to work on /home/airflow/.local/lib/python3.12/site-packages/airflow/example_dags/example_params_ui_tutorial.py
[2024-10-23T04:34:29.057+0000] {processor.py:914} INFO - Processing file /home/airflow/.local/lib/python3.12/site-packages/airflow/example_dags/example_params_ui_tutorial.py for tasks to queue
[2024-10-23T04:34:29.058+0000] {logging_mixin.py:190} INFO - [2024-10-23T04:34:29.058+0000] {dagbag.py:588} INFO - Filling up the DagBag from /home/airflow/.local/lib/python3.12/site-packages/airflow/example_dags/example_params_ui_tutorial.py
[2024-10-23T04:34:29.068+0000] {processor.py:925} INFO - DAG(s) 'example_params_ui_tutorial' retrieved from /home/airflow/.local/lib/python3.12/site-packages/airflow/example_dags/example_params_ui_tutorial.py
[2024-10-23T04:34:29.097+0000] {logging_mixin.py:190} INFO - [2024-10-23T04:34:29.097+0000] {dag.py:3239} INFO - Sync 1 DAGs
[2024-10-23T04:34:29.107+0000] {logging_mixin.py:190} INFO - [2024-10-23T04:34:29.107+0000] {dag.py:4180} INFO - Setting next_dagrun for example_params_ui_tutorial to None, run_after=None
[2024-10-23T04:34:29.118+0000] {processor.py:208} INFO - Processing /home/airflow/.local/lib/python3.12/site-packages/airflow/example_dags/example_params_ui_tutorial.py took 0.070 seconds
[2024-10-23T04:34:59.688+0000] {processor.py:186} INFO - Started process (PID=15175) to work on /home/airflow/.local/lib/python3.12/site-packages/airflow/example_dags/example_params_ui_tutorial.py
[2024-10-23T04:34:59.690+0000] {processor.py:914} INFO - Processing file /home/airflow/.local/lib/python3.12/site-packages/airflow/example_dags/example_params_ui_tutorial.py for tasks to queue
[2024-10-23T04:34:59.693+0000] {logging_mixin.py:190} INFO - [2024-10-23T04:34:59.693+0000] {dagbag.py:588} INFO - Filling up the DagBag from /home/airflow/.local/lib/python3.12/site-packages/airflow/example_dags/example_params_ui_tutorial.py
[2024-10-23T04:34:59.700+0000] {processor.py:925} INFO - DAG(s) 'example_params_ui_tutorial' retrieved from /home/airflow/.local/lib/python3.12/site-packages/airflow/example_dags/example_params_ui_tutorial.py
[2024-10-23T04:34:59.733+0000] {logging_mixin.py:190} INFO - [2024-10-23T04:34:59.733+0000] {dag.py:3239} INFO - Sync 1 DAGs
[2024-10-23T04:34:59.745+0000] {logging_mixin.py:190} INFO - [2024-10-23T04:34:59.745+0000] {dag.py:4180} INFO - Setting next_dagrun for example_params_ui_tutorial to None, run_after=None
[2024-10-23T04:34:59.757+0000] {processor.py:208} INFO - Processing /home/airflow/.local/lib/python3.12/site-packages/airflow/example_dags/example_params_ui_tutorial.py took 0.074 seconds
[2024-10-23T04:35:29.931+0000] {processor.py:186} INFO - Started process (PID=15241) to work on /home/airflow/.local/lib/python3.12/site-packages/airflow/example_dags/example_params_ui_tutorial.py
[2024-10-23T04:35:29.932+0000] {processor.py:914} INFO - Processing file /home/airflow/.local/lib/python3.12/site-packages/airflow/example_dags/example_params_ui_tutorial.py for tasks to queue
[2024-10-23T04:35:29.933+0000] {logging_mixin.py:190} INFO - [2024-10-23T04:35:29.932+0000] {dagbag.py:588} INFO - Filling up the DagBag from /home/airflow/.local/lib/python3.12/site-packages/airflow/example_dags/example_params_ui_tutorial.py
[2024-10-23T04:35:29.939+0000] {processor.py:925} INFO - DAG(s) 'example_params_ui_tutorial' retrieved from /home/airflow/.local/lib/python3.12/site-packages/airflow/example_dags/example_params_ui_tutorial.py
[2024-10-23T04:35:29.973+0000] {logging_mixin.py:190} INFO - [2024-10-23T04:35:29.972+0000] {dag.py:3239} INFO - Sync 1 DAGs
[2024-10-23T04:35:29.988+0000] {logging_mixin.py:190} INFO - [2024-10-23T04:35:29.987+0000] {dag.py:4180} INFO - Setting next_dagrun for example_params_ui_tutorial to None, run_after=None
[2024-10-23T04:35:30.001+0000] {processor.py:208} INFO - Processing /home/airflow/.local/lib/python3.12/site-packages/airflow/example_dags/example_params_ui_tutorial.py took 0.074 seconds
[2024-10-23T04:36:00.620+0000] {processor.py:186} INFO - Started process (PID=15305) to work on /home/airflow/.local/lib/python3.12/site-packages/airflow/example_dags/example_params_ui_tutorial.py
[2024-10-23T04:36:00.622+0000] {processor.py:914} INFO - Processing file /home/airflow/.local/lib/python3.12/site-packages/airflow/example_dags/example_params_ui_tutorial.py for tasks to queue
[2024-10-23T04:36:00.623+0000] {logging_mixin.py:190} INFO - [2024-10-23T04:36:00.623+0000] {dagbag.py:588} INFO - Filling up the DagBag from /home/airflow/.local/lib/python3.12/site-packages/airflow/example_dags/example_params_ui_tutorial.py
[2024-10-23T04:36:00.634+0000] {processor.py:925} INFO - DAG(s) 'example_params_ui_tutorial' retrieved from /home/airflow/.local/lib/python3.12/site-packages/airflow/example_dags/example_params_ui_tutorial.py
[2024-10-23T04:36:00.674+0000] {logging_mixin.py:190} INFO - [2024-10-23T04:36:00.673+0000] {dag.py:3239} INFO - Sync 1 DAGs
[2024-10-23T04:36:00.736+0000] {logging_mixin.py:190} INFO - [2024-10-23T04:36:00.734+0000] {dag.py:4180} INFO - Setting next_dagrun for example_params_ui_tutorial to None, run_after=None
[2024-10-23T04:36:00.764+0000] {processor.py:208} INFO - Processing /home/airflow/.local/lib/python3.12/site-packages/airflow/example_dags/example_params_ui_tutorial.py took 0.151 seconds
[2024-10-23T04:36:32.135+0000] {processor.py:186} INFO - Started process (PID=15370) to work on /home/airflow/.local/lib/python3.12/site-packages/airflow/example_dags/example_params_ui_tutorial.py
[2024-10-23T04:36:32.197+0000] {processor.py:914} INFO - Processing file /home/airflow/.local/lib/python3.12/site-packages/airflow/example_dags/example_params_ui_tutorial.py for tasks to queue
[2024-10-23T04:36:32.204+0000] {logging_mixin.py:190} INFO - [2024-10-23T04:36:32.203+0000] {dagbag.py:588} INFO - Filling up the DagBag from /home/airflow/.local/lib/python3.12/site-packages/airflow/example_dags/example_params_ui_tutorial.py
[2024-10-23T04:36:32.257+0000] {processor.py:925} INFO - DAG(s) 'example_params_ui_tutorial' retrieved from /home/airflow/.local/lib/python3.12/site-packages/airflow/example_dags/example_params_ui_tutorial.py
[2024-10-23T04:36:32.381+0000] {logging_mixin.py:190} INFO - [2024-10-23T04:36:32.380+0000] {dag.py:3239} INFO - Sync 1 DAGs
[2024-10-23T04:36:32.426+0000] {logging_mixin.py:190} INFO - [2024-10-23T04:36:32.425+0000] {dag.py:4180} INFO - Setting next_dagrun for example_params_ui_tutorial to None, run_after=None
[2024-10-23T04:36:32.566+0000] {processor.py:208} INFO - Processing /home/airflow/.local/lib/python3.12/site-packages/airflow/example_dags/example_params_ui_tutorial.py took 0.448 seconds
[2024-10-23T04:37:03.164+0000] {processor.py:186} INFO - Started process (PID=15433) to work on /home/airflow/.local/lib/python3.12/site-packages/airflow/example_dags/example_params_ui_tutorial.py
[2024-10-23T04:37:03.166+0000] {processor.py:914} INFO - Processing file /home/airflow/.local/lib/python3.12/site-packages/airflow/example_dags/example_params_ui_tutorial.py for tasks to queue
[2024-10-23T04:37:03.168+0000] {logging_mixin.py:190} INFO - [2024-10-23T04:37:03.168+0000] {dagbag.py:588} INFO - Filling up the DagBag from /home/airflow/.local/lib/python3.12/site-packages/airflow/example_dags/example_params_ui_tutorial.py
[2024-10-23T04:37:03.176+0000] {processor.py:925} INFO - DAG(s) 'example_params_ui_tutorial' retrieved from /home/airflow/.local/lib/python3.12/site-packages/airflow/example_dags/example_params_ui_tutorial.py
[2024-10-23T04:37:03.212+0000] {logging_mixin.py:190} INFO - [2024-10-23T04:37:03.211+0000] {dag.py:3239} INFO - Sync 1 DAGs
[2024-10-23T04:37:03.222+0000] {logging_mixin.py:190} INFO - [2024-10-23T04:37:03.222+0000] {dag.py:4180} INFO - Setting next_dagrun for example_params_ui_tutorial to None, run_after=None
[2024-10-23T04:37:03.235+0000] {processor.py:208} INFO - Processing /home/airflow/.local/lib/python3.12/site-packages/airflow/example_dags/example_params_ui_tutorial.py took 0.078 seconds
[2024-10-23T04:37:33.738+0000] {processor.py:186} INFO - Started process (PID=15496) to work on /home/airflow/.local/lib/python3.12/site-packages/airflow/example_dags/example_params_ui_tutorial.py
[2024-10-23T04:37:33.746+0000] {processor.py:914} INFO - Processing file /home/airflow/.local/lib/python3.12/site-packages/airflow/example_dags/example_params_ui_tutorial.py for tasks to queue
[2024-10-23T04:37:33.747+0000] {logging_mixin.py:190} INFO - [2024-10-23T04:37:33.746+0000] {dagbag.py:588} INFO - Filling up the DagBag from /home/airflow/.local/lib/python3.12/site-packages/airflow/example_dags/example_params_ui_tutorial.py
[2024-10-23T04:37:33.758+0000] {processor.py:925} INFO - DAG(s) 'example_params_ui_tutorial' retrieved from /home/airflow/.local/lib/python3.12/site-packages/airflow/example_dags/example_params_ui_tutorial.py
[2024-10-23T04:37:33.812+0000] {logging_mixin.py:190} INFO - [2024-10-23T04:37:33.812+0000] {dag.py:3239} INFO - Sync 1 DAGs
[2024-10-23T04:37:33.825+0000] {logging_mixin.py:190} INFO - [2024-10-23T04:37:33.825+0000] {dag.py:4180} INFO - Setting next_dagrun for example_params_ui_tutorial to None, run_after=None
[2024-10-23T04:37:33.844+0000] {processor.py:208} INFO - Processing /home/airflow/.local/lib/python3.12/site-packages/airflow/example_dags/example_params_ui_tutorial.py took 0.111 seconds
[2024-10-23T04:38:04.049+0000] {processor.py:186} INFO - Started process (PID=15559) to work on /home/airflow/.local/lib/python3.12/site-packages/airflow/example_dags/example_params_ui_tutorial.py
[2024-10-23T04:38:04.055+0000] {processor.py:914} INFO - Processing file /home/airflow/.local/lib/python3.12/site-packages/airflow/example_dags/example_params_ui_tutorial.py for tasks to queue
[2024-10-23T04:38:04.056+0000] {logging_mixin.py:190} INFO - [2024-10-23T04:38:04.056+0000] {dagbag.py:588} INFO - Filling up the DagBag from /home/airflow/.local/lib/python3.12/site-packages/airflow/example_dags/example_params_ui_tutorial.py
[2024-10-23T04:38:04.066+0000] {processor.py:925} INFO - DAG(s) 'example_params_ui_tutorial' retrieved from /home/airflow/.local/lib/python3.12/site-packages/airflow/example_dags/example_params_ui_tutorial.py
[2024-10-23T04:38:04.103+0000] {logging_mixin.py:190} INFO - [2024-10-23T04:38:04.103+0000] {dag.py:3239} INFO - Sync 1 DAGs
[2024-10-23T04:38:04.115+0000] {logging_mixin.py:190} INFO - [2024-10-23T04:38:04.115+0000] {dag.py:4180} INFO - Setting next_dagrun for example_params_ui_tutorial to None, run_after=None
[2024-10-23T04:38:04.128+0000] {processor.py:208} INFO - Processing /home/airflow/.local/lib/python3.12/site-packages/airflow/example_dags/example_params_ui_tutorial.py took 0.087 seconds
[2024-10-23T04:38:34.290+0000] {processor.py:186} INFO - Started process (PID=15622) to work on /home/airflow/.local/lib/python3.12/site-packages/airflow/example_dags/example_params_ui_tutorial.py
[2024-10-23T04:38:34.292+0000] {processor.py:914} INFO - Processing file /home/airflow/.local/lib/python3.12/site-packages/airflow/example_dags/example_params_ui_tutorial.py for tasks to queue
[2024-10-23T04:38:34.298+0000] {logging_mixin.py:190} INFO - [2024-10-23T04:38:34.295+0000] {dagbag.py:588} INFO - Filling up the DagBag from /home/airflow/.local/lib/python3.12/site-packages/airflow/example_dags/example_params_ui_tutorial.py
[2024-10-23T04:38:34.321+0000] {processor.py:925} INFO - DAG(s) 'example_params_ui_tutorial' retrieved from /home/airflow/.local/lib/python3.12/site-packages/airflow/example_dags/example_params_ui_tutorial.py
[2024-10-23T04:38:34.357+0000] {logging_mixin.py:190} INFO - [2024-10-23T04:38:34.357+0000] {dag.py:3239} INFO - Sync 1 DAGs
[2024-10-23T04:38:34.369+0000] {logging_mixin.py:190} INFO - [2024-10-23T04:38:34.369+0000] {dag.py:4180} INFO - Setting next_dagrun for example_params_ui_tutorial to None, run_after=None
[2024-10-23T04:38:34.383+0000] {processor.py:208} INFO - Processing /home/airflow/.local/lib/python3.12/site-packages/airflow/example_dags/example_params_ui_tutorial.py took 0.099 seconds
[2024-10-23T04:39:05.352+0000] {processor.py:186} INFO - Started process (PID=15685) to work on /home/airflow/.local/lib/python3.12/site-packages/airflow/example_dags/example_params_ui_tutorial.py
[2024-10-23T04:39:05.366+0000] {processor.py:914} INFO - Processing file /home/airflow/.local/lib/python3.12/site-packages/airflow/example_dags/example_params_ui_tutorial.py for tasks to queue
[2024-10-23T04:39:05.400+0000] {logging_mixin.py:190} INFO - [2024-10-23T04:39:05.381+0000] {dagbag.py:588} INFO - Filling up the DagBag from /home/airflow/.local/lib/python3.12/site-packages/airflow/example_dags/example_params_ui_tutorial.py
[2024-10-23T04:39:05.474+0000] {processor.py:925} INFO - DAG(s) 'example_params_ui_tutorial' retrieved from /home/airflow/.local/lib/python3.12/site-packages/airflow/example_dags/example_params_ui_tutorial.py
[2024-10-23T04:39:05.606+0000] {logging_mixin.py:190} INFO - [2024-10-23T04:39:05.606+0000] {dag.py:3239} INFO - Sync 1 DAGs
[2024-10-23T04:39:05.650+0000] {logging_mixin.py:190} INFO - [2024-10-23T04:39:05.648+0000] {dag.py:4180} INFO - Setting next_dagrun for example_params_ui_tutorial to None, run_after=None
[2024-10-23T04:39:05.765+0000] {processor.py:208} INFO - Processing /home/airflow/.local/lib/python3.12/site-packages/airflow/example_dags/example_params_ui_tutorial.py took 0.664 seconds
[2024-10-23T04:39:36.763+0000] {processor.py:186} INFO - Started process (PID=15748) to work on /home/airflow/.local/lib/python3.12/site-packages/airflow/example_dags/example_params_ui_tutorial.py
[2024-10-23T04:39:36.765+0000] {processor.py:914} INFO - Processing file /home/airflow/.local/lib/python3.12/site-packages/airflow/example_dags/example_params_ui_tutorial.py for tasks to queue
[2024-10-23T04:39:36.767+0000] {logging_mixin.py:190} INFO - [2024-10-23T04:39:36.767+0000] {dagbag.py:588} INFO - Filling up the DagBag from /home/airflow/.local/lib/python3.12/site-packages/airflow/example_dags/example_params_ui_tutorial.py
[2024-10-23T04:39:36.799+0000] {processor.py:925} INFO - DAG(s) 'example_params_ui_tutorial' retrieved from /home/airflow/.local/lib/python3.12/site-packages/airflow/example_dags/example_params_ui_tutorial.py
[2024-10-23T04:39:37.703+0000] {logging_mixin.py:190} INFO - [2024-10-23T04:39:37.702+0000] {dag.py:3239} INFO - Sync 1 DAGs
[2024-10-23T04:39:37.721+0000] {logging_mixin.py:190} INFO - [2024-10-23T04:39:37.721+0000] {dag.py:4180} INFO - Setting next_dagrun for example_params_ui_tutorial to None, run_after=None
[2024-10-23T04:39:37.743+0000] {processor.py:208} INFO - Processing /home/airflow/.local/lib/python3.12/site-packages/airflow/example_dags/example_params_ui_tutorial.py took 0.996 seconds
[2024-10-23T04:40:08.720+0000] {processor.py:186} INFO - Started process (PID=15811) to work on /home/airflow/.local/lib/python3.12/site-packages/airflow/example_dags/example_params_ui_tutorial.py
[2024-10-23T04:40:08.722+0000] {processor.py:914} INFO - Processing file /home/airflow/.local/lib/python3.12/site-packages/airflow/example_dags/example_params_ui_tutorial.py for tasks to queue
[2024-10-23T04:40:08.724+0000] {logging_mixin.py:190} INFO - [2024-10-23T04:40:08.723+0000] {dagbag.py:588} INFO - Filling up the DagBag from /home/airflow/.local/lib/python3.12/site-packages/airflow/example_dags/example_params_ui_tutorial.py
[2024-10-23T04:40:08.734+0000] {processor.py:925} INFO - DAG(s) 'example_params_ui_tutorial' retrieved from /home/airflow/.local/lib/python3.12/site-packages/airflow/example_dags/example_params_ui_tutorial.py
[2024-10-23T04:40:08.774+0000] {logging_mixin.py:190} INFO - [2024-10-23T04:40:08.773+0000] {dag.py:3239} INFO - Sync 1 DAGs
[2024-10-23T04:40:09.000+0000] {logging_mixin.py:190} INFO - [2024-10-23T04:40:09.000+0000] {dag.py:4180} INFO - Setting next_dagrun for example_params_ui_tutorial to None, run_after=None
[2024-10-23T04:40:09.015+0000] {processor.py:208} INFO - Processing /home/airflow/.local/lib/python3.12/site-packages/airflow/example_dags/example_params_ui_tutorial.py took 0.306 seconds
[2024-10-23T04:40:39.565+0000] {processor.py:186} INFO - Started process (PID=15874) to work on /home/airflow/.local/lib/python3.12/site-packages/airflow/example_dags/example_params_ui_tutorial.py
[2024-10-23T04:40:39.570+0000] {processor.py:914} INFO - Processing file /home/airflow/.local/lib/python3.12/site-packages/airflow/example_dags/example_params_ui_tutorial.py for tasks to queue
[2024-10-23T04:40:39.575+0000] {logging_mixin.py:190} INFO - [2024-10-23T04:40:39.574+0000] {dagbag.py:588} INFO - Filling up the DagBag from /home/airflow/.local/lib/python3.12/site-packages/airflow/example_dags/example_params_ui_tutorial.py
[2024-10-23T04:40:39.608+0000] {processor.py:925} INFO - DAG(s) 'example_params_ui_tutorial' retrieved from /home/airflow/.local/lib/python3.12/site-packages/airflow/example_dags/example_params_ui_tutorial.py
[2024-10-23T04:40:39.710+0000] {logging_mixin.py:190} INFO - [2024-10-23T04:40:39.710+0000] {dag.py:3239} INFO - Sync 1 DAGs
[2024-10-23T04:40:39.749+0000] {logging_mixin.py:190} INFO - [2024-10-23T04:40:39.749+0000] {dag.py:4180} INFO - Setting next_dagrun for example_params_ui_tutorial to None, run_after=None
[2024-10-23T04:40:39.775+0000] {processor.py:208} INFO - Processing /home/airflow/.local/lib/python3.12/site-packages/airflow/example_dags/example_params_ui_tutorial.py took 0.265 seconds
[2024-10-23T04:41:10.390+0000] {processor.py:186} INFO - Started process (PID=15937) to work on /home/airflow/.local/lib/python3.12/site-packages/airflow/example_dags/example_params_ui_tutorial.py
[2024-10-23T04:41:10.394+0000] {processor.py:914} INFO - Processing file /home/airflow/.local/lib/python3.12/site-packages/airflow/example_dags/example_params_ui_tutorial.py for tasks to queue
[2024-10-23T04:41:10.396+0000] {logging_mixin.py:190} INFO - [2024-10-23T04:41:10.396+0000] {dagbag.py:588} INFO - Filling up the DagBag from /home/airflow/.local/lib/python3.12/site-packages/airflow/example_dags/example_params_ui_tutorial.py
[2024-10-23T04:41:10.407+0000] {processor.py:925} INFO - DAG(s) 'example_params_ui_tutorial' retrieved from /home/airflow/.local/lib/python3.12/site-packages/airflow/example_dags/example_params_ui_tutorial.py
[2024-10-23T04:41:10.446+0000] {logging_mixin.py:190} INFO - [2024-10-23T04:41:10.446+0000] {dag.py:3239} INFO - Sync 1 DAGs
[2024-10-23T04:41:10.458+0000] {logging_mixin.py:190} INFO - [2024-10-23T04:41:10.458+0000] {dag.py:4180} INFO - Setting next_dagrun for example_params_ui_tutorial to None, run_after=None
[2024-10-23T04:41:10.472+0000] {processor.py:208} INFO - Processing /home/airflow/.local/lib/python3.12/site-packages/airflow/example_dags/example_params_ui_tutorial.py took 0.092 seconds
[2024-10-23T04:41:41.018+0000] {processor.py:186} INFO - Started process (PID=16000) to work on /home/airflow/.local/lib/python3.12/site-packages/airflow/example_dags/example_params_ui_tutorial.py
[2024-10-23T04:41:41.021+0000] {processor.py:914} INFO - Processing file /home/airflow/.local/lib/python3.12/site-packages/airflow/example_dags/example_params_ui_tutorial.py for tasks to queue
[2024-10-23T04:41:41.023+0000] {logging_mixin.py:190} INFO - [2024-10-23T04:41:41.022+0000] {dagbag.py:588} INFO - Filling up the DagBag from /home/airflow/.local/lib/python3.12/site-packages/airflow/example_dags/example_params_ui_tutorial.py
[2024-10-23T04:41:41.038+0000] {processor.py:925} INFO - DAG(s) 'example_params_ui_tutorial' retrieved from /home/airflow/.local/lib/python3.12/site-packages/airflow/example_dags/example_params_ui_tutorial.py
[2024-10-23T04:41:41.106+0000] {logging_mixin.py:190} INFO - [2024-10-23T04:41:41.106+0000] {dag.py:3239} INFO - Sync 1 DAGs
[2024-10-23T04:41:41.126+0000] {logging_mixin.py:190} INFO - [2024-10-23T04:41:41.125+0000] {dag.py:4180} INFO - Setting next_dagrun for example_params_ui_tutorial to None, run_after=None
[2024-10-23T04:41:41.142+0000] {processor.py:208} INFO - Processing /home/airflow/.local/lib/python3.12/site-packages/airflow/example_dags/example_params_ui_tutorial.py took 0.140 seconds
[2024-10-23T04:42:12.091+0000] {processor.py:186} INFO - Started process (PID=16063) to work on /home/airflow/.local/lib/python3.12/site-packages/airflow/example_dags/example_params_ui_tutorial.py
[2024-10-23T04:42:12.093+0000] {processor.py:914} INFO - Processing file /home/airflow/.local/lib/python3.12/site-packages/airflow/example_dags/example_params_ui_tutorial.py for tasks to queue
[2024-10-23T04:42:12.096+0000] {logging_mixin.py:190} INFO - [2024-10-23T04:42:12.095+0000] {dagbag.py:588} INFO - Filling up the DagBag from /home/airflow/.local/lib/python3.12/site-packages/airflow/example_dags/example_params_ui_tutorial.py
[2024-10-23T04:42:12.117+0000] {processor.py:925} INFO - DAG(s) 'example_params_ui_tutorial' retrieved from /home/airflow/.local/lib/python3.12/site-packages/airflow/example_dags/example_params_ui_tutorial.py
[2024-10-23T04:42:12.188+0000] {logging_mixin.py:190} INFO - [2024-10-23T04:42:12.188+0000] {dag.py:3239} INFO - Sync 1 DAGs
[2024-10-23T04:42:12.203+0000] {logging_mixin.py:190} INFO - [2024-10-23T04:42:12.203+0000] {dag.py:4180} INFO - Setting next_dagrun for example_params_ui_tutorial to None, run_after=None
[2024-10-23T04:42:12.222+0000] {processor.py:208} INFO - Processing /home/airflow/.local/lib/python3.12/site-packages/airflow/example_dags/example_params_ui_tutorial.py took 0.143 seconds
[2024-10-23T04:42:42.269+0000] {processor.py:186} INFO - Started process (PID=16126) to work on /home/airflow/.local/lib/python3.12/site-packages/airflow/example_dags/example_params_ui_tutorial.py
[2024-10-23T04:42:42.271+0000] {processor.py:914} INFO - Processing file /home/airflow/.local/lib/python3.12/site-packages/airflow/example_dags/example_params_ui_tutorial.py for tasks to queue
[2024-10-23T04:42:42.273+0000] {logging_mixin.py:190} INFO - [2024-10-23T04:42:42.272+0000] {dagbag.py:588} INFO - Filling up the DagBag from /home/airflow/.local/lib/python3.12/site-packages/airflow/example_dags/example_params_ui_tutorial.py
[2024-10-23T04:42:42.286+0000] {processor.py:925} INFO - DAG(s) 'example_params_ui_tutorial' retrieved from /home/airflow/.local/lib/python3.12/site-packages/airflow/example_dags/example_params_ui_tutorial.py
[2024-10-23T04:42:42.329+0000] {logging_mixin.py:190} INFO - [2024-10-23T04:42:42.329+0000] {dag.py:3239} INFO - Sync 1 DAGs
[2024-10-23T04:42:42.344+0000] {logging_mixin.py:190} INFO - [2024-10-23T04:42:42.344+0000] {dag.py:4180} INFO - Setting next_dagrun for example_params_ui_tutorial to None, run_after=None
[2024-10-23T04:42:42.361+0000] {processor.py:208} INFO - Processing /home/airflow/.local/lib/python3.12/site-packages/airflow/example_dags/example_params_ui_tutorial.py took 0.100 seconds
[2024-10-23T04:43:12.409+0000] {processor.py:186} INFO - Started process (PID=16189) to work on /home/airflow/.local/lib/python3.12/site-packages/airflow/example_dags/example_params_ui_tutorial.py
[2024-10-23T04:43:12.411+0000] {processor.py:914} INFO - Processing file /home/airflow/.local/lib/python3.12/site-packages/airflow/example_dags/example_params_ui_tutorial.py for tasks to queue
[2024-10-23T04:43:12.412+0000] {logging_mixin.py:190} INFO - [2024-10-23T04:43:12.412+0000] {dagbag.py:588} INFO - Filling up the DagBag from /home/airflow/.local/lib/python3.12/site-packages/airflow/example_dags/example_params_ui_tutorial.py
[2024-10-23T04:43:12.420+0000] {processor.py:925} INFO - DAG(s) 'example_params_ui_tutorial' retrieved from /home/airflow/.local/lib/python3.12/site-packages/airflow/example_dags/example_params_ui_tutorial.py
[2024-10-23T04:43:12.465+0000] {logging_mixin.py:190} INFO - [2024-10-23T04:43:12.465+0000] {dag.py:3239} INFO - Sync 1 DAGs
[2024-10-23T04:43:12.477+0000] {logging_mixin.py:190} INFO - [2024-10-23T04:43:12.477+0000] {dag.py:4180} INFO - Setting next_dagrun for example_params_ui_tutorial to None, run_after=None
[2024-10-23T04:43:12.493+0000] {processor.py:208} INFO - Processing /home/airflow/.local/lib/python3.12/site-packages/airflow/example_dags/example_params_ui_tutorial.py took 0.092 seconds
[2024-10-23T04:43:43.420+0000] {processor.py:186} INFO - Started process (PID=16252) to work on /home/airflow/.local/lib/python3.12/site-packages/airflow/example_dags/example_params_ui_tutorial.py
[2024-10-23T04:43:43.423+0000] {processor.py:914} INFO - Processing file /home/airflow/.local/lib/python3.12/site-packages/airflow/example_dags/example_params_ui_tutorial.py for tasks to queue
[2024-10-23T04:43:43.426+0000] {logging_mixin.py:190} INFO - [2024-10-23T04:43:43.425+0000] {dagbag.py:588} INFO - Filling up the DagBag from /home/airflow/.local/lib/python3.12/site-packages/airflow/example_dags/example_params_ui_tutorial.py
[2024-10-23T04:43:43.445+0000] {processor.py:925} INFO - DAG(s) 'example_params_ui_tutorial' retrieved from /home/airflow/.local/lib/python3.12/site-packages/airflow/example_dags/example_params_ui_tutorial.py
[2024-10-23T04:43:43.503+0000] {logging_mixin.py:190} INFO - [2024-10-23T04:43:43.503+0000] {dag.py:3239} INFO - Sync 1 DAGs
[2024-10-23T04:43:43.520+0000] {logging_mixin.py:190} INFO - [2024-10-23T04:43:43.520+0000] {dag.py:4180} INFO - Setting next_dagrun for example_params_ui_tutorial to None, run_after=None
[2024-10-23T04:43:43.539+0000] {processor.py:208} INFO - Processing /home/airflow/.local/lib/python3.12/site-packages/airflow/example_dags/example_params_ui_tutorial.py took 0.143 seconds
[2024-10-23T04:44:14.500+0000] {processor.py:186} INFO - Started process (PID=16315) to work on /home/airflow/.local/lib/python3.12/site-packages/airflow/example_dags/example_params_ui_tutorial.py
[2024-10-23T04:44:14.504+0000] {processor.py:914} INFO - Processing file /home/airflow/.local/lib/python3.12/site-packages/airflow/example_dags/example_params_ui_tutorial.py for tasks to queue
[2024-10-23T04:44:14.506+0000] {logging_mixin.py:190} INFO - [2024-10-23T04:44:14.506+0000] {dagbag.py:588} INFO - Filling up the DagBag from /home/airflow/.local/lib/python3.12/site-packages/airflow/example_dags/example_params_ui_tutorial.py
[2024-10-23T04:44:14.523+0000] {processor.py:925} INFO - DAG(s) 'example_params_ui_tutorial' retrieved from /home/airflow/.local/lib/python3.12/site-packages/airflow/example_dags/example_params_ui_tutorial.py
[2024-10-23T04:44:14.572+0000] {logging_mixin.py:190} INFO - [2024-10-23T04:44:14.571+0000] {dag.py:3239} INFO - Sync 1 DAGs
[2024-10-23T04:44:14.595+0000] {logging_mixin.py:190} INFO - [2024-10-23T04:44:14.595+0000] {dag.py:4180} INFO - Setting next_dagrun for example_params_ui_tutorial to None, run_after=None
[2024-10-23T04:44:14.610+0000] {processor.py:208} INFO - Processing /home/airflow/.local/lib/python3.12/site-packages/airflow/example_dags/example_params_ui_tutorial.py took 0.123 seconds
[2024-10-23T04:44:44.742+0000] {processor.py:186} INFO - Started process (PID=16378) to work on /home/airflow/.local/lib/python3.12/site-packages/airflow/example_dags/example_params_ui_tutorial.py
[2024-10-23T04:44:44.750+0000] {processor.py:914} INFO - Processing file /home/airflow/.local/lib/python3.12/site-packages/airflow/example_dags/example_params_ui_tutorial.py for tasks to queue
[2024-10-23T04:44:44.765+0000] {logging_mixin.py:190} INFO - [2024-10-23T04:44:44.763+0000] {dagbag.py:588} INFO - Filling up the DagBag from /home/airflow/.local/lib/python3.12/site-packages/airflow/example_dags/example_params_ui_tutorial.py
[2024-10-23T04:44:44.800+0000] {processor.py:925} INFO - DAG(s) 'example_params_ui_tutorial' retrieved from /home/airflow/.local/lib/python3.12/site-packages/airflow/example_dags/example_params_ui_tutorial.py
[2024-10-23T04:44:44.868+0000] {logging_mixin.py:190} INFO - [2024-10-23T04:44:44.868+0000] {dag.py:3239} INFO - Sync 1 DAGs
[2024-10-23T04:44:44.888+0000] {logging_mixin.py:190} INFO - [2024-10-23T04:44:44.887+0000] {dag.py:4180} INFO - Setting next_dagrun for example_params_ui_tutorial to None, run_after=None
[2024-10-23T04:44:44.909+0000] {processor.py:208} INFO - Processing /home/airflow/.local/lib/python3.12/site-packages/airflow/example_dags/example_params_ui_tutorial.py took 0.199 seconds
[2024-10-23T04:45:15.130+0000] {processor.py:186} INFO - Started process (PID=16441) to work on /home/airflow/.local/lib/python3.12/site-packages/airflow/example_dags/example_params_ui_tutorial.py
[2024-10-23T04:45:15.132+0000] {processor.py:914} INFO - Processing file /home/airflow/.local/lib/python3.12/site-packages/airflow/example_dags/example_params_ui_tutorial.py for tasks to queue
[2024-10-23T04:45:15.134+0000] {logging_mixin.py:190} INFO - [2024-10-23T04:45:15.133+0000] {dagbag.py:588} INFO - Filling up the DagBag from /home/airflow/.local/lib/python3.12/site-packages/airflow/example_dags/example_params_ui_tutorial.py
[2024-10-23T04:45:15.143+0000] {processor.py:925} INFO - DAG(s) 'example_params_ui_tutorial' retrieved from /home/airflow/.local/lib/python3.12/site-packages/airflow/example_dags/example_params_ui_tutorial.py
[2024-10-23T04:45:15.178+0000] {logging_mixin.py:190} INFO - [2024-10-23T04:45:15.178+0000] {dag.py:3239} INFO - Sync 1 DAGs
[2024-10-23T04:45:15.192+0000] {logging_mixin.py:190} INFO - [2024-10-23T04:45:15.192+0000] {dag.py:4180} INFO - Setting next_dagrun for example_params_ui_tutorial to None, run_after=None
[2024-10-23T04:45:15.206+0000] {processor.py:208} INFO - Processing /home/airflow/.local/lib/python3.12/site-packages/airflow/example_dags/example_params_ui_tutorial.py took 0.086 seconds
[2024-10-23T07:12:05.044+0000] {processor.py:186} INFO - Started process (PID=34460) to work on /home/airflow/.local/lib/python3.12/site-packages/airflow/example_dags/example_params_ui_tutorial.py
[2024-10-23T07:12:05.049+0000] {processor.py:914} INFO - Processing file /home/airflow/.local/lib/python3.12/site-packages/airflow/example_dags/example_params_ui_tutorial.py for tasks to queue
[2024-10-23T07:12:05.051+0000] {logging_mixin.py:190} INFO - [2024-10-23T07:12:05.051+0000] {dagbag.py:588} INFO - Filling up the DagBag from /home/airflow/.local/lib/python3.12/site-packages/airflow/example_dags/example_params_ui_tutorial.py
[2024-10-23T07:12:05.060+0000] {processor.py:925} INFO - DAG(s) 'example_params_ui_tutorial' retrieved from /home/airflow/.local/lib/python3.12/site-packages/airflow/example_dags/example_params_ui_tutorial.py
[2024-10-23T07:12:05.094+0000] {logging_mixin.py:190} INFO - [2024-10-23T07:12:05.094+0000] {dag.py:3239} INFO - Sync 1 DAGs
[2024-10-23T07:12:05.106+0000] {logging_mixin.py:190} INFO - [2024-10-23T07:12:05.105+0000] {dag.py:4180} INFO - Setting next_dagrun for example_params_ui_tutorial to None, run_after=None
[2024-10-23T07:12:05.118+0000] {processor.py:208} INFO - Processing /home/airflow/.local/lib/python3.12/site-packages/airflow/example_dags/example_params_ui_tutorial.py took 0.081 seconds
[2024-10-23T07:12:35.477+0000] {processor.py:186} INFO - Started process (PID=34522) to work on /home/airflow/.local/lib/python3.12/site-packages/airflow/example_dags/example_params_ui_tutorial.py
[2024-10-23T07:12:35.481+0000] {processor.py:914} INFO - Processing file /home/airflow/.local/lib/python3.12/site-packages/airflow/example_dags/example_params_ui_tutorial.py for tasks to queue
[2024-10-23T07:12:35.484+0000] {logging_mixin.py:190} INFO - [2024-10-23T07:12:35.483+0000] {dagbag.py:588} INFO - Filling up the DagBag from /home/airflow/.local/lib/python3.12/site-packages/airflow/example_dags/example_params_ui_tutorial.py
[2024-10-23T07:12:35.508+0000] {processor.py:925} INFO - DAG(s) 'example_params_ui_tutorial' retrieved from /home/airflow/.local/lib/python3.12/site-packages/airflow/example_dags/example_params_ui_tutorial.py
[2024-10-23T07:12:35.578+0000] {logging_mixin.py:190} INFO - [2024-10-23T07:12:35.577+0000] {dag.py:3239} INFO - Sync 1 DAGs
[2024-10-23T07:12:35.597+0000] {logging_mixin.py:190} INFO - [2024-10-23T07:12:35.597+0000] {dag.py:4180} INFO - Setting next_dagrun for example_params_ui_tutorial to None, run_after=None
[2024-10-23T07:12:35.619+0000] {processor.py:208} INFO - Processing /home/airflow/.local/lib/python3.12/site-packages/airflow/example_dags/example_params_ui_tutorial.py took 0.180 seconds
[2024-10-23T07:13:05.733+0000] {processor.py:186} INFO - Started process (PID=34585) to work on /home/airflow/.local/lib/python3.12/site-packages/airflow/example_dags/example_params_ui_tutorial.py
[2024-10-23T07:13:05.735+0000] {processor.py:914} INFO - Processing file /home/airflow/.local/lib/python3.12/site-packages/airflow/example_dags/example_params_ui_tutorial.py for tasks to queue
[2024-10-23T07:13:05.736+0000] {logging_mixin.py:190} INFO - [2024-10-23T07:13:05.735+0000] {dagbag.py:588} INFO - Filling up the DagBag from /home/airflow/.local/lib/python3.12/site-packages/airflow/example_dags/example_params_ui_tutorial.py
[2024-10-23T07:13:05.746+0000] {processor.py:925} INFO - DAG(s) 'example_params_ui_tutorial' retrieved from /home/airflow/.local/lib/python3.12/site-packages/airflow/example_dags/example_params_ui_tutorial.py
[2024-10-23T07:13:05.783+0000] {logging_mixin.py:190} INFO - [2024-10-23T07:13:05.783+0000] {dag.py:3239} INFO - Sync 1 DAGs
[2024-10-23T07:13:05.793+0000] {logging_mixin.py:190} INFO - [2024-10-23T07:13:05.793+0000] {dag.py:4180} INFO - Setting next_dagrun for example_params_ui_tutorial to None, run_after=None
[2024-10-23T07:13:05.808+0000] {processor.py:208} INFO - Processing /home/airflow/.local/lib/python3.12/site-packages/airflow/example_dags/example_params_ui_tutorial.py took 0.082 seconds
[2024-10-23T07:13:36.337+0000] {processor.py:186} INFO - Started process (PID=34648) to work on /home/airflow/.local/lib/python3.12/site-packages/airflow/example_dags/example_params_ui_tutorial.py
[2024-10-23T07:13:36.338+0000] {processor.py:914} INFO - Processing file /home/airflow/.local/lib/python3.12/site-packages/airflow/example_dags/example_params_ui_tutorial.py for tasks to queue
[2024-10-23T07:13:36.339+0000] {logging_mixin.py:190} INFO - [2024-10-23T07:13:36.339+0000] {dagbag.py:588} INFO - Filling up the DagBag from /home/airflow/.local/lib/python3.12/site-packages/airflow/example_dags/example_params_ui_tutorial.py
[2024-10-23T07:13:36.347+0000] {processor.py:925} INFO - DAG(s) 'example_params_ui_tutorial' retrieved from /home/airflow/.local/lib/python3.12/site-packages/airflow/example_dags/example_params_ui_tutorial.py
[2024-10-23T07:13:36.386+0000] {logging_mixin.py:190} INFO - [2024-10-23T07:13:36.386+0000] {dag.py:3239} INFO - Sync 1 DAGs
[2024-10-23T07:13:36.396+0000] {logging_mixin.py:190} INFO - [2024-10-23T07:13:36.396+0000] {dag.py:4180} INFO - Setting next_dagrun for example_params_ui_tutorial to None, run_after=None
[2024-10-23T07:13:36.414+0000] {processor.py:208} INFO - Processing /home/airflow/.local/lib/python3.12/site-packages/airflow/example_dags/example_params_ui_tutorial.py took 0.083 seconds
[2024-10-23T07:14:07.012+0000] {processor.py:186} INFO - Started process (PID=34711) to work on /home/airflow/.local/lib/python3.12/site-packages/airflow/example_dags/example_params_ui_tutorial.py
[2024-10-23T07:14:07.017+0000] {processor.py:914} INFO - Processing file /home/airflow/.local/lib/python3.12/site-packages/airflow/example_dags/example_params_ui_tutorial.py for tasks to queue
[2024-10-23T07:14:07.020+0000] {logging_mixin.py:190} INFO - [2024-10-23T07:14:07.019+0000] {dagbag.py:588} INFO - Filling up the DagBag from /home/airflow/.local/lib/python3.12/site-packages/airflow/example_dags/example_params_ui_tutorial.py
[2024-10-23T07:14:07.028+0000] {processor.py:925} INFO - DAG(s) 'example_params_ui_tutorial' retrieved from /home/airflow/.local/lib/python3.12/site-packages/airflow/example_dags/example_params_ui_tutorial.py
[2024-10-23T07:14:07.061+0000] {logging_mixin.py:190} INFO - [2024-10-23T07:14:07.061+0000] {dag.py:3239} INFO - Sync 1 DAGs
[2024-10-23T07:14:07.208+0000] {logging_mixin.py:190} INFO - [2024-10-23T07:14:07.207+0000] {dag.py:4180} INFO - Setting next_dagrun for example_params_ui_tutorial to None, run_after=None
[2024-10-23T07:14:07.223+0000] {processor.py:208} INFO - Processing /home/airflow/.local/lib/python3.12/site-packages/airflow/example_dags/example_params_ui_tutorial.py took 0.226 seconds
[2024-10-23T07:14:37.383+0000] {processor.py:186} INFO - Started process (PID=34774) to work on /home/airflow/.local/lib/python3.12/site-packages/airflow/example_dags/example_params_ui_tutorial.py
[2024-10-23T07:14:37.384+0000] {processor.py:914} INFO - Processing file /home/airflow/.local/lib/python3.12/site-packages/airflow/example_dags/example_params_ui_tutorial.py for tasks to queue
[2024-10-23T07:14:37.386+0000] {logging_mixin.py:190} INFO - [2024-10-23T07:14:37.385+0000] {dagbag.py:588} INFO - Filling up the DagBag from /home/airflow/.local/lib/python3.12/site-packages/airflow/example_dags/example_params_ui_tutorial.py
[2024-10-23T07:14:37.393+0000] {processor.py:925} INFO - DAG(s) 'example_params_ui_tutorial' retrieved from /home/airflow/.local/lib/python3.12/site-packages/airflow/example_dags/example_params_ui_tutorial.py
[2024-10-23T07:14:37.427+0000] {logging_mixin.py:190} INFO - [2024-10-23T07:14:37.426+0000] {dag.py:3239} INFO - Sync 1 DAGs
[2024-10-23T07:14:37.705+0000] {logging_mixin.py:190} INFO - [2024-10-23T07:14:37.704+0000] {dag.py:4180} INFO - Setting next_dagrun for example_params_ui_tutorial to None, run_after=None
[2024-10-23T07:14:37.719+0000] {processor.py:208} INFO - Processing /home/airflow/.local/lib/python3.12/site-packages/airflow/example_dags/example_params_ui_tutorial.py took 0.340 seconds
[2024-10-23T07:15:08.616+0000] {processor.py:186} INFO - Started process (PID=34837) to work on /home/airflow/.local/lib/python3.12/site-packages/airflow/example_dags/example_params_ui_tutorial.py
[2024-10-23T07:15:08.618+0000] {processor.py:914} INFO - Processing file /home/airflow/.local/lib/python3.12/site-packages/airflow/example_dags/example_params_ui_tutorial.py for tasks to queue
[2024-10-23T07:15:08.619+0000] {logging_mixin.py:190} INFO - [2024-10-23T07:15:08.619+0000] {dagbag.py:588} INFO - Filling up the DagBag from /home/airflow/.local/lib/python3.12/site-packages/airflow/example_dags/example_params_ui_tutorial.py
[2024-10-23T07:15:08.632+0000] {processor.py:925} INFO - DAG(s) 'example_params_ui_tutorial' retrieved from /home/airflow/.local/lib/python3.12/site-packages/airflow/example_dags/example_params_ui_tutorial.py
[2024-10-23T07:15:08.677+0000] {logging_mixin.py:190} INFO - [2024-10-23T07:15:08.677+0000] {dag.py:3239} INFO - Sync 1 DAGs
[2024-10-23T07:15:08.691+0000] {logging_mixin.py:190} INFO - [2024-10-23T07:15:08.691+0000] {dag.py:4180} INFO - Setting next_dagrun for example_params_ui_tutorial to None, run_after=None
[2024-10-23T07:15:08.710+0000] {processor.py:208} INFO - Processing /home/airflow/.local/lib/python3.12/site-packages/airflow/example_dags/example_params_ui_tutorial.py took 0.101 seconds
[2024-10-23T07:15:39.485+0000] {processor.py:186} INFO - Started process (PID=34900) to work on /home/airflow/.local/lib/python3.12/site-packages/airflow/example_dags/example_params_ui_tutorial.py
[2024-10-23T07:15:39.487+0000] {processor.py:914} INFO - Processing file /home/airflow/.local/lib/python3.12/site-packages/airflow/example_dags/example_params_ui_tutorial.py for tasks to queue
[2024-10-23T07:15:39.489+0000] {logging_mixin.py:190} INFO - [2024-10-23T07:15:39.489+0000] {dagbag.py:588} INFO - Filling up the DagBag from /home/airflow/.local/lib/python3.12/site-packages/airflow/example_dags/example_params_ui_tutorial.py
[2024-10-23T07:15:39.500+0000] {processor.py:925} INFO - DAG(s) 'example_params_ui_tutorial' retrieved from /home/airflow/.local/lib/python3.12/site-packages/airflow/example_dags/example_params_ui_tutorial.py
[2024-10-23T07:15:39.531+0000] {logging_mixin.py:190} INFO - [2024-10-23T07:15:39.531+0000] {dag.py:3239} INFO - Sync 1 DAGs
[2024-10-23T07:15:39.542+0000] {logging_mixin.py:190} INFO - [2024-10-23T07:15:39.541+0000] {dag.py:4180} INFO - Setting next_dagrun for example_params_ui_tutorial to None, run_after=None
[2024-10-23T07:15:39.554+0000] {processor.py:208} INFO - Processing /home/airflow/.local/lib/python3.12/site-packages/airflow/example_dags/example_params_ui_tutorial.py took 0.076 seconds
[2024-10-23T07:16:09.809+0000] {processor.py:186} INFO - Started process (PID=34963) to work on /home/airflow/.local/lib/python3.12/site-packages/airflow/example_dags/example_params_ui_tutorial.py
[2024-10-23T07:16:09.810+0000] {processor.py:914} INFO - Processing file /home/airflow/.local/lib/python3.12/site-packages/airflow/example_dags/example_params_ui_tutorial.py for tasks to queue
[2024-10-23T07:16:09.811+0000] {logging_mixin.py:190} INFO - [2024-10-23T07:16:09.811+0000] {dagbag.py:588} INFO - Filling up the DagBag from /home/airflow/.local/lib/python3.12/site-packages/airflow/example_dags/example_params_ui_tutorial.py
[2024-10-23T07:16:09.818+0000] {processor.py:925} INFO - DAG(s) 'example_params_ui_tutorial' retrieved from /home/airflow/.local/lib/python3.12/site-packages/airflow/example_dags/example_params_ui_tutorial.py
[2024-10-23T07:16:09.850+0000] {logging_mixin.py:190} INFO - [2024-10-23T07:16:09.850+0000] {dag.py:3239} INFO - Sync 1 DAGs
[2024-10-23T07:16:09.862+0000] {logging_mixin.py:190} INFO - [2024-10-23T07:16:09.862+0000] {dag.py:4180} INFO - Setting next_dagrun for example_params_ui_tutorial to None, run_after=None
[2024-10-23T07:16:09.875+0000] {processor.py:208} INFO - Processing /home/airflow/.local/lib/python3.12/site-packages/airflow/example_dags/example_params_ui_tutorial.py took 0.071 seconds
[2024-10-23T07:16:40.638+0000] {processor.py:186} INFO - Started process (PID=35025) to work on /home/airflow/.local/lib/python3.12/site-packages/airflow/example_dags/example_params_ui_tutorial.py
[2024-10-23T07:16:40.639+0000] {processor.py:914} INFO - Processing file /home/airflow/.local/lib/python3.12/site-packages/airflow/example_dags/example_params_ui_tutorial.py for tasks to queue
[2024-10-23T07:16:40.640+0000] {logging_mixin.py:190} INFO - [2024-10-23T07:16:40.640+0000] {dagbag.py:588} INFO - Filling up the DagBag from /home/airflow/.local/lib/python3.12/site-packages/airflow/example_dags/example_params_ui_tutorial.py
[2024-10-23T07:16:40.647+0000] {processor.py:925} INFO - DAG(s) 'example_params_ui_tutorial' retrieved from /home/airflow/.local/lib/python3.12/site-packages/airflow/example_dags/example_params_ui_tutorial.py
[2024-10-23T07:16:40.679+0000] {logging_mixin.py:190} INFO - [2024-10-23T07:16:40.679+0000] {dag.py:3239} INFO - Sync 1 DAGs
[2024-10-23T07:16:40.691+0000] {logging_mixin.py:190} INFO - [2024-10-23T07:16:40.691+0000] {dag.py:4180} INFO - Setting next_dagrun for example_params_ui_tutorial to None, run_after=None
[2024-10-23T07:16:40.704+0000] {processor.py:208} INFO - Processing /home/airflow/.local/lib/python3.12/site-packages/airflow/example_dags/example_params_ui_tutorial.py took 0.071 seconds
[2024-10-23T07:17:11.162+0000] {processor.py:186} INFO - Started process (PID=35088) to work on /home/airflow/.local/lib/python3.12/site-packages/airflow/example_dags/example_params_ui_tutorial.py
[2024-10-23T07:17:11.163+0000] {processor.py:914} INFO - Processing file /home/airflow/.local/lib/python3.12/site-packages/airflow/example_dags/example_params_ui_tutorial.py for tasks to queue
[2024-10-23T07:17:11.163+0000] {logging_mixin.py:190} INFO - [2024-10-23T07:17:11.163+0000] {dagbag.py:588} INFO - Filling up the DagBag from /home/airflow/.local/lib/python3.12/site-packages/airflow/example_dags/example_params_ui_tutorial.py
[2024-10-23T07:17:11.170+0000] {processor.py:925} INFO - DAG(s) 'example_params_ui_tutorial' retrieved from /home/airflow/.local/lib/python3.12/site-packages/airflow/example_dags/example_params_ui_tutorial.py
[2024-10-23T07:17:11.198+0000] {logging_mixin.py:190} INFO - [2024-10-23T07:17:11.198+0000] {dag.py:3239} INFO - Sync 1 DAGs
[2024-10-23T07:17:11.207+0000] {logging_mixin.py:190} INFO - [2024-10-23T07:17:11.207+0000] {dag.py:4180} INFO - Setting next_dagrun for example_params_ui_tutorial to None, run_after=None
[2024-10-23T07:17:11.217+0000] {processor.py:208} INFO - Processing /home/airflow/.local/lib/python3.12/site-packages/airflow/example_dags/example_params_ui_tutorial.py took 0.059 seconds
[2024-10-23T07:17:42.291+0000] {processor.py:186} INFO - Started process (PID=35151) to work on /home/airflow/.local/lib/python3.12/site-packages/airflow/example_dags/example_params_ui_tutorial.py
[2024-10-23T07:17:42.292+0000] {processor.py:914} INFO - Processing file /home/airflow/.local/lib/python3.12/site-packages/airflow/example_dags/example_params_ui_tutorial.py for tasks to queue
[2024-10-23T07:17:42.293+0000] {logging_mixin.py:190} INFO - [2024-10-23T07:17:42.292+0000] {dagbag.py:588} INFO - Filling up the DagBag from /home/airflow/.local/lib/python3.12/site-packages/airflow/example_dags/example_params_ui_tutorial.py
[2024-10-23T07:17:42.300+0000] {processor.py:925} INFO - DAG(s) 'example_params_ui_tutorial' retrieved from /home/airflow/.local/lib/python3.12/site-packages/airflow/example_dags/example_params_ui_tutorial.py
[2024-10-23T07:17:42.329+0000] {logging_mixin.py:190} INFO - [2024-10-23T07:17:42.328+0000] {dag.py:3239} INFO - Sync 1 DAGs
[2024-10-23T07:17:42.339+0000] {logging_mixin.py:190} INFO - [2024-10-23T07:17:42.339+0000] {dag.py:4180} INFO - Setting next_dagrun for example_params_ui_tutorial to None, run_after=None
[2024-10-23T07:17:42.353+0000] {processor.py:208} INFO - Processing /home/airflow/.local/lib/python3.12/site-packages/airflow/example_dags/example_params_ui_tutorial.py took 0.066 seconds
[2024-10-23T07:18:12.739+0000] {processor.py:186} INFO - Started process (PID=35214) to work on /home/airflow/.local/lib/python3.12/site-packages/airflow/example_dags/example_params_ui_tutorial.py
[2024-10-23T07:18:12.740+0000] {processor.py:914} INFO - Processing file /home/airflow/.local/lib/python3.12/site-packages/airflow/example_dags/example_params_ui_tutorial.py for tasks to queue
[2024-10-23T07:18:12.740+0000] {logging_mixin.py:190} INFO - [2024-10-23T07:18:12.740+0000] {dagbag.py:588} INFO - Filling up the DagBag from /home/airflow/.local/lib/python3.12/site-packages/airflow/example_dags/example_params_ui_tutorial.py
[2024-10-23T07:18:12.747+0000] {processor.py:925} INFO - DAG(s) 'example_params_ui_tutorial' retrieved from /home/airflow/.local/lib/python3.12/site-packages/airflow/example_dags/example_params_ui_tutorial.py
[2024-10-23T07:18:12.773+0000] {logging_mixin.py:190} INFO - [2024-10-23T07:18:12.773+0000] {dag.py:3239} INFO - Sync 1 DAGs
[2024-10-23T07:18:12.789+0000] {logging_mixin.py:190} INFO - [2024-10-23T07:18:12.788+0000] {dag.py:4180} INFO - Setting next_dagrun for example_params_ui_tutorial to None, run_after=None
[2024-10-23T07:18:12.800+0000] {processor.py:208} INFO - Processing /home/airflow/.local/lib/python3.12/site-packages/airflow/example_dags/example_params_ui_tutorial.py took 0.066 seconds
[2024-10-23T07:18:43.506+0000] {processor.py:186} INFO - Started process (PID=35277) to work on /home/airflow/.local/lib/python3.12/site-packages/airflow/example_dags/example_params_ui_tutorial.py
[2024-10-23T07:18:43.506+0000] {processor.py:914} INFO - Processing file /home/airflow/.local/lib/python3.12/site-packages/airflow/example_dags/example_params_ui_tutorial.py for tasks to queue
[2024-10-23T07:18:43.507+0000] {logging_mixin.py:190} INFO - [2024-10-23T07:18:43.507+0000] {dagbag.py:588} INFO - Filling up the DagBag from /home/airflow/.local/lib/python3.12/site-packages/airflow/example_dags/example_params_ui_tutorial.py
[2024-10-23T07:18:43.513+0000] {processor.py:925} INFO - DAG(s) 'example_params_ui_tutorial' retrieved from /home/airflow/.local/lib/python3.12/site-packages/airflow/example_dags/example_params_ui_tutorial.py
[2024-10-23T07:18:43.540+0000] {logging_mixin.py:190} INFO - [2024-10-23T07:18:43.540+0000] {dag.py:3239} INFO - Sync 1 DAGs
[2024-10-23T07:18:43.549+0000] {logging_mixin.py:190} INFO - [2024-10-23T07:18:43.549+0000] {dag.py:4180} INFO - Setting next_dagrun for example_params_ui_tutorial to None, run_after=None
[2024-10-23T07:18:43.560+0000] {processor.py:208} INFO - Processing /home/airflow/.local/lib/python3.12/site-packages/airflow/example_dags/example_params_ui_tutorial.py took 0.058 seconds
[2024-10-23T07:19:14.059+0000] {processor.py:186} INFO - Started process (PID=35340) to work on /home/airflow/.local/lib/python3.12/site-packages/airflow/example_dags/example_params_ui_tutorial.py
[2024-10-23T07:19:14.060+0000] {processor.py:914} INFO - Processing file /home/airflow/.local/lib/python3.12/site-packages/airflow/example_dags/example_params_ui_tutorial.py for tasks to queue
[2024-10-23T07:19:14.061+0000] {logging_mixin.py:190} INFO - [2024-10-23T07:19:14.061+0000] {dagbag.py:588} INFO - Filling up the DagBag from /home/airflow/.local/lib/python3.12/site-packages/airflow/example_dags/example_params_ui_tutorial.py
[2024-10-23T07:19:14.067+0000] {processor.py:925} INFO - DAG(s) 'example_params_ui_tutorial' retrieved from /home/airflow/.local/lib/python3.12/site-packages/airflow/example_dags/example_params_ui_tutorial.py
[2024-10-23T07:19:14.104+0000] {logging_mixin.py:190} INFO - [2024-10-23T07:19:14.104+0000] {dag.py:3239} INFO - Sync 1 DAGs
[2024-10-23T07:19:14.114+0000] {logging_mixin.py:190} INFO - [2024-10-23T07:19:14.113+0000] {dag.py:4180} INFO - Setting next_dagrun for example_params_ui_tutorial to None, run_after=None
[2024-10-23T07:19:14.129+0000] {processor.py:208} INFO - Processing /home/airflow/.local/lib/python3.12/site-packages/airflow/example_dags/example_params_ui_tutorial.py took 0.076 seconds
[2024-10-23T07:19:44.757+0000] {processor.py:186} INFO - Started process (PID=35406) to work on /home/airflow/.local/lib/python3.12/site-packages/airflow/example_dags/example_params_ui_tutorial.py
[2024-10-23T07:19:44.758+0000] {processor.py:914} INFO - Processing file /home/airflow/.local/lib/python3.12/site-packages/airflow/example_dags/example_params_ui_tutorial.py for tasks to queue
[2024-10-23T07:19:44.759+0000] {logging_mixin.py:190} INFO - [2024-10-23T07:19:44.759+0000] {dagbag.py:588} INFO - Filling up the DagBag from /home/airflow/.local/lib/python3.12/site-packages/airflow/example_dags/example_params_ui_tutorial.py
[2024-10-23T07:19:44.766+0000] {processor.py:925} INFO - DAG(s) 'example_params_ui_tutorial' retrieved from /home/airflow/.local/lib/python3.12/site-packages/airflow/example_dags/example_params_ui_tutorial.py
[2024-10-23T07:19:44.796+0000] {logging_mixin.py:190} INFO - [2024-10-23T07:19:44.796+0000] {dag.py:3239} INFO - Sync 1 DAGs
[2024-10-23T07:19:44.806+0000] {logging_mixin.py:190} INFO - [2024-10-23T07:19:44.806+0000] {dag.py:4180} INFO - Setting next_dagrun for example_params_ui_tutorial to None, run_after=None
[2024-10-23T07:19:44.816+0000] {processor.py:208} INFO - Processing /home/airflow/.local/lib/python3.12/site-packages/airflow/example_dags/example_params_ui_tutorial.py took 0.064 seconds
