[2024-10-23T02:32:08.389+0000] {processor.py:186} INFO - Started process (PID=13757) to work on /home/airflow/.local/lib/python3.12/site-packages/airflow/example_dags/example_short_circuit_decorator.py
[2024-10-23T02:32:08.391+0000] {processor.py:914} INFO - Processing file /home/airflow/.local/lib/python3.12/site-packages/airflow/example_dags/example_short_circuit_decorator.py for tasks to queue
[2024-10-23T02:32:08.392+0000] {logging_mixin.py:190} INFO - [2024-10-23T02:32:08.392+0000] {dagbag.py:588} INFO - Filling up the DagBag from /home/airflow/.local/lib/python3.12/site-packages/airflow/example_dags/example_short_circuit_decorator.py
[2024-10-23T02:32:08.406+0000] {processor.py:925} INFO - DAG(s) 'example_short_circuit_decorator' retrieved from /home/airflow/.local/lib/python3.12/site-packages/airflow/example_dags/example_short_circuit_decorator.py
[2024-10-23T02:32:08.431+0000] {logging_mixin.py:190} INFO - [2024-10-23T02:32:08.431+0000] {dag.py:3239} INFO - Sync 1 DAGs
[2024-10-23T02:32:08.445+0000] {logging_mixin.py:190} INFO - [2024-10-23T02:32:08.445+0000] {dag.py:4180} INFO - Setting next_dagrun for example_short_circuit_decorator to None, run_after=None
[2024-10-23T02:32:08.460+0000] {processor.py:208} INFO - Processing /home/airflow/.local/lib/python3.12/site-packages/airflow/example_dags/example_short_circuit_decorator.py took 0.084 seconds
[2024-10-23T04:23:46.070+0000] {processor.py:186} INFO - Started process (PID=13820) to work on /home/airflow/.local/lib/python3.12/site-packages/airflow/example_dags/example_short_circuit_decorator.py
[2024-10-23T04:23:46.072+0000] {processor.py:914} INFO - Processing file /home/airflow/.local/lib/python3.12/site-packages/airflow/example_dags/example_short_circuit_decorator.py for tasks to queue
[2024-10-23T04:23:46.073+0000] {logging_mixin.py:190} INFO - [2024-10-23T04:23:46.073+0000] {dagbag.py:588} INFO - Filling up the DagBag from /home/airflow/.local/lib/python3.12/site-packages/airflow/example_dags/example_short_circuit_decorator.py
[2024-10-23T04:23:46.081+0000] {processor.py:925} INFO - DAG(s) 'example_short_circuit_decorator' retrieved from /home/airflow/.local/lib/python3.12/site-packages/airflow/example_dags/example_short_circuit_decorator.py
[2024-10-23T04:23:46.103+0000] {logging_mixin.py:190} INFO - [2024-10-23T04:23:46.103+0000] {dag.py:3239} INFO - Sync 1 DAGs
[2024-10-23T04:23:46.122+0000] {logging_mixin.py:190} INFO - [2024-10-23T04:23:46.122+0000] {dag.py:4180} INFO - Setting next_dagrun for example_short_circuit_decorator to None, run_after=None
[2024-10-23T04:23:46.156+0000] {processor.py:208} INFO - Processing /home/airflow/.local/lib/python3.12/site-packages/airflow/example_dags/example_short_circuit_decorator.py took 0.090 seconds
[2024-10-23T04:24:17.408+0000] {processor.py:186} INFO - Started process (PID=13883) to work on /home/airflow/.local/lib/python3.12/site-packages/airflow/example_dags/example_short_circuit_decorator.py
[2024-10-23T04:24:17.409+0000] {processor.py:914} INFO - Processing file /home/airflow/.local/lib/python3.12/site-packages/airflow/example_dags/example_short_circuit_decorator.py for tasks to queue
[2024-10-23T04:24:17.411+0000] {logging_mixin.py:190} INFO - [2024-10-23T04:24:17.410+0000] {dagbag.py:588} INFO - Filling up the DagBag from /home/airflow/.local/lib/python3.12/site-packages/airflow/example_dags/example_short_circuit_decorator.py
[2024-10-23T04:24:17.419+0000] {processor.py:925} INFO - DAG(s) 'example_short_circuit_decorator' retrieved from /home/airflow/.local/lib/python3.12/site-packages/airflow/example_dags/example_short_circuit_decorator.py
[2024-10-23T04:24:17.446+0000] {logging_mixin.py:190} INFO - [2024-10-23T04:24:17.446+0000] {dag.py:3239} INFO - Sync 1 DAGs
[2024-10-23T04:24:17.460+0000] {logging_mixin.py:190} INFO - [2024-10-23T04:24:17.460+0000] {dag.py:4180} INFO - Setting next_dagrun for example_short_circuit_decorator to None, run_after=None
[2024-10-23T04:24:17.475+0000] {processor.py:208} INFO - Processing /home/airflow/.local/lib/python3.12/site-packages/airflow/example_dags/example_short_circuit_decorator.py took 0.072 seconds
[2024-10-23T04:24:47.813+0000] {processor.py:186} INFO - Started process (PID=13946) to work on /home/airflow/.local/lib/python3.12/site-packages/airflow/example_dags/example_short_circuit_decorator.py
[2024-10-23T04:24:47.819+0000] {processor.py:914} INFO - Processing file /home/airflow/.local/lib/python3.12/site-packages/airflow/example_dags/example_short_circuit_decorator.py for tasks to queue
[2024-10-23T04:24:47.821+0000] {logging_mixin.py:190} INFO - [2024-10-23T04:24:47.821+0000] {dagbag.py:588} INFO - Filling up the DagBag from /home/airflow/.local/lib/python3.12/site-packages/airflow/example_dags/example_short_circuit_decorator.py
[2024-10-23T04:24:47.832+0000] {processor.py:925} INFO - DAG(s) 'example_short_circuit_decorator' retrieved from /home/airflow/.local/lib/python3.12/site-packages/airflow/example_dags/example_short_circuit_decorator.py
[2024-10-23T04:24:47.852+0000] {logging_mixin.py:190} INFO - [2024-10-23T04:24:47.852+0000] {dag.py:3239} INFO - Sync 1 DAGs
[2024-10-23T04:24:47.864+0000] {logging_mixin.py:190} INFO - [2024-10-23T04:24:47.864+0000] {dag.py:4180} INFO - Setting next_dagrun for example_short_circuit_decorator to None, run_after=None
[2024-10-23T04:24:47.880+0000] {processor.py:208} INFO - Processing /home/airflow/.local/lib/python3.12/site-packages/airflow/example_dags/example_short_circuit_decorator.py took 0.074 seconds
[2024-10-23T04:25:18.314+0000] {processor.py:186} INFO - Started process (PID=14009) to work on /home/airflow/.local/lib/python3.12/site-packages/airflow/example_dags/example_short_circuit_decorator.py
[2024-10-23T04:25:18.315+0000] {processor.py:914} INFO - Processing file /home/airflow/.local/lib/python3.12/site-packages/airflow/example_dags/example_short_circuit_decorator.py for tasks to queue
[2024-10-23T04:25:18.316+0000] {logging_mixin.py:190} INFO - [2024-10-23T04:25:18.315+0000] {dagbag.py:588} INFO - Filling up the DagBag from /home/airflow/.local/lib/python3.12/site-packages/airflow/example_dags/example_short_circuit_decorator.py
[2024-10-23T04:25:18.323+0000] {processor.py:925} INFO - DAG(s) 'example_short_circuit_decorator' retrieved from /home/airflow/.local/lib/python3.12/site-packages/airflow/example_dags/example_short_circuit_decorator.py
[2024-10-23T04:25:18.340+0000] {logging_mixin.py:190} INFO - [2024-10-23T04:25:18.339+0000] {dag.py:3239} INFO - Sync 1 DAGs
[2024-10-23T04:25:18.349+0000] {logging_mixin.py:190} INFO - [2024-10-23T04:25:18.349+0000] {dag.py:4180} INFO - Setting next_dagrun for example_short_circuit_decorator to None, run_after=None
[2024-10-23T04:25:18.361+0000] {processor.py:208} INFO - Processing /home/airflow/.local/lib/python3.12/site-packages/airflow/example_dags/example_short_circuit_decorator.py took 0.052 seconds
[2024-10-23T04:25:48.927+0000] {processor.py:186} INFO - Started process (PID=14072) to work on /home/airflow/.local/lib/python3.12/site-packages/airflow/example_dags/example_short_circuit_decorator.py
[2024-10-23T04:25:48.928+0000] {processor.py:914} INFO - Processing file /home/airflow/.local/lib/python3.12/site-packages/airflow/example_dags/example_short_circuit_decorator.py for tasks to queue
[2024-10-23T04:25:48.929+0000] {logging_mixin.py:190} INFO - [2024-10-23T04:25:48.929+0000] {dagbag.py:588} INFO - Filling up the DagBag from /home/airflow/.local/lib/python3.12/site-packages/airflow/example_dags/example_short_circuit_decorator.py
[2024-10-23T04:25:48.937+0000] {processor.py:925} INFO - DAG(s) 'example_short_circuit_decorator' retrieved from /home/airflow/.local/lib/python3.12/site-packages/airflow/example_dags/example_short_circuit_decorator.py
[2024-10-23T04:25:48.953+0000] {logging_mixin.py:190} INFO - [2024-10-23T04:25:48.953+0000] {dag.py:3239} INFO - Sync 1 DAGs
[2024-10-23T04:25:48.964+0000] {logging_mixin.py:190} INFO - [2024-10-23T04:25:48.964+0000] {dag.py:4180} INFO - Setting next_dagrun for example_short_circuit_decorator to None, run_after=None
[2024-10-23T04:25:48.979+0000] {processor.py:208} INFO - Processing /home/airflow/.local/lib/python3.12/site-packages/airflow/example_dags/example_short_circuit_decorator.py took 0.056 seconds
[2024-10-23T04:26:20.758+0000] {processor.py:186} INFO - Started process (PID=14135) to work on /home/airflow/.local/lib/python3.12/site-packages/airflow/example_dags/example_short_circuit_decorator.py
[2024-10-23T04:26:20.760+0000] {processor.py:914} INFO - Processing file /home/airflow/.local/lib/python3.12/site-packages/airflow/example_dags/example_short_circuit_decorator.py for tasks to queue
[2024-10-23T04:26:20.761+0000] {logging_mixin.py:190} INFO - [2024-10-23T04:26:20.761+0000] {dagbag.py:588} INFO - Filling up the DagBag from /home/airflow/.local/lib/python3.12/site-packages/airflow/example_dags/example_short_circuit_decorator.py
[2024-10-23T04:26:20.768+0000] {processor.py:925} INFO - DAG(s) 'example_short_circuit_decorator' retrieved from /home/airflow/.local/lib/python3.12/site-packages/airflow/example_dags/example_short_circuit_decorator.py
[2024-10-23T04:26:20.789+0000] {logging_mixin.py:190} INFO - [2024-10-23T04:26:20.789+0000] {dag.py:3239} INFO - Sync 1 DAGs
[2024-10-23T04:26:20.800+0000] {logging_mixin.py:190} INFO - [2024-10-23T04:26:20.800+0000] {dag.py:4180} INFO - Setting next_dagrun for example_short_circuit_decorator to None, run_after=None
[2024-10-23T04:26:20.812+0000] {processor.py:208} INFO - Processing /home/airflow/.local/lib/python3.12/site-packages/airflow/example_dags/example_short_circuit_decorator.py took 0.061 seconds
[2024-10-23T04:26:51.178+0000] {processor.py:186} INFO - Started process (PID=14198) to work on /home/airflow/.local/lib/python3.12/site-packages/airflow/example_dags/example_short_circuit_decorator.py
[2024-10-23T04:26:51.179+0000] {processor.py:914} INFO - Processing file /home/airflow/.local/lib/python3.12/site-packages/airflow/example_dags/example_short_circuit_decorator.py for tasks to queue
[2024-10-23T04:26:51.180+0000] {logging_mixin.py:190} INFO - [2024-10-23T04:26:51.179+0000] {dagbag.py:588} INFO - Filling up the DagBag from /home/airflow/.local/lib/python3.12/site-packages/airflow/example_dags/example_short_circuit_decorator.py
[2024-10-23T04:26:51.189+0000] {processor.py:925} INFO - DAG(s) 'example_short_circuit_decorator' retrieved from /home/airflow/.local/lib/python3.12/site-packages/airflow/example_dags/example_short_circuit_decorator.py
[2024-10-23T04:26:51.206+0000] {logging_mixin.py:190} INFO - [2024-10-23T04:26:51.206+0000] {dag.py:3239} INFO - Sync 1 DAGs
[2024-10-23T04:26:51.221+0000] {logging_mixin.py:190} INFO - [2024-10-23T04:26:51.221+0000] {dag.py:4180} INFO - Setting next_dagrun for example_short_circuit_decorator to None, run_after=None
[2024-10-23T04:26:51.234+0000] {processor.py:208} INFO - Processing /home/airflow/.local/lib/python3.12/site-packages/airflow/example_dags/example_short_circuit_decorator.py took 0.060 seconds
[2024-10-23T04:27:21.489+0000] {processor.py:186} INFO - Started process (PID=14261) to work on /home/airflow/.local/lib/python3.12/site-packages/airflow/example_dags/example_short_circuit_decorator.py
[2024-10-23T04:27:21.489+0000] {processor.py:914} INFO - Processing file /home/airflow/.local/lib/python3.12/site-packages/airflow/example_dags/example_short_circuit_decorator.py for tasks to queue
[2024-10-23T04:27:21.490+0000] {logging_mixin.py:190} INFO - [2024-10-23T04:27:21.490+0000] {dagbag.py:588} INFO - Filling up the DagBag from /home/airflow/.local/lib/python3.12/site-packages/airflow/example_dags/example_short_circuit_decorator.py
[2024-10-23T04:27:21.497+0000] {processor.py:925} INFO - DAG(s) 'example_short_circuit_decorator' retrieved from /home/airflow/.local/lib/python3.12/site-packages/airflow/example_dags/example_short_circuit_decorator.py
[2024-10-23T04:27:21.516+0000] {logging_mixin.py:190} INFO - [2024-10-23T04:27:21.516+0000] {dag.py:3239} INFO - Sync 1 DAGs
[2024-10-23T04:27:21.525+0000] {logging_mixin.py:190} INFO - [2024-10-23T04:27:21.524+0000] {dag.py:4180} INFO - Setting next_dagrun for example_short_circuit_decorator to None, run_after=None
[2024-10-23T04:27:21.538+0000] {processor.py:208} INFO - Processing /home/airflow/.local/lib/python3.12/site-packages/airflow/example_dags/example_short_circuit_decorator.py took 0.054 seconds
[2024-10-23T04:27:53.277+0000] {processor.py:186} INFO - Started process (PID=14325) to work on /home/airflow/.local/lib/python3.12/site-packages/airflow/example_dags/example_short_circuit_decorator.py
[2024-10-23T04:27:53.278+0000] {processor.py:914} INFO - Processing file /home/airflow/.local/lib/python3.12/site-packages/airflow/example_dags/example_short_circuit_decorator.py for tasks to queue
[2024-10-23T04:27:53.279+0000] {logging_mixin.py:190} INFO - [2024-10-23T04:27:53.279+0000] {dagbag.py:588} INFO - Filling up the DagBag from /home/airflow/.local/lib/python3.12/site-packages/airflow/example_dags/example_short_circuit_decorator.py
[2024-10-23T04:27:53.291+0000] {processor.py:925} INFO - DAG(s) 'example_short_circuit_decorator' retrieved from /home/airflow/.local/lib/python3.12/site-packages/airflow/example_dags/example_short_circuit_decorator.py
[2024-10-23T04:27:53.310+0000] {logging_mixin.py:190} INFO - [2024-10-23T04:27:53.309+0000] {dag.py:3239} INFO - Sync 1 DAGs
[2024-10-23T04:27:53.321+0000] {logging_mixin.py:190} INFO - [2024-10-23T04:27:53.321+0000] {dag.py:4180} INFO - Setting next_dagrun for example_short_circuit_decorator to None, run_after=None
[2024-10-23T04:27:53.335+0000] {processor.py:208} INFO - Processing /home/airflow/.local/lib/python3.12/site-packages/airflow/example_dags/example_short_circuit_decorator.py took 0.063 seconds
[2024-10-23T04:28:24.803+0000] {processor.py:186} INFO - Started process (PID=14388) to work on /home/airflow/.local/lib/python3.12/site-packages/airflow/example_dags/example_short_circuit_decorator.py
[2024-10-23T04:28:24.805+0000] {processor.py:914} INFO - Processing file /home/airflow/.local/lib/python3.12/site-packages/airflow/example_dags/example_short_circuit_decorator.py for tasks to queue
[2024-10-23T04:28:24.806+0000] {logging_mixin.py:190} INFO - [2024-10-23T04:28:24.806+0000] {dagbag.py:588} INFO - Filling up the DagBag from /home/airflow/.local/lib/python3.12/site-packages/airflow/example_dags/example_short_circuit_decorator.py
[2024-10-23T04:28:24.821+0000] {processor.py:925} INFO - DAG(s) 'example_short_circuit_decorator' retrieved from /home/airflow/.local/lib/python3.12/site-packages/airflow/example_dags/example_short_circuit_decorator.py
[2024-10-23T04:28:24.849+0000] {logging_mixin.py:190} INFO - [2024-10-23T04:28:24.848+0000] {dag.py:3239} INFO - Sync 1 DAGs
[2024-10-23T04:28:24.862+0000] {logging_mixin.py:190} INFO - [2024-10-23T04:28:24.862+0000] {dag.py:4180} INFO - Setting next_dagrun for example_short_circuit_decorator to None, run_after=None
[2024-10-23T04:28:24.876+0000] {processor.py:208} INFO - Processing /home/airflow/.local/lib/python3.12/site-packages/airflow/example_dags/example_short_circuit_decorator.py took 0.081 seconds
[2024-10-23T04:28:55.432+0000] {processor.py:186} INFO - Started process (PID=14451) to work on /home/airflow/.local/lib/python3.12/site-packages/airflow/example_dags/example_short_circuit_decorator.py
[2024-10-23T04:28:55.434+0000] {processor.py:914} INFO - Processing file /home/airflow/.local/lib/python3.12/site-packages/airflow/example_dags/example_short_circuit_decorator.py for tasks to queue
[2024-10-23T04:28:55.435+0000] {logging_mixin.py:190} INFO - [2024-10-23T04:28:55.435+0000] {dagbag.py:588} INFO - Filling up the DagBag from /home/airflow/.local/lib/python3.12/site-packages/airflow/example_dags/example_short_circuit_decorator.py
[2024-10-23T04:28:55.455+0000] {processor.py:925} INFO - DAG(s) 'example_short_circuit_decorator' retrieved from /home/airflow/.local/lib/python3.12/site-packages/airflow/example_dags/example_short_circuit_decorator.py
[2024-10-23T04:28:55.478+0000] {logging_mixin.py:190} INFO - [2024-10-23T04:28:55.478+0000] {dag.py:3239} INFO - Sync 1 DAGs
[2024-10-23T04:28:55.496+0000] {logging_mixin.py:190} INFO - [2024-10-23T04:28:55.496+0000] {dag.py:4180} INFO - Setting next_dagrun for example_short_circuit_decorator to None, run_after=None
[2024-10-23T04:28:55.508+0000] {processor.py:208} INFO - Processing /home/airflow/.local/lib/python3.12/site-packages/airflow/example_dags/example_short_circuit_decorator.py took 0.084 seconds
[2024-10-23T04:29:26.919+0000] {processor.py:186} INFO - Started process (PID=14514) to work on /home/airflow/.local/lib/python3.12/site-packages/airflow/example_dags/example_short_circuit_decorator.py
[2024-10-23T04:29:26.923+0000] {processor.py:914} INFO - Processing file /home/airflow/.local/lib/python3.12/site-packages/airflow/example_dags/example_short_circuit_decorator.py for tasks to queue
[2024-10-23T04:29:26.925+0000] {logging_mixin.py:190} INFO - [2024-10-23T04:29:26.925+0000] {dagbag.py:588} INFO - Filling up the DagBag from /home/airflow/.local/lib/python3.12/site-packages/airflow/example_dags/example_short_circuit_decorator.py
[2024-10-23T04:29:26.939+0000] {processor.py:925} INFO - DAG(s) 'example_short_circuit_decorator' retrieved from /home/airflow/.local/lib/python3.12/site-packages/airflow/example_dags/example_short_circuit_decorator.py
[2024-10-23T04:29:26.990+0000] {logging_mixin.py:190} INFO - [2024-10-23T04:29:26.990+0000] {dag.py:3239} INFO - Sync 1 DAGs
[2024-10-23T04:29:27.014+0000] {logging_mixin.py:190} INFO - [2024-10-23T04:29:27.013+0000] {dag.py:4180} INFO - Setting next_dagrun for example_short_circuit_decorator to None, run_after=None
[2024-10-23T04:29:27.031+0000] {processor.py:208} INFO - Processing /home/airflow/.local/lib/python3.12/site-packages/airflow/example_dags/example_short_circuit_decorator.py took 0.122 seconds
[2024-10-23T04:29:57.942+0000] {processor.py:186} INFO - Started process (PID=14577) to work on /home/airflow/.local/lib/python3.12/site-packages/airflow/example_dags/example_short_circuit_decorator.py
[2024-10-23T04:29:57.944+0000] {processor.py:914} INFO - Processing file /home/airflow/.local/lib/python3.12/site-packages/airflow/example_dags/example_short_circuit_decorator.py for tasks to queue
[2024-10-23T04:29:57.945+0000] {logging_mixin.py:190} INFO - [2024-10-23T04:29:57.945+0000] {dagbag.py:588} INFO - Filling up the DagBag from /home/airflow/.local/lib/python3.12/site-packages/airflow/example_dags/example_short_circuit_decorator.py
[2024-10-23T04:29:57.960+0000] {processor.py:925} INFO - DAG(s) 'example_short_circuit_decorator' retrieved from /home/airflow/.local/lib/python3.12/site-packages/airflow/example_dags/example_short_circuit_decorator.py
[2024-10-23T04:29:57.990+0000] {logging_mixin.py:190} INFO - [2024-10-23T04:29:57.990+0000] {dag.py:3239} INFO - Sync 1 DAGs
[2024-10-23T04:29:58.004+0000] {logging_mixin.py:190} INFO - [2024-10-23T04:29:58.004+0000] {dag.py:4180} INFO - Setting next_dagrun for example_short_circuit_decorator to None, run_after=None
[2024-10-23T04:29:58.029+0000] {processor.py:208} INFO - Processing /home/airflow/.local/lib/python3.12/site-packages/airflow/example_dags/example_short_circuit_decorator.py took 0.099 seconds
[2024-10-23T04:30:28.704+0000] {processor.py:186} INFO - Started process (PID=14640) to work on /home/airflow/.local/lib/python3.12/site-packages/airflow/example_dags/example_short_circuit_decorator.py
[2024-10-23T04:30:28.705+0000] {processor.py:914} INFO - Processing file /home/airflow/.local/lib/python3.12/site-packages/airflow/example_dags/example_short_circuit_decorator.py for tasks to queue
[2024-10-23T04:30:28.707+0000] {logging_mixin.py:190} INFO - [2024-10-23T04:30:28.706+0000] {dagbag.py:588} INFO - Filling up the DagBag from /home/airflow/.local/lib/python3.12/site-packages/airflow/example_dags/example_short_circuit_decorator.py
[2024-10-23T04:30:28.722+0000] {processor.py:925} INFO - DAG(s) 'example_short_circuit_decorator' retrieved from /home/airflow/.local/lib/python3.12/site-packages/airflow/example_dags/example_short_circuit_decorator.py
[2024-10-23T04:30:28.750+0000] {logging_mixin.py:190} INFO - [2024-10-23T04:30:28.750+0000] {dag.py:3239} INFO - Sync 1 DAGs
[2024-10-23T04:30:28.767+0000] {logging_mixin.py:190} INFO - [2024-10-23T04:30:28.767+0000] {dag.py:4180} INFO - Setting next_dagrun for example_short_circuit_decorator to None, run_after=None
[2024-10-23T04:30:28.784+0000] {processor.py:208} INFO - Processing /home/airflow/.local/lib/python3.12/site-packages/airflow/example_dags/example_short_circuit_decorator.py took 0.088 seconds
[2024-10-23T04:30:59.374+0000] {processor.py:186} INFO - Started process (PID=14703) to work on /home/airflow/.local/lib/python3.12/site-packages/airflow/example_dags/example_short_circuit_decorator.py
[2024-10-23T04:30:59.376+0000] {processor.py:914} INFO - Processing file /home/airflow/.local/lib/python3.12/site-packages/airflow/example_dags/example_short_circuit_decorator.py for tasks to queue
[2024-10-23T04:30:59.377+0000] {logging_mixin.py:190} INFO - [2024-10-23T04:30:59.377+0000] {dagbag.py:588} INFO - Filling up the DagBag from /home/airflow/.local/lib/python3.12/site-packages/airflow/example_dags/example_short_circuit_decorator.py
[2024-10-23T04:30:59.385+0000] {processor.py:925} INFO - DAG(s) 'example_short_circuit_decorator' retrieved from /home/airflow/.local/lib/python3.12/site-packages/airflow/example_dags/example_short_circuit_decorator.py
[2024-10-23T04:30:59.408+0000] {logging_mixin.py:190} INFO - [2024-10-23T04:30:59.407+0000] {dag.py:3239} INFO - Sync 1 DAGs
[2024-10-23T04:30:59.417+0000] {logging_mixin.py:190} INFO - [2024-10-23T04:30:59.417+0000] {dag.py:4180} INFO - Setting next_dagrun for example_short_circuit_decorator to None, run_after=None
[2024-10-23T04:30:59.439+0000] {processor.py:208} INFO - Processing /home/airflow/.local/lib/python3.12/site-packages/airflow/example_dags/example_short_circuit_decorator.py took 0.071 seconds
[2024-10-23T04:31:30.116+0000] {processor.py:186} INFO - Started process (PID=14766) to work on /home/airflow/.local/lib/python3.12/site-packages/airflow/example_dags/example_short_circuit_decorator.py
[2024-10-23T04:31:30.117+0000] {processor.py:914} INFO - Processing file /home/airflow/.local/lib/python3.12/site-packages/airflow/example_dags/example_short_circuit_decorator.py for tasks to queue
[2024-10-23T04:31:30.120+0000] {logging_mixin.py:190} INFO - [2024-10-23T04:31:30.119+0000] {dagbag.py:588} INFO - Filling up the DagBag from /home/airflow/.local/lib/python3.12/site-packages/airflow/example_dags/example_short_circuit_decorator.py
[2024-10-23T04:31:30.131+0000] {processor.py:925} INFO - DAG(s) 'example_short_circuit_decorator' retrieved from /home/airflow/.local/lib/python3.12/site-packages/airflow/example_dags/example_short_circuit_decorator.py
[2024-10-23T04:31:30.151+0000] {logging_mixin.py:190} INFO - [2024-10-23T04:31:30.151+0000] {dag.py:3239} INFO - Sync 1 DAGs
[2024-10-23T04:31:30.164+0000] {logging_mixin.py:190} INFO - [2024-10-23T04:31:30.164+0000] {dag.py:4180} INFO - Setting next_dagrun for example_short_circuit_decorator to None, run_after=None
[2024-10-23T04:31:30.179+0000] {processor.py:208} INFO - Processing /home/airflow/.local/lib/python3.12/site-packages/airflow/example_dags/example_short_circuit_decorator.py took 0.072 seconds
[2024-10-23T04:32:00.811+0000] {processor.py:186} INFO - Started process (PID=14828) to work on /home/airflow/.local/lib/python3.12/site-packages/airflow/example_dags/example_short_circuit_decorator.py
[2024-10-23T04:32:00.812+0000] {processor.py:914} INFO - Processing file /home/airflow/.local/lib/python3.12/site-packages/airflow/example_dags/example_short_circuit_decorator.py for tasks to queue
[2024-10-23T04:32:00.812+0000] {logging_mixin.py:190} INFO - [2024-10-23T04:32:00.812+0000] {dagbag.py:588} INFO - Filling up the DagBag from /home/airflow/.local/lib/python3.12/site-packages/airflow/example_dags/example_short_circuit_decorator.py
[2024-10-23T04:32:00.820+0000] {processor.py:925} INFO - DAG(s) 'example_short_circuit_decorator' retrieved from /home/airflow/.local/lib/python3.12/site-packages/airflow/example_dags/example_short_circuit_decorator.py
[2024-10-23T04:32:00.838+0000] {logging_mixin.py:190} INFO - [2024-10-23T04:32:00.838+0000] {dag.py:3239} INFO - Sync 1 DAGs
[2024-10-23T04:32:00.849+0000] {logging_mixin.py:190} INFO - [2024-10-23T04:32:00.849+0000] {dag.py:4180} INFO - Setting next_dagrun for example_short_circuit_decorator to None, run_after=None
[2024-10-23T04:32:00.861+0000] {processor.py:208} INFO - Processing /home/airflow/.local/lib/python3.12/site-packages/airflow/example_dags/example_short_circuit_decorator.py took 0.055 seconds
[2024-10-23T04:32:32.110+0000] {processor.py:186} INFO - Started process (PID=14890) to work on /home/airflow/.local/lib/python3.12/site-packages/airflow/example_dags/example_short_circuit_decorator.py
[2024-10-23T04:32:32.112+0000] {processor.py:914} INFO - Processing file /home/airflow/.local/lib/python3.12/site-packages/airflow/example_dags/example_short_circuit_decorator.py for tasks to queue
[2024-10-23T04:32:32.113+0000] {logging_mixin.py:190} INFO - [2024-10-23T04:32:32.112+0000] {dagbag.py:588} INFO - Filling up the DagBag from /home/airflow/.local/lib/python3.12/site-packages/airflow/example_dags/example_short_circuit_decorator.py
[2024-10-23T04:32:32.121+0000] {processor.py:925} INFO - DAG(s) 'example_short_circuit_decorator' retrieved from /home/airflow/.local/lib/python3.12/site-packages/airflow/example_dags/example_short_circuit_decorator.py
[2024-10-23T04:32:32.148+0000] {logging_mixin.py:190} INFO - [2024-10-23T04:32:32.147+0000] {dag.py:3239} INFO - Sync 1 DAGs
[2024-10-23T04:32:32.161+0000] {logging_mixin.py:190} INFO - [2024-10-23T04:32:32.161+0000] {dag.py:4180} INFO - Setting next_dagrun for example_short_circuit_decorator to None, run_after=None
[2024-10-23T04:32:32.177+0000] {processor.py:208} INFO - Processing /home/airflow/.local/lib/python3.12/site-packages/airflow/example_dags/example_short_circuit_decorator.py took 0.071 seconds
[2024-10-23T04:33:03.035+0000] {processor.py:186} INFO - Started process (PID=14953) to work on /home/airflow/.local/lib/python3.12/site-packages/airflow/example_dags/example_short_circuit_decorator.py
[2024-10-23T04:33:03.036+0000] {processor.py:914} INFO - Processing file /home/airflow/.local/lib/python3.12/site-packages/airflow/example_dags/example_short_circuit_decorator.py for tasks to queue
[2024-10-23T04:33:03.037+0000] {logging_mixin.py:190} INFO - [2024-10-23T04:33:03.037+0000] {dagbag.py:588} INFO - Filling up the DagBag from /home/airflow/.local/lib/python3.12/site-packages/airflow/example_dags/example_short_circuit_decorator.py
[2024-10-23T04:33:03.045+0000] {processor.py:925} INFO - DAG(s) 'example_short_circuit_decorator' retrieved from /home/airflow/.local/lib/python3.12/site-packages/airflow/example_dags/example_short_circuit_decorator.py
[2024-10-23T04:33:03.060+0000] {logging_mixin.py:190} INFO - [2024-10-23T04:33:03.060+0000] {dag.py:3239} INFO - Sync 1 DAGs
[2024-10-23T04:33:03.069+0000] {logging_mixin.py:190} INFO - [2024-10-23T04:33:03.069+0000] {dag.py:4180} INFO - Setting next_dagrun for example_short_circuit_decorator to None, run_after=None
[2024-10-23T04:33:03.086+0000] {processor.py:208} INFO - Processing /home/airflow/.local/lib/python3.12/site-packages/airflow/example_dags/example_short_circuit_decorator.py took 0.055 seconds
[2024-10-23T04:33:33.933+0000] {processor.py:186} INFO - Started process (PID=15017) to work on /home/airflow/.local/lib/python3.12/site-packages/airflow/example_dags/example_short_circuit_decorator.py
[2024-10-23T04:33:33.934+0000] {processor.py:914} INFO - Processing file /home/airflow/.local/lib/python3.12/site-packages/airflow/example_dags/example_short_circuit_decorator.py for tasks to queue
[2024-10-23T04:33:33.939+0000] {logging_mixin.py:190} INFO - [2024-10-23T04:33:33.938+0000] {dagbag.py:588} INFO - Filling up the DagBag from /home/airflow/.local/lib/python3.12/site-packages/airflow/example_dags/example_short_circuit_decorator.py
[2024-10-23T04:33:33.946+0000] {processor.py:925} INFO - DAG(s) 'example_short_circuit_decorator' retrieved from /home/airflow/.local/lib/python3.12/site-packages/airflow/example_dags/example_short_circuit_decorator.py
[2024-10-23T04:33:33.964+0000] {logging_mixin.py:190} INFO - [2024-10-23T04:33:33.964+0000] {dag.py:3239} INFO - Sync 1 DAGs
[2024-10-23T04:33:33.975+0000] {logging_mixin.py:190} INFO - [2024-10-23T04:33:33.975+0000] {dag.py:4180} INFO - Setting next_dagrun for example_short_circuit_decorator to None, run_after=None
[2024-10-23T04:33:33.987+0000] {processor.py:208} INFO - Processing /home/airflow/.local/lib/python3.12/site-packages/airflow/example_dags/example_short_circuit_decorator.py took 0.058 seconds
[2024-10-23T04:34:04.994+0000] {processor.py:186} INFO - Started process (PID=15080) to work on /home/airflow/.local/lib/python3.12/site-packages/airflow/example_dags/example_short_circuit_decorator.py
[2024-10-23T04:34:04.995+0000] {processor.py:914} INFO - Processing file /home/airflow/.local/lib/python3.12/site-packages/airflow/example_dags/example_short_circuit_decorator.py for tasks to queue
[2024-10-23T04:34:04.997+0000] {logging_mixin.py:190} INFO - [2024-10-23T04:34:04.997+0000] {dagbag.py:588} INFO - Filling up the DagBag from /home/airflow/.local/lib/python3.12/site-packages/airflow/example_dags/example_short_circuit_decorator.py
[2024-10-23T04:34:05.011+0000] {processor.py:925} INFO - DAG(s) 'example_short_circuit_decorator' retrieved from /home/airflow/.local/lib/python3.12/site-packages/airflow/example_dags/example_short_circuit_decorator.py
[2024-10-23T04:34:05.033+0000] {logging_mixin.py:190} INFO - [2024-10-23T04:34:05.033+0000] {dag.py:3239} INFO - Sync 1 DAGs
[2024-10-23T04:34:05.044+0000] {logging_mixin.py:190} INFO - [2024-10-23T04:34:05.044+0000] {dag.py:4180} INFO - Setting next_dagrun for example_short_circuit_decorator to None, run_after=None
[2024-10-23T04:34:05.058+0000] {processor.py:208} INFO - Processing /home/airflow/.local/lib/python3.12/site-packages/airflow/example_dags/example_short_circuit_decorator.py took 0.070 seconds
[2024-10-23T04:34:36.584+0000] {processor.py:186} INFO - Started process (PID=15143) to work on /home/airflow/.local/lib/python3.12/site-packages/airflow/example_dags/example_short_circuit_decorator.py
[2024-10-23T04:34:36.586+0000] {processor.py:914} INFO - Processing file /home/airflow/.local/lib/python3.12/site-packages/airflow/example_dags/example_short_circuit_decorator.py for tasks to queue
[2024-10-23T04:34:36.587+0000] {logging_mixin.py:190} INFO - [2024-10-23T04:34:36.587+0000] {dagbag.py:588} INFO - Filling up the DagBag from /home/airflow/.local/lib/python3.12/site-packages/airflow/example_dags/example_short_circuit_decorator.py
[2024-10-23T04:34:36.594+0000] {processor.py:925} INFO - DAG(s) 'example_short_circuit_decorator' retrieved from /home/airflow/.local/lib/python3.12/site-packages/airflow/example_dags/example_short_circuit_decorator.py
[2024-10-23T04:34:36.615+0000] {logging_mixin.py:190} INFO - [2024-10-23T04:34:36.614+0000] {dag.py:3239} INFO - Sync 1 DAGs
[2024-10-23T04:34:36.628+0000] {logging_mixin.py:190} INFO - [2024-10-23T04:34:36.628+0000] {dag.py:4180} INFO - Setting next_dagrun for example_short_circuit_decorator to None, run_after=None
[2024-10-23T04:34:36.638+0000] {processor.py:208} INFO - Processing /home/airflow/.local/lib/python3.12/site-packages/airflow/example_dags/example_short_circuit_decorator.py took 0.059 seconds
[2024-10-23T04:35:08.145+0000] {processor.py:186} INFO - Started process (PID=15206) to work on /home/airflow/.local/lib/python3.12/site-packages/airflow/example_dags/example_short_circuit_decorator.py
[2024-10-23T04:35:08.147+0000] {processor.py:914} INFO - Processing file /home/airflow/.local/lib/python3.12/site-packages/airflow/example_dags/example_short_circuit_decorator.py for tasks to queue
[2024-10-23T04:35:08.148+0000] {logging_mixin.py:190} INFO - [2024-10-23T04:35:08.148+0000] {dagbag.py:588} INFO - Filling up the DagBag from /home/airflow/.local/lib/python3.12/site-packages/airflow/example_dags/example_short_circuit_decorator.py
[2024-10-23T04:35:08.157+0000] {processor.py:925} INFO - DAG(s) 'example_short_circuit_decorator' retrieved from /home/airflow/.local/lib/python3.12/site-packages/airflow/example_dags/example_short_circuit_decorator.py
[2024-10-23T04:35:08.181+0000] {logging_mixin.py:190} INFO - [2024-10-23T04:35:08.181+0000] {dag.py:3239} INFO - Sync 1 DAGs
[2024-10-23T04:35:08.193+0000] {logging_mixin.py:190} INFO - [2024-10-23T04:35:08.193+0000] {dag.py:4180} INFO - Setting next_dagrun for example_short_circuit_decorator to None, run_after=None
[2024-10-23T04:35:08.205+0000] {processor.py:208} INFO - Processing /home/airflow/.local/lib/python3.12/site-packages/airflow/example_dags/example_short_circuit_decorator.py took 0.064 seconds
[2024-10-23T04:35:40.475+0000] {processor.py:186} INFO - Started process (PID=15272) to work on /home/airflow/.local/lib/python3.12/site-packages/airflow/example_dags/example_short_circuit_decorator.py
[2024-10-23T04:35:40.476+0000] {processor.py:914} INFO - Processing file /home/airflow/.local/lib/python3.12/site-packages/airflow/example_dags/example_short_circuit_decorator.py for tasks to queue
[2024-10-23T04:35:40.477+0000] {logging_mixin.py:190} INFO - [2024-10-23T04:35:40.477+0000] {dagbag.py:588} INFO - Filling up the DagBag from /home/airflow/.local/lib/python3.12/site-packages/airflow/example_dags/example_short_circuit_decorator.py
[2024-10-23T04:35:40.485+0000] {processor.py:925} INFO - DAG(s) 'example_short_circuit_decorator' retrieved from /home/airflow/.local/lib/python3.12/site-packages/airflow/example_dags/example_short_circuit_decorator.py
[2024-10-23T04:35:40.502+0000] {logging_mixin.py:190} INFO - [2024-10-23T04:35:40.502+0000] {dag.py:3239} INFO - Sync 1 DAGs
[2024-10-23T04:35:40.512+0000] {logging_mixin.py:190} INFO - [2024-10-23T04:35:40.512+0000] {dag.py:4180} INFO - Setting next_dagrun for example_short_circuit_decorator to None, run_after=None
[2024-10-23T04:35:40.528+0000] {processor.py:208} INFO - Processing /home/airflow/.local/lib/python3.12/site-packages/airflow/example_dags/example_short_circuit_decorator.py took 0.058 seconds
[2024-10-23T04:36:11.998+0000] {processor.py:186} INFO - Started process (PID=15337) to work on /home/airflow/.local/lib/python3.12/site-packages/airflow/example_dags/example_short_circuit_decorator.py
[2024-10-23T04:36:11.999+0000] {processor.py:914} INFO - Processing file /home/airflow/.local/lib/python3.12/site-packages/airflow/example_dags/example_short_circuit_decorator.py for tasks to queue
[2024-10-23T04:36:11.999+0000] {logging_mixin.py:190} INFO - [2024-10-23T04:36:11.999+0000] {dagbag.py:588} INFO - Filling up the DagBag from /home/airflow/.local/lib/python3.12/site-packages/airflow/example_dags/example_short_circuit_decorator.py
[2024-10-23T04:36:12.007+0000] {processor.py:925} INFO - DAG(s) 'example_short_circuit_decorator' retrieved from /home/airflow/.local/lib/python3.12/site-packages/airflow/example_dags/example_short_circuit_decorator.py
[2024-10-23T04:36:12.026+0000] {logging_mixin.py:190} INFO - [2024-10-23T04:36:12.026+0000] {dag.py:3239} INFO - Sync 1 DAGs
[2024-10-23T04:36:12.038+0000] {logging_mixin.py:190} INFO - [2024-10-23T04:36:12.037+0000] {dag.py:4180} INFO - Setting next_dagrun for example_short_circuit_decorator to None, run_after=None
[2024-10-23T04:36:12.053+0000] {processor.py:208} INFO - Processing /home/airflow/.local/lib/python3.12/site-packages/airflow/example_dags/example_short_circuit_decorator.py took 0.059 seconds
[2024-10-23T04:36:43.122+0000] {processor.py:186} INFO - Started process (PID=15401) to work on /home/airflow/.local/lib/python3.12/site-packages/airflow/example_dags/example_short_circuit_decorator.py
[2024-10-23T04:36:43.124+0000] {processor.py:914} INFO - Processing file /home/airflow/.local/lib/python3.12/site-packages/airflow/example_dags/example_short_circuit_decorator.py for tasks to queue
[2024-10-23T04:36:43.126+0000] {logging_mixin.py:190} INFO - [2024-10-23T04:36:43.125+0000] {dagbag.py:588} INFO - Filling up the DagBag from /home/airflow/.local/lib/python3.12/site-packages/airflow/example_dags/example_short_circuit_decorator.py
[2024-10-23T04:36:43.134+0000] {processor.py:925} INFO - DAG(s) 'example_short_circuit_decorator' retrieved from /home/airflow/.local/lib/python3.12/site-packages/airflow/example_dags/example_short_circuit_decorator.py
[2024-10-23T04:36:43.156+0000] {logging_mixin.py:190} INFO - [2024-10-23T04:36:43.155+0000] {dag.py:3239} INFO - Sync 1 DAGs
[2024-10-23T04:36:43.170+0000] {logging_mixin.py:190} INFO - [2024-10-23T04:36:43.170+0000] {dag.py:4180} INFO - Setting next_dagrun for example_short_circuit_decorator to None, run_after=None
[2024-10-23T04:36:43.184+0000] {processor.py:208} INFO - Processing /home/airflow/.local/lib/python3.12/site-packages/airflow/example_dags/example_short_circuit_decorator.py took 0.066 seconds
[2024-10-23T04:37:16.025+0000] {processor.py:186} INFO - Started process (PID=15464) to work on /home/airflow/.local/lib/python3.12/site-packages/airflow/example_dags/example_short_circuit_decorator.py
[2024-10-23T04:37:16.027+0000] {processor.py:914} INFO - Processing file /home/airflow/.local/lib/python3.12/site-packages/airflow/example_dags/example_short_circuit_decorator.py for tasks to queue
[2024-10-23T04:37:16.029+0000] {logging_mixin.py:190} INFO - [2024-10-23T04:37:16.028+0000] {dagbag.py:588} INFO - Filling up the DagBag from /home/airflow/.local/lib/python3.12/site-packages/airflow/example_dags/example_short_circuit_decorator.py
[2024-10-23T04:37:16.038+0000] {processor.py:925} INFO - DAG(s) 'example_short_circuit_decorator' retrieved from /home/airflow/.local/lib/python3.12/site-packages/airflow/example_dags/example_short_circuit_decorator.py
[2024-10-23T04:37:16.061+0000] {logging_mixin.py:190} INFO - [2024-10-23T04:37:16.061+0000] {dag.py:3239} INFO - Sync 1 DAGs
[2024-10-23T04:37:16.089+0000] {logging_mixin.py:190} INFO - [2024-10-23T04:37:16.089+0000] {dag.py:4180} INFO - Setting next_dagrun for example_short_circuit_decorator to None, run_after=None
[2024-10-23T04:37:16.111+0000] {processor.py:208} INFO - Processing /home/airflow/.local/lib/python3.12/site-packages/airflow/example_dags/example_short_circuit_decorator.py took 0.094 seconds
[2024-10-23T04:37:48.207+0000] {processor.py:186} INFO - Started process (PID=15533) to work on /home/airflow/.local/lib/python3.12/site-packages/airflow/example_dags/example_short_circuit_decorator.py
[2024-10-23T04:37:48.209+0000] {processor.py:914} INFO - Processing file /home/airflow/.local/lib/python3.12/site-packages/airflow/example_dags/example_short_circuit_decorator.py for tasks to queue
[2024-10-23T04:37:48.210+0000] {logging_mixin.py:190} INFO - [2024-10-23T04:37:48.210+0000] {dagbag.py:588} INFO - Filling up the DagBag from /home/airflow/.local/lib/python3.12/site-packages/airflow/example_dags/example_short_circuit_decorator.py
[2024-10-23T04:37:48.228+0000] {processor.py:925} INFO - DAG(s) 'example_short_circuit_decorator' retrieved from /home/airflow/.local/lib/python3.12/site-packages/airflow/example_dags/example_short_circuit_decorator.py
[2024-10-23T04:37:48.259+0000] {logging_mixin.py:190} INFO - [2024-10-23T04:37:48.259+0000] {dag.py:3239} INFO - Sync 1 DAGs
[2024-10-23T04:37:48.279+0000] {logging_mixin.py:190} INFO - [2024-10-23T04:37:48.279+0000] {dag.py:4180} INFO - Setting next_dagrun for example_short_circuit_decorator to None, run_after=None
[2024-10-23T04:37:48.297+0000] {processor.py:208} INFO - Processing /home/airflow/.local/lib/python3.12/site-packages/airflow/example_dags/example_short_circuit_decorator.py took 0.097 seconds
[2024-10-23T04:38:19.332+0000] {processor.py:186} INFO - Started process (PID=15596) to work on /home/airflow/.local/lib/python3.12/site-packages/airflow/example_dags/example_short_circuit_decorator.py
[2024-10-23T04:38:19.334+0000] {processor.py:914} INFO - Processing file /home/airflow/.local/lib/python3.12/site-packages/airflow/example_dags/example_short_circuit_decorator.py for tasks to queue
[2024-10-23T04:38:19.337+0000] {logging_mixin.py:190} INFO - [2024-10-23T04:38:19.336+0000] {dagbag.py:588} INFO - Filling up the DagBag from /home/airflow/.local/lib/python3.12/site-packages/airflow/example_dags/example_short_circuit_decorator.py
[2024-10-23T04:38:19.418+0000] {processor.py:925} INFO - DAG(s) 'example_short_circuit_decorator' retrieved from /home/airflow/.local/lib/python3.12/site-packages/airflow/example_dags/example_short_circuit_decorator.py
[2024-10-23T04:38:19.475+0000] {logging_mixin.py:190} INFO - [2024-10-23T04:38:19.475+0000] {dag.py:3239} INFO - Sync 1 DAGs
[2024-10-23T04:38:19.510+0000] {logging_mixin.py:190} INFO - [2024-10-23T04:38:19.509+0000] {dag.py:4180} INFO - Setting next_dagrun for example_short_circuit_decorator to None, run_after=None
[2024-10-23T04:38:19.546+0000] {processor.py:208} INFO - Processing /home/airflow/.local/lib/python3.12/site-packages/airflow/example_dags/example_short_circuit_decorator.py took 0.253 seconds
[2024-10-23T04:38:50.090+0000] {processor.py:186} INFO - Started process (PID=15659) to work on /home/airflow/.local/lib/python3.12/site-packages/airflow/example_dags/example_short_circuit_decorator.py
[2024-10-23T04:38:50.091+0000] {processor.py:914} INFO - Processing file /home/airflow/.local/lib/python3.12/site-packages/airflow/example_dags/example_short_circuit_decorator.py for tasks to queue
[2024-10-23T04:38:50.092+0000] {logging_mixin.py:190} INFO - [2024-10-23T04:38:50.091+0000] {dagbag.py:588} INFO - Filling up the DagBag from /home/airflow/.local/lib/python3.12/site-packages/airflow/example_dags/example_short_circuit_decorator.py
[2024-10-23T04:38:50.099+0000] {processor.py:925} INFO - DAG(s) 'example_short_circuit_decorator' retrieved from /home/airflow/.local/lib/python3.12/site-packages/airflow/example_dags/example_short_circuit_decorator.py
[2024-10-23T04:38:50.121+0000] {logging_mixin.py:190} INFO - [2024-10-23T04:38:50.121+0000] {dag.py:3239} INFO - Sync 1 DAGs
[2024-10-23T04:38:50.134+0000] {logging_mixin.py:190} INFO - [2024-10-23T04:38:50.134+0000] {dag.py:4180} INFO - Setting next_dagrun for example_short_circuit_decorator to None, run_after=None
[2024-10-23T04:38:50.148+0000] {processor.py:208} INFO - Processing /home/airflow/.local/lib/python3.12/site-packages/airflow/example_dags/example_short_circuit_decorator.py took 0.063 seconds
[2024-10-23T04:39:22.643+0000] {processor.py:186} INFO - Started process (PID=15722) to work on /home/airflow/.local/lib/python3.12/site-packages/airflow/example_dags/example_short_circuit_decorator.py
[2024-10-23T04:39:22.645+0000] {processor.py:914} INFO - Processing file /home/airflow/.local/lib/python3.12/site-packages/airflow/example_dags/example_short_circuit_decorator.py for tasks to queue
[2024-10-23T04:39:22.647+0000] {logging_mixin.py:190} INFO - [2024-10-23T04:39:22.646+0000] {dagbag.py:588} INFO - Filling up the DagBag from /home/airflow/.local/lib/python3.12/site-packages/airflow/example_dags/example_short_circuit_decorator.py
[2024-10-23T04:39:22.658+0000] {processor.py:925} INFO - DAG(s) 'example_short_circuit_decorator' retrieved from /home/airflow/.local/lib/python3.12/site-packages/airflow/example_dags/example_short_circuit_decorator.py
[2024-10-23T04:39:22.683+0000] {logging_mixin.py:190} INFO - [2024-10-23T04:39:22.683+0000] {dag.py:3239} INFO - Sync 1 DAGs
[2024-10-23T04:39:22.696+0000] {logging_mixin.py:190} INFO - [2024-10-23T04:39:22.696+0000] {dag.py:4180} INFO - Setting next_dagrun for example_short_circuit_decorator to None, run_after=None
[2024-10-23T04:39:22.717+0000] {processor.py:208} INFO - Processing /home/airflow/.local/lib/python3.12/site-packages/airflow/example_dags/example_short_circuit_decorator.py took 0.079 seconds
[2024-10-23T04:39:53.921+0000] {processor.py:186} INFO - Started process (PID=15785) to work on /home/airflow/.local/lib/python3.12/site-packages/airflow/example_dags/example_short_circuit_decorator.py
[2024-10-23T04:39:53.922+0000] {processor.py:914} INFO - Processing file /home/airflow/.local/lib/python3.12/site-packages/airflow/example_dags/example_short_circuit_decorator.py for tasks to queue
[2024-10-23T04:39:53.924+0000] {logging_mixin.py:190} INFO - [2024-10-23T04:39:53.924+0000] {dagbag.py:588} INFO - Filling up the DagBag from /home/airflow/.local/lib/python3.12/site-packages/airflow/example_dags/example_short_circuit_decorator.py
[2024-10-23T04:39:53.933+0000] {processor.py:925} INFO - DAG(s) 'example_short_circuit_decorator' retrieved from /home/airflow/.local/lib/python3.12/site-packages/airflow/example_dags/example_short_circuit_decorator.py
[2024-10-23T04:39:53.956+0000] {logging_mixin.py:190} INFO - [2024-10-23T04:39:53.956+0000] {dag.py:3239} INFO - Sync 1 DAGs
[2024-10-23T04:39:53.966+0000] {logging_mixin.py:190} INFO - [2024-10-23T04:39:53.966+0000] {dag.py:4180} INFO - Setting next_dagrun for example_short_circuit_decorator to None, run_after=None
[2024-10-23T04:39:53.979+0000] {processor.py:208} INFO - Processing /home/airflow/.local/lib/python3.12/site-packages/airflow/example_dags/example_short_circuit_decorator.py took 0.063 seconds
[2024-10-23T04:40:27.315+0000] {processor.py:186} INFO - Started process (PID=15848) to work on /home/airflow/.local/lib/python3.12/site-packages/airflow/example_dags/example_short_circuit_decorator.py
[2024-10-23T04:40:27.317+0000] {processor.py:914} INFO - Processing file /home/airflow/.local/lib/python3.12/site-packages/airflow/example_dags/example_short_circuit_decorator.py for tasks to queue
[2024-10-23T04:40:27.319+0000] {logging_mixin.py:190} INFO - [2024-10-23T04:40:27.319+0000] {dagbag.py:588} INFO - Filling up the DagBag from /home/airflow/.local/lib/python3.12/site-packages/airflow/example_dags/example_short_circuit_decorator.py
[2024-10-23T04:40:27.332+0000] {processor.py:925} INFO - DAG(s) 'example_short_circuit_decorator' retrieved from /home/airflow/.local/lib/python3.12/site-packages/airflow/example_dags/example_short_circuit_decorator.py
[2024-10-23T04:40:27.562+0000] {logging_mixin.py:190} INFO - [2024-10-23T04:40:27.562+0000] {dag.py:3239} INFO - Sync 1 DAGs
[2024-10-23T04:40:27.579+0000] {logging_mixin.py:190} INFO - [2024-10-23T04:40:27.579+0000] {dag.py:4180} INFO - Setting next_dagrun for example_short_circuit_decorator to None, run_after=None
[2024-10-23T04:40:27.594+0000] {processor.py:208} INFO - Processing /home/airflow/.local/lib/python3.12/site-packages/airflow/example_dags/example_short_circuit_decorator.py took 0.286 seconds
[2024-10-23T04:40:57.817+0000] {processor.py:186} INFO - Started process (PID=15911) to work on /home/airflow/.local/lib/python3.12/site-packages/airflow/example_dags/example_short_circuit_decorator.py
[2024-10-23T04:40:57.820+0000] {processor.py:914} INFO - Processing file /home/airflow/.local/lib/python3.12/site-packages/airflow/example_dags/example_short_circuit_decorator.py for tasks to queue
[2024-10-23T04:40:57.822+0000] {logging_mixin.py:190} INFO - [2024-10-23T04:40:57.821+0000] {dagbag.py:588} INFO - Filling up the DagBag from /home/airflow/.local/lib/python3.12/site-packages/airflow/example_dags/example_short_circuit_decorator.py
[2024-10-23T04:40:57.832+0000] {processor.py:925} INFO - DAG(s) 'example_short_circuit_decorator' retrieved from /home/airflow/.local/lib/python3.12/site-packages/airflow/example_dags/example_short_circuit_decorator.py
[2024-10-23T04:40:57.852+0000] {logging_mixin.py:190} INFO - [2024-10-23T04:40:57.852+0000] {dag.py:3239} INFO - Sync 1 DAGs
[2024-10-23T04:40:57.865+0000] {logging_mixin.py:190} INFO - [2024-10-23T04:40:57.865+0000] {dag.py:4180} INFO - Setting next_dagrun for example_short_circuit_decorator to None, run_after=None
[2024-10-23T04:40:57.882+0000] {processor.py:208} INFO - Processing /home/airflow/.local/lib/python3.12/site-packages/airflow/example_dags/example_short_circuit_decorator.py took 0.076 seconds
[2024-10-23T04:41:28.488+0000] {processor.py:186} INFO - Started process (PID=15974) to work on /home/airflow/.local/lib/python3.12/site-packages/airflow/example_dags/example_short_circuit_decorator.py
[2024-10-23T04:41:28.491+0000] {processor.py:914} INFO - Processing file /home/airflow/.local/lib/python3.12/site-packages/airflow/example_dags/example_short_circuit_decorator.py for tasks to queue
[2024-10-23T04:41:28.492+0000] {logging_mixin.py:190} INFO - [2024-10-23T04:41:28.492+0000] {dagbag.py:588} INFO - Filling up the DagBag from /home/airflow/.local/lib/python3.12/site-packages/airflow/example_dags/example_short_circuit_decorator.py
[2024-10-23T04:41:28.500+0000] {processor.py:925} INFO - DAG(s) 'example_short_circuit_decorator' retrieved from /home/airflow/.local/lib/python3.12/site-packages/airflow/example_dags/example_short_circuit_decorator.py
[2024-10-23T04:41:28.520+0000] {logging_mixin.py:190} INFO - [2024-10-23T04:41:28.520+0000] {dag.py:3239} INFO - Sync 1 DAGs
[2024-10-23T04:41:28.533+0000] {logging_mixin.py:190} INFO - [2024-10-23T04:41:28.533+0000] {dag.py:4180} INFO - Setting next_dagrun for example_short_circuit_decorator to None, run_after=None
[2024-10-23T04:41:28.547+0000] {processor.py:208} INFO - Processing /home/airflow/.local/lib/python3.12/site-packages/airflow/example_dags/example_short_circuit_decorator.py took 0.065 seconds
[2024-10-23T04:41:59.282+0000] {processor.py:186} INFO - Started process (PID=16037) to work on /home/airflow/.local/lib/python3.12/site-packages/airflow/example_dags/example_short_circuit_decorator.py
[2024-10-23T04:41:59.283+0000] {processor.py:914} INFO - Processing file /home/airflow/.local/lib/python3.12/site-packages/airflow/example_dags/example_short_circuit_decorator.py for tasks to queue
[2024-10-23T04:41:59.284+0000] {logging_mixin.py:190} INFO - [2024-10-23T04:41:59.284+0000] {dagbag.py:588} INFO - Filling up the DagBag from /home/airflow/.local/lib/python3.12/site-packages/airflow/example_dags/example_short_circuit_decorator.py
[2024-10-23T04:41:59.293+0000] {processor.py:925} INFO - DAG(s) 'example_short_circuit_decorator' retrieved from /home/airflow/.local/lib/python3.12/site-packages/airflow/example_dags/example_short_circuit_decorator.py
[2024-10-23T04:41:59.319+0000] {logging_mixin.py:190} INFO - [2024-10-23T04:41:59.319+0000] {dag.py:3239} INFO - Sync 1 DAGs
[2024-10-23T04:41:59.329+0000] {logging_mixin.py:190} INFO - [2024-10-23T04:41:59.329+0000] {dag.py:4180} INFO - Setting next_dagrun for example_short_circuit_decorator to None, run_after=None
[2024-10-23T04:41:59.345+0000] {processor.py:208} INFO - Processing /home/airflow/.local/lib/python3.12/site-packages/airflow/example_dags/example_short_circuit_decorator.py took 0.070 seconds
[2024-10-23T04:42:29.616+0000] {processor.py:186} INFO - Started process (PID=16100) to work on /home/airflow/.local/lib/python3.12/site-packages/airflow/example_dags/example_short_circuit_decorator.py
[2024-10-23T04:42:29.618+0000] {processor.py:914} INFO - Processing file /home/airflow/.local/lib/python3.12/site-packages/airflow/example_dags/example_short_circuit_decorator.py for tasks to queue
[2024-10-23T04:42:29.620+0000] {logging_mixin.py:190} INFO - [2024-10-23T04:42:29.619+0000] {dagbag.py:588} INFO - Filling up the DagBag from /home/airflow/.local/lib/python3.12/site-packages/airflow/example_dags/example_short_circuit_decorator.py
[2024-10-23T04:42:29.632+0000] {processor.py:925} INFO - DAG(s) 'example_short_circuit_decorator' retrieved from /home/airflow/.local/lib/python3.12/site-packages/airflow/example_dags/example_short_circuit_decorator.py
[2024-10-23T04:42:29.661+0000] {logging_mixin.py:190} INFO - [2024-10-23T04:42:29.661+0000] {dag.py:3239} INFO - Sync 1 DAGs
[2024-10-23T04:42:29.672+0000] {logging_mixin.py:190} INFO - [2024-10-23T04:42:29.672+0000] {dag.py:4180} INFO - Setting next_dagrun for example_short_circuit_decorator to None, run_after=None
[2024-10-23T04:42:29.688+0000] {processor.py:208} INFO - Processing /home/airflow/.local/lib/python3.12/site-packages/airflow/example_dags/example_short_circuit_decorator.py took 0.085 seconds
[2024-10-23T04:42:59.812+0000] {processor.py:186} INFO - Started process (PID=16163) to work on /home/airflow/.local/lib/python3.12/site-packages/airflow/example_dags/example_short_circuit_decorator.py
[2024-10-23T04:42:59.814+0000] {processor.py:914} INFO - Processing file /home/airflow/.local/lib/python3.12/site-packages/airflow/example_dags/example_short_circuit_decorator.py for tasks to queue
[2024-10-23T04:42:59.815+0000] {logging_mixin.py:190} INFO - [2024-10-23T04:42:59.815+0000] {dagbag.py:588} INFO - Filling up the DagBag from /home/airflow/.local/lib/python3.12/site-packages/airflow/example_dags/example_short_circuit_decorator.py
[2024-10-23T04:42:59.823+0000] {processor.py:925} INFO - DAG(s) 'example_short_circuit_decorator' retrieved from /home/airflow/.local/lib/python3.12/site-packages/airflow/example_dags/example_short_circuit_decorator.py
[2024-10-23T04:42:59.843+0000] {logging_mixin.py:190} INFO - [2024-10-23T04:42:59.843+0000] {dag.py:3239} INFO - Sync 1 DAGs
[2024-10-23T04:42:59.856+0000] {logging_mixin.py:190} INFO - [2024-10-23T04:42:59.856+0000] {dag.py:4180} INFO - Setting next_dagrun for example_short_circuit_decorator to None, run_after=None
[2024-10-23T04:42:59.870+0000] {processor.py:208} INFO - Processing /home/airflow/.local/lib/python3.12/site-packages/airflow/example_dags/example_short_circuit_decorator.py took 0.063 seconds
[2024-10-23T04:43:30.658+0000] {processor.py:186} INFO - Started process (PID=16226) to work on /home/airflow/.local/lib/python3.12/site-packages/airflow/example_dags/example_short_circuit_decorator.py
[2024-10-23T04:43:30.662+0000] {processor.py:914} INFO - Processing file /home/airflow/.local/lib/python3.12/site-packages/airflow/example_dags/example_short_circuit_decorator.py for tasks to queue
[2024-10-23T04:43:30.663+0000] {logging_mixin.py:190} INFO - [2024-10-23T04:43:30.663+0000] {dagbag.py:588} INFO - Filling up the DagBag from /home/airflow/.local/lib/python3.12/site-packages/airflow/example_dags/example_short_circuit_decorator.py
[2024-10-23T04:43:30.676+0000] {processor.py:925} INFO - DAG(s) 'example_short_circuit_decorator' retrieved from /home/airflow/.local/lib/python3.12/site-packages/airflow/example_dags/example_short_circuit_decorator.py
[2024-10-23T04:43:30.700+0000] {logging_mixin.py:190} INFO - [2024-10-23T04:43:30.700+0000] {dag.py:3239} INFO - Sync 1 DAGs
[2024-10-23T04:43:30.718+0000] {logging_mixin.py:190} INFO - [2024-10-23T04:43:30.718+0000] {dag.py:4180} INFO - Setting next_dagrun for example_short_circuit_decorator to None, run_after=None
[2024-10-23T04:43:30.735+0000] {processor.py:208} INFO - Processing /home/airflow/.local/lib/python3.12/site-packages/airflow/example_dags/example_short_circuit_decorator.py took 0.090 seconds
[2024-10-23T04:44:01.739+0000] {processor.py:186} INFO - Started process (PID=16289) to work on /home/airflow/.local/lib/python3.12/site-packages/airflow/example_dags/example_short_circuit_decorator.py
[2024-10-23T04:44:01.740+0000] {processor.py:914} INFO - Processing file /home/airflow/.local/lib/python3.12/site-packages/airflow/example_dags/example_short_circuit_decorator.py for tasks to queue
[2024-10-23T04:44:01.741+0000] {logging_mixin.py:190} INFO - [2024-10-23T04:44:01.741+0000] {dagbag.py:588} INFO - Filling up the DagBag from /home/airflow/.local/lib/python3.12/site-packages/airflow/example_dags/example_short_circuit_decorator.py
[2024-10-23T04:44:01.749+0000] {processor.py:925} INFO - DAG(s) 'example_short_circuit_decorator' retrieved from /home/airflow/.local/lib/python3.12/site-packages/airflow/example_dags/example_short_circuit_decorator.py
[2024-10-23T04:44:01.771+0000] {logging_mixin.py:190} INFO - [2024-10-23T04:44:01.771+0000] {dag.py:3239} INFO - Sync 1 DAGs
[2024-10-23T04:44:01.780+0000] {logging_mixin.py:190} INFO - [2024-10-23T04:44:01.780+0000] {dag.py:4180} INFO - Setting next_dagrun for example_short_circuit_decorator to None, run_after=None
[2024-10-23T04:44:01.796+0000] {processor.py:208} INFO - Processing /home/airflow/.local/lib/python3.12/site-packages/airflow/example_dags/example_short_circuit_decorator.py took 0.062 seconds
[2024-10-23T04:44:32.210+0000] {processor.py:186} INFO - Started process (PID=16352) to work on /home/airflow/.local/lib/python3.12/site-packages/airflow/example_dags/example_short_circuit_decorator.py
[2024-10-23T04:44:32.211+0000] {processor.py:914} INFO - Processing file /home/airflow/.local/lib/python3.12/site-packages/airflow/example_dags/example_short_circuit_decorator.py for tasks to queue
[2024-10-23T04:44:32.212+0000] {logging_mixin.py:190} INFO - [2024-10-23T04:44:32.212+0000] {dagbag.py:588} INFO - Filling up the DagBag from /home/airflow/.local/lib/python3.12/site-packages/airflow/example_dags/example_short_circuit_decorator.py
[2024-10-23T04:44:32.219+0000] {processor.py:925} INFO - DAG(s) 'example_short_circuit_decorator' retrieved from /home/airflow/.local/lib/python3.12/site-packages/airflow/example_dags/example_short_circuit_decorator.py
[2024-10-23T04:44:32.237+0000] {logging_mixin.py:190} INFO - [2024-10-23T04:44:32.237+0000] {dag.py:3239} INFO - Sync 1 DAGs
[2024-10-23T04:44:32.247+0000] {logging_mixin.py:190} INFO - [2024-10-23T04:44:32.247+0000] {dag.py:4180} INFO - Setting next_dagrun for example_short_circuit_decorator to None, run_after=None
[2024-10-23T04:44:32.261+0000] {processor.py:208} INFO - Processing /home/airflow/.local/lib/python3.12/site-packages/airflow/example_dags/example_short_circuit_decorator.py took 0.055 seconds
[2024-10-23T04:45:02.865+0000] {processor.py:186} INFO - Started process (PID=16415) to work on /home/airflow/.local/lib/python3.12/site-packages/airflow/example_dags/example_short_circuit_decorator.py
[2024-10-23T04:45:02.868+0000] {processor.py:914} INFO - Processing file /home/airflow/.local/lib/python3.12/site-packages/airflow/example_dags/example_short_circuit_decorator.py for tasks to queue
[2024-10-23T04:45:02.868+0000] {logging_mixin.py:190} INFO - [2024-10-23T04:45:02.868+0000] {dagbag.py:588} INFO - Filling up the DagBag from /home/airflow/.local/lib/python3.12/site-packages/airflow/example_dags/example_short_circuit_decorator.py
[2024-10-23T04:45:02.876+0000] {processor.py:925} INFO - DAG(s) 'example_short_circuit_decorator' retrieved from /home/airflow/.local/lib/python3.12/site-packages/airflow/example_dags/example_short_circuit_decorator.py
[2024-10-23T04:45:02.897+0000] {logging_mixin.py:190} INFO - [2024-10-23T04:45:02.897+0000] {dag.py:3239} INFO - Sync 1 DAGs
[2024-10-23T04:45:02.907+0000] {logging_mixin.py:190} INFO - [2024-10-23T04:45:02.907+0000] {dag.py:4180} INFO - Setting next_dagrun for example_short_circuit_decorator to None, run_after=None
[2024-10-23T04:45:02.920+0000] {processor.py:208} INFO - Processing /home/airflow/.local/lib/python3.12/site-packages/airflow/example_dags/example_short_circuit_decorator.py took 0.059 seconds
[2024-10-23T04:45:33.141+0000] {processor.py:186} INFO - Started process (PID=16478) to work on /home/airflow/.local/lib/python3.12/site-packages/airflow/example_dags/example_short_circuit_decorator.py
[2024-10-23T04:45:33.142+0000] {processor.py:914} INFO - Processing file /home/airflow/.local/lib/python3.12/site-packages/airflow/example_dags/example_short_circuit_decorator.py for tasks to queue
[2024-10-23T04:45:33.143+0000] {logging_mixin.py:190} INFO - [2024-10-23T04:45:33.143+0000] {dagbag.py:588} INFO - Filling up the DagBag from /home/airflow/.local/lib/python3.12/site-packages/airflow/example_dags/example_short_circuit_decorator.py
[2024-10-23T04:45:33.150+0000] {processor.py:925} INFO - DAG(s) 'example_short_circuit_decorator' retrieved from /home/airflow/.local/lib/python3.12/site-packages/airflow/example_dags/example_short_circuit_decorator.py
[2024-10-23T04:45:33.167+0000] {logging_mixin.py:190} INFO - [2024-10-23T04:45:33.167+0000] {dag.py:3239} INFO - Sync 1 DAGs
[2024-10-23T04:45:33.180+0000] {logging_mixin.py:190} INFO - [2024-10-23T04:45:33.180+0000] {dag.py:4180} INFO - Setting next_dagrun for example_short_circuit_decorator to None, run_after=None
[2024-10-23T04:45:33.197+0000] {processor.py:208} INFO - Processing /home/airflow/.local/lib/python3.12/site-packages/airflow/example_dags/example_short_circuit_decorator.py took 0.060 seconds
[2024-10-23T07:12:07.988+0000] {processor.py:186} INFO - Started process (PID=34488) to work on /home/airflow/.local/lib/python3.12/site-packages/airflow/example_dags/example_short_circuit_decorator.py
[2024-10-23T07:12:07.988+0000] {processor.py:914} INFO - Processing file /home/airflow/.local/lib/python3.12/site-packages/airflow/example_dags/example_short_circuit_decorator.py for tasks to queue
[2024-10-23T07:12:07.990+0000] {logging_mixin.py:190} INFO - [2024-10-23T07:12:07.989+0000] {dagbag.py:588} INFO - Filling up the DagBag from /home/airflow/.local/lib/python3.12/site-packages/airflow/example_dags/example_short_circuit_decorator.py
[2024-10-23T07:12:07.997+0000] {processor.py:925} INFO - DAG(s) 'example_short_circuit_decorator' retrieved from /home/airflow/.local/lib/python3.12/site-packages/airflow/example_dags/example_short_circuit_decorator.py
[2024-10-23T07:12:08.017+0000] {logging_mixin.py:190} INFO - [2024-10-23T07:12:08.017+0000] {dag.py:3239} INFO - Sync 1 DAGs
[2024-10-23T07:12:08.029+0000] {logging_mixin.py:190} INFO - [2024-10-23T07:12:08.029+0000] {dag.py:4180} INFO - Setting next_dagrun for example_short_circuit_decorator to None, run_after=None
[2024-10-23T07:12:08.045+0000] {processor.py:208} INFO - Processing /home/airflow/.local/lib/python3.12/site-packages/airflow/example_dags/example_short_circuit_decorator.py took 0.062 seconds
[2024-10-23T07:12:38.715+0000] {processor.py:186} INFO - Started process (PID=34552) to work on /home/airflow/.local/lib/python3.12/site-packages/airflow/example_dags/example_short_circuit_decorator.py
[2024-10-23T07:12:38.716+0000] {processor.py:914} INFO - Processing file /home/airflow/.local/lib/python3.12/site-packages/airflow/example_dags/example_short_circuit_decorator.py for tasks to queue
[2024-10-23T07:12:38.717+0000] {logging_mixin.py:190} INFO - [2024-10-23T07:12:38.717+0000] {dagbag.py:588} INFO - Filling up the DagBag from /home/airflow/.local/lib/python3.12/site-packages/airflow/example_dags/example_short_circuit_decorator.py
[2024-10-23T07:12:38.730+0000] {processor.py:925} INFO - DAG(s) 'example_short_circuit_decorator' retrieved from /home/airflow/.local/lib/python3.12/site-packages/airflow/example_dags/example_short_circuit_decorator.py
[2024-10-23T07:12:38.764+0000] {logging_mixin.py:190} INFO - [2024-10-23T07:12:38.764+0000] {dag.py:3239} INFO - Sync 1 DAGs
[2024-10-23T07:12:38.780+0000] {logging_mixin.py:190} INFO - [2024-10-23T07:12:38.780+0000] {dag.py:4180} INFO - Setting next_dagrun for example_short_circuit_decorator to None, run_after=None
[2024-10-23T07:12:38.799+0000] {processor.py:208} INFO - Processing /home/airflow/.local/lib/python3.12/site-packages/airflow/example_dags/example_short_circuit_decorator.py took 0.090 seconds
[2024-10-23T07:13:09.861+0000] {processor.py:186} INFO - Started process (PID=34614) to work on /home/airflow/.local/lib/python3.12/site-packages/airflow/example_dags/example_short_circuit_decorator.py
[2024-10-23T07:13:09.862+0000] {processor.py:914} INFO - Processing file /home/airflow/.local/lib/python3.12/site-packages/airflow/example_dags/example_short_circuit_decorator.py for tasks to queue
[2024-10-23T07:13:09.864+0000] {logging_mixin.py:190} INFO - [2024-10-23T07:13:09.864+0000] {dagbag.py:588} INFO - Filling up the DagBag from /home/airflow/.local/lib/python3.12/site-packages/airflow/example_dags/example_short_circuit_decorator.py
[2024-10-23T07:13:09.874+0000] {processor.py:925} INFO - DAG(s) 'example_short_circuit_decorator' retrieved from /home/airflow/.local/lib/python3.12/site-packages/airflow/example_dags/example_short_circuit_decorator.py
[2024-10-23T07:13:09.896+0000] {logging_mixin.py:190} INFO - [2024-10-23T07:13:09.895+0000] {dag.py:3239} INFO - Sync 1 DAGs
[2024-10-23T07:13:09.907+0000] {logging_mixin.py:190} INFO - [2024-10-23T07:13:09.907+0000] {dag.py:4180} INFO - Setting next_dagrun for example_short_circuit_decorator to None, run_after=None
[2024-10-23T07:13:09.923+0000] {processor.py:208} INFO - Processing /home/airflow/.local/lib/python3.12/site-packages/airflow/example_dags/example_short_circuit_decorator.py took 0.067 seconds
[2024-10-23T07:13:40.937+0000] {processor.py:186} INFO - Started process (PID=34678) to work on /home/airflow/.local/lib/python3.12/site-packages/airflow/example_dags/example_short_circuit_decorator.py
[2024-10-23T07:13:40.938+0000] {processor.py:914} INFO - Processing file /home/airflow/.local/lib/python3.12/site-packages/airflow/example_dags/example_short_circuit_decorator.py for tasks to queue
[2024-10-23T07:13:40.939+0000] {logging_mixin.py:190} INFO - [2024-10-23T07:13:40.938+0000] {dagbag.py:588} INFO - Filling up the DagBag from /home/airflow/.local/lib/python3.12/site-packages/airflow/example_dags/example_short_circuit_decorator.py
[2024-10-23T07:13:40.945+0000] {processor.py:925} INFO - DAG(s) 'example_short_circuit_decorator' retrieved from /home/airflow/.local/lib/python3.12/site-packages/airflow/example_dags/example_short_circuit_decorator.py
[2024-10-23T07:13:40.962+0000] {logging_mixin.py:190} INFO - [2024-10-23T07:13:40.962+0000] {dag.py:3239} INFO - Sync 1 DAGs
[2024-10-23T07:13:40.973+0000] {logging_mixin.py:190} INFO - [2024-10-23T07:13:40.973+0000] {dag.py:4180} INFO - Setting next_dagrun for example_short_circuit_decorator to None, run_after=None
[2024-10-23T07:13:40.986+0000] {processor.py:208} INFO - Processing /home/airflow/.local/lib/python3.12/site-packages/airflow/example_dags/example_short_circuit_decorator.py took 0.054 seconds
[2024-10-23T07:14:12.213+0000] {processor.py:186} INFO - Started process (PID=34741) to work on /home/airflow/.local/lib/python3.12/site-packages/airflow/example_dags/example_short_circuit_decorator.py
[2024-10-23T07:14:12.214+0000] {processor.py:914} INFO - Processing file /home/airflow/.local/lib/python3.12/site-packages/airflow/example_dags/example_short_circuit_decorator.py for tasks to queue
[2024-10-23T07:14:12.215+0000] {logging_mixin.py:190} INFO - [2024-10-23T07:14:12.215+0000] {dagbag.py:588} INFO - Filling up the DagBag from /home/airflow/.local/lib/python3.12/site-packages/airflow/example_dags/example_short_circuit_decorator.py
[2024-10-23T07:14:12.222+0000] {processor.py:925} INFO - DAG(s) 'example_short_circuit_decorator' retrieved from /home/airflow/.local/lib/python3.12/site-packages/airflow/example_dags/example_short_circuit_decorator.py
[2024-10-23T07:14:12.237+0000] {logging_mixin.py:190} INFO - [2024-10-23T07:14:12.237+0000] {dag.py:3239} INFO - Sync 1 DAGs
[2024-10-23T07:14:12.247+0000] {logging_mixin.py:190} INFO - [2024-10-23T07:14:12.247+0000] {dag.py:4180} INFO - Setting next_dagrun for example_short_circuit_decorator to None, run_after=None
[2024-10-23T07:14:12.263+0000] {processor.py:208} INFO - Processing /home/airflow/.local/lib/python3.12/site-packages/airflow/example_dags/example_short_circuit_decorator.py took 0.054 seconds
[2024-10-23T07:14:44.184+0000] {processor.py:186} INFO - Started process (PID=34804) to work on /home/airflow/.local/lib/python3.12/site-packages/airflow/example_dags/example_short_circuit_decorator.py
[2024-10-23T07:14:44.187+0000] {processor.py:914} INFO - Processing file /home/airflow/.local/lib/python3.12/site-packages/airflow/example_dags/example_short_circuit_decorator.py for tasks to queue
[2024-10-23T07:14:44.188+0000] {logging_mixin.py:190} INFO - [2024-10-23T07:14:44.188+0000] {dagbag.py:588} INFO - Filling up the DagBag from /home/airflow/.local/lib/python3.12/site-packages/airflow/example_dags/example_short_circuit_decorator.py
[2024-10-23T07:14:44.196+0000] {processor.py:925} INFO - DAG(s) 'example_short_circuit_decorator' retrieved from /home/airflow/.local/lib/python3.12/site-packages/airflow/example_dags/example_short_circuit_decorator.py
[2024-10-23T07:14:44.212+0000] {logging_mixin.py:190} INFO - [2024-10-23T07:14:44.212+0000] {dag.py:3239} INFO - Sync 1 DAGs
[2024-10-23T07:14:44.222+0000] {logging_mixin.py:190} INFO - [2024-10-23T07:14:44.222+0000] {dag.py:4180} INFO - Setting next_dagrun for example_short_circuit_decorator to None, run_after=None
[2024-10-23T07:14:44.234+0000] {processor.py:208} INFO - Processing /home/airflow/.local/lib/python3.12/site-packages/airflow/example_dags/example_short_circuit_decorator.py took 0.055 seconds
[2024-10-23T07:15:15.212+0000] {processor.py:186} INFO - Started process (PID=34867) to work on /home/airflow/.local/lib/python3.12/site-packages/airflow/example_dags/example_short_circuit_decorator.py
[2024-10-23T07:15:15.213+0000] {processor.py:914} INFO - Processing file /home/airflow/.local/lib/python3.12/site-packages/airflow/example_dags/example_short_circuit_decorator.py for tasks to queue
[2024-10-23T07:15:15.214+0000] {logging_mixin.py:190} INFO - [2024-10-23T07:15:15.213+0000] {dagbag.py:588} INFO - Filling up the DagBag from /home/airflow/.local/lib/python3.12/site-packages/airflow/example_dags/example_short_circuit_decorator.py
[2024-10-23T07:15:15.221+0000] {processor.py:925} INFO - DAG(s) 'example_short_circuit_decorator' retrieved from /home/airflow/.local/lib/python3.12/site-packages/airflow/example_dags/example_short_circuit_decorator.py
[2024-10-23T07:15:15.238+0000] {logging_mixin.py:190} INFO - [2024-10-23T07:15:15.238+0000] {dag.py:3239} INFO - Sync 1 DAGs
[2024-10-23T07:15:15.412+0000] {logging_mixin.py:190} INFO - [2024-10-23T07:15:15.412+0000] {dag.py:4180} INFO - Setting next_dagrun for example_short_circuit_decorator to None, run_after=None
[2024-10-23T07:15:15.424+0000] {processor.py:208} INFO - Processing /home/airflow/.local/lib/python3.12/site-packages/airflow/example_dags/example_short_circuit_decorator.py took 0.219 seconds
[2024-10-23T07:15:45.978+0000] {processor.py:186} INFO - Started process (PID=34930) to work on /home/airflow/.local/lib/python3.12/site-packages/airflow/example_dags/example_short_circuit_decorator.py
[2024-10-23T07:15:45.978+0000] {processor.py:914} INFO - Processing file /home/airflow/.local/lib/python3.12/site-packages/airflow/example_dags/example_short_circuit_decorator.py for tasks to queue
[2024-10-23T07:15:45.979+0000] {logging_mixin.py:190} INFO - [2024-10-23T07:15:45.979+0000] {dagbag.py:588} INFO - Filling up the DagBag from /home/airflow/.local/lib/python3.12/site-packages/airflow/example_dags/example_short_circuit_decorator.py
[2024-10-23T07:15:45.988+0000] {processor.py:925} INFO - DAG(s) 'example_short_circuit_decorator' retrieved from /home/airflow/.local/lib/python3.12/site-packages/airflow/example_dags/example_short_circuit_decorator.py
[2024-10-23T07:15:46.006+0000] {logging_mixin.py:190} INFO - [2024-10-23T07:15:46.006+0000] {dag.py:3239} INFO - Sync 1 DAGs
[2024-10-23T07:15:46.016+0000] {logging_mixin.py:190} INFO - [2024-10-23T07:15:46.016+0000] {dag.py:4180} INFO - Setting next_dagrun for example_short_circuit_decorator to None, run_after=None
[2024-10-23T07:15:46.030+0000] {processor.py:208} INFO - Processing /home/airflow/.local/lib/python3.12/site-packages/airflow/example_dags/example_short_circuit_decorator.py took 0.056 seconds
[2024-10-23T07:16:16.189+0000] {processor.py:186} INFO - Started process (PID=34993) to work on /home/airflow/.local/lib/python3.12/site-packages/airflow/example_dags/example_short_circuit_decorator.py
[2024-10-23T07:16:16.192+0000] {processor.py:914} INFO - Processing file /home/airflow/.local/lib/python3.12/site-packages/airflow/example_dags/example_short_circuit_decorator.py for tasks to queue
[2024-10-23T07:16:16.193+0000] {logging_mixin.py:190} INFO - [2024-10-23T07:16:16.193+0000] {dagbag.py:588} INFO - Filling up the DagBag from /home/airflow/.local/lib/python3.12/site-packages/airflow/example_dags/example_short_circuit_decorator.py
[2024-10-23T07:16:16.200+0000] {processor.py:925} INFO - DAG(s) 'example_short_circuit_decorator' retrieved from /home/airflow/.local/lib/python3.12/site-packages/airflow/example_dags/example_short_circuit_decorator.py
[2024-10-23T07:16:16.217+0000] {logging_mixin.py:190} INFO - [2024-10-23T07:16:16.217+0000] {dag.py:3239} INFO - Sync 1 DAGs
[2024-10-23T07:16:16.226+0000] {logging_mixin.py:190} INFO - [2024-10-23T07:16:16.226+0000] {dag.py:4180} INFO - Setting next_dagrun for example_short_circuit_decorator to None, run_after=None
[2024-10-23T07:16:16.239+0000] {processor.py:208} INFO - Processing /home/airflow/.local/lib/python3.12/site-packages/airflow/example_dags/example_short_circuit_decorator.py took 0.054 seconds
[2024-10-23T07:16:46.318+0000] {processor.py:186} INFO - Started process (PID=35056) to work on /home/airflow/.local/lib/python3.12/site-packages/airflow/example_dags/example_short_circuit_decorator.py
[2024-10-23T07:16:46.319+0000] {processor.py:914} INFO - Processing file /home/airflow/.local/lib/python3.12/site-packages/airflow/example_dags/example_short_circuit_decorator.py for tasks to queue
[2024-10-23T07:16:46.321+0000] {logging_mixin.py:190} INFO - [2024-10-23T07:16:46.320+0000] {dagbag.py:588} INFO - Filling up the DagBag from /home/airflow/.local/lib/python3.12/site-packages/airflow/example_dags/example_short_circuit_decorator.py
[2024-10-23T07:16:46.328+0000] {processor.py:925} INFO - DAG(s) 'example_short_circuit_decorator' retrieved from /home/airflow/.local/lib/python3.12/site-packages/airflow/example_dags/example_short_circuit_decorator.py
[2024-10-23T07:16:46.348+0000] {logging_mixin.py:190} INFO - [2024-10-23T07:16:46.348+0000] {dag.py:3239} INFO - Sync 1 DAGs
[2024-10-23T07:16:46.358+0000] {logging_mixin.py:190} INFO - [2024-10-23T07:16:46.358+0000] {dag.py:4180} INFO - Setting next_dagrun for example_short_circuit_decorator to None, run_after=None
[2024-10-23T07:16:46.373+0000] {processor.py:208} INFO - Processing /home/airflow/.local/lib/python3.12/site-packages/airflow/example_dags/example_short_circuit_decorator.py took 0.060 seconds
[2024-10-23T07:17:16.565+0000] {processor.py:186} INFO - Started process (PID=35119) to work on /home/airflow/.local/lib/python3.12/site-packages/airflow/example_dags/example_short_circuit_decorator.py
[2024-10-23T07:17:16.566+0000] {processor.py:914} INFO - Processing file /home/airflow/.local/lib/python3.12/site-packages/airflow/example_dags/example_short_circuit_decorator.py for tasks to queue
[2024-10-23T07:17:16.567+0000] {logging_mixin.py:190} INFO - [2024-10-23T07:17:16.566+0000] {dagbag.py:588} INFO - Filling up the DagBag from /home/airflow/.local/lib/python3.12/site-packages/airflow/example_dags/example_short_circuit_decorator.py
[2024-10-23T07:17:16.573+0000] {processor.py:925} INFO - DAG(s) 'example_short_circuit_decorator' retrieved from /home/airflow/.local/lib/python3.12/site-packages/airflow/example_dags/example_short_circuit_decorator.py
[2024-10-23T07:17:16.591+0000] {logging_mixin.py:190} INFO - [2024-10-23T07:17:16.590+0000] {dag.py:3239} INFO - Sync 1 DAGs
[2024-10-23T07:17:16.604+0000] {logging_mixin.py:190} INFO - [2024-10-23T07:17:16.604+0000] {dag.py:4180} INFO - Setting next_dagrun for example_short_circuit_decorator to None, run_after=None
[2024-10-23T07:17:16.616+0000] {processor.py:208} INFO - Processing /home/airflow/.local/lib/python3.12/site-packages/airflow/example_dags/example_short_circuit_decorator.py took 0.055 seconds
[2024-10-23T07:17:47.113+0000] {processor.py:186} INFO - Started process (PID=35182) to work on /home/airflow/.local/lib/python3.12/site-packages/airflow/example_dags/example_short_circuit_decorator.py
[2024-10-23T07:17:47.115+0000] {processor.py:914} INFO - Processing file /home/airflow/.local/lib/python3.12/site-packages/airflow/example_dags/example_short_circuit_decorator.py for tasks to queue
[2024-10-23T07:17:47.117+0000] {logging_mixin.py:190} INFO - [2024-10-23T07:17:47.117+0000] {dagbag.py:588} INFO - Filling up the DagBag from /home/airflow/.local/lib/python3.12/site-packages/airflow/example_dags/example_short_circuit_decorator.py
[2024-10-23T07:17:47.124+0000] {processor.py:925} INFO - DAG(s) 'example_short_circuit_decorator' retrieved from /home/airflow/.local/lib/python3.12/site-packages/airflow/example_dags/example_short_circuit_decorator.py
[2024-10-23T07:17:47.142+0000] {logging_mixin.py:190} INFO - [2024-10-23T07:17:47.142+0000] {dag.py:3239} INFO - Sync 1 DAGs
[2024-10-23T07:17:47.154+0000] {logging_mixin.py:190} INFO - [2024-10-23T07:17:47.154+0000] {dag.py:4180} INFO - Setting next_dagrun for example_short_circuit_decorator to None, run_after=None
[2024-10-23T07:17:47.167+0000] {processor.py:208} INFO - Processing /home/airflow/.local/lib/python3.12/site-packages/airflow/example_dags/example_short_circuit_decorator.py took 0.058 seconds
[2024-10-23T07:18:17.648+0000] {processor.py:186} INFO - Started process (PID=35245) to work on /home/airflow/.local/lib/python3.12/site-packages/airflow/example_dags/example_short_circuit_decorator.py
[2024-10-23T07:18:17.650+0000] {processor.py:914} INFO - Processing file /home/airflow/.local/lib/python3.12/site-packages/airflow/example_dags/example_short_circuit_decorator.py for tasks to queue
[2024-10-23T07:18:17.652+0000] {logging_mixin.py:190} INFO - [2024-10-23T07:18:17.652+0000] {dagbag.py:588} INFO - Filling up the DagBag from /home/airflow/.local/lib/python3.12/site-packages/airflow/example_dags/example_short_circuit_decorator.py
[2024-10-23T07:18:17.663+0000] {processor.py:925} INFO - DAG(s) 'example_short_circuit_decorator' retrieved from /home/airflow/.local/lib/python3.12/site-packages/airflow/example_dags/example_short_circuit_decorator.py
[2024-10-23T07:18:17.685+0000] {logging_mixin.py:190} INFO - [2024-10-23T07:18:17.684+0000] {dag.py:3239} INFO - Sync 1 DAGs
[2024-10-23T07:18:17.698+0000] {logging_mixin.py:190} INFO - [2024-10-23T07:18:17.698+0000] {dag.py:4180} INFO - Setting next_dagrun for example_short_circuit_decorator to None, run_after=None
[2024-10-23T07:18:17.713+0000] {processor.py:208} INFO - Processing /home/airflow/.local/lib/python3.12/site-packages/airflow/example_dags/example_short_circuit_decorator.py took 0.069 seconds
[2024-10-23T07:18:48.352+0000] {processor.py:186} INFO - Started process (PID=35308) to work on /home/airflow/.local/lib/python3.12/site-packages/airflow/example_dags/example_short_circuit_decorator.py
[2024-10-23T07:18:48.353+0000] {processor.py:914} INFO - Processing file /home/airflow/.local/lib/python3.12/site-packages/airflow/example_dags/example_short_circuit_decorator.py for tasks to queue
[2024-10-23T07:18:48.353+0000] {logging_mixin.py:190} INFO - [2024-10-23T07:18:48.353+0000] {dagbag.py:588} INFO - Filling up the DagBag from /home/airflow/.local/lib/python3.12/site-packages/airflow/example_dags/example_short_circuit_decorator.py
[2024-10-23T07:18:48.361+0000] {processor.py:925} INFO - DAG(s) 'example_short_circuit_decorator' retrieved from /home/airflow/.local/lib/python3.12/site-packages/airflow/example_dags/example_short_circuit_decorator.py
[2024-10-23T07:18:48.380+0000] {logging_mixin.py:190} INFO - [2024-10-23T07:18:48.380+0000] {dag.py:3239} INFO - Sync 1 DAGs
[2024-10-23T07:18:48.391+0000] {logging_mixin.py:190} INFO - [2024-10-23T07:18:48.391+0000] {dag.py:4180} INFO - Setting next_dagrun for example_short_circuit_decorator to None, run_after=None
[2024-10-23T07:18:48.404+0000] {processor.py:208} INFO - Processing /home/airflow/.local/lib/python3.12/site-packages/airflow/example_dags/example_short_circuit_decorator.py took 0.057 seconds
[2024-10-23T07:19:18.935+0000] {processor.py:186} INFO - Started process (PID=35373) to work on /home/airflow/.local/lib/python3.12/site-packages/airflow/example_dags/example_short_circuit_decorator.py
[2024-10-23T07:19:18.936+0000] {processor.py:914} INFO - Processing file /home/airflow/.local/lib/python3.12/site-packages/airflow/example_dags/example_short_circuit_decorator.py for tasks to queue
[2024-10-23T07:19:18.938+0000] {logging_mixin.py:190} INFO - [2024-10-23T07:19:18.938+0000] {dagbag.py:588} INFO - Filling up the DagBag from /home/airflow/.local/lib/python3.12/site-packages/airflow/example_dags/example_short_circuit_decorator.py
[2024-10-23T07:19:18.945+0000] {processor.py:925} INFO - DAG(s) 'example_short_circuit_decorator' retrieved from /home/airflow/.local/lib/python3.12/site-packages/airflow/example_dags/example_short_circuit_decorator.py
[2024-10-23T07:19:18.968+0000] {logging_mixin.py:190} INFO - [2024-10-23T07:19:18.968+0000] {dag.py:3239} INFO - Sync 1 DAGs
[2024-10-23T07:19:18.978+0000] {logging_mixin.py:190} INFO - [2024-10-23T07:19:18.978+0000] {dag.py:4180} INFO - Setting next_dagrun for example_short_circuit_decorator to None, run_after=None
[2024-10-23T07:19:18.992+0000] {processor.py:208} INFO - Processing /home/airflow/.local/lib/python3.12/site-packages/airflow/example_dags/example_short_circuit_decorator.py took 0.061 seconds
[2024-10-23T07:19:49.640+0000] {processor.py:186} INFO - Started process (PID=35437) to work on /home/airflow/.local/lib/python3.12/site-packages/airflow/example_dags/example_short_circuit_decorator.py
[2024-10-23T07:19:49.642+0000] {processor.py:914} INFO - Processing file /home/airflow/.local/lib/python3.12/site-packages/airflow/example_dags/example_short_circuit_decorator.py for tasks to queue
[2024-10-23T07:19:49.643+0000] {logging_mixin.py:190} INFO - [2024-10-23T07:19:49.643+0000] {dagbag.py:588} INFO - Filling up the DagBag from /home/airflow/.local/lib/python3.12/site-packages/airflow/example_dags/example_short_circuit_decorator.py
[2024-10-23T07:19:49.651+0000] {processor.py:925} INFO - DAG(s) 'example_short_circuit_decorator' retrieved from /home/airflow/.local/lib/python3.12/site-packages/airflow/example_dags/example_short_circuit_decorator.py
[2024-10-23T07:19:49.672+0000] {logging_mixin.py:190} INFO - [2024-10-23T07:19:49.672+0000] {dag.py:3239} INFO - Sync 1 DAGs
[2024-10-23T07:19:49.683+0000] {logging_mixin.py:190} INFO - [2024-10-23T07:19:49.683+0000] {dag.py:4180} INFO - Setting next_dagrun for example_short_circuit_decorator to None, run_after=None
[2024-10-23T07:19:49.698+0000] {processor.py:208} INFO - Processing /home/airflow/.local/lib/python3.12/site-packages/airflow/example_dags/example_short_circuit_decorator.py took 0.062 seconds
