[2024-10-23T02:32:08.609+0000] {processor.py:186} INFO - Started process (PID=13762) to work on /home/airflow/.local/lib/python3.12/site-packages/airflow/example_dags/example_setup_teardown_taskflow.py
[2024-10-23T02:32:08.610+0000] {processor.py:914} INFO - Processing file /home/airflow/.local/lib/python3.12/site-packages/airflow/example_dags/example_setup_teardown_taskflow.py for tasks to queue
[2024-10-23T02:32:08.612+0000] {logging_mixin.py:190} INFO - [2024-10-23T02:32:08.611+0000] {dagbag.py:588} INFO - Filling up the DagBag from /home/airflow/.local/lib/python3.12/site-packages/airflow/example_dags/example_setup_teardown_taskflow.py
[2024-10-23T02:32:08.622+0000] {processor.py:925} INFO - DAG(s) 'example_setup_teardown_taskflow' retrieved from /home/airflow/.local/lib/python3.12/site-packages/airflow/example_dags/example_setup_teardown_taskflow.py
[2024-10-23T02:32:08.644+0000] {logging_mixin.py:190} INFO - [2024-10-23T02:32:08.643+0000] {dag.py:3239} INFO - Sync 1 DAGs
[2024-10-23T02:32:08.655+0000] {logging_mixin.py:190} INFO - [2024-10-23T02:32:08.655+0000] {dag.py:4180} INFO - Setting next_dagrun for example_setup_teardown_taskflow to None, run_after=None
[2024-10-23T02:32:08.668+0000] {processor.py:208} INFO - Processing /home/airflow/.local/lib/python3.12/site-packages/airflow/example_dags/example_setup_teardown_taskflow.py took 0.063 seconds
[2024-10-23T04:23:46.345+0000] {processor.py:186} INFO - Started process (PID=13825) to work on /home/airflow/.local/lib/python3.12/site-packages/airflow/example_dags/example_setup_teardown_taskflow.py
[2024-10-23T04:23:46.347+0000] {processor.py:914} INFO - Processing file /home/airflow/.local/lib/python3.12/site-packages/airflow/example_dags/example_setup_teardown_taskflow.py for tasks to queue
[2024-10-23T04:23:46.347+0000] {logging_mixin.py:190} INFO - [2024-10-23T04:23:46.347+0000] {dagbag.py:588} INFO - Filling up the DagBag from /home/airflow/.local/lib/python3.12/site-packages/airflow/example_dags/example_setup_teardown_taskflow.py
[2024-10-23T04:23:46.355+0000] {processor.py:925} INFO - DAG(s) 'example_setup_teardown_taskflow' retrieved from /home/airflow/.local/lib/python3.12/site-packages/airflow/example_dags/example_setup_teardown_taskflow.py
[2024-10-23T04:23:46.389+0000] {logging_mixin.py:190} INFO - [2024-10-23T04:23:46.389+0000] {dag.py:3239} INFO - Sync 1 DAGs
[2024-10-23T04:23:46.409+0000] {logging_mixin.py:190} INFO - [2024-10-23T04:23:46.409+0000] {dag.py:4180} INFO - Setting next_dagrun for example_setup_teardown_taskflow to None, run_after=None
[2024-10-23T04:23:46.435+0000] {processor.py:208} INFO - Processing /home/airflow/.local/lib/python3.12/site-packages/airflow/example_dags/example_setup_teardown_taskflow.py took 0.094 seconds
[2024-10-23T04:24:17.642+0000] {processor.py:186} INFO - Started process (PID=13888) to work on /home/airflow/.local/lib/python3.12/site-packages/airflow/example_dags/example_setup_teardown_taskflow.py
[2024-10-23T04:24:17.643+0000] {processor.py:914} INFO - Processing file /home/airflow/.local/lib/python3.12/site-packages/airflow/example_dags/example_setup_teardown_taskflow.py for tasks to queue
[2024-10-23T04:24:17.644+0000] {logging_mixin.py:190} INFO - [2024-10-23T04:24:17.644+0000] {dagbag.py:588} INFO - Filling up the DagBag from /home/airflow/.local/lib/python3.12/site-packages/airflow/example_dags/example_setup_teardown_taskflow.py
[2024-10-23T04:24:17.654+0000] {processor.py:925} INFO - DAG(s) 'example_setup_teardown_taskflow' retrieved from /home/airflow/.local/lib/python3.12/site-packages/airflow/example_dags/example_setup_teardown_taskflow.py
[2024-10-23T04:24:17.677+0000] {logging_mixin.py:190} INFO - [2024-10-23T04:24:17.677+0000] {dag.py:3239} INFO - Sync 1 DAGs
[2024-10-23T04:24:17.689+0000] {logging_mixin.py:190} INFO - [2024-10-23T04:24:17.689+0000] {dag.py:4180} INFO - Setting next_dagrun for example_setup_teardown_taskflow to None, run_after=None
[2024-10-23T04:24:17.705+0000] {processor.py:208} INFO - Processing /home/airflow/.local/lib/python3.12/site-packages/airflow/example_dags/example_setup_teardown_taskflow.py took 0.070 seconds
[2024-10-23T04:24:48.068+0000] {processor.py:186} INFO - Started process (PID=13951) to work on /home/airflow/.local/lib/python3.12/site-packages/airflow/example_dags/example_setup_teardown_taskflow.py
[2024-10-23T04:24:48.069+0000] {processor.py:914} INFO - Processing file /home/airflow/.local/lib/python3.12/site-packages/airflow/example_dags/example_setup_teardown_taskflow.py for tasks to queue
[2024-10-23T04:24:48.070+0000] {logging_mixin.py:190} INFO - [2024-10-23T04:24:48.070+0000] {dagbag.py:588} INFO - Filling up the DagBag from /home/airflow/.local/lib/python3.12/site-packages/airflow/example_dags/example_setup_teardown_taskflow.py
[2024-10-23T04:24:48.078+0000] {processor.py:925} INFO - DAG(s) 'example_setup_teardown_taskflow' retrieved from /home/airflow/.local/lib/python3.12/site-packages/airflow/example_dags/example_setup_teardown_taskflow.py
[2024-10-23T04:24:48.094+0000] {logging_mixin.py:190} INFO - [2024-10-23T04:24:48.093+0000] {dag.py:3239} INFO - Sync 1 DAGs
[2024-10-23T04:24:48.103+0000] {logging_mixin.py:190} INFO - [2024-10-23T04:24:48.103+0000] {dag.py:4180} INFO - Setting next_dagrun for example_setup_teardown_taskflow to None, run_after=None
[2024-10-23T04:24:48.118+0000] {processor.py:208} INFO - Processing /home/airflow/.local/lib/python3.12/site-packages/airflow/example_dags/example_setup_teardown_taskflow.py took 0.055 seconds
[2024-10-23T04:25:18.529+0000] {processor.py:186} INFO - Started process (PID=14014) to work on /home/airflow/.local/lib/python3.12/site-packages/airflow/example_dags/example_setup_teardown_taskflow.py
[2024-10-23T04:25:18.530+0000] {processor.py:914} INFO - Processing file /home/airflow/.local/lib/python3.12/site-packages/airflow/example_dags/example_setup_teardown_taskflow.py for tasks to queue
[2024-10-23T04:25:18.531+0000] {logging_mixin.py:190} INFO - [2024-10-23T04:25:18.531+0000] {dagbag.py:588} INFO - Filling up the DagBag from /home/airflow/.local/lib/python3.12/site-packages/airflow/example_dags/example_setup_teardown_taskflow.py
[2024-10-23T04:25:18.539+0000] {processor.py:925} INFO - DAG(s) 'example_setup_teardown_taskflow' retrieved from /home/airflow/.local/lib/python3.12/site-packages/airflow/example_dags/example_setup_teardown_taskflow.py
[2024-10-23T04:25:18.554+0000] {logging_mixin.py:190} INFO - [2024-10-23T04:25:18.553+0000] {dag.py:3239} INFO - Sync 1 DAGs
[2024-10-23T04:25:18.563+0000] {logging_mixin.py:190} INFO - [2024-10-23T04:25:18.562+0000] {dag.py:4180} INFO - Setting next_dagrun for example_setup_teardown_taskflow to None, run_after=None
[2024-10-23T04:25:18.576+0000] {processor.py:208} INFO - Processing /home/airflow/.local/lib/python3.12/site-packages/airflow/example_dags/example_setup_teardown_taskflow.py took 0.052 seconds
[2024-10-23T04:25:49.163+0000] {processor.py:186} INFO - Started process (PID=14077) to work on /home/airflow/.local/lib/python3.12/site-packages/airflow/example_dags/example_setup_teardown_taskflow.py
[2024-10-23T04:25:49.165+0000] {processor.py:914} INFO - Processing file /home/airflow/.local/lib/python3.12/site-packages/airflow/example_dags/example_setup_teardown_taskflow.py for tasks to queue
[2024-10-23T04:25:49.166+0000] {logging_mixin.py:190} INFO - [2024-10-23T04:25:49.166+0000] {dagbag.py:588} INFO - Filling up the DagBag from /home/airflow/.local/lib/python3.12/site-packages/airflow/example_dags/example_setup_teardown_taskflow.py
[2024-10-23T04:25:49.177+0000] {processor.py:925} INFO - DAG(s) 'example_setup_teardown_taskflow' retrieved from /home/airflow/.local/lib/python3.12/site-packages/airflow/example_dags/example_setup_teardown_taskflow.py
[2024-10-23T04:25:49.196+0000] {logging_mixin.py:190} INFO - [2024-10-23T04:25:49.195+0000] {dag.py:3239} INFO - Sync 1 DAGs
[2024-10-23T04:25:49.208+0000] {logging_mixin.py:190} INFO - [2024-10-23T04:25:49.207+0000] {dag.py:4180} INFO - Setting next_dagrun for example_setup_teardown_taskflow to None, run_after=None
[2024-10-23T04:25:49.221+0000] {processor.py:208} INFO - Processing /home/airflow/.local/lib/python3.12/site-packages/airflow/example_dags/example_setup_teardown_taskflow.py took 0.064 seconds
[2024-10-23T04:26:20.981+0000] {processor.py:186} INFO - Started process (PID=14140) to work on /home/airflow/.local/lib/python3.12/site-packages/airflow/example_dags/example_setup_teardown_taskflow.py
[2024-10-23T04:26:20.983+0000] {processor.py:914} INFO - Processing file /home/airflow/.local/lib/python3.12/site-packages/airflow/example_dags/example_setup_teardown_taskflow.py for tasks to queue
[2024-10-23T04:26:20.984+0000] {logging_mixin.py:190} INFO - [2024-10-23T04:26:20.984+0000] {dagbag.py:588} INFO - Filling up the DagBag from /home/airflow/.local/lib/python3.12/site-packages/airflow/example_dags/example_setup_teardown_taskflow.py
[2024-10-23T04:26:20.992+0000] {processor.py:925} INFO - DAG(s) 'example_setup_teardown_taskflow' retrieved from /home/airflow/.local/lib/python3.12/site-packages/airflow/example_dags/example_setup_teardown_taskflow.py
[2024-10-23T04:26:21.008+0000] {logging_mixin.py:190} INFO - [2024-10-23T04:26:21.008+0000] {dag.py:3239} INFO - Sync 1 DAGs
[2024-10-23T04:26:21.018+0000] {logging_mixin.py:190} INFO - [2024-10-23T04:26:21.018+0000] {dag.py:4180} INFO - Setting next_dagrun for example_setup_teardown_taskflow to None, run_after=None
[2024-10-23T04:26:21.029+0000] {processor.py:208} INFO - Processing /home/airflow/.local/lib/python3.12/site-packages/airflow/example_dags/example_setup_teardown_taskflow.py took 0.053 seconds
[2024-10-23T04:26:51.426+0000] {processor.py:186} INFO - Started process (PID=14203) to work on /home/airflow/.local/lib/python3.12/site-packages/airflow/example_dags/example_setup_teardown_taskflow.py
[2024-10-23T04:26:51.427+0000] {processor.py:914} INFO - Processing file /home/airflow/.local/lib/python3.12/site-packages/airflow/example_dags/example_setup_teardown_taskflow.py for tasks to queue
[2024-10-23T04:26:51.430+0000] {logging_mixin.py:190} INFO - [2024-10-23T04:26:51.430+0000] {dagbag.py:588} INFO - Filling up the DagBag from /home/airflow/.local/lib/python3.12/site-packages/airflow/example_dags/example_setup_teardown_taskflow.py
[2024-10-23T04:26:51.439+0000] {processor.py:925} INFO - DAG(s) 'example_setup_teardown_taskflow' retrieved from /home/airflow/.local/lib/python3.12/site-packages/airflow/example_dags/example_setup_teardown_taskflow.py
[2024-10-23T04:26:51.459+0000] {logging_mixin.py:190} INFO - [2024-10-23T04:26:51.458+0000] {dag.py:3239} INFO - Sync 1 DAGs
[2024-10-23T04:26:51.468+0000] {logging_mixin.py:190} INFO - [2024-10-23T04:26:51.468+0000] {dag.py:4180} INFO - Setting next_dagrun for example_setup_teardown_taskflow to None, run_after=None
[2024-10-23T04:26:51.481+0000] {processor.py:208} INFO - Processing /home/airflow/.local/lib/python3.12/site-packages/airflow/example_dags/example_setup_teardown_taskflow.py took 0.060 seconds
[2024-10-23T04:27:21.646+0000] {processor.py:186} INFO - Started process (PID=14266) to work on /home/airflow/.local/lib/python3.12/site-packages/airflow/example_dags/example_setup_teardown_taskflow.py
[2024-10-23T04:27:21.646+0000] {processor.py:914} INFO - Processing file /home/airflow/.local/lib/python3.12/site-packages/airflow/example_dags/example_setup_teardown_taskflow.py for tasks to queue
[2024-10-23T04:27:21.647+0000] {logging_mixin.py:190} INFO - [2024-10-23T04:27:21.647+0000] {dagbag.py:588} INFO - Filling up the DagBag from /home/airflow/.local/lib/python3.12/site-packages/airflow/example_dags/example_setup_teardown_taskflow.py
[2024-10-23T04:27:21.655+0000] {processor.py:925} INFO - DAG(s) 'example_setup_teardown_taskflow' retrieved from /home/airflow/.local/lib/python3.12/site-packages/airflow/example_dags/example_setup_teardown_taskflow.py
[2024-10-23T04:27:21.674+0000] {logging_mixin.py:190} INFO - [2024-10-23T04:27:21.674+0000] {dag.py:3239} INFO - Sync 1 DAGs
[2024-10-23T04:27:21.683+0000] {logging_mixin.py:190} INFO - [2024-10-23T04:27:21.683+0000] {dag.py:4180} INFO - Setting next_dagrun for example_setup_teardown_taskflow to None, run_after=None
[2024-10-23T04:27:21.699+0000] {processor.py:208} INFO - Processing /home/airflow/.local/lib/python3.12/site-packages/airflow/example_dags/example_setup_teardown_taskflow.py took 0.057 seconds
[2024-10-23T04:27:53.496+0000] {processor.py:186} INFO - Started process (PID=14330) to work on /home/airflow/.local/lib/python3.12/site-packages/airflow/example_dags/example_setup_teardown_taskflow.py
[2024-10-23T04:27:53.496+0000] {processor.py:914} INFO - Processing file /home/airflow/.local/lib/python3.12/site-packages/airflow/example_dags/example_setup_teardown_taskflow.py for tasks to queue
[2024-10-23T04:27:53.497+0000] {logging_mixin.py:190} INFO - [2024-10-23T04:27:53.497+0000] {dagbag.py:588} INFO - Filling up the DagBag from /home/airflow/.local/lib/python3.12/site-packages/airflow/example_dags/example_setup_teardown_taskflow.py
[2024-10-23T04:27:53.505+0000] {processor.py:925} INFO - DAG(s) 'example_setup_teardown_taskflow' retrieved from /home/airflow/.local/lib/python3.12/site-packages/airflow/example_dags/example_setup_teardown_taskflow.py
[2024-10-23T04:27:53.520+0000] {logging_mixin.py:190} INFO - [2024-10-23T04:27:53.520+0000] {dag.py:3239} INFO - Sync 1 DAGs
[2024-10-23T04:27:53.529+0000] {logging_mixin.py:190} INFO - [2024-10-23T04:27:53.529+0000] {dag.py:4180} INFO - Setting next_dagrun for example_setup_teardown_taskflow to None, run_after=None
[2024-10-23T04:27:53.542+0000] {processor.py:208} INFO - Processing /home/airflow/.local/lib/python3.12/site-packages/airflow/example_dags/example_setup_teardown_taskflow.py took 0.052 seconds
[2024-10-23T04:28:25.056+0000] {processor.py:186} INFO - Started process (PID=14393) to work on /home/airflow/.local/lib/python3.12/site-packages/airflow/example_dags/example_setup_teardown_taskflow.py
[2024-10-23T04:28:25.057+0000] {processor.py:914} INFO - Processing file /home/airflow/.local/lib/python3.12/site-packages/airflow/example_dags/example_setup_teardown_taskflow.py for tasks to queue
[2024-10-23T04:28:25.058+0000] {logging_mixin.py:190} INFO - [2024-10-23T04:28:25.058+0000] {dagbag.py:588} INFO - Filling up the DagBag from /home/airflow/.local/lib/python3.12/site-packages/airflow/example_dags/example_setup_teardown_taskflow.py
[2024-10-23T04:28:25.067+0000] {processor.py:925} INFO - DAG(s) 'example_setup_teardown_taskflow' retrieved from /home/airflow/.local/lib/python3.12/site-packages/airflow/example_dags/example_setup_teardown_taskflow.py
[2024-10-23T04:28:25.085+0000] {logging_mixin.py:190} INFO - [2024-10-23T04:28:25.084+0000] {dag.py:3239} INFO - Sync 1 DAGs
[2024-10-23T04:28:25.096+0000] {logging_mixin.py:190} INFO - [2024-10-23T04:28:25.096+0000] {dag.py:4180} INFO - Setting next_dagrun for example_setup_teardown_taskflow to None, run_after=None
[2024-10-23T04:28:25.109+0000] {processor.py:208} INFO - Processing /home/airflow/.local/lib/python3.12/site-packages/airflow/example_dags/example_setup_teardown_taskflow.py took 0.057 seconds
[2024-10-23T04:28:55.654+0000] {processor.py:186} INFO - Started process (PID=14456) to work on /home/airflow/.local/lib/python3.12/site-packages/airflow/example_dags/example_setup_teardown_taskflow.py
[2024-10-23T04:28:55.655+0000] {processor.py:914} INFO - Processing file /home/airflow/.local/lib/python3.12/site-packages/airflow/example_dags/example_setup_teardown_taskflow.py for tasks to queue
[2024-10-23T04:28:55.659+0000] {logging_mixin.py:190} INFO - [2024-10-23T04:28:55.658+0000] {dagbag.py:588} INFO - Filling up the DagBag from /home/airflow/.local/lib/python3.12/site-packages/airflow/example_dags/example_setup_teardown_taskflow.py
[2024-10-23T04:28:55.669+0000] {processor.py:925} INFO - DAG(s) 'example_setup_teardown_taskflow' retrieved from /home/airflow/.local/lib/python3.12/site-packages/airflow/example_dags/example_setup_teardown_taskflow.py
[2024-10-23T04:28:55.692+0000] {logging_mixin.py:190} INFO - [2024-10-23T04:28:55.692+0000] {dag.py:3239} INFO - Sync 1 DAGs
[2024-10-23T04:28:55.706+0000] {logging_mixin.py:190} INFO - [2024-10-23T04:28:55.705+0000] {dag.py:4180} INFO - Setting next_dagrun for example_setup_teardown_taskflow to None, run_after=None
[2024-10-23T04:28:55.718+0000] {processor.py:208} INFO - Processing /home/airflow/.local/lib/python3.12/site-packages/airflow/example_dags/example_setup_teardown_taskflow.py took 0.069 seconds
[2024-10-23T04:29:27.427+0000] {processor.py:186} INFO - Started process (PID=14519) to work on /home/airflow/.local/lib/python3.12/site-packages/airflow/example_dags/example_setup_teardown_taskflow.py
[2024-10-23T04:29:27.432+0000] {processor.py:914} INFO - Processing file /home/airflow/.local/lib/python3.12/site-packages/airflow/example_dags/example_setup_teardown_taskflow.py for tasks to queue
[2024-10-23T04:29:27.436+0000] {logging_mixin.py:190} INFO - [2024-10-23T04:29:27.435+0000] {dagbag.py:588} INFO - Filling up the DagBag from /home/airflow/.local/lib/python3.12/site-packages/airflow/example_dags/example_setup_teardown_taskflow.py
[2024-10-23T04:29:27.484+0000] {processor.py:925} INFO - DAG(s) 'example_setup_teardown_taskflow' retrieved from /home/airflow/.local/lib/python3.12/site-packages/airflow/example_dags/example_setup_teardown_taskflow.py
[2024-10-23T04:29:27.542+0000] {logging_mixin.py:190} INFO - [2024-10-23T04:29:27.541+0000] {dag.py:3239} INFO - Sync 1 DAGs
[2024-10-23T04:29:27.566+0000] {logging_mixin.py:190} INFO - [2024-10-23T04:29:27.565+0000] {dag.py:4180} INFO - Setting next_dagrun for example_setup_teardown_taskflow to None, run_after=None
[2024-10-23T04:29:27.631+0000] {processor.py:208} INFO - Processing /home/airflow/.local/lib/python3.12/site-packages/airflow/example_dags/example_setup_teardown_taskflow.py took 0.215 seconds
[2024-10-23T04:29:58.484+0000] {processor.py:186} INFO - Started process (PID=14581) to work on /home/airflow/.local/lib/python3.12/site-packages/airflow/example_dags/example_setup_teardown_taskflow.py
[2024-10-23T04:29:58.501+0000] {processor.py:914} INFO - Processing file /home/airflow/.local/lib/python3.12/site-packages/airflow/example_dags/example_setup_teardown_taskflow.py for tasks to queue
[2024-10-23T04:29:58.507+0000] {logging_mixin.py:190} INFO - [2024-10-23T04:29:58.505+0000] {dagbag.py:588} INFO - Filling up the DagBag from /home/airflow/.local/lib/python3.12/site-packages/airflow/example_dags/example_setup_teardown_taskflow.py
[2024-10-23T04:29:58.537+0000] {processor.py:925} INFO - DAG(s) 'example_setup_teardown_taskflow' retrieved from /home/airflow/.local/lib/python3.12/site-packages/airflow/example_dags/example_setup_teardown_taskflow.py
[2024-10-23T04:29:58.597+0000] {logging_mixin.py:190} INFO - [2024-10-23T04:29:58.596+0000] {dag.py:3239} INFO - Sync 1 DAGs
[2024-10-23T04:29:58.632+0000] {logging_mixin.py:190} INFO - [2024-10-23T04:29:58.632+0000] {dag.py:4180} INFO - Setting next_dagrun for example_setup_teardown_taskflow to None, run_after=None
[2024-10-23T04:29:58.655+0000] {processor.py:208} INFO - Processing /home/airflow/.local/lib/python3.12/site-packages/airflow/example_dags/example_setup_teardown_taskflow.py took 0.183 seconds
[2024-10-23T04:30:29.002+0000] {processor.py:186} INFO - Started process (PID=14645) to work on /home/airflow/.local/lib/python3.12/site-packages/airflow/example_dags/example_setup_teardown_taskflow.py
[2024-10-23T04:30:29.003+0000] {processor.py:914} INFO - Processing file /home/airflow/.local/lib/python3.12/site-packages/airflow/example_dags/example_setup_teardown_taskflow.py for tasks to queue
[2024-10-23T04:30:29.005+0000] {logging_mixin.py:190} INFO - [2024-10-23T04:30:29.004+0000] {dagbag.py:588} INFO - Filling up the DagBag from /home/airflow/.local/lib/python3.12/site-packages/airflow/example_dags/example_setup_teardown_taskflow.py
[2024-10-23T04:30:29.013+0000] {processor.py:925} INFO - DAG(s) 'example_setup_teardown_taskflow' retrieved from /home/airflow/.local/lib/python3.12/site-packages/airflow/example_dags/example_setup_teardown_taskflow.py
[2024-10-23T04:30:29.043+0000] {logging_mixin.py:190} INFO - [2024-10-23T04:30:29.043+0000] {dag.py:3239} INFO - Sync 1 DAGs
[2024-10-23T04:30:29.056+0000] {logging_mixin.py:190} INFO - [2024-10-23T04:30:29.055+0000] {dag.py:4180} INFO - Setting next_dagrun for example_setup_teardown_taskflow to None, run_after=None
[2024-10-23T04:30:29.068+0000] {processor.py:208} INFO - Processing /home/airflow/.local/lib/python3.12/site-packages/airflow/example_dags/example_setup_teardown_taskflow.py took 0.072 seconds
[2024-10-23T04:30:59.823+0000] {processor.py:186} INFO - Started process (PID=14708) to work on /home/airflow/.local/lib/python3.12/site-packages/airflow/example_dags/example_setup_teardown_taskflow.py
[2024-10-23T04:30:59.825+0000] {processor.py:914} INFO - Processing file /home/airflow/.local/lib/python3.12/site-packages/airflow/example_dags/example_setup_teardown_taskflow.py for tasks to queue
[2024-10-23T04:30:59.827+0000] {logging_mixin.py:190} INFO - [2024-10-23T04:30:59.826+0000] {dagbag.py:588} INFO - Filling up the DagBag from /home/airflow/.local/lib/python3.12/site-packages/airflow/example_dags/example_setup_teardown_taskflow.py
[2024-10-23T04:30:59.839+0000] {processor.py:925} INFO - DAG(s) 'example_setup_teardown_taskflow' retrieved from /home/airflow/.local/lib/python3.12/site-packages/airflow/example_dags/example_setup_teardown_taskflow.py
[2024-10-23T04:30:59.880+0000] {logging_mixin.py:190} INFO - [2024-10-23T04:30:59.879+0000] {dag.py:3239} INFO - Sync 1 DAGs
[2024-10-23T04:30:59.923+0000] {logging_mixin.py:190} INFO - [2024-10-23T04:30:59.921+0000] {dag.py:4180} INFO - Setting next_dagrun for example_setup_teardown_taskflow to None, run_after=None
[2024-10-23T04:30:59.981+0000] {processor.py:208} INFO - Processing /home/airflow/.local/lib/python3.12/site-packages/airflow/example_dags/example_setup_teardown_taskflow.py took 0.164 seconds
[2024-10-23T04:31:30.519+0000] {processor.py:186} INFO - Started process (PID=14771) to work on /home/airflow/.local/lib/python3.12/site-packages/airflow/example_dags/example_setup_teardown_taskflow.py
[2024-10-23T04:31:30.520+0000] {processor.py:914} INFO - Processing file /home/airflow/.local/lib/python3.12/site-packages/airflow/example_dags/example_setup_teardown_taskflow.py for tasks to queue
[2024-10-23T04:31:30.521+0000] {logging_mixin.py:190} INFO - [2024-10-23T04:31:30.521+0000] {dagbag.py:588} INFO - Filling up the DagBag from /home/airflow/.local/lib/python3.12/site-packages/airflow/example_dags/example_setup_teardown_taskflow.py
[2024-10-23T04:31:30.529+0000] {processor.py:925} INFO - DAG(s) 'example_setup_teardown_taskflow' retrieved from /home/airflow/.local/lib/python3.12/site-packages/airflow/example_dags/example_setup_teardown_taskflow.py
[2024-10-23T04:31:30.545+0000] {logging_mixin.py:190} INFO - [2024-10-23T04:31:30.544+0000] {dag.py:3239} INFO - Sync 1 DAGs
[2024-10-23T04:31:30.554+0000] {logging_mixin.py:190} INFO - [2024-10-23T04:31:30.554+0000] {dag.py:4180} INFO - Setting next_dagrun for example_setup_teardown_taskflow to None, run_after=None
[2024-10-23T04:31:30.569+0000] {processor.py:208} INFO - Processing /home/airflow/.local/lib/python3.12/site-packages/airflow/example_dags/example_setup_teardown_taskflow.py took 0.054 seconds
[2024-10-23T04:32:01.175+0000] {processor.py:186} INFO - Started process (PID=14833) to work on /home/airflow/.local/lib/python3.12/site-packages/airflow/example_dags/example_setup_teardown_taskflow.py
[2024-10-23T04:32:01.176+0000] {processor.py:914} INFO - Processing file /home/airflow/.local/lib/python3.12/site-packages/airflow/example_dags/example_setup_teardown_taskflow.py for tasks to queue
[2024-10-23T04:32:01.177+0000] {logging_mixin.py:190} INFO - [2024-10-23T04:32:01.177+0000] {dagbag.py:588} INFO - Filling up the DagBag from /home/airflow/.local/lib/python3.12/site-packages/airflow/example_dags/example_setup_teardown_taskflow.py
[2024-10-23T04:32:01.188+0000] {processor.py:925} INFO - DAG(s) 'example_setup_teardown_taskflow' retrieved from /home/airflow/.local/lib/python3.12/site-packages/airflow/example_dags/example_setup_teardown_taskflow.py
[2024-10-23T04:32:01.204+0000] {logging_mixin.py:190} INFO - [2024-10-23T04:32:01.203+0000] {dag.py:3239} INFO - Sync 1 DAGs
[2024-10-23T04:32:01.217+0000] {logging_mixin.py:190} INFO - [2024-10-23T04:32:01.216+0000] {dag.py:4180} INFO - Setting next_dagrun for example_setup_teardown_taskflow to None, run_after=None
[2024-10-23T04:32:01.236+0000] {processor.py:208} INFO - Processing /home/airflow/.local/lib/python3.12/site-packages/airflow/example_dags/example_setup_teardown_taskflow.py took 0.067 seconds
[2024-10-23T04:32:32.549+0000] {processor.py:186} INFO - Started process (PID=14896) to work on /home/airflow/.local/lib/python3.12/site-packages/airflow/example_dags/example_setup_teardown_taskflow.py
[2024-10-23T04:32:32.550+0000] {processor.py:914} INFO - Processing file /home/airflow/.local/lib/python3.12/site-packages/airflow/example_dags/example_setup_teardown_taskflow.py for tasks to queue
[2024-10-23T04:32:32.552+0000] {logging_mixin.py:190} INFO - [2024-10-23T04:32:32.551+0000] {dagbag.py:588} INFO - Filling up the DagBag from /home/airflow/.local/lib/python3.12/site-packages/airflow/example_dags/example_setup_teardown_taskflow.py
[2024-10-23T04:32:32.562+0000] {processor.py:925} INFO - DAG(s) 'example_setup_teardown_taskflow' retrieved from /home/airflow/.local/lib/python3.12/site-packages/airflow/example_dags/example_setup_teardown_taskflow.py
[2024-10-23T04:32:32.579+0000] {logging_mixin.py:190} INFO - [2024-10-23T04:32:32.579+0000] {dag.py:3239} INFO - Sync 1 DAGs
[2024-10-23T04:32:32.590+0000] {logging_mixin.py:190} INFO - [2024-10-23T04:32:32.590+0000] {dag.py:4180} INFO - Setting next_dagrun for example_setup_teardown_taskflow to None, run_after=None
[2024-10-23T04:32:32.604+0000] {processor.py:208} INFO - Processing /home/airflow/.local/lib/python3.12/site-packages/airflow/example_dags/example_setup_teardown_taskflow.py took 0.058 seconds
[2024-10-23T04:33:03.439+0000] {processor.py:186} INFO - Started process (PID=14959) to work on /home/airflow/.local/lib/python3.12/site-packages/airflow/example_dags/example_setup_teardown_taskflow.py
[2024-10-23T04:33:03.441+0000] {processor.py:914} INFO - Processing file /home/airflow/.local/lib/python3.12/site-packages/airflow/example_dags/example_setup_teardown_taskflow.py for tasks to queue
[2024-10-23T04:33:03.442+0000] {logging_mixin.py:190} INFO - [2024-10-23T04:33:03.442+0000] {dagbag.py:588} INFO - Filling up the DagBag from /home/airflow/.local/lib/python3.12/site-packages/airflow/example_dags/example_setup_teardown_taskflow.py
[2024-10-23T04:33:03.450+0000] {processor.py:925} INFO - DAG(s) 'example_setup_teardown_taskflow' retrieved from /home/airflow/.local/lib/python3.12/site-packages/airflow/example_dags/example_setup_teardown_taskflow.py
[2024-10-23T04:33:03.464+0000] {logging_mixin.py:190} INFO - [2024-10-23T04:33:03.464+0000] {dag.py:3239} INFO - Sync 1 DAGs
[2024-10-23T04:33:03.473+0000] {logging_mixin.py:190} INFO - [2024-10-23T04:33:03.473+0000] {dag.py:4180} INFO - Setting next_dagrun for example_setup_teardown_taskflow to None, run_after=None
[2024-10-23T04:33:03.486+0000] {processor.py:208} INFO - Processing /home/airflow/.local/lib/python3.12/site-packages/airflow/example_dags/example_setup_teardown_taskflow.py took 0.051 seconds
[2024-10-23T04:33:34.144+0000] {processor.py:186} INFO - Started process (PID=15022) to work on /home/airflow/.local/lib/python3.12/site-packages/airflow/example_dags/example_setup_teardown_taskflow.py
[2024-10-23T04:33:34.145+0000] {processor.py:914} INFO - Processing file /home/airflow/.local/lib/python3.12/site-packages/airflow/example_dags/example_setup_teardown_taskflow.py for tasks to queue
[2024-10-23T04:33:34.146+0000] {logging_mixin.py:190} INFO - [2024-10-23T04:33:34.146+0000] {dagbag.py:588} INFO - Filling up the DagBag from /home/airflow/.local/lib/python3.12/site-packages/airflow/example_dags/example_setup_teardown_taskflow.py
[2024-10-23T04:33:34.153+0000] {processor.py:925} INFO - DAG(s) 'example_setup_teardown_taskflow' retrieved from /home/airflow/.local/lib/python3.12/site-packages/airflow/example_dags/example_setup_teardown_taskflow.py
[2024-10-23T04:33:34.167+0000] {logging_mixin.py:190} INFO - [2024-10-23T04:33:34.167+0000] {dag.py:3239} INFO - Sync 1 DAGs
[2024-10-23T04:33:34.176+0000] {logging_mixin.py:190} INFO - [2024-10-23T04:33:34.176+0000] {dag.py:4180} INFO - Setting next_dagrun for example_setup_teardown_taskflow to None, run_after=None
[2024-10-23T04:33:34.188+0000] {processor.py:208} INFO - Processing /home/airflow/.local/lib/python3.12/site-packages/airflow/example_dags/example_setup_teardown_taskflow.py took 0.049 seconds
[2024-10-23T04:34:05.189+0000] {processor.py:186} INFO - Started process (PID=15085) to work on /home/airflow/.local/lib/python3.12/site-packages/airflow/example_dags/example_setup_teardown_taskflow.py
[2024-10-23T04:34:05.190+0000] {processor.py:914} INFO - Processing file /home/airflow/.local/lib/python3.12/site-packages/airflow/example_dags/example_setup_teardown_taskflow.py for tasks to queue
[2024-10-23T04:34:05.191+0000] {logging_mixin.py:190} INFO - [2024-10-23T04:34:05.191+0000] {dagbag.py:588} INFO - Filling up the DagBag from /home/airflow/.local/lib/python3.12/site-packages/airflow/example_dags/example_setup_teardown_taskflow.py
[2024-10-23T04:34:05.198+0000] {processor.py:925} INFO - DAG(s) 'example_setup_teardown_taskflow' retrieved from /home/airflow/.local/lib/python3.12/site-packages/airflow/example_dags/example_setup_teardown_taskflow.py
[2024-10-23T04:34:05.212+0000] {logging_mixin.py:190} INFO - [2024-10-23T04:34:05.212+0000] {dag.py:3239} INFO - Sync 1 DAGs
[2024-10-23T04:34:05.221+0000] {logging_mixin.py:190} INFO - [2024-10-23T04:34:05.221+0000] {dag.py:4180} INFO - Setting next_dagrun for example_setup_teardown_taskflow to None, run_after=None
[2024-10-23T04:34:05.235+0000] {processor.py:208} INFO - Processing /home/airflow/.local/lib/python3.12/site-packages/airflow/example_dags/example_setup_teardown_taskflow.py took 0.050 seconds
[2024-10-23T04:34:36.808+0000] {processor.py:186} INFO - Started process (PID=15148) to work on /home/airflow/.local/lib/python3.12/site-packages/airflow/example_dags/example_setup_teardown_taskflow.py
[2024-10-23T04:34:36.809+0000] {processor.py:914} INFO - Processing file /home/airflow/.local/lib/python3.12/site-packages/airflow/example_dags/example_setup_teardown_taskflow.py for tasks to queue
[2024-10-23T04:34:36.810+0000] {logging_mixin.py:190} INFO - [2024-10-23T04:34:36.810+0000] {dagbag.py:588} INFO - Filling up the DagBag from /home/airflow/.local/lib/python3.12/site-packages/airflow/example_dags/example_setup_teardown_taskflow.py
[2024-10-23T04:34:36.819+0000] {processor.py:925} INFO - DAG(s) 'example_setup_teardown_taskflow' retrieved from /home/airflow/.local/lib/python3.12/site-packages/airflow/example_dags/example_setup_teardown_taskflow.py
[2024-10-23T04:34:36.835+0000] {logging_mixin.py:190} INFO - [2024-10-23T04:34:36.835+0000] {dag.py:3239} INFO - Sync 1 DAGs
[2024-10-23T04:34:36.847+0000] {logging_mixin.py:190} INFO - [2024-10-23T04:34:36.846+0000] {dag.py:4180} INFO - Setting next_dagrun for example_setup_teardown_taskflow to None, run_after=None
[2024-10-23T04:34:36.857+0000] {processor.py:208} INFO - Processing /home/airflow/.local/lib/python3.12/site-packages/airflow/example_dags/example_setup_teardown_taskflow.py took 0.055 seconds
[2024-10-23T04:35:08.377+0000] {processor.py:186} INFO - Started process (PID=15211) to work on /home/airflow/.local/lib/python3.12/site-packages/airflow/example_dags/example_setup_teardown_taskflow.py
[2024-10-23T04:35:08.379+0000] {processor.py:914} INFO - Processing file /home/airflow/.local/lib/python3.12/site-packages/airflow/example_dags/example_setup_teardown_taskflow.py for tasks to queue
[2024-10-23T04:35:08.380+0000] {logging_mixin.py:190} INFO - [2024-10-23T04:35:08.380+0000] {dagbag.py:588} INFO - Filling up the DagBag from /home/airflow/.local/lib/python3.12/site-packages/airflow/example_dags/example_setup_teardown_taskflow.py
[2024-10-23T04:35:08.393+0000] {processor.py:925} INFO - DAG(s) 'example_setup_teardown_taskflow' retrieved from /home/airflow/.local/lib/python3.12/site-packages/airflow/example_dags/example_setup_teardown_taskflow.py
[2024-10-23T04:35:08.412+0000] {logging_mixin.py:190} INFO - [2024-10-23T04:35:08.412+0000] {dag.py:3239} INFO - Sync 1 DAGs
[2024-10-23T04:35:08.423+0000] {logging_mixin.py:190} INFO - [2024-10-23T04:35:08.423+0000] {dag.py:4180} INFO - Setting next_dagrun for example_setup_teardown_taskflow to None, run_after=None
[2024-10-23T04:35:08.436+0000] {processor.py:208} INFO - Processing /home/airflow/.local/lib/python3.12/site-packages/airflow/example_dags/example_setup_teardown_taskflow.py took 0.063 seconds
[2024-10-23T04:35:40.711+0000] {processor.py:186} INFO - Started process (PID=15277) to work on /home/airflow/.local/lib/python3.12/site-packages/airflow/example_dags/example_setup_teardown_taskflow.py
[2024-10-23T04:35:40.712+0000] {processor.py:914} INFO - Processing file /home/airflow/.local/lib/python3.12/site-packages/airflow/example_dags/example_setup_teardown_taskflow.py for tasks to queue
[2024-10-23T04:35:40.714+0000] {logging_mixin.py:190} INFO - [2024-10-23T04:35:40.713+0000] {dagbag.py:588} INFO - Filling up the DagBag from /home/airflow/.local/lib/python3.12/site-packages/airflow/example_dags/example_setup_teardown_taskflow.py
[2024-10-23T04:35:40.723+0000] {processor.py:925} INFO - DAG(s) 'example_setup_teardown_taskflow' retrieved from /home/airflow/.local/lib/python3.12/site-packages/airflow/example_dags/example_setup_teardown_taskflow.py
[2024-10-23T04:35:40.745+0000] {logging_mixin.py:190} INFO - [2024-10-23T04:35:40.744+0000] {dag.py:3239} INFO - Sync 1 DAGs
[2024-10-23T04:35:40.756+0000] {logging_mixin.py:190} INFO - [2024-10-23T04:35:40.756+0000] {dag.py:4180} INFO - Setting next_dagrun for example_setup_teardown_taskflow to None, run_after=None
[2024-10-23T04:35:40.768+0000] {processor.py:208} INFO - Processing /home/airflow/.local/lib/python3.12/site-packages/airflow/example_dags/example_setup_teardown_taskflow.py took 0.063 seconds
[2024-10-23T04:36:12.257+0000] {processor.py:186} INFO - Started process (PID=15342) to work on /home/airflow/.local/lib/python3.12/site-packages/airflow/example_dags/example_setup_teardown_taskflow.py
[2024-10-23T04:36:12.258+0000] {processor.py:914} INFO - Processing file /home/airflow/.local/lib/python3.12/site-packages/airflow/example_dags/example_setup_teardown_taskflow.py for tasks to queue
[2024-10-23T04:36:12.260+0000] {logging_mixin.py:190} INFO - [2024-10-23T04:36:12.260+0000] {dagbag.py:588} INFO - Filling up the DagBag from /home/airflow/.local/lib/python3.12/site-packages/airflow/example_dags/example_setup_teardown_taskflow.py
[2024-10-23T04:36:12.271+0000] {processor.py:925} INFO - DAG(s) 'example_setup_teardown_taskflow' retrieved from /home/airflow/.local/lib/python3.12/site-packages/airflow/example_dags/example_setup_teardown_taskflow.py
[2024-10-23T04:36:12.294+0000] {logging_mixin.py:190} INFO - [2024-10-23T04:36:12.293+0000] {dag.py:3239} INFO - Sync 1 DAGs
[2024-10-23T04:36:12.307+0000] {logging_mixin.py:190} INFO - [2024-10-23T04:36:12.307+0000] {dag.py:4180} INFO - Setting next_dagrun for example_setup_teardown_taskflow to None, run_after=None
[2024-10-23T04:36:12.321+0000] {processor.py:208} INFO - Processing /home/airflow/.local/lib/python3.12/site-packages/airflow/example_dags/example_setup_teardown_taskflow.py took 0.069 seconds
[2024-10-23T04:36:43.433+0000] {processor.py:186} INFO - Started process (PID=15406) to work on /home/airflow/.local/lib/python3.12/site-packages/airflow/example_dags/example_setup_teardown_taskflow.py
[2024-10-23T04:36:43.436+0000] {processor.py:914} INFO - Processing file /home/airflow/.local/lib/python3.12/site-packages/airflow/example_dags/example_setup_teardown_taskflow.py for tasks to queue
[2024-10-23T04:36:43.438+0000] {logging_mixin.py:190} INFO - [2024-10-23T04:36:43.438+0000] {dagbag.py:588} INFO - Filling up the DagBag from /home/airflow/.local/lib/python3.12/site-packages/airflow/example_dags/example_setup_teardown_taskflow.py
[2024-10-23T04:36:43.473+0000] {processor.py:925} INFO - DAG(s) 'example_setup_teardown_taskflow' retrieved from /home/airflow/.local/lib/python3.12/site-packages/airflow/example_dags/example_setup_teardown_taskflow.py
[2024-10-23T04:36:43.577+0000] {logging_mixin.py:190} INFO - [2024-10-23T04:36:43.576+0000] {dag.py:3239} INFO - Sync 1 DAGs
[2024-10-23T04:36:43.626+0000] {logging_mixin.py:190} INFO - [2024-10-23T04:36:43.625+0000] {dag.py:4180} INFO - Setting next_dagrun for example_setup_teardown_taskflow to None, run_after=None
[2024-10-23T04:36:43.684+0000] {processor.py:208} INFO - Processing /home/airflow/.local/lib/python3.12/site-packages/airflow/example_dags/example_setup_teardown_taskflow.py took 0.264 seconds
[2024-10-23T04:37:17.394+0000] {processor.py:186} INFO - Started process (PID=15475) to work on /home/airflow/.local/lib/python3.12/site-packages/airflow/example_dags/example_setup_teardown_taskflow.py
[2024-10-23T04:37:17.398+0000] {processor.py:914} INFO - Processing file /home/airflow/.local/lib/python3.12/site-packages/airflow/example_dags/example_setup_teardown_taskflow.py for tasks to queue
[2024-10-23T04:37:17.407+0000] {logging_mixin.py:190} INFO - [2024-10-23T04:37:17.405+0000] {dagbag.py:588} INFO - Filling up the DagBag from /home/airflow/.local/lib/python3.12/site-packages/airflow/example_dags/example_setup_teardown_taskflow.py
[2024-10-23T04:37:17.441+0000] {processor.py:925} INFO - DAG(s) 'example_setup_teardown_taskflow' retrieved from /home/airflow/.local/lib/python3.12/site-packages/airflow/example_dags/example_setup_teardown_taskflow.py
[2024-10-23T04:37:17.474+0000] {logging_mixin.py:190} INFO - [2024-10-23T04:37:17.474+0000] {dag.py:3239} INFO - Sync 1 DAGs
[2024-10-23T04:37:17.512+0000] {logging_mixin.py:190} INFO - [2024-10-23T04:37:17.512+0000] {dag.py:4180} INFO - Setting next_dagrun for example_setup_teardown_taskflow to None, run_after=None
[2024-10-23T04:37:17.534+0000] {processor.py:208} INFO - Processing /home/airflow/.local/lib/python3.12/site-packages/airflow/example_dags/example_setup_teardown_taskflow.py took 0.154 seconds
[2024-10-23T04:37:48.511+0000] {processor.py:186} INFO - Started process (PID=15538) to work on /home/airflow/.local/lib/python3.12/site-packages/airflow/example_dags/example_setup_teardown_taskflow.py
[2024-10-23T04:37:48.513+0000] {processor.py:914} INFO - Processing file /home/airflow/.local/lib/python3.12/site-packages/airflow/example_dags/example_setup_teardown_taskflow.py for tasks to queue
[2024-10-23T04:37:48.515+0000] {logging_mixin.py:190} INFO - [2024-10-23T04:37:48.515+0000] {dagbag.py:588} INFO - Filling up the DagBag from /home/airflow/.local/lib/python3.12/site-packages/airflow/example_dags/example_setup_teardown_taskflow.py
[2024-10-23T04:37:48.535+0000] {processor.py:925} INFO - DAG(s) 'example_setup_teardown_taskflow' retrieved from /home/airflow/.local/lib/python3.12/site-packages/airflow/example_dags/example_setup_teardown_taskflow.py
[2024-10-23T04:37:48.558+0000] {logging_mixin.py:190} INFO - [2024-10-23T04:37:48.558+0000] {dag.py:3239} INFO - Sync 1 DAGs
[2024-10-23T04:37:48.589+0000] {logging_mixin.py:190} INFO - [2024-10-23T04:37:48.589+0000] {dag.py:4180} INFO - Setting next_dagrun for example_setup_teardown_taskflow to None, run_after=None
[2024-10-23T04:37:48.613+0000] {processor.py:208} INFO - Processing /home/airflow/.local/lib/python3.12/site-packages/airflow/example_dags/example_setup_teardown_taskflow.py took 0.118 seconds
[2024-10-23T04:38:20.633+0000] {processor.py:186} INFO - Started process (PID=15601) to work on /home/airflow/.local/lib/python3.12/site-packages/airflow/example_dags/example_setup_teardown_taskflow.py
[2024-10-23T04:38:20.634+0000] {processor.py:914} INFO - Processing file /home/airflow/.local/lib/python3.12/site-packages/airflow/example_dags/example_setup_teardown_taskflow.py for tasks to queue
[2024-10-23T04:38:20.636+0000] {logging_mixin.py:190} INFO - [2024-10-23T04:38:20.636+0000] {dagbag.py:588} INFO - Filling up the DagBag from /home/airflow/.local/lib/python3.12/site-packages/airflow/example_dags/example_setup_teardown_taskflow.py
[2024-10-23T04:38:20.646+0000] {processor.py:925} INFO - DAG(s) 'example_setup_teardown_taskflow' retrieved from /home/airflow/.local/lib/python3.12/site-packages/airflow/example_dags/example_setup_teardown_taskflow.py
[2024-10-23T04:38:20.676+0000] {logging_mixin.py:190} INFO - [2024-10-23T04:38:20.676+0000] {dag.py:3239} INFO - Sync 1 DAGs
[2024-10-23T04:38:20.689+0000] {logging_mixin.py:190} INFO - [2024-10-23T04:38:20.689+0000] {dag.py:4180} INFO - Setting next_dagrun for example_setup_teardown_taskflow to None, run_after=None
[2024-10-23T04:38:20.859+0000] {processor.py:208} INFO - Processing /home/airflow/.local/lib/python3.12/site-packages/airflow/example_dags/example_setup_teardown_taskflow.py took 0.233 seconds
[2024-10-23T04:38:52.273+0000] {processor.py:186} INFO - Started process (PID=15664) to work on /home/airflow/.local/lib/python3.12/site-packages/airflow/example_dags/example_setup_teardown_taskflow.py
[2024-10-23T04:38:52.276+0000] {processor.py:914} INFO - Processing file /home/airflow/.local/lib/python3.12/site-packages/airflow/example_dags/example_setup_teardown_taskflow.py for tasks to queue
[2024-10-23T04:38:52.280+0000] {logging_mixin.py:190} INFO - [2024-10-23T04:38:52.280+0000] {dagbag.py:588} INFO - Filling up the DagBag from /home/airflow/.local/lib/python3.12/site-packages/airflow/example_dags/example_setup_teardown_taskflow.py
[2024-10-23T04:38:52.292+0000] {processor.py:925} INFO - DAG(s) 'example_setup_teardown_taskflow' retrieved from /home/airflow/.local/lib/python3.12/site-packages/airflow/example_dags/example_setup_teardown_taskflow.py
[2024-10-23T04:38:52.320+0000] {logging_mixin.py:190} INFO - [2024-10-23T04:38:52.320+0000] {dag.py:3239} INFO - Sync 1 DAGs
[2024-10-23T04:38:52.336+0000] {logging_mixin.py:190} INFO - [2024-10-23T04:38:52.336+0000] {dag.py:4180} INFO - Setting next_dagrun for example_setup_teardown_taskflow to None, run_after=None
[2024-10-23T04:38:53.479+0000] {processor.py:208} INFO - Processing /home/airflow/.local/lib/python3.12/site-packages/airflow/example_dags/example_setup_teardown_taskflow.py took 1.215 seconds
[2024-10-23T04:39:23.998+0000] {processor.py:186} INFO - Started process (PID=15727) to work on /home/airflow/.local/lib/python3.12/site-packages/airflow/example_dags/example_setup_teardown_taskflow.py
[2024-10-23T04:39:24.001+0000] {processor.py:914} INFO - Processing file /home/airflow/.local/lib/python3.12/site-packages/airflow/example_dags/example_setup_teardown_taskflow.py for tasks to queue
[2024-10-23T04:39:24.004+0000] {logging_mixin.py:190} INFO - [2024-10-23T04:39:24.003+0000] {dagbag.py:588} INFO - Filling up the DagBag from /home/airflow/.local/lib/python3.12/site-packages/airflow/example_dags/example_setup_teardown_taskflow.py
[2024-10-23T04:39:24.030+0000] {processor.py:925} INFO - DAG(s) 'example_setup_teardown_taskflow' retrieved from /home/airflow/.local/lib/python3.12/site-packages/airflow/example_dags/example_setup_teardown_taskflow.py
[2024-10-23T04:39:24.093+0000] {logging_mixin.py:190} INFO - [2024-10-23T04:39:24.093+0000] {dag.py:3239} INFO - Sync 1 DAGs
[2024-10-23T04:39:24.120+0000] {logging_mixin.py:190} INFO - [2024-10-23T04:39:24.120+0000] {dag.py:4180} INFO - Setting next_dagrun for example_setup_teardown_taskflow to None, run_after=None
[2024-10-23T04:39:24.143+0000] {processor.py:208} INFO - Processing /home/airflow/.local/lib/python3.12/site-packages/airflow/example_dags/example_setup_teardown_taskflow.py took 0.176 seconds
[2024-10-23T04:39:54.195+0000] {processor.py:186} INFO - Started process (PID=15790) to work on /home/airflow/.local/lib/python3.12/site-packages/airflow/example_dags/example_setup_teardown_taskflow.py
[2024-10-23T04:39:54.199+0000] {processor.py:914} INFO - Processing file /home/airflow/.local/lib/python3.12/site-packages/airflow/example_dags/example_setup_teardown_taskflow.py for tasks to queue
[2024-10-23T04:39:54.201+0000] {logging_mixin.py:190} INFO - [2024-10-23T04:39:54.201+0000] {dagbag.py:588} INFO - Filling up the DagBag from /home/airflow/.local/lib/python3.12/site-packages/airflow/example_dags/example_setup_teardown_taskflow.py
[2024-10-23T04:39:54.214+0000] {processor.py:925} INFO - DAG(s) 'example_setup_teardown_taskflow' retrieved from /home/airflow/.local/lib/python3.12/site-packages/airflow/example_dags/example_setup_teardown_taskflow.py
[2024-10-23T04:39:54.231+0000] {logging_mixin.py:190} INFO - [2024-10-23T04:39:54.231+0000] {dag.py:3239} INFO - Sync 1 DAGs
[2024-10-23T04:39:54.248+0000] {logging_mixin.py:190} INFO - [2024-10-23T04:39:54.248+0000] {dag.py:4180} INFO - Setting next_dagrun for example_setup_teardown_taskflow to None, run_after=None
[2024-10-23T04:39:54.266+0000] {processor.py:208} INFO - Processing /home/airflow/.local/lib/python3.12/site-packages/airflow/example_dags/example_setup_teardown_taskflow.py took 0.088 seconds
[2024-10-23T04:40:28.099+0000] {processor.py:186} INFO - Started process (PID=15853) to work on /home/airflow/.local/lib/python3.12/site-packages/airflow/example_dags/example_setup_teardown_taskflow.py
[2024-10-23T04:40:28.100+0000] {processor.py:914} INFO - Processing file /home/airflow/.local/lib/python3.12/site-packages/airflow/example_dags/example_setup_teardown_taskflow.py for tasks to queue
[2024-10-23T04:40:28.102+0000] {logging_mixin.py:190} INFO - [2024-10-23T04:40:28.101+0000] {dagbag.py:588} INFO - Filling up the DagBag from /home/airflow/.local/lib/python3.12/site-packages/airflow/example_dags/example_setup_teardown_taskflow.py
[2024-10-23T04:40:29.344+0000] {processor.py:925} INFO - DAG(s) 'example_setup_teardown_taskflow' retrieved from /home/airflow/.local/lib/python3.12/site-packages/airflow/example_dags/example_setup_teardown_taskflow.py
[2024-10-23T04:40:29.376+0000] {logging_mixin.py:190} INFO - [2024-10-23T04:40:29.376+0000] {dag.py:3239} INFO - Sync 1 DAGs
[2024-10-23T04:40:29.395+0000] {logging_mixin.py:190} INFO - [2024-10-23T04:40:29.395+0000] {dag.py:4180} INFO - Setting next_dagrun for example_setup_teardown_taskflow to None, run_after=None
[2024-10-23T04:40:29.418+0000] {processor.py:208} INFO - Processing /home/airflow/.local/lib/python3.12/site-packages/airflow/example_dags/example_setup_teardown_taskflow.py took 1.328 seconds
[2024-10-23T04:40:59.999+0000] {processor.py:186} INFO - Started process (PID=15916) to work on /home/airflow/.local/lib/python3.12/site-packages/airflow/example_dags/example_setup_teardown_taskflow.py
[2024-10-23T04:41:00.002+0000] {processor.py:914} INFO - Processing file /home/airflow/.local/lib/python3.12/site-packages/airflow/example_dags/example_setup_teardown_taskflow.py for tasks to queue
[2024-10-23T04:41:00.005+0000] {logging_mixin.py:190} INFO - [2024-10-23T04:41:00.004+0000] {dagbag.py:588} INFO - Filling up the DagBag from /home/airflow/.local/lib/python3.12/site-packages/airflow/example_dags/example_setup_teardown_taskflow.py
[2024-10-23T04:41:00.017+0000] {processor.py:925} INFO - DAG(s) 'example_setup_teardown_taskflow' retrieved from /home/airflow/.local/lib/python3.12/site-packages/airflow/example_dags/example_setup_teardown_taskflow.py
[2024-10-23T04:41:00.042+0000] {logging_mixin.py:190} INFO - [2024-10-23T04:41:00.041+0000] {dag.py:3239} INFO - Sync 1 DAGs
[2024-10-23T04:41:00.059+0000] {logging_mixin.py:190} INFO - [2024-10-23T04:41:00.059+0000] {dag.py:4180} INFO - Setting next_dagrun for example_setup_teardown_taskflow to None, run_after=None
[2024-10-23T04:41:00.078+0000] {processor.py:208} INFO - Processing /home/airflow/.local/lib/python3.12/site-packages/airflow/example_dags/example_setup_teardown_taskflow.py took 0.087 seconds
[2024-10-23T04:41:30.910+0000] {processor.py:186} INFO - Started process (PID=15980) to work on /home/airflow/.local/lib/python3.12/site-packages/airflow/example_dags/example_setup_teardown_taskflow.py
[2024-10-23T04:41:30.911+0000] {processor.py:914} INFO - Processing file /home/airflow/.local/lib/python3.12/site-packages/airflow/example_dags/example_setup_teardown_taskflow.py for tasks to queue
[2024-10-23T04:41:30.913+0000] {logging_mixin.py:190} INFO - [2024-10-23T04:41:30.913+0000] {dagbag.py:588} INFO - Filling up the DagBag from /home/airflow/.local/lib/python3.12/site-packages/airflow/example_dags/example_setup_teardown_taskflow.py
[2024-10-23T04:41:30.931+0000] {processor.py:925} INFO - DAG(s) 'example_setup_teardown_taskflow' retrieved from /home/airflow/.local/lib/python3.12/site-packages/airflow/example_dags/example_setup_teardown_taskflow.py
[2024-10-23T04:41:30.958+0000] {logging_mixin.py:190} INFO - [2024-10-23T04:41:30.957+0000] {dag.py:3239} INFO - Sync 1 DAGs
[2024-10-23T04:41:30.982+0000] {logging_mixin.py:190} INFO - [2024-10-23T04:41:30.981+0000] {dag.py:4180} INFO - Setting next_dagrun for example_setup_teardown_taskflow to None, run_after=None
[2024-10-23T04:41:31.003+0000] {processor.py:208} INFO - Processing /home/airflow/.local/lib/python3.12/site-packages/airflow/example_dags/example_setup_teardown_taskflow.py took 0.100 seconds
[2024-10-23T04:42:01.898+0000] {processor.py:186} INFO - Started process (PID=16043) to work on /home/airflow/.local/lib/python3.12/site-packages/airflow/example_dags/example_setup_teardown_taskflow.py
[2024-10-23T04:42:01.899+0000] {processor.py:914} INFO - Processing file /home/airflow/.local/lib/python3.12/site-packages/airflow/example_dags/example_setup_teardown_taskflow.py for tasks to queue
[2024-10-23T04:42:01.901+0000] {logging_mixin.py:190} INFO - [2024-10-23T04:42:01.900+0000] {dagbag.py:588} INFO - Filling up the DagBag from /home/airflow/.local/lib/python3.12/site-packages/airflow/example_dags/example_setup_teardown_taskflow.py
[2024-10-23T04:42:01.911+0000] {processor.py:925} INFO - DAG(s) 'example_setup_teardown_taskflow' retrieved from /home/airflow/.local/lib/python3.12/site-packages/airflow/example_dags/example_setup_teardown_taskflow.py
[2024-10-23T04:42:01.936+0000] {logging_mixin.py:190} INFO - [2024-10-23T04:42:01.936+0000] {dag.py:3239} INFO - Sync 1 DAGs
[2024-10-23T04:42:01.949+0000] {logging_mixin.py:190} INFO - [2024-10-23T04:42:01.949+0000] {dag.py:4180} INFO - Setting next_dagrun for example_setup_teardown_taskflow to None, run_after=None
[2024-10-23T04:42:01.964+0000] {processor.py:208} INFO - Processing /home/airflow/.local/lib/python3.12/site-packages/airflow/example_dags/example_setup_teardown_taskflow.py took 0.080 seconds
[2024-10-23T04:42:33.120+0000] {processor.py:186} INFO - Started process (PID=16106) to work on /home/airflow/.local/lib/python3.12/site-packages/airflow/example_dags/example_setup_teardown_taskflow.py
[2024-10-23T04:42:33.120+0000] {processor.py:914} INFO - Processing file /home/airflow/.local/lib/python3.12/site-packages/airflow/example_dags/example_setup_teardown_taskflow.py for tasks to queue
[2024-10-23T04:42:33.121+0000] {logging_mixin.py:190} INFO - [2024-10-23T04:42:33.121+0000] {dagbag.py:588} INFO - Filling up the DagBag from /home/airflow/.local/lib/python3.12/site-packages/airflow/example_dags/example_setup_teardown_taskflow.py
[2024-10-23T04:42:33.132+0000] {processor.py:925} INFO - DAG(s) 'example_setup_teardown_taskflow' retrieved from /home/airflow/.local/lib/python3.12/site-packages/airflow/example_dags/example_setup_teardown_taskflow.py
[2024-10-23T04:42:33.167+0000] {logging_mixin.py:190} INFO - [2024-10-23T04:42:33.167+0000] {dag.py:3239} INFO - Sync 1 DAGs
[2024-10-23T04:42:33.184+0000] {logging_mixin.py:190} INFO - [2024-10-23T04:42:33.184+0000] {dag.py:4180} INFO - Setting next_dagrun for example_setup_teardown_taskflow to None, run_after=None
[2024-10-23T04:42:33.201+0000] {processor.py:208} INFO - Processing /home/airflow/.local/lib/python3.12/site-packages/airflow/example_dags/example_setup_teardown_taskflow.py took 0.087 seconds
[2024-10-23T04:43:04.318+0000] {processor.py:186} INFO - Started process (PID=16169) to work on /home/airflow/.local/lib/python3.12/site-packages/airflow/example_dags/example_setup_teardown_taskflow.py
[2024-10-23T04:43:04.319+0000] {processor.py:914} INFO - Processing file /home/airflow/.local/lib/python3.12/site-packages/airflow/example_dags/example_setup_teardown_taskflow.py for tasks to queue
[2024-10-23T04:43:04.319+0000] {logging_mixin.py:190} INFO - [2024-10-23T04:43:04.319+0000] {dagbag.py:588} INFO - Filling up the DagBag from /home/airflow/.local/lib/python3.12/site-packages/airflow/example_dags/example_setup_teardown_taskflow.py
[2024-10-23T04:43:04.327+0000] {processor.py:925} INFO - DAG(s) 'example_setup_teardown_taskflow' retrieved from /home/airflow/.local/lib/python3.12/site-packages/airflow/example_dags/example_setup_teardown_taskflow.py
[2024-10-23T04:43:04.341+0000] {logging_mixin.py:190} INFO - [2024-10-23T04:43:04.340+0000] {dag.py:3239} INFO - Sync 1 DAGs
[2024-10-23T04:43:04.355+0000] {logging_mixin.py:190} INFO - [2024-10-23T04:43:04.355+0000] {dag.py:4180} INFO - Setting next_dagrun for example_setup_teardown_taskflow to None, run_after=None
[2024-10-23T04:43:04.368+0000] {processor.py:208} INFO - Processing /home/airflow/.local/lib/python3.12/site-packages/airflow/example_dags/example_setup_teardown_taskflow.py took 0.055 seconds
[2024-10-23T04:43:35.172+0000] {processor.py:186} INFO - Started process (PID=16232) to work on /home/airflow/.local/lib/python3.12/site-packages/airflow/example_dags/example_setup_teardown_taskflow.py
[2024-10-23T04:43:35.173+0000] {processor.py:914} INFO - Processing file /home/airflow/.local/lib/python3.12/site-packages/airflow/example_dags/example_setup_teardown_taskflow.py for tasks to queue
[2024-10-23T04:43:35.174+0000] {logging_mixin.py:190} INFO - [2024-10-23T04:43:35.174+0000] {dagbag.py:588} INFO - Filling up the DagBag from /home/airflow/.local/lib/python3.12/site-packages/airflow/example_dags/example_setup_teardown_taskflow.py
[2024-10-23T04:43:35.182+0000] {processor.py:925} INFO - DAG(s) 'example_setup_teardown_taskflow' retrieved from /home/airflow/.local/lib/python3.12/site-packages/airflow/example_dags/example_setup_teardown_taskflow.py
[2024-10-23T04:43:35.196+0000] {logging_mixin.py:190} INFO - [2024-10-23T04:43:35.196+0000] {dag.py:3239} INFO - Sync 1 DAGs
[2024-10-23T04:43:35.208+0000] {logging_mixin.py:190} INFO - [2024-10-23T04:43:35.207+0000] {dag.py:4180} INFO - Setting next_dagrun for example_setup_teardown_taskflow to None, run_after=None
[2024-10-23T04:43:35.223+0000] {processor.py:208} INFO - Processing /home/airflow/.local/lib/python3.12/site-packages/airflow/example_dags/example_setup_teardown_taskflow.py took 0.057 seconds
[2024-10-23T04:44:06.324+0000] {processor.py:186} INFO - Started process (PID=16295) to work on /home/airflow/.local/lib/python3.12/site-packages/airflow/example_dags/example_setup_teardown_taskflow.py
[2024-10-23T04:44:06.325+0000] {processor.py:914} INFO - Processing file /home/airflow/.local/lib/python3.12/site-packages/airflow/example_dags/example_setup_teardown_taskflow.py for tasks to queue
[2024-10-23T04:44:06.326+0000] {logging_mixin.py:190} INFO - [2024-10-23T04:44:06.326+0000] {dagbag.py:588} INFO - Filling up the DagBag from /home/airflow/.local/lib/python3.12/site-packages/airflow/example_dags/example_setup_teardown_taskflow.py
[2024-10-23T04:44:06.335+0000] {processor.py:925} INFO - DAG(s) 'example_setup_teardown_taskflow' retrieved from /home/airflow/.local/lib/python3.12/site-packages/airflow/example_dags/example_setup_teardown_taskflow.py
[2024-10-23T04:44:06.356+0000] {logging_mixin.py:190} INFO - [2024-10-23T04:44:06.356+0000] {dag.py:3239} INFO - Sync 1 DAGs
[2024-10-23T04:44:06.373+0000] {logging_mixin.py:190} INFO - [2024-10-23T04:44:06.373+0000] {dag.py:4180} INFO - Setting next_dagrun for example_setup_teardown_taskflow to None, run_after=None
[2024-10-23T04:44:06.390+0000] {processor.py:208} INFO - Processing /home/airflow/.local/lib/python3.12/site-packages/airflow/example_dags/example_setup_teardown_taskflow.py took 0.074 seconds
[2024-10-23T04:44:36.535+0000] {processor.py:186} INFO - Started process (PID=16358) to work on /home/airflow/.local/lib/python3.12/site-packages/airflow/example_dags/example_setup_teardown_taskflow.py
[2024-10-23T04:44:36.536+0000] {processor.py:914} INFO - Processing file /home/airflow/.local/lib/python3.12/site-packages/airflow/example_dags/example_setup_teardown_taskflow.py for tasks to queue
[2024-10-23T04:44:36.539+0000] {logging_mixin.py:190} INFO - [2024-10-23T04:44:36.538+0000] {dagbag.py:588} INFO - Filling up the DagBag from /home/airflow/.local/lib/python3.12/site-packages/airflow/example_dags/example_setup_teardown_taskflow.py
[2024-10-23T04:44:36.550+0000] {processor.py:925} INFO - DAG(s) 'example_setup_teardown_taskflow' retrieved from /home/airflow/.local/lib/python3.12/site-packages/airflow/example_dags/example_setup_teardown_taskflow.py
[2024-10-23T04:44:36.573+0000] {logging_mixin.py:190} INFO - [2024-10-23T04:44:36.573+0000] {dag.py:3239} INFO - Sync 1 DAGs
[2024-10-23T04:44:36.585+0000] {logging_mixin.py:190} INFO - [2024-10-23T04:44:36.585+0000] {dag.py:4180} INFO - Setting next_dagrun for example_setup_teardown_taskflow to None, run_after=None
[2024-10-23T04:44:36.598+0000] {processor.py:208} INFO - Processing /home/airflow/.local/lib/python3.12/site-packages/airflow/example_dags/example_setup_teardown_taskflow.py took 0.069 seconds
[2024-10-23T04:45:07.295+0000] {processor.py:186} INFO - Started process (PID=16421) to work on /home/airflow/.local/lib/python3.12/site-packages/airflow/example_dags/example_setup_teardown_taskflow.py
[2024-10-23T04:45:07.296+0000] {processor.py:914} INFO - Processing file /home/airflow/.local/lib/python3.12/site-packages/airflow/example_dags/example_setup_teardown_taskflow.py for tasks to queue
[2024-10-23T04:45:07.296+0000] {logging_mixin.py:190} INFO - [2024-10-23T04:45:07.296+0000] {dagbag.py:588} INFO - Filling up the DagBag from /home/airflow/.local/lib/python3.12/site-packages/airflow/example_dags/example_setup_teardown_taskflow.py
[2024-10-23T04:45:07.303+0000] {processor.py:925} INFO - DAG(s) 'example_setup_teardown_taskflow' retrieved from /home/airflow/.local/lib/python3.12/site-packages/airflow/example_dags/example_setup_teardown_taskflow.py
[2024-10-23T04:45:07.317+0000] {logging_mixin.py:190} INFO - [2024-10-23T04:45:07.317+0000] {dag.py:3239} INFO - Sync 1 DAGs
[2024-10-23T04:45:07.326+0000] {logging_mixin.py:190} INFO - [2024-10-23T04:45:07.326+0000] {dag.py:4180} INFO - Setting next_dagrun for example_setup_teardown_taskflow to None, run_after=None
[2024-10-23T04:45:07.336+0000] {processor.py:208} INFO - Processing /home/airflow/.local/lib/python3.12/site-packages/airflow/example_dags/example_setup_teardown_taskflow.py took 0.046 seconds
[2024-10-23T07:12:08.510+0000] {processor.py:186} INFO - Started process (PID=34494) to work on /home/airflow/.local/lib/python3.12/site-packages/airflow/example_dags/example_setup_teardown_taskflow.py
[2024-10-23T07:12:08.510+0000] {processor.py:914} INFO - Processing file /home/airflow/.local/lib/python3.12/site-packages/airflow/example_dags/example_setup_teardown_taskflow.py for tasks to queue
[2024-10-23T07:12:08.511+0000] {logging_mixin.py:190} INFO - [2024-10-23T07:12:08.511+0000] {dagbag.py:588} INFO - Filling up the DagBag from /home/airflow/.local/lib/python3.12/site-packages/airflow/example_dags/example_setup_teardown_taskflow.py
[2024-10-23T07:12:08.520+0000] {processor.py:925} INFO - DAG(s) 'example_setup_teardown_taskflow' retrieved from /home/airflow/.local/lib/python3.12/site-packages/airflow/example_dags/example_setup_teardown_taskflow.py
[2024-10-23T07:12:08.543+0000] {logging_mixin.py:190} INFO - [2024-10-23T07:12:08.543+0000] {dag.py:3239} INFO - Sync 1 DAGs
[2024-10-23T07:12:08.561+0000] {logging_mixin.py:190} INFO - [2024-10-23T07:12:08.560+0000] {dag.py:4180} INFO - Setting next_dagrun for example_setup_teardown_taskflow to None, run_after=None
[2024-10-23T07:12:08.577+0000] {processor.py:208} INFO - Processing /home/airflow/.local/lib/python3.12/site-packages/airflow/example_dags/example_setup_teardown_taskflow.py took 0.072 seconds
[2024-10-23T07:12:39.284+0000] {processor.py:186} INFO - Started process (PID=34557) to work on /home/airflow/.local/lib/python3.12/site-packages/airflow/example_dags/example_setup_teardown_taskflow.py
[2024-10-23T07:12:39.285+0000] {processor.py:914} INFO - Processing file /home/airflow/.local/lib/python3.12/site-packages/airflow/example_dags/example_setup_teardown_taskflow.py for tasks to queue
[2024-10-23T07:12:39.286+0000] {logging_mixin.py:190} INFO - [2024-10-23T07:12:39.285+0000] {dagbag.py:588} INFO - Filling up the DagBag from /home/airflow/.local/lib/python3.12/site-packages/airflow/example_dags/example_setup_teardown_taskflow.py
[2024-10-23T07:12:39.300+0000] {processor.py:925} INFO - DAG(s) 'example_setup_teardown_taskflow' retrieved from /home/airflow/.local/lib/python3.12/site-packages/airflow/example_dags/example_setup_teardown_taskflow.py
[2024-10-23T07:12:39.318+0000] {logging_mixin.py:190} INFO - [2024-10-23T07:12:39.318+0000] {dag.py:3239} INFO - Sync 1 DAGs
[2024-10-23T07:12:39.328+0000] {logging_mixin.py:190} INFO - [2024-10-23T07:12:39.328+0000] {dag.py:4180} INFO - Setting next_dagrun for example_setup_teardown_taskflow to None, run_after=None
[2024-10-23T07:12:39.561+0000] {processor.py:208} INFO - Processing /home/airflow/.local/lib/python3.12/site-packages/airflow/example_dags/example_setup_teardown_taskflow.py took 0.282 seconds
[2024-10-23T07:13:10.331+0000] {processor.py:186} INFO - Started process (PID=34620) to work on /home/airflow/.local/lib/python3.12/site-packages/airflow/example_dags/example_setup_teardown_taskflow.py
[2024-10-23T07:13:10.335+0000] {processor.py:914} INFO - Processing file /home/airflow/.local/lib/python3.12/site-packages/airflow/example_dags/example_setup_teardown_taskflow.py for tasks to queue
[2024-10-23T07:13:10.337+0000] {logging_mixin.py:190} INFO - [2024-10-23T07:13:10.336+0000] {dagbag.py:588} INFO - Filling up the DagBag from /home/airflow/.local/lib/python3.12/site-packages/airflow/example_dags/example_setup_teardown_taskflow.py
[2024-10-23T07:13:10.350+0000] {processor.py:925} INFO - DAG(s) 'example_setup_teardown_taskflow' retrieved from /home/airflow/.local/lib/python3.12/site-packages/airflow/example_dags/example_setup_teardown_taskflow.py
[2024-10-23T07:13:10.368+0000] {logging_mixin.py:190} INFO - [2024-10-23T07:13:10.368+0000] {dag.py:3239} INFO - Sync 1 DAGs
[2024-10-23T07:13:10.378+0000] {logging_mixin.py:190} INFO - [2024-10-23T07:13:10.377+0000] {dag.py:4180} INFO - Setting next_dagrun for example_setup_teardown_taskflow to None, run_after=None
[2024-10-23T07:13:10.389+0000] {processor.py:208} INFO - Processing /home/airflow/.local/lib/python3.12/site-packages/airflow/example_dags/example_setup_teardown_taskflow.py took 0.063 seconds
[2024-10-23T07:13:41.075+0000] {processor.py:186} INFO - Started process (PID=34682) to work on /home/airflow/.local/lib/python3.12/site-packages/airflow/example_dags/example_setup_teardown_taskflow.py
[2024-10-23T07:13:41.076+0000] {processor.py:914} INFO - Processing file /home/airflow/.local/lib/python3.12/site-packages/airflow/example_dags/example_setup_teardown_taskflow.py for tasks to queue
[2024-10-23T07:13:41.077+0000] {logging_mixin.py:190} INFO - [2024-10-23T07:13:41.077+0000] {dagbag.py:588} INFO - Filling up the DagBag from /home/airflow/.local/lib/python3.12/site-packages/airflow/example_dags/example_setup_teardown_taskflow.py
[2024-10-23T07:13:41.085+0000] {processor.py:925} INFO - DAG(s) 'example_setup_teardown_taskflow' retrieved from /home/airflow/.local/lib/python3.12/site-packages/airflow/example_dags/example_setup_teardown_taskflow.py
[2024-10-23T07:13:41.101+0000] {logging_mixin.py:190} INFO - [2024-10-23T07:13:41.100+0000] {dag.py:3239} INFO - Sync 1 DAGs
[2024-10-23T07:13:41.110+0000] {logging_mixin.py:190} INFO - [2024-10-23T07:13:41.110+0000] {dag.py:4180} INFO - Setting next_dagrun for example_setup_teardown_taskflow to None, run_after=None
[2024-10-23T07:13:41.120+0000] {processor.py:208} INFO - Processing /home/airflow/.local/lib/python3.12/site-packages/airflow/example_dags/example_setup_teardown_taskflow.py took 0.050 seconds
[2024-10-23T07:14:12.387+0000] {processor.py:186} INFO - Started process (PID=34746) to work on /home/airflow/.local/lib/python3.12/site-packages/airflow/example_dags/example_setup_teardown_taskflow.py
[2024-10-23T07:14:12.387+0000] {processor.py:914} INFO - Processing file /home/airflow/.local/lib/python3.12/site-packages/airflow/example_dags/example_setup_teardown_taskflow.py for tasks to queue
[2024-10-23T07:14:12.388+0000] {logging_mixin.py:190} INFO - [2024-10-23T07:14:12.388+0000] {dagbag.py:588} INFO - Filling up the DagBag from /home/airflow/.local/lib/python3.12/site-packages/airflow/example_dags/example_setup_teardown_taskflow.py
[2024-10-23T07:14:12.397+0000] {processor.py:925} INFO - DAG(s) 'example_setup_teardown_taskflow' retrieved from /home/airflow/.local/lib/python3.12/site-packages/airflow/example_dags/example_setup_teardown_taskflow.py
[2024-10-23T07:14:12.419+0000] {logging_mixin.py:190} INFO - [2024-10-23T07:14:12.419+0000] {dag.py:3239} INFO - Sync 1 DAGs
[2024-10-23T07:14:12.430+0000] {logging_mixin.py:190} INFO - [2024-10-23T07:14:12.430+0000] {dag.py:4180} INFO - Setting next_dagrun for example_setup_teardown_taskflow to None, run_after=None
[2024-10-23T07:14:12.442+0000] {processor.py:208} INFO - Processing /home/airflow/.local/lib/python3.12/site-packages/airflow/example_dags/example_setup_teardown_taskflow.py took 0.060 seconds
[2024-10-23T07:14:44.395+0000] {processor.py:186} INFO - Started process (PID=34809) to work on /home/airflow/.local/lib/python3.12/site-packages/airflow/example_dags/example_setup_teardown_taskflow.py
[2024-10-23T07:14:44.398+0000] {processor.py:914} INFO - Processing file /home/airflow/.local/lib/python3.12/site-packages/airflow/example_dags/example_setup_teardown_taskflow.py for tasks to queue
[2024-10-23T07:14:44.400+0000] {logging_mixin.py:190} INFO - [2024-10-23T07:14:44.400+0000] {dagbag.py:588} INFO - Filling up the DagBag from /home/airflow/.local/lib/python3.12/site-packages/airflow/example_dags/example_setup_teardown_taskflow.py
[2024-10-23T07:14:44.436+0000] {processor.py:925} INFO - DAG(s) 'example_setup_teardown_taskflow' retrieved from /home/airflow/.local/lib/python3.12/site-packages/airflow/example_dags/example_setup_teardown_taskflow.py
[2024-10-23T07:14:44.495+0000] {logging_mixin.py:190} INFO - [2024-10-23T07:14:44.495+0000] {dag.py:3239} INFO - Sync 1 DAGs
[2024-10-23T07:14:44.542+0000] {logging_mixin.py:190} INFO - [2024-10-23T07:14:44.542+0000] {dag.py:4180} INFO - Setting next_dagrun for example_setup_teardown_taskflow to None, run_after=None
[2024-10-23T07:14:44.561+0000] {processor.py:208} INFO - Processing /home/airflow/.local/lib/python3.12/site-packages/airflow/example_dags/example_setup_teardown_taskflow.py took 0.173 seconds
[2024-10-23T07:15:15.871+0000] {processor.py:186} INFO - Started process (PID=34872) to work on /home/airflow/.local/lib/python3.12/site-packages/airflow/example_dags/example_setup_teardown_taskflow.py
[2024-10-23T07:15:15.872+0000] {processor.py:914} INFO - Processing file /home/airflow/.local/lib/python3.12/site-packages/airflow/example_dags/example_setup_teardown_taskflow.py for tasks to queue
[2024-10-23T07:15:15.873+0000] {logging_mixin.py:190} INFO - [2024-10-23T07:15:15.873+0000] {dagbag.py:588} INFO - Filling up the DagBag from /home/airflow/.local/lib/python3.12/site-packages/airflow/example_dags/example_setup_teardown_taskflow.py
[2024-10-23T07:15:15.882+0000] {processor.py:925} INFO - DAG(s) 'example_setup_teardown_taskflow' retrieved from /home/airflow/.local/lib/python3.12/site-packages/airflow/example_dags/example_setup_teardown_taskflow.py
[2024-10-23T07:15:15.898+0000] {logging_mixin.py:190} INFO - [2024-10-23T07:15:15.898+0000] {dag.py:3239} INFO - Sync 1 DAGs
[2024-10-23T07:15:16.074+0000] {logging_mixin.py:190} INFO - [2024-10-23T07:15:16.074+0000] {dag.py:4180} INFO - Setting next_dagrun for example_setup_teardown_taskflow to None, run_after=None
[2024-10-23T07:15:16.088+0000] {processor.py:208} INFO - Processing /home/airflow/.local/lib/python3.12/site-packages/airflow/example_dags/example_setup_teardown_taskflow.py took 0.223 seconds
[2024-10-23T07:15:46.199+0000] {processor.py:186} INFO - Started process (PID=34935) to work on /home/airflow/.local/lib/python3.12/site-packages/airflow/example_dags/example_setup_teardown_taskflow.py
[2024-10-23T07:15:46.200+0000] {processor.py:914} INFO - Processing file /home/airflow/.local/lib/python3.12/site-packages/airflow/example_dags/example_setup_teardown_taskflow.py for tasks to queue
[2024-10-23T07:15:46.201+0000] {logging_mixin.py:190} INFO - [2024-10-23T07:15:46.201+0000] {dagbag.py:588} INFO - Filling up the DagBag from /home/airflow/.local/lib/python3.12/site-packages/airflow/example_dags/example_setup_teardown_taskflow.py
[2024-10-23T07:15:46.212+0000] {processor.py:925} INFO - DAG(s) 'example_setup_teardown_taskflow' retrieved from /home/airflow/.local/lib/python3.12/site-packages/airflow/example_dags/example_setup_teardown_taskflow.py
[2024-10-23T07:15:46.230+0000] {logging_mixin.py:190} INFO - [2024-10-23T07:15:46.230+0000] {dag.py:3239} INFO - Sync 1 DAGs
[2024-10-23T07:15:46.241+0000] {logging_mixin.py:190} INFO - [2024-10-23T07:15:46.241+0000] {dag.py:4180} INFO - Setting next_dagrun for example_setup_teardown_taskflow to None, run_after=None
[2024-10-23T07:15:46.253+0000] {processor.py:208} INFO - Processing /home/airflow/.local/lib/python3.12/site-packages/airflow/example_dags/example_setup_teardown_taskflow.py took 0.059 seconds
[2024-10-23T07:16:16.391+0000] {processor.py:186} INFO - Started process (PID=34998) to work on /home/airflow/.local/lib/python3.12/site-packages/airflow/example_dags/example_setup_teardown_taskflow.py
[2024-10-23T07:16:16.392+0000] {processor.py:914} INFO - Processing file /home/airflow/.local/lib/python3.12/site-packages/airflow/example_dags/example_setup_teardown_taskflow.py for tasks to queue
[2024-10-23T07:16:16.394+0000] {logging_mixin.py:190} INFO - [2024-10-23T07:16:16.394+0000] {dagbag.py:588} INFO - Filling up the DagBag from /home/airflow/.local/lib/python3.12/site-packages/airflow/example_dags/example_setup_teardown_taskflow.py
[2024-10-23T07:16:16.401+0000] {processor.py:925} INFO - DAG(s) 'example_setup_teardown_taskflow' retrieved from /home/airflow/.local/lib/python3.12/site-packages/airflow/example_dags/example_setup_teardown_taskflow.py
[2024-10-23T07:16:16.423+0000] {logging_mixin.py:190} INFO - [2024-10-23T07:16:16.423+0000] {dag.py:3239} INFO - Sync 1 DAGs
[2024-10-23T07:16:16.433+0000] {logging_mixin.py:190} INFO - [2024-10-23T07:16:16.433+0000] {dag.py:4180} INFO - Setting next_dagrun for example_setup_teardown_taskflow to None, run_after=None
[2024-10-23T07:16:16.448+0000] {processor.py:208} INFO - Processing /home/airflow/.local/lib/python3.12/site-packages/airflow/example_dags/example_setup_teardown_taskflow.py took 0.061 seconds
[2024-10-23T07:16:46.495+0000] {processor.py:186} INFO - Started process (PID=35060) to work on /home/airflow/.local/lib/python3.12/site-packages/airflow/example_dags/example_setup_teardown_taskflow.py
[2024-10-23T07:16:46.497+0000] {processor.py:914} INFO - Processing file /home/airflow/.local/lib/python3.12/site-packages/airflow/example_dags/example_setup_teardown_taskflow.py for tasks to queue
[2024-10-23T07:16:46.499+0000] {logging_mixin.py:190} INFO - [2024-10-23T07:16:46.499+0000] {dagbag.py:588} INFO - Filling up the DagBag from /home/airflow/.local/lib/python3.12/site-packages/airflow/example_dags/example_setup_teardown_taskflow.py
[2024-10-23T07:16:46.507+0000] {processor.py:925} INFO - DAG(s) 'example_setup_teardown_taskflow' retrieved from /home/airflow/.local/lib/python3.12/site-packages/airflow/example_dags/example_setup_teardown_taskflow.py
[2024-10-23T07:16:46.524+0000] {logging_mixin.py:190} INFO - [2024-10-23T07:16:46.523+0000] {dag.py:3239} INFO - Sync 1 DAGs
[2024-10-23T07:16:46.533+0000] {logging_mixin.py:190} INFO - [2024-10-23T07:16:46.533+0000] {dag.py:4180} INFO - Setting next_dagrun for example_setup_teardown_taskflow to None, run_after=None
[2024-10-23T07:16:46.543+0000] {processor.py:208} INFO - Processing /home/airflow/.local/lib/python3.12/site-packages/airflow/example_dags/example_setup_teardown_taskflow.py took 0.052 seconds
[2024-10-23T07:17:16.784+0000] {processor.py:186} INFO - Started process (PID=35124) to work on /home/airflow/.local/lib/python3.12/site-packages/airflow/example_dags/example_setup_teardown_taskflow.py
[2024-10-23T07:17:16.784+0000] {processor.py:914} INFO - Processing file /home/airflow/.local/lib/python3.12/site-packages/airflow/example_dags/example_setup_teardown_taskflow.py for tasks to queue
[2024-10-23T07:17:16.786+0000] {logging_mixin.py:190} INFO - [2024-10-23T07:17:16.785+0000] {dagbag.py:588} INFO - Filling up the DagBag from /home/airflow/.local/lib/python3.12/site-packages/airflow/example_dags/example_setup_teardown_taskflow.py
[2024-10-23T07:17:16.794+0000] {processor.py:925} INFO - DAG(s) 'example_setup_teardown_taskflow' retrieved from /home/airflow/.local/lib/python3.12/site-packages/airflow/example_dags/example_setup_teardown_taskflow.py
[2024-10-23T07:17:16.809+0000] {logging_mixin.py:190} INFO - [2024-10-23T07:17:16.809+0000] {dag.py:3239} INFO - Sync 1 DAGs
[2024-10-23T07:17:16.820+0000] {logging_mixin.py:190} INFO - [2024-10-23T07:17:16.820+0000] {dag.py:4180} INFO - Setting next_dagrun for example_setup_teardown_taskflow to None, run_after=None
[2024-10-23T07:17:16.831+0000] {processor.py:208} INFO - Processing /home/airflow/.local/lib/python3.12/site-packages/airflow/example_dags/example_setup_teardown_taskflow.py took 0.051 seconds
[2024-10-23T07:17:47.327+0000] {processor.py:186} INFO - Started process (PID=35187) to work on /home/airflow/.local/lib/python3.12/site-packages/airflow/example_dags/example_setup_teardown_taskflow.py
[2024-10-23T07:17:47.327+0000] {processor.py:914} INFO - Processing file /home/airflow/.local/lib/python3.12/site-packages/airflow/example_dags/example_setup_teardown_taskflow.py for tasks to queue
[2024-10-23T07:17:47.328+0000] {logging_mixin.py:190} INFO - [2024-10-23T07:17:47.328+0000] {dagbag.py:588} INFO - Filling up the DagBag from /home/airflow/.local/lib/python3.12/site-packages/airflow/example_dags/example_setup_teardown_taskflow.py
[2024-10-23T07:17:47.339+0000] {processor.py:925} INFO - DAG(s) 'example_setup_teardown_taskflow' retrieved from /home/airflow/.local/lib/python3.12/site-packages/airflow/example_dags/example_setup_teardown_taskflow.py
[2024-10-23T07:17:47.356+0000] {logging_mixin.py:190} INFO - [2024-10-23T07:17:47.356+0000] {dag.py:3239} INFO - Sync 1 DAGs
[2024-10-23T07:17:47.365+0000] {logging_mixin.py:190} INFO - [2024-10-23T07:17:47.365+0000] {dag.py:4180} INFO - Setting next_dagrun for example_setup_teardown_taskflow to None, run_after=None
[2024-10-23T07:17:47.376+0000] {processor.py:208} INFO - Processing /home/airflow/.local/lib/python3.12/site-packages/airflow/example_dags/example_setup_teardown_taskflow.py took 0.053 seconds
[2024-10-23T07:18:17.871+0000] {processor.py:186} INFO - Started process (PID=35250) to work on /home/airflow/.local/lib/python3.12/site-packages/airflow/example_dags/example_setup_teardown_taskflow.py
[2024-10-23T07:18:17.872+0000] {processor.py:914} INFO - Processing file /home/airflow/.local/lib/python3.12/site-packages/airflow/example_dags/example_setup_teardown_taskflow.py for tasks to queue
[2024-10-23T07:18:17.873+0000] {logging_mixin.py:190} INFO - [2024-10-23T07:18:17.873+0000] {dagbag.py:588} INFO - Filling up the DagBag from /home/airflow/.local/lib/python3.12/site-packages/airflow/example_dags/example_setup_teardown_taskflow.py
[2024-10-23T07:18:17.882+0000] {processor.py:925} INFO - DAG(s) 'example_setup_teardown_taskflow' retrieved from /home/airflow/.local/lib/python3.12/site-packages/airflow/example_dags/example_setup_teardown_taskflow.py
[2024-10-23T07:18:17.901+0000] {logging_mixin.py:190} INFO - [2024-10-23T07:18:17.900+0000] {dag.py:3239} INFO - Sync 1 DAGs
[2024-10-23T07:18:17.912+0000] {logging_mixin.py:190} INFO - [2024-10-23T07:18:17.912+0000] {dag.py:4180} INFO - Setting next_dagrun for example_setup_teardown_taskflow to None, run_after=None
[2024-10-23T07:18:17.926+0000] {processor.py:208} INFO - Processing /home/airflow/.local/lib/python3.12/site-packages/airflow/example_dags/example_setup_teardown_taskflow.py took 0.061 seconds
[2024-10-23T07:18:48.562+0000] {processor.py:186} INFO - Started process (PID=35313) to work on /home/airflow/.local/lib/python3.12/site-packages/airflow/example_dags/example_setup_teardown_taskflow.py
[2024-10-23T07:18:48.562+0000] {processor.py:914} INFO - Processing file /home/airflow/.local/lib/python3.12/site-packages/airflow/example_dags/example_setup_teardown_taskflow.py for tasks to queue
[2024-10-23T07:18:48.564+0000] {logging_mixin.py:190} INFO - [2024-10-23T07:18:48.564+0000] {dagbag.py:588} INFO - Filling up the DagBag from /home/airflow/.local/lib/python3.12/site-packages/airflow/example_dags/example_setup_teardown_taskflow.py
[2024-10-23T07:18:48.573+0000] {processor.py:925} INFO - DAG(s) 'example_setup_teardown_taskflow' retrieved from /home/airflow/.local/lib/python3.12/site-packages/airflow/example_dags/example_setup_teardown_taskflow.py
[2024-10-23T07:18:48.590+0000] {logging_mixin.py:190} INFO - [2024-10-23T07:18:48.590+0000] {dag.py:3239} INFO - Sync 1 DAGs
[2024-10-23T07:18:48.600+0000] {logging_mixin.py:190} INFO - [2024-10-23T07:18:48.600+0000] {dag.py:4180} INFO - Setting next_dagrun for example_setup_teardown_taskflow to None, run_after=None
[2024-10-23T07:18:48.615+0000] {processor.py:208} INFO - Processing /home/airflow/.local/lib/python3.12/site-packages/airflow/example_dags/example_setup_teardown_taskflow.py took 0.057 seconds
[2024-10-23T07:19:19.167+0000] {processor.py:186} INFO - Started process (PID=35378) to work on /home/airflow/.local/lib/python3.12/site-packages/airflow/example_dags/example_setup_teardown_taskflow.py
[2024-10-23T07:19:19.168+0000] {processor.py:914} INFO - Processing file /home/airflow/.local/lib/python3.12/site-packages/airflow/example_dags/example_setup_teardown_taskflow.py for tasks to queue
[2024-10-23T07:19:19.172+0000] {logging_mixin.py:190} INFO - [2024-10-23T07:19:19.172+0000] {dagbag.py:588} INFO - Filling up the DagBag from /home/airflow/.local/lib/python3.12/site-packages/airflow/example_dags/example_setup_teardown_taskflow.py
[2024-10-23T07:19:19.184+0000] {processor.py:925} INFO - DAG(s) 'example_setup_teardown_taskflow' retrieved from /home/airflow/.local/lib/python3.12/site-packages/airflow/example_dags/example_setup_teardown_taskflow.py
[2024-10-23T07:19:19.204+0000] {logging_mixin.py:190} INFO - [2024-10-23T07:19:19.203+0000] {dag.py:3239} INFO - Sync 1 DAGs
[2024-10-23T07:19:19.216+0000] {logging_mixin.py:190} INFO - [2024-10-23T07:19:19.216+0000] {dag.py:4180} INFO - Setting next_dagrun for example_setup_teardown_taskflow to None, run_after=None
[2024-10-23T07:19:19.230+0000] {processor.py:208} INFO - Processing /home/airflow/.local/lib/python3.12/site-packages/airflow/example_dags/example_setup_teardown_taskflow.py took 0.070 seconds
[2024-10-23T07:19:49.851+0000] {processor.py:186} INFO - Started process (PID=35442) to work on /home/airflow/.local/lib/python3.12/site-packages/airflow/example_dags/example_setup_teardown_taskflow.py
[2024-10-23T07:19:49.853+0000] {processor.py:914} INFO - Processing file /home/airflow/.local/lib/python3.12/site-packages/airflow/example_dags/example_setup_teardown_taskflow.py for tasks to queue
[2024-10-23T07:19:49.855+0000] {logging_mixin.py:190} INFO - [2024-10-23T07:19:49.855+0000] {dagbag.py:588} INFO - Filling up the DagBag from /home/airflow/.local/lib/python3.12/site-packages/airflow/example_dags/example_setup_teardown_taskflow.py
[2024-10-23T07:19:49.862+0000] {processor.py:925} INFO - DAG(s) 'example_setup_teardown_taskflow' retrieved from /home/airflow/.local/lib/python3.12/site-packages/airflow/example_dags/example_setup_teardown_taskflow.py
[2024-10-23T07:19:49.878+0000] {logging_mixin.py:190} INFO - [2024-10-23T07:19:49.878+0000] {dag.py:3239} INFO - Sync 1 DAGs
[2024-10-23T07:19:49.887+0000] {logging_mixin.py:190} INFO - [2024-10-23T07:19:49.887+0000] {dag.py:4180} INFO - Setting next_dagrun for example_setup_teardown_taskflow to None, run_after=None
[2024-10-23T07:19:49.904+0000] {processor.py:208} INFO - Processing /home/airflow/.local/lib/python3.12/site-packages/airflow/example_dags/example_setup_teardown_taskflow.py took 0.064 seconds
