[2024-10-23T02:32:06.871+0000] {processor.py:186} INFO - Started process (PID=13739) to work on /home/airflow/.local/lib/python3.12/site-packages/airflow/example_dags/example_external_task_marker_dag.py
[2024-10-23T02:32:06.872+0000] {processor.py:914} INFO - Processing file /home/airflow/.local/lib/python3.12/site-packages/airflow/example_dags/example_external_task_marker_dag.py for tasks to queue
[2024-10-23T02:32:06.874+0000] {logging_mixin.py:190} INFO - [2024-10-23T02:32:06.873+0000] {dagbag.py:588} INFO - Filling up the DagBag from /home/airflow/.local/lib/python3.12/site-packages/airflow/example_dags/example_external_task_marker_dag.py
[2024-10-23T02:32:06.884+0000] {processor.py:925} INFO - DAG(s) 'example_external_task_marker_child', 'example_external_task_marker_parent' retrieved from /home/airflow/.local/lib/python3.12/site-packages/airflow/example_dags/example_external_task_marker_dag.py
[2024-10-23T02:32:06.924+0000] {logging_mixin.py:190} INFO - [2024-10-23T02:32:06.924+0000] {dag.py:3239} INFO - Sync 2 DAGs
[2024-10-23T02:32:06.947+0000] {logging_mixin.py:190} INFO - [2024-10-23T02:32:06.947+0000] {dag.py:4180} INFO - Setting next_dagrun for example_external_task_marker_child to None, run_after=None
[2024-10-23T02:32:06.951+0000] {logging_mixin.py:190} INFO - [2024-10-23T02:32:06.951+0000] {dag.py:4180} INFO - Setting next_dagrun for example_external_task_marker_parent to None, run_after=None
[2024-10-23T02:32:06.969+0000] {processor.py:208} INFO - Processing /home/airflow/.local/lib/python3.12/site-packages/airflow/example_dags/example_external_task_marker_dag.py took 0.104 seconds
[2024-10-23T04:23:44.800+0000] {processor.py:186} INFO - Started process (PID=13802) to work on /home/airflow/.local/lib/python3.12/site-packages/airflow/example_dags/example_external_task_marker_dag.py
[2024-10-23T04:23:44.802+0000] {processor.py:914} INFO - Processing file /home/airflow/.local/lib/python3.12/site-packages/airflow/example_dags/example_external_task_marker_dag.py for tasks to queue
[2024-10-23T04:23:44.803+0000] {logging_mixin.py:190} INFO - [2024-10-23T04:23:44.803+0000] {dagbag.py:588} INFO - Filling up the DagBag from /home/airflow/.local/lib/python3.12/site-packages/airflow/example_dags/example_external_task_marker_dag.py
[2024-10-23T04:23:44.811+0000] {processor.py:925} INFO - DAG(s) 'example_external_task_marker_parent', 'example_external_task_marker_child' retrieved from /home/airflow/.local/lib/python3.12/site-packages/airflow/example_dags/example_external_task_marker_dag.py
[2024-10-23T04:23:44.840+0000] {logging_mixin.py:190} INFO - [2024-10-23T04:23:44.840+0000] {dag.py:3239} INFO - Sync 2 DAGs
[2024-10-23T04:23:44.858+0000] {logging_mixin.py:190} INFO - [2024-10-23T04:23:44.858+0000] {dag.py:4180} INFO - Setting next_dagrun for example_external_task_marker_child to None, run_after=None
[2024-10-23T04:23:44.864+0000] {logging_mixin.py:190} INFO - [2024-10-23T04:23:44.864+0000] {dag.py:4180} INFO - Setting next_dagrun for example_external_task_marker_parent to None, run_after=None
[2024-10-23T04:23:44.880+0000] {processor.py:208} INFO - Processing /home/airflow/.local/lib/python3.12/site-packages/airflow/example_dags/example_external_task_marker_dag.py took 0.084 seconds
[2024-10-23T04:24:16.118+0000] {processor.py:186} INFO - Started process (PID=13865) to work on /home/airflow/.local/lib/python3.12/site-packages/airflow/example_dags/example_external_task_marker_dag.py
[2024-10-23T04:24:16.119+0000] {processor.py:914} INFO - Processing file /home/airflow/.local/lib/python3.12/site-packages/airflow/example_dags/example_external_task_marker_dag.py for tasks to queue
[2024-10-23T04:24:16.120+0000] {logging_mixin.py:190} INFO - [2024-10-23T04:24:16.120+0000] {dagbag.py:588} INFO - Filling up the DagBag from /home/airflow/.local/lib/python3.12/site-packages/airflow/example_dags/example_external_task_marker_dag.py
[2024-10-23T04:24:16.127+0000] {processor.py:925} INFO - DAG(s) 'example_external_task_marker_parent', 'example_external_task_marker_child' retrieved from /home/airflow/.local/lib/python3.12/site-packages/airflow/example_dags/example_external_task_marker_dag.py
[2024-10-23T04:24:16.147+0000] {logging_mixin.py:190} INFO - [2024-10-23T04:24:16.147+0000] {dag.py:3239} INFO - Sync 2 DAGs
[2024-10-23T04:24:16.158+0000] {logging_mixin.py:190} INFO - [2024-10-23T04:24:16.158+0000] {dag.py:4180} INFO - Setting next_dagrun for example_external_task_marker_child to None, run_after=None
[2024-10-23T04:24:16.161+0000] {logging_mixin.py:190} INFO - [2024-10-23T04:24:16.160+0000] {dag.py:4180} INFO - Setting next_dagrun for example_external_task_marker_parent to None, run_after=None
[2024-10-23T04:24:16.178+0000] {processor.py:208} INFO - Processing /home/airflow/.local/lib/python3.12/site-packages/airflow/example_dags/example_external_task_marker_dag.py took 0.064 seconds
[2024-10-23T04:24:46.680+0000] {processor.py:186} INFO - Started process (PID=13928) to work on /home/airflow/.local/lib/python3.12/site-packages/airflow/example_dags/example_external_task_marker_dag.py
[2024-10-23T04:24:46.681+0000] {processor.py:914} INFO - Processing file /home/airflow/.local/lib/python3.12/site-packages/airflow/example_dags/example_external_task_marker_dag.py for tasks to queue
[2024-10-23T04:24:46.682+0000] {logging_mixin.py:190} INFO - [2024-10-23T04:24:46.682+0000] {dagbag.py:588} INFO - Filling up the DagBag from /home/airflow/.local/lib/python3.12/site-packages/airflow/example_dags/example_external_task_marker_dag.py
[2024-10-23T04:24:46.689+0000] {processor.py:925} INFO - DAG(s) 'example_external_task_marker_child', 'example_external_task_marker_parent' retrieved from /home/airflow/.local/lib/python3.12/site-packages/airflow/example_dags/example_external_task_marker_dag.py
[2024-10-23T04:24:46.708+0000] {logging_mixin.py:190} INFO - [2024-10-23T04:24:46.708+0000] {dag.py:3239} INFO - Sync 2 DAGs
[2024-10-23T04:24:46.721+0000] {logging_mixin.py:190} INFO - [2024-10-23T04:24:46.721+0000] {dag.py:4180} INFO - Setting next_dagrun for example_external_task_marker_child to None, run_after=None
[2024-10-23T04:24:46.724+0000] {logging_mixin.py:190} INFO - [2024-10-23T04:24:46.724+0000] {dag.py:4180} INFO - Setting next_dagrun for example_external_task_marker_parent to None, run_after=None
[2024-10-23T04:24:46.733+0000] {processor.py:208} INFO - Processing /home/airflow/.local/lib/python3.12/site-packages/airflow/example_dags/example_external_task_marker_dag.py took 0.059 seconds
[2024-10-23T04:25:17.178+0000] {processor.py:186} INFO - Started process (PID=13991) to work on /home/airflow/.local/lib/python3.12/site-packages/airflow/example_dags/example_external_task_marker_dag.py
[2024-10-23T04:25:17.179+0000] {processor.py:914} INFO - Processing file /home/airflow/.local/lib/python3.12/site-packages/airflow/example_dags/example_external_task_marker_dag.py for tasks to queue
[2024-10-23T04:25:17.180+0000] {logging_mixin.py:190} INFO - [2024-10-23T04:25:17.180+0000] {dagbag.py:588} INFO - Filling up the DagBag from /home/airflow/.local/lib/python3.12/site-packages/airflow/example_dags/example_external_task_marker_dag.py
[2024-10-23T04:25:17.190+0000] {processor.py:925} INFO - DAG(s) 'example_external_task_marker_child', 'example_external_task_marker_parent' retrieved from /home/airflow/.local/lib/python3.12/site-packages/airflow/example_dags/example_external_task_marker_dag.py
[2024-10-23T04:25:17.221+0000] {logging_mixin.py:190} INFO - [2024-10-23T04:25:17.220+0000] {dag.py:3239} INFO - Sync 2 DAGs
[2024-10-23T04:25:17.234+0000] {logging_mixin.py:190} INFO - [2024-10-23T04:25:17.234+0000] {dag.py:4180} INFO - Setting next_dagrun for example_external_task_marker_child to None, run_after=None
[2024-10-23T04:25:17.241+0000] {logging_mixin.py:190} INFO - [2024-10-23T04:25:17.241+0000] {dag.py:4180} INFO - Setting next_dagrun for example_external_task_marker_parent to None, run_after=None
[2024-10-23T04:25:17.259+0000] {processor.py:208} INFO - Processing /home/airflow/.local/lib/python3.12/site-packages/airflow/example_dags/example_external_task_marker_dag.py took 0.086 seconds
[2024-10-23T04:25:47.917+0000] {processor.py:186} INFO - Started process (PID=14054) to work on /home/airflow/.local/lib/python3.12/site-packages/airflow/example_dags/example_external_task_marker_dag.py
[2024-10-23T04:25:47.917+0000] {processor.py:914} INFO - Processing file /home/airflow/.local/lib/python3.12/site-packages/airflow/example_dags/example_external_task_marker_dag.py for tasks to queue
[2024-10-23T04:25:47.918+0000] {logging_mixin.py:190} INFO - [2024-10-23T04:25:47.918+0000] {dagbag.py:588} INFO - Filling up the DagBag from /home/airflow/.local/lib/python3.12/site-packages/airflow/example_dags/example_external_task_marker_dag.py
[2024-10-23T04:25:47.923+0000] {processor.py:925} INFO - DAG(s) 'example_external_task_marker_parent', 'example_external_task_marker_child' retrieved from /home/airflow/.local/lib/python3.12/site-packages/airflow/example_dags/example_external_task_marker_dag.py
[2024-10-23T04:25:47.938+0000] {logging_mixin.py:190} INFO - [2024-10-23T04:25:47.937+0000] {dag.py:3239} INFO - Sync 2 DAGs
[2024-10-23T04:25:47.947+0000] {logging_mixin.py:190} INFO - [2024-10-23T04:25:47.947+0000] {dag.py:4180} INFO - Setting next_dagrun for example_external_task_marker_child to None, run_after=None
[2024-10-23T04:25:47.950+0000] {logging_mixin.py:190} INFO - [2024-10-23T04:25:47.949+0000] {dag.py:4180} INFO - Setting next_dagrun for example_external_task_marker_parent to None, run_after=None
[2024-10-23T04:25:47.959+0000] {processor.py:208} INFO - Processing /home/airflow/.local/lib/python3.12/site-packages/airflow/example_dags/example_external_task_marker_dag.py took 0.046 seconds
[2024-10-23T04:26:19.572+0000] {processor.py:186} INFO - Started process (PID=14117) to work on /home/airflow/.local/lib/python3.12/site-packages/airflow/example_dags/example_external_task_marker_dag.py
[2024-10-23T04:26:19.573+0000] {processor.py:914} INFO - Processing file /home/airflow/.local/lib/python3.12/site-packages/airflow/example_dags/example_external_task_marker_dag.py for tasks to queue
[2024-10-23T04:26:19.573+0000] {logging_mixin.py:190} INFO - [2024-10-23T04:26:19.573+0000] {dagbag.py:588} INFO - Filling up the DagBag from /home/airflow/.local/lib/python3.12/site-packages/airflow/example_dags/example_external_task_marker_dag.py
[2024-10-23T04:26:19.579+0000] {processor.py:925} INFO - DAG(s) 'example_external_task_marker_child', 'example_external_task_marker_parent' retrieved from /home/airflow/.local/lib/python3.12/site-packages/airflow/example_dags/example_external_task_marker_dag.py
[2024-10-23T04:26:19.600+0000] {logging_mixin.py:190} INFO - [2024-10-23T04:26:19.599+0000] {dag.py:3239} INFO - Sync 2 DAGs
[2024-10-23T04:26:19.613+0000] {logging_mixin.py:190} INFO - [2024-10-23T04:26:19.613+0000] {dag.py:4180} INFO - Setting next_dagrun for example_external_task_marker_child to None, run_after=None
[2024-10-23T04:26:19.619+0000] {logging_mixin.py:190} INFO - [2024-10-23T04:26:19.619+0000] {dag.py:4180} INFO - Setting next_dagrun for example_external_task_marker_parent to None, run_after=None
[2024-10-23T04:26:19.642+0000] {processor.py:208} INFO - Processing /home/airflow/.local/lib/python3.12/site-packages/airflow/example_dags/example_external_task_marker_dag.py took 0.077 seconds
[2024-10-23T04:26:50.225+0000] {processor.py:186} INFO - Started process (PID=14180) to work on /home/airflow/.local/lib/python3.12/site-packages/airflow/example_dags/example_external_task_marker_dag.py
[2024-10-23T04:26:50.226+0000] {processor.py:914} INFO - Processing file /home/airflow/.local/lib/python3.12/site-packages/airflow/example_dags/example_external_task_marker_dag.py for tasks to queue
[2024-10-23T04:26:50.227+0000] {logging_mixin.py:190} INFO - [2024-10-23T04:26:50.226+0000] {dagbag.py:588} INFO - Filling up the DagBag from /home/airflow/.local/lib/python3.12/site-packages/airflow/example_dags/example_external_task_marker_dag.py
[2024-10-23T04:26:50.233+0000] {processor.py:925} INFO - DAG(s) 'example_external_task_marker_child', 'example_external_task_marker_parent' retrieved from /home/airflow/.local/lib/python3.12/site-packages/airflow/example_dags/example_external_task_marker_dag.py
[2024-10-23T04:26:50.248+0000] {logging_mixin.py:190} INFO - [2024-10-23T04:26:50.248+0000] {dag.py:3239} INFO - Sync 2 DAGs
[2024-10-23T04:26:50.260+0000] {logging_mixin.py:190} INFO - [2024-10-23T04:26:50.259+0000] {dag.py:4180} INFO - Setting next_dagrun for example_external_task_marker_child to None, run_after=None
[2024-10-23T04:26:50.262+0000] {logging_mixin.py:190} INFO - [2024-10-23T04:26:50.262+0000] {dag.py:4180} INFO - Setting next_dagrun for example_external_task_marker_parent to None, run_after=None
[2024-10-23T04:26:50.271+0000] {processor.py:208} INFO - Processing /home/airflow/.local/lib/python3.12/site-packages/airflow/example_dags/example_external_task_marker_dag.py took 0.052 seconds
[2024-10-23T04:27:20.466+0000] {processor.py:186} INFO - Started process (PID=14243) to work on /home/airflow/.local/lib/python3.12/site-packages/airflow/example_dags/example_external_task_marker_dag.py
[2024-10-23T04:27:20.469+0000] {processor.py:914} INFO - Processing file /home/airflow/.local/lib/python3.12/site-packages/airflow/example_dags/example_external_task_marker_dag.py for tasks to queue
[2024-10-23T04:27:20.470+0000] {logging_mixin.py:190} INFO - [2024-10-23T04:27:20.470+0000] {dagbag.py:588} INFO - Filling up the DagBag from /home/airflow/.local/lib/python3.12/site-packages/airflow/example_dags/example_external_task_marker_dag.py
[2024-10-23T04:27:20.476+0000] {processor.py:925} INFO - DAG(s) 'example_external_task_marker_parent', 'example_external_task_marker_child' retrieved from /home/airflow/.local/lib/python3.12/site-packages/airflow/example_dags/example_external_task_marker_dag.py
[2024-10-23T04:27:20.492+0000] {logging_mixin.py:190} INFO - [2024-10-23T04:27:20.492+0000] {dag.py:3239} INFO - Sync 2 DAGs
[2024-10-23T04:27:20.502+0000] {logging_mixin.py:190} INFO - [2024-10-23T04:27:20.502+0000] {dag.py:4180} INFO - Setting next_dagrun for example_external_task_marker_child to None, run_after=None
[2024-10-23T04:27:20.508+0000] {logging_mixin.py:190} INFO - [2024-10-23T04:27:20.508+0000] {dag.py:4180} INFO - Setting next_dagrun for example_external_task_marker_parent to None, run_after=None
[2024-10-23T04:27:20.517+0000] {processor.py:208} INFO - Processing /home/airflow/.local/lib/python3.12/site-packages/airflow/example_dags/example_external_task_marker_dag.py took 0.055 seconds
[2024-10-23T04:27:50.816+0000] {processor.py:186} INFO - Started process (PID=14307) to work on /home/airflow/.local/lib/python3.12/site-packages/airflow/example_dags/example_external_task_marker_dag.py
[2024-10-23T04:27:50.818+0000] {processor.py:914} INFO - Processing file /home/airflow/.local/lib/python3.12/site-packages/airflow/example_dags/example_external_task_marker_dag.py for tasks to queue
[2024-10-23T04:27:50.820+0000] {logging_mixin.py:190} INFO - [2024-10-23T04:27:50.819+0000] {dagbag.py:588} INFO - Filling up the DagBag from /home/airflow/.local/lib/python3.12/site-packages/airflow/example_dags/example_external_task_marker_dag.py
[2024-10-23T04:27:50.827+0000] {processor.py:925} INFO - DAG(s) 'example_external_task_marker_child', 'example_external_task_marker_parent' retrieved from /home/airflow/.local/lib/python3.12/site-packages/airflow/example_dags/example_external_task_marker_dag.py
[2024-10-23T04:27:50.844+0000] {logging_mixin.py:190} INFO - [2024-10-23T04:27:50.844+0000] {dag.py:3239} INFO - Sync 2 DAGs
[2024-10-23T04:27:50.855+0000] {logging_mixin.py:190} INFO - [2024-10-23T04:27:50.855+0000] {dag.py:4180} INFO - Setting next_dagrun for example_external_task_marker_child to None, run_after=None
[2024-10-23T04:27:50.860+0000] {logging_mixin.py:190} INFO - [2024-10-23T04:27:50.859+0000] {dag.py:4180} INFO - Setting next_dagrun for example_external_task_marker_parent to None, run_after=None
[2024-10-23T04:27:50.886+0000] {processor.py:208} INFO - Processing /home/airflow/.local/lib/python3.12/site-packages/airflow/example_dags/example_external_task_marker_dag.py took 0.074 seconds
[2024-10-23T04:28:22.930+0000] {processor.py:186} INFO - Started process (PID=14370) to work on /home/airflow/.local/lib/python3.12/site-packages/airflow/example_dags/example_external_task_marker_dag.py
[2024-10-23T04:28:22.931+0000] {processor.py:914} INFO - Processing file /home/airflow/.local/lib/python3.12/site-packages/airflow/example_dags/example_external_task_marker_dag.py for tasks to queue
[2024-10-23T04:28:22.932+0000] {logging_mixin.py:190} INFO - [2024-10-23T04:28:22.932+0000] {dagbag.py:588} INFO - Filling up the DagBag from /home/airflow/.local/lib/python3.12/site-packages/airflow/example_dags/example_external_task_marker_dag.py
[2024-10-23T04:28:22.939+0000] {processor.py:925} INFO - DAG(s) 'example_external_task_marker_child', 'example_external_task_marker_parent' retrieved from /home/airflow/.local/lib/python3.12/site-packages/airflow/example_dags/example_external_task_marker_dag.py
[2024-10-23T04:28:22.967+0000] {logging_mixin.py:190} INFO - [2024-10-23T04:28:22.966+0000] {dag.py:3239} INFO - Sync 2 DAGs
[2024-10-23T04:28:22.985+0000] {logging_mixin.py:190} INFO - [2024-10-23T04:28:22.985+0000] {dag.py:4180} INFO - Setting next_dagrun for example_external_task_marker_child to None, run_after=None
[2024-10-23T04:28:22.988+0000] {logging_mixin.py:190} INFO - [2024-10-23T04:28:22.988+0000] {dag.py:4180} INFO - Setting next_dagrun for example_external_task_marker_parent to None, run_after=None
[2024-10-23T04:28:22.999+0000] {processor.py:208} INFO - Processing /home/airflow/.local/lib/python3.12/site-packages/airflow/example_dags/example_external_task_marker_dag.py took 0.074 seconds
[2024-10-23T04:28:53.712+0000] {processor.py:186} INFO - Started process (PID=14433) to work on /home/airflow/.local/lib/python3.12/site-packages/airflow/example_dags/example_external_task_marker_dag.py
[2024-10-23T04:28:53.714+0000] {processor.py:914} INFO - Processing file /home/airflow/.local/lib/python3.12/site-packages/airflow/example_dags/example_external_task_marker_dag.py for tasks to queue
[2024-10-23T04:28:53.715+0000] {logging_mixin.py:190} INFO - [2024-10-23T04:28:53.715+0000] {dagbag.py:588} INFO - Filling up the DagBag from /home/airflow/.local/lib/python3.12/site-packages/airflow/example_dags/example_external_task_marker_dag.py
[2024-10-23T04:28:53.723+0000] {processor.py:925} INFO - DAG(s) 'example_external_task_marker_parent', 'example_external_task_marker_child' retrieved from /home/airflow/.local/lib/python3.12/site-packages/airflow/example_dags/example_external_task_marker_dag.py
[2024-10-23T04:28:53.749+0000] {logging_mixin.py:190} INFO - [2024-10-23T04:28:53.749+0000] {dag.py:3239} INFO - Sync 2 DAGs
[2024-10-23T04:28:53.762+0000] {logging_mixin.py:190} INFO - [2024-10-23T04:28:53.762+0000] {dag.py:4180} INFO - Setting next_dagrun for example_external_task_marker_child to None, run_after=None
[2024-10-23T04:28:53.767+0000] {logging_mixin.py:190} INFO - [2024-10-23T04:28:53.767+0000] {dag.py:4180} INFO - Setting next_dagrun for example_external_task_marker_parent to None, run_after=None
[2024-10-23T04:28:53.791+0000] {processor.py:208} INFO - Processing /home/airflow/.local/lib/python3.12/site-packages/airflow/example_dags/example_external_task_marker_dag.py took 0.085 seconds
[2024-10-23T04:29:24.980+0000] {processor.py:186} INFO - Started process (PID=14496) to work on /home/airflow/.local/lib/python3.12/site-packages/airflow/example_dags/example_external_task_marker_dag.py
[2024-10-23T04:29:24.982+0000] {processor.py:914} INFO - Processing file /home/airflow/.local/lib/python3.12/site-packages/airflow/example_dags/example_external_task_marker_dag.py for tasks to queue
[2024-10-23T04:29:24.983+0000] {logging_mixin.py:190} INFO - [2024-10-23T04:29:24.983+0000] {dagbag.py:588} INFO - Filling up the DagBag from /home/airflow/.local/lib/python3.12/site-packages/airflow/example_dags/example_external_task_marker_dag.py
[2024-10-23T04:29:24.992+0000] {processor.py:925} INFO - DAG(s) 'example_external_task_marker_parent', 'example_external_task_marker_child' retrieved from /home/airflow/.local/lib/python3.12/site-packages/airflow/example_dags/example_external_task_marker_dag.py
[2024-10-23T04:29:25.016+0000] {logging_mixin.py:190} INFO - [2024-10-23T04:29:25.016+0000] {dag.py:3239} INFO - Sync 2 DAGs
[2024-10-23T04:29:25.035+0000] {logging_mixin.py:190} INFO - [2024-10-23T04:29:25.035+0000] {dag.py:4180} INFO - Setting next_dagrun for example_external_task_marker_child to None, run_after=None
[2024-10-23T04:29:25.039+0000] {logging_mixin.py:190} INFO - [2024-10-23T04:29:25.039+0000] {dag.py:4180} INFO - Setting next_dagrun for example_external_task_marker_parent to None, run_after=None
[2024-10-23T04:29:25.050+0000] {processor.py:208} INFO - Processing /home/airflow/.local/lib/python3.12/site-packages/airflow/example_dags/example_external_task_marker_dag.py took 0.080 seconds
[2024-10-23T04:29:55.537+0000] {processor.py:186} INFO - Started process (PID=14559) to work on /home/airflow/.local/lib/python3.12/site-packages/airflow/example_dags/example_external_task_marker_dag.py
[2024-10-23T04:29:55.538+0000] {processor.py:914} INFO - Processing file /home/airflow/.local/lib/python3.12/site-packages/airflow/example_dags/example_external_task_marker_dag.py for tasks to queue
[2024-10-23T04:29:55.539+0000] {logging_mixin.py:190} INFO - [2024-10-23T04:29:55.538+0000] {dagbag.py:588} INFO - Filling up the DagBag from /home/airflow/.local/lib/python3.12/site-packages/airflow/example_dags/example_external_task_marker_dag.py
[2024-10-23T04:29:55.545+0000] {processor.py:925} INFO - DAG(s) 'example_external_task_marker_child', 'example_external_task_marker_parent' retrieved from /home/airflow/.local/lib/python3.12/site-packages/airflow/example_dags/example_external_task_marker_dag.py
[2024-10-23T04:29:55.561+0000] {logging_mixin.py:190} INFO - [2024-10-23T04:29:55.561+0000] {dag.py:3239} INFO - Sync 2 DAGs
[2024-10-23T04:29:55.572+0000] {logging_mixin.py:190} INFO - [2024-10-23T04:29:55.572+0000] {dag.py:4180} INFO - Setting next_dagrun for example_external_task_marker_child to None, run_after=None
[2024-10-23T04:29:55.577+0000] {logging_mixin.py:190} INFO - [2024-10-23T04:29:55.577+0000] {dag.py:4180} INFO - Setting next_dagrun for example_external_task_marker_parent to None, run_after=None
[2024-10-23T04:29:55.589+0000] {processor.py:208} INFO - Processing /home/airflow/.local/lib/python3.12/site-packages/airflow/example_dags/example_external_task_marker_dag.py took 0.057 seconds
[2024-10-23T04:30:26.476+0000] {processor.py:186} INFO - Started process (PID=14622) to work on /home/airflow/.local/lib/python3.12/site-packages/airflow/example_dags/example_external_task_marker_dag.py
[2024-10-23T04:30:26.479+0000] {processor.py:914} INFO - Processing file /home/airflow/.local/lib/python3.12/site-packages/airflow/example_dags/example_external_task_marker_dag.py for tasks to queue
[2024-10-23T04:30:26.480+0000] {logging_mixin.py:190} INFO - [2024-10-23T04:30:26.480+0000] {dagbag.py:588} INFO - Filling up the DagBag from /home/airflow/.local/lib/python3.12/site-packages/airflow/example_dags/example_external_task_marker_dag.py
[2024-10-23T04:30:26.488+0000] {processor.py:925} INFO - DAG(s) 'example_external_task_marker_child', 'example_external_task_marker_parent' retrieved from /home/airflow/.local/lib/python3.12/site-packages/airflow/example_dags/example_external_task_marker_dag.py
[2024-10-23T04:30:26.508+0000] {logging_mixin.py:190} INFO - [2024-10-23T04:30:26.508+0000] {dag.py:3239} INFO - Sync 2 DAGs
[2024-10-23T04:30:26.523+0000] {logging_mixin.py:190} INFO - [2024-10-23T04:30:26.523+0000] {dag.py:4180} INFO - Setting next_dagrun for example_external_task_marker_child to None, run_after=None
[2024-10-23T04:30:26.528+0000] {logging_mixin.py:190} INFO - [2024-10-23T04:30:26.527+0000] {dag.py:4180} INFO - Setting next_dagrun for example_external_task_marker_parent to None, run_after=None
[2024-10-23T04:30:26.544+0000] {processor.py:208} INFO - Processing /home/airflow/.local/lib/python3.12/site-packages/airflow/example_dags/example_external_task_marker_dag.py took 0.075 seconds
[2024-10-23T04:30:57.190+0000] {processor.py:186} INFO - Started process (PID=14685) to work on /home/airflow/.local/lib/python3.12/site-packages/airflow/example_dags/example_external_task_marker_dag.py
[2024-10-23T04:30:57.191+0000] {processor.py:914} INFO - Processing file /home/airflow/.local/lib/python3.12/site-packages/airflow/example_dags/example_external_task_marker_dag.py for tasks to queue
[2024-10-23T04:30:57.192+0000] {logging_mixin.py:190} INFO - [2024-10-23T04:30:57.192+0000] {dagbag.py:588} INFO - Filling up the DagBag from /home/airflow/.local/lib/python3.12/site-packages/airflow/example_dags/example_external_task_marker_dag.py
[2024-10-23T04:30:57.199+0000] {processor.py:925} INFO - DAG(s) 'example_external_task_marker_parent', 'example_external_task_marker_child' retrieved from /home/airflow/.local/lib/python3.12/site-packages/airflow/example_dags/example_external_task_marker_dag.py
[2024-10-23T04:30:57.222+0000] {logging_mixin.py:190} INFO - [2024-10-23T04:30:57.221+0000] {dag.py:3239} INFO - Sync 2 DAGs
[2024-10-23T04:30:57.233+0000] {logging_mixin.py:190} INFO - [2024-10-23T04:30:57.233+0000] {dag.py:4180} INFO - Setting next_dagrun for example_external_task_marker_child to None, run_after=None
[2024-10-23T04:30:57.237+0000] {logging_mixin.py:190} INFO - [2024-10-23T04:30:57.237+0000] {dag.py:4180} INFO - Setting next_dagrun for example_external_task_marker_parent to None, run_after=None
[2024-10-23T04:30:57.251+0000] {processor.py:208} INFO - Processing /home/airflow/.local/lib/python3.12/site-packages/airflow/example_dags/example_external_task_marker_dag.py took 0.066 seconds
[2024-10-23T04:31:27.939+0000] {processor.py:186} INFO - Started process (PID=14748) to work on /home/airflow/.local/lib/python3.12/site-packages/airflow/example_dags/example_external_task_marker_dag.py
[2024-10-23T04:31:27.941+0000] {processor.py:914} INFO - Processing file /home/airflow/.local/lib/python3.12/site-packages/airflow/example_dags/example_external_task_marker_dag.py for tasks to queue
[2024-10-23T04:31:27.943+0000] {logging_mixin.py:190} INFO - [2024-10-23T04:31:27.943+0000] {dagbag.py:588} INFO - Filling up the DagBag from /home/airflow/.local/lib/python3.12/site-packages/airflow/example_dags/example_external_task_marker_dag.py
[2024-10-23T04:31:27.952+0000] {processor.py:925} INFO - DAG(s) 'example_external_task_marker_child', 'example_external_task_marker_parent' retrieved from /home/airflow/.local/lib/python3.12/site-packages/airflow/example_dags/example_external_task_marker_dag.py
[2024-10-23T04:31:27.981+0000] {logging_mixin.py:190} INFO - [2024-10-23T04:31:27.980+0000] {dag.py:3239} INFO - Sync 2 DAGs
[2024-10-23T04:31:28.000+0000] {logging_mixin.py:190} INFO - [2024-10-23T04:31:28.000+0000] {dag.py:4180} INFO - Setting next_dagrun for example_external_task_marker_child to None, run_after=None
[2024-10-23T04:31:28.007+0000] {logging_mixin.py:190} INFO - [2024-10-23T04:31:28.007+0000] {dag.py:4180} INFO - Setting next_dagrun for example_external_task_marker_parent to None, run_after=None
[2024-10-23T04:31:28.023+0000] {processor.py:208} INFO - Processing /home/airflow/.local/lib/python3.12/site-packages/airflow/example_dags/example_external_task_marker_dag.py took 0.090 seconds
[2024-10-23T04:31:59.422+0000] {processor.py:186} INFO - Started process (PID=14810) to work on /home/airflow/.local/lib/python3.12/site-packages/airflow/example_dags/example_external_task_marker_dag.py
[2024-10-23T04:31:59.423+0000] {processor.py:914} INFO - Processing file /home/airflow/.local/lib/python3.12/site-packages/airflow/example_dags/example_external_task_marker_dag.py for tasks to queue
[2024-10-23T04:31:59.425+0000] {logging_mixin.py:190} INFO - [2024-10-23T04:31:59.425+0000] {dagbag.py:588} INFO - Filling up the DagBag from /home/airflow/.local/lib/python3.12/site-packages/airflow/example_dags/example_external_task_marker_dag.py
[2024-10-23T04:31:59.431+0000] {processor.py:925} INFO - DAG(s) 'example_external_task_marker_child', 'example_external_task_marker_parent' retrieved from /home/airflow/.local/lib/python3.12/site-packages/airflow/example_dags/example_external_task_marker_dag.py
[2024-10-23T04:31:59.449+0000] {logging_mixin.py:190} INFO - [2024-10-23T04:31:59.449+0000] {dag.py:3239} INFO - Sync 2 DAGs
[2024-10-23T04:31:59.458+0000] {logging_mixin.py:190} INFO - [2024-10-23T04:31:59.458+0000] {dag.py:4180} INFO - Setting next_dagrun for example_external_task_marker_child to None, run_after=None
[2024-10-23T04:31:59.461+0000] {logging_mixin.py:190} INFO - [2024-10-23T04:31:59.461+0000] {dag.py:4180} INFO - Setting next_dagrun for example_external_task_marker_parent to None, run_after=None
[2024-10-23T04:31:59.481+0000] {processor.py:208} INFO - Processing /home/airflow/.local/lib/python3.12/site-packages/airflow/example_dags/example_external_task_marker_dag.py took 0.064 seconds
[2024-10-23T04:32:30.737+0000] {processor.py:186} INFO - Started process (PID=14873) to work on /home/airflow/.local/lib/python3.12/site-packages/airflow/example_dags/example_external_task_marker_dag.py
[2024-10-23T04:32:30.738+0000] {processor.py:914} INFO - Processing file /home/airflow/.local/lib/python3.12/site-packages/airflow/example_dags/example_external_task_marker_dag.py for tasks to queue
[2024-10-23T04:32:30.741+0000] {logging_mixin.py:190} INFO - [2024-10-23T04:32:30.740+0000] {dagbag.py:588} INFO - Filling up the DagBag from /home/airflow/.local/lib/python3.12/site-packages/airflow/example_dags/example_external_task_marker_dag.py
[2024-10-23T04:32:30.751+0000] {processor.py:925} INFO - DAG(s) 'example_external_task_marker_parent', 'example_external_task_marker_child' retrieved from /home/airflow/.local/lib/python3.12/site-packages/airflow/example_dags/example_external_task_marker_dag.py
[2024-10-23T04:32:30.776+0000] {logging_mixin.py:190} INFO - [2024-10-23T04:32:30.776+0000] {dag.py:3239} INFO - Sync 2 DAGs
[2024-10-23T04:32:30.800+0000] {logging_mixin.py:190} INFO - [2024-10-23T04:32:30.799+0000] {dag.py:4180} INFO - Setting next_dagrun for example_external_task_marker_child to None, run_after=None
[2024-10-23T04:32:30.807+0000] {logging_mixin.py:190} INFO - [2024-10-23T04:32:30.807+0000] {dag.py:4180} INFO - Setting next_dagrun for example_external_task_marker_parent to None, run_after=None
[2024-10-23T04:32:30.826+0000] {processor.py:208} INFO - Processing /home/airflow/.local/lib/python3.12/site-packages/airflow/example_dags/example_external_task_marker_dag.py took 0.096 seconds
[2024-10-23T04:33:02.007+0000] {processor.py:186} INFO - Started process (PID=14936) to work on /home/airflow/.local/lib/python3.12/site-packages/airflow/example_dags/example_external_task_marker_dag.py
[2024-10-23T04:33:02.009+0000] {processor.py:914} INFO - Processing file /home/airflow/.local/lib/python3.12/site-packages/airflow/example_dags/example_external_task_marker_dag.py for tasks to queue
[2024-10-23T04:33:02.011+0000] {logging_mixin.py:190} INFO - [2024-10-23T04:33:02.011+0000] {dagbag.py:588} INFO - Filling up the DagBag from /home/airflow/.local/lib/python3.12/site-packages/airflow/example_dags/example_external_task_marker_dag.py
[2024-10-23T04:33:02.018+0000] {processor.py:925} INFO - DAG(s) 'example_external_task_marker_child', 'example_external_task_marker_parent' retrieved from /home/airflow/.local/lib/python3.12/site-packages/airflow/example_dags/example_external_task_marker_dag.py
[2024-10-23T04:33:02.036+0000] {logging_mixin.py:190} INFO - [2024-10-23T04:33:02.036+0000] {dag.py:3239} INFO - Sync 2 DAGs
[2024-10-23T04:33:02.046+0000] {logging_mixin.py:190} INFO - [2024-10-23T04:33:02.046+0000] {dag.py:4180} INFO - Setting next_dagrun for example_external_task_marker_child to None, run_after=None
[2024-10-23T04:33:02.049+0000] {logging_mixin.py:190} INFO - [2024-10-23T04:33:02.049+0000] {dag.py:4180} INFO - Setting next_dagrun for example_external_task_marker_parent to None, run_after=None
[2024-10-23T04:33:02.062+0000] {processor.py:208} INFO - Processing /home/airflow/.local/lib/python3.12/site-packages/airflow/example_dags/example_external_task_marker_dag.py took 0.059 seconds
[2024-10-23T04:33:32.839+0000] {processor.py:186} INFO - Started process (PID=14999) to work on /home/airflow/.local/lib/python3.12/site-packages/airflow/example_dags/example_external_task_marker_dag.py
[2024-10-23T04:33:32.840+0000] {processor.py:914} INFO - Processing file /home/airflow/.local/lib/python3.12/site-packages/airflow/example_dags/example_external_task_marker_dag.py for tasks to queue
[2024-10-23T04:33:32.841+0000] {logging_mixin.py:190} INFO - [2024-10-23T04:33:32.841+0000] {dagbag.py:588} INFO - Filling up the DagBag from /home/airflow/.local/lib/python3.12/site-packages/airflow/example_dags/example_external_task_marker_dag.py
[2024-10-23T04:33:32.847+0000] {processor.py:925} INFO - DAG(s) 'example_external_task_marker_child', 'example_external_task_marker_parent' retrieved from /home/airflow/.local/lib/python3.12/site-packages/airflow/example_dags/example_external_task_marker_dag.py
[2024-10-23T04:33:32.866+0000] {logging_mixin.py:190} INFO - [2024-10-23T04:33:32.865+0000] {dag.py:3239} INFO - Sync 2 DAGs
[2024-10-23T04:33:32.877+0000] {logging_mixin.py:190} INFO - [2024-10-23T04:33:32.877+0000] {dag.py:4180} INFO - Setting next_dagrun for example_external_task_marker_child to None, run_after=None
[2024-10-23T04:33:32.881+0000] {logging_mixin.py:190} INFO - [2024-10-23T04:33:32.881+0000] {dag.py:4180} INFO - Setting next_dagrun for example_external_task_marker_parent to None, run_after=None
[2024-10-23T04:33:32.892+0000] {processor.py:208} INFO - Processing /home/airflow/.local/lib/python3.12/site-packages/airflow/example_dags/example_external_task_marker_dag.py took 0.057 seconds
[2024-10-23T04:34:03.917+0000] {processor.py:186} INFO - Started process (PID=15062) to work on /home/airflow/.local/lib/python3.12/site-packages/airflow/example_dags/example_external_task_marker_dag.py
[2024-10-23T04:34:03.920+0000] {processor.py:914} INFO - Processing file /home/airflow/.local/lib/python3.12/site-packages/airflow/example_dags/example_external_task_marker_dag.py for tasks to queue
[2024-10-23T04:34:03.921+0000] {logging_mixin.py:190} INFO - [2024-10-23T04:34:03.921+0000] {dagbag.py:588} INFO - Filling up the DagBag from /home/airflow/.local/lib/python3.12/site-packages/airflow/example_dags/example_external_task_marker_dag.py
[2024-10-23T04:34:03.929+0000] {processor.py:925} INFO - DAG(s) 'example_external_task_marker_parent', 'example_external_task_marker_child' retrieved from /home/airflow/.local/lib/python3.12/site-packages/airflow/example_dags/example_external_task_marker_dag.py
[2024-10-23T04:34:03.945+0000] {logging_mixin.py:190} INFO - [2024-10-23T04:34:03.945+0000] {dag.py:3239} INFO - Sync 2 DAGs
[2024-10-23T04:34:03.960+0000] {logging_mixin.py:190} INFO - [2024-10-23T04:34:03.959+0000] {dag.py:4180} INFO - Setting next_dagrun for example_external_task_marker_child to None, run_after=None
[2024-10-23T04:34:03.963+0000] {logging_mixin.py:190} INFO - [2024-10-23T04:34:03.963+0000] {dag.py:4180} INFO - Setting next_dagrun for example_external_task_marker_parent to None, run_after=None
[2024-10-23T04:34:03.972+0000] {processor.py:208} INFO - Processing /home/airflow/.local/lib/python3.12/site-packages/airflow/example_dags/example_external_task_marker_dag.py took 0.061 seconds
[2024-10-23T04:34:35.477+0000] {processor.py:186} INFO - Started process (PID=15125) to work on /home/airflow/.local/lib/python3.12/site-packages/airflow/example_dags/example_external_task_marker_dag.py
[2024-10-23T04:34:35.479+0000] {processor.py:914} INFO - Processing file /home/airflow/.local/lib/python3.12/site-packages/airflow/example_dags/example_external_task_marker_dag.py for tasks to queue
[2024-10-23T04:34:35.481+0000] {logging_mixin.py:190} INFO - [2024-10-23T04:34:35.480+0000] {dagbag.py:588} INFO - Filling up the DagBag from /home/airflow/.local/lib/python3.12/site-packages/airflow/example_dags/example_external_task_marker_dag.py
[2024-10-23T04:34:35.496+0000] {processor.py:925} INFO - DAG(s) 'example_external_task_marker_parent', 'example_external_task_marker_child' retrieved from /home/airflow/.local/lib/python3.12/site-packages/airflow/example_dags/example_external_task_marker_dag.py
[2024-10-23T04:34:35.518+0000] {logging_mixin.py:190} INFO - [2024-10-23T04:34:35.518+0000] {dag.py:3239} INFO - Sync 2 DAGs
[2024-10-23T04:34:35.532+0000] {logging_mixin.py:190} INFO - [2024-10-23T04:34:35.532+0000] {dag.py:4180} INFO - Setting next_dagrun for example_external_task_marker_child to None, run_after=None
[2024-10-23T04:34:35.536+0000] {logging_mixin.py:190} INFO - [2024-10-23T04:34:35.536+0000] {dag.py:4180} INFO - Setting next_dagrun for example_external_task_marker_parent to None, run_after=None
[2024-10-23T04:34:35.547+0000] {processor.py:208} INFO - Processing /home/airflow/.local/lib/python3.12/site-packages/airflow/example_dags/example_external_task_marker_dag.py took 0.077 seconds
[2024-10-23T04:35:07.008+0000] {processor.py:186} INFO - Started process (PID=15188) to work on /home/airflow/.local/lib/python3.12/site-packages/airflow/example_dags/example_external_task_marker_dag.py
[2024-10-23T04:35:07.009+0000] {processor.py:914} INFO - Processing file /home/airflow/.local/lib/python3.12/site-packages/airflow/example_dags/example_external_task_marker_dag.py for tasks to queue
[2024-10-23T04:35:07.010+0000] {logging_mixin.py:190} INFO - [2024-10-23T04:35:07.010+0000] {dagbag.py:588} INFO - Filling up the DagBag from /home/airflow/.local/lib/python3.12/site-packages/airflow/example_dags/example_external_task_marker_dag.py
[2024-10-23T04:35:07.017+0000] {processor.py:925} INFO - DAG(s) 'example_external_task_marker_parent', 'example_external_task_marker_child' retrieved from /home/airflow/.local/lib/python3.12/site-packages/airflow/example_dags/example_external_task_marker_dag.py
[2024-10-23T04:35:07.033+0000] {logging_mixin.py:190} INFO - [2024-10-23T04:35:07.033+0000] {dag.py:3239} INFO - Sync 2 DAGs
[2024-10-23T04:35:07.045+0000] {logging_mixin.py:190} INFO - [2024-10-23T04:35:07.045+0000] {dag.py:4180} INFO - Setting next_dagrun for example_external_task_marker_child to None, run_after=None
[2024-10-23T04:35:07.047+0000] {logging_mixin.py:190} INFO - [2024-10-23T04:35:07.047+0000] {dag.py:4180} INFO - Setting next_dagrun for example_external_task_marker_parent to None, run_after=None
[2024-10-23T04:35:07.060+0000] {processor.py:208} INFO - Processing /home/airflow/.local/lib/python3.12/site-packages/airflow/example_dags/example_external_task_marker_dag.py took 0.058 seconds
[2024-10-23T04:35:38.414+0000] {processor.py:186} INFO - Started process (PID=15254) to work on /home/airflow/.local/lib/python3.12/site-packages/airflow/example_dags/example_external_task_marker_dag.py
[2024-10-23T04:35:38.415+0000] {processor.py:914} INFO - Processing file /home/airflow/.local/lib/python3.12/site-packages/airflow/example_dags/example_external_task_marker_dag.py for tasks to queue
[2024-10-23T04:35:38.416+0000] {logging_mixin.py:190} INFO - [2024-10-23T04:35:38.416+0000] {dagbag.py:588} INFO - Filling up the DagBag from /home/airflow/.local/lib/python3.12/site-packages/airflow/example_dags/example_external_task_marker_dag.py
[2024-10-23T04:35:38.422+0000] {processor.py:925} INFO - DAG(s) 'example_external_task_marker_parent', 'example_external_task_marker_child' retrieved from /home/airflow/.local/lib/python3.12/site-packages/airflow/example_dags/example_external_task_marker_dag.py
[2024-10-23T04:35:38.449+0000] {logging_mixin.py:190} INFO - [2024-10-23T04:35:38.449+0000] {dag.py:3239} INFO - Sync 2 DAGs
[2024-10-23T04:35:38.484+0000] {logging_mixin.py:190} INFO - [2024-10-23T04:35:38.484+0000] {dag.py:4180} INFO - Setting next_dagrun for example_external_task_marker_child to None, run_after=None
[2024-10-23T04:35:38.489+0000] {logging_mixin.py:190} INFO - [2024-10-23T04:35:38.488+0000] {dag.py:4180} INFO - Setting next_dagrun for example_external_task_marker_parent to None, run_after=None
[2024-10-23T04:35:38.514+0000] {processor.py:208} INFO - Processing /home/airflow/.local/lib/python3.12/site-packages/airflow/example_dags/example_external_task_marker_dag.py took 0.111 seconds
[2024-10-23T04:36:09.472+0000] {processor.py:186} INFO - Started process (PID=15319) to work on /home/airflow/.local/lib/python3.12/site-packages/airflow/example_dags/example_external_task_marker_dag.py
[2024-10-23T04:36:09.474+0000] {processor.py:914} INFO - Processing file /home/airflow/.local/lib/python3.12/site-packages/airflow/example_dags/example_external_task_marker_dag.py for tasks to queue
[2024-10-23T04:36:09.476+0000] {logging_mixin.py:190} INFO - [2024-10-23T04:36:09.475+0000] {dagbag.py:588} INFO - Filling up the DagBag from /home/airflow/.local/lib/python3.12/site-packages/airflow/example_dags/example_external_task_marker_dag.py
[2024-10-23T04:36:09.482+0000] {processor.py:925} INFO - DAG(s) 'example_external_task_marker_parent', 'example_external_task_marker_child' retrieved from /home/airflow/.local/lib/python3.12/site-packages/airflow/example_dags/example_external_task_marker_dag.py
[2024-10-23T04:36:09.499+0000] {logging_mixin.py:190} INFO - [2024-10-23T04:36:09.499+0000] {dag.py:3239} INFO - Sync 2 DAGs
[2024-10-23T04:36:09.511+0000] {logging_mixin.py:190} INFO - [2024-10-23T04:36:09.511+0000] {dag.py:4180} INFO - Setting next_dagrun for example_external_task_marker_child to None, run_after=None
[2024-10-23T04:36:09.514+0000] {logging_mixin.py:190} INFO - [2024-10-23T04:36:09.514+0000] {dag.py:4180} INFO - Setting next_dagrun for example_external_task_marker_parent to None, run_after=None
[2024-10-23T04:36:09.525+0000] {processor.py:208} INFO - Processing /home/airflow/.local/lib/python3.12/site-packages/airflow/example_dags/example_external_task_marker_dag.py took 0.059 seconds
[2024-10-23T04:36:40.340+0000] {processor.py:186} INFO - Started process (PID=15383) to work on /home/airflow/.local/lib/python3.12/site-packages/airflow/example_dags/example_external_task_marker_dag.py
[2024-10-23T04:36:40.341+0000] {processor.py:914} INFO - Processing file /home/airflow/.local/lib/python3.12/site-packages/airflow/example_dags/example_external_task_marker_dag.py for tasks to queue
[2024-10-23T04:36:40.343+0000] {logging_mixin.py:190} INFO - [2024-10-23T04:36:40.343+0000] {dagbag.py:588} INFO - Filling up the DagBag from /home/airflow/.local/lib/python3.12/site-packages/airflow/example_dags/example_external_task_marker_dag.py
[2024-10-23T04:36:40.349+0000] {processor.py:925} INFO - DAG(s) 'example_external_task_marker_child', 'example_external_task_marker_parent' retrieved from /home/airflow/.local/lib/python3.12/site-packages/airflow/example_dags/example_external_task_marker_dag.py
[2024-10-23T04:36:40.377+0000] {logging_mixin.py:190} INFO - [2024-10-23T04:36:40.376+0000] {dag.py:3239} INFO - Sync 2 DAGs
[2024-10-23T04:36:40.391+0000] {logging_mixin.py:190} INFO - [2024-10-23T04:36:40.391+0000] {dag.py:4180} INFO - Setting next_dagrun for example_external_task_marker_child to None, run_after=None
[2024-10-23T04:36:40.400+0000] {logging_mixin.py:190} INFO - [2024-10-23T04:36:40.400+0000] {dag.py:4180} INFO - Setting next_dagrun for example_external_task_marker_parent to None, run_after=None
[2024-10-23T04:36:40.410+0000] {processor.py:208} INFO - Processing /home/airflow/.local/lib/python3.12/site-packages/airflow/example_dags/example_external_task_marker_dag.py took 0.078 seconds
[2024-10-23T04:37:12.049+0000] {processor.py:186} INFO - Started process (PID=15446) to work on /home/airflow/.local/lib/python3.12/site-packages/airflow/example_dags/example_external_task_marker_dag.py
[2024-10-23T04:37:12.051+0000] {processor.py:914} INFO - Processing file /home/airflow/.local/lib/python3.12/site-packages/airflow/example_dags/example_external_task_marker_dag.py for tasks to queue
[2024-10-23T04:37:12.053+0000] {logging_mixin.py:190} INFO - [2024-10-23T04:37:12.052+0000] {dagbag.py:588} INFO - Filling up the DagBag from /home/airflow/.local/lib/python3.12/site-packages/airflow/example_dags/example_external_task_marker_dag.py
[2024-10-23T04:37:12.076+0000] {processor.py:925} INFO - DAG(s) 'example_external_task_marker_child', 'example_external_task_marker_parent' retrieved from /home/airflow/.local/lib/python3.12/site-packages/airflow/example_dags/example_external_task_marker_dag.py
[2024-10-23T04:37:12.112+0000] {logging_mixin.py:190} INFO - [2024-10-23T04:37:12.111+0000] {dag.py:3239} INFO - Sync 2 DAGs
[2024-10-23T04:37:12.205+0000] {logging_mixin.py:190} INFO - [2024-10-23T04:37:12.204+0000] {dag.py:4180} INFO - Setting next_dagrun for example_external_task_marker_child to None, run_after=None
[2024-10-23T04:37:12.212+0000] {logging_mixin.py:190} INFO - [2024-10-23T04:37:12.212+0000] {dag.py:4180} INFO - Setting next_dagrun for example_external_task_marker_parent to None, run_after=None
[2024-10-23T04:37:12.240+0000] {processor.py:208} INFO - Processing /home/airflow/.local/lib/python3.12/site-packages/airflow/example_dags/example_external_task_marker_dag.py took 0.203 seconds
[2024-10-23T04:37:44.414+0000] {processor.py:186} INFO - Started process (PID=15509) to work on /home/airflow/.local/lib/python3.12/site-packages/airflow/example_dags/example_external_task_marker_dag.py
[2024-10-23T04:37:44.417+0000] {processor.py:914} INFO - Processing file /home/airflow/.local/lib/python3.12/site-packages/airflow/example_dags/example_external_task_marker_dag.py for tasks to queue
[2024-10-23T04:37:44.420+0000] {logging_mixin.py:190} INFO - [2024-10-23T04:37:44.420+0000] {dagbag.py:588} INFO - Filling up the DagBag from /home/airflow/.local/lib/python3.12/site-packages/airflow/example_dags/example_external_task_marker_dag.py
[2024-10-23T04:37:44.433+0000] {processor.py:925} INFO - DAG(s) 'example_external_task_marker_parent', 'example_external_task_marker_child' retrieved from /home/airflow/.local/lib/python3.12/site-packages/airflow/example_dags/example_external_task_marker_dag.py
[2024-10-23T04:37:44.458+0000] {logging_mixin.py:190} INFO - [2024-10-23T04:37:44.457+0000] {dag.py:3239} INFO - Sync 2 DAGs
[2024-10-23T04:37:44.475+0000] {logging_mixin.py:190} INFO - [2024-10-23T04:37:44.475+0000] {dag.py:4180} INFO - Setting next_dagrun for example_external_task_marker_child to None, run_after=None
[2024-10-23T04:37:44.479+0000] {logging_mixin.py:190} INFO - [2024-10-23T04:37:44.479+0000] {dag.py:4180} INFO - Setting next_dagrun for example_external_task_marker_parent to None, run_after=None
[2024-10-23T04:37:44.497+0000] {processor.py:208} INFO - Processing /home/airflow/.local/lib/python3.12/site-packages/airflow/example_dags/example_external_task_marker_dag.py took 0.093 seconds
[2024-10-23T04:38:15.552+0000] {processor.py:186} INFO - Started process (PID=15572) to work on /home/airflow/.local/lib/python3.12/site-packages/airflow/example_dags/example_external_task_marker_dag.py
[2024-10-23T04:38:15.554+0000] {processor.py:914} INFO - Processing file /home/airflow/.local/lib/python3.12/site-packages/airflow/example_dags/example_external_task_marker_dag.py for tasks to queue
[2024-10-23T04:38:15.555+0000] {logging_mixin.py:190} INFO - [2024-10-23T04:38:15.555+0000] {dagbag.py:588} INFO - Filling up the DagBag from /home/airflow/.local/lib/python3.12/site-packages/airflow/example_dags/example_external_task_marker_dag.py
[2024-10-23T04:38:15.562+0000] {processor.py:925} INFO - DAG(s) 'example_external_task_marker_child', 'example_external_task_marker_parent' retrieved from /home/airflow/.local/lib/python3.12/site-packages/airflow/example_dags/example_external_task_marker_dag.py
[2024-10-23T04:38:15.580+0000] {logging_mixin.py:190} INFO - [2024-10-23T04:38:15.580+0000] {dag.py:3239} INFO - Sync 2 DAGs
[2024-10-23T04:38:15.590+0000] {logging_mixin.py:190} INFO - [2024-10-23T04:38:15.590+0000] {dag.py:4180} INFO - Setting next_dagrun for example_external_task_marker_child to None, run_after=None
[2024-10-23T04:38:15.593+0000] {logging_mixin.py:190} INFO - [2024-10-23T04:38:15.593+0000] {dag.py:4180} INFO - Setting next_dagrun for example_external_task_marker_parent to None, run_after=None
[2024-10-23T04:38:15.606+0000] {processor.py:208} INFO - Processing /home/airflow/.local/lib/python3.12/site-packages/airflow/example_dags/example_external_task_marker_dag.py took 0.061 seconds
[2024-10-23T04:38:48.440+0000] {processor.py:186} INFO - Started process (PID=15641) to work on /home/airflow/.local/lib/python3.12/site-packages/airflow/example_dags/example_external_task_marker_dag.py
[2024-10-23T04:38:48.443+0000] {processor.py:914} INFO - Processing file /home/airflow/.local/lib/python3.12/site-packages/airflow/example_dags/example_external_task_marker_dag.py for tasks to queue
[2024-10-23T04:38:48.444+0000] {logging_mixin.py:190} INFO - [2024-10-23T04:38:48.444+0000] {dagbag.py:588} INFO - Filling up the DagBag from /home/airflow/.local/lib/python3.12/site-packages/airflow/example_dags/example_external_task_marker_dag.py
[2024-10-23T04:38:48.459+0000] {processor.py:925} INFO - DAG(s) 'example_external_task_marker_child', 'example_external_task_marker_parent' retrieved from /home/airflow/.local/lib/python3.12/site-packages/airflow/example_dags/example_external_task_marker_dag.py
[2024-10-23T04:38:48.486+0000] {logging_mixin.py:190} INFO - [2024-10-23T04:38:48.486+0000] {dag.py:3239} INFO - Sync 2 DAGs
[2024-10-23T04:38:48.506+0000] {logging_mixin.py:190} INFO - [2024-10-23T04:38:48.506+0000] {dag.py:4180} INFO - Setting next_dagrun for example_external_task_marker_child to None, run_after=None
[2024-10-23T04:38:48.511+0000] {logging_mixin.py:190} INFO - [2024-10-23T04:38:48.511+0000] {dag.py:4180} INFO - Setting next_dagrun for example_external_task_marker_parent to None, run_after=None
[2024-10-23T04:38:48.528+0000] {processor.py:208} INFO - Processing /home/airflow/.local/lib/python3.12/site-packages/airflow/example_dags/example_external_task_marker_dag.py took 0.098 seconds
[2024-10-23T04:39:19.722+0000] {processor.py:186} INFO - Started process (PID=15704) to work on /home/airflow/.local/lib/python3.12/site-packages/airflow/example_dags/example_external_task_marker_dag.py
[2024-10-23T04:39:19.724+0000] {processor.py:914} INFO - Processing file /home/airflow/.local/lib/python3.12/site-packages/airflow/example_dags/example_external_task_marker_dag.py for tasks to queue
[2024-10-23T04:39:19.725+0000] {logging_mixin.py:190} INFO - [2024-10-23T04:39:19.725+0000] {dagbag.py:588} INFO - Filling up the DagBag from /home/airflow/.local/lib/python3.12/site-packages/airflow/example_dags/example_external_task_marker_dag.py
[2024-10-23T04:39:19.745+0000] {processor.py:925} INFO - DAG(s) 'example_external_task_marker_child', 'example_external_task_marker_parent' retrieved from /home/airflow/.local/lib/python3.12/site-packages/airflow/example_dags/example_external_task_marker_dag.py
[2024-10-23T04:39:19.765+0000] {logging_mixin.py:190} INFO - [2024-10-23T04:39:19.765+0000] {dag.py:3239} INFO - Sync 2 DAGs
[2024-10-23T04:39:19.778+0000] {logging_mixin.py:190} INFO - [2024-10-23T04:39:19.777+0000] {dag.py:4180} INFO - Setting next_dagrun for example_external_task_marker_child to None, run_after=None
[2024-10-23T04:39:19.781+0000] {logging_mixin.py:190} INFO - [2024-10-23T04:39:19.781+0000] {dag.py:4180} INFO - Setting next_dagrun for example_external_task_marker_parent to None, run_after=None
[2024-10-23T04:39:19.805+0000] {processor.py:208} INFO - Processing /home/airflow/.local/lib/python3.12/site-packages/airflow/example_dags/example_external_task_marker_dag.py took 0.091 seconds
[2024-10-23T04:39:50.735+0000] {processor.py:186} INFO - Started process (PID=15767) to work on /home/airflow/.local/lib/python3.12/site-packages/airflow/example_dags/example_external_task_marker_dag.py
[2024-10-23T04:39:50.738+0000] {processor.py:914} INFO - Processing file /home/airflow/.local/lib/python3.12/site-packages/airflow/example_dags/example_external_task_marker_dag.py for tasks to queue
[2024-10-23T04:39:50.741+0000] {logging_mixin.py:190} INFO - [2024-10-23T04:39:50.740+0000] {dagbag.py:588} INFO - Filling up the DagBag from /home/airflow/.local/lib/python3.12/site-packages/airflow/example_dags/example_external_task_marker_dag.py
[2024-10-23T04:39:50.781+0000] {processor.py:925} INFO - DAG(s) 'example_external_task_marker_parent', 'example_external_task_marker_child' retrieved from /home/airflow/.local/lib/python3.12/site-packages/airflow/example_dags/example_external_task_marker_dag.py
[2024-10-23T04:39:50.888+0000] {logging_mixin.py:190} INFO - [2024-10-23T04:39:50.887+0000] {dag.py:3239} INFO - Sync 2 DAGs
[2024-10-23T04:39:50.961+0000] {logging_mixin.py:190} INFO - [2024-10-23T04:39:50.960+0000] {dag.py:4180} INFO - Setting next_dagrun for example_external_task_marker_child to None, run_after=None
[2024-10-23T04:39:50.968+0000] {logging_mixin.py:190} INFO - [2024-10-23T04:39:50.968+0000] {dag.py:4180} INFO - Setting next_dagrun for example_external_task_marker_parent to None, run_after=None
[2024-10-23T04:39:51.013+0000] {processor.py:208} INFO - Processing /home/airflow/.local/lib/python3.12/site-packages/airflow/example_dags/example_external_task_marker_dag.py took 0.294 seconds
[2024-10-23T04:40:21.571+0000] {processor.py:186} INFO - Started process (PID=15830) to work on /home/airflow/.local/lib/python3.12/site-packages/airflow/example_dags/example_external_task_marker_dag.py
[2024-10-23T04:40:21.572+0000] {processor.py:914} INFO - Processing file /home/airflow/.local/lib/python3.12/site-packages/airflow/example_dags/example_external_task_marker_dag.py for tasks to queue
[2024-10-23T04:40:21.573+0000] {logging_mixin.py:190} INFO - [2024-10-23T04:40:21.573+0000] {dagbag.py:588} INFO - Filling up the DagBag from /home/airflow/.local/lib/python3.12/site-packages/airflow/example_dags/example_external_task_marker_dag.py
[2024-10-23T04:40:21.579+0000] {processor.py:925} INFO - DAG(s) 'example_external_task_marker_parent', 'example_external_task_marker_child' retrieved from /home/airflow/.local/lib/python3.12/site-packages/airflow/example_dags/example_external_task_marker_dag.py
[2024-10-23T04:40:21.799+0000] {logging_mixin.py:190} INFO - [2024-10-23T04:40:21.799+0000] {dag.py:3239} INFO - Sync 2 DAGs
[2024-10-23T04:40:21.808+0000] {logging_mixin.py:190} INFO - [2024-10-23T04:40:21.808+0000] {dag.py:4180} INFO - Setting next_dagrun for example_external_task_marker_child to None, run_after=None
[2024-10-23T04:40:21.811+0000] {logging_mixin.py:190} INFO - [2024-10-23T04:40:21.810+0000] {dag.py:4180} INFO - Setting next_dagrun for example_external_task_marker_parent to None, run_after=None
[2024-10-23T04:40:21.819+0000] {processor.py:208} INFO - Processing /home/airflow/.local/lib/python3.12/site-packages/airflow/example_dags/example_external_task_marker_dag.py took 0.252 seconds
[2024-10-23T04:40:52.594+0000] {processor.py:186} INFO - Started process (PID=15893) to work on /home/airflow/.local/lib/python3.12/site-packages/airflow/example_dags/example_external_task_marker_dag.py
[2024-10-23T04:40:52.595+0000] {processor.py:914} INFO - Processing file /home/airflow/.local/lib/python3.12/site-packages/airflow/example_dags/example_external_task_marker_dag.py for tasks to queue
[2024-10-23T04:40:52.596+0000] {logging_mixin.py:190} INFO - [2024-10-23T04:40:52.596+0000] {dagbag.py:588} INFO - Filling up the DagBag from /home/airflow/.local/lib/python3.12/site-packages/airflow/example_dags/example_external_task_marker_dag.py
[2024-10-23T04:40:52.606+0000] {processor.py:925} INFO - DAG(s) 'example_external_task_marker_parent', 'example_external_task_marker_child' retrieved from /home/airflow/.local/lib/python3.12/site-packages/airflow/example_dags/example_external_task_marker_dag.py
[2024-10-23T04:40:52.631+0000] {logging_mixin.py:190} INFO - [2024-10-23T04:40:52.630+0000] {dag.py:3239} INFO - Sync 2 DAGs
[2024-10-23T04:40:52.643+0000] {logging_mixin.py:190} INFO - [2024-10-23T04:40:52.643+0000] {dag.py:4180} INFO - Setting next_dagrun for example_external_task_marker_child to None, run_after=None
[2024-10-23T04:40:52.646+0000] {logging_mixin.py:190} INFO - [2024-10-23T04:40:52.645+0000] {dag.py:4180} INFO - Setting next_dagrun for example_external_task_marker_parent to None, run_after=None
[2024-10-23T04:40:52.660+0000] {processor.py:208} INFO - Processing /home/airflow/.local/lib/python3.12/site-packages/airflow/example_dags/example_external_task_marker_dag.py took 0.070 seconds
[2024-10-23T04:41:23.334+0000] {processor.py:186} INFO - Started process (PID=15956) to work on /home/airflow/.local/lib/python3.12/site-packages/airflow/example_dags/example_external_task_marker_dag.py
[2024-10-23T04:41:23.335+0000] {processor.py:914} INFO - Processing file /home/airflow/.local/lib/python3.12/site-packages/airflow/example_dags/example_external_task_marker_dag.py for tasks to queue
[2024-10-23T04:41:23.337+0000] {logging_mixin.py:190} INFO - [2024-10-23T04:41:23.337+0000] {dagbag.py:588} INFO - Filling up the DagBag from /home/airflow/.local/lib/python3.12/site-packages/airflow/example_dags/example_external_task_marker_dag.py
[2024-10-23T04:41:23.344+0000] {processor.py:925} INFO - DAG(s) 'example_external_task_marker_parent', 'example_external_task_marker_child' retrieved from /home/airflow/.local/lib/python3.12/site-packages/airflow/example_dags/example_external_task_marker_dag.py
[2024-10-23T04:41:23.364+0000] {logging_mixin.py:190} INFO - [2024-10-23T04:41:23.364+0000] {dag.py:3239} INFO - Sync 2 DAGs
[2024-10-23T04:41:23.375+0000] {logging_mixin.py:190} INFO - [2024-10-23T04:41:23.375+0000] {dag.py:4180} INFO - Setting next_dagrun for example_external_task_marker_child to None, run_after=None
[2024-10-23T04:41:23.378+0000] {logging_mixin.py:190} INFO - [2024-10-23T04:41:23.378+0000] {dag.py:4180} INFO - Setting next_dagrun for example_external_task_marker_parent to None, run_after=None
[2024-10-23T04:41:23.397+0000] {processor.py:208} INFO - Processing /home/airflow/.local/lib/python3.12/site-packages/airflow/example_dags/example_external_task_marker_dag.py took 0.069 seconds
[2024-10-23T04:41:54.175+0000] {processor.py:186} INFO - Started process (PID=16019) to work on /home/airflow/.local/lib/python3.12/site-packages/airflow/example_dags/example_external_task_marker_dag.py
[2024-10-23T04:41:54.176+0000] {processor.py:914} INFO - Processing file /home/airflow/.local/lib/python3.12/site-packages/airflow/example_dags/example_external_task_marker_dag.py for tasks to queue
[2024-10-23T04:41:54.177+0000] {logging_mixin.py:190} INFO - [2024-10-23T04:41:54.177+0000] {dagbag.py:588} INFO - Filling up the DagBag from /home/airflow/.local/lib/python3.12/site-packages/airflow/example_dags/example_external_task_marker_dag.py
[2024-10-23T04:41:54.184+0000] {processor.py:925} INFO - DAG(s) 'example_external_task_marker_parent', 'example_external_task_marker_child' retrieved from /home/airflow/.local/lib/python3.12/site-packages/airflow/example_dags/example_external_task_marker_dag.py
[2024-10-23T04:41:54.203+0000] {logging_mixin.py:190} INFO - [2024-10-23T04:41:54.203+0000] {dag.py:3239} INFO - Sync 2 DAGs
[2024-10-23T04:41:54.220+0000] {logging_mixin.py:190} INFO - [2024-10-23T04:41:54.220+0000] {dag.py:4180} INFO - Setting next_dagrun for example_external_task_marker_child to None, run_after=None
[2024-10-23T04:41:54.224+0000] {logging_mixin.py:190} INFO - [2024-10-23T04:41:54.224+0000] {dag.py:4180} INFO - Setting next_dagrun for example_external_task_marker_parent to None, run_after=None
[2024-10-23T04:41:54.242+0000] {processor.py:208} INFO - Processing /home/airflow/.local/lib/python3.12/site-packages/airflow/example_dags/example_external_task_marker_dag.py took 0.073 seconds
[2024-10-23T04:42:25.325+0000] {processor.py:186} INFO - Started process (PID=16082) to work on /home/airflow/.local/lib/python3.12/site-packages/airflow/example_dags/example_external_task_marker_dag.py
[2024-10-23T04:42:25.326+0000] {processor.py:914} INFO - Processing file /home/airflow/.local/lib/python3.12/site-packages/airflow/example_dags/example_external_task_marker_dag.py for tasks to queue
[2024-10-23T04:42:25.327+0000] {logging_mixin.py:190} INFO - [2024-10-23T04:42:25.327+0000] {dagbag.py:588} INFO - Filling up the DagBag from /home/airflow/.local/lib/python3.12/site-packages/airflow/example_dags/example_external_task_marker_dag.py
[2024-10-23T04:42:25.332+0000] {processor.py:925} INFO - DAG(s) 'example_external_task_marker_parent', 'example_external_task_marker_child' retrieved from /home/airflow/.local/lib/python3.12/site-packages/airflow/example_dags/example_external_task_marker_dag.py
[2024-10-23T04:42:25.354+0000] {logging_mixin.py:190} INFO - [2024-10-23T04:42:25.354+0000] {dag.py:3239} INFO - Sync 2 DAGs
[2024-10-23T04:42:25.372+0000] {logging_mixin.py:190} INFO - [2024-10-23T04:42:25.372+0000] {dag.py:4180} INFO - Setting next_dagrun for example_external_task_marker_child to None, run_after=None
[2024-10-23T04:42:25.378+0000] {logging_mixin.py:190} INFO - [2024-10-23T04:42:25.377+0000] {dag.py:4180} INFO - Setting next_dagrun for example_external_task_marker_parent to None, run_after=None
[2024-10-23T04:42:25.397+0000] {processor.py:208} INFO - Processing /home/airflow/.local/lib/python3.12/site-packages/airflow/example_dags/example_external_task_marker_dag.py took 0.076 seconds
[2024-10-23T04:42:56.494+0000] {processor.py:186} INFO - Started process (PID=16145) to work on /home/airflow/.local/lib/python3.12/site-packages/airflow/example_dags/example_external_task_marker_dag.py
[2024-10-23T04:42:56.495+0000] {processor.py:914} INFO - Processing file /home/airflow/.local/lib/python3.12/site-packages/airflow/example_dags/example_external_task_marker_dag.py for tasks to queue
[2024-10-23T04:42:56.496+0000] {logging_mixin.py:190} INFO - [2024-10-23T04:42:56.496+0000] {dagbag.py:588} INFO - Filling up the DagBag from /home/airflow/.local/lib/python3.12/site-packages/airflow/example_dags/example_external_task_marker_dag.py
[2024-10-23T04:42:56.510+0000] {processor.py:925} INFO - DAG(s) 'example_external_task_marker_child', 'example_external_task_marker_parent' retrieved from /home/airflow/.local/lib/python3.12/site-packages/airflow/example_dags/example_external_task_marker_dag.py
[2024-10-23T04:42:56.534+0000] {logging_mixin.py:190} INFO - [2024-10-23T04:42:56.534+0000] {dag.py:3239} INFO - Sync 2 DAGs
[2024-10-23T04:42:56.546+0000] {logging_mixin.py:190} INFO - [2024-10-23T04:42:56.545+0000] {dag.py:4180} INFO - Setting next_dagrun for example_external_task_marker_child to None, run_after=None
[2024-10-23T04:42:56.549+0000] {logging_mixin.py:190} INFO - [2024-10-23T04:42:56.549+0000] {dag.py:4180} INFO - Setting next_dagrun for example_external_task_marker_parent to None, run_after=None
[2024-10-23T04:42:56.566+0000] {processor.py:208} INFO - Processing /home/airflow/.local/lib/python3.12/site-packages/airflow/example_dags/example_external_task_marker_dag.py took 0.076 seconds
[2024-10-23T04:43:27.538+0000] {processor.py:186} INFO - Started process (PID=16208) to work on /home/airflow/.local/lib/python3.12/site-packages/airflow/example_dags/example_external_task_marker_dag.py
[2024-10-23T04:43:27.540+0000] {processor.py:914} INFO - Processing file /home/airflow/.local/lib/python3.12/site-packages/airflow/example_dags/example_external_task_marker_dag.py for tasks to queue
[2024-10-23T04:43:27.541+0000] {logging_mixin.py:190} INFO - [2024-10-23T04:43:27.541+0000] {dagbag.py:588} INFO - Filling up the DagBag from /home/airflow/.local/lib/python3.12/site-packages/airflow/example_dags/example_external_task_marker_dag.py
[2024-10-23T04:43:27.547+0000] {processor.py:925} INFO - DAG(s) 'example_external_task_marker_parent', 'example_external_task_marker_child' retrieved from /home/airflow/.local/lib/python3.12/site-packages/airflow/example_dags/example_external_task_marker_dag.py
[2024-10-23T04:43:27.561+0000] {logging_mixin.py:190} INFO - [2024-10-23T04:43:27.561+0000] {dag.py:3239} INFO - Sync 2 DAGs
[2024-10-23T04:43:27.571+0000] {logging_mixin.py:190} INFO - [2024-10-23T04:43:27.571+0000] {dag.py:4180} INFO - Setting next_dagrun for example_external_task_marker_child to None, run_after=None
[2024-10-23T04:43:27.573+0000] {logging_mixin.py:190} INFO - [2024-10-23T04:43:27.573+0000] {dag.py:4180} INFO - Setting next_dagrun for example_external_task_marker_parent to None, run_after=None
[2024-10-23T04:43:27.586+0000] {processor.py:208} INFO - Processing /home/airflow/.local/lib/python3.12/site-packages/airflow/example_dags/example_external_task_marker_dag.py took 0.053 seconds
[2024-10-23T04:43:58.724+0000] {processor.py:186} INFO - Started process (PID=16271) to work on /home/airflow/.local/lib/python3.12/site-packages/airflow/example_dags/example_external_task_marker_dag.py
[2024-10-23T04:43:58.726+0000] {processor.py:914} INFO - Processing file /home/airflow/.local/lib/python3.12/site-packages/airflow/example_dags/example_external_task_marker_dag.py for tasks to queue
[2024-10-23T04:43:58.727+0000] {logging_mixin.py:190} INFO - [2024-10-23T04:43:58.726+0000] {dagbag.py:588} INFO - Filling up the DagBag from /home/airflow/.local/lib/python3.12/site-packages/airflow/example_dags/example_external_task_marker_dag.py
[2024-10-23T04:43:58.732+0000] {processor.py:925} INFO - DAG(s) 'example_external_task_marker_child', 'example_external_task_marker_parent' retrieved from /home/airflow/.local/lib/python3.12/site-packages/airflow/example_dags/example_external_task_marker_dag.py
[2024-10-23T04:43:58.758+0000] {logging_mixin.py:190} INFO - [2024-10-23T04:43:58.758+0000] {dag.py:3239} INFO - Sync 2 DAGs
[2024-10-23T04:43:58.768+0000] {logging_mixin.py:190} INFO - [2024-10-23T04:43:58.768+0000] {dag.py:4180} INFO - Setting next_dagrun for example_external_task_marker_child to None, run_after=None
[2024-10-23T04:43:58.772+0000] {logging_mixin.py:190} INFO - [2024-10-23T04:43:58.772+0000] {dag.py:4180} INFO - Setting next_dagrun for example_external_task_marker_parent to None, run_after=None
[2024-10-23T04:43:58.783+0000] {processor.py:208} INFO - Processing /home/airflow/.local/lib/python3.12/site-packages/airflow/example_dags/example_external_task_marker_dag.py took 0.066 seconds
[2024-10-23T04:44:29.671+0000] {processor.py:186} INFO - Started process (PID=16334) to work on /home/airflow/.local/lib/python3.12/site-packages/airflow/example_dags/example_external_task_marker_dag.py
[2024-10-23T04:44:29.672+0000] {processor.py:914} INFO - Processing file /home/airflow/.local/lib/python3.12/site-packages/airflow/example_dags/example_external_task_marker_dag.py for tasks to queue
[2024-10-23T04:44:29.673+0000] {logging_mixin.py:190} INFO - [2024-10-23T04:44:29.673+0000] {dagbag.py:588} INFO - Filling up the DagBag from /home/airflow/.local/lib/python3.12/site-packages/airflow/example_dags/example_external_task_marker_dag.py
[2024-10-23T04:44:29.680+0000] {processor.py:925} INFO - DAG(s) 'example_external_task_marker_child', 'example_external_task_marker_parent' retrieved from /home/airflow/.local/lib/python3.12/site-packages/airflow/example_dags/example_external_task_marker_dag.py
[2024-10-23T04:44:29.697+0000] {logging_mixin.py:190} INFO - [2024-10-23T04:44:29.697+0000] {dag.py:3239} INFO - Sync 2 DAGs
[2024-10-23T04:44:29.706+0000] {logging_mixin.py:190} INFO - [2024-10-23T04:44:29.706+0000] {dag.py:4180} INFO - Setting next_dagrun for example_external_task_marker_child to None, run_after=None
[2024-10-23T04:44:29.709+0000] {logging_mixin.py:190} INFO - [2024-10-23T04:44:29.709+0000] {dag.py:4180} INFO - Setting next_dagrun for example_external_task_marker_parent to None, run_after=None
[2024-10-23T04:44:29.721+0000] {processor.py:208} INFO - Processing /home/airflow/.local/lib/python3.12/site-packages/airflow/example_dags/example_external_task_marker_dag.py took 0.054 seconds
[2024-10-23T04:45:00.923+0000] {processor.py:186} INFO - Started process (PID=16397) to work on /home/airflow/.local/lib/python3.12/site-packages/airflow/example_dags/example_external_task_marker_dag.py
[2024-10-23T04:45:00.924+0000] {processor.py:914} INFO - Processing file /home/airflow/.local/lib/python3.12/site-packages/airflow/example_dags/example_external_task_marker_dag.py for tasks to queue
[2024-10-23T04:45:00.925+0000] {logging_mixin.py:190} INFO - [2024-10-23T04:45:00.925+0000] {dagbag.py:588} INFO - Filling up the DagBag from /home/airflow/.local/lib/python3.12/site-packages/airflow/example_dags/example_external_task_marker_dag.py
[2024-10-23T04:45:00.931+0000] {processor.py:925} INFO - DAG(s) 'example_external_task_marker_parent', 'example_external_task_marker_child' retrieved from /home/airflow/.local/lib/python3.12/site-packages/airflow/example_dags/example_external_task_marker_dag.py
[2024-10-23T04:45:00.984+0000] {logging_mixin.py:190} INFO - [2024-10-23T04:45:00.984+0000] {dag.py:3239} INFO - Sync 2 DAGs
[2024-10-23T04:45:00.999+0000] {logging_mixin.py:190} INFO - [2024-10-23T04:45:00.999+0000] {dag.py:4180} INFO - Setting next_dagrun for example_external_task_marker_child to None, run_after=None
[2024-10-23T04:45:01.003+0000] {logging_mixin.py:190} INFO - [2024-10-23T04:45:01.003+0000] {dag.py:4180} INFO - Setting next_dagrun for example_external_task_marker_parent to None, run_after=None
[2024-10-23T04:45:01.015+0000] {processor.py:208} INFO - Processing /home/airflow/.local/lib/python3.12/site-packages/airflow/example_dags/example_external_task_marker_dag.py took 0.096 seconds
[2024-10-23T04:45:32.145+0000] {processor.py:186} INFO - Started process (PID=16460) to work on /home/airflow/.local/lib/python3.12/site-packages/airflow/example_dags/example_external_task_marker_dag.py
[2024-10-23T04:45:32.146+0000] {processor.py:914} INFO - Processing file /home/airflow/.local/lib/python3.12/site-packages/airflow/example_dags/example_external_task_marker_dag.py for tasks to queue
[2024-10-23T04:45:32.146+0000] {logging_mixin.py:190} INFO - [2024-10-23T04:45:32.146+0000] {dagbag.py:588} INFO - Filling up the DagBag from /home/airflow/.local/lib/python3.12/site-packages/airflow/example_dags/example_external_task_marker_dag.py
[2024-10-23T04:45:32.152+0000] {processor.py:925} INFO - DAG(s) 'example_external_task_marker_child', 'example_external_task_marker_parent' retrieved from /home/airflow/.local/lib/python3.12/site-packages/airflow/example_dags/example_external_task_marker_dag.py
[2024-10-23T04:45:32.170+0000] {logging_mixin.py:190} INFO - [2024-10-23T04:45:32.170+0000] {dag.py:3239} INFO - Sync 2 DAGs
[2024-10-23T04:45:32.180+0000] {logging_mixin.py:190} INFO - [2024-10-23T04:45:32.180+0000] {dag.py:4180} INFO - Setting next_dagrun for example_external_task_marker_child to None, run_after=None
[2024-10-23T04:45:32.183+0000] {logging_mixin.py:190} INFO - [2024-10-23T04:45:32.183+0000] {dag.py:4180} INFO - Setting next_dagrun for example_external_task_marker_parent to None, run_after=None
[2024-10-23T04:45:32.193+0000] {processor.py:208} INFO - Processing /home/airflow/.local/lib/python3.12/site-packages/airflow/example_dags/example_external_task_marker_dag.py took 0.052 seconds
[2024-10-23T07:12:06.441+0000] {processor.py:186} INFO - Started process (PID=34471) to work on /home/airflow/.local/lib/python3.12/site-packages/airflow/example_dags/example_external_task_marker_dag.py
[2024-10-23T07:12:06.444+0000] {processor.py:914} INFO - Processing file /home/airflow/.local/lib/python3.12/site-packages/airflow/example_dags/example_external_task_marker_dag.py for tasks to queue
[2024-10-23T07:12:06.448+0000] {logging_mixin.py:190} INFO - [2024-10-23T07:12:06.447+0000] {dagbag.py:588} INFO - Filling up the DagBag from /home/airflow/.local/lib/python3.12/site-packages/airflow/example_dags/example_external_task_marker_dag.py
[2024-10-23T07:12:06.465+0000] {processor.py:925} INFO - DAG(s) 'example_external_task_marker_parent', 'example_external_task_marker_child' retrieved from /home/airflow/.local/lib/python3.12/site-packages/airflow/example_dags/example_external_task_marker_dag.py
[2024-10-23T07:12:06.536+0000] {logging_mixin.py:190} INFO - [2024-10-23T07:12:06.535+0000] {dag.py:3239} INFO - Sync 2 DAGs
[2024-10-23T07:12:06.569+0000] {logging_mixin.py:190} INFO - [2024-10-23T07:12:06.569+0000] {dag.py:4180} INFO - Setting next_dagrun for example_external_task_marker_child to None, run_after=None
[2024-10-23T07:12:06.574+0000] {logging_mixin.py:190} INFO - [2024-10-23T07:12:06.574+0000] {dag.py:4180} INFO - Setting next_dagrun for example_external_task_marker_parent to None, run_after=None
[2024-10-23T07:12:06.593+0000] {processor.py:208} INFO - Processing /home/airflow/.local/lib/python3.12/site-packages/airflow/example_dags/example_external_task_marker_dag.py took 0.168 seconds
[2024-10-23T07:12:37.541+0000] {processor.py:186} INFO - Started process (PID=34534) to work on /home/airflow/.local/lib/python3.12/site-packages/airflow/example_dags/example_external_task_marker_dag.py
[2024-10-23T07:12:37.542+0000] {processor.py:914} INFO - Processing file /home/airflow/.local/lib/python3.12/site-packages/airflow/example_dags/example_external_task_marker_dag.py for tasks to queue
[2024-10-23T07:12:37.543+0000] {logging_mixin.py:190} INFO - [2024-10-23T07:12:37.543+0000] {dagbag.py:588} INFO - Filling up the DagBag from /home/airflow/.local/lib/python3.12/site-packages/airflow/example_dags/example_external_task_marker_dag.py
[2024-10-23T07:12:37.555+0000] {processor.py:925} INFO - DAG(s) 'example_external_task_marker_parent', 'example_external_task_marker_child' retrieved from /home/airflow/.local/lib/python3.12/site-packages/airflow/example_dags/example_external_task_marker_dag.py
[2024-10-23T07:12:37.575+0000] {logging_mixin.py:190} INFO - [2024-10-23T07:12:37.575+0000] {dag.py:3239} INFO - Sync 2 DAGs
[2024-10-23T07:12:37.601+0000] {logging_mixin.py:190} INFO - [2024-10-23T07:12:37.601+0000] {dag.py:4180} INFO - Setting next_dagrun for example_external_task_marker_child to None, run_after=None
[2024-10-23T07:12:37.606+0000] {logging_mixin.py:190} INFO - [2024-10-23T07:12:37.606+0000] {dag.py:4180} INFO - Setting next_dagrun for example_external_task_marker_parent to None, run_after=None
[2024-10-23T07:12:37.620+0000] {processor.py:208} INFO - Processing /home/airflow/.local/lib/python3.12/site-packages/airflow/example_dags/example_external_task_marker_dag.py took 0.084 seconds
[2024-10-23T07:13:07.798+0000] {processor.py:186} INFO - Started process (PID=34597) to work on /home/airflow/.local/lib/python3.12/site-packages/airflow/example_dags/example_external_task_marker_dag.py
[2024-10-23T07:13:07.799+0000] {processor.py:914} INFO - Processing file /home/airflow/.local/lib/python3.12/site-packages/airflow/example_dags/example_external_task_marker_dag.py for tasks to queue
[2024-10-23T07:13:07.800+0000] {logging_mixin.py:190} INFO - [2024-10-23T07:13:07.799+0000] {dagbag.py:588} INFO - Filling up the DagBag from /home/airflow/.local/lib/python3.12/site-packages/airflow/example_dags/example_external_task_marker_dag.py
[2024-10-23T07:13:07.805+0000] {processor.py:925} INFO - DAG(s) 'example_external_task_marker_child', 'example_external_task_marker_parent' retrieved from /home/airflow/.local/lib/python3.12/site-packages/airflow/example_dags/example_external_task_marker_dag.py
[2024-10-23T07:13:07.821+0000] {logging_mixin.py:190} INFO - [2024-10-23T07:13:07.821+0000] {dag.py:3239} INFO - Sync 2 DAGs
[2024-10-23T07:13:07.835+0000] {logging_mixin.py:190} INFO - [2024-10-23T07:13:07.834+0000] {dag.py:4180} INFO - Setting next_dagrun for example_external_task_marker_child to None, run_after=None
[2024-10-23T07:13:07.838+0000] {logging_mixin.py:190} INFO - [2024-10-23T07:13:07.838+0000] {dag.py:4180} INFO - Setting next_dagrun for example_external_task_marker_parent to None, run_after=None
[2024-10-23T07:13:07.850+0000] {processor.py:208} INFO - Processing /home/airflow/.local/lib/python3.12/site-packages/airflow/example_dags/example_external_task_marker_dag.py took 0.056 seconds
[2024-10-23T07:13:38.465+0000] {processor.py:186} INFO - Started process (PID=34660) to work on /home/airflow/.local/lib/python3.12/site-packages/airflow/example_dags/example_external_task_marker_dag.py
[2024-10-23T07:13:38.467+0000] {processor.py:914} INFO - Processing file /home/airflow/.local/lib/python3.12/site-packages/airflow/example_dags/example_external_task_marker_dag.py for tasks to queue
[2024-10-23T07:13:38.468+0000] {logging_mixin.py:190} INFO - [2024-10-23T07:13:38.467+0000] {dagbag.py:588} INFO - Filling up the DagBag from /home/airflow/.local/lib/python3.12/site-packages/airflow/example_dags/example_external_task_marker_dag.py
[2024-10-23T07:13:38.478+0000] {processor.py:925} INFO - DAG(s) 'example_external_task_marker_child', 'example_external_task_marker_parent' retrieved from /home/airflow/.local/lib/python3.12/site-packages/airflow/example_dags/example_external_task_marker_dag.py
[2024-10-23T07:13:38.494+0000] {logging_mixin.py:190} INFO - [2024-10-23T07:13:38.494+0000] {dag.py:3239} INFO - Sync 2 DAGs
[2024-10-23T07:13:38.504+0000] {logging_mixin.py:190} INFO - [2024-10-23T07:13:38.504+0000] {dag.py:4180} INFO - Setting next_dagrun for example_external_task_marker_child to None, run_after=None
[2024-10-23T07:13:38.507+0000] {logging_mixin.py:190} INFO - [2024-10-23T07:13:38.507+0000] {dag.py:4180} INFO - Setting next_dagrun for example_external_task_marker_parent to None, run_after=None
[2024-10-23T07:13:38.517+0000] {processor.py:208} INFO - Processing /home/airflow/.local/lib/python3.12/site-packages/airflow/example_dags/example_external_task_marker_dag.py took 0.058 seconds
[2024-10-23T07:14:08.843+0000] {processor.py:186} INFO - Started process (PID=34723) to work on /home/airflow/.local/lib/python3.12/site-packages/airflow/example_dags/example_external_task_marker_dag.py
[2024-10-23T07:14:08.844+0000] {processor.py:914} INFO - Processing file /home/airflow/.local/lib/python3.12/site-packages/airflow/example_dags/example_external_task_marker_dag.py for tasks to queue
[2024-10-23T07:14:08.845+0000] {logging_mixin.py:190} INFO - [2024-10-23T07:14:08.844+0000] {dagbag.py:588} INFO - Filling up the DagBag from /home/airflow/.local/lib/python3.12/site-packages/airflow/example_dags/example_external_task_marker_dag.py
[2024-10-23T07:14:08.850+0000] {processor.py:925} INFO - DAG(s) 'example_external_task_marker_parent', 'example_external_task_marker_child' retrieved from /home/airflow/.local/lib/python3.12/site-packages/airflow/example_dags/example_external_task_marker_dag.py
[2024-10-23T07:14:08.864+0000] {logging_mixin.py:190} INFO - [2024-10-23T07:14:08.864+0000] {dag.py:3239} INFO - Sync 2 DAGs
[2024-10-23T07:14:08.873+0000] {logging_mixin.py:190} INFO - [2024-10-23T07:14:08.873+0000] {dag.py:4180} INFO - Setting next_dagrun for example_external_task_marker_child to None, run_after=None
[2024-10-23T07:14:08.875+0000] {logging_mixin.py:190} INFO - [2024-10-23T07:14:08.875+0000] {dag.py:4180} INFO - Setting next_dagrun for example_external_task_marker_parent to None, run_after=None
[2024-10-23T07:14:08.884+0000] {processor.py:208} INFO - Processing /home/airflow/.local/lib/python3.12/site-packages/airflow/example_dags/example_external_task_marker_dag.py took 0.045 seconds
[2024-10-23T07:14:40.173+0000] {processor.py:186} INFO - Started process (PID=34786) to work on /home/airflow/.local/lib/python3.12/site-packages/airflow/example_dags/example_external_task_marker_dag.py
[2024-10-23T07:14:40.174+0000] {processor.py:914} INFO - Processing file /home/airflow/.local/lib/python3.12/site-packages/airflow/example_dags/example_external_task_marker_dag.py for tasks to queue
[2024-10-23T07:14:40.175+0000] {logging_mixin.py:190} INFO - [2024-10-23T07:14:40.175+0000] {dagbag.py:588} INFO - Filling up the DagBag from /home/airflow/.local/lib/python3.12/site-packages/airflow/example_dags/example_external_task_marker_dag.py
[2024-10-23T07:14:40.181+0000] {processor.py:925} INFO - DAG(s) 'example_external_task_marker_parent', 'example_external_task_marker_child' retrieved from /home/airflow/.local/lib/python3.12/site-packages/airflow/example_dags/example_external_task_marker_dag.py
[2024-10-23T07:14:40.196+0000] {logging_mixin.py:190} INFO - [2024-10-23T07:14:40.196+0000] {dag.py:3239} INFO - Sync 2 DAGs
[2024-10-23T07:14:40.322+0000] {logging_mixin.py:190} INFO - [2024-10-23T07:14:40.322+0000] {dag.py:4180} INFO - Setting next_dagrun for example_external_task_marker_child to None, run_after=None
[2024-10-23T07:14:40.325+0000] {logging_mixin.py:190} INFO - [2024-10-23T07:14:40.325+0000] {dag.py:4180} INFO - Setting next_dagrun for example_external_task_marker_parent to None, run_after=None
[2024-10-23T07:14:40.335+0000] {processor.py:208} INFO - Processing /home/airflow/.local/lib/python3.12/site-packages/airflow/example_dags/example_external_task_marker_dag.py took 0.166 seconds
[2024-10-23T07:15:11.606+0000] {processor.py:186} INFO - Started process (PID=34849) to work on /home/airflow/.local/lib/python3.12/site-packages/airflow/example_dags/example_external_task_marker_dag.py
[2024-10-23T07:15:11.608+0000] {processor.py:914} INFO - Processing file /home/airflow/.local/lib/python3.12/site-packages/airflow/example_dags/example_external_task_marker_dag.py for tasks to queue
[2024-10-23T07:15:11.609+0000] {logging_mixin.py:190} INFO - [2024-10-23T07:15:11.609+0000] {dagbag.py:588} INFO - Filling up the DagBag from /home/airflow/.local/lib/python3.12/site-packages/airflow/example_dags/example_external_task_marker_dag.py
[2024-10-23T07:15:11.621+0000] {processor.py:925} INFO - DAG(s) 'example_external_task_marker_child', 'example_external_task_marker_parent' retrieved from /home/airflow/.local/lib/python3.12/site-packages/airflow/example_dags/example_external_task_marker_dag.py
[2024-10-23T07:15:11.657+0000] {logging_mixin.py:190} INFO - [2024-10-23T07:15:11.657+0000] {dag.py:3239} INFO - Sync 2 DAGs
[2024-10-23T07:15:11.674+0000] {logging_mixin.py:190} INFO - [2024-10-23T07:15:11.674+0000] {dag.py:4180} INFO - Setting next_dagrun for example_external_task_marker_child to None, run_after=None
[2024-10-23T07:15:12.068+0000] {logging_mixin.py:190} INFO - [2024-10-23T07:15:12.068+0000] {dag.py:4180} INFO - Setting next_dagrun for example_external_task_marker_parent to None, run_after=None
[2024-10-23T07:15:12.082+0000] {processor.py:208} INFO - Processing /home/airflow/.local/lib/python3.12/site-packages/airflow/example_dags/example_external_task_marker_dag.py took 0.484 seconds
[2024-10-23T07:15:42.398+0000] {processor.py:186} INFO - Started process (PID=34912) to work on /home/airflow/.local/lib/python3.12/site-packages/airflow/example_dags/example_external_task_marker_dag.py
[2024-10-23T07:15:42.399+0000] {processor.py:914} INFO - Processing file /home/airflow/.local/lib/python3.12/site-packages/airflow/example_dags/example_external_task_marker_dag.py for tasks to queue
[2024-10-23T07:15:42.400+0000] {logging_mixin.py:190} INFO - [2024-10-23T07:15:42.400+0000] {dagbag.py:588} INFO - Filling up the DagBag from /home/airflow/.local/lib/python3.12/site-packages/airflow/example_dags/example_external_task_marker_dag.py
[2024-10-23T07:15:42.406+0000] {processor.py:925} INFO - DAG(s) 'example_external_task_marker_parent', 'example_external_task_marker_child' retrieved from /home/airflow/.local/lib/python3.12/site-packages/airflow/example_dags/example_external_task_marker_dag.py
[2024-10-23T07:15:42.423+0000] {logging_mixin.py:190} INFO - [2024-10-23T07:15:42.423+0000] {dag.py:3239} INFO - Sync 2 DAGs
[2024-10-23T07:15:42.435+0000] {logging_mixin.py:190} INFO - [2024-10-23T07:15:42.434+0000] {dag.py:4180} INFO - Setting next_dagrun for example_external_task_marker_child to None, run_after=None
[2024-10-23T07:15:42.437+0000] {logging_mixin.py:190} INFO - [2024-10-23T07:15:42.437+0000] {dag.py:4180} INFO - Setting next_dagrun for example_external_task_marker_parent to None, run_after=None
[2024-10-23T07:15:42.447+0000] {processor.py:208} INFO - Processing /home/airflow/.local/lib/python3.12/site-packages/airflow/example_dags/example_external_task_marker_dag.py took 0.054 seconds
[2024-10-23T07:16:12.600+0000] {processor.py:186} INFO - Started process (PID=34975) to work on /home/airflow/.local/lib/python3.12/site-packages/airflow/example_dags/example_external_task_marker_dag.py
[2024-10-23T07:16:12.601+0000] {processor.py:914} INFO - Processing file /home/airflow/.local/lib/python3.12/site-packages/airflow/example_dags/example_external_task_marker_dag.py for tasks to queue
[2024-10-23T07:16:12.602+0000] {logging_mixin.py:190} INFO - [2024-10-23T07:16:12.602+0000] {dagbag.py:588} INFO - Filling up the DagBag from /home/airflow/.local/lib/python3.12/site-packages/airflow/example_dags/example_external_task_marker_dag.py
[2024-10-23T07:16:12.608+0000] {processor.py:925} INFO - DAG(s) 'example_external_task_marker_child', 'example_external_task_marker_parent' retrieved from /home/airflow/.local/lib/python3.12/site-packages/airflow/example_dags/example_external_task_marker_dag.py
[2024-10-23T07:16:12.624+0000] {logging_mixin.py:190} INFO - [2024-10-23T07:16:12.623+0000] {dag.py:3239} INFO - Sync 2 DAGs
[2024-10-23T07:16:12.633+0000] {logging_mixin.py:190} INFO - [2024-10-23T07:16:12.633+0000] {dag.py:4180} INFO - Setting next_dagrun for example_external_task_marker_child to None, run_after=None
[2024-10-23T07:16:12.636+0000] {logging_mixin.py:190} INFO - [2024-10-23T07:16:12.635+0000] {dag.py:4180} INFO - Setting next_dagrun for example_external_task_marker_parent to None, run_after=None
[2024-10-23T07:16:12.645+0000] {processor.py:208} INFO - Processing /home/airflow/.local/lib/python3.12/site-packages/airflow/example_dags/example_external_task_marker_dag.py took 0.049 seconds
[2024-10-23T07:16:43.353+0000] {processor.py:186} INFO - Started process (PID=35038) to work on /home/airflow/.local/lib/python3.12/site-packages/airflow/example_dags/example_external_task_marker_dag.py
[2024-10-23T07:16:43.356+0000] {processor.py:914} INFO - Processing file /home/airflow/.local/lib/python3.12/site-packages/airflow/example_dags/example_external_task_marker_dag.py for tasks to queue
[2024-10-23T07:16:43.357+0000] {logging_mixin.py:190} INFO - [2024-10-23T07:16:43.356+0000] {dagbag.py:588} INFO - Filling up the DagBag from /home/airflow/.local/lib/python3.12/site-packages/airflow/example_dags/example_external_task_marker_dag.py
[2024-10-23T07:16:43.362+0000] {processor.py:925} INFO - DAG(s) 'example_external_task_marker_child', 'example_external_task_marker_parent' retrieved from /home/airflow/.local/lib/python3.12/site-packages/airflow/example_dags/example_external_task_marker_dag.py
[2024-10-23T07:16:43.382+0000] {logging_mixin.py:190} INFO - [2024-10-23T07:16:43.382+0000] {dag.py:3239} INFO - Sync 2 DAGs
[2024-10-23T07:16:43.395+0000] {logging_mixin.py:190} INFO - [2024-10-23T07:16:43.394+0000] {dag.py:4180} INFO - Setting next_dagrun for example_external_task_marker_child to None, run_after=None
[2024-10-23T07:16:43.397+0000] {logging_mixin.py:190} INFO - [2024-10-23T07:16:43.397+0000] {dag.py:4180} INFO - Setting next_dagrun for example_external_task_marker_parent to None, run_after=None
[2024-10-23T07:16:43.413+0000] {processor.py:208} INFO - Processing /home/airflow/.local/lib/python3.12/site-packages/airflow/example_dags/example_external_task_marker_dag.py took 0.064 seconds
[2024-10-23T07:17:14.472+0000] {processor.py:186} INFO - Started process (PID=35101) to work on /home/airflow/.local/lib/python3.12/site-packages/airflow/example_dags/example_external_task_marker_dag.py
[2024-10-23T07:17:14.473+0000] {processor.py:914} INFO - Processing file /home/airflow/.local/lib/python3.12/site-packages/airflow/example_dags/example_external_task_marker_dag.py for tasks to queue
[2024-10-23T07:17:14.474+0000] {logging_mixin.py:190} INFO - [2024-10-23T07:17:14.474+0000] {dagbag.py:588} INFO - Filling up the DagBag from /home/airflow/.local/lib/python3.12/site-packages/airflow/example_dags/example_external_task_marker_dag.py
[2024-10-23T07:17:14.480+0000] {processor.py:925} INFO - DAG(s) 'example_external_task_marker_child', 'example_external_task_marker_parent' retrieved from /home/airflow/.local/lib/python3.12/site-packages/airflow/example_dags/example_external_task_marker_dag.py
[2024-10-23T07:17:14.503+0000] {logging_mixin.py:190} INFO - [2024-10-23T07:17:14.503+0000] {dag.py:3239} INFO - Sync 2 DAGs
[2024-10-23T07:17:14.514+0000] {logging_mixin.py:190} INFO - [2024-10-23T07:17:14.514+0000] {dag.py:4180} INFO - Setting next_dagrun for example_external_task_marker_child to None, run_after=None
[2024-10-23T07:17:14.517+0000] {logging_mixin.py:190} INFO - [2024-10-23T07:17:14.516+0000] {dag.py:4180} INFO - Setting next_dagrun for example_external_task_marker_parent to None, run_after=None
[2024-10-23T07:17:14.526+0000] {processor.py:208} INFO - Processing /home/airflow/.local/lib/python3.12/site-packages/airflow/example_dags/example_external_task_marker_dag.py took 0.063 seconds
[2024-10-23T07:17:45.085+0000] {processor.py:186} INFO - Started process (PID=35164) to work on /home/airflow/.local/lib/python3.12/site-packages/airflow/example_dags/example_external_task_marker_dag.py
[2024-10-23T07:17:45.086+0000] {processor.py:914} INFO - Processing file /home/airflow/.local/lib/python3.12/site-packages/airflow/example_dags/example_external_task_marker_dag.py for tasks to queue
[2024-10-23T07:17:45.087+0000] {logging_mixin.py:190} INFO - [2024-10-23T07:17:45.087+0000] {dagbag.py:588} INFO - Filling up the DagBag from /home/airflow/.local/lib/python3.12/site-packages/airflow/example_dags/example_external_task_marker_dag.py
[2024-10-23T07:17:45.097+0000] {processor.py:925} INFO - DAG(s) 'example_external_task_marker_child', 'example_external_task_marker_parent' retrieved from /home/airflow/.local/lib/python3.12/site-packages/airflow/example_dags/example_external_task_marker_dag.py
[2024-10-23T07:17:45.115+0000] {logging_mixin.py:190} INFO - [2024-10-23T07:17:45.115+0000] {dag.py:3239} INFO - Sync 2 DAGs
[2024-10-23T07:17:45.126+0000] {logging_mixin.py:190} INFO - [2024-10-23T07:17:45.126+0000] {dag.py:4180} INFO - Setting next_dagrun for example_external_task_marker_child to None, run_after=None
[2024-10-23T07:17:45.128+0000] {logging_mixin.py:190} INFO - [2024-10-23T07:17:45.128+0000] {dag.py:4180} INFO - Setting next_dagrun for example_external_task_marker_parent to None, run_after=None
[2024-10-23T07:17:45.139+0000] {processor.py:208} INFO - Processing /home/airflow/.local/lib/python3.12/site-packages/airflow/example_dags/example_external_task_marker_dag.py took 0.059 seconds
[2024-10-23T07:18:15.483+0000] {processor.py:186} INFO - Started process (PID=35227) to work on /home/airflow/.local/lib/python3.12/site-packages/airflow/example_dags/example_external_task_marker_dag.py
[2024-10-23T07:18:15.484+0000] {processor.py:914} INFO - Processing file /home/airflow/.local/lib/python3.12/site-packages/airflow/example_dags/example_external_task_marker_dag.py for tasks to queue
[2024-10-23T07:18:15.484+0000] {logging_mixin.py:190} INFO - [2024-10-23T07:18:15.484+0000] {dagbag.py:588} INFO - Filling up the DagBag from /home/airflow/.local/lib/python3.12/site-packages/airflow/example_dags/example_external_task_marker_dag.py
[2024-10-23T07:18:15.490+0000] {processor.py:925} INFO - DAG(s) 'example_external_task_marker_parent', 'example_external_task_marker_child' retrieved from /home/airflow/.local/lib/python3.12/site-packages/airflow/example_dags/example_external_task_marker_dag.py
[2024-10-23T07:18:15.510+0000] {logging_mixin.py:190} INFO - [2024-10-23T07:18:15.510+0000] {dag.py:3239} INFO - Sync 2 DAGs
[2024-10-23T07:18:15.527+0000] {logging_mixin.py:190} INFO - [2024-10-23T07:18:15.527+0000] {dag.py:4180} INFO - Setting next_dagrun for example_external_task_marker_child to None, run_after=None
[2024-10-23T07:18:15.530+0000] {logging_mixin.py:190} INFO - [2024-10-23T07:18:15.530+0000] {dag.py:4180} INFO - Setting next_dagrun for example_external_task_marker_parent to None, run_after=None
[2024-10-23T07:18:15.541+0000] {processor.py:208} INFO - Processing /home/airflow/.local/lib/python3.12/site-packages/airflow/example_dags/example_external_task_marker_dag.py took 0.064 seconds
[2024-10-23T07:18:46.310+0000] {processor.py:186} INFO - Started process (PID=35290) to work on /home/airflow/.local/lib/python3.12/site-packages/airflow/example_dags/example_external_task_marker_dag.py
[2024-10-23T07:18:46.311+0000] {processor.py:914} INFO - Processing file /home/airflow/.local/lib/python3.12/site-packages/airflow/example_dags/example_external_task_marker_dag.py for tasks to queue
[2024-10-23T07:18:46.313+0000] {logging_mixin.py:190} INFO - [2024-10-23T07:18:46.312+0000] {dagbag.py:588} INFO - Filling up the DagBag from /home/airflow/.local/lib/python3.12/site-packages/airflow/example_dags/example_external_task_marker_dag.py
[2024-10-23T07:18:46.325+0000] {processor.py:925} INFO - DAG(s) 'example_external_task_marker_child', 'example_external_task_marker_parent' retrieved from /home/airflow/.local/lib/python3.12/site-packages/airflow/example_dags/example_external_task_marker_dag.py
[2024-10-23T07:18:46.355+0000] {logging_mixin.py:190} INFO - [2024-10-23T07:18:46.355+0000] {dag.py:3239} INFO - Sync 2 DAGs
[2024-10-23T07:18:46.368+0000] {logging_mixin.py:190} INFO - [2024-10-23T07:18:46.368+0000] {dag.py:4180} INFO - Setting next_dagrun for example_external_task_marker_child to None, run_after=None
[2024-10-23T07:18:46.372+0000] {logging_mixin.py:190} INFO - [2024-10-23T07:18:46.372+0000] {dag.py:4180} INFO - Setting next_dagrun for example_external_task_marker_parent to None, run_after=None
[2024-10-23T07:18:46.383+0000] {processor.py:208} INFO - Processing /home/airflow/.local/lib/python3.12/site-packages/airflow/example_dags/example_external_task_marker_dag.py took 0.082 seconds
[2024-10-23T07:19:16.989+0000] {processor.py:186} INFO - Started process (PID=35355) to work on /home/airflow/.local/lib/python3.12/site-packages/airflow/example_dags/example_external_task_marker_dag.py
[2024-10-23T07:19:16.990+0000] {processor.py:914} INFO - Processing file /home/airflow/.local/lib/python3.12/site-packages/airflow/example_dags/example_external_task_marker_dag.py for tasks to queue
[2024-10-23T07:19:16.991+0000] {logging_mixin.py:190} INFO - [2024-10-23T07:19:16.991+0000] {dagbag.py:588} INFO - Filling up the DagBag from /home/airflow/.local/lib/python3.12/site-packages/airflow/example_dags/example_external_task_marker_dag.py
[2024-10-23T07:19:16.999+0000] {processor.py:925} INFO - DAG(s) 'example_external_task_marker_child', 'example_external_task_marker_parent' retrieved from /home/airflow/.local/lib/python3.12/site-packages/airflow/example_dags/example_external_task_marker_dag.py
[2024-10-23T07:19:17.015+0000] {logging_mixin.py:190} INFO - [2024-10-23T07:19:17.015+0000] {dag.py:3239} INFO - Sync 2 DAGs
[2024-10-23T07:19:17.027+0000] {logging_mixin.py:190} INFO - [2024-10-23T07:19:17.026+0000] {dag.py:4180} INFO - Setting next_dagrun for example_external_task_marker_child to None, run_after=None
[2024-10-23T07:19:17.029+0000] {logging_mixin.py:190} INFO - [2024-10-23T07:19:17.029+0000] {dag.py:4180} INFO - Setting next_dagrun for example_external_task_marker_parent to None, run_after=None
[2024-10-23T07:19:17.038+0000] {processor.py:208} INFO - Processing /home/airflow/.local/lib/python3.12/site-packages/airflow/example_dags/example_external_task_marker_dag.py took 0.053 seconds
[2024-10-23T07:19:47.711+0000] {processor.py:186} INFO - Started process (PID=35419) to work on /home/airflow/.local/lib/python3.12/site-packages/airflow/example_dags/example_external_task_marker_dag.py
[2024-10-23T07:19:47.712+0000] {processor.py:914} INFO - Processing file /home/airflow/.local/lib/python3.12/site-packages/airflow/example_dags/example_external_task_marker_dag.py for tasks to queue
[2024-10-23T07:19:47.713+0000] {logging_mixin.py:190} INFO - [2024-10-23T07:19:47.713+0000] {dagbag.py:588} INFO - Filling up the DagBag from /home/airflow/.local/lib/python3.12/site-packages/airflow/example_dags/example_external_task_marker_dag.py
[2024-10-23T07:19:47.720+0000] {processor.py:925} INFO - DAG(s) 'example_external_task_marker_parent', 'example_external_task_marker_child' retrieved from /home/airflow/.local/lib/python3.12/site-packages/airflow/example_dags/example_external_task_marker_dag.py
[2024-10-23T07:19:47.744+0000] {logging_mixin.py:190} INFO - [2024-10-23T07:19:47.744+0000] {dag.py:3239} INFO - Sync 2 DAGs
[2024-10-23T07:19:47.754+0000] {logging_mixin.py:190} INFO - [2024-10-23T07:19:47.754+0000] {dag.py:4180} INFO - Setting next_dagrun for example_external_task_marker_child to None, run_after=None
[2024-10-23T07:19:47.757+0000] {logging_mixin.py:190} INFO - [2024-10-23T07:19:47.756+0000] {dag.py:4180} INFO - Setting next_dagrun for example_external_task_marker_parent to None, run_after=None
[2024-10-23T07:19:47.766+0000] {processor.py:208} INFO - Processing /home/airflow/.local/lib/python3.12/site-packages/airflow/example_dags/example_external_task_marker_dag.py took 0.070 seconds
