[2024-10-23T02:32:07.943+0000] {processor.py:186} INFO - Started process (PID=13751) to work on /home/airflow/.local/lib/python3.12/site-packages/airflow/example_dags/example_nested_branch_dag.py
[2024-10-23T02:32:07.945+0000] {processor.py:914} INFO - Processing file /home/airflow/.local/lib/python3.12/site-packages/airflow/example_dags/example_nested_branch_dag.py for tasks to queue
[2024-10-23T02:32:07.946+0000] {logging_mixin.py:190} INFO - [2024-10-23T02:32:07.945+0000] {dagbag.py:588} INFO - Filling up the DagBag from /home/airflow/.local/lib/python3.12/site-packages/airflow/example_dags/example_nested_branch_dag.py
[2024-10-23T02:32:07.958+0000] {processor.py:925} INFO - DAG(s) 'example_nested_branch_dag' retrieved from /home/airflow/.local/lib/python3.12/site-packages/airflow/example_dags/example_nested_branch_dag.py
[2024-10-23T02:32:07.980+0000] {logging_mixin.py:190} INFO - [2024-10-23T02:32:07.980+0000] {dag.py:3239} INFO - Sync 1 DAGs
[2024-10-23T02:32:08.000+0000] {logging_mixin.py:190} INFO - [2024-10-23T02:32:08.000+0000] {dag.py:4180} INFO - Setting next_dagrun for example_nested_branch_dag to 2024-10-22 00:00:00+00:00, run_after=2024-10-23 00:00:00+00:00
[2024-10-23T02:32:08.022+0000] {processor.py:208} INFO - Processing /home/airflow/.local/lib/python3.12/site-packages/airflow/example_dags/example_nested_branch_dag.py took 0.084 seconds
[2024-10-23T04:23:45.632+0000] {processor.py:186} INFO - Started process (PID=13814) to work on /home/airflow/.local/lib/python3.12/site-packages/airflow/example_dags/example_nested_branch_dag.py
[2024-10-23T04:23:45.634+0000] {processor.py:914} INFO - Processing file /home/airflow/.local/lib/python3.12/site-packages/airflow/example_dags/example_nested_branch_dag.py for tasks to queue
[2024-10-23T04:23:45.638+0000] {logging_mixin.py:190} INFO - [2024-10-23T04:23:45.638+0000] {dagbag.py:588} INFO - Filling up the DagBag from /home/airflow/.local/lib/python3.12/site-packages/airflow/example_dags/example_nested_branch_dag.py
[2024-10-23T04:23:45.651+0000] {processor.py:925} INFO - DAG(s) 'example_nested_branch_dag' retrieved from /home/airflow/.local/lib/python3.12/site-packages/airflow/example_dags/example_nested_branch_dag.py
[2024-10-23T04:23:45.679+0000] {logging_mixin.py:190} INFO - [2024-10-23T04:23:45.679+0000] {dag.py:3239} INFO - Sync 1 DAGs
[2024-10-23T04:23:45.703+0000] {logging_mixin.py:190} INFO - [2024-10-23T04:23:45.702+0000] {dag.py:4180} INFO - Setting next_dagrun for example_nested_branch_dag to 2024-10-22 00:00:00+00:00, run_after=2024-10-23 00:00:00+00:00
[2024-10-23T04:23:45.719+0000] {processor.py:208} INFO - Processing /home/airflow/.local/lib/python3.12/site-packages/airflow/example_dags/example_nested_branch_dag.py took 0.094 seconds
[2024-10-23T04:24:16.833+0000] {processor.py:186} INFO - Started process (PID=13877) to work on /home/airflow/.local/lib/python3.12/site-packages/airflow/example_dags/example_nested_branch_dag.py
[2024-10-23T04:24:16.834+0000] {processor.py:914} INFO - Processing file /home/airflow/.local/lib/python3.12/site-packages/airflow/example_dags/example_nested_branch_dag.py for tasks to queue
[2024-10-23T04:24:16.836+0000] {logging_mixin.py:190} INFO - [2024-10-23T04:24:16.835+0000] {dagbag.py:588} INFO - Filling up the DagBag from /home/airflow/.local/lib/python3.12/site-packages/airflow/example_dags/example_nested_branch_dag.py
[2024-10-23T04:24:16.845+0000] {processor.py:925} INFO - DAG(s) 'example_nested_branch_dag' retrieved from /home/airflow/.local/lib/python3.12/site-packages/airflow/example_dags/example_nested_branch_dag.py
[2024-10-23T04:24:16.862+0000] {logging_mixin.py:190} INFO - [2024-10-23T04:24:16.862+0000] {dag.py:3239} INFO - Sync 1 DAGs
[2024-10-23T04:24:16.882+0000] {logging_mixin.py:190} INFO - [2024-10-23T04:24:16.882+0000] {dag.py:4180} INFO - Setting next_dagrun for example_nested_branch_dag to 2024-10-22 00:00:00+00:00, run_after=2024-10-23 00:00:00+00:00
[2024-10-23T04:24:16.899+0000] {processor.py:208} INFO - Processing /home/airflow/.local/lib/python3.12/site-packages/airflow/example_dags/example_nested_branch_dag.py took 0.070 seconds
[2024-10-23T04:24:47.353+0000] {processor.py:186} INFO - Started process (PID=13940) to work on /home/airflow/.local/lib/python3.12/site-packages/airflow/example_dags/example_nested_branch_dag.py
[2024-10-23T04:24:47.357+0000] {processor.py:914} INFO - Processing file /home/airflow/.local/lib/python3.12/site-packages/airflow/example_dags/example_nested_branch_dag.py for tasks to queue
[2024-10-23T04:24:47.358+0000] {logging_mixin.py:190} INFO - [2024-10-23T04:24:47.357+0000] {dagbag.py:588} INFO - Filling up the DagBag from /home/airflow/.local/lib/python3.12/site-packages/airflow/example_dags/example_nested_branch_dag.py
[2024-10-23T04:24:47.368+0000] {processor.py:925} INFO - DAG(s) 'example_nested_branch_dag' retrieved from /home/airflow/.local/lib/python3.12/site-packages/airflow/example_dags/example_nested_branch_dag.py
[2024-10-23T04:24:47.395+0000] {logging_mixin.py:190} INFO - [2024-10-23T04:24:47.395+0000] {dag.py:3239} INFO - Sync 1 DAGs
[2024-10-23T04:24:47.413+0000] {logging_mixin.py:190} INFO - [2024-10-23T04:24:47.413+0000] {dag.py:4180} INFO - Setting next_dagrun for example_nested_branch_dag to 2024-10-22 00:00:00+00:00, run_after=2024-10-23 00:00:00+00:00
[2024-10-23T04:24:47.424+0000] {processor.py:208} INFO - Processing /home/airflow/.local/lib/python3.12/site-packages/airflow/example_dags/example_nested_branch_dag.py took 0.076 seconds
[2024-10-23T04:25:17.824+0000] {processor.py:186} INFO - Started process (PID=14003) to work on /home/airflow/.local/lib/python3.12/site-packages/airflow/example_dags/example_nested_branch_dag.py
[2024-10-23T04:25:17.825+0000] {processor.py:914} INFO - Processing file /home/airflow/.local/lib/python3.12/site-packages/airflow/example_dags/example_nested_branch_dag.py for tasks to queue
[2024-10-23T04:25:17.828+0000] {logging_mixin.py:190} INFO - [2024-10-23T04:25:17.827+0000] {dagbag.py:588} INFO - Filling up the DagBag from /home/airflow/.local/lib/python3.12/site-packages/airflow/example_dags/example_nested_branch_dag.py
[2024-10-23T04:25:17.845+0000] {processor.py:925} INFO - DAG(s) 'example_nested_branch_dag' retrieved from /home/airflow/.local/lib/python3.12/site-packages/airflow/example_dags/example_nested_branch_dag.py
[2024-10-23T04:25:17.872+0000] {logging_mixin.py:190} INFO - [2024-10-23T04:25:17.872+0000] {dag.py:3239} INFO - Sync 1 DAGs
[2024-10-23T04:25:17.891+0000] {logging_mixin.py:190} INFO - [2024-10-23T04:25:17.891+0000] {dag.py:4180} INFO - Setting next_dagrun for example_nested_branch_dag to 2024-10-22 00:00:00+00:00, run_after=2024-10-23 00:00:00+00:00
[2024-10-23T04:25:17.907+0000] {processor.py:208} INFO - Processing /home/airflow/.local/lib/python3.12/site-packages/airflow/example_dags/example_nested_branch_dag.py took 0.094 seconds
[2024-10-23T04:25:48.583+0000] {processor.py:186} INFO - Started process (PID=14066) to work on /home/airflow/.local/lib/python3.12/site-packages/airflow/example_dags/example_nested_branch_dag.py
[2024-10-23T04:25:48.585+0000] {processor.py:914} INFO - Processing file /home/airflow/.local/lib/python3.12/site-packages/airflow/example_dags/example_nested_branch_dag.py for tasks to queue
[2024-10-23T04:25:48.586+0000] {logging_mixin.py:190} INFO - [2024-10-23T04:25:48.586+0000] {dagbag.py:588} INFO - Filling up the DagBag from /home/airflow/.local/lib/python3.12/site-packages/airflow/example_dags/example_nested_branch_dag.py
[2024-10-23T04:25:48.598+0000] {processor.py:925} INFO - DAG(s) 'example_nested_branch_dag' retrieved from /home/airflow/.local/lib/python3.12/site-packages/airflow/example_dags/example_nested_branch_dag.py
[2024-10-23T04:25:48.617+0000] {logging_mixin.py:190} INFO - [2024-10-23T04:25:48.617+0000] {dag.py:3239} INFO - Sync 1 DAGs
[2024-10-23T04:25:48.634+0000] {logging_mixin.py:190} INFO - [2024-10-23T04:25:48.634+0000] {dag.py:4180} INFO - Setting next_dagrun for example_nested_branch_dag to 2024-10-22 00:00:00+00:00, run_after=2024-10-23 00:00:00+00:00
[2024-10-23T04:25:48.645+0000] {processor.py:208} INFO - Processing /home/airflow/.local/lib/python3.12/site-packages/airflow/example_dags/example_nested_branch_dag.py took 0.066 seconds
[2024-10-23T04:26:20.295+0000] {processor.py:186} INFO - Started process (PID=14129) to work on /home/airflow/.local/lib/python3.12/site-packages/airflow/example_dags/example_nested_branch_dag.py
[2024-10-23T04:26:20.296+0000] {processor.py:914} INFO - Processing file /home/airflow/.local/lib/python3.12/site-packages/airflow/example_dags/example_nested_branch_dag.py for tasks to queue
[2024-10-23T04:26:20.297+0000] {logging_mixin.py:190} INFO - [2024-10-23T04:26:20.297+0000] {dagbag.py:588} INFO - Filling up the DagBag from /home/airflow/.local/lib/python3.12/site-packages/airflow/example_dags/example_nested_branch_dag.py
[2024-10-23T04:26:20.306+0000] {processor.py:925} INFO - DAG(s) 'example_nested_branch_dag' retrieved from /home/airflow/.local/lib/python3.12/site-packages/airflow/example_dags/example_nested_branch_dag.py
[2024-10-23T04:26:20.324+0000] {logging_mixin.py:190} INFO - [2024-10-23T04:26:20.324+0000] {dag.py:3239} INFO - Sync 1 DAGs
[2024-10-23T04:26:20.342+0000] {logging_mixin.py:190} INFO - [2024-10-23T04:26:20.341+0000] {dag.py:4180} INFO - Setting next_dagrun for example_nested_branch_dag to 2024-10-22 00:00:00+00:00, run_after=2024-10-23 00:00:00+00:00
[2024-10-23T04:26:20.360+0000] {processor.py:208} INFO - Processing /home/airflow/.local/lib/python3.12/site-packages/airflow/example_dags/example_nested_branch_dag.py took 0.070 seconds
[2024-10-23T04:26:50.835+0000] {processor.py:186} INFO - Started process (PID=14192) to work on /home/airflow/.local/lib/python3.12/site-packages/airflow/example_dags/example_nested_branch_dag.py
[2024-10-23T04:26:50.838+0000] {processor.py:914} INFO - Processing file /home/airflow/.local/lib/python3.12/site-packages/airflow/example_dags/example_nested_branch_dag.py for tasks to queue
[2024-10-23T04:26:50.842+0000] {logging_mixin.py:190} INFO - [2024-10-23T04:26:50.841+0000] {dagbag.py:588} INFO - Filling up the DagBag from /home/airflow/.local/lib/python3.12/site-packages/airflow/example_dags/example_nested_branch_dag.py
[2024-10-23T04:26:50.853+0000] {processor.py:925} INFO - DAG(s) 'example_nested_branch_dag' retrieved from /home/airflow/.local/lib/python3.12/site-packages/airflow/example_dags/example_nested_branch_dag.py
[2024-10-23T04:26:50.871+0000] {logging_mixin.py:190} INFO - [2024-10-23T04:26:50.871+0000] {dag.py:3239} INFO - Sync 1 DAGs
[2024-10-23T04:26:50.890+0000] {logging_mixin.py:190} INFO - [2024-10-23T04:26:50.890+0000] {dag.py:4180} INFO - Setting next_dagrun for example_nested_branch_dag to 2024-10-22 00:00:00+00:00, run_after=2024-10-23 00:00:00+00:00
[2024-10-23T04:26:50.902+0000] {processor.py:208} INFO - Processing /home/airflow/.local/lib/python3.12/site-packages/airflow/example_dags/example_nested_branch_dag.py took 0.075 seconds
[2024-10-23T04:27:21.067+0000] {processor.py:186} INFO - Started process (PID=14255) to work on /home/airflow/.local/lib/python3.12/site-packages/airflow/example_dags/example_nested_branch_dag.py
[2024-10-23T04:27:21.068+0000] {processor.py:914} INFO - Processing file /home/airflow/.local/lib/python3.12/site-packages/airflow/example_dags/example_nested_branch_dag.py for tasks to queue
[2024-10-23T04:27:21.069+0000] {logging_mixin.py:190} INFO - [2024-10-23T04:27:21.068+0000] {dagbag.py:588} INFO - Filling up the DagBag from /home/airflow/.local/lib/python3.12/site-packages/airflow/example_dags/example_nested_branch_dag.py
[2024-10-23T04:27:21.077+0000] {processor.py:925} INFO - DAG(s) 'example_nested_branch_dag' retrieved from /home/airflow/.local/lib/python3.12/site-packages/airflow/example_dags/example_nested_branch_dag.py
[2024-10-23T04:27:21.092+0000] {logging_mixin.py:190} INFO - [2024-10-23T04:27:21.091+0000] {dag.py:3239} INFO - Sync 1 DAGs
[2024-10-23T04:27:21.109+0000] {logging_mixin.py:190} INFO - [2024-10-23T04:27:21.108+0000] {dag.py:4180} INFO - Setting next_dagrun for example_nested_branch_dag to 2024-10-22 00:00:00+00:00, run_after=2024-10-23 00:00:00+00:00
[2024-10-23T04:27:21.124+0000] {processor.py:208} INFO - Processing /home/airflow/.local/lib/python3.12/site-packages/airflow/example_dags/example_nested_branch_dag.py took 0.061 seconds
[2024-10-23T04:27:52.629+0000] {processor.py:186} INFO - Started process (PID=14319) to work on /home/airflow/.local/lib/python3.12/site-packages/airflow/example_dags/example_nested_branch_dag.py
[2024-10-23T04:27:52.631+0000] {processor.py:914} INFO - Processing file /home/airflow/.local/lib/python3.12/site-packages/airflow/example_dags/example_nested_branch_dag.py for tasks to queue
[2024-10-23T04:27:52.633+0000] {logging_mixin.py:190} INFO - [2024-10-23T04:27:52.633+0000] {dagbag.py:588} INFO - Filling up the DagBag from /home/airflow/.local/lib/python3.12/site-packages/airflow/example_dags/example_nested_branch_dag.py
[2024-10-23T04:27:52.649+0000] {processor.py:925} INFO - DAG(s) 'example_nested_branch_dag' retrieved from /home/airflow/.local/lib/python3.12/site-packages/airflow/example_dags/example_nested_branch_dag.py
[2024-10-23T04:27:52.686+0000] {logging_mixin.py:190} INFO - [2024-10-23T04:27:52.686+0000] {dag.py:3239} INFO - Sync 1 DAGs
[2024-10-23T04:27:52.716+0000] {logging_mixin.py:190} INFO - [2024-10-23T04:27:52.716+0000] {dag.py:4180} INFO - Setting next_dagrun for example_nested_branch_dag to 2024-10-22 00:00:00+00:00, run_after=2024-10-23 00:00:00+00:00
[2024-10-23T04:27:52.731+0000] {processor.py:208} INFO - Processing /home/airflow/.local/lib/python3.12/site-packages/airflow/example_dags/example_nested_branch_dag.py took 0.116 seconds
[2024-10-23T04:28:24.035+0000] {processor.py:186} INFO - Started process (PID=14382) to work on /home/airflow/.local/lib/python3.12/site-packages/airflow/example_dags/example_nested_branch_dag.py
[2024-10-23T04:28:24.037+0000] {processor.py:914} INFO - Processing file /home/airflow/.local/lib/python3.12/site-packages/airflow/example_dags/example_nested_branch_dag.py for tasks to queue
[2024-10-23T04:28:24.042+0000] {logging_mixin.py:190} INFO - [2024-10-23T04:28:24.042+0000] {dagbag.py:588} INFO - Filling up the DagBag from /home/airflow/.local/lib/python3.12/site-packages/airflow/example_dags/example_nested_branch_dag.py
[2024-10-23T04:28:24.054+0000] {processor.py:925} INFO - DAG(s) 'example_nested_branch_dag' retrieved from /home/airflow/.local/lib/python3.12/site-packages/airflow/example_dags/example_nested_branch_dag.py
[2024-10-23T04:28:24.075+0000] {logging_mixin.py:190} INFO - [2024-10-23T04:28:24.074+0000] {dag.py:3239} INFO - Sync 1 DAGs
[2024-10-23T04:28:24.093+0000] {logging_mixin.py:190} INFO - [2024-10-23T04:28:24.093+0000] {dag.py:4180} INFO - Setting next_dagrun for example_nested_branch_dag to 2024-10-22 00:00:00+00:00, run_after=2024-10-23 00:00:00+00:00
[2024-10-23T04:28:24.105+0000] {processor.py:208} INFO - Processing /home/airflow/.local/lib/python3.12/site-packages/airflow/example_dags/example_nested_branch_dag.py took 0.081 seconds
[2024-10-23T04:28:54.660+0000] {processor.py:186} INFO - Started process (PID=14445) to work on /home/airflow/.local/lib/python3.12/site-packages/airflow/example_dags/example_nested_branch_dag.py
[2024-10-23T04:28:54.662+0000] {processor.py:914} INFO - Processing file /home/airflow/.local/lib/python3.12/site-packages/airflow/example_dags/example_nested_branch_dag.py for tasks to queue
[2024-10-23T04:28:54.666+0000] {logging_mixin.py:190} INFO - [2024-10-23T04:28:54.665+0000] {dagbag.py:588} INFO - Filling up the DagBag from /home/airflow/.local/lib/python3.12/site-packages/airflow/example_dags/example_nested_branch_dag.py
[2024-10-23T04:28:54.678+0000] {processor.py:925} INFO - DAG(s) 'example_nested_branch_dag' retrieved from /home/airflow/.local/lib/python3.12/site-packages/airflow/example_dags/example_nested_branch_dag.py
[2024-10-23T04:28:54.701+0000] {logging_mixin.py:190} INFO - [2024-10-23T04:28:54.700+0000] {dag.py:3239} INFO - Sync 1 DAGs
[2024-10-23T04:28:54.726+0000] {logging_mixin.py:190} INFO - [2024-10-23T04:28:54.726+0000] {dag.py:4180} INFO - Setting next_dagrun for example_nested_branch_dag to 2024-10-22 00:00:00+00:00, run_after=2024-10-23 00:00:00+00:00
[2024-10-23T04:28:54.750+0000] {processor.py:208} INFO - Processing /home/airflow/.local/lib/python3.12/site-packages/airflow/example_dags/example_nested_branch_dag.py took 0.099 seconds
[2024-10-23T04:29:25.919+0000] {processor.py:186} INFO - Started process (PID=14508) to work on /home/airflow/.local/lib/python3.12/site-packages/airflow/example_dags/example_nested_branch_dag.py
[2024-10-23T04:29:25.921+0000] {processor.py:914} INFO - Processing file /home/airflow/.local/lib/python3.12/site-packages/airflow/example_dags/example_nested_branch_dag.py for tasks to queue
[2024-10-23T04:29:25.924+0000] {logging_mixin.py:190} INFO - [2024-10-23T04:29:25.924+0000] {dagbag.py:588} INFO - Filling up the DagBag from /home/airflow/.local/lib/python3.12/site-packages/airflow/example_dags/example_nested_branch_dag.py
[2024-10-23T04:29:25.933+0000] {processor.py:925} INFO - DAG(s) 'example_nested_branch_dag' retrieved from /home/airflow/.local/lib/python3.12/site-packages/airflow/example_dags/example_nested_branch_dag.py
[2024-10-23T04:29:25.956+0000] {logging_mixin.py:190} INFO - [2024-10-23T04:29:25.956+0000] {dag.py:3239} INFO - Sync 1 DAGs
[2024-10-23T04:29:26.008+0000] {logging_mixin.py:190} INFO - [2024-10-23T04:29:26.008+0000] {dag.py:4180} INFO - Setting next_dagrun for example_nested_branch_dag to 2024-10-22 00:00:00+00:00, run_after=2024-10-23 00:00:00+00:00
[2024-10-23T04:29:26.023+0000] {processor.py:208} INFO - Processing /home/airflow/.local/lib/python3.12/site-packages/airflow/example_dags/example_nested_branch_dag.py took 0.110 seconds
[2024-10-23T04:29:56.518+0000] {processor.py:186} INFO - Started process (PID=14571) to work on /home/airflow/.local/lib/python3.12/site-packages/airflow/example_dags/example_nested_branch_dag.py
[2024-10-23T04:29:56.521+0000] {processor.py:914} INFO - Processing file /home/airflow/.local/lib/python3.12/site-packages/airflow/example_dags/example_nested_branch_dag.py for tasks to queue
[2024-10-23T04:29:56.522+0000] {logging_mixin.py:190} INFO - [2024-10-23T04:29:56.522+0000] {dagbag.py:588} INFO - Filling up the DagBag from /home/airflow/.local/lib/python3.12/site-packages/airflow/example_dags/example_nested_branch_dag.py
[2024-10-23T04:29:56.531+0000] {processor.py:925} INFO - DAG(s) 'example_nested_branch_dag' retrieved from /home/airflow/.local/lib/python3.12/site-packages/airflow/example_dags/example_nested_branch_dag.py
[2024-10-23T04:29:56.547+0000] {logging_mixin.py:190} INFO - [2024-10-23T04:29:56.547+0000] {dag.py:3239} INFO - Sync 1 DAGs
[2024-10-23T04:29:56.563+0000] {logging_mixin.py:190} INFO - [2024-10-23T04:29:56.563+0000] {dag.py:4180} INFO - Setting next_dagrun for example_nested_branch_dag to 2024-10-22 00:00:00+00:00, run_after=2024-10-23 00:00:00+00:00
[2024-10-23T04:29:56.577+0000] {processor.py:208} INFO - Processing /home/airflow/.local/lib/python3.12/site-packages/airflow/example_dags/example_nested_branch_dag.py took 0.063 seconds
[2024-10-23T04:30:27.355+0000] {processor.py:186} INFO - Started process (PID=14634) to work on /home/airflow/.local/lib/python3.12/site-packages/airflow/example_dags/example_nested_branch_dag.py
[2024-10-23T04:30:27.356+0000] {processor.py:914} INFO - Processing file /home/airflow/.local/lib/python3.12/site-packages/airflow/example_dags/example_nested_branch_dag.py for tasks to queue
[2024-10-23T04:30:27.357+0000] {logging_mixin.py:190} INFO - [2024-10-23T04:30:27.357+0000] {dagbag.py:588} INFO - Filling up the DagBag from /home/airflow/.local/lib/python3.12/site-packages/airflow/example_dags/example_nested_branch_dag.py
[2024-10-23T04:30:27.366+0000] {processor.py:925} INFO - DAG(s) 'example_nested_branch_dag' retrieved from /home/airflow/.local/lib/python3.12/site-packages/airflow/example_dags/example_nested_branch_dag.py
[2024-10-23T04:30:27.382+0000] {logging_mixin.py:190} INFO - [2024-10-23T04:30:27.382+0000] {dag.py:3239} INFO - Sync 1 DAGs
[2024-10-23T04:30:27.400+0000] {logging_mixin.py:190} INFO - [2024-10-23T04:30:27.400+0000] {dag.py:4180} INFO - Setting next_dagrun for example_nested_branch_dag to 2024-10-22 00:00:00+00:00, run_after=2024-10-23 00:00:00+00:00
[2024-10-23T04:30:27.417+0000] {processor.py:208} INFO - Processing /home/airflow/.local/lib/python3.12/site-packages/airflow/example_dags/example_nested_branch_dag.py took 0.066 seconds
[2024-10-23T04:30:57.925+0000] {processor.py:186} INFO - Started process (PID=14697) to work on /home/airflow/.local/lib/python3.12/site-packages/airflow/example_dags/example_nested_branch_dag.py
[2024-10-23T04:30:57.929+0000] {processor.py:914} INFO - Processing file /home/airflow/.local/lib/python3.12/site-packages/airflow/example_dags/example_nested_branch_dag.py for tasks to queue
[2024-10-23T04:30:57.930+0000] {logging_mixin.py:190} INFO - [2024-10-23T04:30:57.930+0000] {dagbag.py:588} INFO - Filling up the DagBag from /home/airflow/.local/lib/python3.12/site-packages/airflow/example_dags/example_nested_branch_dag.py
[2024-10-23T04:30:57.939+0000] {processor.py:925} INFO - DAG(s) 'example_nested_branch_dag' retrieved from /home/airflow/.local/lib/python3.12/site-packages/airflow/example_dags/example_nested_branch_dag.py
[2024-10-23T04:30:57.956+0000] {logging_mixin.py:190} INFO - [2024-10-23T04:30:57.956+0000] {dag.py:3239} INFO - Sync 1 DAGs
[2024-10-23T04:30:57.977+0000] {logging_mixin.py:190} INFO - [2024-10-23T04:30:57.977+0000] {dag.py:4180} INFO - Setting next_dagrun for example_nested_branch_dag to 2024-10-22 00:00:00+00:00, run_after=2024-10-23 00:00:00+00:00
[2024-10-23T04:30:57.997+0000] {processor.py:208} INFO - Processing /home/airflow/.local/lib/python3.12/site-packages/airflow/example_dags/example_nested_branch_dag.py took 0.076 seconds
[2024-10-23T04:31:28.727+0000] {processor.py:186} INFO - Started process (PID=14760) to work on /home/airflow/.local/lib/python3.12/site-packages/airflow/example_dags/example_nested_branch_dag.py
[2024-10-23T04:31:28.728+0000] {processor.py:914} INFO - Processing file /home/airflow/.local/lib/python3.12/site-packages/airflow/example_dags/example_nested_branch_dag.py for tasks to queue
[2024-10-23T04:31:28.730+0000] {logging_mixin.py:190} INFO - [2024-10-23T04:31:28.730+0000] {dagbag.py:588} INFO - Filling up the DagBag from /home/airflow/.local/lib/python3.12/site-packages/airflow/example_dags/example_nested_branch_dag.py
[2024-10-23T04:31:28.738+0000] {processor.py:925} INFO - DAG(s) 'example_nested_branch_dag' retrieved from /home/airflow/.local/lib/python3.12/site-packages/airflow/example_dags/example_nested_branch_dag.py
[2024-10-23T04:31:28.756+0000] {logging_mixin.py:190} INFO - [2024-10-23T04:31:28.756+0000] {dag.py:3239} INFO - Sync 1 DAGs
[2024-10-23T04:31:28.771+0000] {logging_mixin.py:190} INFO - [2024-10-23T04:31:28.771+0000] {dag.py:4180} INFO - Setting next_dagrun for example_nested_branch_dag to 2024-10-22 00:00:00+00:00, run_after=2024-10-23 00:00:00+00:00
[2024-10-23T04:31:28.782+0000] {processor.py:208} INFO - Processing /home/airflow/.local/lib/python3.12/site-packages/airflow/example_dags/example_nested_branch_dag.py took 0.059 seconds
[2024-10-23T04:32:00.463+0000] {processor.py:186} INFO - Started process (PID=14822) to work on /home/airflow/.local/lib/python3.12/site-packages/airflow/example_dags/example_nested_branch_dag.py
[2024-10-23T04:32:00.464+0000] {processor.py:914} INFO - Processing file /home/airflow/.local/lib/python3.12/site-packages/airflow/example_dags/example_nested_branch_dag.py for tasks to queue
[2024-10-23T04:32:00.465+0000] {logging_mixin.py:190} INFO - [2024-10-23T04:32:00.465+0000] {dagbag.py:588} INFO - Filling up the DagBag from /home/airflow/.local/lib/python3.12/site-packages/airflow/example_dags/example_nested_branch_dag.py
[2024-10-23T04:32:00.473+0000] {processor.py:925} INFO - DAG(s) 'example_nested_branch_dag' retrieved from /home/airflow/.local/lib/python3.12/site-packages/airflow/example_dags/example_nested_branch_dag.py
[2024-10-23T04:32:00.487+0000] {logging_mixin.py:190} INFO - [2024-10-23T04:32:00.487+0000] {dag.py:3239} INFO - Sync 1 DAGs
[2024-10-23T04:32:00.505+0000] {logging_mixin.py:190} INFO - [2024-10-23T04:32:00.504+0000] {dag.py:4180} INFO - Setting next_dagrun for example_nested_branch_dag to 2024-10-22 00:00:00+00:00, run_after=2024-10-23 00:00:00+00:00
[2024-10-23T04:32:00.518+0000] {processor.py:208} INFO - Processing /home/airflow/.local/lib/python3.12/site-packages/airflow/example_dags/example_nested_branch_dag.py took 0.061 seconds
[2024-10-23T04:32:31.905+0000] {processor.py:186} INFO - Started process (PID=14885) to work on /home/airflow/.local/lib/python3.12/site-packages/airflow/example_dags/example_nested_branch_dag.py
[2024-10-23T04:32:31.906+0000] {processor.py:914} INFO - Processing file /home/airflow/.local/lib/python3.12/site-packages/airflow/example_dags/example_nested_branch_dag.py for tasks to queue
[2024-10-23T04:32:31.906+0000] {logging_mixin.py:190} INFO - [2024-10-23T04:32:31.906+0000] {dagbag.py:588} INFO - Filling up the DagBag from /home/airflow/.local/lib/python3.12/site-packages/airflow/example_dags/example_nested_branch_dag.py
[2024-10-23T04:32:31.915+0000] {processor.py:925} INFO - DAG(s) 'example_nested_branch_dag' retrieved from /home/airflow/.local/lib/python3.12/site-packages/airflow/example_dags/example_nested_branch_dag.py
[2024-10-23T04:32:31.933+0000] {logging_mixin.py:190} INFO - [2024-10-23T04:32:31.933+0000] {dag.py:3239} INFO - Sync 1 DAGs
[2024-10-23T04:32:31.952+0000] {logging_mixin.py:190} INFO - [2024-10-23T04:32:31.952+0000] {dag.py:4180} INFO - Setting next_dagrun for example_nested_branch_dag to 2024-10-22 00:00:00+00:00, run_after=2024-10-23 00:00:00+00:00
[2024-10-23T04:32:31.969+0000] {processor.py:208} INFO - Processing /home/airflow/.local/lib/python3.12/site-packages/airflow/example_dags/example_nested_branch_dag.py took 0.069 seconds
[2024-10-23T04:33:02.786+0000] {processor.py:186} INFO - Started process (PID=14948) to work on /home/airflow/.local/lib/python3.12/site-packages/airflow/example_dags/example_nested_branch_dag.py
[2024-10-23T04:33:02.787+0000] {processor.py:914} INFO - Processing file /home/airflow/.local/lib/python3.12/site-packages/airflow/example_dags/example_nested_branch_dag.py for tasks to queue
[2024-10-23T04:33:02.789+0000] {logging_mixin.py:190} INFO - [2024-10-23T04:33:02.788+0000] {dagbag.py:588} INFO - Filling up the DagBag from /home/airflow/.local/lib/python3.12/site-packages/airflow/example_dags/example_nested_branch_dag.py
[2024-10-23T04:33:02.796+0000] {processor.py:925} INFO - DAG(s) 'example_nested_branch_dag' retrieved from /home/airflow/.local/lib/python3.12/site-packages/airflow/example_dags/example_nested_branch_dag.py
[2024-10-23T04:33:02.810+0000] {logging_mixin.py:190} INFO - [2024-10-23T04:33:02.810+0000] {dag.py:3239} INFO - Sync 1 DAGs
[2024-10-23T04:33:02.828+0000] {logging_mixin.py:190} INFO - [2024-10-23T04:33:02.828+0000] {dag.py:4180} INFO - Setting next_dagrun for example_nested_branch_dag to 2024-10-22 00:00:00+00:00, run_after=2024-10-23 00:00:00+00:00
[2024-10-23T04:33:02.841+0000] {processor.py:208} INFO - Processing /home/airflow/.local/lib/python3.12/site-packages/airflow/example_dags/example_nested_branch_dag.py took 0.058 seconds
[2024-10-23T04:33:33.558+0000] {processor.py:186} INFO - Started process (PID=15011) to work on /home/airflow/.local/lib/python3.12/site-packages/airflow/example_dags/example_nested_branch_dag.py
[2024-10-23T04:33:33.560+0000] {processor.py:914} INFO - Processing file /home/airflow/.local/lib/python3.12/site-packages/airflow/example_dags/example_nested_branch_dag.py for tasks to queue
[2024-10-23T04:33:33.562+0000] {logging_mixin.py:190} INFO - [2024-10-23T04:33:33.561+0000] {dagbag.py:588} INFO - Filling up the DagBag from /home/airflow/.local/lib/python3.12/site-packages/airflow/example_dags/example_nested_branch_dag.py
[2024-10-23T04:33:33.570+0000] {processor.py:925} INFO - DAG(s) 'example_nested_branch_dag' retrieved from /home/airflow/.local/lib/python3.12/site-packages/airflow/example_dags/example_nested_branch_dag.py
[2024-10-23T04:33:33.588+0000] {logging_mixin.py:190} INFO - [2024-10-23T04:33:33.587+0000] {dag.py:3239} INFO - Sync 1 DAGs
[2024-10-23T04:33:33.604+0000] {logging_mixin.py:190} INFO - [2024-10-23T04:33:33.604+0000] {dag.py:4180} INFO - Setting next_dagrun for example_nested_branch_dag to 2024-10-22 00:00:00+00:00, run_after=2024-10-23 00:00:00+00:00
[2024-10-23T04:33:33.619+0000] {processor.py:208} INFO - Processing /home/airflow/.local/lib/python3.12/site-packages/airflow/example_dags/example_nested_branch_dag.py took 0.065 seconds
[2024-10-23T04:34:04.604+0000] {processor.py:186} INFO - Started process (PID=15074) to work on /home/airflow/.local/lib/python3.12/site-packages/airflow/example_dags/example_nested_branch_dag.py
[2024-10-23T04:34:04.604+0000] {processor.py:914} INFO - Processing file /home/airflow/.local/lib/python3.12/site-packages/airflow/example_dags/example_nested_branch_dag.py for tasks to queue
[2024-10-23T04:34:04.605+0000] {logging_mixin.py:190} INFO - [2024-10-23T04:34:04.605+0000] {dagbag.py:588} INFO - Filling up the DagBag from /home/airflow/.local/lib/python3.12/site-packages/airflow/example_dags/example_nested_branch_dag.py
[2024-10-23T04:34:04.613+0000] {processor.py:925} INFO - DAG(s) 'example_nested_branch_dag' retrieved from /home/airflow/.local/lib/python3.12/site-packages/airflow/example_dags/example_nested_branch_dag.py
[2024-10-23T04:34:04.628+0000] {logging_mixin.py:190} INFO - [2024-10-23T04:34:04.628+0000] {dag.py:3239} INFO - Sync 1 DAGs
[2024-10-23T04:34:04.646+0000] {logging_mixin.py:190} INFO - [2024-10-23T04:34:04.645+0000] {dag.py:4180} INFO - Setting next_dagrun for example_nested_branch_dag to 2024-10-22 00:00:00+00:00, run_after=2024-10-23 00:00:00+00:00
[2024-10-23T04:34:04.657+0000] {processor.py:208} INFO - Processing /home/airflow/.local/lib/python3.12/site-packages/airflow/example_dags/example_nested_branch_dag.py took 0.058 seconds
[2024-10-23T04:34:36.205+0000] {processor.py:186} INFO - Started process (PID=15137) to work on /home/airflow/.local/lib/python3.12/site-packages/airflow/example_dags/example_nested_branch_dag.py
[2024-10-23T04:34:36.206+0000] {processor.py:914} INFO - Processing file /home/airflow/.local/lib/python3.12/site-packages/airflow/example_dags/example_nested_branch_dag.py for tasks to queue
[2024-10-23T04:34:36.207+0000] {logging_mixin.py:190} INFO - [2024-10-23T04:34:36.207+0000] {dagbag.py:588} INFO - Filling up the DagBag from /home/airflow/.local/lib/python3.12/site-packages/airflow/example_dags/example_nested_branch_dag.py
[2024-10-23T04:34:36.219+0000] {processor.py:925} INFO - DAG(s) 'example_nested_branch_dag' retrieved from /home/airflow/.local/lib/python3.12/site-packages/airflow/example_dags/example_nested_branch_dag.py
[2024-10-23T04:34:36.234+0000] {logging_mixin.py:190} INFO - [2024-10-23T04:34:36.234+0000] {dag.py:3239} INFO - Sync 1 DAGs
[2024-10-23T04:34:36.250+0000] {logging_mixin.py:190} INFO - [2024-10-23T04:34:36.250+0000] {dag.py:4180} INFO - Setting next_dagrun for example_nested_branch_dag to 2024-10-22 00:00:00+00:00, run_after=2024-10-23 00:00:00+00:00
[2024-10-23T04:34:36.260+0000] {processor.py:208} INFO - Processing /home/airflow/.local/lib/python3.12/site-packages/airflow/example_dags/example_nested_branch_dag.py took 0.061 seconds
[2024-10-23T04:35:07.670+0000] {processor.py:186} INFO - Started process (PID=15200) to work on /home/airflow/.local/lib/python3.12/site-packages/airflow/example_dags/example_nested_branch_dag.py
[2024-10-23T04:35:07.671+0000] {processor.py:914} INFO - Processing file /home/airflow/.local/lib/python3.12/site-packages/airflow/example_dags/example_nested_branch_dag.py for tasks to queue
[2024-10-23T04:35:07.672+0000] {logging_mixin.py:190} INFO - [2024-10-23T04:35:07.672+0000] {dagbag.py:588} INFO - Filling up the DagBag from /home/airflow/.local/lib/python3.12/site-packages/airflow/example_dags/example_nested_branch_dag.py
[2024-10-23T04:35:07.681+0000] {processor.py:925} INFO - DAG(s) 'example_nested_branch_dag' retrieved from /home/airflow/.local/lib/python3.12/site-packages/airflow/example_dags/example_nested_branch_dag.py
[2024-10-23T04:35:07.698+0000] {logging_mixin.py:190} INFO - [2024-10-23T04:35:07.698+0000] {dag.py:3239} INFO - Sync 1 DAGs
[2024-10-23T04:35:07.716+0000] {logging_mixin.py:190} INFO - [2024-10-23T04:35:07.716+0000] {dag.py:4180} INFO - Setting next_dagrun for example_nested_branch_dag to 2024-10-22 00:00:00+00:00, run_after=2024-10-23 00:00:00+00:00
[2024-10-23T04:35:07.728+0000] {processor.py:208} INFO - Processing /home/airflow/.local/lib/python3.12/site-packages/airflow/example_dags/example_nested_branch_dag.py took 0.063 seconds
[2024-10-23T04:35:39.954+0000] {processor.py:186} INFO - Started process (PID=15266) to work on /home/airflow/.local/lib/python3.12/site-packages/airflow/example_dags/example_nested_branch_dag.py
[2024-10-23T04:35:39.959+0000] {processor.py:914} INFO - Processing file /home/airflow/.local/lib/python3.12/site-packages/airflow/example_dags/example_nested_branch_dag.py for tasks to queue
[2024-10-23T04:35:39.961+0000] {logging_mixin.py:190} INFO - [2024-10-23T04:35:39.960+0000] {dagbag.py:588} INFO - Filling up the DagBag from /home/airflow/.local/lib/python3.12/site-packages/airflow/example_dags/example_nested_branch_dag.py
[2024-10-23T04:35:39.970+0000] {processor.py:925} INFO - DAG(s) 'example_nested_branch_dag' retrieved from /home/airflow/.local/lib/python3.12/site-packages/airflow/example_dags/example_nested_branch_dag.py
[2024-10-23T04:35:39.985+0000] {logging_mixin.py:190} INFO - [2024-10-23T04:35:39.985+0000] {dag.py:3239} INFO - Sync 1 DAGs
[2024-10-23T04:35:40.005+0000] {logging_mixin.py:190} INFO - [2024-10-23T04:35:40.005+0000] {dag.py:4180} INFO - Setting next_dagrun for example_nested_branch_dag to 2024-10-22 00:00:00+00:00, run_after=2024-10-23 00:00:00+00:00
[2024-10-23T04:35:40.022+0000] {processor.py:208} INFO - Processing /home/airflow/.local/lib/python3.12/site-packages/airflow/example_dags/example_nested_branch_dag.py took 0.074 seconds
[2024-10-23T04:36:11.350+0000] {processor.py:186} INFO - Started process (PID=15331) to work on /home/airflow/.local/lib/python3.12/site-packages/airflow/example_dags/example_nested_branch_dag.py
[2024-10-23T04:36:11.355+0000] {processor.py:914} INFO - Processing file /home/airflow/.local/lib/python3.12/site-packages/airflow/example_dags/example_nested_branch_dag.py for tasks to queue
[2024-10-23T04:36:11.357+0000] {logging_mixin.py:190} INFO - [2024-10-23T04:36:11.356+0000] {dagbag.py:588} INFO - Filling up the DagBag from /home/airflow/.local/lib/python3.12/site-packages/airflow/example_dags/example_nested_branch_dag.py
[2024-10-23T04:36:11.373+0000] {processor.py:925} INFO - DAG(s) 'example_nested_branch_dag' retrieved from /home/airflow/.local/lib/python3.12/site-packages/airflow/example_dags/example_nested_branch_dag.py
[2024-10-23T04:36:11.405+0000] {logging_mixin.py:190} INFO - [2024-10-23T04:36:11.405+0000] {dag.py:3239} INFO - Sync 1 DAGs
[2024-10-23T04:36:11.433+0000] {logging_mixin.py:190} INFO - [2024-10-23T04:36:11.432+0000] {dag.py:4180} INFO - Setting next_dagrun for example_nested_branch_dag to 2024-10-22 00:00:00+00:00, run_after=2024-10-23 00:00:00+00:00
[2024-10-23T04:36:11.454+0000] {processor.py:208} INFO - Processing /home/airflow/.local/lib/python3.12/site-packages/airflow/example_dags/example_nested_branch_dag.py took 0.110 seconds
[2024-10-23T04:36:42.613+0000] {processor.py:186} INFO - Started process (PID=15395) to work on /home/airflow/.local/lib/python3.12/site-packages/airflow/example_dags/example_nested_branch_dag.py
[2024-10-23T04:36:42.614+0000] {processor.py:914} INFO - Processing file /home/airflow/.local/lib/python3.12/site-packages/airflow/example_dags/example_nested_branch_dag.py for tasks to queue
[2024-10-23T04:36:42.616+0000] {logging_mixin.py:190} INFO - [2024-10-23T04:36:42.615+0000] {dagbag.py:588} INFO - Filling up the DagBag from /home/airflow/.local/lib/python3.12/site-packages/airflow/example_dags/example_nested_branch_dag.py
[2024-10-23T04:36:42.625+0000] {processor.py:925} INFO - DAG(s) 'example_nested_branch_dag' retrieved from /home/airflow/.local/lib/python3.12/site-packages/airflow/example_dags/example_nested_branch_dag.py
[2024-10-23T04:36:42.642+0000] {logging_mixin.py:190} INFO - [2024-10-23T04:36:42.642+0000] {dag.py:3239} INFO - Sync 1 DAGs
[2024-10-23T04:36:42.660+0000] {logging_mixin.py:190} INFO - [2024-10-23T04:36:42.660+0000] {dag.py:4180} INFO - Setting next_dagrun for example_nested_branch_dag to 2024-10-22 00:00:00+00:00, run_after=2024-10-23 00:00:00+00:00
[2024-10-23T04:36:42.675+0000] {processor.py:208} INFO - Processing /home/airflow/.local/lib/python3.12/site-packages/airflow/example_dags/example_nested_branch_dag.py took 0.067 seconds
[2024-10-23T04:37:14.762+0000] {processor.py:186} INFO - Started process (PID=15458) to work on /home/airflow/.local/lib/python3.12/site-packages/airflow/example_dags/example_nested_branch_dag.py
[2024-10-23T04:37:14.763+0000] {processor.py:914} INFO - Processing file /home/airflow/.local/lib/python3.12/site-packages/airflow/example_dags/example_nested_branch_dag.py for tasks to queue
[2024-10-23T04:37:14.764+0000] {logging_mixin.py:190} INFO - [2024-10-23T04:37:14.764+0000] {dagbag.py:588} INFO - Filling up the DagBag from /home/airflow/.local/lib/python3.12/site-packages/airflow/example_dags/example_nested_branch_dag.py
[2024-10-23T04:37:14.778+0000] {processor.py:925} INFO - DAG(s) 'example_nested_branch_dag' retrieved from /home/airflow/.local/lib/python3.12/site-packages/airflow/example_dags/example_nested_branch_dag.py
[2024-10-23T04:37:14.799+0000] {logging_mixin.py:190} INFO - [2024-10-23T04:37:14.799+0000] {dag.py:3239} INFO - Sync 1 DAGs
[2024-10-23T04:37:14.823+0000] {logging_mixin.py:190} INFO - [2024-10-23T04:37:14.823+0000] {dag.py:4180} INFO - Setting next_dagrun for example_nested_branch_dag to 2024-10-22 00:00:00+00:00, run_after=2024-10-23 00:00:00+00:00
[2024-10-23T04:37:14.840+0000] {processor.py:208} INFO - Processing /home/airflow/.local/lib/python3.12/site-packages/airflow/example_dags/example_nested_branch_dag.py took 0.084 seconds
[2024-10-23T04:37:46.409+0000] {processor.py:186} INFO - Started process (PID=15521) to work on /home/airflow/.local/lib/python3.12/site-packages/airflow/example_dags/example_nested_branch_dag.py
[2024-10-23T04:37:46.415+0000] {processor.py:914} INFO - Processing file /home/airflow/.local/lib/python3.12/site-packages/airflow/example_dags/example_nested_branch_dag.py for tasks to queue
[2024-10-23T04:37:46.419+0000] {logging_mixin.py:190} INFO - [2024-10-23T04:37:46.418+0000] {dagbag.py:588} INFO - Filling up the DagBag from /home/airflow/.local/lib/python3.12/site-packages/airflow/example_dags/example_nested_branch_dag.py
[2024-10-23T04:37:46.436+0000] {processor.py:925} INFO - DAG(s) 'example_nested_branch_dag' retrieved from /home/airflow/.local/lib/python3.12/site-packages/airflow/example_dags/example_nested_branch_dag.py
[2024-10-23T04:37:46.457+0000] {logging_mixin.py:190} INFO - [2024-10-23T04:37:46.457+0000] {dag.py:3239} INFO - Sync 1 DAGs
[2024-10-23T04:37:46.481+0000] {logging_mixin.py:190} INFO - [2024-10-23T04:37:46.480+0000] {dag.py:4180} INFO - Setting next_dagrun for example_nested_branch_dag to 2024-10-22 00:00:00+00:00, run_after=2024-10-23 00:00:00+00:00
[2024-10-23T04:37:46.689+0000] {processor.py:208} INFO - Processing /home/airflow/.local/lib/python3.12/site-packages/airflow/example_dags/example_nested_branch_dag.py took 0.288 seconds
[2024-10-23T04:38:17.526+0000] {processor.py:186} INFO - Started process (PID=15584) to work on /home/airflow/.local/lib/python3.12/site-packages/airflow/example_dags/example_nested_branch_dag.py
[2024-10-23T04:38:17.533+0000] {processor.py:914} INFO - Processing file /home/airflow/.local/lib/python3.12/site-packages/airflow/example_dags/example_nested_branch_dag.py for tasks to queue
[2024-10-23T04:38:17.535+0000] {logging_mixin.py:190} INFO - [2024-10-23T04:38:17.534+0000] {dagbag.py:588} INFO - Filling up the DagBag from /home/airflow/.local/lib/python3.12/site-packages/airflow/example_dags/example_nested_branch_dag.py
[2024-10-23T04:38:17.566+0000] {processor.py:925} INFO - DAG(s) 'example_nested_branch_dag' retrieved from /home/airflow/.local/lib/python3.12/site-packages/airflow/example_dags/example_nested_branch_dag.py
[2024-10-23T04:38:17.631+0000] {logging_mixin.py:190} INFO - [2024-10-23T04:38:17.630+0000] {dag.py:3239} INFO - Sync 1 DAGs
[2024-10-23T04:38:17.726+0000] {logging_mixin.py:190} INFO - [2024-10-23T04:38:17.725+0000] {dag.py:4180} INFO - Setting next_dagrun for example_nested_branch_dag to 2024-10-22 00:00:00+00:00, run_after=2024-10-23 00:00:00+00:00
[2024-10-23T04:38:17.764+0000] {processor.py:208} INFO - Processing /home/airflow/.local/lib/python3.12/site-packages/airflow/example_dags/example_nested_branch_dag.py took 0.258 seconds
[2024-10-23T04:38:49.579+0000] {processor.py:186} INFO - Started process (PID=15653) to work on /home/airflow/.local/lib/python3.12/site-packages/airflow/example_dags/example_nested_branch_dag.py
[2024-10-23T04:38:49.580+0000] {processor.py:914} INFO - Processing file /home/airflow/.local/lib/python3.12/site-packages/airflow/example_dags/example_nested_branch_dag.py for tasks to queue
[2024-10-23T04:38:49.581+0000] {logging_mixin.py:190} INFO - [2024-10-23T04:38:49.581+0000] {dagbag.py:588} INFO - Filling up the DagBag from /home/airflow/.local/lib/python3.12/site-packages/airflow/example_dags/example_nested_branch_dag.py
[2024-10-23T04:38:49.589+0000] {processor.py:925} INFO - DAG(s) 'example_nested_branch_dag' retrieved from /home/airflow/.local/lib/python3.12/site-packages/airflow/example_dags/example_nested_branch_dag.py
[2024-10-23T04:38:49.604+0000] {logging_mixin.py:190} INFO - [2024-10-23T04:38:49.604+0000] {dag.py:3239} INFO - Sync 1 DAGs
[2024-10-23T04:38:49.623+0000] {logging_mixin.py:190} INFO - [2024-10-23T04:38:49.623+0000] {dag.py:4180} INFO - Setting next_dagrun for example_nested_branch_dag to 2024-10-22 00:00:00+00:00, run_after=2024-10-23 00:00:00+00:00
[2024-10-23T04:38:49.639+0000] {processor.py:208} INFO - Processing /home/airflow/.local/lib/python3.12/site-packages/airflow/example_dags/example_nested_branch_dag.py took 0.065 seconds
[2024-10-23T04:39:22.124+0000] {processor.py:186} INFO - Started process (PID=15716) to work on /home/airflow/.local/lib/python3.12/site-packages/airflow/example_dags/example_nested_branch_dag.py
[2024-10-23T04:39:22.127+0000] {processor.py:914} INFO - Processing file /home/airflow/.local/lib/python3.12/site-packages/airflow/example_dags/example_nested_branch_dag.py for tasks to queue
[2024-10-23T04:39:22.129+0000] {logging_mixin.py:190} INFO - [2024-10-23T04:39:22.129+0000] {dagbag.py:588} INFO - Filling up the DagBag from /home/airflow/.local/lib/python3.12/site-packages/airflow/example_dags/example_nested_branch_dag.py
[2024-10-23T04:39:22.143+0000] {processor.py:925} INFO - DAG(s) 'example_nested_branch_dag' retrieved from /home/airflow/.local/lib/python3.12/site-packages/airflow/example_dags/example_nested_branch_dag.py
[2024-10-23T04:39:22.175+0000] {logging_mixin.py:190} INFO - [2024-10-23T04:39:22.175+0000] {dag.py:3239} INFO - Sync 1 DAGs
[2024-10-23T04:39:22.217+0000] {logging_mixin.py:190} INFO - [2024-10-23T04:39:22.217+0000] {dag.py:4180} INFO - Setting next_dagrun for example_nested_branch_dag to 2024-10-22 00:00:00+00:00, run_after=2024-10-23 00:00:00+00:00
[2024-10-23T04:39:22.238+0000] {processor.py:208} INFO - Processing /home/airflow/.local/lib/python3.12/site-packages/airflow/example_dags/example_nested_branch_dag.py took 0.122 seconds
[2024-10-23T04:39:53.224+0000] {processor.py:186} INFO - Started process (PID=15779) to work on /home/airflow/.local/lib/python3.12/site-packages/airflow/example_dags/example_nested_branch_dag.py
[2024-10-23T04:39:53.225+0000] {processor.py:914} INFO - Processing file /home/airflow/.local/lib/python3.12/site-packages/airflow/example_dags/example_nested_branch_dag.py for tasks to queue
[2024-10-23T04:39:53.229+0000] {logging_mixin.py:190} INFO - [2024-10-23T04:39:53.229+0000] {dagbag.py:588} INFO - Filling up the DagBag from /home/airflow/.local/lib/python3.12/site-packages/airflow/example_dags/example_nested_branch_dag.py
[2024-10-23T04:39:53.240+0000] {processor.py:925} INFO - DAG(s) 'example_nested_branch_dag' retrieved from /home/airflow/.local/lib/python3.12/site-packages/airflow/example_dags/example_nested_branch_dag.py
[2024-10-23T04:39:53.266+0000] {logging_mixin.py:190} INFO - [2024-10-23T04:39:53.266+0000] {dag.py:3239} INFO - Sync 1 DAGs
[2024-10-23T04:39:53.291+0000] {logging_mixin.py:190} INFO - [2024-10-23T04:39:53.291+0000] {dag.py:4180} INFO - Setting next_dagrun for example_nested_branch_dag to 2024-10-22 00:00:00+00:00, run_after=2024-10-23 00:00:00+00:00
[2024-10-23T04:39:53.307+0000] {processor.py:208} INFO - Processing /home/airflow/.local/lib/python3.12/site-packages/airflow/example_dags/example_nested_branch_dag.py took 0.091 seconds
[2024-10-23T04:40:25.154+0000] {processor.py:186} INFO - Started process (PID=15842) to work on /home/airflow/.local/lib/python3.12/site-packages/airflow/example_dags/example_nested_branch_dag.py
[2024-10-23T04:40:25.156+0000] {processor.py:914} INFO - Processing file /home/airflow/.local/lib/python3.12/site-packages/airflow/example_dags/example_nested_branch_dag.py for tasks to queue
[2024-10-23T04:40:25.157+0000] {logging_mixin.py:190} INFO - [2024-10-23T04:40:25.157+0000] {dagbag.py:588} INFO - Filling up the DagBag from /home/airflow/.local/lib/python3.12/site-packages/airflow/example_dags/example_nested_branch_dag.py
[2024-10-23T04:40:25.178+0000] {processor.py:925} INFO - DAG(s) 'example_nested_branch_dag' retrieved from /home/airflow/.local/lib/python3.12/site-packages/airflow/example_dags/example_nested_branch_dag.py
[2024-10-23T04:40:25.602+0000] {logging_mixin.py:190} INFO - [2024-10-23T04:40:25.602+0000] {dag.py:3239} INFO - Sync 1 DAGs
[2024-10-23T04:40:25.640+0000] {logging_mixin.py:190} INFO - [2024-10-23T04:40:25.640+0000] {dag.py:4180} INFO - Setting next_dagrun for example_nested_branch_dag to 2024-10-22 00:00:00+00:00, run_after=2024-10-23 00:00:00+00:00
[2024-10-23T04:40:25.673+0000] {processor.py:208} INFO - Processing /home/airflow/.local/lib/python3.12/site-packages/airflow/example_dags/example_nested_branch_dag.py took 0.526 seconds
[2024-10-23T04:40:56.311+0000] {processor.py:186} INFO - Started process (PID=15905) to work on /home/airflow/.local/lib/python3.12/site-packages/airflow/example_dags/example_nested_branch_dag.py
[2024-10-23T04:40:56.312+0000] {processor.py:914} INFO - Processing file /home/airflow/.local/lib/python3.12/site-packages/airflow/example_dags/example_nested_branch_dag.py for tasks to queue
[2024-10-23T04:40:56.314+0000] {logging_mixin.py:190} INFO - [2024-10-23T04:40:56.313+0000] {dagbag.py:588} INFO - Filling up the DagBag from /home/airflow/.local/lib/python3.12/site-packages/airflow/example_dags/example_nested_branch_dag.py
[2024-10-23T04:40:56.337+0000] {processor.py:925} INFO - DAG(s) 'example_nested_branch_dag' retrieved from /home/airflow/.local/lib/python3.12/site-packages/airflow/example_dags/example_nested_branch_dag.py
[2024-10-23T04:40:56.362+0000] {logging_mixin.py:190} INFO - [2024-10-23T04:40:56.362+0000] {dag.py:3239} INFO - Sync 1 DAGs
[2024-10-23T04:40:56.388+0000] {logging_mixin.py:190} INFO - [2024-10-23T04:40:56.388+0000] {dag.py:4180} INFO - Setting next_dagrun for example_nested_branch_dag to 2024-10-22 00:00:00+00:00, run_after=2024-10-23 00:00:00+00:00
[2024-10-23T04:40:56.410+0000] {processor.py:208} INFO - Processing /home/airflow/.local/lib/python3.12/site-packages/airflow/example_dags/example_nested_branch_dag.py took 0.106 seconds
[2024-10-23T04:41:27.043+0000] {processor.py:186} INFO - Started process (PID=15968) to work on /home/airflow/.local/lib/python3.12/site-packages/airflow/example_dags/example_nested_branch_dag.py
[2024-10-23T04:41:27.044+0000] {processor.py:914} INFO - Processing file /home/airflow/.local/lib/python3.12/site-packages/airflow/example_dags/example_nested_branch_dag.py for tasks to queue
[2024-10-23T04:41:27.045+0000] {logging_mixin.py:190} INFO - [2024-10-23T04:41:27.045+0000] {dagbag.py:588} INFO - Filling up the DagBag from /home/airflow/.local/lib/python3.12/site-packages/airflow/example_dags/example_nested_branch_dag.py
[2024-10-23T04:41:27.055+0000] {processor.py:925} INFO - DAG(s) 'example_nested_branch_dag' retrieved from /home/airflow/.local/lib/python3.12/site-packages/airflow/example_dags/example_nested_branch_dag.py
[2024-10-23T04:41:27.076+0000] {logging_mixin.py:190} INFO - [2024-10-23T04:41:27.076+0000] {dag.py:3239} INFO - Sync 1 DAGs
[2024-10-23T04:41:27.100+0000] {logging_mixin.py:190} INFO - [2024-10-23T04:41:27.100+0000] {dag.py:4180} INFO - Setting next_dagrun for example_nested_branch_dag to 2024-10-22 00:00:00+00:00, run_after=2024-10-23 00:00:00+00:00
[2024-10-23T04:41:27.115+0000] {processor.py:208} INFO - Processing /home/airflow/.local/lib/python3.12/site-packages/airflow/example_dags/example_nested_branch_dag.py took 0.076 seconds
[2024-10-23T04:41:57.909+0000] {processor.py:186} INFO - Started process (PID=16031) to work on /home/airflow/.local/lib/python3.12/site-packages/airflow/example_dags/example_nested_branch_dag.py
[2024-10-23T04:41:57.910+0000] {processor.py:914} INFO - Processing file /home/airflow/.local/lib/python3.12/site-packages/airflow/example_dags/example_nested_branch_dag.py for tasks to queue
[2024-10-23T04:41:57.911+0000] {logging_mixin.py:190} INFO - [2024-10-23T04:41:57.911+0000] {dagbag.py:588} INFO - Filling up the DagBag from /home/airflow/.local/lib/python3.12/site-packages/airflow/example_dags/example_nested_branch_dag.py
[2024-10-23T04:41:57.920+0000] {processor.py:925} INFO - DAG(s) 'example_nested_branch_dag' retrieved from /home/airflow/.local/lib/python3.12/site-packages/airflow/example_dags/example_nested_branch_dag.py
[2024-10-23T04:41:57.936+0000] {logging_mixin.py:190} INFO - [2024-10-23T04:41:57.936+0000] {dag.py:3239} INFO - Sync 1 DAGs
[2024-10-23T04:41:57.954+0000] {logging_mixin.py:190} INFO - [2024-10-23T04:41:57.954+0000] {dag.py:4180} INFO - Setting next_dagrun for example_nested_branch_dag to 2024-10-22 00:00:00+00:00, run_after=2024-10-23 00:00:00+00:00
[2024-10-23T04:41:57.970+0000] {processor.py:208} INFO - Processing /home/airflow/.local/lib/python3.12/site-packages/airflow/example_dags/example_nested_branch_dag.py took 0.067 seconds
[2024-10-23T04:42:28.115+0000] {processor.py:186} INFO - Started process (PID=16094) to work on /home/airflow/.local/lib/python3.12/site-packages/airflow/example_dags/example_nested_branch_dag.py
[2024-10-23T04:42:28.118+0000] {processor.py:914} INFO - Processing file /home/airflow/.local/lib/python3.12/site-packages/airflow/example_dags/example_nested_branch_dag.py for tasks to queue
[2024-10-23T04:42:28.120+0000] {logging_mixin.py:190} INFO - [2024-10-23T04:42:28.119+0000] {dagbag.py:588} INFO - Filling up the DagBag from /home/airflow/.local/lib/python3.12/site-packages/airflow/example_dags/example_nested_branch_dag.py
[2024-10-23T04:42:28.139+0000] {processor.py:925} INFO - DAG(s) 'example_nested_branch_dag' retrieved from /home/airflow/.local/lib/python3.12/site-packages/airflow/example_dags/example_nested_branch_dag.py
[2024-10-23T04:42:28.158+0000] {logging_mixin.py:190} INFO - [2024-10-23T04:42:28.157+0000] {dag.py:3239} INFO - Sync 1 DAGs
[2024-10-23T04:42:28.176+0000] {logging_mixin.py:190} INFO - [2024-10-23T04:42:28.176+0000] {dag.py:4180} INFO - Setting next_dagrun for example_nested_branch_dag to 2024-10-22 00:00:00+00:00, run_after=2024-10-23 00:00:00+00:00
[2024-10-23T04:42:28.189+0000] {processor.py:208} INFO - Processing /home/airflow/.local/lib/python3.12/site-packages/airflow/example_dags/example_nested_branch_dag.py took 0.081 seconds
[2024-10-23T04:42:59.173+0000] {processor.py:186} INFO - Started process (PID=16157) to work on /home/airflow/.local/lib/python3.12/site-packages/airflow/example_dags/example_nested_branch_dag.py
[2024-10-23T04:42:59.176+0000] {processor.py:914} INFO - Processing file /home/airflow/.local/lib/python3.12/site-packages/airflow/example_dags/example_nested_branch_dag.py for tasks to queue
[2024-10-23T04:42:59.180+0000] {logging_mixin.py:190} INFO - [2024-10-23T04:42:59.179+0000] {dagbag.py:588} INFO - Filling up the DagBag from /home/airflow/.local/lib/python3.12/site-packages/airflow/example_dags/example_nested_branch_dag.py
[2024-10-23T04:42:59.214+0000] {processor.py:925} INFO - DAG(s) 'example_nested_branch_dag' retrieved from /home/airflow/.local/lib/python3.12/site-packages/airflow/example_dags/example_nested_branch_dag.py
[2024-10-23T04:42:59.241+0000] {logging_mixin.py:190} INFO - [2024-10-23T04:42:59.241+0000] {dag.py:3239} INFO - Sync 1 DAGs
[2024-10-23T04:42:59.264+0000] {logging_mixin.py:190} INFO - [2024-10-23T04:42:59.264+0000] {dag.py:4180} INFO - Setting next_dagrun for example_nested_branch_dag to 2024-10-22 00:00:00+00:00, run_after=2024-10-23 00:00:00+00:00
[2024-10-23T04:42:59.302+0000] {processor.py:208} INFO - Processing /home/airflow/.local/lib/python3.12/site-packages/airflow/example_dags/example_nested_branch_dag.py took 0.142 seconds
[2024-10-23T04:43:30.158+0000] {processor.py:186} INFO - Started process (PID=16220) to work on /home/airflow/.local/lib/python3.12/site-packages/airflow/example_dags/example_nested_branch_dag.py
[2024-10-23T04:43:30.159+0000] {processor.py:914} INFO - Processing file /home/airflow/.local/lib/python3.12/site-packages/airflow/example_dags/example_nested_branch_dag.py for tasks to queue
[2024-10-23T04:43:30.160+0000] {logging_mixin.py:190} INFO - [2024-10-23T04:43:30.160+0000] {dagbag.py:588} INFO - Filling up the DagBag from /home/airflow/.local/lib/python3.12/site-packages/airflow/example_dags/example_nested_branch_dag.py
[2024-10-23T04:43:30.173+0000] {processor.py:925} INFO - DAG(s) 'example_nested_branch_dag' retrieved from /home/airflow/.local/lib/python3.12/site-packages/airflow/example_dags/example_nested_branch_dag.py
[2024-10-23T04:43:30.197+0000] {logging_mixin.py:190} INFO - [2024-10-23T04:43:30.197+0000] {dag.py:3239} INFO - Sync 1 DAGs
[2024-10-23T04:43:30.220+0000] {logging_mixin.py:190} INFO - [2024-10-23T04:43:30.220+0000] {dag.py:4180} INFO - Setting next_dagrun for example_nested_branch_dag to 2024-10-22 00:00:00+00:00, run_after=2024-10-23 00:00:00+00:00
[2024-10-23T04:43:30.239+0000] {processor.py:208} INFO - Processing /home/airflow/.local/lib/python3.12/site-packages/airflow/example_dags/example_nested_branch_dag.py took 0.088 seconds
[2024-10-23T04:44:00.325+0000] {processor.py:186} INFO - Started process (PID=16283) to work on /home/airflow/.local/lib/python3.12/site-packages/airflow/example_dags/example_nested_branch_dag.py
[2024-10-23T04:44:00.329+0000] {processor.py:914} INFO - Processing file /home/airflow/.local/lib/python3.12/site-packages/airflow/example_dags/example_nested_branch_dag.py for tasks to queue
[2024-10-23T04:44:00.330+0000] {logging_mixin.py:190} INFO - [2024-10-23T04:44:00.330+0000] {dagbag.py:588} INFO - Filling up the DagBag from /home/airflow/.local/lib/python3.12/site-packages/airflow/example_dags/example_nested_branch_dag.py
[2024-10-23T04:44:00.339+0000] {processor.py:925} INFO - DAG(s) 'example_nested_branch_dag' retrieved from /home/airflow/.local/lib/python3.12/site-packages/airflow/example_dags/example_nested_branch_dag.py
[2024-10-23T04:44:00.362+0000] {logging_mixin.py:190} INFO - [2024-10-23T04:44:00.362+0000] {dag.py:3239} INFO - Sync 1 DAGs
[2024-10-23T04:44:00.378+0000] {logging_mixin.py:190} INFO - [2024-10-23T04:44:00.377+0000] {dag.py:4180} INFO - Setting next_dagrun for example_nested_branch_dag to 2024-10-22 00:00:00+00:00, run_after=2024-10-23 00:00:00+00:00
[2024-10-23T04:44:00.389+0000] {processor.py:208} INFO - Processing /home/airflow/.local/lib/python3.12/site-packages/airflow/example_dags/example_nested_branch_dag.py took 0.068 seconds
[2024-10-23T04:44:31.788+0000] {processor.py:186} INFO - Started process (PID=16346) to work on /home/airflow/.local/lib/python3.12/site-packages/airflow/example_dags/example_nested_branch_dag.py
[2024-10-23T04:44:31.789+0000] {processor.py:914} INFO - Processing file /home/airflow/.local/lib/python3.12/site-packages/airflow/example_dags/example_nested_branch_dag.py for tasks to queue
[2024-10-23T04:44:31.792+0000] {logging_mixin.py:190} INFO - [2024-10-23T04:44:31.792+0000] {dagbag.py:588} INFO - Filling up the DagBag from /home/airflow/.local/lib/python3.12/site-packages/airflow/example_dags/example_nested_branch_dag.py
[2024-10-23T04:44:31.806+0000] {processor.py:925} INFO - DAG(s) 'example_nested_branch_dag' retrieved from /home/airflow/.local/lib/python3.12/site-packages/airflow/example_dags/example_nested_branch_dag.py
[2024-10-23T04:44:31.828+0000] {logging_mixin.py:190} INFO - [2024-10-23T04:44:31.827+0000] {dag.py:3239} INFO - Sync 1 DAGs
[2024-10-23T04:44:31.855+0000] {logging_mixin.py:190} INFO - [2024-10-23T04:44:31.855+0000] {dag.py:4180} INFO - Setting next_dagrun for example_nested_branch_dag to 2024-10-22 00:00:00+00:00, run_after=2024-10-23 00:00:00+00:00
[2024-10-23T04:44:31.873+0000] {processor.py:208} INFO - Processing /home/airflow/.local/lib/python3.12/site-packages/airflow/example_dags/example_nested_branch_dag.py took 0.091 seconds
[2024-10-23T04:45:02.579+0000] {processor.py:186} INFO - Started process (PID=16409) to work on /home/airflow/.local/lib/python3.12/site-packages/airflow/example_dags/example_nested_branch_dag.py
[2024-10-23T04:45:02.580+0000] {processor.py:914} INFO - Processing file /home/airflow/.local/lib/python3.12/site-packages/airflow/example_dags/example_nested_branch_dag.py for tasks to queue
[2024-10-23T04:45:02.581+0000] {logging_mixin.py:190} INFO - [2024-10-23T04:45:02.581+0000] {dagbag.py:588} INFO - Filling up the DagBag from /home/airflow/.local/lib/python3.12/site-packages/airflow/example_dags/example_nested_branch_dag.py
[2024-10-23T04:45:02.589+0000] {processor.py:925} INFO - DAG(s) 'example_nested_branch_dag' retrieved from /home/airflow/.local/lib/python3.12/site-packages/airflow/example_dags/example_nested_branch_dag.py
[2024-10-23T04:45:02.607+0000] {logging_mixin.py:190} INFO - [2024-10-23T04:45:02.607+0000] {dag.py:3239} INFO - Sync 1 DAGs
[2024-10-23T04:45:02.626+0000] {logging_mixin.py:190} INFO - [2024-10-23T04:45:02.626+0000] {dag.py:4180} INFO - Setting next_dagrun for example_nested_branch_dag to 2024-10-22 00:00:00+00:00, run_after=2024-10-23 00:00:00+00:00
[2024-10-23T04:45:02.638+0000] {processor.py:208} INFO - Processing /home/airflow/.local/lib/python3.12/site-packages/airflow/example_dags/example_nested_branch_dag.py took 0.064 seconds
[2024-10-23T04:45:32.732+0000] {processor.py:186} INFO - Started process (PID=16472) to work on /home/airflow/.local/lib/python3.12/site-packages/airflow/example_dags/example_nested_branch_dag.py
[2024-10-23T04:45:32.733+0000] {processor.py:914} INFO - Processing file /home/airflow/.local/lib/python3.12/site-packages/airflow/example_dags/example_nested_branch_dag.py for tasks to queue
[2024-10-23T04:45:32.734+0000] {logging_mixin.py:190} INFO - [2024-10-23T04:45:32.734+0000] {dagbag.py:588} INFO - Filling up the DagBag from /home/airflow/.local/lib/python3.12/site-packages/airflow/example_dags/example_nested_branch_dag.py
[2024-10-23T04:45:32.744+0000] {processor.py:925} INFO - DAG(s) 'example_nested_branch_dag' retrieved from /home/airflow/.local/lib/python3.12/site-packages/airflow/example_dags/example_nested_branch_dag.py
[2024-10-23T04:45:32.760+0000] {logging_mixin.py:190} INFO - [2024-10-23T04:45:32.759+0000] {dag.py:3239} INFO - Sync 1 DAGs
[2024-10-23T04:45:32.777+0000] {logging_mixin.py:190} INFO - [2024-10-23T04:45:32.777+0000] {dag.py:4180} INFO - Setting next_dagrun for example_nested_branch_dag to 2024-10-22 00:00:00+00:00, run_after=2024-10-23 00:00:00+00:00
[2024-10-23T04:45:32.790+0000] {processor.py:208} INFO - Processing /home/airflow/.local/lib/python3.12/site-packages/airflow/example_dags/example_nested_branch_dag.py took 0.062 seconds
[2024-10-23T07:12:07.764+0000] {processor.py:186} INFO - Started process (PID=34483) to work on /home/airflow/.local/lib/python3.12/site-packages/airflow/example_dags/example_nested_branch_dag.py
[2024-10-23T07:12:07.767+0000] {processor.py:914} INFO - Processing file /home/airflow/.local/lib/python3.12/site-packages/airflow/example_dags/example_nested_branch_dag.py for tasks to queue
[2024-10-23T07:12:07.768+0000] {logging_mixin.py:190} INFO - [2024-10-23T07:12:07.768+0000] {dagbag.py:588} INFO - Filling up the DagBag from /home/airflow/.local/lib/python3.12/site-packages/airflow/example_dags/example_nested_branch_dag.py
[2024-10-23T07:12:07.776+0000] {processor.py:925} INFO - DAG(s) 'example_nested_branch_dag' retrieved from /home/airflow/.local/lib/python3.12/site-packages/airflow/example_dags/example_nested_branch_dag.py
[2024-10-23T07:12:07.794+0000] {logging_mixin.py:190} INFO - [2024-10-23T07:12:07.794+0000] {dag.py:3239} INFO - Sync 1 DAGs
[2024-10-23T07:12:07.814+0000] {logging_mixin.py:190} INFO - [2024-10-23T07:12:07.814+0000] {dag.py:4180} INFO - Setting next_dagrun for example_nested_branch_dag to 2024-10-22 00:00:00+00:00, run_after=2024-10-23 00:00:00+00:00
[2024-10-23T07:12:07.828+0000] {processor.py:208} INFO - Processing /home/airflow/.local/lib/python3.12/site-packages/airflow/example_dags/example_nested_branch_dag.py took 0.069 seconds
[2024-10-23T07:12:38.389+0000] {processor.py:186} INFO - Started process (PID=34546) to work on /home/airflow/.local/lib/python3.12/site-packages/airflow/example_dags/example_nested_branch_dag.py
[2024-10-23T07:12:38.390+0000] {processor.py:914} INFO - Processing file /home/airflow/.local/lib/python3.12/site-packages/airflow/example_dags/example_nested_branch_dag.py for tasks to queue
[2024-10-23T07:12:38.391+0000] {logging_mixin.py:190} INFO - [2024-10-23T07:12:38.391+0000] {dagbag.py:588} INFO - Filling up the DagBag from /home/airflow/.local/lib/python3.12/site-packages/airflow/example_dags/example_nested_branch_dag.py
[2024-10-23T07:12:38.399+0000] {processor.py:925} INFO - DAG(s) 'example_nested_branch_dag' retrieved from /home/airflow/.local/lib/python3.12/site-packages/airflow/example_dags/example_nested_branch_dag.py
[2024-10-23T07:12:38.416+0000] {logging_mixin.py:190} INFO - [2024-10-23T07:12:38.416+0000] {dag.py:3239} INFO - Sync 1 DAGs
[2024-10-23T07:12:38.434+0000] {logging_mixin.py:190} INFO - [2024-10-23T07:12:38.434+0000] {dag.py:4180} INFO - Setting next_dagrun for example_nested_branch_dag to 2024-10-22 00:00:00+00:00, run_after=2024-10-23 00:00:00+00:00
[2024-10-23T07:12:38.447+0000] {processor.py:208} INFO - Processing /home/airflow/.local/lib/python3.12/site-packages/airflow/example_dags/example_nested_branch_dag.py took 0.063 seconds
[2024-10-23T07:13:09.602+0000] {processor.py:186} INFO - Started process (PID=34609) to work on /home/airflow/.local/lib/python3.12/site-packages/airflow/example_dags/example_nested_branch_dag.py
[2024-10-23T07:13:09.603+0000] {processor.py:914} INFO - Processing file /home/airflow/.local/lib/python3.12/site-packages/airflow/example_dags/example_nested_branch_dag.py for tasks to queue
[2024-10-23T07:13:09.605+0000] {logging_mixin.py:190} INFO - [2024-10-23T07:13:09.605+0000] {dagbag.py:588} INFO - Filling up the DagBag from /home/airflow/.local/lib/python3.12/site-packages/airflow/example_dags/example_nested_branch_dag.py
[2024-10-23T07:13:09.614+0000] {processor.py:925} INFO - DAG(s) 'example_nested_branch_dag' retrieved from /home/airflow/.local/lib/python3.12/site-packages/airflow/example_dags/example_nested_branch_dag.py
[2024-10-23T07:13:09.632+0000] {logging_mixin.py:190} INFO - [2024-10-23T07:13:09.632+0000] {dag.py:3239} INFO - Sync 1 DAGs
[2024-10-23T07:13:09.649+0000] {logging_mixin.py:190} INFO - [2024-10-23T07:13:09.649+0000] {dag.py:4180} INFO - Setting next_dagrun for example_nested_branch_dag to 2024-10-22 00:00:00+00:00, run_after=2024-10-23 00:00:00+00:00
[2024-10-23T07:13:09.662+0000] {processor.py:208} INFO - Processing /home/airflow/.local/lib/python3.12/site-packages/airflow/example_dags/example_nested_branch_dag.py took 0.065 seconds
[2024-10-23T07:13:40.330+0000] {processor.py:186} INFO - Started process (PID=34672) to work on /home/airflow/.local/lib/python3.12/site-packages/airflow/example_dags/example_nested_branch_dag.py
[2024-10-23T07:13:40.331+0000] {processor.py:914} INFO - Processing file /home/airflow/.local/lib/python3.12/site-packages/airflow/example_dags/example_nested_branch_dag.py for tasks to queue
[2024-10-23T07:13:40.333+0000] {logging_mixin.py:190} INFO - [2024-10-23T07:13:40.332+0000] {dagbag.py:588} INFO - Filling up the DagBag from /home/airflow/.local/lib/python3.12/site-packages/airflow/example_dags/example_nested_branch_dag.py
[2024-10-23T07:13:40.341+0000] {processor.py:925} INFO - DAG(s) 'example_nested_branch_dag' retrieved from /home/airflow/.local/lib/python3.12/site-packages/airflow/example_dags/example_nested_branch_dag.py
[2024-10-23T07:13:40.364+0000] {logging_mixin.py:190} INFO - [2024-10-23T07:13:40.364+0000] {dag.py:3239} INFO - Sync 1 DAGs
[2024-10-23T07:13:40.381+0000] {logging_mixin.py:190} INFO - [2024-10-23T07:13:40.380+0000] {dag.py:4180} INFO - Setting next_dagrun for example_nested_branch_dag to 2024-10-22 00:00:00+00:00, run_after=2024-10-23 00:00:00+00:00
[2024-10-23T07:13:40.393+0000] {processor.py:208} INFO - Processing /home/airflow/.local/lib/python3.12/site-packages/airflow/example_dags/example_nested_branch_dag.py took 0.068 seconds
[2024-10-23T07:14:11.832+0000] {processor.py:186} INFO - Started process (PID=34735) to work on /home/airflow/.local/lib/python3.12/site-packages/airflow/example_dags/example_nested_branch_dag.py
[2024-10-23T07:14:11.837+0000] {processor.py:914} INFO - Processing file /home/airflow/.local/lib/python3.12/site-packages/airflow/example_dags/example_nested_branch_dag.py for tasks to queue
[2024-10-23T07:14:11.840+0000] {logging_mixin.py:190} INFO - [2024-10-23T07:14:11.839+0000] {dagbag.py:588} INFO - Filling up the DagBag from /home/airflow/.local/lib/python3.12/site-packages/airflow/example_dags/example_nested_branch_dag.py
[2024-10-23T07:14:11.849+0000] {processor.py:925} INFO - DAG(s) 'example_nested_branch_dag' retrieved from /home/airflow/.local/lib/python3.12/site-packages/airflow/example_dags/example_nested_branch_dag.py
[2024-10-23T07:14:11.867+0000] {logging_mixin.py:190} INFO - [2024-10-23T07:14:11.866+0000] {dag.py:3239} INFO - Sync 1 DAGs
[2024-10-23T07:14:11.883+0000] {logging_mixin.py:190} INFO - [2024-10-23T07:14:11.883+0000] {dag.py:4180} INFO - Setting next_dagrun for example_nested_branch_dag to 2024-10-22 00:00:00+00:00, run_after=2024-10-23 00:00:00+00:00
[2024-10-23T07:14:11.897+0000] {processor.py:208} INFO - Processing /home/airflow/.local/lib/python3.12/site-packages/airflow/example_dags/example_nested_branch_dag.py took 0.070 seconds
[2024-10-23T07:14:43.371+0000] {processor.py:186} INFO - Started process (PID=34798) to work on /home/airflow/.local/lib/python3.12/site-packages/airflow/example_dags/example_nested_branch_dag.py
[2024-10-23T07:14:43.373+0000] {processor.py:914} INFO - Processing file /home/airflow/.local/lib/python3.12/site-packages/airflow/example_dags/example_nested_branch_dag.py for tasks to queue
[2024-10-23T07:14:43.375+0000] {logging_mixin.py:190} INFO - [2024-10-23T07:14:43.375+0000] {dagbag.py:588} INFO - Filling up the DagBag from /home/airflow/.local/lib/python3.12/site-packages/airflow/example_dags/example_nested_branch_dag.py
[2024-10-23T07:14:43.385+0000] {processor.py:925} INFO - DAG(s) 'example_nested_branch_dag' retrieved from /home/airflow/.local/lib/python3.12/site-packages/airflow/example_dags/example_nested_branch_dag.py
[2024-10-23T07:14:43.403+0000] {logging_mixin.py:190} INFO - [2024-10-23T07:14:43.403+0000] {dag.py:3239} INFO - Sync 1 DAGs
[2024-10-23T07:14:43.572+0000] {logging_mixin.py:190} INFO - [2024-10-23T07:14:43.572+0000] {dag.py:4180} INFO - Setting next_dagrun for example_nested_branch_dag to 2024-10-22 00:00:00+00:00, run_after=2024-10-23 00:00:00+00:00
[2024-10-23T07:14:43.586+0000] {processor.py:208} INFO - Processing /home/airflow/.local/lib/python3.12/site-packages/airflow/example_dags/example_nested_branch_dag.py took 0.220 seconds
[2024-10-23T07:15:14.441+0000] {processor.py:186} INFO - Started process (PID=34861) to work on /home/airflow/.local/lib/python3.12/site-packages/airflow/example_dags/example_nested_branch_dag.py
[2024-10-23T07:15:14.443+0000] {processor.py:914} INFO - Processing file /home/airflow/.local/lib/python3.12/site-packages/airflow/example_dags/example_nested_branch_dag.py for tasks to queue
[2024-10-23T07:15:14.444+0000] {logging_mixin.py:190} INFO - [2024-10-23T07:15:14.444+0000] {dagbag.py:588} INFO - Filling up the DagBag from /home/airflow/.local/lib/python3.12/site-packages/airflow/example_dags/example_nested_branch_dag.py
[2024-10-23T07:15:14.454+0000] {processor.py:925} INFO - DAG(s) 'example_nested_branch_dag' retrieved from /home/airflow/.local/lib/python3.12/site-packages/airflow/example_dags/example_nested_branch_dag.py
[2024-10-23T07:15:14.472+0000] {logging_mixin.py:190} INFO - [2024-10-23T07:15:14.472+0000] {dag.py:3239} INFO - Sync 1 DAGs
[2024-10-23T07:15:14.673+0000] {logging_mixin.py:190} INFO - [2024-10-23T07:15:14.673+0000] {dag.py:4180} INFO - Setting next_dagrun for example_nested_branch_dag to 2024-10-22 00:00:00+00:00, run_after=2024-10-23 00:00:00+00:00
[2024-10-23T07:15:14.684+0000] {processor.py:208} INFO - Processing /home/airflow/.local/lib/python3.12/site-packages/airflow/example_dags/example_nested_branch_dag.py took 0.248 seconds
[2024-10-23T07:15:45.574+0000] {processor.py:186} INFO - Started process (PID=34924) to work on /home/airflow/.local/lib/python3.12/site-packages/airflow/example_dags/example_nested_branch_dag.py
[2024-10-23T07:15:45.575+0000] {processor.py:914} INFO - Processing file /home/airflow/.local/lib/python3.12/site-packages/airflow/example_dags/example_nested_branch_dag.py for tasks to queue
[2024-10-23T07:15:45.575+0000] {logging_mixin.py:190} INFO - [2024-10-23T07:15:45.575+0000] {dagbag.py:588} INFO - Filling up the DagBag from /home/airflow/.local/lib/python3.12/site-packages/airflow/example_dags/example_nested_branch_dag.py
[2024-10-23T07:15:45.584+0000] {processor.py:925} INFO - DAG(s) 'example_nested_branch_dag' retrieved from /home/airflow/.local/lib/python3.12/site-packages/airflow/example_dags/example_nested_branch_dag.py
[2024-10-23T07:15:45.599+0000] {logging_mixin.py:190} INFO - [2024-10-23T07:15:45.599+0000] {dag.py:3239} INFO - Sync 1 DAGs
[2024-10-23T07:15:45.615+0000] {logging_mixin.py:190} INFO - [2024-10-23T07:15:45.615+0000] {dag.py:4180} INFO - Setting next_dagrun for example_nested_branch_dag to 2024-10-22 00:00:00+00:00, run_after=2024-10-23 00:00:00+00:00
[2024-10-23T07:15:45.625+0000] {processor.py:208} INFO - Processing /home/airflow/.local/lib/python3.12/site-packages/airflow/example_dags/example_nested_branch_dag.py took 0.057 seconds
[2024-10-23T07:16:15.842+0000] {processor.py:186} INFO - Started process (PID=34987) to work on /home/airflow/.local/lib/python3.12/site-packages/airflow/example_dags/example_nested_branch_dag.py
[2024-10-23T07:16:15.843+0000] {processor.py:914} INFO - Processing file /home/airflow/.local/lib/python3.12/site-packages/airflow/example_dags/example_nested_branch_dag.py for tasks to queue
[2024-10-23T07:16:15.844+0000] {logging_mixin.py:190} INFO - [2024-10-23T07:16:15.844+0000] {dagbag.py:588} INFO - Filling up the DagBag from /home/airflow/.local/lib/python3.12/site-packages/airflow/example_dags/example_nested_branch_dag.py
[2024-10-23T07:16:15.852+0000] {processor.py:925} INFO - DAG(s) 'example_nested_branch_dag' retrieved from /home/airflow/.local/lib/python3.12/site-packages/airflow/example_dags/example_nested_branch_dag.py
[2024-10-23T07:16:15.870+0000] {logging_mixin.py:190} INFO - [2024-10-23T07:16:15.869+0000] {dag.py:3239} INFO - Sync 1 DAGs
[2024-10-23T07:16:15.890+0000] {logging_mixin.py:190} INFO - [2024-10-23T07:16:15.890+0000] {dag.py:4180} INFO - Setting next_dagrun for example_nested_branch_dag to 2024-10-22 00:00:00+00:00, run_after=2024-10-23 00:00:00+00:00
[2024-10-23T07:16:15.906+0000] {processor.py:208} INFO - Processing /home/airflow/.local/lib/python3.12/site-packages/airflow/example_dags/example_nested_branch_dag.py took 0.068 seconds
[2024-10-23T07:16:45.990+0000] {processor.py:186} INFO - Started process (PID=35050) to work on /home/airflow/.local/lib/python3.12/site-packages/airflow/example_dags/example_nested_branch_dag.py
[2024-10-23T07:16:45.992+0000] {processor.py:914} INFO - Processing file /home/airflow/.local/lib/python3.12/site-packages/airflow/example_dags/example_nested_branch_dag.py for tasks to queue
[2024-10-23T07:16:45.993+0000] {logging_mixin.py:190} INFO - [2024-10-23T07:16:45.992+0000] {dagbag.py:588} INFO - Filling up the DagBag from /home/airflow/.local/lib/python3.12/site-packages/airflow/example_dags/example_nested_branch_dag.py
[2024-10-23T07:16:46.003+0000] {processor.py:925} INFO - DAG(s) 'example_nested_branch_dag' retrieved from /home/airflow/.local/lib/python3.12/site-packages/airflow/example_dags/example_nested_branch_dag.py
[2024-10-23T07:16:46.019+0000] {logging_mixin.py:190} INFO - [2024-10-23T07:16:46.019+0000] {dag.py:3239} INFO - Sync 1 DAGs
[2024-10-23T07:16:46.036+0000] {logging_mixin.py:190} INFO - [2024-10-23T07:16:46.036+0000] {dag.py:4180} INFO - Setting next_dagrun for example_nested_branch_dag to 2024-10-22 00:00:00+00:00, run_after=2024-10-23 00:00:00+00:00
[2024-10-23T07:16:46.047+0000] {processor.py:208} INFO - Processing /home/airflow/.local/lib/python3.12/site-packages/airflow/example_dags/example_nested_branch_dag.py took 0.059 seconds
[2024-10-23T07:17:16.259+0000] {processor.py:186} INFO - Started process (PID=35113) to work on /home/airflow/.local/lib/python3.12/site-packages/airflow/example_dags/example_nested_branch_dag.py
[2024-10-23T07:17:16.260+0000] {processor.py:914} INFO - Processing file /home/airflow/.local/lib/python3.12/site-packages/airflow/example_dags/example_nested_branch_dag.py for tasks to queue
[2024-10-23T07:17:16.261+0000] {logging_mixin.py:190} INFO - [2024-10-23T07:17:16.261+0000] {dagbag.py:588} INFO - Filling up the DagBag from /home/airflow/.local/lib/python3.12/site-packages/airflow/example_dags/example_nested_branch_dag.py
[2024-10-23T07:17:16.269+0000] {processor.py:925} INFO - DAG(s) 'example_nested_branch_dag' retrieved from /home/airflow/.local/lib/python3.12/site-packages/airflow/example_dags/example_nested_branch_dag.py
[2024-10-23T07:17:16.285+0000] {logging_mixin.py:190} INFO - [2024-10-23T07:17:16.285+0000] {dag.py:3239} INFO - Sync 1 DAGs
[2024-10-23T07:17:16.305+0000] {logging_mixin.py:190} INFO - [2024-10-23T07:17:16.305+0000] {dag.py:4180} INFO - Setting next_dagrun for example_nested_branch_dag to 2024-10-22 00:00:00+00:00, run_after=2024-10-23 00:00:00+00:00
[2024-10-23T07:17:16.318+0000] {processor.py:208} INFO - Processing /home/airflow/.local/lib/python3.12/site-packages/airflow/example_dags/example_nested_branch_dag.py took 0.064 seconds
[2024-10-23T07:17:46.809+0000] {processor.py:186} INFO - Started process (PID=35176) to work on /home/airflow/.local/lib/python3.12/site-packages/airflow/example_dags/example_nested_branch_dag.py
[2024-10-23T07:17:46.810+0000] {processor.py:914} INFO - Processing file /home/airflow/.local/lib/python3.12/site-packages/airflow/example_dags/example_nested_branch_dag.py for tasks to queue
[2024-10-23T07:17:46.811+0000] {logging_mixin.py:190} INFO - [2024-10-23T07:17:46.811+0000] {dagbag.py:588} INFO - Filling up the DagBag from /home/airflow/.local/lib/python3.12/site-packages/airflow/example_dags/example_nested_branch_dag.py
[2024-10-23T07:17:46.820+0000] {processor.py:925} INFO - DAG(s) 'example_nested_branch_dag' retrieved from /home/airflow/.local/lib/python3.12/site-packages/airflow/example_dags/example_nested_branch_dag.py
[2024-10-23T07:17:46.842+0000] {logging_mixin.py:190} INFO - [2024-10-23T07:17:46.842+0000] {dag.py:3239} INFO - Sync 1 DAGs
[2024-10-23T07:17:46.864+0000] {logging_mixin.py:190} INFO - [2024-10-23T07:17:46.864+0000] {dag.py:4180} INFO - Setting next_dagrun for example_nested_branch_dag to 2024-10-22 00:00:00+00:00, run_after=2024-10-23 00:00:00+00:00
[2024-10-23T07:17:46.880+0000] {processor.py:208} INFO - Processing /home/airflow/.local/lib/python3.12/site-packages/airflow/example_dags/example_nested_branch_dag.py took 0.076 seconds
[2024-10-23T07:18:17.221+0000] {processor.py:186} INFO - Started process (PID=35239) to work on /home/airflow/.local/lib/python3.12/site-packages/airflow/example_dags/example_nested_branch_dag.py
[2024-10-23T07:18:17.222+0000] {processor.py:914} INFO - Processing file /home/airflow/.local/lib/python3.12/site-packages/airflow/example_dags/example_nested_branch_dag.py for tasks to queue
[2024-10-23T07:18:17.224+0000] {logging_mixin.py:190} INFO - [2024-10-23T07:18:17.224+0000] {dagbag.py:588} INFO - Filling up the DagBag from /home/airflow/.local/lib/python3.12/site-packages/airflow/example_dags/example_nested_branch_dag.py
[2024-10-23T07:18:17.233+0000] {processor.py:925} INFO - DAG(s) 'example_nested_branch_dag' retrieved from /home/airflow/.local/lib/python3.12/site-packages/airflow/example_dags/example_nested_branch_dag.py
[2024-10-23T07:18:17.255+0000] {logging_mixin.py:190} INFO - [2024-10-23T07:18:17.255+0000] {dag.py:3239} INFO - Sync 1 DAGs
[2024-10-23T07:18:17.277+0000] {logging_mixin.py:190} INFO - [2024-10-23T07:18:17.277+0000] {dag.py:4180} INFO - Setting next_dagrun for example_nested_branch_dag to 2024-10-22 00:00:00+00:00, run_after=2024-10-23 00:00:00+00:00
[2024-10-23T07:18:17.290+0000] {processor.py:208} INFO - Processing /home/airflow/.local/lib/python3.12/site-packages/airflow/example_dags/example_nested_branch_dag.py took 0.074 seconds
[2024-10-23T07:18:48.015+0000] {processor.py:186} INFO - Started process (PID=35302) to work on /home/airflow/.local/lib/python3.12/site-packages/airflow/example_dags/example_nested_branch_dag.py
[2024-10-23T07:18:48.017+0000] {processor.py:914} INFO - Processing file /home/airflow/.local/lib/python3.12/site-packages/airflow/example_dags/example_nested_branch_dag.py for tasks to queue
[2024-10-23T07:18:48.018+0000] {logging_mixin.py:190} INFO - [2024-10-23T07:18:48.017+0000] {dagbag.py:588} INFO - Filling up the DagBag from /home/airflow/.local/lib/python3.12/site-packages/airflow/example_dags/example_nested_branch_dag.py
[2024-10-23T07:18:48.026+0000] {processor.py:925} INFO - DAG(s) 'example_nested_branch_dag' retrieved from /home/airflow/.local/lib/python3.12/site-packages/airflow/example_dags/example_nested_branch_dag.py
[2024-10-23T07:18:48.041+0000] {logging_mixin.py:190} INFO - [2024-10-23T07:18:48.041+0000] {dag.py:3239} INFO - Sync 1 DAGs
[2024-10-23T07:18:48.057+0000] {logging_mixin.py:190} INFO - [2024-10-23T07:18:48.057+0000] {dag.py:4180} INFO - Setting next_dagrun for example_nested_branch_dag to 2024-10-22 00:00:00+00:00, run_after=2024-10-23 00:00:00+00:00
[2024-10-23T07:18:48.074+0000] {processor.py:208} INFO - Processing /home/airflow/.local/lib/python3.12/site-packages/airflow/example_dags/example_nested_branch_dag.py took 0.064 seconds
[2024-10-23T07:19:18.611+0000] {processor.py:186} INFO - Started process (PID=35367) to work on /home/airflow/.local/lib/python3.12/site-packages/airflow/example_dags/example_nested_branch_dag.py
[2024-10-23T07:19:18.613+0000] {processor.py:914} INFO - Processing file /home/airflow/.local/lib/python3.12/site-packages/airflow/example_dags/example_nested_branch_dag.py for tasks to queue
[2024-10-23T07:19:18.615+0000] {logging_mixin.py:190} INFO - [2024-10-23T07:19:18.615+0000] {dagbag.py:588} INFO - Filling up the DagBag from /home/airflow/.local/lib/python3.12/site-packages/airflow/example_dags/example_nested_branch_dag.py
[2024-10-23T07:19:18.625+0000] {processor.py:925} INFO - DAG(s) 'example_nested_branch_dag' retrieved from /home/airflow/.local/lib/python3.12/site-packages/airflow/example_dags/example_nested_branch_dag.py
[2024-10-23T07:19:18.641+0000] {logging_mixin.py:190} INFO - [2024-10-23T07:19:18.641+0000] {dag.py:3239} INFO - Sync 1 DAGs
[2024-10-23T07:19:18.658+0000] {logging_mixin.py:190} INFO - [2024-10-23T07:19:18.657+0000] {dag.py:4180} INFO - Setting next_dagrun for example_nested_branch_dag to 2024-10-22 00:00:00+00:00, run_after=2024-10-23 00:00:00+00:00
[2024-10-23T07:19:18.671+0000] {processor.py:208} INFO - Processing /home/airflow/.local/lib/python3.12/site-packages/airflow/example_dags/example_nested_branch_dag.py took 0.064 seconds
[2024-10-23T07:19:49.360+0000] {processor.py:186} INFO - Started process (PID=35431) to work on /home/airflow/.local/lib/python3.12/site-packages/airflow/example_dags/example_nested_branch_dag.py
[2024-10-23T07:19:49.361+0000] {processor.py:914} INFO - Processing file /home/airflow/.local/lib/python3.12/site-packages/airflow/example_dags/example_nested_branch_dag.py for tasks to queue
[2024-10-23T07:19:49.362+0000] {logging_mixin.py:190} INFO - [2024-10-23T07:19:49.362+0000] {dagbag.py:588} INFO - Filling up the DagBag from /home/airflow/.local/lib/python3.12/site-packages/airflow/example_dags/example_nested_branch_dag.py
[2024-10-23T07:19:49.371+0000] {processor.py:925} INFO - DAG(s) 'example_nested_branch_dag' retrieved from /home/airflow/.local/lib/python3.12/site-packages/airflow/example_dags/example_nested_branch_dag.py
[2024-10-23T07:19:49.385+0000] {logging_mixin.py:190} INFO - [2024-10-23T07:19:49.385+0000] {dag.py:3239} INFO - Sync 1 DAGs
[2024-10-23T07:19:49.402+0000] {logging_mixin.py:190} INFO - [2024-10-23T07:19:49.402+0000] {dag.py:4180} INFO - Setting next_dagrun for example_nested_branch_dag to 2024-10-22 00:00:00+00:00, run_after=2024-10-23 00:00:00+00:00
[2024-10-23T07:19:49.413+0000] {processor.py:208} INFO - Processing /home/airflow/.local/lib/python3.12/site-packages/airflow/example_dags/example_nested_branch_dag.py took 0.057 seconds
