[2024-10-23T02:32:07.833+0000] {processor.py:186} INFO - Started process (PID=13748) to work on /home/airflow/.local/lib/python3.12/site-packages/airflow/example_dags/example_task_group.py
[2024-10-23T02:32:07.834+0000] {processor.py:914} INFO - Processing file /home/airflow/.local/lib/python3.12/site-packages/airflow/example_dags/example_task_group.py for tasks to queue
[2024-10-23T02:32:07.836+0000] {logging_mixin.py:190} INFO - [2024-10-23T02:32:07.835+0000] {dagbag.py:588} INFO - Filling up the DagBag from /home/airflow/.local/lib/python3.12/site-packages/airflow/example_dags/example_task_group.py
[2024-10-23T02:32:07.844+0000] {processor.py:925} INFO - DAG(s) 'example_task_group' retrieved from /home/airflow/.local/lib/python3.12/site-packages/airflow/example_dags/example_task_group.py
[2024-10-23T02:32:07.867+0000] {logging_mixin.py:190} INFO - [2024-10-23T02:32:07.867+0000] {dag.py:3239} INFO - Sync 1 DAGs
[2024-10-23T02:32:07.882+0000] {logging_mixin.py:190} INFO - [2024-10-23T02:32:07.882+0000] {dag.py:4180} INFO - Setting next_dagrun for example_task_group to None, run_after=None
[2024-10-23T02:32:07.904+0000] {processor.py:208} INFO - Processing /home/airflow/.local/lib/python3.12/site-packages/airflow/example_dags/example_task_group.py took 0.077 seconds
[2024-10-23T04:23:45.485+0000] {processor.py:186} INFO - Started process (PID=13811) to work on /home/airflow/.local/lib/python3.12/site-packages/airflow/example_dags/example_task_group.py
[2024-10-23T04:23:45.486+0000] {processor.py:914} INFO - Processing file /home/airflow/.local/lib/python3.12/site-packages/airflow/example_dags/example_task_group.py for tasks to queue
[2024-10-23T04:23:45.487+0000] {logging_mixin.py:190} INFO - [2024-10-23T04:23:45.487+0000] {dagbag.py:588} INFO - Filling up the DagBag from /home/airflow/.local/lib/python3.12/site-packages/airflow/example_dags/example_task_group.py
[2024-10-23T04:23:45.495+0000] {processor.py:925} INFO - DAG(s) 'example_task_group' retrieved from /home/airflow/.local/lib/python3.12/site-packages/airflow/example_dags/example_task_group.py
[2024-10-23T04:23:45.518+0000] {logging_mixin.py:190} INFO - [2024-10-23T04:23:45.518+0000] {dag.py:3239} INFO - Sync 1 DAGs
[2024-10-23T04:23:45.530+0000] {logging_mixin.py:190} INFO - [2024-10-23T04:23:45.530+0000] {dag.py:4180} INFO - Setting next_dagrun for example_task_group to None, run_after=None
[2024-10-23T04:23:45.542+0000] {processor.py:208} INFO - Processing /home/airflow/.local/lib/python3.12/site-packages/airflow/example_dags/example_task_group.py took 0.062 seconds
[2024-10-23T04:24:16.747+0000] {processor.py:186} INFO - Started process (PID=13874) to work on /home/airflow/.local/lib/python3.12/site-packages/airflow/example_dags/example_task_group.py
[2024-10-23T04:24:16.748+0000] {processor.py:914} INFO - Processing file /home/airflow/.local/lib/python3.12/site-packages/airflow/example_dags/example_task_group.py for tasks to queue
[2024-10-23T04:24:16.749+0000] {logging_mixin.py:190} INFO - [2024-10-23T04:24:16.749+0000] {dagbag.py:588} INFO - Filling up the DagBag from /home/airflow/.local/lib/python3.12/site-packages/airflow/example_dags/example_task_group.py
[2024-10-23T04:24:16.755+0000] {processor.py:925} INFO - DAG(s) 'example_task_group' retrieved from /home/airflow/.local/lib/python3.12/site-packages/airflow/example_dags/example_task_group.py
[2024-10-23T04:24:16.776+0000] {logging_mixin.py:190} INFO - [2024-10-23T04:24:16.776+0000] {dag.py:3239} INFO - Sync 1 DAGs
[2024-10-23T04:24:16.788+0000] {logging_mixin.py:190} INFO - [2024-10-23T04:24:16.788+0000] {dag.py:4180} INFO - Setting next_dagrun for example_task_group to None, run_after=None
[2024-10-23T04:24:16.804+0000] {processor.py:208} INFO - Processing /home/airflow/.local/lib/python3.12/site-packages/airflow/example_dags/example_task_group.py took 0.062 seconds
[2024-10-23T04:24:47.251+0000] {processor.py:186} INFO - Started process (PID=13937) to work on /home/airflow/.local/lib/python3.12/site-packages/airflow/example_dags/example_task_group.py
[2024-10-23T04:24:47.252+0000] {processor.py:914} INFO - Processing file /home/airflow/.local/lib/python3.12/site-packages/airflow/example_dags/example_task_group.py for tasks to queue
[2024-10-23T04:24:47.253+0000] {logging_mixin.py:190} INFO - [2024-10-23T04:24:47.252+0000] {dagbag.py:588} INFO - Filling up the DagBag from /home/airflow/.local/lib/python3.12/site-packages/airflow/example_dags/example_task_group.py
[2024-10-23T04:24:47.261+0000] {processor.py:925} INFO - DAG(s) 'example_task_group' retrieved from /home/airflow/.local/lib/python3.12/site-packages/airflow/example_dags/example_task_group.py
[2024-10-23T04:24:47.280+0000] {logging_mixin.py:190} INFO - [2024-10-23T04:24:47.280+0000] {dag.py:3239} INFO - Sync 1 DAGs
[2024-10-23T04:24:47.294+0000] {logging_mixin.py:190} INFO - [2024-10-23T04:24:47.294+0000] {dag.py:4180} INFO - Setting next_dagrun for example_task_group to None, run_after=None
[2024-10-23T04:24:47.307+0000] {processor.py:208} INFO - Processing /home/airflow/.local/lib/python3.12/site-packages/airflow/example_dags/example_task_group.py took 0.060 seconds
[2024-10-23T04:25:17.729+0000] {processor.py:186} INFO - Started process (PID=14000) to work on /home/airflow/.local/lib/python3.12/site-packages/airflow/example_dags/example_task_group.py
[2024-10-23T04:25:17.732+0000] {processor.py:914} INFO - Processing file /home/airflow/.local/lib/python3.12/site-packages/airflow/example_dags/example_task_group.py for tasks to queue
[2024-10-23T04:25:17.733+0000] {logging_mixin.py:190} INFO - [2024-10-23T04:25:17.733+0000] {dagbag.py:588} INFO - Filling up the DagBag from /home/airflow/.local/lib/python3.12/site-packages/airflow/example_dags/example_task_group.py
[2024-10-23T04:25:17.740+0000] {processor.py:925} INFO - DAG(s) 'example_task_group' retrieved from /home/airflow/.local/lib/python3.12/site-packages/airflow/example_dags/example_task_group.py
[2024-10-23T04:25:17.756+0000] {logging_mixin.py:190} INFO - [2024-10-23T04:25:17.756+0000] {dag.py:3239} INFO - Sync 1 DAGs
[2024-10-23T04:25:17.766+0000] {logging_mixin.py:190} INFO - [2024-10-23T04:25:17.766+0000] {dag.py:4180} INFO - Setting next_dagrun for example_task_group to None, run_after=None
[2024-10-23T04:25:17.781+0000] {processor.py:208} INFO - Processing /home/airflow/.local/lib/python3.12/site-packages/airflow/example_dags/example_task_group.py took 0.057 seconds
[2024-10-23T04:25:48.450+0000] {processor.py:186} INFO - Started process (PID=14063) to work on /home/airflow/.local/lib/python3.12/site-packages/airflow/example_dags/example_task_group.py
[2024-10-23T04:25:48.453+0000] {processor.py:914} INFO - Processing file /home/airflow/.local/lib/python3.12/site-packages/airflow/example_dags/example_task_group.py for tasks to queue
[2024-10-23T04:25:48.453+0000] {logging_mixin.py:190} INFO - [2024-10-23T04:25:48.453+0000] {dagbag.py:588} INFO - Filling up the DagBag from /home/airflow/.local/lib/python3.12/site-packages/airflow/example_dags/example_task_group.py
[2024-10-23T04:25:48.460+0000] {processor.py:925} INFO - DAG(s) 'example_task_group' retrieved from /home/airflow/.local/lib/python3.12/site-packages/airflow/example_dags/example_task_group.py
[2024-10-23T04:25:48.478+0000] {logging_mixin.py:190} INFO - [2024-10-23T04:25:48.478+0000] {dag.py:3239} INFO - Sync 1 DAGs
[2024-10-23T04:25:48.490+0000] {logging_mixin.py:190} INFO - [2024-10-23T04:25:48.490+0000] {dag.py:4180} INFO - Setting next_dagrun for example_task_group to None, run_after=None
[2024-10-23T04:25:48.505+0000] {processor.py:208} INFO - Processing /home/airflow/.local/lib/python3.12/site-packages/airflow/example_dags/example_task_group.py took 0.059 seconds
[2024-10-23T04:26:20.209+0000] {processor.py:186} INFO - Started process (PID=14126) to work on /home/airflow/.local/lib/python3.12/site-packages/airflow/example_dags/example_task_group.py
[2024-10-23T04:26:20.210+0000] {processor.py:914} INFO - Processing file /home/airflow/.local/lib/python3.12/site-packages/airflow/example_dags/example_task_group.py for tasks to queue
[2024-10-23T04:26:20.211+0000] {logging_mixin.py:190} INFO - [2024-10-23T04:26:20.211+0000] {dagbag.py:588} INFO - Filling up the DagBag from /home/airflow/.local/lib/python3.12/site-packages/airflow/example_dags/example_task_group.py
[2024-10-23T04:26:20.218+0000] {processor.py:925} INFO - DAG(s) 'example_task_group' retrieved from /home/airflow/.local/lib/python3.12/site-packages/airflow/example_dags/example_task_group.py
[2024-10-23T04:26:20.239+0000] {logging_mixin.py:190} INFO - [2024-10-23T04:26:20.239+0000] {dag.py:3239} INFO - Sync 1 DAGs
[2024-10-23T04:26:20.248+0000] {logging_mixin.py:190} INFO - [2024-10-23T04:26:20.248+0000] {dag.py:4180} INFO - Setting next_dagrun for example_task_group to None, run_after=None
[2024-10-23T04:26:20.261+0000] {processor.py:208} INFO - Processing /home/airflow/.local/lib/python3.12/site-packages/airflow/example_dags/example_task_group.py took 0.056 seconds
[2024-10-23T04:26:50.726+0000] {processor.py:186} INFO - Started process (PID=14189) to work on /home/airflow/.local/lib/python3.12/site-packages/airflow/example_dags/example_task_group.py
[2024-10-23T04:26:50.728+0000] {processor.py:914} INFO - Processing file /home/airflow/.local/lib/python3.12/site-packages/airflow/example_dags/example_task_group.py for tasks to queue
[2024-10-23T04:26:50.728+0000] {logging_mixin.py:190} INFO - [2024-10-23T04:26:50.728+0000] {dagbag.py:588} INFO - Filling up the DagBag from /home/airflow/.local/lib/python3.12/site-packages/airflow/example_dags/example_task_group.py
[2024-10-23T04:26:50.736+0000] {processor.py:925} INFO - DAG(s) 'example_task_group' retrieved from /home/airflow/.local/lib/python3.12/site-packages/airflow/example_dags/example_task_group.py
[2024-10-23T04:26:50.752+0000] {logging_mixin.py:190} INFO - [2024-10-23T04:26:50.752+0000] {dag.py:3239} INFO - Sync 1 DAGs
[2024-10-23T04:26:50.764+0000] {logging_mixin.py:190} INFO - [2024-10-23T04:26:50.763+0000] {dag.py:4180} INFO - Setting next_dagrun for example_task_group to None, run_after=None
[2024-10-23T04:26:50.785+0000] {processor.py:208} INFO - Processing /home/airflow/.local/lib/python3.12/site-packages/airflow/example_dags/example_task_group.py took 0.064 seconds
[2024-10-23T04:27:20.927+0000] {processor.py:186} INFO - Started process (PID=14252) to work on /home/airflow/.local/lib/python3.12/site-packages/airflow/example_dags/example_task_group.py
[2024-10-23T04:27:20.928+0000] {processor.py:914} INFO - Processing file /home/airflow/.local/lib/python3.12/site-packages/airflow/example_dags/example_task_group.py for tasks to queue
[2024-10-23T04:27:20.929+0000] {logging_mixin.py:190} INFO - [2024-10-23T04:27:20.929+0000] {dagbag.py:588} INFO - Filling up the DagBag from /home/airflow/.local/lib/python3.12/site-packages/airflow/example_dags/example_task_group.py
[2024-10-23T04:27:20.935+0000] {processor.py:925} INFO - DAG(s) 'example_task_group' retrieved from /home/airflow/.local/lib/python3.12/site-packages/airflow/example_dags/example_task_group.py
[2024-10-23T04:27:20.950+0000] {logging_mixin.py:190} INFO - [2024-10-23T04:27:20.949+0000] {dag.py:3239} INFO - Sync 1 DAGs
[2024-10-23T04:27:20.959+0000] {logging_mixin.py:190} INFO - [2024-10-23T04:27:20.959+0000] {dag.py:4180} INFO - Setting next_dagrun for example_task_group to None, run_after=None
[2024-10-23T04:27:20.972+0000] {processor.py:208} INFO - Processing /home/airflow/.local/lib/python3.12/site-packages/airflow/example_dags/example_task_group.py took 0.049 seconds
[2024-10-23T04:27:52.061+0000] {processor.py:186} INFO - Started process (PID=14316) to work on /home/airflow/.local/lib/python3.12/site-packages/airflow/example_dags/example_task_group.py
[2024-10-23T04:27:52.071+0000] {processor.py:914} INFO - Processing file /home/airflow/.local/lib/python3.12/site-packages/airflow/example_dags/example_task_group.py for tasks to queue
[2024-10-23T04:27:52.076+0000] {logging_mixin.py:190} INFO - [2024-10-23T04:27:52.075+0000] {dagbag.py:588} INFO - Filling up the DagBag from /home/airflow/.local/lib/python3.12/site-packages/airflow/example_dags/example_task_group.py
[2024-10-23T04:27:52.106+0000] {processor.py:925} INFO - DAG(s) 'example_task_group' retrieved from /home/airflow/.local/lib/python3.12/site-packages/airflow/example_dags/example_task_group.py
[2024-10-23T04:27:52.157+0000] {logging_mixin.py:190} INFO - [2024-10-23T04:27:52.156+0000] {dag.py:3239} INFO - Sync 1 DAGs
[2024-10-23T04:27:52.179+0000] {logging_mixin.py:190} INFO - [2024-10-23T04:27:52.179+0000] {dag.py:4180} INFO - Setting next_dagrun for example_task_group to None, run_after=None
[2024-10-23T04:27:52.197+0000] {processor.py:208} INFO - Processing /home/airflow/.local/lib/python3.12/site-packages/airflow/example_dags/example_task_group.py took 0.159 seconds
[2024-10-23T04:28:23.865+0000] {processor.py:186} INFO - Started process (PID=14379) to work on /home/airflow/.local/lib/python3.12/site-packages/airflow/example_dags/example_task_group.py
[2024-10-23T04:28:23.866+0000] {processor.py:914} INFO - Processing file /home/airflow/.local/lib/python3.12/site-packages/airflow/example_dags/example_task_group.py for tasks to queue
[2024-10-23T04:28:23.867+0000] {logging_mixin.py:190} INFO - [2024-10-23T04:28:23.867+0000] {dagbag.py:588} INFO - Filling up the DagBag from /home/airflow/.local/lib/python3.12/site-packages/airflow/example_dags/example_task_group.py
[2024-10-23T04:28:23.873+0000] {processor.py:925} INFO - DAG(s) 'example_task_group' retrieved from /home/airflow/.local/lib/python3.12/site-packages/airflow/example_dags/example_task_group.py
[2024-10-23T04:28:23.893+0000] {logging_mixin.py:190} INFO - [2024-10-23T04:28:23.893+0000] {dag.py:3239} INFO - Sync 1 DAGs
[2024-10-23T04:28:23.910+0000] {logging_mixin.py:190} INFO - [2024-10-23T04:28:23.909+0000] {dag.py:4180} INFO - Setting next_dagrun for example_task_group to None, run_after=None
[2024-10-23T04:28:23.940+0000] {processor.py:208} INFO - Processing /home/airflow/.local/lib/python3.12/site-packages/airflow/example_dags/example_task_group.py took 0.080 seconds
[2024-10-23T04:28:54.387+0000] {processor.py:186} INFO - Started process (PID=14442) to work on /home/airflow/.local/lib/python3.12/site-packages/airflow/example_dags/example_task_group.py
[2024-10-23T04:28:54.392+0000] {processor.py:914} INFO - Processing file /home/airflow/.local/lib/python3.12/site-packages/airflow/example_dags/example_task_group.py for tasks to queue
[2024-10-23T04:28:54.393+0000] {logging_mixin.py:190} INFO - [2024-10-23T04:28:54.393+0000] {dagbag.py:588} INFO - Filling up the DagBag from /home/airflow/.local/lib/python3.12/site-packages/airflow/example_dags/example_task_group.py
[2024-10-23T04:28:54.402+0000] {processor.py:925} INFO - DAG(s) 'example_task_group' retrieved from /home/airflow/.local/lib/python3.12/site-packages/airflow/example_dags/example_task_group.py
[2024-10-23T04:28:54.425+0000] {logging_mixin.py:190} INFO - [2024-10-23T04:28:54.425+0000] {dag.py:3239} INFO - Sync 1 DAGs
[2024-10-23T04:28:54.446+0000] {logging_mixin.py:190} INFO - [2024-10-23T04:28:54.445+0000] {dag.py:4180} INFO - Setting next_dagrun for example_task_group to None, run_after=None
[2024-10-23T04:28:54.459+0000] {processor.py:208} INFO - Processing /home/airflow/.local/lib/python3.12/site-packages/airflow/example_dags/example_task_group.py took 0.076 seconds
[2024-10-23T04:29:25.814+0000] {processor.py:186} INFO - Started process (PID=14505) to work on /home/airflow/.local/lib/python3.12/site-packages/airflow/example_dags/example_task_group.py
[2024-10-23T04:29:25.814+0000] {processor.py:914} INFO - Processing file /home/airflow/.local/lib/python3.12/site-packages/airflow/example_dags/example_task_group.py for tasks to queue
[2024-10-23T04:29:25.815+0000] {logging_mixin.py:190} INFO - [2024-10-23T04:29:25.815+0000] {dagbag.py:588} INFO - Filling up the DagBag from /home/airflow/.local/lib/python3.12/site-packages/airflow/example_dags/example_task_group.py
[2024-10-23T04:29:25.822+0000] {processor.py:925} INFO - DAG(s) 'example_task_group' retrieved from /home/airflow/.local/lib/python3.12/site-packages/airflow/example_dags/example_task_group.py
[2024-10-23T04:29:25.837+0000] {logging_mixin.py:190} INFO - [2024-10-23T04:29:25.837+0000] {dag.py:3239} INFO - Sync 1 DAGs
[2024-10-23T04:29:25.848+0000] {logging_mixin.py:190} INFO - [2024-10-23T04:29:25.848+0000] {dag.py:4180} INFO - Setting next_dagrun for example_task_group to None, run_after=None
[2024-10-23T04:29:25.864+0000] {processor.py:208} INFO - Processing /home/airflow/.local/lib/python3.12/site-packages/airflow/example_dags/example_task_group.py took 0.056 seconds
[2024-10-23T04:29:56.391+0000] {processor.py:186} INFO - Started process (PID=14568) to work on /home/airflow/.local/lib/python3.12/site-packages/airflow/example_dags/example_task_group.py
[2024-10-23T04:29:56.391+0000] {processor.py:914} INFO - Processing file /home/airflow/.local/lib/python3.12/site-packages/airflow/example_dags/example_task_group.py for tasks to queue
[2024-10-23T04:29:56.392+0000] {logging_mixin.py:190} INFO - [2024-10-23T04:29:56.392+0000] {dagbag.py:588} INFO - Filling up the DagBag from /home/airflow/.local/lib/python3.12/site-packages/airflow/example_dags/example_task_group.py
[2024-10-23T04:29:56.399+0000] {processor.py:925} INFO - DAG(s) 'example_task_group' retrieved from /home/airflow/.local/lib/python3.12/site-packages/airflow/example_dags/example_task_group.py
[2024-10-23T04:29:56.413+0000] {logging_mixin.py:190} INFO - [2024-10-23T04:29:56.413+0000] {dag.py:3239} INFO - Sync 1 DAGs
[2024-10-23T04:29:56.423+0000] {logging_mixin.py:190} INFO - [2024-10-23T04:29:56.423+0000] {dag.py:4180} INFO - Setting next_dagrun for example_task_group to None, run_after=None
[2024-10-23T04:29:56.434+0000] {processor.py:208} INFO - Processing /home/airflow/.local/lib/python3.12/site-packages/airflow/example_dags/example_task_group.py took 0.048 seconds
[2024-10-23T04:30:27.201+0000] {processor.py:186} INFO - Started process (PID=14631) to work on /home/airflow/.local/lib/python3.12/site-packages/airflow/example_dags/example_task_group.py
[2024-10-23T04:30:27.201+0000] {processor.py:914} INFO - Processing file /home/airflow/.local/lib/python3.12/site-packages/airflow/example_dags/example_task_group.py for tasks to queue
[2024-10-23T04:30:27.202+0000] {logging_mixin.py:190} INFO - [2024-10-23T04:30:27.202+0000] {dagbag.py:588} INFO - Filling up the DagBag from /home/airflow/.local/lib/python3.12/site-packages/airflow/example_dags/example_task_group.py
[2024-10-23T04:30:27.209+0000] {processor.py:925} INFO - DAG(s) 'example_task_group' retrieved from /home/airflow/.local/lib/python3.12/site-packages/airflow/example_dags/example_task_group.py
[2024-10-23T04:30:27.231+0000] {logging_mixin.py:190} INFO - [2024-10-23T04:30:27.231+0000] {dag.py:3239} INFO - Sync 1 DAGs
[2024-10-23T04:30:27.242+0000] {logging_mixin.py:190} INFO - [2024-10-23T04:30:27.242+0000] {dag.py:4180} INFO - Setting next_dagrun for example_task_group to None, run_after=None
[2024-10-23T04:30:27.255+0000] {processor.py:208} INFO - Processing /home/airflow/.local/lib/python3.12/site-packages/airflow/example_dags/example_task_group.py took 0.059 seconds
[2024-10-23T04:30:57.772+0000] {processor.py:186} INFO - Started process (PID=14694) to work on /home/airflow/.local/lib/python3.12/site-packages/airflow/example_dags/example_task_group.py
[2024-10-23T04:30:57.779+0000] {processor.py:914} INFO - Processing file /home/airflow/.local/lib/python3.12/site-packages/airflow/example_dags/example_task_group.py for tasks to queue
[2024-10-23T04:30:57.780+0000] {logging_mixin.py:190} INFO - [2024-10-23T04:30:57.780+0000] {dagbag.py:588} INFO - Filling up the DagBag from /home/airflow/.local/lib/python3.12/site-packages/airflow/example_dags/example_task_group.py
[2024-10-23T04:30:57.786+0000] {processor.py:925} INFO - DAG(s) 'example_task_group' retrieved from /home/airflow/.local/lib/python3.12/site-packages/airflow/example_dags/example_task_group.py
[2024-10-23T04:30:57.801+0000] {logging_mixin.py:190} INFO - [2024-10-23T04:30:57.801+0000] {dag.py:3239} INFO - Sync 1 DAGs
[2024-10-23T04:30:57.811+0000] {logging_mixin.py:190} INFO - [2024-10-23T04:30:57.811+0000] {dag.py:4180} INFO - Setting next_dagrun for example_task_group to None, run_after=None
[2024-10-23T04:30:57.822+0000] {processor.py:208} INFO - Processing /home/airflow/.local/lib/python3.12/site-packages/airflow/example_dags/example_task_group.py took 0.055 seconds
[2024-10-23T04:31:28.560+0000] {processor.py:186} INFO - Started process (PID=14757) to work on /home/airflow/.local/lib/python3.12/site-packages/airflow/example_dags/example_task_group.py
[2024-10-23T04:31:28.562+0000] {processor.py:914} INFO - Processing file /home/airflow/.local/lib/python3.12/site-packages/airflow/example_dags/example_task_group.py for tasks to queue
[2024-10-23T04:31:28.563+0000] {logging_mixin.py:190} INFO - [2024-10-23T04:31:28.563+0000] {dagbag.py:588} INFO - Filling up the DagBag from /home/airflow/.local/lib/python3.12/site-packages/airflow/example_dags/example_task_group.py
[2024-10-23T04:31:28.570+0000] {processor.py:925} INFO - DAG(s) 'example_task_group' retrieved from /home/airflow/.local/lib/python3.12/site-packages/airflow/example_dags/example_task_group.py
[2024-10-23T04:31:28.585+0000] {logging_mixin.py:190} INFO - [2024-10-23T04:31:28.585+0000] {dag.py:3239} INFO - Sync 1 DAGs
[2024-10-23T04:31:28.594+0000] {logging_mixin.py:190} INFO - [2024-10-23T04:31:28.594+0000] {dag.py:4180} INFO - Setting next_dagrun for example_task_group to None, run_after=None
[2024-10-23T04:31:28.605+0000] {processor.py:208} INFO - Processing /home/airflow/.local/lib/python3.12/site-packages/airflow/example_dags/example_task_group.py took 0.049 seconds
[2024-10-23T04:32:00.192+0000] {processor.py:186} INFO - Started process (PID=14819) to work on /home/airflow/.local/lib/python3.12/site-packages/airflow/example_dags/example_task_group.py
[2024-10-23T04:32:00.193+0000] {processor.py:914} INFO - Processing file /home/airflow/.local/lib/python3.12/site-packages/airflow/example_dags/example_task_group.py for tasks to queue
[2024-10-23T04:32:00.194+0000] {logging_mixin.py:190} INFO - [2024-10-23T04:32:00.193+0000] {dagbag.py:588} INFO - Filling up the DagBag from /home/airflow/.local/lib/python3.12/site-packages/airflow/example_dags/example_task_group.py
[2024-10-23T04:32:00.200+0000] {processor.py:925} INFO - DAG(s) 'example_task_group' retrieved from /home/airflow/.local/lib/python3.12/site-packages/airflow/example_dags/example_task_group.py
[2024-10-23T04:32:00.216+0000] {logging_mixin.py:190} INFO - [2024-10-23T04:32:00.216+0000] {dag.py:3239} INFO - Sync 1 DAGs
[2024-10-23T04:32:00.226+0000] {logging_mixin.py:190} INFO - [2024-10-23T04:32:00.225+0000] {dag.py:4180} INFO - Setting next_dagrun for example_task_group to None, run_after=None
[2024-10-23T04:32:00.238+0000] {processor.py:208} INFO - Processing /home/airflow/.local/lib/python3.12/site-packages/airflow/example_dags/example_task_group.py took 0.051 seconds
[2024-10-23T04:32:31.731+0000] {processor.py:186} INFO - Started process (PID=14882) to work on /home/airflow/.local/lib/python3.12/site-packages/airflow/example_dags/example_task_group.py
[2024-10-23T04:32:31.735+0000] {processor.py:914} INFO - Processing file /home/airflow/.local/lib/python3.12/site-packages/airflow/example_dags/example_task_group.py for tasks to queue
[2024-10-23T04:32:31.736+0000] {logging_mixin.py:190} INFO - [2024-10-23T04:32:31.736+0000] {dagbag.py:588} INFO - Filling up the DagBag from /home/airflow/.local/lib/python3.12/site-packages/airflow/example_dags/example_task_group.py
[2024-10-23T04:32:31.743+0000] {processor.py:925} INFO - DAG(s) 'example_task_group' retrieved from /home/airflow/.local/lib/python3.12/site-packages/airflow/example_dags/example_task_group.py
[2024-10-23T04:32:31.761+0000] {logging_mixin.py:190} INFO - [2024-10-23T04:32:31.760+0000] {dag.py:3239} INFO - Sync 1 DAGs
[2024-10-23T04:32:31.774+0000] {logging_mixin.py:190} INFO - [2024-10-23T04:32:31.773+0000] {dag.py:4180} INFO - Setting next_dagrun for example_task_group to None, run_after=None
[2024-10-23T04:32:31.787+0000] {processor.py:208} INFO - Processing /home/airflow/.local/lib/python3.12/site-packages/airflow/example_dags/example_task_group.py took 0.061 seconds
[2024-10-23T04:33:02.661+0000] {processor.py:186} INFO - Started process (PID=14945) to work on /home/airflow/.local/lib/python3.12/site-packages/airflow/example_dags/example_task_group.py
[2024-10-23T04:33:02.663+0000] {processor.py:914} INFO - Processing file /home/airflow/.local/lib/python3.12/site-packages/airflow/example_dags/example_task_group.py for tasks to queue
[2024-10-23T04:33:02.665+0000] {logging_mixin.py:190} INFO - [2024-10-23T04:33:02.665+0000] {dagbag.py:588} INFO - Filling up the DagBag from /home/airflow/.local/lib/python3.12/site-packages/airflow/example_dags/example_task_group.py
[2024-10-23T04:33:02.672+0000] {processor.py:925} INFO - DAG(s) 'example_task_group' retrieved from /home/airflow/.local/lib/python3.12/site-packages/airflow/example_dags/example_task_group.py
[2024-10-23T04:33:02.685+0000] {logging_mixin.py:190} INFO - [2024-10-23T04:33:02.685+0000] {dag.py:3239} INFO - Sync 1 DAGs
[2024-10-23T04:33:02.695+0000] {logging_mixin.py:190} INFO - [2024-10-23T04:33:02.695+0000] {dag.py:4180} INFO - Setting next_dagrun for example_task_group to None, run_after=None
[2024-10-23T04:33:02.707+0000] {processor.py:208} INFO - Processing /home/airflow/.local/lib/python3.12/site-packages/airflow/example_dags/example_task_group.py took 0.050 seconds
[2024-10-23T04:33:33.427+0000] {processor.py:186} INFO - Started process (PID=15008) to work on /home/airflow/.local/lib/python3.12/site-packages/airflow/example_dags/example_task_group.py
[2024-10-23T04:33:33.428+0000] {processor.py:914} INFO - Processing file /home/airflow/.local/lib/python3.12/site-packages/airflow/example_dags/example_task_group.py for tasks to queue
[2024-10-23T04:33:33.430+0000] {logging_mixin.py:190} INFO - [2024-10-23T04:33:33.429+0000] {dagbag.py:588} INFO - Filling up the DagBag from /home/airflow/.local/lib/python3.12/site-packages/airflow/example_dags/example_task_group.py
[2024-10-23T04:33:33.436+0000] {processor.py:925} INFO - DAG(s) 'example_task_group' retrieved from /home/airflow/.local/lib/python3.12/site-packages/airflow/example_dags/example_task_group.py
[2024-10-23T04:33:33.458+0000] {logging_mixin.py:190} INFO - [2024-10-23T04:33:33.458+0000] {dag.py:3239} INFO - Sync 1 DAGs
[2024-10-23T04:33:33.478+0000] {logging_mixin.py:190} INFO - [2024-10-23T04:33:33.478+0000] {dag.py:4180} INFO - Setting next_dagrun for example_task_group to None, run_after=None
[2024-10-23T04:33:33.491+0000] {processor.py:208} INFO - Processing /home/airflow/.local/lib/python3.12/site-packages/airflow/example_dags/example_task_group.py took 0.069 seconds
[2024-10-23T04:34:04.522+0000] {processor.py:186} INFO - Started process (PID=15071) to work on /home/airflow/.local/lib/python3.12/site-packages/airflow/example_dags/example_task_group.py
[2024-10-23T04:34:04.523+0000] {processor.py:914} INFO - Processing file /home/airflow/.local/lib/python3.12/site-packages/airflow/example_dags/example_task_group.py for tasks to queue
[2024-10-23T04:34:04.524+0000] {logging_mixin.py:190} INFO - [2024-10-23T04:34:04.524+0000] {dagbag.py:588} INFO - Filling up the DagBag from /home/airflow/.local/lib/python3.12/site-packages/airflow/example_dags/example_task_group.py
[2024-10-23T04:34:04.530+0000] {processor.py:925} INFO - DAG(s) 'example_task_group' retrieved from /home/airflow/.local/lib/python3.12/site-packages/airflow/example_dags/example_task_group.py
[2024-10-23T04:34:04.546+0000] {logging_mixin.py:190} INFO - [2024-10-23T04:34:04.546+0000] {dag.py:3239} INFO - Sync 1 DAGs
[2024-10-23T04:34:04.556+0000] {logging_mixin.py:190} INFO - [2024-10-23T04:34:04.556+0000] {dag.py:4180} INFO - Setting next_dagrun for example_task_group to None, run_after=None
[2024-10-23T04:34:04.569+0000] {processor.py:208} INFO - Processing /home/airflow/.local/lib/python3.12/site-packages/airflow/example_dags/example_task_group.py took 0.051 seconds
[2024-10-23T04:34:35.989+0000] {processor.py:186} INFO - Started process (PID=15134) to work on /home/airflow/.local/lib/python3.12/site-packages/airflow/example_dags/example_task_group.py
[2024-10-23T04:34:35.990+0000] {processor.py:914} INFO - Processing file /home/airflow/.local/lib/python3.12/site-packages/airflow/example_dags/example_task_group.py for tasks to queue
[2024-10-23T04:34:35.991+0000] {logging_mixin.py:190} INFO - [2024-10-23T04:34:35.990+0000] {dagbag.py:588} INFO - Filling up the DagBag from /home/airflow/.local/lib/python3.12/site-packages/airflow/example_dags/example_task_group.py
[2024-10-23T04:34:35.998+0000] {processor.py:925} INFO - DAG(s) 'example_task_group' retrieved from /home/airflow/.local/lib/python3.12/site-packages/airflow/example_dags/example_task_group.py
[2024-10-23T04:34:36.012+0000] {logging_mixin.py:190} INFO - [2024-10-23T04:34:36.012+0000] {dag.py:3239} INFO - Sync 1 DAGs
[2024-10-23T04:34:36.022+0000] {logging_mixin.py:190} INFO - [2024-10-23T04:34:36.022+0000] {dag.py:4180} INFO - Setting next_dagrun for example_task_group to None, run_after=None
[2024-10-23T04:34:36.033+0000] {processor.py:208} INFO - Processing /home/airflow/.local/lib/python3.12/site-packages/airflow/example_dags/example_task_group.py took 0.049 seconds
[2024-10-23T04:35:07.458+0000] {processor.py:186} INFO - Started process (PID=15196) to work on /home/airflow/.local/lib/python3.12/site-packages/airflow/example_dags/example_task_group.py
[2024-10-23T04:35:07.459+0000] {processor.py:914} INFO - Processing file /home/airflow/.local/lib/python3.12/site-packages/airflow/example_dags/example_task_group.py for tasks to queue
[2024-10-23T04:35:07.460+0000] {logging_mixin.py:190} INFO - [2024-10-23T04:35:07.460+0000] {dagbag.py:588} INFO - Filling up the DagBag from /home/airflow/.local/lib/python3.12/site-packages/airflow/example_dags/example_task_group.py
[2024-10-23T04:35:07.466+0000] {processor.py:925} INFO - DAG(s) 'example_task_group' retrieved from /home/airflow/.local/lib/python3.12/site-packages/airflow/example_dags/example_task_group.py
[2024-10-23T04:35:07.483+0000] {logging_mixin.py:190} INFO - [2024-10-23T04:35:07.483+0000] {dag.py:3239} INFO - Sync 1 DAGs
[2024-10-23T04:35:07.499+0000] {logging_mixin.py:190} INFO - [2024-10-23T04:35:07.498+0000] {dag.py:4180} INFO - Setting next_dagrun for example_task_group to None, run_after=None
[2024-10-23T04:35:07.510+0000] {processor.py:208} INFO - Processing /home/airflow/.local/lib/python3.12/site-packages/airflow/example_dags/example_task_group.py took 0.056 seconds
[2024-10-23T04:35:39.800+0000] {processor.py:186} INFO - Started process (PID=15263) to work on /home/airflow/.local/lib/python3.12/site-packages/airflow/example_dags/example_task_group.py
[2024-10-23T04:35:39.807+0000] {processor.py:914} INFO - Processing file /home/airflow/.local/lib/python3.12/site-packages/airflow/example_dags/example_task_group.py for tasks to queue
[2024-10-23T04:35:39.809+0000] {logging_mixin.py:190} INFO - [2024-10-23T04:35:39.809+0000] {dagbag.py:588} INFO - Filling up the DagBag from /home/airflow/.local/lib/python3.12/site-packages/airflow/example_dags/example_task_group.py
[2024-10-23T04:35:39.817+0000] {processor.py:925} INFO - DAG(s) 'example_task_group' retrieved from /home/airflow/.local/lib/python3.12/site-packages/airflow/example_dags/example_task_group.py
[2024-10-23T04:35:39.837+0000] {logging_mixin.py:190} INFO - [2024-10-23T04:35:39.837+0000] {dag.py:3239} INFO - Sync 1 DAGs
[2024-10-23T04:35:39.848+0000] {logging_mixin.py:190} INFO - [2024-10-23T04:35:39.847+0000] {dag.py:4180} INFO - Setting next_dagrun for example_task_group to None, run_after=None
[2024-10-23T04:35:39.859+0000] {processor.py:208} INFO - Processing /home/airflow/.local/lib/python3.12/site-packages/airflow/example_dags/example_task_group.py took 0.063 seconds
[2024-10-23T04:36:10.965+0000] {processor.py:186} INFO - Started process (PID=15328) to work on /home/airflow/.local/lib/python3.12/site-packages/airflow/example_dags/example_task_group.py
[2024-10-23T04:36:10.967+0000] {processor.py:914} INFO - Processing file /home/airflow/.local/lib/python3.12/site-packages/airflow/example_dags/example_task_group.py for tasks to queue
[2024-10-23T04:36:10.972+0000] {logging_mixin.py:190} INFO - [2024-10-23T04:36:10.971+0000] {dagbag.py:588} INFO - Filling up the DagBag from /home/airflow/.local/lib/python3.12/site-packages/airflow/example_dags/example_task_group.py
[2024-10-23T04:36:11.004+0000] {processor.py:925} INFO - DAG(s) 'example_task_group' retrieved from /home/airflow/.local/lib/python3.12/site-packages/airflow/example_dags/example_task_group.py
[2024-10-23T04:36:11.121+0000] {logging_mixin.py:190} INFO - [2024-10-23T04:36:11.121+0000] {dag.py:3239} INFO - Sync 1 DAGs
[2024-10-23T04:36:11.164+0000] {logging_mixin.py:190} INFO - [2024-10-23T04:36:11.163+0000] {dag.py:4180} INFO - Setting next_dagrun for example_task_group to None, run_after=None
[2024-10-23T04:36:11.194+0000] {processor.py:208} INFO - Processing /home/airflow/.local/lib/python3.12/site-packages/airflow/example_dags/example_task_group.py took 0.252 seconds
[2024-10-23T04:36:42.512+0000] {processor.py:186} INFO - Started process (PID=15392) to work on /home/airflow/.local/lib/python3.12/site-packages/airflow/example_dags/example_task_group.py
[2024-10-23T04:36:42.513+0000] {processor.py:914} INFO - Processing file /home/airflow/.local/lib/python3.12/site-packages/airflow/example_dags/example_task_group.py for tasks to queue
[2024-10-23T04:36:42.514+0000] {logging_mixin.py:190} INFO - [2024-10-23T04:36:42.514+0000] {dagbag.py:588} INFO - Filling up the DagBag from /home/airflow/.local/lib/python3.12/site-packages/airflow/example_dags/example_task_group.py
[2024-10-23T04:36:42.521+0000] {processor.py:925} INFO - DAG(s) 'example_task_group' retrieved from /home/airflow/.local/lib/python3.12/site-packages/airflow/example_dags/example_task_group.py
[2024-10-23T04:36:42.539+0000] {logging_mixin.py:190} INFO - [2024-10-23T04:36:42.539+0000] {dag.py:3239} INFO - Sync 1 DAGs
[2024-10-23T04:36:42.557+0000] {logging_mixin.py:190} INFO - [2024-10-23T04:36:42.557+0000] {dag.py:4180} INFO - Setting next_dagrun for example_task_group to None, run_after=None
[2024-10-23T04:36:42.573+0000] {processor.py:208} INFO - Processing /home/airflow/.local/lib/python3.12/site-packages/airflow/example_dags/example_task_group.py took 0.068 seconds
[2024-10-23T04:37:14.551+0000] {processor.py:186} INFO - Started process (PID=15455) to work on /home/airflow/.local/lib/python3.12/site-packages/airflow/example_dags/example_task_group.py
[2024-10-23T04:37:14.552+0000] {processor.py:914} INFO - Processing file /home/airflow/.local/lib/python3.12/site-packages/airflow/example_dags/example_task_group.py for tasks to queue
[2024-10-23T04:37:14.553+0000] {logging_mixin.py:190} INFO - [2024-10-23T04:37:14.553+0000] {dagbag.py:588} INFO - Filling up the DagBag from /home/airflow/.local/lib/python3.12/site-packages/airflow/example_dags/example_task_group.py
[2024-10-23T04:37:14.562+0000] {processor.py:925} INFO - DAG(s) 'example_task_group' retrieved from /home/airflow/.local/lib/python3.12/site-packages/airflow/example_dags/example_task_group.py
[2024-10-23T04:37:14.585+0000] {logging_mixin.py:190} INFO - [2024-10-23T04:37:14.585+0000] {dag.py:3239} INFO - Sync 1 DAGs
[2024-10-23T04:37:14.598+0000] {logging_mixin.py:190} INFO - [2024-10-23T04:37:14.598+0000] {dag.py:4180} INFO - Setting next_dagrun for example_task_group to None, run_after=None
[2024-10-23T04:37:14.612+0000] {processor.py:208} INFO - Processing /home/airflow/.local/lib/python3.12/site-packages/airflow/example_dags/example_task_group.py took 0.067 seconds
[2024-10-23T04:37:45.822+0000] {processor.py:186} INFO - Started process (PID=15518) to work on /home/airflow/.local/lib/python3.12/site-packages/airflow/example_dags/example_task_group.py
[2024-10-23T04:37:45.825+0000] {processor.py:914} INFO - Processing file /home/airflow/.local/lib/python3.12/site-packages/airflow/example_dags/example_task_group.py for tasks to queue
[2024-10-23T04:37:45.827+0000] {logging_mixin.py:190} INFO - [2024-10-23T04:37:45.826+0000] {dagbag.py:588} INFO - Filling up the DagBag from /home/airflow/.local/lib/python3.12/site-packages/airflow/example_dags/example_task_group.py
[2024-10-23T04:37:45.863+0000] {processor.py:925} INFO - DAG(s) 'example_task_group' retrieved from /home/airflow/.local/lib/python3.12/site-packages/airflow/example_dags/example_task_group.py
[2024-10-23T04:37:45.891+0000] {logging_mixin.py:190} INFO - [2024-10-23T04:37:45.891+0000] {dag.py:3239} INFO - Sync 1 DAGs
[2024-10-23T04:37:45.911+0000] {logging_mixin.py:190} INFO - [2024-10-23T04:37:45.911+0000] {dag.py:4180} INFO - Setting next_dagrun for example_task_group to None, run_after=None
[2024-10-23T04:37:45.932+0000] {processor.py:208} INFO - Processing /home/airflow/.local/lib/python3.12/site-packages/airflow/example_dags/example_task_group.py took 0.159 seconds
[2024-10-23T04:38:16.210+0000] {processor.py:186} INFO - Started process (PID=15581) to work on /home/airflow/.local/lib/python3.12/site-packages/airflow/example_dags/example_task_group.py
[2024-10-23T04:38:16.211+0000] {processor.py:914} INFO - Processing file /home/airflow/.local/lib/python3.12/site-packages/airflow/example_dags/example_task_group.py for tasks to queue
[2024-10-23T04:38:16.212+0000] {logging_mixin.py:190} INFO - [2024-10-23T04:38:16.212+0000] {dagbag.py:588} INFO - Filling up the DagBag from /home/airflow/.local/lib/python3.12/site-packages/airflow/example_dags/example_task_group.py
[2024-10-23T04:38:16.221+0000] {processor.py:925} INFO - DAG(s) 'example_task_group' retrieved from /home/airflow/.local/lib/python3.12/site-packages/airflow/example_dags/example_task_group.py
[2024-10-23T04:38:16.241+0000] {logging_mixin.py:190} INFO - [2024-10-23T04:38:16.241+0000] {dag.py:3239} INFO - Sync 1 DAGs
[2024-10-23T04:38:16.253+0000] {logging_mixin.py:190} INFO - [2024-10-23T04:38:16.253+0000] {dag.py:4180} INFO - Setting next_dagrun for example_task_group to None, run_after=None
[2024-10-23T04:38:16.264+0000] {processor.py:208} INFO - Processing /home/airflow/.local/lib/python3.12/site-packages/airflow/example_dags/example_task_group.py took 0.060 seconds
[2024-10-23T04:38:49.415+0000] {processor.py:186} INFO - Started process (PID=15650) to work on /home/airflow/.local/lib/python3.12/site-packages/airflow/example_dags/example_task_group.py
[2024-10-23T04:38:49.419+0000] {processor.py:914} INFO - Processing file /home/airflow/.local/lib/python3.12/site-packages/airflow/example_dags/example_task_group.py for tasks to queue
[2024-10-23T04:38:49.419+0000] {logging_mixin.py:190} INFO - [2024-10-23T04:38:49.419+0000] {dagbag.py:588} INFO - Filling up the DagBag from /home/airflow/.local/lib/python3.12/site-packages/airflow/example_dags/example_task_group.py
[2024-10-23T04:38:49.426+0000] {processor.py:925} INFO - DAG(s) 'example_task_group' retrieved from /home/airflow/.local/lib/python3.12/site-packages/airflow/example_dags/example_task_group.py
[2024-10-23T04:38:49.448+0000] {logging_mixin.py:190} INFO - [2024-10-23T04:38:49.448+0000] {dag.py:3239} INFO - Sync 1 DAGs
[2024-10-23T04:38:49.473+0000] {logging_mixin.py:190} INFO - [2024-10-23T04:38:49.473+0000] {dag.py:4180} INFO - Setting next_dagrun for example_task_group to None, run_after=None
[2024-10-23T04:38:49.489+0000] {processor.py:208} INFO - Processing /home/airflow/.local/lib/python3.12/site-packages/airflow/example_dags/example_task_group.py took 0.078 seconds
[2024-10-23T04:39:21.757+0000] {processor.py:186} INFO - Started process (PID=15713) to work on /home/airflow/.local/lib/python3.12/site-packages/airflow/example_dags/example_task_group.py
[2024-10-23T04:39:21.759+0000] {processor.py:914} INFO - Processing file /home/airflow/.local/lib/python3.12/site-packages/airflow/example_dags/example_task_group.py for tasks to queue
[2024-10-23T04:39:21.761+0000] {logging_mixin.py:190} INFO - [2024-10-23T04:39:21.761+0000] {dagbag.py:588} INFO - Filling up the DagBag from /home/airflow/.local/lib/python3.12/site-packages/airflow/example_dags/example_task_group.py
[2024-10-23T04:39:21.776+0000] {processor.py:925} INFO - DAG(s) 'example_task_group' retrieved from /home/airflow/.local/lib/python3.12/site-packages/airflow/example_dags/example_task_group.py
[2024-10-23T04:39:21.804+0000] {logging_mixin.py:190} INFO - [2024-10-23T04:39:21.803+0000] {dag.py:3239} INFO - Sync 1 DAGs
[2024-10-23T04:39:21.830+0000] {logging_mixin.py:190} INFO - [2024-10-23T04:39:21.829+0000] {dag.py:4180} INFO - Setting next_dagrun for example_task_group to None, run_after=None
[2024-10-23T04:39:21.853+0000] {processor.py:208} INFO - Processing /home/airflow/.local/lib/python3.12/site-packages/airflow/example_dags/example_task_group.py took 0.107 seconds
[2024-10-23T04:39:52.680+0000] {processor.py:186} INFO - Started process (PID=15775) to work on /home/airflow/.local/lib/python3.12/site-packages/airflow/example_dags/example_task_group.py
[2024-10-23T04:39:52.681+0000] {processor.py:914} INFO - Processing file /home/airflow/.local/lib/python3.12/site-packages/airflow/example_dags/example_task_group.py for tasks to queue
[2024-10-23T04:39:52.682+0000] {logging_mixin.py:190} INFO - [2024-10-23T04:39:52.682+0000] {dagbag.py:588} INFO - Filling up the DagBag from /home/airflow/.local/lib/python3.12/site-packages/airflow/example_dags/example_task_group.py
[2024-10-23T04:39:52.690+0000] {processor.py:925} INFO - DAG(s) 'example_task_group' retrieved from /home/airflow/.local/lib/python3.12/site-packages/airflow/example_dags/example_task_group.py
[2024-10-23T04:39:52.708+0000] {logging_mixin.py:190} INFO - [2024-10-23T04:39:52.708+0000] {dag.py:3239} INFO - Sync 1 DAGs
[2024-10-23T04:39:52.719+0000] {logging_mixin.py:190} INFO - [2024-10-23T04:39:52.718+0000] {dag.py:4180} INFO - Setting next_dagrun for example_task_group to None, run_after=None
[2024-10-23T04:39:52.730+0000] {processor.py:208} INFO - Processing /home/airflow/.local/lib/python3.12/site-packages/airflow/example_dags/example_task_group.py took 0.078 seconds
[2024-10-23T04:40:23.608+0000] {processor.py:186} INFO - Started process (PID=15837) to work on /home/airflow/.local/lib/python3.12/site-packages/airflow/example_dags/example_task_group.py
[2024-10-23T04:40:23.610+0000] {processor.py:914} INFO - Processing file /home/airflow/.local/lib/python3.12/site-packages/airflow/example_dags/example_task_group.py for tasks to queue
[2024-10-23T04:40:23.612+0000] {logging_mixin.py:190} INFO - [2024-10-23T04:40:23.612+0000] {dagbag.py:588} INFO - Filling up the DagBag from /home/airflow/.local/lib/python3.12/site-packages/airflow/example_dags/example_task_group.py
[2024-10-23T04:40:23.620+0000] {processor.py:925} INFO - DAG(s) 'example_task_group' retrieved from /home/airflow/.local/lib/python3.12/site-packages/airflow/example_dags/example_task_group.py
[2024-10-23T04:40:23.856+0000] {logging_mixin.py:190} INFO - [2024-10-23T04:40:23.855+0000] {dag.py:3239} INFO - Sync 1 DAGs
[2024-10-23T04:40:23.882+0000] {logging_mixin.py:190} INFO - [2024-10-23T04:40:23.882+0000] {dag.py:4180} INFO - Setting next_dagrun for example_task_group to None, run_after=None
[2024-10-23T04:40:23.907+0000] {processor.py:208} INFO - Processing /home/airflow/.local/lib/python3.12/site-packages/airflow/example_dags/example_task_group.py took 0.303 seconds
[2024-10-23T04:40:54.972+0000] {processor.py:186} INFO - Started process (PID=15901) to work on /home/airflow/.local/lib/python3.12/site-packages/airflow/example_dags/example_task_group.py
[2024-10-23T04:40:54.973+0000] {processor.py:914} INFO - Processing file /home/airflow/.local/lib/python3.12/site-packages/airflow/example_dags/example_task_group.py for tasks to queue
[2024-10-23T04:40:54.974+0000] {logging_mixin.py:190} INFO - [2024-10-23T04:40:54.974+0000] {dagbag.py:588} INFO - Filling up the DagBag from /home/airflow/.local/lib/python3.12/site-packages/airflow/example_dags/example_task_group.py
[2024-10-23T04:40:54.980+0000] {processor.py:925} INFO - DAG(s) 'example_task_group' retrieved from /home/airflow/.local/lib/python3.12/site-packages/airflow/example_dags/example_task_group.py
[2024-10-23T04:40:54.995+0000] {logging_mixin.py:190} INFO - [2024-10-23T04:40:54.995+0000] {dag.py:3239} INFO - Sync 1 DAGs
[2024-10-23T04:40:55.005+0000] {logging_mixin.py:190} INFO - [2024-10-23T04:40:55.004+0000] {dag.py:4180} INFO - Setting next_dagrun for example_task_group to None, run_after=None
[2024-10-23T04:40:55.016+0000] {processor.py:208} INFO - Processing /home/airflow/.local/lib/python3.12/site-packages/airflow/example_dags/example_task_group.py took 0.049 seconds
[2024-10-23T04:41:25.712+0000] {processor.py:186} INFO - Started process (PID=15964) to work on /home/airflow/.local/lib/python3.12/site-packages/airflow/example_dags/example_task_group.py
[2024-10-23T04:41:25.714+0000] {processor.py:914} INFO - Processing file /home/airflow/.local/lib/python3.12/site-packages/airflow/example_dags/example_task_group.py for tasks to queue
[2024-10-23T04:41:25.716+0000] {logging_mixin.py:190} INFO - [2024-10-23T04:41:25.715+0000] {dagbag.py:588} INFO - Filling up the DagBag from /home/airflow/.local/lib/python3.12/site-packages/airflow/example_dags/example_task_group.py
[2024-10-23T04:41:25.726+0000] {processor.py:925} INFO - DAG(s) 'example_task_group' retrieved from /home/airflow/.local/lib/python3.12/site-packages/airflow/example_dags/example_task_group.py
[2024-10-23T04:41:25.746+0000] {logging_mixin.py:190} INFO - [2024-10-23T04:41:25.746+0000] {dag.py:3239} INFO - Sync 1 DAGs
[2024-10-23T04:41:25.761+0000] {logging_mixin.py:190} INFO - [2024-10-23T04:41:25.761+0000] {dag.py:4180} INFO - Setting next_dagrun for example_task_group to None, run_after=None
[2024-10-23T04:41:25.776+0000] {processor.py:208} INFO - Processing /home/airflow/.local/lib/python3.12/site-packages/airflow/example_dags/example_task_group.py took 0.069 seconds
[2024-10-23T04:41:56.608+0000] {processor.py:186} INFO - Started process (PID=16027) to work on /home/airflow/.local/lib/python3.12/site-packages/airflow/example_dags/example_task_group.py
[2024-10-23T04:41:56.609+0000] {processor.py:914} INFO - Processing file /home/airflow/.local/lib/python3.12/site-packages/airflow/example_dags/example_task_group.py for tasks to queue
[2024-10-23T04:41:56.610+0000] {logging_mixin.py:190} INFO - [2024-10-23T04:41:56.610+0000] {dagbag.py:588} INFO - Filling up the DagBag from /home/airflow/.local/lib/python3.12/site-packages/airflow/example_dags/example_task_group.py
[2024-10-23T04:41:56.616+0000] {processor.py:925} INFO - DAG(s) 'example_task_group' retrieved from /home/airflow/.local/lib/python3.12/site-packages/airflow/example_dags/example_task_group.py
[2024-10-23T04:41:56.632+0000] {logging_mixin.py:190} INFO - [2024-10-23T04:41:56.632+0000] {dag.py:3239} INFO - Sync 1 DAGs
[2024-10-23T04:41:56.642+0000] {logging_mixin.py:190} INFO - [2024-10-23T04:41:56.642+0000] {dag.py:4180} INFO - Setting next_dagrun for example_task_group to None, run_after=None
[2024-10-23T04:41:56.655+0000] {processor.py:208} INFO - Processing /home/airflow/.local/lib/python3.12/site-packages/airflow/example_dags/example_task_group.py took 0.051 seconds
[2024-10-23T04:42:26.680+0000] {processor.py:186} INFO - Started process (PID=16089) to work on /home/airflow/.local/lib/python3.12/site-packages/airflow/example_dags/example_task_group.py
[2024-10-23T04:42:26.682+0000] {processor.py:914} INFO - Processing file /home/airflow/.local/lib/python3.12/site-packages/airflow/example_dags/example_task_group.py for tasks to queue
[2024-10-23T04:42:26.683+0000] {logging_mixin.py:190} INFO - [2024-10-23T04:42:26.683+0000] {dagbag.py:588} INFO - Filling up the DagBag from /home/airflow/.local/lib/python3.12/site-packages/airflow/example_dags/example_task_group.py
[2024-10-23T04:42:26.693+0000] {processor.py:925} INFO - DAG(s) 'example_task_group' retrieved from /home/airflow/.local/lib/python3.12/site-packages/airflow/example_dags/example_task_group.py
[2024-10-23T04:42:26.714+0000] {logging_mixin.py:190} INFO - [2024-10-23T04:42:26.714+0000] {dag.py:3239} INFO - Sync 1 DAGs
[2024-10-23T04:42:26.730+0000] {logging_mixin.py:190} INFO - [2024-10-23T04:42:26.730+0000] {dag.py:4180} INFO - Setting next_dagrun for example_task_group to None, run_after=None
[2024-10-23T04:42:26.746+0000] {processor.py:208} INFO - Processing /home/airflow/.local/lib/python3.12/site-packages/airflow/example_dags/example_task_group.py took 0.072 seconds
[2024-10-23T04:42:56.813+0000] {processor.py:186} INFO - Started process (PID=16152) to work on /home/airflow/.local/lib/python3.12/site-packages/airflow/example_dags/example_task_group.py
[2024-10-23T04:42:56.814+0000] {processor.py:914} INFO - Processing file /home/airflow/.local/lib/python3.12/site-packages/airflow/example_dags/example_task_group.py for tasks to queue
[2024-10-23T04:42:56.815+0000] {logging_mixin.py:190} INFO - [2024-10-23T04:42:56.814+0000] {dagbag.py:588} INFO - Filling up the DagBag from /home/airflow/.local/lib/python3.12/site-packages/airflow/example_dags/example_task_group.py
[2024-10-23T04:42:56.821+0000] {processor.py:925} INFO - DAG(s) 'example_task_group' retrieved from /home/airflow/.local/lib/python3.12/site-packages/airflow/example_dags/example_task_group.py
[2024-10-23T04:42:56.834+0000] {logging_mixin.py:190} INFO - [2024-10-23T04:42:56.834+0000] {dag.py:3239} INFO - Sync 1 DAGs
[2024-10-23T04:42:56.843+0000] {logging_mixin.py:190} INFO - [2024-10-23T04:42:56.843+0000] {dag.py:4180} INFO - Setting next_dagrun for example_task_group to None, run_after=None
[2024-10-23T04:42:56.853+0000] {processor.py:208} INFO - Processing /home/airflow/.local/lib/python3.12/site-packages/airflow/example_dags/example_task_group.py took 0.044 seconds
[2024-10-23T04:43:27.909+0000] {processor.py:186} INFO - Started process (PID=16215) to work on /home/airflow/.local/lib/python3.12/site-packages/airflow/example_dags/example_task_group.py
[2024-10-23T04:43:27.909+0000] {processor.py:914} INFO - Processing file /home/airflow/.local/lib/python3.12/site-packages/airflow/example_dags/example_task_group.py for tasks to queue
[2024-10-23T04:43:27.910+0000] {logging_mixin.py:190} INFO - [2024-10-23T04:43:27.910+0000] {dagbag.py:588} INFO - Filling up the DagBag from /home/airflow/.local/lib/python3.12/site-packages/airflow/example_dags/example_task_group.py
[2024-10-23T04:43:27.916+0000] {processor.py:925} INFO - DAG(s) 'example_task_group' retrieved from /home/airflow/.local/lib/python3.12/site-packages/airflow/example_dags/example_task_group.py
[2024-10-23T04:43:27.936+0000] {logging_mixin.py:190} INFO - [2024-10-23T04:43:27.936+0000] {dag.py:3239} INFO - Sync 1 DAGs
[2024-10-23T04:43:27.950+0000] {logging_mixin.py:190} INFO - [2024-10-23T04:43:27.950+0000] {dag.py:4180} INFO - Setting next_dagrun for example_task_group to None, run_after=None
[2024-10-23T04:43:27.965+0000] {processor.py:208} INFO - Processing /home/airflow/.local/lib/python3.12/site-packages/airflow/example_dags/example_task_group.py took 0.061 seconds
[2024-10-23T04:43:59.015+0000] {processor.py:186} INFO - Started process (PID=16278) to work on /home/airflow/.local/lib/python3.12/site-packages/airflow/example_dags/example_task_group.py
[2024-10-23T04:43:59.022+0000] {processor.py:914} INFO - Processing file /home/airflow/.local/lib/python3.12/site-packages/airflow/example_dags/example_task_group.py for tasks to queue
[2024-10-23T04:43:59.022+0000] {logging_mixin.py:190} INFO - [2024-10-23T04:43:59.022+0000] {dagbag.py:588} INFO - Filling up the DagBag from /home/airflow/.local/lib/python3.12/site-packages/airflow/example_dags/example_task_group.py
[2024-10-23T04:43:59.029+0000] {processor.py:925} INFO - DAG(s) 'example_task_group' retrieved from /home/airflow/.local/lib/python3.12/site-packages/airflow/example_dags/example_task_group.py
[2024-10-23T04:43:59.043+0000] {logging_mixin.py:190} INFO - [2024-10-23T04:43:59.043+0000] {dag.py:3239} INFO - Sync 1 DAGs
[2024-10-23T04:43:59.054+0000] {logging_mixin.py:190} INFO - [2024-10-23T04:43:59.054+0000] {dag.py:4180} INFO - Setting next_dagrun for example_task_group to None, run_after=None
[2024-10-23T04:43:59.068+0000] {processor.py:208} INFO - Processing /home/airflow/.local/lib/python3.12/site-packages/airflow/example_dags/example_task_group.py took 0.057 seconds
[2024-10-23T04:44:30.053+0000] {processor.py:186} INFO - Started process (PID=16341) to work on /home/airflow/.local/lib/python3.12/site-packages/airflow/example_dags/example_task_group.py
[2024-10-23T04:44:30.054+0000] {processor.py:914} INFO - Processing file /home/airflow/.local/lib/python3.12/site-packages/airflow/example_dags/example_task_group.py for tasks to queue
[2024-10-23T04:44:30.055+0000] {logging_mixin.py:190} INFO - [2024-10-23T04:44:30.055+0000] {dagbag.py:588} INFO - Filling up the DagBag from /home/airflow/.local/lib/python3.12/site-packages/airflow/example_dags/example_task_group.py
[2024-10-23T04:44:30.062+0000] {processor.py:925} INFO - DAG(s) 'example_task_group' retrieved from /home/airflow/.local/lib/python3.12/site-packages/airflow/example_dags/example_task_group.py
[2024-10-23T04:44:30.083+0000] {logging_mixin.py:190} INFO - [2024-10-23T04:44:30.083+0000] {dag.py:3239} INFO - Sync 1 DAGs
[2024-10-23T04:44:30.095+0000] {logging_mixin.py:190} INFO - [2024-10-23T04:44:30.095+0000] {dag.py:4180} INFO - Setting next_dagrun for example_task_group to None, run_after=None
[2024-10-23T04:44:30.108+0000] {processor.py:208} INFO - Processing /home/airflow/.local/lib/python3.12/site-packages/airflow/example_dags/example_task_group.py took 0.058 seconds
[2024-10-23T04:45:01.218+0000] {processor.py:186} INFO - Started process (PID=16404) to work on /home/airflow/.local/lib/python3.12/site-packages/airflow/example_dags/example_task_group.py
[2024-10-23T04:45:01.220+0000] {processor.py:914} INFO - Processing file /home/airflow/.local/lib/python3.12/site-packages/airflow/example_dags/example_task_group.py for tasks to queue
[2024-10-23T04:45:01.221+0000] {logging_mixin.py:190} INFO - [2024-10-23T04:45:01.221+0000] {dagbag.py:588} INFO - Filling up the DagBag from /home/airflow/.local/lib/python3.12/site-packages/airflow/example_dags/example_task_group.py
[2024-10-23T04:45:01.229+0000] {processor.py:925} INFO - DAG(s) 'example_task_group' retrieved from /home/airflow/.local/lib/python3.12/site-packages/airflow/example_dags/example_task_group.py
[2024-10-23T04:45:01.246+0000] {logging_mixin.py:190} INFO - [2024-10-23T04:45:01.246+0000] {dag.py:3239} INFO - Sync 1 DAGs
[2024-10-23T04:45:01.259+0000] {logging_mixin.py:190} INFO - [2024-10-23T04:45:01.259+0000] {dag.py:4180} INFO - Setting next_dagrun for example_task_group to None, run_after=None
[2024-10-23T04:45:01.270+0000] {processor.py:208} INFO - Processing /home/airflow/.local/lib/python3.12/site-packages/airflow/example_dags/example_task_group.py took 0.058 seconds
[2024-10-23T04:45:32.414+0000] {processor.py:186} INFO - Started process (PID=16467) to work on /home/airflow/.local/lib/python3.12/site-packages/airflow/example_dags/example_task_group.py
[2024-10-23T04:45:32.415+0000] {processor.py:914} INFO - Processing file /home/airflow/.local/lib/python3.12/site-packages/airflow/example_dags/example_task_group.py for tasks to queue
[2024-10-23T04:45:32.416+0000] {logging_mixin.py:190} INFO - [2024-10-23T04:45:32.415+0000] {dagbag.py:588} INFO - Filling up the DagBag from /home/airflow/.local/lib/python3.12/site-packages/airflow/example_dags/example_task_group.py
[2024-10-23T04:45:32.422+0000] {processor.py:925} INFO - DAG(s) 'example_task_group' retrieved from /home/airflow/.local/lib/python3.12/site-packages/airflow/example_dags/example_task_group.py
[2024-10-23T04:45:32.439+0000] {logging_mixin.py:190} INFO - [2024-10-23T04:45:32.439+0000] {dag.py:3239} INFO - Sync 1 DAGs
[2024-10-23T04:45:32.449+0000] {logging_mixin.py:190} INFO - [2024-10-23T04:45:32.448+0000] {dag.py:4180} INFO - Setting next_dagrun for example_task_group to None, run_after=None
[2024-10-23T04:45:32.461+0000] {processor.py:208} INFO - Processing /home/airflow/.local/lib/python3.12/site-packages/airflow/example_dags/example_task_group.py took 0.051 seconds
[2024-10-23T07:12:07.622+0000] {processor.py:186} INFO - Started process (PID=34480) to work on /home/airflow/.local/lib/python3.12/site-packages/airflow/example_dags/example_task_group.py
[2024-10-23T07:12:07.623+0000] {processor.py:914} INFO - Processing file /home/airflow/.local/lib/python3.12/site-packages/airflow/example_dags/example_task_group.py for tasks to queue
[2024-10-23T07:12:07.624+0000] {logging_mixin.py:190} INFO - [2024-10-23T07:12:07.623+0000] {dagbag.py:588} INFO - Filling up the DagBag from /home/airflow/.local/lib/python3.12/site-packages/airflow/example_dags/example_task_group.py
[2024-10-23T07:12:07.631+0000] {processor.py:925} INFO - DAG(s) 'example_task_group' retrieved from /home/airflow/.local/lib/python3.12/site-packages/airflow/example_dags/example_task_group.py
[2024-10-23T07:12:07.646+0000] {logging_mixin.py:190} INFO - [2024-10-23T07:12:07.646+0000] {dag.py:3239} INFO - Sync 1 DAGs
[2024-10-23T07:12:07.656+0000] {logging_mixin.py:190} INFO - [2024-10-23T07:12:07.656+0000] {dag.py:4180} INFO - Setting next_dagrun for example_task_group to None, run_after=None
[2024-10-23T07:12:07.669+0000] {processor.py:208} INFO - Processing /home/airflow/.local/lib/python3.12/site-packages/airflow/example_dags/example_task_group.py took 0.052 seconds
[2024-10-23T07:12:38.235+0000] {processor.py:186} INFO - Started process (PID=34543) to work on /home/airflow/.local/lib/python3.12/site-packages/airflow/example_dags/example_task_group.py
[2024-10-23T07:12:38.236+0000] {processor.py:914} INFO - Processing file /home/airflow/.local/lib/python3.12/site-packages/airflow/example_dags/example_task_group.py for tasks to queue
[2024-10-23T07:12:38.237+0000] {logging_mixin.py:190} INFO - [2024-10-23T07:12:38.236+0000] {dagbag.py:588} INFO - Filling up the DagBag from /home/airflow/.local/lib/python3.12/site-packages/airflow/example_dags/example_task_group.py
[2024-10-23T07:12:38.243+0000] {processor.py:925} INFO - DAG(s) 'example_task_group' retrieved from /home/airflow/.local/lib/python3.12/site-packages/airflow/example_dags/example_task_group.py
[2024-10-23T07:12:38.260+0000] {logging_mixin.py:190} INFO - [2024-10-23T07:12:38.260+0000] {dag.py:3239} INFO - Sync 1 DAGs
[2024-10-23T07:12:38.272+0000] {logging_mixin.py:190} INFO - [2024-10-23T07:12:38.272+0000] {dag.py:4180} INFO - Setting next_dagrun for example_task_group to None, run_after=None
[2024-10-23T07:12:38.286+0000] {processor.py:208} INFO - Processing /home/airflow/.local/lib/python3.12/site-packages/airflow/example_dags/example_task_group.py took 0.055 seconds
[2024-10-23T07:13:09.465+0000] {processor.py:186} INFO - Started process (PID=34606) to work on /home/airflow/.local/lib/python3.12/site-packages/airflow/example_dags/example_task_group.py
[2024-10-23T07:13:09.466+0000] {processor.py:914} INFO - Processing file /home/airflow/.local/lib/python3.12/site-packages/airflow/example_dags/example_task_group.py for tasks to queue
[2024-10-23T07:13:09.468+0000] {logging_mixin.py:190} INFO - [2024-10-23T07:13:09.467+0000] {dagbag.py:588} INFO - Filling up the DagBag from /home/airflow/.local/lib/python3.12/site-packages/airflow/example_dags/example_task_group.py
[2024-10-23T07:13:09.475+0000] {processor.py:925} INFO - DAG(s) 'example_task_group' retrieved from /home/airflow/.local/lib/python3.12/site-packages/airflow/example_dags/example_task_group.py
[2024-10-23T07:13:09.493+0000] {logging_mixin.py:190} INFO - [2024-10-23T07:13:09.493+0000] {dag.py:3239} INFO - Sync 1 DAGs
[2024-10-23T07:13:09.503+0000] {logging_mixin.py:190} INFO - [2024-10-23T07:13:09.503+0000] {dag.py:4180} INFO - Setting next_dagrun for example_task_group to None, run_after=None
[2024-10-23T07:13:09.516+0000] {processor.py:208} INFO - Processing /home/airflow/.local/lib/python3.12/site-packages/airflow/example_dags/example_task_group.py took 0.057 seconds
[2024-10-23T07:13:40.194+0000] {processor.py:186} INFO - Started process (PID=34669) to work on /home/airflow/.local/lib/python3.12/site-packages/airflow/example_dags/example_task_group.py
[2024-10-23T07:13:40.195+0000] {processor.py:914} INFO - Processing file /home/airflow/.local/lib/python3.12/site-packages/airflow/example_dags/example_task_group.py for tasks to queue
[2024-10-23T07:13:40.197+0000] {logging_mixin.py:190} INFO - [2024-10-23T07:13:40.197+0000] {dagbag.py:588} INFO - Filling up the DagBag from /home/airflow/.local/lib/python3.12/site-packages/airflow/example_dags/example_task_group.py
[2024-10-23T07:13:40.204+0000] {processor.py:925} INFO - DAG(s) 'example_task_group' retrieved from /home/airflow/.local/lib/python3.12/site-packages/airflow/example_dags/example_task_group.py
[2024-10-23T07:13:40.221+0000] {logging_mixin.py:190} INFO - [2024-10-23T07:13:40.221+0000] {dag.py:3239} INFO - Sync 1 DAGs
[2024-10-23T07:13:40.235+0000] {logging_mixin.py:190} INFO - [2024-10-23T07:13:40.235+0000] {dag.py:4180} INFO - Setting next_dagrun for example_task_group to None, run_after=None
[2024-10-23T07:13:40.249+0000] {processor.py:208} INFO - Processing /home/airflow/.local/lib/python3.12/site-packages/airflow/example_dags/example_task_group.py took 0.060 seconds
[2024-10-23T07:14:11.715+0000] {processor.py:186} INFO - Started process (PID=34732) to work on /home/airflow/.local/lib/python3.12/site-packages/airflow/example_dags/example_task_group.py
[2024-10-23T07:14:11.716+0000] {processor.py:914} INFO - Processing file /home/airflow/.local/lib/python3.12/site-packages/airflow/example_dags/example_task_group.py for tasks to queue
[2024-10-23T07:14:11.717+0000] {logging_mixin.py:190} INFO - [2024-10-23T07:14:11.717+0000] {dagbag.py:588} INFO - Filling up the DagBag from /home/airflow/.local/lib/python3.12/site-packages/airflow/example_dags/example_task_group.py
[2024-10-23T07:14:11.725+0000] {processor.py:925} INFO - DAG(s) 'example_task_group' retrieved from /home/airflow/.local/lib/python3.12/site-packages/airflow/example_dags/example_task_group.py
[2024-10-23T07:14:11.738+0000] {logging_mixin.py:190} INFO - [2024-10-23T07:14:11.738+0000] {dag.py:3239} INFO - Sync 1 DAGs
[2024-10-23T07:14:11.749+0000] {logging_mixin.py:190} INFO - [2024-10-23T07:14:11.749+0000] {dag.py:4180} INFO - Setting next_dagrun for example_task_group to None, run_after=None
[2024-10-23T07:14:11.761+0000] {processor.py:208} INFO - Processing /home/airflow/.local/lib/python3.12/site-packages/airflow/example_dags/example_task_group.py took 0.050 seconds
[2024-10-23T07:14:42.644+0000] {processor.py:186} INFO - Started process (PID=34795) to work on /home/airflow/.local/lib/python3.12/site-packages/airflow/example_dags/example_task_group.py
[2024-10-23T07:14:42.646+0000] {processor.py:914} INFO - Processing file /home/airflow/.local/lib/python3.12/site-packages/airflow/example_dags/example_task_group.py for tasks to queue
[2024-10-23T07:14:42.647+0000] {logging_mixin.py:190} INFO - [2024-10-23T07:14:42.647+0000] {dagbag.py:588} INFO - Filling up the DagBag from /home/airflow/.local/lib/python3.12/site-packages/airflow/example_dags/example_task_group.py
[2024-10-23T07:14:42.654+0000] {processor.py:925} INFO - DAG(s) 'example_task_group' retrieved from /home/airflow/.local/lib/python3.12/site-packages/airflow/example_dags/example_task_group.py
[2024-10-23T07:14:42.670+0000] {logging_mixin.py:190} INFO - [2024-10-23T07:14:42.670+0000] {dag.py:3239} INFO - Sync 1 DAGs
[2024-10-23T07:14:42.824+0000] {logging_mixin.py:190} INFO - [2024-10-23T07:14:42.824+0000] {dag.py:4180} INFO - Setting next_dagrun for example_task_group to None, run_after=None
[2024-10-23T07:14:42.836+0000] {processor.py:208} INFO - Processing /home/airflow/.local/lib/python3.12/site-packages/airflow/example_dags/example_task_group.py took 0.196 seconds
[2024-10-23T07:15:14.000+0000] {processor.py:186} INFO - Started process (PID=34858) to work on /home/airflow/.local/lib/python3.12/site-packages/airflow/example_dags/example_task_group.py
[2024-10-23T07:15:14.001+0000] {processor.py:914} INFO - Processing file /home/airflow/.local/lib/python3.12/site-packages/airflow/example_dags/example_task_group.py for tasks to queue
[2024-10-23T07:15:14.002+0000] {logging_mixin.py:190} INFO - [2024-10-23T07:15:14.002+0000] {dagbag.py:588} INFO - Filling up the DagBag from /home/airflow/.local/lib/python3.12/site-packages/airflow/example_dags/example_task_group.py
[2024-10-23T07:15:14.012+0000] {processor.py:925} INFO - DAG(s) 'example_task_group' retrieved from /home/airflow/.local/lib/python3.12/site-packages/airflow/example_dags/example_task_group.py
[2024-10-23T07:15:14.034+0000] {logging_mixin.py:190} INFO - [2024-10-23T07:15:14.033+0000] {dag.py:3239} INFO - Sync 1 DAGs
[2024-10-23T07:15:14.200+0000] {logging_mixin.py:190} INFO - [2024-10-23T07:15:14.200+0000] {dag.py:4180} INFO - Setting next_dagrun for example_task_group to None, run_after=None
[2024-10-23T07:15:14.214+0000] {processor.py:208} INFO - Processing /home/airflow/.local/lib/python3.12/site-packages/airflow/example_dags/example_task_group.py took 0.219 seconds
[2024-10-23T07:15:44.291+0000] {processor.py:186} INFO - Started process (PID=34921) to work on /home/airflow/.local/lib/python3.12/site-packages/airflow/example_dags/example_task_group.py
[2024-10-23T07:15:44.295+0000] {processor.py:914} INFO - Processing file /home/airflow/.local/lib/python3.12/site-packages/airflow/example_dags/example_task_group.py for tasks to queue
[2024-10-23T07:15:44.296+0000] {logging_mixin.py:190} INFO - [2024-10-23T07:15:44.296+0000] {dagbag.py:588} INFO - Filling up the DagBag from /home/airflow/.local/lib/python3.12/site-packages/airflow/example_dags/example_task_group.py
[2024-10-23T07:15:44.302+0000] {processor.py:925} INFO - DAG(s) 'example_task_group' retrieved from /home/airflow/.local/lib/python3.12/site-packages/airflow/example_dags/example_task_group.py
[2024-10-23T07:15:44.315+0000] {logging_mixin.py:190} INFO - [2024-10-23T07:15:44.315+0000] {dag.py:3239} INFO - Sync 1 DAGs
[2024-10-23T07:15:44.324+0000] {logging_mixin.py:190} INFO - [2024-10-23T07:15:44.324+0000] {dag.py:4180} INFO - Setting next_dagrun for example_task_group to None, run_after=None
[2024-10-23T07:15:44.335+0000] {processor.py:208} INFO - Processing /home/airflow/.local/lib/python3.12/site-packages/airflow/example_dags/example_task_group.py took 0.048 seconds
[2024-10-23T07:16:15.702+0000] {processor.py:186} INFO - Started process (PID=34984) to work on /home/airflow/.local/lib/python3.12/site-packages/airflow/example_dags/example_task_group.py
[2024-10-23T07:16:15.703+0000] {processor.py:914} INFO - Processing file /home/airflow/.local/lib/python3.12/site-packages/airflow/example_dags/example_task_group.py for tasks to queue
[2024-10-23T07:16:15.704+0000] {logging_mixin.py:190} INFO - [2024-10-23T07:16:15.704+0000] {dagbag.py:588} INFO - Filling up the DagBag from /home/airflow/.local/lib/python3.12/site-packages/airflow/example_dags/example_task_group.py
[2024-10-23T07:16:15.710+0000] {processor.py:925} INFO - DAG(s) 'example_task_group' retrieved from /home/airflow/.local/lib/python3.12/site-packages/airflow/example_dags/example_task_group.py
[2024-10-23T07:16:15.724+0000] {logging_mixin.py:190} INFO - [2024-10-23T07:16:15.724+0000] {dag.py:3239} INFO - Sync 1 DAGs
[2024-10-23T07:16:15.733+0000] {logging_mixin.py:190} INFO - [2024-10-23T07:16:15.733+0000] {dag.py:4180} INFO - Setting next_dagrun for example_task_group to None, run_after=None
[2024-10-23T07:16:15.743+0000] {processor.py:208} INFO - Processing /home/airflow/.local/lib/python3.12/site-packages/airflow/example_dags/example_task_group.py took 0.045 seconds
[2024-10-23T07:16:45.887+0000] {processor.py:186} INFO - Started process (PID=35047) to work on /home/airflow/.local/lib/python3.12/site-packages/airflow/example_dags/example_task_group.py
[2024-10-23T07:16:45.888+0000] {processor.py:914} INFO - Processing file /home/airflow/.local/lib/python3.12/site-packages/airflow/example_dags/example_task_group.py for tasks to queue
[2024-10-23T07:16:45.889+0000] {logging_mixin.py:190} INFO - [2024-10-23T07:16:45.889+0000] {dagbag.py:588} INFO - Filling up the DagBag from /home/airflow/.local/lib/python3.12/site-packages/airflow/example_dags/example_task_group.py
[2024-10-23T07:16:45.895+0000] {processor.py:925} INFO - DAG(s) 'example_task_group' retrieved from /home/airflow/.local/lib/python3.12/site-packages/airflow/example_dags/example_task_group.py
[2024-10-23T07:16:45.912+0000] {logging_mixin.py:190} INFO - [2024-10-23T07:16:45.911+0000] {dag.py:3239} INFO - Sync 1 DAGs
[2024-10-23T07:16:45.923+0000] {logging_mixin.py:190} INFO - [2024-10-23T07:16:45.922+0000] {dag.py:4180} INFO - Setting next_dagrun for example_task_group to None, run_after=None
[2024-10-23T07:16:45.937+0000] {processor.py:208} INFO - Processing /home/airflow/.local/lib/python3.12/site-packages/airflow/example_dags/example_task_group.py took 0.056 seconds
[2024-10-23T07:17:16.147+0000] {processor.py:186} INFO - Started process (PID=35110) to work on /home/airflow/.local/lib/python3.12/site-packages/airflow/example_dags/example_task_group.py
[2024-10-23T07:17:16.148+0000] {processor.py:914} INFO - Processing file /home/airflow/.local/lib/python3.12/site-packages/airflow/example_dags/example_task_group.py for tasks to queue
[2024-10-23T07:17:16.150+0000] {logging_mixin.py:190} INFO - [2024-10-23T07:17:16.149+0000] {dagbag.py:588} INFO - Filling up the DagBag from /home/airflow/.local/lib/python3.12/site-packages/airflow/example_dags/example_task_group.py
[2024-10-23T07:17:16.155+0000] {processor.py:925} INFO - DAG(s) 'example_task_group' retrieved from /home/airflow/.local/lib/python3.12/site-packages/airflow/example_dags/example_task_group.py
[2024-10-23T07:17:16.170+0000] {logging_mixin.py:190} INFO - [2024-10-23T07:17:16.169+0000] {dag.py:3239} INFO - Sync 1 DAGs
[2024-10-23T07:17:16.182+0000] {logging_mixin.py:190} INFO - [2024-10-23T07:17:16.182+0000] {dag.py:4180} INFO - Setting next_dagrun for example_task_group to None, run_after=None
[2024-10-23T07:17:16.201+0000] {processor.py:208} INFO - Processing /home/airflow/.local/lib/python3.12/site-packages/airflow/example_dags/example_task_group.py took 0.058 seconds
[2024-10-23T07:17:46.640+0000] {processor.py:186} INFO - Started process (PID=35173) to work on /home/airflow/.local/lib/python3.12/site-packages/airflow/example_dags/example_task_group.py
[2024-10-23T07:17:46.641+0000] {processor.py:914} INFO - Processing file /home/airflow/.local/lib/python3.12/site-packages/airflow/example_dags/example_task_group.py for tasks to queue
[2024-10-23T07:17:46.643+0000] {logging_mixin.py:190} INFO - [2024-10-23T07:17:46.642+0000] {dagbag.py:588} INFO - Filling up the DagBag from /home/airflow/.local/lib/python3.12/site-packages/airflow/example_dags/example_task_group.py
[2024-10-23T07:17:46.650+0000] {processor.py:925} INFO - DAG(s) 'example_task_group' retrieved from /home/airflow/.local/lib/python3.12/site-packages/airflow/example_dags/example_task_group.py
[2024-10-23T07:17:46.670+0000] {logging_mixin.py:190} INFO - [2024-10-23T07:17:46.670+0000] {dag.py:3239} INFO - Sync 1 DAGs
[2024-10-23T07:17:46.682+0000] {logging_mixin.py:190} INFO - [2024-10-23T07:17:46.682+0000] {dag.py:4180} INFO - Setting next_dagrun for example_task_group to None, run_after=None
[2024-10-23T07:17:46.697+0000] {processor.py:208} INFO - Processing /home/airflow/.local/lib/python3.12/site-packages/airflow/example_dags/example_task_group.py took 0.064 seconds
[2024-10-23T07:18:17.144+0000] {processor.py:186} INFO - Started process (PID=35236) to work on /home/airflow/.local/lib/python3.12/site-packages/airflow/example_dags/example_task_group.py
[2024-10-23T07:18:17.145+0000] {processor.py:914} INFO - Processing file /home/airflow/.local/lib/python3.12/site-packages/airflow/example_dags/example_task_group.py for tasks to queue
[2024-10-23T07:18:17.146+0000] {logging_mixin.py:190} INFO - [2024-10-23T07:18:17.146+0000] {dagbag.py:588} INFO - Filling up the DagBag from /home/airflow/.local/lib/python3.12/site-packages/airflow/example_dags/example_task_group.py
[2024-10-23T07:18:17.152+0000] {processor.py:925} INFO - DAG(s) 'example_task_group' retrieved from /home/airflow/.local/lib/python3.12/site-packages/airflow/example_dags/example_task_group.py
[2024-10-23T07:18:17.168+0000] {logging_mixin.py:190} INFO - [2024-10-23T07:18:17.168+0000] {dag.py:3239} INFO - Sync 1 DAGs
[2024-10-23T07:18:17.179+0000] {logging_mixin.py:190} INFO - [2024-10-23T07:18:17.178+0000] {dag.py:4180} INFO - Setting next_dagrun for example_task_group to None, run_after=None
[2024-10-23T07:18:17.192+0000] {processor.py:208} INFO - Processing /home/airflow/.local/lib/python3.12/site-packages/airflow/example_dags/example_task_group.py took 0.052 seconds
[2024-10-23T07:18:47.866+0000] {processor.py:186} INFO - Started process (PID=35299) to work on /home/airflow/.local/lib/python3.12/site-packages/airflow/example_dags/example_task_group.py
[2024-10-23T07:18:47.870+0000] {processor.py:914} INFO - Processing file /home/airflow/.local/lib/python3.12/site-packages/airflow/example_dags/example_task_group.py for tasks to queue
[2024-10-23T07:18:47.872+0000] {logging_mixin.py:190} INFO - [2024-10-23T07:18:47.872+0000] {dagbag.py:588} INFO - Filling up the DagBag from /home/airflow/.local/lib/python3.12/site-packages/airflow/example_dags/example_task_group.py
[2024-10-23T07:18:47.878+0000] {processor.py:925} INFO - DAG(s) 'example_task_group' retrieved from /home/airflow/.local/lib/python3.12/site-packages/airflow/example_dags/example_task_group.py
[2024-10-23T07:18:47.897+0000] {logging_mixin.py:190} INFO - [2024-10-23T07:18:47.896+0000] {dag.py:3239} INFO - Sync 1 DAGs
[2024-10-23T07:18:47.909+0000] {logging_mixin.py:190} INFO - [2024-10-23T07:18:47.908+0000] {dag.py:4180} INFO - Setting next_dagrun for example_task_group to None, run_after=None
[2024-10-23T07:18:47.922+0000] {processor.py:208} INFO - Processing /home/airflow/.local/lib/python3.12/site-packages/airflow/example_dags/example_task_group.py took 0.061 seconds
[2024-10-23T07:19:18.485+0000] {processor.py:186} INFO - Started process (PID=35364) to work on /home/airflow/.local/lib/python3.12/site-packages/airflow/example_dags/example_task_group.py
[2024-10-23T07:19:18.486+0000] {processor.py:914} INFO - Processing file /home/airflow/.local/lib/python3.12/site-packages/airflow/example_dags/example_task_group.py for tasks to queue
[2024-10-23T07:19:18.487+0000] {logging_mixin.py:190} INFO - [2024-10-23T07:19:18.487+0000] {dagbag.py:588} INFO - Filling up the DagBag from /home/airflow/.local/lib/python3.12/site-packages/airflow/example_dags/example_task_group.py
[2024-10-23T07:19:18.495+0000] {processor.py:925} INFO - DAG(s) 'example_task_group' retrieved from /home/airflow/.local/lib/python3.12/site-packages/airflow/example_dags/example_task_group.py
[2024-10-23T07:19:18.509+0000] {logging_mixin.py:190} INFO - [2024-10-23T07:19:18.509+0000] {dag.py:3239} INFO - Sync 1 DAGs
[2024-10-23T07:19:18.519+0000] {logging_mixin.py:190} INFO - [2024-10-23T07:19:18.519+0000] {dag.py:4180} INFO - Setting next_dagrun for example_task_group to None, run_after=None
[2024-10-23T07:19:18.533+0000] {processor.py:208} INFO - Processing /home/airflow/.local/lib/python3.12/site-packages/airflow/example_dags/example_task_group.py took 0.053 seconds
[2024-10-23T07:19:49.225+0000] {processor.py:186} INFO - Started process (PID=35428) to work on /home/airflow/.local/lib/python3.12/site-packages/airflow/example_dags/example_task_group.py
[2024-10-23T07:19:49.226+0000] {processor.py:914} INFO - Processing file /home/airflow/.local/lib/python3.12/site-packages/airflow/example_dags/example_task_group.py for tasks to queue
[2024-10-23T07:19:49.228+0000] {logging_mixin.py:190} INFO - [2024-10-23T07:19:49.228+0000] {dagbag.py:588} INFO - Filling up the DagBag from /home/airflow/.local/lib/python3.12/site-packages/airflow/example_dags/example_task_group.py
[2024-10-23T07:19:49.234+0000] {processor.py:925} INFO - DAG(s) 'example_task_group' retrieved from /home/airflow/.local/lib/python3.12/site-packages/airflow/example_dags/example_task_group.py
[2024-10-23T07:19:49.249+0000] {logging_mixin.py:190} INFO - [2024-10-23T07:19:49.249+0000] {dag.py:3239} INFO - Sync 1 DAGs
[2024-10-23T07:19:49.261+0000] {logging_mixin.py:190} INFO - [2024-10-23T07:19:49.260+0000] {dag.py:4180} INFO - Setting next_dagrun for example_task_group to None, run_after=None
[2024-10-23T07:19:49.273+0000] {processor.py:208} INFO - Processing /home/airflow/.local/lib/python3.12/site-packages/airflow/example_dags/example_task_group.py took 0.052 seconds
