[2024-10-23T02:32:04.711+0000] {processor.py:186} INFO - Started process (PID=13724) to work on /home/airflow/.local/lib/python3.12/site-packages/airflow/example_dags/example_python_operator.py
[2024-10-23T02:32:04.712+0000] {processor.py:914} INFO - Processing file /home/airflow/.local/lib/python3.12/site-packages/airflow/example_dags/example_python_operator.py for tasks to queue
[2024-10-23T02:32:04.713+0000] {logging_mixin.py:190} INFO - [2024-10-23T02:32:04.713+0000] {dagbag.py:588} INFO - Filling up the DagBag from /home/airflow/.local/lib/python3.12/site-packages/airflow/example_dags/example_python_operator.py
[2024-10-23T02:32:04.727+0000] {processor.py:925} INFO - DAG(s) 'example_python_operator' retrieved from /home/airflow/.local/lib/python3.12/site-packages/airflow/example_dags/example_python_operator.py
[2024-10-23T02:32:04.754+0000] {logging_mixin.py:190} INFO - [2024-10-23T02:32:04.753+0000] {dag.py:3239} INFO - Sync 1 DAGs
[2024-10-23T02:32:04.771+0000] {logging_mixin.py:190} INFO - [2024-10-23T02:32:04.770+0000] {dag.py:4180} INFO - Setting next_dagrun for example_python_operator to None, run_after=None
[2024-10-23T02:32:04.790+0000] {processor.py:208} INFO - Processing /home/airflow/.local/lib/python3.12/site-packages/airflow/example_dags/example_python_operator.py took 0.085 seconds
[2024-10-23T04:23:43.745+0000] {processor.py:186} INFO - Started process (PID=13787) to work on /home/airflow/.local/lib/python3.12/site-packages/airflow/example_dags/example_python_operator.py
[2024-10-23T04:23:43.746+0000] {processor.py:914} INFO - Processing file /home/airflow/.local/lib/python3.12/site-packages/airflow/example_dags/example_python_operator.py for tasks to queue
[2024-10-23T04:23:43.747+0000] {logging_mixin.py:190} INFO - [2024-10-23T04:23:43.746+0000] {dagbag.py:588} INFO - Filling up the DagBag from /home/airflow/.local/lib/python3.12/site-packages/airflow/example_dags/example_python_operator.py
[2024-10-23T04:23:43.759+0000] {processor.py:925} INFO - DAG(s) 'example_python_operator' retrieved from /home/airflow/.local/lib/python3.12/site-packages/airflow/example_dags/example_python_operator.py
[2024-10-23T04:23:43.782+0000] {logging_mixin.py:190} INFO - [2024-10-23T04:23:43.781+0000] {dag.py:3239} INFO - Sync 1 DAGs
[2024-10-23T04:23:43.803+0000] {logging_mixin.py:190} INFO - [2024-10-23T04:23:43.803+0000] {dag.py:4180} INFO - Setting next_dagrun for example_python_operator to None, run_after=None
[2024-10-23T04:23:43.819+0000] {processor.py:208} INFO - Processing /home/airflow/.local/lib/python3.12/site-packages/airflow/example_dags/example_python_operator.py took 0.081 seconds
[2024-10-23T04:24:14.084+0000] {processor.py:186} INFO - Started process (PID=13850) to work on /home/airflow/.local/lib/python3.12/site-packages/airflow/example_dags/example_python_operator.py
[2024-10-23T04:24:14.085+0000] {processor.py:914} INFO - Processing file /home/airflow/.local/lib/python3.12/site-packages/airflow/example_dags/example_python_operator.py for tasks to queue
[2024-10-23T04:24:14.088+0000] {logging_mixin.py:190} INFO - [2024-10-23T04:24:14.088+0000] {dagbag.py:588} INFO - Filling up the DagBag from /home/airflow/.local/lib/python3.12/site-packages/airflow/example_dags/example_python_operator.py
[2024-10-23T04:24:14.100+0000] {processor.py:925} INFO - DAG(s) 'example_python_operator' retrieved from /home/airflow/.local/lib/python3.12/site-packages/airflow/example_dags/example_python_operator.py
[2024-10-23T04:24:14.115+0000] {logging_mixin.py:190} INFO - [2024-10-23T04:24:14.115+0000] {dag.py:3239} INFO - Sync 1 DAGs
[2024-10-23T04:24:14.127+0000] {logging_mixin.py:190} INFO - [2024-10-23T04:24:14.127+0000] {dag.py:4180} INFO - Setting next_dagrun for example_python_operator to None, run_after=None
[2024-10-23T04:24:14.145+0000] {processor.py:208} INFO - Processing /home/airflow/.local/lib/python3.12/site-packages/airflow/example_dags/example_python_operator.py took 0.072 seconds
[2024-10-23T04:24:45.775+0000] {processor.py:186} INFO - Started process (PID=13913) to work on /home/airflow/.local/lib/python3.12/site-packages/airflow/example_dags/example_python_operator.py
[2024-10-23T04:24:45.776+0000] {processor.py:914} INFO - Processing file /home/airflow/.local/lib/python3.12/site-packages/airflow/example_dags/example_python_operator.py for tasks to queue
[2024-10-23T04:24:45.777+0000] {logging_mixin.py:190} INFO - [2024-10-23T04:24:45.777+0000] {dagbag.py:588} INFO - Filling up the DagBag from /home/airflow/.local/lib/python3.12/site-packages/airflow/example_dags/example_python_operator.py
[2024-10-23T04:24:45.786+0000] {processor.py:925} INFO - DAG(s) 'example_python_operator' retrieved from /home/airflow/.local/lib/python3.12/site-packages/airflow/example_dags/example_python_operator.py
[2024-10-23T04:24:45.803+0000] {logging_mixin.py:190} INFO - [2024-10-23T04:24:45.803+0000] {dag.py:3239} INFO - Sync 1 DAGs
[2024-10-23T04:24:45.813+0000] {logging_mixin.py:190} INFO - [2024-10-23T04:24:45.813+0000] {dag.py:4180} INFO - Setting next_dagrun for example_python_operator to None, run_after=None
[2024-10-23T04:24:45.828+0000] {processor.py:208} INFO - Processing /home/airflow/.local/lib/python3.12/site-packages/airflow/example_dags/example_python_operator.py took 0.058 seconds
[2024-10-23T04:25:16.456+0000] {processor.py:186} INFO - Started process (PID=13976) to work on /home/airflow/.local/lib/python3.12/site-packages/airflow/example_dags/example_python_operator.py
[2024-10-23T04:25:16.457+0000] {processor.py:914} INFO - Processing file /home/airflow/.local/lib/python3.12/site-packages/airflow/example_dags/example_python_operator.py for tasks to queue
[2024-10-23T04:25:16.458+0000] {logging_mixin.py:190} INFO - [2024-10-23T04:25:16.458+0000] {dagbag.py:588} INFO - Filling up the DagBag from /home/airflow/.local/lib/python3.12/site-packages/airflow/example_dags/example_python_operator.py
[2024-10-23T04:25:16.466+0000] {processor.py:925} INFO - DAG(s) 'example_python_operator' retrieved from /home/airflow/.local/lib/python3.12/site-packages/airflow/example_dags/example_python_operator.py
[2024-10-23T04:25:16.481+0000] {logging_mixin.py:190} INFO - [2024-10-23T04:25:16.481+0000] {dag.py:3239} INFO - Sync 1 DAGs
[2024-10-23T04:25:16.492+0000] {logging_mixin.py:190} INFO - [2024-10-23T04:25:16.492+0000] {dag.py:4180} INFO - Setting next_dagrun for example_python_operator to None, run_after=None
[2024-10-23T04:25:16.505+0000] {processor.py:208} INFO - Processing /home/airflow/.local/lib/python3.12/site-packages/airflow/example_dags/example_python_operator.py took 0.054 seconds
[2024-10-23T04:25:47.156+0000] {processor.py:186} INFO - Started process (PID=14039) to work on /home/airflow/.local/lib/python3.12/site-packages/airflow/example_dags/example_python_operator.py
[2024-10-23T04:25:47.157+0000] {processor.py:914} INFO - Processing file /home/airflow/.local/lib/python3.12/site-packages/airflow/example_dags/example_python_operator.py for tasks to queue
[2024-10-23T04:25:47.158+0000] {logging_mixin.py:190} INFO - [2024-10-23T04:25:47.158+0000] {dagbag.py:588} INFO - Filling up the DagBag from /home/airflow/.local/lib/python3.12/site-packages/airflow/example_dags/example_python_operator.py
[2024-10-23T04:25:47.168+0000] {processor.py:925} INFO - DAG(s) 'example_python_operator' retrieved from /home/airflow/.local/lib/python3.12/site-packages/airflow/example_dags/example_python_operator.py
[2024-10-23T04:25:47.184+0000] {logging_mixin.py:190} INFO - [2024-10-23T04:25:47.184+0000] {dag.py:3239} INFO - Sync 1 DAGs
[2024-10-23T04:25:47.193+0000] {logging_mixin.py:190} INFO - [2024-10-23T04:25:47.193+0000] {dag.py:4180} INFO - Setting next_dagrun for example_python_operator to None, run_after=None
[2024-10-23T04:25:47.203+0000] {processor.py:208} INFO - Processing /home/airflow/.local/lib/python3.12/site-packages/airflow/example_dags/example_python_operator.py took 0.051 seconds
[2024-10-23T04:26:17.674+0000] {processor.py:186} INFO - Started process (PID=14102) to work on /home/airflow/.local/lib/python3.12/site-packages/airflow/example_dags/example_python_operator.py
[2024-10-23T04:26:17.675+0000] {processor.py:914} INFO - Processing file /home/airflow/.local/lib/python3.12/site-packages/airflow/example_dags/example_python_operator.py for tasks to queue
[2024-10-23T04:26:17.677+0000] {logging_mixin.py:190} INFO - [2024-10-23T04:26:17.676+0000] {dagbag.py:588} INFO - Filling up the DagBag from /home/airflow/.local/lib/python3.12/site-packages/airflow/example_dags/example_python_operator.py
[2024-10-23T04:26:17.689+0000] {processor.py:925} INFO - DAG(s) 'example_python_operator' retrieved from /home/airflow/.local/lib/python3.12/site-packages/airflow/example_dags/example_python_operator.py
[2024-10-23T04:26:17.707+0000] {logging_mixin.py:190} INFO - [2024-10-23T04:26:17.707+0000] {dag.py:3239} INFO - Sync 1 DAGs
[2024-10-23T04:26:17.717+0000] {logging_mixin.py:190} INFO - [2024-10-23T04:26:17.717+0000] {dag.py:4180} INFO - Setting next_dagrun for example_python_operator to None, run_after=None
[2024-10-23T04:26:17.727+0000] {processor.py:208} INFO - Processing /home/airflow/.local/lib/python3.12/site-packages/airflow/example_dags/example_python_operator.py took 0.060 seconds
[2024-10-23T04:26:48.507+0000] {processor.py:186} INFO - Started process (PID=14165) to work on /home/airflow/.local/lib/python3.12/site-packages/airflow/example_dags/example_python_operator.py
[2024-10-23T04:26:48.508+0000] {processor.py:914} INFO - Processing file /home/airflow/.local/lib/python3.12/site-packages/airflow/example_dags/example_python_operator.py for tasks to queue
[2024-10-23T04:26:48.509+0000] {logging_mixin.py:190} INFO - [2024-10-23T04:26:48.509+0000] {dagbag.py:588} INFO - Filling up the DagBag from /home/airflow/.local/lib/python3.12/site-packages/airflow/example_dags/example_python_operator.py
[2024-10-23T04:26:48.520+0000] {processor.py:925} INFO - DAG(s) 'example_python_operator' retrieved from /home/airflow/.local/lib/python3.12/site-packages/airflow/example_dags/example_python_operator.py
[2024-10-23T04:26:48.544+0000] {logging_mixin.py:190} INFO - [2024-10-23T04:26:48.544+0000] {dag.py:3239} INFO - Sync 1 DAGs
[2024-10-23T04:26:48.555+0000] {logging_mixin.py:190} INFO - [2024-10-23T04:26:48.555+0000] {dag.py:4180} INFO - Setting next_dagrun for example_python_operator to None, run_after=None
[2024-10-23T04:26:48.567+0000] {processor.py:208} INFO - Processing /home/airflow/.local/lib/python3.12/site-packages/airflow/example_dags/example_python_operator.py took 0.066 seconds
[2024-10-23T04:27:18.756+0000] {processor.py:186} INFO - Started process (PID=14228) to work on /home/airflow/.local/lib/python3.12/site-packages/airflow/example_dags/example_python_operator.py
[2024-10-23T04:27:18.758+0000] {processor.py:914} INFO - Processing file /home/airflow/.local/lib/python3.12/site-packages/airflow/example_dags/example_python_operator.py for tasks to queue
[2024-10-23T04:27:18.759+0000] {logging_mixin.py:190} INFO - [2024-10-23T04:27:18.759+0000] {dagbag.py:588} INFO - Filling up the DagBag from /home/airflow/.local/lib/python3.12/site-packages/airflow/example_dags/example_python_operator.py
[2024-10-23T04:27:18.771+0000] {processor.py:925} INFO - DAG(s) 'example_python_operator' retrieved from /home/airflow/.local/lib/python3.12/site-packages/airflow/example_dags/example_python_operator.py
[2024-10-23T04:27:18.789+0000] {logging_mixin.py:190} INFO - [2024-10-23T04:27:18.789+0000] {dag.py:3239} INFO - Sync 1 DAGs
[2024-10-23T04:27:18.798+0000] {logging_mixin.py:190} INFO - [2024-10-23T04:27:18.798+0000] {dag.py:4180} INFO - Setting next_dagrun for example_python_operator to None, run_after=None
[2024-10-23T04:27:18.813+0000] {processor.py:208} INFO - Processing /home/airflow/.local/lib/python3.12/site-packages/airflow/example_dags/example_python_operator.py took 0.060 seconds
[2024-10-23T04:27:49.627+0000] {processor.py:186} INFO - Started process (PID=14291) to work on /home/airflow/.local/lib/python3.12/site-packages/airflow/example_dags/example_python_operator.py
[2024-10-23T04:27:49.628+0000] {processor.py:914} INFO - Processing file /home/airflow/.local/lib/python3.12/site-packages/airflow/example_dags/example_python_operator.py for tasks to queue
[2024-10-23T04:27:49.629+0000] {logging_mixin.py:190} INFO - [2024-10-23T04:27:49.628+0000] {dagbag.py:588} INFO - Filling up the DagBag from /home/airflow/.local/lib/python3.12/site-packages/airflow/example_dags/example_python_operator.py
[2024-10-23T04:27:49.642+0000] {processor.py:925} INFO - DAG(s) 'example_python_operator' retrieved from /home/airflow/.local/lib/python3.12/site-packages/airflow/example_dags/example_python_operator.py
[2024-10-23T04:27:49.665+0000] {logging_mixin.py:190} INFO - [2024-10-23T04:27:49.664+0000] {dag.py:3239} INFO - Sync 1 DAGs
[2024-10-23T04:27:49.679+0000] {logging_mixin.py:190} INFO - [2024-10-23T04:27:49.679+0000] {dag.py:4180} INFO - Setting next_dagrun for example_python_operator to None, run_after=None
[2024-10-23T04:27:49.704+0000] {processor.py:208} INFO - Processing /home/airflow/.local/lib/python3.12/site-packages/airflow/example_dags/example_python_operator.py took 0.084 seconds
[2024-10-23T04:28:19.787+0000] {processor.py:186} INFO - Started process (PID=14353) to work on /home/airflow/.local/lib/python3.12/site-packages/airflow/example_dags/example_python_operator.py
[2024-10-23T04:28:19.788+0000] {processor.py:914} INFO - Processing file /home/airflow/.local/lib/python3.12/site-packages/airflow/example_dags/example_python_operator.py for tasks to queue
[2024-10-23T04:28:19.789+0000] {logging_mixin.py:190} INFO - [2024-10-23T04:28:19.788+0000] {dagbag.py:588} INFO - Filling up the DagBag from /home/airflow/.local/lib/python3.12/site-packages/airflow/example_dags/example_python_operator.py
[2024-10-23T04:28:19.800+0000] {processor.py:925} INFO - DAG(s) 'example_python_operator' retrieved from /home/airflow/.local/lib/python3.12/site-packages/airflow/example_dags/example_python_operator.py
[2024-10-23T04:28:19.817+0000] {logging_mixin.py:190} INFO - [2024-10-23T04:28:19.817+0000] {dag.py:3239} INFO - Sync 1 DAGs
[2024-10-23T04:28:19.828+0000] {logging_mixin.py:190} INFO - [2024-10-23T04:28:19.828+0000] {dag.py:4180} INFO - Setting next_dagrun for example_python_operator to None, run_after=None
[2024-10-23T04:28:19.842+0000] {processor.py:208} INFO - Processing /home/airflow/.local/lib/python3.12/site-packages/airflow/example_dags/example_python_operator.py took 0.063 seconds
[2024-10-23T04:28:50.755+0000] {processor.py:186} INFO - Started process (PID=14416) to work on /home/airflow/.local/lib/python3.12/site-packages/airflow/example_dags/example_python_operator.py
[2024-10-23T04:28:50.757+0000] {processor.py:914} INFO - Processing file /home/airflow/.local/lib/python3.12/site-packages/airflow/example_dags/example_python_operator.py for tasks to queue
[2024-10-23T04:28:50.758+0000] {logging_mixin.py:190} INFO - [2024-10-23T04:28:50.758+0000] {dagbag.py:588} INFO - Filling up the DagBag from /home/airflow/.local/lib/python3.12/site-packages/airflow/example_dags/example_python_operator.py
[2024-10-23T04:28:50.770+0000] {processor.py:925} INFO - DAG(s) 'example_python_operator' retrieved from /home/airflow/.local/lib/python3.12/site-packages/airflow/example_dags/example_python_operator.py
[2024-10-23T04:28:50.789+0000] {logging_mixin.py:190} INFO - [2024-10-23T04:28:50.789+0000] {dag.py:3239} INFO - Sync 1 DAGs
[2024-10-23T04:28:50.805+0000] {logging_mixin.py:190} INFO - [2024-10-23T04:28:50.804+0000] {dag.py:4180} INFO - Setting next_dagrun for example_python_operator to None, run_after=None
[2024-10-23T04:28:50.831+0000] {processor.py:208} INFO - Processing /home/airflow/.local/lib/python3.12/site-packages/airflow/example_dags/example_python_operator.py took 0.081 seconds
[2024-10-23T04:29:21.376+0000] {processor.py:186} INFO - Started process (PID=14479) to work on /home/airflow/.local/lib/python3.12/site-packages/airflow/example_dags/example_python_operator.py
[2024-10-23T04:29:21.377+0000] {processor.py:914} INFO - Processing file /home/airflow/.local/lib/python3.12/site-packages/airflow/example_dags/example_python_operator.py for tasks to queue
[2024-10-23T04:29:21.379+0000] {logging_mixin.py:190} INFO - [2024-10-23T04:29:21.378+0000] {dagbag.py:588} INFO - Filling up the DagBag from /home/airflow/.local/lib/python3.12/site-packages/airflow/example_dags/example_python_operator.py
[2024-10-23T04:29:21.392+0000] {processor.py:925} INFO - DAG(s) 'example_python_operator' retrieved from /home/airflow/.local/lib/python3.12/site-packages/airflow/example_dags/example_python_operator.py
[2024-10-23T04:29:21.418+0000] {logging_mixin.py:190} INFO - [2024-10-23T04:29:21.418+0000] {dag.py:3239} INFO - Sync 1 DAGs
[2024-10-23T04:29:21.432+0000] {logging_mixin.py:190} INFO - [2024-10-23T04:29:21.432+0000] {dag.py:4180} INFO - Setting next_dagrun for example_python_operator to None, run_after=None
[2024-10-23T04:29:21.451+0000] {processor.py:208} INFO - Processing /home/airflow/.local/lib/python3.12/site-packages/airflow/example_dags/example_python_operator.py took 0.081 seconds
[2024-10-23T04:29:52.160+0000] {processor.py:186} INFO - Started process (PID=14542) to work on /home/airflow/.local/lib/python3.12/site-packages/airflow/example_dags/example_python_operator.py
[2024-10-23T04:29:52.161+0000] {processor.py:914} INFO - Processing file /home/airflow/.local/lib/python3.12/site-packages/airflow/example_dags/example_python_operator.py for tasks to queue
[2024-10-23T04:29:52.162+0000] {logging_mixin.py:190} INFO - [2024-10-23T04:29:52.162+0000] {dagbag.py:588} INFO - Filling up the DagBag from /home/airflow/.local/lib/python3.12/site-packages/airflow/example_dags/example_python_operator.py
[2024-10-23T04:29:52.173+0000] {processor.py:925} INFO - DAG(s) 'example_python_operator' retrieved from /home/airflow/.local/lib/python3.12/site-packages/airflow/example_dags/example_python_operator.py
[2024-10-23T04:29:52.190+0000] {logging_mixin.py:190} INFO - [2024-10-23T04:29:52.190+0000] {dag.py:3239} INFO - Sync 1 DAGs
[2024-10-23T04:29:52.200+0000] {logging_mixin.py:190} INFO - [2024-10-23T04:29:52.200+0000] {dag.py:4180} INFO - Setting next_dagrun for example_python_operator to None, run_after=None
[2024-10-23T04:29:52.212+0000] {processor.py:208} INFO - Processing /home/airflow/.local/lib/python3.12/site-packages/airflow/example_dags/example_python_operator.py took 0.058 seconds
[2024-10-23T04:30:23.393+0000] {processor.py:186} INFO - Started process (PID=14606) to work on /home/airflow/.local/lib/python3.12/site-packages/airflow/example_dags/example_python_operator.py
[2024-10-23T04:30:23.395+0000] {processor.py:914} INFO - Processing file /home/airflow/.local/lib/python3.12/site-packages/airflow/example_dags/example_python_operator.py for tasks to queue
[2024-10-23T04:30:23.396+0000] {logging_mixin.py:190} INFO - [2024-10-23T04:30:23.396+0000] {dagbag.py:588} INFO - Filling up the DagBag from /home/airflow/.local/lib/python3.12/site-packages/airflow/example_dags/example_python_operator.py
[2024-10-23T04:30:23.406+0000] {processor.py:925} INFO - DAG(s) 'example_python_operator' retrieved from /home/airflow/.local/lib/python3.12/site-packages/airflow/example_dags/example_python_operator.py
[2024-10-23T04:30:23.421+0000] {logging_mixin.py:190} INFO - [2024-10-23T04:30:23.421+0000] {dag.py:3239} INFO - Sync 1 DAGs
[2024-10-23T04:30:23.431+0000] {logging_mixin.py:190} INFO - [2024-10-23T04:30:23.431+0000] {dag.py:4180} INFO - Setting next_dagrun for example_python_operator to None, run_after=None
[2024-10-23T04:30:23.446+0000] {processor.py:208} INFO - Processing /home/airflow/.local/lib/python3.12/site-packages/airflow/example_dags/example_python_operator.py took 0.058 seconds
[2024-10-23T04:30:54.288+0000] {processor.py:186} INFO - Started process (PID=14669) to work on /home/airflow/.local/lib/python3.12/site-packages/airflow/example_dags/example_python_operator.py
[2024-10-23T04:30:54.291+0000] {processor.py:914} INFO - Processing file /home/airflow/.local/lib/python3.12/site-packages/airflow/example_dags/example_python_operator.py for tasks to queue
[2024-10-23T04:30:54.293+0000] {logging_mixin.py:190} INFO - [2024-10-23T04:30:54.292+0000] {dagbag.py:588} INFO - Filling up the DagBag from /home/airflow/.local/lib/python3.12/site-packages/airflow/example_dags/example_python_operator.py
[2024-10-23T04:30:54.301+0000] {processor.py:925} INFO - DAG(s) 'example_python_operator' retrieved from /home/airflow/.local/lib/python3.12/site-packages/airflow/example_dags/example_python_operator.py
[2024-10-23T04:30:54.317+0000] {logging_mixin.py:190} INFO - [2024-10-23T04:30:54.317+0000] {dag.py:3239} INFO - Sync 1 DAGs
[2024-10-23T04:30:54.329+0000] {logging_mixin.py:190} INFO - [2024-10-23T04:30:54.329+0000] {dag.py:4180} INFO - Setting next_dagrun for example_python_operator to None, run_after=None
[2024-10-23T04:30:54.345+0000] {processor.py:208} INFO - Processing /home/airflow/.local/lib/python3.12/site-packages/airflow/example_dags/example_python_operator.py took 0.061 seconds
[2024-10-23T04:31:24.590+0000] {processor.py:186} INFO - Started process (PID=14732) to work on /home/airflow/.local/lib/python3.12/site-packages/airflow/example_dags/example_python_operator.py
[2024-10-23T04:31:24.590+0000] {processor.py:914} INFO - Processing file /home/airflow/.local/lib/python3.12/site-packages/airflow/example_dags/example_python_operator.py for tasks to queue
[2024-10-23T04:31:24.591+0000] {logging_mixin.py:190} INFO - [2024-10-23T04:31:24.591+0000] {dagbag.py:588} INFO - Filling up the DagBag from /home/airflow/.local/lib/python3.12/site-packages/airflow/example_dags/example_python_operator.py
[2024-10-23T04:31:24.599+0000] {processor.py:925} INFO - DAG(s) 'example_python_operator' retrieved from /home/airflow/.local/lib/python3.12/site-packages/airflow/example_dags/example_python_operator.py
[2024-10-23T04:31:24.613+0000] {logging_mixin.py:190} INFO - [2024-10-23T04:31:24.613+0000] {dag.py:3239} INFO - Sync 1 DAGs
[2024-10-23T04:31:24.622+0000] {logging_mixin.py:190} INFO - [2024-10-23T04:31:24.622+0000] {dag.py:4180} INFO - Setting next_dagrun for example_python_operator to None, run_after=None
[2024-10-23T04:31:24.632+0000] {processor.py:208} INFO - Processing /home/airflow/.local/lib/python3.12/site-packages/airflow/example_dags/example_python_operator.py took 0.047 seconds
[2024-10-23T04:31:54.975+0000] {processor.py:186} INFO - Started process (PID=14794) to work on /home/airflow/.local/lib/python3.12/site-packages/airflow/example_dags/example_python_operator.py
[2024-10-23T04:31:54.975+0000] {processor.py:914} INFO - Processing file /home/airflow/.local/lib/python3.12/site-packages/airflow/example_dags/example_python_operator.py for tasks to queue
[2024-10-23T04:31:54.976+0000] {logging_mixin.py:190} INFO - [2024-10-23T04:31:54.976+0000] {dagbag.py:588} INFO - Filling up the DagBag from /home/airflow/.local/lib/python3.12/site-packages/airflow/example_dags/example_python_operator.py
[2024-10-23T04:31:54.984+0000] {processor.py:925} INFO - DAG(s) 'example_python_operator' retrieved from /home/airflow/.local/lib/python3.12/site-packages/airflow/example_dags/example_python_operator.py
[2024-10-23T04:31:54.999+0000] {logging_mixin.py:190} INFO - [2024-10-23T04:31:54.998+0000] {dag.py:3239} INFO - Sync 1 DAGs
[2024-10-23T04:31:55.010+0000] {logging_mixin.py:190} INFO - [2024-10-23T04:31:55.009+0000] {dag.py:4180} INFO - Setting next_dagrun for example_python_operator to None, run_after=None
[2024-10-23T04:31:55.021+0000] {processor.py:208} INFO - Processing /home/airflow/.local/lib/python3.12/site-packages/airflow/example_dags/example_python_operator.py took 0.050 seconds
[2024-10-23T04:32:25.371+0000] {processor.py:186} INFO - Started process (PID=14857) to work on /home/airflow/.local/lib/python3.12/site-packages/airflow/example_dags/example_python_operator.py
[2024-10-23T04:32:25.375+0000] {processor.py:914} INFO - Processing file /home/airflow/.local/lib/python3.12/site-packages/airflow/example_dags/example_python_operator.py for tasks to queue
[2024-10-23T04:32:25.376+0000] {logging_mixin.py:190} INFO - [2024-10-23T04:32:25.376+0000] {dagbag.py:588} INFO - Filling up the DagBag from /home/airflow/.local/lib/python3.12/site-packages/airflow/example_dags/example_python_operator.py
[2024-10-23T04:32:25.388+0000] {processor.py:925} INFO - DAG(s) 'example_python_operator' retrieved from /home/airflow/.local/lib/python3.12/site-packages/airflow/example_dags/example_python_operator.py
[2024-10-23T04:32:25.407+0000] {logging_mixin.py:190} INFO - [2024-10-23T04:32:25.407+0000] {dag.py:3239} INFO - Sync 1 DAGs
[2024-10-23T04:32:25.419+0000] {logging_mixin.py:190} INFO - [2024-10-23T04:32:25.419+0000] {dag.py:4180} INFO - Setting next_dagrun for example_python_operator to None, run_after=None
[2024-10-23T04:32:25.437+0000] {processor.py:208} INFO - Processing /home/airflow/.local/lib/python3.12/site-packages/airflow/example_dags/example_python_operator.py took 0.071 seconds
[2024-10-23T04:32:55.753+0000] {processor.py:186} INFO - Started process (PID=14920) to work on /home/airflow/.local/lib/python3.12/site-packages/airflow/example_dags/example_python_operator.py
[2024-10-23T04:32:55.754+0000] {processor.py:914} INFO - Processing file /home/airflow/.local/lib/python3.12/site-packages/airflow/example_dags/example_python_operator.py for tasks to queue
[2024-10-23T04:32:55.756+0000] {logging_mixin.py:190} INFO - [2024-10-23T04:32:55.755+0000] {dagbag.py:588} INFO - Filling up the DagBag from /home/airflow/.local/lib/python3.12/site-packages/airflow/example_dags/example_python_operator.py
[2024-10-23T04:32:55.765+0000] {processor.py:925} INFO - DAG(s) 'example_python_operator' retrieved from /home/airflow/.local/lib/python3.12/site-packages/airflow/example_dags/example_python_operator.py
[2024-10-23T04:32:55.782+0000] {logging_mixin.py:190} INFO - [2024-10-23T04:32:55.782+0000] {dag.py:3239} INFO - Sync 1 DAGs
[2024-10-23T04:32:55.793+0000] {logging_mixin.py:190} INFO - [2024-10-23T04:32:55.793+0000] {dag.py:4180} INFO - Setting next_dagrun for example_python_operator to None, run_after=None
[2024-10-23T04:32:55.813+0000] {processor.py:208} INFO - Processing /home/airflow/.local/lib/python3.12/site-packages/airflow/example_dags/example_python_operator.py took 0.065 seconds
[2024-10-23T04:33:26.474+0000] {processor.py:186} INFO - Started process (PID=14983) to work on /home/airflow/.local/lib/python3.12/site-packages/airflow/example_dags/example_python_operator.py
[2024-10-23T04:33:26.476+0000] {processor.py:914} INFO - Processing file /home/airflow/.local/lib/python3.12/site-packages/airflow/example_dags/example_python_operator.py for tasks to queue
[2024-10-23T04:33:26.478+0000] {logging_mixin.py:190} INFO - [2024-10-23T04:33:26.478+0000] {dagbag.py:588} INFO - Filling up the DagBag from /home/airflow/.local/lib/python3.12/site-packages/airflow/example_dags/example_python_operator.py
[2024-10-23T04:33:26.494+0000] {processor.py:925} INFO - DAG(s) 'example_python_operator' retrieved from /home/airflow/.local/lib/python3.12/site-packages/airflow/example_dags/example_python_operator.py
[2024-10-23T04:33:26.515+0000] {logging_mixin.py:190} INFO - [2024-10-23T04:33:26.514+0000] {dag.py:3239} INFO - Sync 1 DAGs
[2024-10-23T04:33:26.526+0000] {logging_mixin.py:190} INFO - [2024-10-23T04:33:26.526+0000] {dag.py:4180} INFO - Setting next_dagrun for example_python_operator to None, run_after=None
[2024-10-23T04:33:26.539+0000] {processor.py:208} INFO - Processing /home/airflow/.local/lib/python3.12/site-packages/airflow/example_dags/example_python_operator.py took 0.070 seconds
[2024-10-23T04:33:57.349+0000] {processor.py:186} INFO - Started process (PID=15046) to work on /home/airflow/.local/lib/python3.12/site-packages/airflow/example_dags/example_python_operator.py
[2024-10-23T04:33:57.350+0000] {processor.py:914} INFO - Processing file /home/airflow/.local/lib/python3.12/site-packages/airflow/example_dags/example_python_operator.py for tasks to queue
[2024-10-23T04:33:57.350+0000] {logging_mixin.py:190} INFO - [2024-10-23T04:33:57.350+0000] {dagbag.py:588} INFO - Filling up the DagBag from /home/airflow/.local/lib/python3.12/site-packages/airflow/example_dags/example_python_operator.py
[2024-10-23T04:33:57.360+0000] {processor.py:925} INFO - DAG(s) 'example_python_operator' retrieved from /home/airflow/.local/lib/python3.12/site-packages/airflow/example_dags/example_python_operator.py
[2024-10-23T04:33:57.374+0000] {logging_mixin.py:190} INFO - [2024-10-23T04:33:57.374+0000] {dag.py:3239} INFO - Sync 1 DAGs
[2024-10-23T04:33:57.390+0000] {logging_mixin.py:190} INFO - [2024-10-23T04:33:57.390+0000] {dag.py:4180} INFO - Setting next_dagrun for example_python_operator to None, run_after=None
[2024-10-23T04:33:57.403+0000] {processor.py:208} INFO - Processing /home/airflow/.local/lib/python3.12/site-packages/airflow/example_dags/example_python_operator.py took 0.058 seconds
[2024-10-23T04:34:28.850+0000] {processor.py:186} INFO - Started process (PID=15109) to work on /home/airflow/.local/lib/python3.12/site-packages/airflow/example_dags/example_python_operator.py
[2024-10-23T04:34:28.851+0000] {processor.py:914} INFO - Processing file /home/airflow/.local/lib/python3.12/site-packages/airflow/example_dags/example_python_operator.py for tasks to queue
[2024-10-23T04:34:28.852+0000] {logging_mixin.py:190} INFO - [2024-10-23T04:34:28.852+0000] {dagbag.py:588} INFO - Filling up the DagBag from /home/airflow/.local/lib/python3.12/site-packages/airflow/example_dags/example_python_operator.py
[2024-10-23T04:34:28.865+0000] {processor.py:925} INFO - DAG(s) 'example_python_operator' retrieved from /home/airflow/.local/lib/python3.12/site-packages/airflow/example_dags/example_python_operator.py
[2024-10-23T04:34:28.889+0000] {logging_mixin.py:190} INFO - [2024-10-23T04:34:28.889+0000] {dag.py:3239} INFO - Sync 1 DAGs
[2024-10-23T04:34:28.902+0000] {logging_mixin.py:190} INFO - [2024-10-23T04:34:28.902+0000] {dag.py:4180} INFO - Setting next_dagrun for example_python_operator to None, run_after=None
[2024-10-23T04:34:28.916+0000] {processor.py:208} INFO - Processing /home/airflow/.local/lib/python3.12/site-packages/airflow/example_dags/example_python_operator.py took 0.070 seconds
[2024-10-23T04:34:59.587+0000] {processor.py:186} INFO - Started process (PID=15172) to work on /home/airflow/.local/lib/python3.12/site-packages/airflow/example_dags/example_python_operator.py
[2024-10-23T04:34:59.588+0000] {processor.py:914} INFO - Processing file /home/airflow/.local/lib/python3.12/site-packages/airflow/example_dags/example_python_operator.py for tasks to queue
[2024-10-23T04:34:59.589+0000] {logging_mixin.py:190} INFO - [2024-10-23T04:34:59.589+0000] {dagbag.py:588} INFO - Filling up the DagBag from /home/airflow/.local/lib/python3.12/site-packages/airflow/example_dags/example_python_operator.py
[2024-10-23T04:34:59.599+0000] {processor.py:925} INFO - DAG(s) 'example_python_operator' retrieved from /home/airflow/.local/lib/python3.12/site-packages/airflow/example_dags/example_python_operator.py
[2024-10-23T04:34:59.618+0000] {logging_mixin.py:190} INFO - [2024-10-23T04:34:59.618+0000] {dag.py:3239} INFO - Sync 1 DAGs
[2024-10-23T04:34:59.629+0000] {logging_mixin.py:190} INFO - [2024-10-23T04:34:59.629+0000] {dag.py:4180} INFO - Setting next_dagrun for example_python_operator to None, run_after=None
[2024-10-23T04:34:59.641+0000] {processor.py:208} INFO - Processing /home/airflow/.local/lib/python3.12/site-packages/airflow/example_dags/example_python_operator.py took 0.067 seconds
[2024-10-23T04:35:29.793+0000] {processor.py:186} INFO - Started process (PID=15238) to work on /home/airflow/.local/lib/python3.12/site-packages/airflow/example_dags/example_python_operator.py
[2024-10-23T04:35:29.794+0000] {processor.py:914} INFO - Processing file /home/airflow/.local/lib/python3.12/site-packages/airflow/example_dags/example_python_operator.py for tasks to queue
[2024-10-23T04:35:29.795+0000] {logging_mixin.py:190} INFO - [2024-10-23T04:35:29.795+0000] {dagbag.py:588} INFO - Filling up the DagBag from /home/airflow/.local/lib/python3.12/site-packages/airflow/example_dags/example_python_operator.py
[2024-10-23T04:35:29.808+0000] {processor.py:925} INFO - DAG(s) 'example_python_operator' retrieved from /home/airflow/.local/lib/python3.12/site-packages/airflow/example_dags/example_python_operator.py
[2024-10-23T04:35:29.827+0000] {logging_mixin.py:190} INFO - [2024-10-23T04:35:29.827+0000] {dag.py:3239} INFO - Sync 1 DAGs
[2024-10-23T04:35:29.839+0000] {logging_mixin.py:190} INFO - [2024-10-23T04:35:29.839+0000] {dag.py:4180} INFO - Setting next_dagrun for example_python_operator to None, run_after=None
[2024-10-23T04:35:29.853+0000] {processor.py:208} INFO - Processing /home/airflow/.local/lib/python3.12/site-packages/airflow/example_dags/example_python_operator.py took 0.064 seconds
[2024-10-23T04:36:00.344+0000] {processor.py:186} INFO - Started process (PID=15302) to work on /home/airflow/.local/lib/python3.12/site-packages/airflow/example_dags/example_python_operator.py
[2024-10-23T04:36:00.345+0000] {processor.py:914} INFO - Processing file /home/airflow/.local/lib/python3.12/site-packages/airflow/example_dags/example_python_operator.py for tasks to queue
[2024-10-23T04:36:00.348+0000] {logging_mixin.py:190} INFO - [2024-10-23T04:36:00.347+0000] {dagbag.py:588} INFO - Filling up the DagBag from /home/airflow/.local/lib/python3.12/site-packages/airflow/example_dags/example_python_operator.py
[2024-10-23T04:36:00.360+0000] {processor.py:925} INFO - DAG(s) 'example_python_operator' retrieved from /home/airflow/.local/lib/python3.12/site-packages/airflow/example_dags/example_python_operator.py
[2024-10-23T04:36:00.382+0000] {logging_mixin.py:190} INFO - [2024-10-23T04:36:00.382+0000] {dag.py:3239} INFO - Sync 1 DAGs
[2024-10-23T04:36:00.394+0000] {logging_mixin.py:190} INFO - [2024-10-23T04:36:00.394+0000] {dag.py:4180} INFO - Setting next_dagrun for example_python_operator to None, run_after=None
[2024-10-23T04:36:00.409+0000] {processor.py:208} INFO - Processing /home/airflow/.local/lib/python3.12/site-packages/airflow/example_dags/example_python_operator.py took 0.071 seconds
[2024-10-23T04:36:31.586+0000] {processor.py:186} INFO - Started process (PID=15367) to work on /home/airflow/.local/lib/python3.12/site-packages/airflow/example_dags/example_python_operator.py
[2024-10-23T04:36:31.590+0000] {processor.py:914} INFO - Processing file /home/airflow/.local/lib/python3.12/site-packages/airflow/example_dags/example_python_operator.py for tasks to queue
[2024-10-23T04:36:31.593+0000] {logging_mixin.py:190} INFO - [2024-10-23T04:36:31.592+0000] {dagbag.py:588} INFO - Filling up the DagBag from /home/airflow/.local/lib/python3.12/site-packages/airflow/example_dags/example_python_operator.py
[2024-10-23T04:36:31.626+0000] {processor.py:925} INFO - DAG(s) 'example_python_operator' retrieved from /home/airflow/.local/lib/python3.12/site-packages/airflow/example_dags/example_python_operator.py
[2024-10-23T04:36:31.700+0000] {logging_mixin.py:190} INFO - [2024-10-23T04:36:31.699+0000] {dag.py:3239} INFO - Sync 1 DAGs
[2024-10-23T04:36:31.734+0000] {logging_mixin.py:190} INFO - [2024-10-23T04:36:31.734+0000] {dag.py:4180} INFO - Setting next_dagrun for example_python_operator to None, run_after=None
[2024-10-23T04:36:31.780+0000] {processor.py:208} INFO - Processing /home/airflow/.local/lib/python3.12/site-packages/airflow/example_dags/example_python_operator.py took 0.204 seconds
[2024-10-23T04:37:02.072+0000] {processor.py:186} INFO - Started process (PID=15430) to work on /home/airflow/.local/lib/python3.12/site-packages/airflow/example_dags/example_python_operator.py
[2024-10-23T04:37:02.073+0000] {processor.py:914} INFO - Processing file /home/airflow/.local/lib/python3.12/site-packages/airflow/example_dags/example_python_operator.py for tasks to queue
[2024-10-23T04:37:02.074+0000] {logging_mixin.py:190} INFO - [2024-10-23T04:37:02.074+0000] {dagbag.py:588} INFO - Filling up the DagBag from /home/airflow/.local/lib/python3.12/site-packages/airflow/example_dags/example_python_operator.py
[2024-10-23T04:37:02.082+0000] {processor.py:925} INFO - DAG(s) 'example_python_operator' retrieved from /home/airflow/.local/lib/python3.12/site-packages/airflow/example_dags/example_python_operator.py
[2024-10-23T04:37:02.098+0000] {logging_mixin.py:190} INFO - [2024-10-23T04:37:02.097+0000] {dag.py:3239} INFO - Sync 1 DAGs
[2024-10-23T04:37:02.107+0000] {logging_mixin.py:190} INFO - [2024-10-23T04:37:02.107+0000] {dag.py:4180} INFO - Setting next_dagrun for example_python_operator to None, run_after=None
[2024-10-23T04:37:02.117+0000] {processor.py:208} INFO - Processing /home/airflow/.local/lib/python3.12/site-packages/airflow/example_dags/example_python_operator.py took 0.052 seconds
[2024-10-23T04:37:32.599+0000] {processor.py:186} INFO - Started process (PID=15493) to work on /home/airflow/.local/lib/python3.12/site-packages/airflow/example_dags/example_python_operator.py
[2024-10-23T04:37:32.601+0000] {processor.py:914} INFO - Processing file /home/airflow/.local/lib/python3.12/site-packages/airflow/example_dags/example_python_operator.py for tasks to queue
[2024-10-23T04:37:32.602+0000] {logging_mixin.py:190} INFO - [2024-10-23T04:37:32.602+0000] {dagbag.py:588} INFO - Filling up the DagBag from /home/airflow/.local/lib/python3.12/site-packages/airflow/example_dags/example_python_operator.py
[2024-10-23T04:37:32.616+0000] {processor.py:925} INFO - DAG(s) 'example_python_operator' retrieved from /home/airflow/.local/lib/python3.12/site-packages/airflow/example_dags/example_python_operator.py
[2024-10-23T04:37:32.638+0000] {logging_mixin.py:190} INFO - [2024-10-23T04:37:32.637+0000] {dag.py:3239} INFO - Sync 1 DAGs
[2024-10-23T04:37:32.662+0000] {logging_mixin.py:190} INFO - [2024-10-23T04:37:32.661+0000] {dag.py:4180} INFO - Setting next_dagrun for example_python_operator to None, run_after=None
[2024-10-23T04:37:32.681+0000] {processor.py:208} INFO - Processing /home/airflow/.local/lib/python3.12/site-packages/airflow/example_dags/example_python_operator.py took 0.095 seconds
[2024-10-23T04:38:02.953+0000] {processor.py:186} INFO - Started process (PID=15556) to work on /home/airflow/.local/lib/python3.12/site-packages/airflow/example_dags/example_python_operator.py
[2024-10-23T04:38:02.954+0000] {processor.py:914} INFO - Processing file /home/airflow/.local/lib/python3.12/site-packages/airflow/example_dags/example_python_operator.py for tasks to queue
[2024-10-23T04:38:02.955+0000] {logging_mixin.py:190} INFO - [2024-10-23T04:38:02.955+0000] {dagbag.py:588} INFO - Filling up the DagBag from /home/airflow/.local/lib/python3.12/site-packages/airflow/example_dags/example_python_operator.py
[2024-10-23T04:38:02.965+0000] {processor.py:925} INFO - DAG(s) 'example_python_operator' retrieved from /home/airflow/.local/lib/python3.12/site-packages/airflow/example_dags/example_python_operator.py
[2024-10-23T04:38:02.986+0000] {logging_mixin.py:190} INFO - [2024-10-23T04:38:02.986+0000] {dag.py:3239} INFO - Sync 1 DAGs
[2024-10-23T04:38:02.996+0000] {logging_mixin.py:190} INFO - [2024-10-23T04:38:02.996+0000] {dag.py:4180} INFO - Setting next_dagrun for example_python_operator to None, run_after=None
[2024-10-23T04:38:03.006+0000] {processor.py:208} INFO - Processing /home/airflow/.local/lib/python3.12/site-packages/airflow/example_dags/example_python_operator.py took 0.058 seconds
[2024-10-23T04:38:33.170+0000] {processor.py:186} INFO - Started process (PID=15619) to work on /home/airflow/.local/lib/python3.12/site-packages/airflow/example_dags/example_python_operator.py
[2024-10-23T04:38:33.171+0000] {processor.py:914} INFO - Processing file /home/airflow/.local/lib/python3.12/site-packages/airflow/example_dags/example_python_operator.py for tasks to queue
[2024-10-23T04:38:33.172+0000] {logging_mixin.py:190} INFO - [2024-10-23T04:38:33.172+0000] {dagbag.py:588} INFO - Filling up the DagBag from /home/airflow/.local/lib/python3.12/site-packages/airflow/example_dags/example_python_operator.py
[2024-10-23T04:38:33.182+0000] {processor.py:925} INFO - DAG(s) 'example_python_operator' retrieved from /home/airflow/.local/lib/python3.12/site-packages/airflow/example_dags/example_python_operator.py
[2024-10-23T04:38:33.202+0000] {logging_mixin.py:190} INFO - [2024-10-23T04:38:33.202+0000] {dag.py:3239} INFO - Sync 1 DAGs
[2024-10-23T04:38:33.212+0000] {logging_mixin.py:190} INFO - [2024-10-23T04:38:33.212+0000] {dag.py:4180} INFO - Setting next_dagrun for example_python_operator to None, run_after=None
[2024-10-23T04:38:33.226+0000] {processor.py:208} INFO - Processing /home/airflow/.local/lib/python3.12/site-packages/airflow/example_dags/example_python_operator.py took 0.062 seconds
[2024-10-23T04:39:03.875+0000] {processor.py:186} INFO - Started process (PID=15682) to work on /home/airflow/.local/lib/python3.12/site-packages/airflow/example_dags/example_python_operator.py
[2024-10-23T04:39:03.876+0000] {processor.py:914} INFO - Processing file /home/airflow/.local/lib/python3.12/site-packages/airflow/example_dags/example_python_operator.py for tasks to queue
[2024-10-23T04:39:03.877+0000] {logging_mixin.py:190} INFO - [2024-10-23T04:39:03.877+0000] {dagbag.py:588} INFO - Filling up the DagBag from /home/airflow/.local/lib/python3.12/site-packages/airflow/example_dags/example_python_operator.py
[2024-10-23T04:39:03.886+0000] {processor.py:925} INFO - DAG(s) 'example_python_operator' retrieved from /home/airflow/.local/lib/python3.12/site-packages/airflow/example_dags/example_python_operator.py
[2024-10-23T04:39:03.904+0000] {logging_mixin.py:190} INFO - [2024-10-23T04:39:03.904+0000] {dag.py:3239} INFO - Sync 1 DAGs
[2024-10-23T04:39:03.914+0000] {logging_mixin.py:190} INFO - [2024-10-23T04:39:03.914+0000] {dag.py:4180} INFO - Setting next_dagrun for example_python_operator to None, run_after=None
[2024-10-23T04:39:03.924+0000] {processor.py:208} INFO - Processing /home/airflow/.local/lib/python3.12/site-packages/airflow/example_dags/example_python_operator.py took 0.054 seconds
[2024-10-23T04:39:35.521+0000] {processor.py:186} INFO - Started process (PID=15745) to work on /home/airflow/.local/lib/python3.12/site-packages/airflow/example_dags/example_python_operator.py
[2024-10-23T04:39:35.522+0000] {processor.py:914} INFO - Processing file /home/airflow/.local/lib/python3.12/site-packages/airflow/example_dags/example_python_operator.py for tasks to queue
[2024-10-23T04:39:35.524+0000] {logging_mixin.py:190} INFO - [2024-10-23T04:39:35.523+0000] {dagbag.py:588} INFO - Filling up the DagBag from /home/airflow/.local/lib/python3.12/site-packages/airflow/example_dags/example_python_operator.py
[2024-10-23T04:39:35.540+0000] {processor.py:925} INFO - DAG(s) 'example_python_operator' retrieved from /home/airflow/.local/lib/python3.12/site-packages/airflow/example_dags/example_python_operator.py
[2024-10-23T04:39:35.563+0000] {logging_mixin.py:190} INFO - [2024-10-23T04:39:35.563+0000] {dag.py:3239} INFO - Sync 1 DAGs
[2024-10-23T04:39:35.869+0000] {logging_mixin.py:190} INFO - [2024-10-23T04:39:35.868+0000] {dag.py:4180} INFO - Setting next_dagrun for example_python_operator to None, run_after=None
[2024-10-23T04:39:35.938+0000] {processor.py:208} INFO - Processing /home/airflow/.local/lib/python3.12/site-packages/airflow/example_dags/example_python_operator.py took 0.438 seconds
[2024-10-23T04:40:06.207+0000] {processor.py:186} INFO - Started process (PID=15808) to work on /home/airflow/.local/lib/python3.12/site-packages/airflow/example_dags/example_python_operator.py
[2024-10-23T04:40:06.209+0000] {processor.py:914} INFO - Processing file /home/airflow/.local/lib/python3.12/site-packages/airflow/example_dags/example_python_operator.py for tasks to queue
[2024-10-23T04:40:06.210+0000] {logging_mixin.py:190} INFO - [2024-10-23T04:40:06.210+0000] {dagbag.py:588} INFO - Filling up the DagBag from /home/airflow/.local/lib/python3.12/site-packages/airflow/example_dags/example_python_operator.py
[2024-10-23T04:40:06.230+0000] {processor.py:925} INFO - DAG(s) 'example_python_operator' retrieved from /home/airflow/.local/lib/python3.12/site-packages/airflow/example_dags/example_python_operator.py
[2024-10-23T04:40:06.264+0000] {logging_mixin.py:190} INFO - [2024-10-23T04:40:06.264+0000] {dag.py:3239} INFO - Sync 1 DAGs
[2024-10-23T04:40:06.459+0000] {logging_mixin.py:190} INFO - [2024-10-23T04:40:06.458+0000] {dag.py:4180} INFO - Setting next_dagrun for example_python_operator to None, run_after=None
[2024-10-23T04:40:06.469+0000] {processor.py:208} INFO - Processing /home/airflow/.local/lib/python3.12/site-packages/airflow/example_dags/example_python_operator.py took 0.271 seconds
[2024-10-23T04:40:37.324+0000] {processor.py:186} INFO - Started process (PID=15871) to work on /home/airflow/.local/lib/python3.12/site-packages/airflow/example_dags/example_python_operator.py
[2024-10-23T04:40:37.326+0000] {processor.py:914} INFO - Processing file /home/airflow/.local/lib/python3.12/site-packages/airflow/example_dags/example_python_operator.py for tasks to queue
[2024-10-23T04:40:37.327+0000] {logging_mixin.py:190} INFO - [2024-10-23T04:40:37.327+0000] {dagbag.py:588} INFO - Filling up the DagBag from /home/airflow/.local/lib/python3.12/site-packages/airflow/example_dags/example_python_operator.py
[2024-10-23T04:40:37.339+0000] {processor.py:925} INFO - DAG(s) 'example_python_operator' retrieved from /home/airflow/.local/lib/python3.12/site-packages/airflow/example_dags/example_python_operator.py
[2024-10-23T04:40:37.358+0000] {logging_mixin.py:190} INFO - [2024-10-23T04:40:37.358+0000] {dag.py:3239} INFO - Sync 1 DAGs
[2024-10-23T04:40:37.368+0000] {logging_mixin.py:190} INFO - [2024-10-23T04:40:37.368+0000] {dag.py:4180} INFO - Setting next_dagrun for example_python_operator to None, run_after=None
[2024-10-23T04:40:37.379+0000] {processor.py:208} INFO - Processing /home/airflow/.local/lib/python3.12/site-packages/airflow/example_dags/example_python_operator.py took 0.061 seconds
[2024-10-23T04:41:08.107+0000] {processor.py:186} INFO - Started process (PID=15934) to work on /home/airflow/.local/lib/python3.12/site-packages/airflow/example_dags/example_python_operator.py
[2024-10-23T04:41:08.108+0000] {processor.py:914} INFO - Processing file /home/airflow/.local/lib/python3.12/site-packages/airflow/example_dags/example_python_operator.py for tasks to queue
[2024-10-23T04:41:08.110+0000] {logging_mixin.py:190} INFO - [2024-10-23T04:41:08.110+0000] {dagbag.py:588} INFO - Filling up the DagBag from /home/airflow/.local/lib/python3.12/site-packages/airflow/example_dags/example_python_operator.py
[2024-10-23T04:41:08.125+0000] {processor.py:925} INFO - DAG(s) 'example_python_operator' retrieved from /home/airflow/.local/lib/python3.12/site-packages/airflow/example_dags/example_python_operator.py
[2024-10-23T04:41:08.176+0000] {logging_mixin.py:190} INFO - [2024-10-23T04:41:08.175+0000] {dag.py:3239} INFO - Sync 1 DAGs
[2024-10-23T04:41:08.198+0000] {logging_mixin.py:190} INFO - [2024-10-23T04:41:08.197+0000] {dag.py:4180} INFO - Setting next_dagrun for example_python_operator to None, run_after=None
[2024-10-23T04:41:08.214+0000] {processor.py:208} INFO - Processing /home/airflow/.local/lib/python3.12/site-packages/airflow/example_dags/example_python_operator.py took 0.111 seconds
[2024-10-23T04:41:38.808+0000] {processor.py:186} INFO - Started process (PID=15997) to work on /home/airflow/.local/lib/python3.12/site-packages/airflow/example_dags/example_python_operator.py
[2024-10-23T04:41:38.809+0000] {processor.py:914} INFO - Processing file /home/airflow/.local/lib/python3.12/site-packages/airflow/example_dags/example_python_operator.py for tasks to queue
[2024-10-23T04:41:38.810+0000] {logging_mixin.py:190} INFO - [2024-10-23T04:41:38.809+0000] {dagbag.py:588} INFO - Filling up the DagBag from /home/airflow/.local/lib/python3.12/site-packages/airflow/example_dags/example_python_operator.py
[2024-10-23T04:41:38.817+0000] {processor.py:925} INFO - DAG(s) 'example_python_operator' retrieved from /home/airflow/.local/lib/python3.12/site-packages/airflow/example_dags/example_python_operator.py
[2024-10-23T04:41:38.832+0000] {logging_mixin.py:190} INFO - [2024-10-23T04:41:38.832+0000] {dag.py:3239} INFO - Sync 1 DAGs
[2024-10-23T04:41:38.842+0000] {logging_mixin.py:190} INFO - [2024-10-23T04:41:38.842+0000] {dag.py:4180} INFO - Setting next_dagrun for example_python_operator to None, run_after=None
[2024-10-23T04:41:38.852+0000] {processor.py:208} INFO - Processing /home/airflow/.local/lib/python3.12/site-packages/airflow/example_dags/example_python_operator.py took 0.048 seconds
[2024-10-23T04:42:08.941+0000] {processor.py:186} INFO - Started process (PID=16060) to work on /home/airflow/.local/lib/python3.12/site-packages/airflow/example_dags/example_python_operator.py
[2024-10-23T04:42:08.943+0000] {processor.py:914} INFO - Processing file /home/airflow/.local/lib/python3.12/site-packages/airflow/example_dags/example_python_operator.py for tasks to queue
[2024-10-23T04:42:08.944+0000] {logging_mixin.py:190} INFO - [2024-10-23T04:42:08.944+0000] {dagbag.py:588} INFO - Filling up the DagBag from /home/airflow/.local/lib/python3.12/site-packages/airflow/example_dags/example_python_operator.py
[2024-10-23T04:42:08.957+0000] {processor.py:925} INFO - DAG(s) 'example_python_operator' retrieved from /home/airflow/.local/lib/python3.12/site-packages/airflow/example_dags/example_python_operator.py
[2024-10-23T04:42:08.973+0000] {logging_mixin.py:190} INFO - [2024-10-23T04:42:08.973+0000] {dag.py:3239} INFO - Sync 1 DAGs
[2024-10-23T04:42:08.983+0000] {logging_mixin.py:190} INFO - [2024-10-23T04:42:08.982+0000] {dag.py:4180} INFO - Setting next_dagrun for example_python_operator to None, run_after=None
[2024-10-23T04:42:08.996+0000] {processor.py:208} INFO - Processing /home/airflow/.local/lib/python3.12/site-packages/airflow/example_dags/example_python_operator.py took 0.061 seconds
[2024-10-23T04:42:39.045+0000] {processor.py:186} INFO - Started process (PID=16123) to work on /home/airflow/.local/lib/python3.12/site-packages/airflow/example_dags/example_python_operator.py
[2024-10-23T04:42:39.050+0000] {processor.py:914} INFO - Processing file /home/airflow/.local/lib/python3.12/site-packages/airflow/example_dags/example_python_operator.py for tasks to queue
[2024-10-23T04:42:39.051+0000] {logging_mixin.py:190} INFO - [2024-10-23T04:42:39.051+0000] {dagbag.py:588} INFO - Filling up the DagBag from /home/airflow/.local/lib/python3.12/site-packages/airflow/example_dags/example_python_operator.py
[2024-10-23T04:42:39.061+0000] {processor.py:925} INFO - DAG(s) 'example_python_operator' retrieved from /home/airflow/.local/lib/python3.12/site-packages/airflow/example_dags/example_python_operator.py
[2024-10-23T04:42:39.086+0000] {logging_mixin.py:190} INFO - [2024-10-23T04:42:39.086+0000] {dag.py:3239} INFO - Sync 1 DAGs
[2024-10-23T04:42:39.098+0000] {logging_mixin.py:190} INFO - [2024-10-23T04:42:39.097+0000] {dag.py:4180} INFO - Setting next_dagrun for example_python_operator to None, run_after=None
[2024-10-23T04:42:39.108+0000] {processor.py:208} INFO - Processing /home/airflow/.local/lib/python3.12/site-packages/airflow/example_dags/example_python_operator.py took 0.067 seconds
[2024-10-23T04:43:10.142+0000] {processor.py:186} INFO - Started process (PID=16186) to work on /home/airflow/.local/lib/python3.12/site-packages/airflow/example_dags/example_python_operator.py
[2024-10-23T04:43:10.144+0000] {processor.py:914} INFO - Processing file /home/airflow/.local/lib/python3.12/site-packages/airflow/example_dags/example_python_operator.py for tasks to queue
[2024-10-23T04:43:10.145+0000] {logging_mixin.py:190} INFO - [2024-10-23T04:43:10.145+0000] {dagbag.py:588} INFO - Filling up the DagBag from /home/airflow/.local/lib/python3.12/site-packages/airflow/example_dags/example_python_operator.py
[2024-10-23T04:43:10.156+0000] {processor.py:925} INFO - DAG(s) 'example_python_operator' retrieved from /home/airflow/.local/lib/python3.12/site-packages/airflow/example_dags/example_python_operator.py
[2024-10-23T04:43:10.175+0000] {logging_mixin.py:190} INFO - [2024-10-23T04:43:10.175+0000] {dag.py:3239} INFO - Sync 1 DAGs
[2024-10-23T04:43:10.191+0000] {logging_mixin.py:190} INFO - [2024-10-23T04:43:10.191+0000] {dag.py:4180} INFO - Setting next_dagrun for example_python_operator to None, run_after=None
[2024-10-23T04:43:10.205+0000] {processor.py:208} INFO - Processing /home/airflow/.local/lib/python3.12/site-packages/airflow/example_dags/example_python_operator.py took 0.073 seconds
[2024-10-23T04:43:41.214+0000] {processor.py:186} INFO - Started process (PID=16249) to work on /home/airflow/.local/lib/python3.12/site-packages/airflow/example_dags/example_python_operator.py
[2024-10-23T04:43:41.215+0000] {processor.py:914} INFO - Processing file /home/airflow/.local/lib/python3.12/site-packages/airflow/example_dags/example_python_operator.py for tasks to queue
[2024-10-23T04:43:41.216+0000] {logging_mixin.py:190} INFO - [2024-10-23T04:43:41.216+0000] {dagbag.py:588} INFO - Filling up the DagBag from /home/airflow/.local/lib/python3.12/site-packages/airflow/example_dags/example_python_operator.py
[2024-10-23T04:43:41.226+0000] {processor.py:925} INFO - DAG(s) 'example_python_operator' retrieved from /home/airflow/.local/lib/python3.12/site-packages/airflow/example_dags/example_python_operator.py
[2024-10-23T04:43:41.245+0000] {logging_mixin.py:190} INFO - [2024-10-23T04:43:41.245+0000] {dag.py:3239} INFO - Sync 1 DAGs
[2024-10-23T04:43:41.257+0000] {logging_mixin.py:190} INFO - [2024-10-23T04:43:41.257+0000] {dag.py:4180} INFO - Setting next_dagrun for example_python_operator to None, run_after=None
[2024-10-23T04:43:41.270+0000] {processor.py:208} INFO - Processing /home/airflow/.local/lib/python3.12/site-packages/airflow/example_dags/example_python_operator.py took 0.060 seconds
[2024-10-23T04:44:12.319+0000] {processor.py:186} INFO - Started process (PID=16312) to work on /home/airflow/.local/lib/python3.12/site-packages/airflow/example_dags/example_python_operator.py
[2024-10-23T04:44:12.325+0000] {processor.py:914} INFO - Processing file /home/airflow/.local/lib/python3.12/site-packages/airflow/example_dags/example_python_operator.py for tasks to queue
[2024-10-23T04:44:12.328+0000] {logging_mixin.py:190} INFO - [2024-10-23T04:44:12.328+0000] {dagbag.py:588} INFO - Filling up the DagBag from /home/airflow/.local/lib/python3.12/site-packages/airflow/example_dags/example_python_operator.py
[2024-10-23T04:44:12.343+0000] {processor.py:925} INFO - DAG(s) 'example_python_operator' retrieved from /home/airflow/.local/lib/python3.12/site-packages/airflow/example_dags/example_python_operator.py
[2024-10-23T04:44:12.362+0000] {logging_mixin.py:190} INFO - [2024-10-23T04:44:12.362+0000] {dag.py:3239} INFO - Sync 1 DAGs
[2024-10-23T04:44:12.375+0000] {logging_mixin.py:190} INFO - [2024-10-23T04:44:12.375+0000] {dag.py:4180} INFO - Setting next_dagrun for example_python_operator to None, run_after=None
[2024-10-23T04:44:12.392+0000] {processor.py:208} INFO - Processing /home/airflow/.local/lib/python3.12/site-packages/airflow/example_dags/example_python_operator.py took 0.081 seconds
[2024-10-23T04:44:43.507+0000] {processor.py:186} INFO - Started process (PID=16375) to work on /home/airflow/.local/lib/python3.12/site-packages/airflow/example_dags/example_python_operator.py
[2024-10-23T04:44:43.509+0000] {processor.py:914} INFO - Processing file /home/airflow/.local/lib/python3.12/site-packages/airflow/example_dags/example_python_operator.py for tasks to queue
[2024-10-23T04:44:43.509+0000] {logging_mixin.py:190} INFO - [2024-10-23T04:44:43.509+0000] {dagbag.py:588} INFO - Filling up the DagBag from /home/airflow/.local/lib/python3.12/site-packages/airflow/example_dags/example_python_operator.py
[2024-10-23T04:44:43.517+0000] {processor.py:925} INFO - DAG(s) 'example_python_operator' retrieved from /home/airflow/.local/lib/python3.12/site-packages/airflow/example_dags/example_python_operator.py
[2024-10-23T04:44:43.536+0000] {logging_mixin.py:190} INFO - [2024-10-23T04:44:43.535+0000] {dag.py:3239} INFO - Sync 1 DAGs
[2024-10-23T04:44:43.546+0000] {logging_mixin.py:190} INFO - [2024-10-23T04:44:43.546+0000] {dag.py:4180} INFO - Setting next_dagrun for example_python_operator to None, run_after=None
[2024-10-23T04:44:43.559+0000] {processor.py:208} INFO - Processing /home/airflow/.local/lib/python3.12/site-packages/airflow/example_dags/example_python_operator.py took 0.058 seconds
[2024-10-23T04:45:14.010+0000] {processor.py:186} INFO - Started process (PID=16438) to work on /home/airflow/.local/lib/python3.12/site-packages/airflow/example_dags/example_python_operator.py
[2024-10-23T04:45:14.013+0000] {processor.py:914} INFO - Processing file /home/airflow/.local/lib/python3.12/site-packages/airflow/example_dags/example_python_operator.py for tasks to queue
[2024-10-23T04:45:14.014+0000] {logging_mixin.py:190} INFO - [2024-10-23T04:45:14.014+0000] {dagbag.py:588} INFO - Filling up the DagBag from /home/airflow/.local/lib/python3.12/site-packages/airflow/example_dags/example_python_operator.py
[2024-10-23T04:45:14.023+0000] {processor.py:925} INFO - DAG(s) 'example_python_operator' retrieved from /home/airflow/.local/lib/python3.12/site-packages/airflow/example_dags/example_python_operator.py
[2024-10-23T04:45:14.037+0000] {logging_mixin.py:190} INFO - [2024-10-23T04:45:14.037+0000] {dag.py:3239} INFO - Sync 1 DAGs
[2024-10-23T04:45:14.049+0000] {logging_mixin.py:190} INFO - [2024-10-23T04:45:14.048+0000] {dag.py:4180} INFO - Setting next_dagrun for example_python_operator to None, run_after=None
[2024-10-23T04:45:14.059+0000] {processor.py:208} INFO - Processing /home/airflow/.local/lib/python3.12/site-packages/airflow/example_dags/example_python_operator.py took 0.053 seconds
[2024-10-23T07:12:02.826+0000] {processor.py:186} INFO - Started process (PID=34455) to work on /home/airflow/.local/lib/python3.12/site-packages/airflow/example_dags/example_python_operator.py
[2024-10-23T07:12:02.827+0000] {processor.py:914} INFO - Processing file /home/airflow/.local/lib/python3.12/site-packages/airflow/example_dags/example_python_operator.py for tasks to queue
[2024-10-23T07:12:02.828+0000] {logging_mixin.py:190} INFO - [2024-10-23T07:12:02.828+0000] {dagbag.py:588} INFO - Filling up the DagBag from /home/airflow/.local/lib/python3.12/site-packages/airflow/example_dags/example_python_operator.py
[2024-10-23T07:12:02.836+0000] {processor.py:925} INFO - DAG(s) 'example_python_operator' retrieved from /home/airflow/.local/lib/python3.12/site-packages/airflow/example_dags/example_python_operator.py
[2024-10-23T07:12:02.850+0000] {logging_mixin.py:190} INFO - [2024-10-23T07:12:02.850+0000] {dag.py:3239} INFO - Sync 1 DAGs
[2024-10-23T07:12:02.859+0000] {logging_mixin.py:190} INFO - [2024-10-23T07:12:02.859+0000] {dag.py:4180} INFO - Setting next_dagrun for example_python_operator to None, run_after=None
[2024-10-23T07:12:02.869+0000] {processor.py:208} INFO - Processing /home/airflow/.local/lib/python3.12/site-packages/airflow/example_dags/example_python_operator.py took 0.047 seconds
[2024-10-23T07:12:33.163+0000] {processor.py:186} INFO - Started process (PID=34518) to work on /home/airflow/.local/lib/python3.12/site-packages/airflow/example_dags/example_python_operator.py
[2024-10-23T07:12:33.164+0000] {processor.py:914} INFO - Processing file /home/airflow/.local/lib/python3.12/site-packages/airflow/example_dags/example_python_operator.py for tasks to queue
[2024-10-23T07:12:33.165+0000] {logging_mixin.py:190} INFO - [2024-10-23T07:12:33.165+0000] {dagbag.py:588} INFO - Filling up the DagBag from /home/airflow/.local/lib/python3.12/site-packages/airflow/example_dags/example_python_operator.py
[2024-10-23T07:12:33.176+0000] {processor.py:925} INFO - DAG(s) 'example_python_operator' retrieved from /home/airflow/.local/lib/python3.12/site-packages/airflow/example_dags/example_python_operator.py
[2024-10-23T07:12:33.190+0000] {logging_mixin.py:190} INFO - [2024-10-23T07:12:33.190+0000] {dag.py:3239} INFO - Sync 1 DAGs
[2024-10-23T07:12:33.200+0000] {logging_mixin.py:190} INFO - [2024-10-23T07:12:33.200+0000] {dag.py:4180} INFO - Setting next_dagrun for example_python_operator to None, run_after=None
[2024-10-23T07:12:33.213+0000] {processor.py:208} INFO - Processing /home/airflow/.local/lib/python3.12/site-packages/airflow/example_dags/example_python_operator.py took 0.055 seconds
[2024-10-23T07:13:03.503+0000] {processor.py:186} INFO - Started process (PID=34581) to work on /home/airflow/.local/lib/python3.12/site-packages/airflow/example_dags/example_python_operator.py
[2024-10-23T07:13:03.505+0000] {processor.py:914} INFO - Processing file /home/airflow/.local/lib/python3.12/site-packages/airflow/example_dags/example_python_operator.py for tasks to queue
[2024-10-23T07:13:03.506+0000] {logging_mixin.py:190} INFO - [2024-10-23T07:13:03.505+0000] {dagbag.py:588} INFO - Filling up the DagBag from /home/airflow/.local/lib/python3.12/site-packages/airflow/example_dags/example_python_operator.py
[2024-10-23T07:13:03.520+0000] {processor.py:925} INFO - DAG(s) 'example_python_operator' retrieved from /home/airflow/.local/lib/python3.12/site-packages/airflow/example_dags/example_python_operator.py
[2024-10-23T07:13:03.538+0000] {logging_mixin.py:190} INFO - [2024-10-23T07:13:03.538+0000] {dag.py:3239} INFO - Sync 1 DAGs
[2024-10-23T07:13:03.549+0000] {logging_mixin.py:190} INFO - [2024-10-23T07:13:03.549+0000] {dag.py:4180} INFO - Setting next_dagrun for example_python_operator to None, run_after=None
[2024-10-23T07:13:03.559+0000] {processor.py:208} INFO - Processing /home/airflow/.local/lib/python3.12/site-packages/airflow/example_dags/example_python_operator.py took 0.061 seconds
[2024-10-23T07:13:34.149+0000] {processor.py:186} INFO - Started process (PID=34644) to work on /home/airflow/.local/lib/python3.12/site-packages/airflow/example_dags/example_python_operator.py
[2024-10-23T07:13:34.150+0000] {processor.py:914} INFO - Processing file /home/airflow/.local/lib/python3.12/site-packages/airflow/example_dags/example_python_operator.py for tasks to queue
[2024-10-23T07:13:34.151+0000] {logging_mixin.py:190} INFO - [2024-10-23T07:13:34.150+0000] {dagbag.py:588} INFO - Filling up the DagBag from /home/airflow/.local/lib/python3.12/site-packages/airflow/example_dags/example_python_operator.py
[2024-10-23T07:13:34.161+0000] {processor.py:925} INFO - DAG(s) 'example_python_operator' retrieved from /home/airflow/.local/lib/python3.12/site-packages/airflow/example_dags/example_python_operator.py
[2024-10-23T07:13:34.175+0000] {logging_mixin.py:190} INFO - [2024-10-23T07:13:34.175+0000] {dag.py:3239} INFO - Sync 1 DAGs
[2024-10-23T07:13:34.184+0000] {logging_mixin.py:190} INFO - [2024-10-23T07:13:34.184+0000] {dag.py:4180} INFO - Setting next_dagrun for example_python_operator to None, run_after=None
[2024-10-23T07:13:34.194+0000] {processor.py:208} INFO - Processing /home/airflow/.local/lib/python3.12/site-packages/airflow/example_dags/example_python_operator.py took 0.052 seconds
[2024-10-23T07:14:05.521+0000] {processor.py:186} INFO - Started process (PID=34707) to work on /home/airflow/.local/lib/python3.12/site-packages/airflow/example_dags/example_python_operator.py
[2024-10-23T07:14:05.522+0000] {processor.py:914} INFO - Processing file /home/airflow/.local/lib/python3.12/site-packages/airflow/example_dags/example_python_operator.py for tasks to queue
[2024-10-23T07:14:05.523+0000] {logging_mixin.py:190} INFO - [2024-10-23T07:14:05.523+0000] {dagbag.py:588} INFO - Filling up the DagBag from /home/airflow/.local/lib/python3.12/site-packages/airflow/example_dags/example_python_operator.py
[2024-10-23T07:14:05.533+0000] {processor.py:925} INFO - DAG(s) 'example_python_operator' retrieved from /home/airflow/.local/lib/python3.12/site-packages/airflow/example_dags/example_python_operator.py
[2024-10-23T07:14:05.550+0000] {logging_mixin.py:190} INFO - [2024-10-23T07:14:05.550+0000] {dag.py:3239} INFO - Sync 1 DAGs
[2024-10-23T07:14:05.703+0000] {logging_mixin.py:190} INFO - [2024-10-23T07:14:05.703+0000] {dag.py:4180} INFO - Setting next_dagrun for example_python_operator to None, run_after=None
[2024-10-23T07:14:05.723+0000] {processor.py:208} INFO - Processing /home/airflow/.local/lib/python3.12/site-packages/airflow/example_dags/example_python_operator.py took 0.208 seconds
[2024-10-23T07:14:36.354+0000] {processor.py:186} INFO - Started process (PID=34770) to work on /home/airflow/.local/lib/python3.12/site-packages/airflow/example_dags/example_python_operator.py
[2024-10-23T07:14:36.355+0000] {processor.py:914} INFO - Processing file /home/airflow/.local/lib/python3.12/site-packages/airflow/example_dags/example_python_operator.py for tasks to queue
[2024-10-23T07:14:36.356+0000] {logging_mixin.py:190} INFO - [2024-10-23T07:14:36.356+0000] {dagbag.py:588} INFO - Filling up the DagBag from /home/airflow/.local/lib/python3.12/site-packages/airflow/example_dags/example_python_operator.py
[2024-10-23T07:14:36.368+0000] {processor.py:925} INFO - DAG(s) 'example_python_operator' retrieved from /home/airflow/.local/lib/python3.12/site-packages/airflow/example_dags/example_python_operator.py
[2024-10-23T07:14:36.385+0000] {logging_mixin.py:190} INFO - [2024-10-23T07:14:36.385+0000] {dag.py:3239} INFO - Sync 1 DAGs
[2024-10-23T07:14:36.563+0000] {logging_mixin.py:190} INFO - [2024-10-23T07:14:36.562+0000] {dag.py:4180} INFO - Setting next_dagrun for example_python_operator to None, run_after=None
[2024-10-23T07:14:36.576+0000] {processor.py:208} INFO - Processing /home/airflow/.local/lib/python3.12/site-packages/airflow/example_dags/example_python_operator.py took 0.229 seconds
[2024-10-23T07:15:07.422+0000] {processor.py:186} INFO - Started process (PID=34833) to work on /home/airflow/.local/lib/python3.12/site-packages/airflow/example_dags/example_python_operator.py
[2024-10-23T07:15:07.423+0000] {processor.py:914} INFO - Processing file /home/airflow/.local/lib/python3.12/site-packages/airflow/example_dags/example_python_operator.py for tasks to queue
[2024-10-23T07:15:07.423+0000] {logging_mixin.py:190} INFO - [2024-10-23T07:15:07.423+0000] {dagbag.py:588} INFO - Filling up the DagBag from /home/airflow/.local/lib/python3.12/site-packages/airflow/example_dags/example_python_operator.py
[2024-10-23T07:15:07.435+0000] {processor.py:925} INFO - DAG(s) 'example_python_operator' retrieved from /home/airflow/.local/lib/python3.12/site-packages/airflow/example_dags/example_python_operator.py
[2024-10-23T07:15:07.451+0000] {logging_mixin.py:190} INFO - [2024-10-23T07:15:07.451+0000] {dag.py:3239} INFO - Sync 1 DAGs
[2024-10-23T07:15:07.465+0000] {logging_mixin.py:190} INFO - [2024-10-23T07:15:07.465+0000] {dag.py:4180} INFO - Setting next_dagrun for example_python_operator to None, run_after=None
[2024-10-23T07:15:07.478+0000] {processor.py:208} INFO - Processing /home/airflow/.local/lib/python3.12/site-packages/airflow/example_dags/example_python_operator.py took 0.061 seconds
[2024-10-23T07:15:38.302+0000] {processor.py:186} INFO - Started process (PID=34896) to work on /home/airflow/.local/lib/python3.12/site-packages/airflow/example_dags/example_python_operator.py
[2024-10-23T07:15:38.303+0000] {processor.py:914} INFO - Processing file /home/airflow/.local/lib/python3.12/site-packages/airflow/example_dags/example_python_operator.py for tasks to queue
[2024-10-23T07:15:38.304+0000] {logging_mixin.py:190} INFO - [2024-10-23T07:15:38.304+0000] {dagbag.py:588} INFO - Filling up the DagBag from /home/airflow/.local/lib/python3.12/site-packages/airflow/example_dags/example_python_operator.py
[2024-10-23T07:15:38.315+0000] {processor.py:925} INFO - DAG(s) 'example_python_operator' retrieved from /home/airflow/.local/lib/python3.12/site-packages/airflow/example_dags/example_python_operator.py
[2024-10-23T07:15:38.331+0000] {logging_mixin.py:190} INFO - [2024-10-23T07:15:38.330+0000] {dag.py:3239} INFO - Sync 1 DAGs
[2024-10-23T07:15:38.341+0000] {logging_mixin.py:190} INFO - [2024-10-23T07:15:38.341+0000] {dag.py:4180} INFO - Setting next_dagrun for example_python_operator to None, run_after=None
[2024-10-23T07:15:38.352+0000] {processor.py:208} INFO - Processing /home/airflow/.local/lib/python3.12/site-packages/airflow/example_dags/example_python_operator.py took 0.055 seconds
[2024-10-23T07:16:09.542+0000] {processor.py:186} INFO - Started process (PID=34959) to work on /home/airflow/.local/lib/python3.12/site-packages/airflow/example_dags/example_python_operator.py
[2024-10-23T07:16:09.543+0000] {processor.py:914} INFO - Processing file /home/airflow/.local/lib/python3.12/site-packages/airflow/example_dags/example_python_operator.py for tasks to queue
[2024-10-23T07:16:09.544+0000] {logging_mixin.py:190} INFO - [2024-10-23T07:16:09.544+0000] {dagbag.py:588} INFO - Filling up the DagBag from /home/airflow/.local/lib/python3.12/site-packages/airflow/example_dags/example_python_operator.py
[2024-10-23T07:16:09.556+0000] {processor.py:925} INFO - DAG(s) 'example_python_operator' retrieved from /home/airflow/.local/lib/python3.12/site-packages/airflow/example_dags/example_python_operator.py
[2024-10-23T07:16:09.572+0000] {logging_mixin.py:190} INFO - [2024-10-23T07:16:09.572+0000] {dag.py:3239} INFO - Sync 1 DAGs
[2024-10-23T07:16:09.582+0000] {logging_mixin.py:190} INFO - [2024-10-23T07:16:09.582+0000] {dag.py:4180} INFO - Setting next_dagrun for example_python_operator to None, run_after=None
[2024-10-23T07:16:09.616+0000] {processor.py:208} INFO - Processing /home/airflow/.local/lib/python3.12/site-packages/airflow/example_dags/example_python_operator.py took 0.079 seconds
[2024-10-23T07:16:40.541+0000] {processor.py:186} INFO - Started process (PID=35022) to work on /home/airflow/.local/lib/python3.12/site-packages/airflow/example_dags/example_python_operator.py
[2024-10-23T07:16:40.542+0000] {processor.py:914} INFO - Processing file /home/airflow/.local/lib/python3.12/site-packages/airflow/example_dags/example_python_operator.py for tasks to queue
[2024-10-23T07:16:40.543+0000] {logging_mixin.py:190} INFO - [2024-10-23T07:16:40.542+0000] {dagbag.py:588} INFO - Filling up the DagBag from /home/airflow/.local/lib/python3.12/site-packages/airflow/example_dags/example_python_operator.py
[2024-10-23T07:16:40.553+0000] {processor.py:925} INFO - DAG(s) 'example_python_operator' retrieved from /home/airflow/.local/lib/python3.12/site-packages/airflow/example_dags/example_python_operator.py
[2024-10-23T07:16:40.574+0000] {logging_mixin.py:190} INFO - [2024-10-23T07:16:40.573+0000] {dag.py:3239} INFO - Sync 1 DAGs
[2024-10-23T07:16:40.587+0000] {logging_mixin.py:190} INFO - [2024-10-23T07:16:40.587+0000] {dag.py:4180} INFO - Setting next_dagrun for example_python_operator to None, run_after=None
[2024-10-23T07:16:40.604+0000] {processor.py:208} INFO - Processing /home/airflow/.local/lib/python3.12/site-packages/airflow/example_dags/example_python_operator.py took 0.069 seconds
[2024-10-23T07:17:11.015+0000] {processor.py:186} INFO - Started process (PID=35085) to work on /home/airflow/.local/lib/python3.12/site-packages/airflow/example_dags/example_python_operator.py
[2024-10-23T07:17:11.016+0000] {processor.py:914} INFO - Processing file /home/airflow/.local/lib/python3.12/site-packages/airflow/example_dags/example_python_operator.py for tasks to queue
[2024-10-23T07:17:11.017+0000] {logging_mixin.py:190} INFO - [2024-10-23T07:17:11.017+0000] {dagbag.py:588} INFO - Filling up the DagBag from /home/airflow/.local/lib/python3.12/site-packages/airflow/example_dags/example_python_operator.py
[2024-10-23T07:17:11.028+0000] {processor.py:925} INFO - DAG(s) 'example_python_operator' retrieved from /home/airflow/.local/lib/python3.12/site-packages/airflow/example_dags/example_python_operator.py
[2024-10-23T07:17:11.043+0000] {logging_mixin.py:190} INFO - [2024-10-23T07:17:11.043+0000] {dag.py:3239} INFO - Sync 1 DAGs
[2024-10-23T07:17:11.052+0000] {logging_mixin.py:190} INFO - [2024-10-23T07:17:11.052+0000] {dag.py:4180} INFO - Setting next_dagrun for example_python_operator to None, run_after=None
[2024-10-23T07:17:11.062+0000] {processor.py:208} INFO - Processing /home/airflow/.local/lib/python3.12/site-packages/airflow/example_dags/example_python_operator.py took 0.054 seconds
[2024-10-23T07:17:42.151+0000] {processor.py:186} INFO - Started process (PID=35148) to work on /home/airflow/.local/lib/python3.12/site-packages/airflow/example_dags/example_python_operator.py
[2024-10-23T07:17:42.153+0000] {processor.py:914} INFO - Processing file /home/airflow/.local/lib/python3.12/site-packages/airflow/example_dags/example_python_operator.py for tasks to queue
[2024-10-23T07:17:42.153+0000] {logging_mixin.py:190} INFO - [2024-10-23T07:17:42.153+0000] {dagbag.py:588} INFO - Filling up the DagBag from /home/airflow/.local/lib/python3.12/site-packages/airflow/example_dags/example_python_operator.py
[2024-10-23T07:17:42.164+0000] {processor.py:925} INFO - DAG(s) 'example_python_operator' retrieved from /home/airflow/.local/lib/python3.12/site-packages/airflow/example_dags/example_python_operator.py
[2024-10-23T07:17:42.180+0000] {logging_mixin.py:190} INFO - [2024-10-23T07:17:42.180+0000] {dag.py:3239} INFO - Sync 1 DAGs
[2024-10-23T07:17:42.190+0000] {logging_mixin.py:190} INFO - [2024-10-23T07:17:42.190+0000] {dag.py:4180} INFO - Setting next_dagrun for example_python_operator to None, run_after=None
[2024-10-23T07:17:42.201+0000] {processor.py:208} INFO - Processing /home/airflow/.local/lib/python3.12/site-packages/airflow/example_dags/example_python_operator.py took 0.058 seconds
[2024-10-23T07:18:12.584+0000] {processor.py:186} INFO - Started process (PID=35211) to work on /home/airflow/.local/lib/python3.12/site-packages/airflow/example_dags/example_python_operator.py
[2024-10-23T07:18:12.584+0000] {processor.py:914} INFO - Processing file /home/airflow/.local/lib/python3.12/site-packages/airflow/example_dags/example_python_operator.py for tasks to queue
[2024-10-23T07:18:12.585+0000] {logging_mixin.py:190} INFO - [2024-10-23T07:18:12.585+0000] {dagbag.py:588} INFO - Filling up the DagBag from /home/airflow/.local/lib/python3.12/site-packages/airflow/example_dags/example_python_operator.py
[2024-10-23T07:18:12.601+0000] {processor.py:925} INFO - DAG(s) 'example_python_operator' retrieved from /home/airflow/.local/lib/python3.12/site-packages/airflow/example_dags/example_python_operator.py
[2024-10-23T07:18:12.618+0000] {logging_mixin.py:190} INFO - [2024-10-23T07:18:12.618+0000] {dag.py:3239} INFO - Sync 1 DAGs
[2024-10-23T07:18:12.628+0000] {logging_mixin.py:190} INFO - [2024-10-23T07:18:12.628+0000] {dag.py:4180} INFO - Setting next_dagrun for example_python_operator to None, run_after=None
[2024-10-23T07:18:12.640+0000] {processor.py:208} INFO - Processing /home/airflow/.local/lib/python3.12/site-packages/airflow/example_dags/example_python_operator.py took 0.061 seconds
[2024-10-23T07:18:43.358+0000] {processor.py:186} INFO - Started process (PID=35274) to work on /home/airflow/.local/lib/python3.12/site-packages/airflow/example_dags/example_python_operator.py
[2024-10-23T07:18:43.359+0000] {processor.py:914} INFO - Processing file /home/airflow/.local/lib/python3.12/site-packages/airflow/example_dags/example_python_operator.py for tasks to queue
[2024-10-23T07:18:43.360+0000] {logging_mixin.py:190} INFO - [2024-10-23T07:18:43.360+0000] {dagbag.py:588} INFO - Filling up the DagBag from /home/airflow/.local/lib/python3.12/site-packages/airflow/example_dags/example_python_operator.py
[2024-10-23T07:18:43.372+0000] {processor.py:925} INFO - DAG(s) 'example_python_operator' retrieved from /home/airflow/.local/lib/python3.12/site-packages/airflow/example_dags/example_python_operator.py
[2024-10-23T07:18:43.388+0000] {logging_mixin.py:190} INFO - [2024-10-23T07:18:43.388+0000] {dag.py:3239} INFO - Sync 1 DAGs
[2024-10-23T07:18:43.398+0000] {logging_mixin.py:190} INFO - [2024-10-23T07:18:43.398+0000] {dag.py:4180} INFO - Setting next_dagrun for example_python_operator to None, run_after=None
[2024-10-23T07:18:43.409+0000] {processor.py:208} INFO - Processing /home/airflow/.local/lib/python3.12/site-packages/airflow/example_dags/example_python_operator.py took 0.060 seconds
[2024-10-23T07:19:13.899+0000] {processor.py:186} INFO - Started process (PID=35337) to work on /home/airflow/.local/lib/python3.12/site-packages/airflow/example_dags/example_python_operator.py
[2024-10-23T07:19:13.900+0000] {processor.py:914} INFO - Processing file /home/airflow/.local/lib/python3.12/site-packages/airflow/example_dags/example_python_operator.py for tasks to queue
[2024-10-23T07:19:13.901+0000] {logging_mixin.py:190} INFO - [2024-10-23T07:19:13.901+0000] {dagbag.py:588} INFO - Filling up the DagBag from /home/airflow/.local/lib/python3.12/site-packages/airflow/example_dags/example_python_operator.py
[2024-10-23T07:19:13.912+0000] {processor.py:925} INFO - DAG(s) 'example_python_operator' retrieved from /home/airflow/.local/lib/python3.12/site-packages/airflow/example_dags/example_python_operator.py
[2024-10-23T07:19:13.926+0000] {logging_mixin.py:190} INFO - [2024-10-23T07:19:13.926+0000] {dag.py:3239} INFO - Sync 1 DAGs
[2024-10-23T07:19:13.935+0000] {logging_mixin.py:190} INFO - [2024-10-23T07:19:13.935+0000] {dag.py:4180} INFO - Setting next_dagrun for example_python_operator to None, run_after=None
[2024-10-23T07:19:13.945+0000] {processor.py:208} INFO - Processing /home/airflow/.local/lib/python3.12/site-packages/airflow/example_dags/example_python_operator.py took 0.050 seconds
[2024-10-23T07:19:44.542+0000] {processor.py:186} INFO - Started process (PID=35403) to work on /home/airflow/.local/lib/python3.12/site-packages/airflow/example_dags/example_python_operator.py
[2024-10-23T07:19:44.543+0000] {processor.py:914} INFO - Processing file /home/airflow/.local/lib/python3.12/site-packages/airflow/example_dags/example_python_operator.py for tasks to queue
[2024-10-23T07:19:44.544+0000] {logging_mixin.py:190} INFO - [2024-10-23T07:19:44.544+0000] {dagbag.py:588} INFO - Filling up the DagBag from /home/airflow/.local/lib/python3.12/site-packages/airflow/example_dags/example_python_operator.py
[2024-10-23T07:19:44.561+0000] {processor.py:925} INFO - DAG(s) 'example_python_operator' retrieved from /home/airflow/.local/lib/python3.12/site-packages/airflow/example_dags/example_python_operator.py
[2024-10-23T07:19:44.603+0000] {logging_mixin.py:190} INFO - [2024-10-23T07:19:44.603+0000] {dag.py:3239} INFO - Sync 1 DAGs
[2024-10-23T07:19:44.615+0000] {logging_mixin.py:190} INFO - [2024-10-23T07:19:44.615+0000] {dag.py:4180} INFO - Setting next_dagrun for example_python_operator to None, run_after=None
[2024-10-23T07:19:44.630+0000] {processor.py:208} INFO - Processing /home/airflow/.local/lib/python3.12/site-packages/airflow/example_dags/example_python_operator.py took 0.097 seconds
