[2024-10-23T02:32:03.674+0000] {processor.py:186} INFO - Started process (PID=13715) to work on /home/airflow/.local/lib/python3.12/site-packages/airflow/example_dags/example_time_delta_sensor_async.py
[2024-10-23T02:32:03.682+0000] {processor.py:914} INFO - Processing file /home/airflow/.local/lib/python3.12/site-packages/airflow/example_dags/example_time_delta_sensor_async.py for tasks to queue
[2024-10-23T02:32:03.686+0000] {logging_mixin.py:190} INFO - [2024-10-23T02:32:03.684+0000] {dagbag.py:588} INFO - Filling up the DagBag from /home/airflow/.local/lib/python3.12/site-packages/airflow/example_dags/example_time_delta_sensor_async.py
[2024-10-23T02:32:03.694+0000] {processor.py:925} INFO - DAG(s) 'example_time_delta_sensor_async' retrieved from /home/airflow/.local/lib/python3.12/site-packages/airflow/example_dags/example_time_delta_sensor_async.py
[2024-10-23T02:32:03.744+0000] {logging_mixin.py:190} INFO - [2024-10-23T02:32:03.743+0000] {dag.py:3239} INFO - Sync 1 DAGs
[2024-10-23T02:32:03.771+0000] {logging_mixin.py:190} INFO - [2024-10-23T02:32:03.770+0000] {dag.py:4180} INFO - Setting next_dagrun for example_time_delta_sensor_async to None, run_after=None
[2024-10-23T02:32:03.812+0000] {processor.py:208} INFO - Processing /home/airflow/.local/lib/python3.12/site-packages/airflow/example_dags/example_time_delta_sensor_async.py took 0.154 seconds
[2024-10-23T04:23:43.022+0000] {processor.py:186} INFO - Started process (PID=13772) to work on /home/airflow/.local/lib/python3.12/site-packages/airflow/example_dags/example_time_delta_sensor_async.py
[2024-10-23T04:23:43.023+0000] {processor.py:914} INFO - Processing file /home/airflow/.local/lib/python3.12/site-packages/airflow/example_dags/example_time_delta_sensor_async.py for tasks to queue
[2024-10-23T04:23:43.024+0000] {logging_mixin.py:190} INFO - [2024-10-23T04:23:43.024+0000] {dagbag.py:588} INFO - Filling up the DagBag from /home/airflow/.local/lib/python3.12/site-packages/airflow/example_dags/example_time_delta_sensor_async.py
[2024-10-23T04:23:43.031+0000] {processor.py:925} INFO - DAG(s) 'example_time_delta_sensor_async' retrieved from /home/airflow/.local/lib/python3.12/site-packages/airflow/example_dags/example_time_delta_sensor_async.py
[2024-10-23T04:23:43.070+0000] {logging_mixin.py:190} INFO - [2024-10-23T04:23:43.069+0000] {dag.py:3239} INFO - Sync 1 DAGs
[2024-10-23T04:23:43.089+0000] {logging_mixin.py:190} INFO - [2024-10-23T04:23:43.088+0000] {dag.py:4180} INFO - Setting next_dagrun for example_time_delta_sensor_async to None, run_after=None
[2024-10-23T04:23:43.111+0000] {processor.py:208} INFO - Processing /home/airflow/.local/lib/python3.12/site-packages/airflow/example_dags/example_time_delta_sensor_async.py took 0.096 seconds
[2024-10-23T04:24:13.590+0000] {processor.py:186} INFO - Started process (PID=13841) to work on /home/airflow/.local/lib/python3.12/site-packages/airflow/example_dags/example_time_delta_sensor_async.py
[2024-10-23T04:24:13.592+0000] {processor.py:914} INFO - Processing file /home/airflow/.local/lib/python3.12/site-packages/airflow/example_dags/example_time_delta_sensor_async.py for tasks to queue
[2024-10-23T04:24:13.593+0000] {logging_mixin.py:190} INFO - [2024-10-23T04:24:13.593+0000] {dagbag.py:588} INFO - Filling up the DagBag from /home/airflow/.local/lib/python3.12/site-packages/airflow/example_dags/example_time_delta_sensor_async.py
[2024-10-23T04:24:13.599+0000] {processor.py:925} INFO - DAG(s) 'example_time_delta_sensor_async' retrieved from /home/airflow/.local/lib/python3.12/site-packages/airflow/example_dags/example_time_delta_sensor_async.py
[2024-10-23T04:24:13.617+0000] {logging_mixin.py:190} INFO - [2024-10-23T04:24:13.616+0000] {dag.py:3239} INFO - Sync 1 DAGs
[2024-10-23T04:24:13.635+0000] {logging_mixin.py:190} INFO - [2024-10-23T04:24:13.634+0000] {dag.py:4180} INFO - Setting next_dagrun for example_time_delta_sensor_async to None, run_after=None
[2024-10-23T04:24:13.652+0000] {processor.py:208} INFO - Processing /home/airflow/.local/lib/python3.12/site-packages/airflow/example_dags/example_time_delta_sensor_async.py took 0.070 seconds
[2024-10-23T04:24:45.282+0000] {processor.py:186} INFO - Started process (PID=13904) to work on /home/airflow/.local/lib/python3.12/site-packages/airflow/example_dags/example_time_delta_sensor_async.py
[2024-10-23T04:24:45.285+0000] {processor.py:914} INFO - Processing file /home/airflow/.local/lib/python3.12/site-packages/airflow/example_dags/example_time_delta_sensor_async.py for tasks to queue
[2024-10-23T04:24:45.287+0000] {logging_mixin.py:190} INFO - [2024-10-23T04:24:45.287+0000] {dagbag.py:588} INFO - Filling up the DagBag from /home/airflow/.local/lib/python3.12/site-packages/airflow/example_dags/example_time_delta_sensor_async.py
[2024-10-23T04:24:45.304+0000] {processor.py:925} INFO - DAG(s) 'example_time_delta_sensor_async' retrieved from /home/airflow/.local/lib/python3.12/site-packages/airflow/example_dags/example_time_delta_sensor_async.py
[2024-10-23T04:24:45.336+0000] {logging_mixin.py:190} INFO - [2024-10-23T04:24:45.336+0000] {dag.py:3239} INFO - Sync 1 DAGs
[2024-10-23T04:24:45.355+0000] {logging_mixin.py:190} INFO - [2024-10-23T04:24:45.354+0000] {dag.py:4180} INFO - Setting next_dagrun for example_time_delta_sensor_async to None, run_after=None
[2024-10-23T04:24:45.374+0000] {processor.py:208} INFO - Processing /home/airflow/.local/lib/python3.12/site-packages/airflow/example_dags/example_time_delta_sensor_async.py took 0.110 seconds
[2024-10-23T04:25:16.049+0000] {processor.py:186} INFO - Started process (PID=13967) to work on /home/airflow/.local/lib/python3.12/site-packages/airflow/example_dags/example_time_delta_sensor_async.py
[2024-10-23T04:25:16.050+0000] {processor.py:914} INFO - Processing file /home/airflow/.local/lib/python3.12/site-packages/airflow/example_dags/example_time_delta_sensor_async.py for tasks to queue
[2024-10-23T04:25:16.051+0000] {logging_mixin.py:190} INFO - [2024-10-23T04:25:16.050+0000] {dagbag.py:588} INFO - Filling up the DagBag from /home/airflow/.local/lib/python3.12/site-packages/airflow/example_dags/example_time_delta_sensor_async.py
[2024-10-23T04:25:16.057+0000] {processor.py:925} INFO - DAG(s) 'example_time_delta_sensor_async' retrieved from /home/airflow/.local/lib/python3.12/site-packages/airflow/example_dags/example_time_delta_sensor_async.py
[2024-10-23T04:25:16.074+0000] {logging_mixin.py:190} INFO - [2024-10-23T04:25:16.074+0000] {dag.py:3239} INFO - Sync 1 DAGs
[2024-10-23T04:25:16.089+0000] {logging_mixin.py:190} INFO - [2024-10-23T04:25:16.088+0000] {dag.py:4180} INFO - Setting next_dagrun for example_time_delta_sensor_async to None, run_after=None
[2024-10-23T04:25:16.108+0000] {processor.py:208} INFO - Processing /home/airflow/.local/lib/python3.12/site-packages/airflow/example_dags/example_time_delta_sensor_async.py took 0.064 seconds
[2024-10-23T04:25:46.645+0000] {processor.py:186} INFO - Started process (PID=14030) to work on /home/airflow/.local/lib/python3.12/site-packages/airflow/example_dags/example_time_delta_sensor_async.py
[2024-10-23T04:25:46.649+0000] {processor.py:914} INFO - Processing file /home/airflow/.local/lib/python3.12/site-packages/airflow/example_dags/example_time_delta_sensor_async.py for tasks to queue
[2024-10-23T04:25:46.651+0000] {logging_mixin.py:190} INFO - [2024-10-23T04:25:46.650+0000] {dagbag.py:588} INFO - Filling up the DagBag from /home/airflow/.local/lib/python3.12/site-packages/airflow/example_dags/example_time_delta_sensor_async.py
[2024-10-23T04:25:46.675+0000] {processor.py:925} INFO - DAG(s) 'example_time_delta_sensor_async' retrieved from /home/airflow/.local/lib/python3.12/site-packages/airflow/example_dags/example_time_delta_sensor_async.py
[2024-10-23T04:25:46.702+0000] {logging_mixin.py:190} INFO - [2024-10-23T04:25:46.701+0000] {dag.py:3239} INFO - Sync 1 DAGs
[2024-10-23T04:25:46.716+0000] {logging_mixin.py:190} INFO - [2024-10-23T04:25:46.716+0000] {dag.py:4180} INFO - Setting next_dagrun for example_time_delta_sensor_async to None, run_after=None
[2024-10-23T04:25:46.731+0000] {processor.py:208} INFO - Processing /home/airflow/.local/lib/python3.12/site-packages/airflow/example_dags/example_time_delta_sensor_async.py took 0.122 seconds
[2024-10-23T04:26:17.194+0000] {processor.py:186} INFO - Started process (PID=14093) to work on /home/airflow/.local/lib/python3.12/site-packages/airflow/example_dags/example_time_delta_sensor_async.py
[2024-10-23T04:26:17.197+0000] {processor.py:914} INFO - Processing file /home/airflow/.local/lib/python3.12/site-packages/airflow/example_dags/example_time_delta_sensor_async.py for tasks to queue
[2024-10-23T04:26:17.200+0000] {logging_mixin.py:190} INFO - [2024-10-23T04:26:17.200+0000] {dagbag.py:588} INFO - Filling up the DagBag from /home/airflow/.local/lib/python3.12/site-packages/airflow/example_dags/example_time_delta_sensor_async.py
[2024-10-23T04:26:17.211+0000] {processor.py:925} INFO - DAG(s) 'example_time_delta_sensor_async' retrieved from /home/airflow/.local/lib/python3.12/site-packages/airflow/example_dags/example_time_delta_sensor_async.py
[2024-10-23T04:26:17.233+0000] {logging_mixin.py:190} INFO - [2024-10-23T04:26:17.233+0000] {dag.py:3239} INFO - Sync 1 DAGs
[2024-10-23T04:26:17.245+0000] {logging_mixin.py:190} INFO - [2024-10-23T04:26:17.245+0000] {dag.py:4180} INFO - Setting next_dagrun for example_time_delta_sensor_async to None, run_after=None
[2024-10-23T04:26:17.263+0000] {processor.py:208} INFO - Processing /home/airflow/.local/lib/python3.12/site-packages/airflow/example_dags/example_time_delta_sensor_async.py took 0.074 seconds
[2024-10-23T04:26:48.034+0000] {processor.py:186} INFO - Started process (PID=14156) to work on /home/airflow/.local/lib/python3.12/site-packages/airflow/example_dags/example_time_delta_sensor_async.py
[2024-10-23T04:26:48.036+0000] {processor.py:914} INFO - Processing file /home/airflow/.local/lib/python3.12/site-packages/airflow/example_dags/example_time_delta_sensor_async.py for tasks to queue
[2024-10-23T04:26:48.037+0000] {logging_mixin.py:190} INFO - [2024-10-23T04:26:48.036+0000] {dagbag.py:588} INFO - Filling up the DagBag from /home/airflow/.local/lib/python3.12/site-packages/airflow/example_dags/example_time_delta_sensor_async.py
[2024-10-23T04:26:48.046+0000] {processor.py:925} INFO - DAG(s) 'example_time_delta_sensor_async' retrieved from /home/airflow/.local/lib/python3.12/site-packages/airflow/example_dags/example_time_delta_sensor_async.py
[2024-10-23T04:26:48.066+0000] {logging_mixin.py:190} INFO - [2024-10-23T04:26:48.066+0000] {dag.py:3239} INFO - Sync 1 DAGs
[2024-10-23T04:26:48.079+0000] {logging_mixin.py:190} INFO - [2024-10-23T04:26:48.079+0000] {dag.py:4180} INFO - Setting next_dagrun for example_time_delta_sensor_async to None, run_after=None
[2024-10-23T04:26:48.097+0000] {processor.py:208} INFO - Processing /home/airflow/.local/lib/python3.12/site-packages/airflow/example_dags/example_time_delta_sensor_async.py took 0.069 seconds
[2024-10-23T04:27:18.340+0000] {processor.py:186} INFO - Started process (PID=14219) to work on /home/airflow/.local/lib/python3.12/site-packages/airflow/example_dags/example_time_delta_sensor_async.py
[2024-10-23T04:27:18.341+0000] {processor.py:914} INFO - Processing file /home/airflow/.local/lib/python3.12/site-packages/airflow/example_dags/example_time_delta_sensor_async.py for tasks to queue
[2024-10-23T04:27:18.342+0000] {logging_mixin.py:190} INFO - [2024-10-23T04:27:18.342+0000] {dagbag.py:588} INFO - Filling up the DagBag from /home/airflow/.local/lib/python3.12/site-packages/airflow/example_dags/example_time_delta_sensor_async.py
[2024-10-23T04:27:18.350+0000] {processor.py:925} INFO - DAG(s) 'example_time_delta_sensor_async' retrieved from /home/airflow/.local/lib/python3.12/site-packages/airflow/example_dags/example_time_delta_sensor_async.py
[2024-10-23T04:27:18.378+0000] {logging_mixin.py:190} INFO - [2024-10-23T04:27:18.377+0000] {dag.py:3239} INFO - Sync 1 DAGs
[2024-10-23T04:27:18.389+0000] {logging_mixin.py:190} INFO - [2024-10-23T04:27:18.389+0000] {dag.py:4180} INFO - Setting next_dagrun for example_time_delta_sensor_async to None, run_after=None
[2024-10-23T04:27:18.403+0000] {processor.py:208} INFO - Processing /home/airflow/.local/lib/python3.12/site-packages/airflow/example_dags/example_time_delta_sensor_async.py took 0.071 seconds
[2024-10-23T04:27:48.485+0000] {processor.py:186} INFO - Started process (PID=14281) to work on /home/airflow/.local/lib/python3.12/site-packages/airflow/example_dags/example_time_delta_sensor_async.py
[2024-10-23T04:27:48.487+0000] {processor.py:914} INFO - Processing file /home/airflow/.local/lib/python3.12/site-packages/airflow/example_dags/example_time_delta_sensor_async.py for tasks to queue
[2024-10-23T04:27:48.489+0000] {logging_mixin.py:190} INFO - [2024-10-23T04:27:48.488+0000] {dagbag.py:588} INFO - Filling up the DagBag from /home/airflow/.local/lib/python3.12/site-packages/airflow/example_dags/example_time_delta_sensor_async.py
[2024-10-23T04:27:48.509+0000] {processor.py:925} INFO - DAG(s) 'example_time_delta_sensor_async' retrieved from /home/airflow/.local/lib/python3.12/site-packages/airflow/example_dags/example_time_delta_sensor_async.py
[2024-10-23T04:27:48.548+0000] {logging_mixin.py:190} INFO - [2024-10-23T04:27:48.548+0000] {dag.py:3239} INFO - Sync 1 DAGs
[2024-10-23T04:27:48.588+0000] {logging_mixin.py:190} INFO - [2024-10-23T04:27:48.588+0000] {dag.py:4180} INFO - Setting next_dagrun for example_time_delta_sensor_async to None, run_after=None
[2024-10-23T04:27:48.611+0000] {processor.py:208} INFO - Processing /home/airflow/.local/lib/python3.12/site-packages/airflow/example_dags/example_time_delta_sensor_async.py took 0.137 seconds
[2024-10-23T04:28:19.065+0000] {processor.py:186} INFO - Started process (PID=14344) to work on /home/airflow/.local/lib/python3.12/site-packages/airflow/example_dags/example_time_delta_sensor_async.py
[2024-10-23T04:28:19.067+0000] {processor.py:914} INFO - Processing file /home/airflow/.local/lib/python3.12/site-packages/airflow/example_dags/example_time_delta_sensor_async.py for tasks to queue
[2024-10-23T04:28:19.071+0000] {logging_mixin.py:190} INFO - [2024-10-23T04:28:19.071+0000] {dagbag.py:588} INFO - Filling up the DagBag from /home/airflow/.local/lib/python3.12/site-packages/airflow/example_dags/example_time_delta_sensor_async.py
[2024-10-23T04:28:19.087+0000] {processor.py:925} INFO - DAG(s) 'example_time_delta_sensor_async' retrieved from /home/airflow/.local/lib/python3.12/site-packages/airflow/example_dags/example_time_delta_sensor_async.py
[2024-10-23T04:28:19.125+0000] {logging_mixin.py:190} INFO - [2024-10-23T04:28:19.125+0000] {dag.py:3239} INFO - Sync 1 DAGs
[2024-10-23T04:28:19.142+0000] {logging_mixin.py:190} INFO - [2024-10-23T04:28:19.141+0000] {dag.py:4180} INFO - Setting next_dagrun for example_time_delta_sensor_async to None, run_after=None
[2024-10-23T04:28:19.169+0000] {processor.py:208} INFO - Processing /home/airflow/.local/lib/python3.12/site-packages/airflow/example_dags/example_time_delta_sensor_async.py took 0.116 seconds
[2024-10-23T04:28:50.102+0000] {processor.py:186} INFO - Started process (PID=14407) to work on /home/airflow/.local/lib/python3.12/site-packages/airflow/example_dags/example_time_delta_sensor_async.py
[2024-10-23T04:28:50.104+0000] {processor.py:914} INFO - Processing file /home/airflow/.local/lib/python3.12/site-packages/airflow/example_dags/example_time_delta_sensor_async.py for tasks to queue
[2024-10-23T04:28:50.106+0000] {logging_mixin.py:190} INFO - [2024-10-23T04:28:50.105+0000] {dagbag.py:588} INFO - Filling up the DagBag from /home/airflow/.local/lib/python3.12/site-packages/airflow/example_dags/example_time_delta_sensor_async.py
[2024-10-23T04:28:50.176+0000] {processor.py:925} INFO - DAG(s) 'example_time_delta_sensor_async' retrieved from /home/airflow/.local/lib/python3.12/site-packages/airflow/example_dags/example_time_delta_sensor_async.py
[2024-10-23T04:28:50.240+0000] {logging_mixin.py:190} INFO - [2024-10-23T04:28:50.240+0000] {dag.py:3239} INFO - Sync 1 DAGs
[2024-10-23T04:28:50.261+0000] {logging_mixin.py:190} INFO - [2024-10-23T04:28:50.261+0000] {dag.py:4180} INFO - Setting next_dagrun for example_time_delta_sensor_async to None, run_after=None
[2024-10-23T04:28:50.325+0000] {processor.py:208} INFO - Processing /home/airflow/.local/lib/python3.12/site-packages/airflow/example_dags/example_time_delta_sensor_async.py took 0.260 seconds
[2024-10-23T04:29:20.522+0000] {processor.py:186} INFO - Started process (PID=14470) to work on /home/airflow/.local/lib/python3.12/site-packages/airflow/example_dags/example_time_delta_sensor_async.py
[2024-10-23T04:29:20.528+0000] {processor.py:914} INFO - Processing file /home/airflow/.local/lib/python3.12/site-packages/airflow/example_dags/example_time_delta_sensor_async.py for tasks to queue
[2024-10-23T04:29:20.533+0000] {logging_mixin.py:190} INFO - [2024-10-23T04:29:20.531+0000] {dagbag.py:588} INFO - Filling up the DagBag from /home/airflow/.local/lib/python3.12/site-packages/airflow/example_dags/example_time_delta_sensor_async.py
[2024-10-23T04:29:20.561+0000] {processor.py:925} INFO - DAG(s) 'example_time_delta_sensor_async' retrieved from /home/airflow/.local/lib/python3.12/site-packages/airflow/example_dags/example_time_delta_sensor_async.py
[2024-10-23T04:29:20.632+0000] {logging_mixin.py:190} INFO - [2024-10-23T04:29:20.632+0000] {dag.py:3239} INFO - Sync 1 DAGs
[2024-10-23T04:29:20.656+0000] {logging_mixin.py:190} INFO - [2024-10-23T04:29:20.655+0000] {dag.py:4180} INFO - Setting next_dagrun for example_time_delta_sensor_async to None, run_after=None
[2024-10-23T04:29:20.678+0000] {processor.py:208} INFO - Processing /home/airflow/.local/lib/python3.12/site-packages/airflow/example_dags/example_time_delta_sensor_async.py took 0.184 seconds
[2024-10-23T04:29:51.627+0000] {processor.py:186} INFO - Started process (PID=14533) to work on /home/airflow/.local/lib/python3.12/site-packages/airflow/example_dags/example_time_delta_sensor_async.py
[2024-10-23T04:29:51.629+0000] {processor.py:914} INFO - Processing file /home/airflow/.local/lib/python3.12/site-packages/airflow/example_dags/example_time_delta_sensor_async.py for tasks to queue
[2024-10-23T04:29:51.633+0000] {logging_mixin.py:190} INFO - [2024-10-23T04:29:51.633+0000] {dagbag.py:588} INFO - Filling up the DagBag from /home/airflow/.local/lib/python3.12/site-packages/airflow/example_dags/example_time_delta_sensor_async.py
[2024-10-23T04:29:51.651+0000] {processor.py:925} INFO - DAG(s) 'example_time_delta_sensor_async' retrieved from /home/airflow/.local/lib/python3.12/site-packages/airflow/example_dags/example_time_delta_sensor_async.py
[2024-10-23T04:29:51.695+0000] {logging_mixin.py:190} INFO - [2024-10-23T04:29:51.694+0000] {dag.py:3239} INFO - Sync 1 DAGs
[2024-10-23T04:29:51.714+0000] {logging_mixin.py:190} INFO - [2024-10-23T04:29:51.713+0000] {dag.py:4180} INFO - Setting next_dagrun for example_time_delta_sensor_async to None, run_after=None
[2024-10-23T04:29:51.732+0000] {processor.py:208} INFO - Processing /home/airflow/.local/lib/python3.12/site-packages/airflow/example_dags/example_time_delta_sensor_async.py took 0.141 seconds
[2024-10-23T04:30:22.684+0000] {processor.py:186} INFO - Started process (PID=14597) to work on /home/airflow/.local/lib/python3.12/site-packages/airflow/example_dags/example_time_delta_sensor_async.py
[2024-10-23T04:30:22.685+0000] {processor.py:914} INFO - Processing file /home/airflow/.local/lib/python3.12/site-packages/airflow/example_dags/example_time_delta_sensor_async.py for tasks to queue
[2024-10-23T04:30:22.688+0000] {logging_mixin.py:190} INFO - [2024-10-23T04:30:22.687+0000] {dagbag.py:588} INFO - Filling up the DagBag from /home/airflow/.local/lib/python3.12/site-packages/airflow/example_dags/example_time_delta_sensor_async.py
[2024-10-23T04:30:22.725+0000] {processor.py:925} INFO - DAG(s) 'example_time_delta_sensor_async' retrieved from /home/airflow/.local/lib/python3.12/site-packages/airflow/example_dags/example_time_delta_sensor_async.py
[2024-10-23T04:30:22.764+0000] {logging_mixin.py:190} INFO - [2024-10-23T04:30:22.764+0000] {dag.py:3239} INFO - Sync 1 DAGs
[2024-10-23T04:30:22.791+0000] {logging_mixin.py:190} INFO - [2024-10-23T04:30:22.791+0000] {dag.py:4180} INFO - Setting next_dagrun for example_time_delta_sensor_async to None, run_after=None
[2024-10-23T04:30:22.813+0000] {processor.py:208} INFO - Processing /home/airflow/.local/lib/python3.12/site-packages/airflow/example_dags/example_time_delta_sensor_async.py took 0.140 seconds
[2024-10-23T04:30:53.746+0000] {processor.py:186} INFO - Started process (PID=14660) to work on /home/airflow/.local/lib/python3.12/site-packages/airflow/example_dags/example_time_delta_sensor_async.py
[2024-10-23T04:30:53.749+0000] {processor.py:914} INFO - Processing file /home/airflow/.local/lib/python3.12/site-packages/airflow/example_dags/example_time_delta_sensor_async.py for tasks to queue
[2024-10-23T04:30:53.751+0000] {logging_mixin.py:190} INFO - [2024-10-23T04:30:53.751+0000] {dagbag.py:588} INFO - Filling up the DagBag from /home/airflow/.local/lib/python3.12/site-packages/airflow/example_dags/example_time_delta_sensor_async.py
[2024-10-23T04:30:53.768+0000] {processor.py:925} INFO - DAG(s) 'example_time_delta_sensor_async' retrieved from /home/airflow/.local/lib/python3.12/site-packages/airflow/example_dags/example_time_delta_sensor_async.py
[2024-10-23T04:30:53.821+0000] {logging_mixin.py:190} INFO - [2024-10-23T04:30:53.821+0000] {dag.py:3239} INFO - Sync 1 DAGs
[2024-10-23T04:30:53.843+0000] {logging_mixin.py:190} INFO - [2024-10-23T04:30:53.843+0000] {dag.py:4180} INFO - Setting next_dagrun for example_time_delta_sensor_async to None, run_after=None
[2024-10-23T04:30:53.870+0000] {processor.py:208} INFO - Processing /home/airflow/.local/lib/python3.12/site-packages/airflow/example_dags/example_time_delta_sensor_async.py took 0.134 seconds
[2024-10-23T04:31:23.979+0000] {processor.py:186} INFO - Started process (PID=14722) to work on /home/airflow/.local/lib/python3.12/site-packages/airflow/example_dags/example_time_delta_sensor_async.py
[2024-10-23T04:31:23.981+0000] {processor.py:914} INFO - Processing file /home/airflow/.local/lib/python3.12/site-packages/airflow/example_dags/example_time_delta_sensor_async.py for tasks to queue
[2024-10-23T04:31:23.985+0000] {logging_mixin.py:190} INFO - [2024-10-23T04:31:23.984+0000] {dagbag.py:588} INFO - Filling up the DagBag from /home/airflow/.local/lib/python3.12/site-packages/airflow/example_dags/example_time_delta_sensor_async.py
[2024-10-23T04:31:24.023+0000] {processor.py:925} INFO - DAG(s) 'example_time_delta_sensor_async' retrieved from /home/airflow/.local/lib/python3.12/site-packages/airflow/example_dags/example_time_delta_sensor_async.py
[2024-10-23T04:31:24.058+0000] {logging_mixin.py:190} INFO - [2024-10-23T04:31:24.058+0000] {dag.py:3239} INFO - Sync 1 DAGs
[2024-10-23T04:31:24.080+0000] {logging_mixin.py:190} INFO - [2024-10-23T04:31:24.079+0000] {dag.py:4180} INFO - Setting next_dagrun for example_time_delta_sensor_async to None, run_after=None
[2024-10-23T04:31:24.098+0000] {processor.py:208} INFO - Processing /home/airflow/.local/lib/python3.12/site-packages/airflow/example_dags/example_time_delta_sensor_async.py took 0.132 seconds
[2024-10-23T04:31:54.210+0000] {processor.py:186} INFO - Started process (PID=14784) to work on /home/airflow/.local/lib/python3.12/site-packages/airflow/example_dags/example_time_delta_sensor_async.py
[2024-10-23T04:31:54.213+0000] {processor.py:914} INFO - Processing file /home/airflow/.local/lib/python3.12/site-packages/airflow/example_dags/example_time_delta_sensor_async.py for tasks to queue
[2024-10-23T04:31:54.217+0000] {logging_mixin.py:190} INFO - [2024-10-23T04:31:54.216+0000] {dagbag.py:588} INFO - Filling up the DagBag from /home/airflow/.local/lib/python3.12/site-packages/airflow/example_dags/example_time_delta_sensor_async.py
[2024-10-23T04:31:54.236+0000] {processor.py:925} INFO - DAG(s) 'example_time_delta_sensor_async' retrieved from /home/airflow/.local/lib/python3.12/site-packages/airflow/example_dags/example_time_delta_sensor_async.py
[2024-10-23T04:31:54.275+0000] {logging_mixin.py:190} INFO - [2024-10-23T04:31:54.275+0000] {dag.py:3239} INFO - Sync 1 DAGs
[2024-10-23T04:31:54.320+0000] {logging_mixin.py:190} INFO - [2024-10-23T04:31:54.320+0000] {dag.py:4180} INFO - Setting next_dagrun for example_time_delta_sensor_async to None, run_after=None
[2024-10-23T04:31:54.360+0000] {processor.py:208} INFO - Processing /home/airflow/.local/lib/python3.12/site-packages/airflow/example_dags/example_time_delta_sensor_async.py took 0.163 seconds
[2024-10-23T04:32:24.842+0000] {processor.py:186} INFO - Started process (PID=14848) to work on /home/airflow/.local/lib/python3.12/site-packages/airflow/example_dags/example_time_delta_sensor_async.py
[2024-10-23T04:32:24.845+0000] {processor.py:914} INFO - Processing file /home/airflow/.local/lib/python3.12/site-packages/airflow/example_dags/example_time_delta_sensor_async.py for tasks to queue
[2024-10-23T04:32:24.847+0000] {logging_mixin.py:190} INFO - [2024-10-23T04:32:24.846+0000] {dagbag.py:588} INFO - Filling up the DagBag from /home/airflow/.local/lib/python3.12/site-packages/airflow/example_dags/example_time_delta_sensor_async.py
[2024-10-23T04:32:24.865+0000] {processor.py:925} INFO - DAG(s) 'example_time_delta_sensor_async' retrieved from /home/airflow/.local/lib/python3.12/site-packages/airflow/example_dags/example_time_delta_sensor_async.py
[2024-10-23T04:32:24.912+0000] {logging_mixin.py:190} INFO - [2024-10-23T04:32:24.912+0000] {dag.py:3239} INFO - Sync 1 DAGs
[2024-10-23T04:32:24.931+0000] {logging_mixin.py:190} INFO - [2024-10-23T04:32:24.931+0000] {dag.py:4180} INFO - Setting next_dagrun for example_time_delta_sensor_async to None, run_after=None
[2024-10-23T04:32:24.948+0000] {processor.py:208} INFO - Processing /home/airflow/.local/lib/python3.12/site-packages/airflow/example_dags/example_time_delta_sensor_async.py took 0.126 seconds
[2024-10-23T04:32:55.240+0000] {processor.py:186} INFO - Started process (PID=14911) to work on /home/airflow/.local/lib/python3.12/site-packages/airflow/example_dags/example_time_delta_sensor_async.py
[2024-10-23T04:32:55.243+0000] {processor.py:914} INFO - Processing file /home/airflow/.local/lib/python3.12/site-packages/airflow/example_dags/example_time_delta_sensor_async.py for tasks to queue
[2024-10-23T04:32:55.245+0000] {logging_mixin.py:190} INFO - [2024-10-23T04:32:55.245+0000] {dagbag.py:588} INFO - Filling up the DagBag from /home/airflow/.local/lib/python3.12/site-packages/airflow/example_dags/example_time_delta_sensor_async.py
[2024-10-23T04:32:55.262+0000] {processor.py:925} INFO - DAG(s) 'example_time_delta_sensor_async' retrieved from /home/airflow/.local/lib/python3.12/site-packages/airflow/example_dags/example_time_delta_sensor_async.py
[2024-10-23T04:32:55.300+0000] {logging_mixin.py:190} INFO - [2024-10-23T04:32:55.300+0000] {dag.py:3239} INFO - Sync 1 DAGs
[2024-10-23T04:32:55.340+0000] {logging_mixin.py:190} INFO - [2024-10-23T04:32:55.340+0000] {dag.py:4180} INFO - Setting next_dagrun for example_time_delta_sensor_async to None, run_after=None
[2024-10-23T04:32:55.360+0000] {processor.py:208} INFO - Processing /home/airflow/.local/lib/python3.12/site-packages/airflow/example_dags/example_time_delta_sensor_async.py took 0.144 seconds
[2024-10-23T04:33:25.967+0000] {processor.py:186} INFO - Started process (PID=14974) to work on /home/airflow/.local/lib/python3.12/site-packages/airflow/example_dags/example_time_delta_sensor_async.py
[2024-10-23T04:33:25.969+0000] {processor.py:914} INFO - Processing file /home/airflow/.local/lib/python3.12/site-packages/airflow/example_dags/example_time_delta_sensor_async.py for tasks to queue
[2024-10-23T04:33:25.972+0000] {logging_mixin.py:190} INFO - [2024-10-23T04:33:25.971+0000] {dagbag.py:588} INFO - Filling up the DagBag from /home/airflow/.local/lib/python3.12/site-packages/airflow/example_dags/example_time_delta_sensor_async.py
[2024-10-23T04:33:25.986+0000] {processor.py:925} INFO - DAG(s) 'example_time_delta_sensor_async' retrieved from /home/airflow/.local/lib/python3.12/site-packages/airflow/example_dags/example_time_delta_sensor_async.py
[2024-10-23T04:33:26.033+0000] {logging_mixin.py:190} INFO - [2024-10-23T04:33:26.033+0000] {dag.py:3239} INFO - Sync 1 DAGs
[2024-10-23T04:33:26.055+0000] {logging_mixin.py:190} INFO - [2024-10-23T04:33:26.054+0000] {dag.py:4180} INFO - Setting next_dagrun for example_time_delta_sensor_async to None, run_after=None
[2024-10-23T04:33:26.075+0000] {processor.py:208} INFO - Processing /home/airflow/.local/lib/python3.12/site-packages/airflow/example_dags/example_time_delta_sensor_async.py took 0.120 seconds
[2024-10-23T04:33:56.848+0000] {processor.py:186} INFO - Started process (PID=15037) to work on /home/airflow/.local/lib/python3.12/site-packages/airflow/example_dags/example_time_delta_sensor_async.py
[2024-10-23T04:33:56.856+0000] {processor.py:914} INFO - Processing file /home/airflow/.local/lib/python3.12/site-packages/airflow/example_dags/example_time_delta_sensor_async.py for tasks to queue
[2024-10-23T04:33:56.863+0000] {logging_mixin.py:190} INFO - [2024-10-23T04:33:56.861+0000] {dagbag.py:588} INFO - Filling up the DagBag from /home/airflow/.local/lib/python3.12/site-packages/airflow/example_dags/example_time_delta_sensor_async.py
[2024-10-23T04:33:56.883+0000] {processor.py:925} INFO - DAG(s) 'example_time_delta_sensor_async' retrieved from /home/airflow/.local/lib/python3.12/site-packages/airflow/example_dags/example_time_delta_sensor_async.py
[2024-10-23T04:33:56.923+0000] {logging_mixin.py:190} INFO - [2024-10-23T04:33:56.923+0000] {dag.py:3239} INFO - Sync 1 DAGs
[2024-10-23T04:33:56.964+0000] {logging_mixin.py:190} INFO - [2024-10-23T04:33:56.964+0000] {dag.py:4180} INFO - Setting next_dagrun for example_time_delta_sensor_async to None, run_after=None
[2024-10-23T04:33:56.985+0000] {processor.py:208} INFO - Processing /home/airflow/.local/lib/python3.12/site-packages/airflow/example_dags/example_time_delta_sensor_async.py took 0.152 seconds
[2024-10-23T04:34:28.006+0000] {processor.py:186} INFO - Started process (PID=15100) to work on /home/airflow/.local/lib/python3.12/site-packages/airflow/example_dags/example_time_delta_sensor_async.py
[2024-10-23T04:34:28.009+0000] {processor.py:914} INFO - Processing file /home/airflow/.local/lib/python3.12/site-packages/airflow/example_dags/example_time_delta_sensor_async.py for tasks to queue
[2024-10-23T04:34:28.011+0000] {logging_mixin.py:190} INFO - [2024-10-23T04:34:28.011+0000] {dagbag.py:588} INFO - Filling up the DagBag from /home/airflow/.local/lib/python3.12/site-packages/airflow/example_dags/example_time_delta_sensor_async.py
[2024-10-23T04:34:28.034+0000] {processor.py:925} INFO - DAG(s) 'example_time_delta_sensor_async' retrieved from /home/airflow/.local/lib/python3.12/site-packages/airflow/example_dags/example_time_delta_sensor_async.py
[2024-10-23T04:34:28.096+0000] {logging_mixin.py:190} INFO - [2024-10-23T04:34:28.096+0000] {dag.py:3239} INFO - Sync 1 DAGs
[2024-10-23T04:34:28.116+0000] {logging_mixin.py:190} INFO - [2024-10-23T04:34:28.116+0000] {dag.py:4180} INFO - Setting next_dagrun for example_time_delta_sensor_async to None, run_after=None
[2024-10-23T04:34:28.141+0000] {processor.py:208} INFO - Processing /home/airflow/.local/lib/python3.12/site-packages/airflow/example_dags/example_time_delta_sensor_async.py took 0.147 seconds
[2024-10-23T04:34:58.866+0000] {processor.py:186} INFO - Started process (PID=15163) to work on /home/airflow/.local/lib/python3.12/site-packages/airflow/example_dags/example_time_delta_sensor_async.py
[2024-10-23T04:34:58.867+0000] {processor.py:914} INFO - Processing file /home/airflow/.local/lib/python3.12/site-packages/airflow/example_dags/example_time_delta_sensor_async.py for tasks to queue
[2024-10-23T04:34:58.868+0000] {logging_mixin.py:190} INFO - [2024-10-23T04:34:58.868+0000] {dagbag.py:588} INFO - Filling up the DagBag from /home/airflow/.local/lib/python3.12/site-packages/airflow/example_dags/example_time_delta_sensor_async.py
[2024-10-23T04:34:58.887+0000] {processor.py:925} INFO - DAG(s) 'example_time_delta_sensor_async' retrieved from /home/airflow/.local/lib/python3.12/site-packages/airflow/example_dags/example_time_delta_sensor_async.py
[2024-10-23T04:34:58.919+0000] {logging_mixin.py:190} INFO - [2024-10-23T04:34:58.919+0000] {dag.py:3239} INFO - Sync 1 DAGs
[2024-10-23T04:34:58.949+0000] {logging_mixin.py:190} INFO - [2024-10-23T04:34:58.949+0000] {dag.py:4180} INFO - Setting next_dagrun for example_time_delta_sensor_async to None, run_after=None
[2024-10-23T04:34:58.971+0000] {processor.py:208} INFO - Processing /home/airflow/.local/lib/python3.12/site-packages/airflow/example_dags/example_time_delta_sensor_async.py took 0.113 seconds
[2024-10-23T04:35:29.229+0000] {processor.py:186} INFO - Started process (PID=15229) to work on /home/airflow/.local/lib/python3.12/site-packages/airflow/example_dags/example_time_delta_sensor_async.py
[2024-10-23T04:35:29.233+0000] {processor.py:914} INFO - Processing file /home/airflow/.local/lib/python3.12/site-packages/airflow/example_dags/example_time_delta_sensor_async.py for tasks to queue
[2024-10-23T04:35:29.235+0000] {logging_mixin.py:190} INFO - [2024-10-23T04:35:29.234+0000] {dagbag.py:588} INFO - Filling up the DagBag from /home/airflow/.local/lib/python3.12/site-packages/airflow/example_dags/example_time_delta_sensor_async.py
[2024-10-23T04:35:29.259+0000] {processor.py:925} INFO - DAG(s) 'example_time_delta_sensor_async' retrieved from /home/airflow/.local/lib/python3.12/site-packages/airflow/example_dags/example_time_delta_sensor_async.py
[2024-10-23T04:35:29.328+0000] {logging_mixin.py:190} INFO - [2024-10-23T04:35:29.328+0000] {dag.py:3239} INFO - Sync 1 DAGs
[2024-10-23T04:35:29.348+0000] {logging_mixin.py:190} INFO - [2024-10-23T04:35:29.348+0000] {dag.py:4180} INFO - Setting next_dagrun for example_time_delta_sensor_async to None, run_after=None
[2024-10-23T04:35:29.367+0000] {processor.py:208} INFO - Processing /home/airflow/.local/lib/python3.12/site-packages/airflow/example_dags/example_time_delta_sensor_async.py took 0.169 seconds
[2024-10-23T04:35:59.837+0000] {processor.py:186} INFO - Started process (PID=15292) to work on /home/airflow/.local/lib/python3.12/site-packages/airflow/example_dags/example_time_delta_sensor_async.py
[2024-10-23T04:35:59.842+0000] {processor.py:914} INFO - Processing file /home/airflow/.local/lib/python3.12/site-packages/airflow/example_dags/example_time_delta_sensor_async.py for tasks to queue
[2024-10-23T04:35:59.850+0000] {logging_mixin.py:190} INFO - [2024-10-23T04:35:59.847+0000] {dagbag.py:588} INFO - Filling up the DagBag from /home/airflow/.local/lib/python3.12/site-packages/airflow/example_dags/example_time_delta_sensor_async.py
[2024-10-23T04:35:59.875+0000] {processor.py:925} INFO - DAG(s) 'example_time_delta_sensor_async' retrieved from /home/airflow/.local/lib/python3.12/site-packages/airflow/example_dags/example_time_delta_sensor_async.py
[2024-10-23T04:35:59.909+0000] {logging_mixin.py:190} INFO - [2024-10-23T04:35:59.909+0000] {dag.py:3239} INFO - Sync 1 DAGs
[2024-10-23T04:35:59.937+0000] {logging_mixin.py:190} INFO - [2024-10-23T04:35:59.937+0000] {dag.py:4180} INFO - Setting next_dagrun for example_time_delta_sensor_async to None, run_after=None
[2024-10-23T04:35:59.953+0000] {processor.py:208} INFO - Processing /home/airflow/.local/lib/python3.12/site-packages/airflow/example_dags/example_time_delta_sensor_async.py took 0.127 seconds
[2024-10-23T04:36:30.051+0000] {processor.py:186} INFO - Started process (PID=15358) to work on /home/airflow/.local/lib/python3.12/site-packages/airflow/example_dags/example_time_delta_sensor_async.py
[2024-10-23T04:36:30.054+0000] {processor.py:914} INFO - Processing file /home/airflow/.local/lib/python3.12/site-packages/airflow/example_dags/example_time_delta_sensor_async.py for tasks to queue
[2024-10-23T04:36:30.056+0000] {logging_mixin.py:190} INFO - [2024-10-23T04:36:30.056+0000] {dagbag.py:588} INFO - Filling up the DagBag from /home/airflow/.local/lib/python3.12/site-packages/airflow/example_dags/example_time_delta_sensor_async.py
[2024-10-23T04:36:30.071+0000] {processor.py:925} INFO - DAG(s) 'example_time_delta_sensor_async' retrieved from /home/airflow/.local/lib/python3.12/site-packages/airflow/example_dags/example_time_delta_sensor_async.py
[2024-10-23T04:36:30.156+0000] {logging_mixin.py:190} INFO - [2024-10-23T04:36:30.155+0000] {dag.py:3239} INFO - Sync 1 DAGs
[2024-10-23T04:36:30.189+0000] {logging_mixin.py:190} INFO - [2024-10-23T04:36:30.189+0000] {dag.py:4180} INFO - Setting next_dagrun for example_time_delta_sensor_async to None, run_after=None
[2024-10-23T04:36:30.237+0000] {processor.py:208} INFO - Processing /home/airflow/.local/lib/python3.12/site-packages/airflow/example_dags/example_time_delta_sensor_async.py took 0.197 seconds
[2024-10-23T04:37:00.438+0000] {processor.py:186} INFO - Started process (PID=15421) to work on /home/airflow/.local/lib/python3.12/site-packages/airflow/example_dags/example_time_delta_sensor_async.py
[2024-10-23T04:37:00.441+0000] {processor.py:914} INFO - Processing file /home/airflow/.local/lib/python3.12/site-packages/airflow/example_dags/example_time_delta_sensor_async.py for tasks to queue
[2024-10-23T04:37:00.449+0000] {logging_mixin.py:190} INFO - [2024-10-23T04:37:00.445+0000] {dagbag.py:588} INFO - Filling up the DagBag from /home/airflow/.local/lib/python3.12/site-packages/airflow/example_dags/example_time_delta_sensor_async.py
[2024-10-23T04:37:00.479+0000] {processor.py:925} INFO - DAG(s) 'example_time_delta_sensor_async' retrieved from /home/airflow/.local/lib/python3.12/site-packages/airflow/example_dags/example_time_delta_sensor_async.py
[2024-10-23T04:37:00.523+0000] {logging_mixin.py:190} INFO - [2024-10-23T04:37:00.523+0000] {dag.py:3239} INFO - Sync 1 DAGs
[2024-10-23T04:37:00.549+0000] {logging_mixin.py:190} INFO - [2024-10-23T04:37:00.549+0000] {dag.py:4180} INFO - Setting next_dagrun for example_time_delta_sensor_async to None, run_after=None
[2024-10-23T04:37:00.574+0000] {processor.py:208} INFO - Processing /home/airflow/.local/lib/python3.12/site-packages/airflow/example_dags/example_time_delta_sensor_async.py took 0.147 seconds
[2024-10-23T04:37:30.872+0000] {processor.py:186} INFO - Started process (PID=15484) to work on /home/airflow/.local/lib/python3.12/site-packages/airflow/example_dags/example_time_delta_sensor_async.py
[2024-10-23T04:37:30.885+0000] {processor.py:914} INFO - Processing file /home/airflow/.local/lib/python3.12/site-packages/airflow/example_dags/example_time_delta_sensor_async.py for tasks to queue
[2024-10-23T04:37:30.889+0000] {logging_mixin.py:190} INFO - [2024-10-23T04:37:30.888+0000] {dagbag.py:588} INFO - Filling up the DagBag from /home/airflow/.local/lib/python3.12/site-packages/airflow/example_dags/example_time_delta_sensor_async.py
[2024-10-23T04:37:30.914+0000] {processor.py:925} INFO - DAG(s) 'example_time_delta_sensor_async' retrieved from /home/airflow/.local/lib/python3.12/site-packages/airflow/example_dags/example_time_delta_sensor_async.py
[2024-10-23T04:37:30.981+0000] {logging_mixin.py:190} INFO - [2024-10-23T04:37:30.980+0000] {dag.py:3239} INFO - Sync 1 DAGs
[2024-10-23T04:37:31.020+0000] {logging_mixin.py:190} INFO - [2024-10-23T04:37:31.020+0000] {dag.py:4180} INFO - Setting next_dagrun for example_time_delta_sensor_async to None, run_after=None
[2024-10-23T04:37:31.048+0000] {processor.py:208} INFO - Processing /home/airflow/.local/lib/python3.12/site-packages/airflow/example_dags/example_time_delta_sensor_async.py took 0.233 seconds
[2024-10-23T04:38:01.344+0000] {processor.py:186} INFO - Started process (PID=15547) to work on /home/airflow/.local/lib/python3.12/site-packages/airflow/example_dags/example_time_delta_sensor_async.py
[2024-10-23T04:38:01.347+0000] {processor.py:914} INFO - Processing file /home/airflow/.local/lib/python3.12/site-packages/airflow/example_dags/example_time_delta_sensor_async.py for tasks to queue
[2024-10-23T04:38:01.350+0000] {logging_mixin.py:190} INFO - [2024-10-23T04:38:01.349+0000] {dagbag.py:588} INFO - Filling up the DagBag from /home/airflow/.local/lib/python3.12/site-packages/airflow/example_dags/example_time_delta_sensor_async.py
[2024-10-23T04:38:01.381+0000] {processor.py:925} INFO - DAG(s) 'example_time_delta_sensor_async' retrieved from /home/airflow/.local/lib/python3.12/site-packages/airflow/example_dags/example_time_delta_sensor_async.py
[2024-10-23T04:38:01.451+0000] {logging_mixin.py:190} INFO - [2024-10-23T04:38:01.451+0000] {dag.py:3239} INFO - Sync 1 DAGs
[2024-10-23T04:38:01.472+0000] {logging_mixin.py:190} INFO - [2024-10-23T04:38:01.472+0000] {dag.py:4180} INFO - Setting next_dagrun for example_time_delta_sensor_async to None, run_after=None
[2024-10-23T04:38:01.502+0000] {processor.py:208} INFO - Processing /home/airflow/.local/lib/python3.12/site-packages/airflow/example_dags/example_time_delta_sensor_async.py took 0.200 seconds
[2024-10-23T04:38:31.611+0000] {processor.py:186} INFO - Started process (PID=15610) to work on /home/airflow/.local/lib/python3.12/site-packages/airflow/example_dags/example_time_delta_sensor_async.py
[2024-10-23T04:38:31.614+0000] {processor.py:914} INFO - Processing file /home/airflow/.local/lib/python3.12/site-packages/airflow/example_dags/example_time_delta_sensor_async.py for tasks to queue
[2024-10-23T04:38:31.619+0000] {logging_mixin.py:190} INFO - [2024-10-23T04:38:31.617+0000] {dagbag.py:588} INFO - Filling up the DagBag from /home/airflow/.local/lib/python3.12/site-packages/airflow/example_dags/example_time_delta_sensor_async.py
[2024-10-23T04:38:31.643+0000] {processor.py:925} INFO - DAG(s) 'example_time_delta_sensor_async' retrieved from /home/airflow/.local/lib/python3.12/site-packages/airflow/example_dags/example_time_delta_sensor_async.py
[2024-10-23T04:38:31.684+0000] {logging_mixin.py:190} INFO - [2024-10-23T04:38:31.684+0000] {dag.py:3239} INFO - Sync 1 DAGs
[2024-10-23T04:38:31.706+0000] {logging_mixin.py:190} INFO - [2024-10-23T04:38:31.706+0000] {dag.py:4180} INFO - Setting next_dagrun for example_time_delta_sensor_async to None, run_after=None
[2024-10-23T04:38:31.733+0000] {processor.py:208} INFO - Processing /home/airflow/.local/lib/python3.12/site-packages/airflow/example_dags/example_time_delta_sensor_async.py took 0.138 seconds
[2024-10-23T04:39:02.697+0000] {processor.py:186} INFO - Started process (PID=15673) to work on /home/airflow/.local/lib/python3.12/site-packages/airflow/example_dags/example_time_delta_sensor_async.py
[2024-10-23T04:39:02.700+0000] {processor.py:914} INFO - Processing file /home/airflow/.local/lib/python3.12/site-packages/airflow/example_dags/example_time_delta_sensor_async.py for tasks to queue
[2024-10-23T04:39:02.702+0000] {logging_mixin.py:190} INFO - [2024-10-23T04:39:02.702+0000] {dagbag.py:588} INFO - Filling up the DagBag from /home/airflow/.local/lib/python3.12/site-packages/airflow/example_dags/example_time_delta_sensor_async.py
[2024-10-23T04:39:02.731+0000] {processor.py:925} INFO - DAG(s) 'example_time_delta_sensor_async' retrieved from /home/airflow/.local/lib/python3.12/site-packages/airflow/example_dags/example_time_delta_sensor_async.py
[2024-10-23T04:39:02.776+0000] {logging_mixin.py:190} INFO - [2024-10-23T04:39:02.776+0000] {dag.py:3239} INFO - Sync 1 DAGs
[2024-10-23T04:39:03.170+0000] {logging_mixin.py:190} INFO - [2024-10-23T04:39:03.170+0000] {dag.py:4180} INFO - Setting next_dagrun for example_time_delta_sensor_async to None, run_after=None
[2024-10-23T04:39:03.183+0000] {processor.py:208} INFO - Processing /home/airflow/.local/lib/python3.12/site-packages/airflow/example_dags/example_time_delta_sensor_async.py took 0.516 seconds
[2024-10-23T04:39:33.718+0000] {processor.py:186} INFO - Started process (PID=15736) to work on /home/airflow/.local/lib/python3.12/site-packages/airflow/example_dags/example_time_delta_sensor_async.py
[2024-10-23T04:39:33.722+0000] {processor.py:914} INFO - Processing file /home/airflow/.local/lib/python3.12/site-packages/airflow/example_dags/example_time_delta_sensor_async.py for tasks to queue
[2024-10-23T04:39:33.729+0000] {logging_mixin.py:190} INFO - [2024-10-23T04:39:33.728+0000] {dagbag.py:588} INFO - Filling up the DagBag from /home/airflow/.local/lib/python3.12/site-packages/airflow/example_dags/example_time_delta_sensor_async.py
[2024-10-23T04:39:33.767+0000] {processor.py:925} INFO - DAG(s) 'example_time_delta_sensor_async' retrieved from /home/airflow/.local/lib/python3.12/site-packages/airflow/example_dags/example_time_delta_sensor_async.py
[2024-10-23T04:39:33.822+0000] {logging_mixin.py:190} INFO - [2024-10-23T04:39:33.822+0000] {dag.py:3239} INFO - Sync 1 DAGs
[2024-10-23T04:39:33.852+0000] {logging_mixin.py:190} INFO - [2024-10-23T04:39:33.852+0000] {dag.py:4180} INFO - Setting next_dagrun for example_time_delta_sensor_async to None, run_after=None
[2024-10-23T04:39:34.310+0000] {processor.py:208} INFO - Processing /home/airflow/.local/lib/python3.12/site-packages/airflow/example_dags/example_time_delta_sensor_async.py took 0.622 seconds
[2024-10-23T04:40:04.729+0000] {processor.py:186} INFO - Started process (PID=15799) to work on /home/airflow/.local/lib/python3.12/site-packages/airflow/example_dags/example_time_delta_sensor_async.py
[2024-10-23T04:40:04.736+0000] {processor.py:914} INFO - Processing file /home/airflow/.local/lib/python3.12/site-packages/airflow/example_dags/example_time_delta_sensor_async.py for tasks to queue
[2024-10-23T04:40:04.739+0000] {logging_mixin.py:190} INFO - [2024-10-23T04:40:04.738+0000] {dagbag.py:588} INFO - Filling up the DagBag from /home/airflow/.local/lib/python3.12/site-packages/airflow/example_dags/example_time_delta_sensor_async.py
[2024-10-23T04:40:04.759+0000] {processor.py:925} INFO - DAG(s) 'example_time_delta_sensor_async' retrieved from /home/airflow/.local/lib/python3.12/site-packages/airflow/example_dags/example_time_delta_sensor_async.py
[2024-10-23T04:40:04.801+0000] {logging_mixin.py:190} INFO - [2024-10-23T04:40:04.800+0000] {dag.py:3239} INFO - Sync 1 DAGs
[2024-10-23T04:40:04.823+0000] {logging_mixin.py:190} INFO - [2024-10-23T04:40:04.822+0000] {dag.py:4180} INFO - Setting next_dagrun for example_time_delta_sensor_async to None, run_after=None
[2024-10-23T04:40:04.855+0000] {processor.py:208} INFO - Processing /home/airflow/.local/lib/python3.12/site-packages/airflow/example_dags/example_time_delta_sensor_async.py took 0.146 seconds
[2024-10-23T04:40:35.252+0000] {processor.py:186} INFO - Started process (PID=15862) to work on /home/airflow/.local/lib/python3.12/site-packages/airflow/example_dags/example_time_delta_sensor_async.py
[2024-10-23T04:40:35.258+0000] {processor.py:914} INFO - Processing file /home/airflow/.local/lib/python3.12/site-packages/airflow/example_dags/example_time_delta_sensor_async.py for tasks to queue
[2024-10-23T04:40:35.262+0000] {logging_mixin.py:190} INFO - [2024-10-23T04:40:35.261+0000] {dagbag.py:588} INFO - Filling up the DagBag from /home/airflow/.local/lib/python3.12/site-packages/airflow/example_dags/example_time_delta_sensor_async.py
[2024-10-23T04:40:35.293+0000] {processor.py:925} INFO - DAG(s) 'example_time_delta_sensor_async' retrieved from /home/airflow/.local/lib/python3.12/site-packages/airflow/example_dags/example_time_delta_sensor_async.py
[2024-10-23T04:40:35.348+0000] {logging_mixin.py:190} INFO - [2024-10-23T04:40:35.348+0000] {dag.py:3239} INFO - Sync 1 DAGs
[2024-10-23T04:40:35.371+0000] {logging_mixin.py:190} INFO - [2024-10-23T04:40:35.370+0000] {dag.py:4180} INFO - Setting next_dagrun for example_time_delta_sensor_async to None, run_after=None
[2024-10-23T04:40:35.407+0000] {processor.py:208} INFO - Processing /home/airflow/.local/lib/python3.12/site-packages/airflow/example_dags/example_time_delta_sensor_async.py took 0.185 seconds
[2024-10-23T04:41:05.624+0000] {processor.py:186} INFO - Started process (PID=15925) to work on /home/airflow/.local/lib/python3.12/site-packages/airflow/example_dags/example_time_delta_sensor_async.py
[2024-10-23T04:41:05.628+0000] {processor.py:914} INFO - Processing file /home/airflow/.local/lib/python3.12/site-packages/airflow/example_dags/example_time_delta_sensor_async.py for tasks to queue
[2024-10-23T04:41:05.630+0000] {logging_mixin.py:190} INFO - [2024-10-23T04:41:05.630+0000] {dagbag.py:588} INFO - Filling up the DagBag from /home/airflow/.local/lib/python3.12/site-packages/airflow/example_dags/example_time_delta_sensor_async.py
[2024-10-23T04:41:05.651+0000] {processor.py:925} INFO - DAG(s) 'example_time_delta_sensor_async' retrieved from /home/airflow/.local/lib/python3.12/site-packages/airflow/example_dags/example_time_delta_sensor_async.py
[2024-10-23T04:41:05.710+0000] {logging_mixin.py:190} INFO - [2024-10-23T04:41:05.710+0000] {dag.py:3239} INFO - Sync 1 DAGs
[2024-10-23T04:41:05.745+0000] {logging_mixin.py:190} INFO - [2024-10-23T04:41:05.744+0000] {dag.py:4180} INFO - Setting next_dagrun for example_time_delta_sensor_async to None, run_after=None
[2024-10-23T04:41:05.766+0000] {processor.py:208} INFO - Processing /home/airflow/.local/lib/python3.12/site-packages/airflow/example_dags/example_time_delta_sensor_async.py took 0.195 seconds
[2024-10-23T04:41:36.358+0000] {processor.py:186} INFO - Started process (PID=15988) to work on /home/airflow/.local/lib/python3.12/site-packages/airflow/example_dags/example_time_delta_sensor_async.py
[2024-10-23T04:41:36.362+0000] {processor.py:914} INFO - Processing file /home/airflow/.local/lib/python3.12/site-packages/airflow/example_dags/example_time_delta_sensor_async.py for tasks to queue
[2024-10-23T04:41:36.365+0000] {logging_mixin.py:190} INFO - [2024-10-23T04:41:36.364+0000] {dagbag.py:588} INFO - Filling up the DagBag from /home/airflow/.local/lib/python3.12/site-packages/airflow/example_dags/example_time_delta_sensor_async.py
[2024-10-23T04:41:36.390+0000] {processor.py:925} INFO - DAG(s) 'example_time_delta_sensor_async' retrieved from /home/airflow/.local/lib/python3.12/site-packages/airflow/example_dags/example_time_delta_sensor_async.py
[2024-10-23T04:41:36.454+0000] {logging_mixin.py:190} INFO - [2024-10-23T04:41:36.454+0000] {dag.py:3239} INFO - Sync 1 DAGs
[2024-10-23T04:41:36.481+0000] {logging_mixin.py:190} INFO - [2024-10-23T04:41:36.481+0000] {dag.py:4180} INFO - Setting next_dagrun for example_time_delta_sensor_async to None, run_after=None
[2024-10-23T04:41:36.503+0000] {processor.py:208} INFO - Processing /home/airflow/.local/lib/python3.12/site-packages/airflow/example_dags/example_time_delta_sensor_async.py took 0.191 seconds
[2024-10-23T04:42:07.406+0000] {processor.py:186} INFO - Started process (PID=16051) to work on /home/airflow/.local/lib/python3.12/site-packages/airflow/example_dags/example_time_delta_sensor_async.py
[2024-10-23T04:42:07.410+0000] {processor.py:914} INFO - Processing file /home/airflow/.local/lib/python3.12/site-packages/airflow/example_dags/example_time_delta_sensor_async.py for tasks to queue
[2024-10-23T04:42:07.413+0000] {logging_mixin.py:190} INFO - [2024-10-23T04:42:07.412+0000] {dagbag.py:588} INFO - Filling up the DagBag from /home/airflow/.local/lib/python3.12/site-packages/airflow/example_dags/example_time_delta_sensor_async.py
[2024-10-23T04:42:07.461+0000] {processor.py:925} INFO - DAG(s) 'example_time_delta_sensor_async' retrieved from /home/airflow/.local/lib/python3.12/site-packages/airflow/example_dags/example_time_delta_sensor_async.py
[2024-10-23T04:42:07.529+0000] {logging_mixin.py:190} INFO - [2024-10-23T04:42:07.528+0000] {dag.py:3239} INFO - Sync 1 DAGs
[2024-10-23T04:42:07.555+0000] {logging_mixin.py:190} INFO - [2024-10-23T04:42:07.554+0000] {dag.py:4180} INFO - Setting next_dagrun for example_time_delta_sensor_async to None, run_after=None
[2024-10-23T04:42:07.575+0000] {processor.py:208} INFO - Processing /home/airflow/.local/lib/python3.12/site-packages/airflow/example_dags/example_time_delta_sensor_async.py took 0.218 seconds
[2024-10-23T04:42:38.562+0000] {processor.py:186} INFO - Started process (PID=16114) to work on /home/airflow/.local/lib/python3.12/site-packages/airflow/example_dags/example_time_delta_sensor_async.py
[2024-10-23T04:42:38.566+0000] {processor.py:914} INFO - Processing file /home/airflow/.local/lib/python3.12/site-packages/airflow/example_dags/example_time_delta_sensor_async.py for tasks to queue
[2024-10-23T04:42:38.568+0000] {logging_mixin.py:190} INFO - [2024-10-23T04:42:38.567+0000] {dagbag.py:588} INFO - Filling up the DagBag from /home/airflow/.local/lib/python3.12/site-packages/airflow/example_dags/example_time_delta_sensor_async.py
[2024-10-23T04:42:38.587+0000] {processor.py:925} INFO - DAG(s) 'example_time_delta_sensor_async' retrieved from /home/airflow/.local/lib/python3.12/site-packages/airflow/example_dags/example_time_delta_sensor_async.py
[2024-10-23T04:42:38.632+0000] {logging_mixin.py:190} INFO - [2024-10-23T04:42:38.632+0000] {dag.py:3239} INFO - Sync 1 DAGs
[2024-10-23T04:42:38.651+0000] {logging_mixin.py:190} INFO - [2024-10-23T04:42:38.651+0000] {dag.py:4180} INFO - Setting next_dagrun for example_time_delta_sensor_async to None, run_after=None
[2024-10-23T04:42:38.679+0000] {processor.py:208} INFO - Processing /home/airflow/.local/lib/python3.12/site-packages/airflow/example_dags/example_time_delta_sensor_async.py took 0.175 seconds
[2024-10-23T04:43:09.638+0000] {processor.py:186} INFO - Started process (PID=16177) to work on /home/airflow/.local/lib/python3.12/site-packages/airflow/example_dags/example_time_delta_sensor_async.py
[2024-10-23T04:43:09.640+0000] {processor.py:914} INFO - Processing file /home/airflow/.local/lib/python3.12/site-packages/airflow/example_dags/example_time_delta_sensor_async.py for tasks to queue
[2024-10-23T04:43:09.644+0000] {logging_mixin.py:190} INFO - [2024-10-23T04:43:09.643+0000] {dagbag.py:588} INFO - Filling up the DagBag from /home/airflow/.local/lib/python3.12/site-packages/airflow/example_dags/example_time_delta_sensor_async.py
[2024-10-23T04:43:09.659+0000] {processor.py:925} INFO - DAG(s) 'example_time_delta_sensor_async' retrieved from /home/airflow/.local/lib/python3.12/site-packages/airflow/example_dags/example_time_delta_sensor_async.py
[2024-10-23T04:43:09.694+0000] {logging_mixin.py:190} INFO - [2024-10-23T04:43:09.694+0000] {dag.py:3239} INFO - Sync 1 DAGs
[2024-10-23T04:43:09.726+0000] {logging_mixin.py:190} INFO - [2024-10-23T04:43:09.726+0000] {dag.py:4180} INFO - Setting next_dagrun for example_time_delta_sensor_async to None, run_after=None
[2024-10-23T04:43:09.754+0000] {processor.py:208} INFO - Processing /home/airflow/.local/lib/python3.12/site-packages/airflow/example_dags/example_time_delta_sensor_async.py took 0.129 seconds
[2024-10-23T04:43:40.610+0000] {processor.py:186} INFO - Started process (PID=16240) to work on /home/airflow/.local/lib/python3.12/site-packages/airflow/example_dags/example_time_delta_sensor_async.py
[2024-10-23T04:43:40.641+0000] {processor.py:914} INFO - Processing file /home/airflow/.local/lib/python3.12/site-packages/airflow/example_dags/example_time_delta_sensor_async.py for tasks to queue
[2024-10-23T04:43:40.649+0000] {logging_mixin.py:190} INFO - [2024-10-23T04:43:40.648+0000] {dagbag.py:588} INFO - Filling up the DagBag from /home/airflow/.local/lib/python3.12/site-packages/airflow/example_dags/example_time_delta_sensor_async.py
[2024-10-23T04:43:40.675+0000] {processor.py:925} INFO - DAG(s) 'example_time_delta_sensor_async' retrieved from /home/airflow/.local/lib/python3.12/site-packages/airflow/example_dags/example_time_delta_sensor_async.py
[2024-10-23T04:43:40.734+0000] {logging_mixin.py:190} INFO - [2024-10-23T04:43:40.734+0000] {dag.py:3239} INFO - Sync 1 DAGs
[2024-10-23T04:43:40.775+0000] {logging_mixin.py:190} INFO - [2024-10-23T04:43:40.774+0000] {dag.py:4180} INFO - Setting next_dagrun for example_time_delta_sensor_async to None, run_after=None
[2024-10-23T04:43:40.798+0000] {processor.py:208} INFO - Processing /home/airflow/.local/lib/python3.12/site-packages/airflow/example_dags/example_time_delta_sensor_async.py took 0.269 seconds
[2024-10-23T04:44:11.740+0000] {processor.py:186} INFO - Started process (PID=16303) to work on /home/airflow/.local/lib/python3.12/site-packages/airflow/example_dags/example_time_delta_sensor_async.py
[2024-10-23T04:44:11.745+0000] {processor.py:914} INFO - Processing file /home/airflow/.local/lib/python3.12/site-packages/airflow/example_dags/example_time_delta_sensor_async.py for tasks to queue
[2024-10-23T04:44:11.748+0000] {logging_mixin.py:190} INFO - [2024-10-23T04:44:11.747+0000] {dagbag.py:588} INFO - Filling up the DagBag from /home/airflow/.local/lib/python3.12/site-packages/airflow/example_dags/example_time_delta_sensor_async.py
[2024-10-23T04:44:11.773+0000] {processor.py:925} INFO - DAG(s) 'example_time_delta_sensor_async' retrieved from /home/airflow/.local/lib/python3.12/site-packages/airflow/example_dags/example_time_delta_sensor_async.py
[2024-10-23T04:44:11.825+0000] {logging_mixin.py:190} INFO - [2024-10-23T04:44:11.824+0000] {dag.py:3239} INFO - Sync 1 DAGs
[2024-10-23T04:44:11.849+0000] {logging_mixin.py:190} INFO - [2024-10-23T04:44:11.849+0000] {dag.py:4180} INFO - Setting next_dagrun for example_time_delta_sensor_async to None, run_after=None
[2024-10-23T04:44:11.869+0000] {processor.py:208} INFO - Processing /home/airflow/.local/lib/python3.12/site-packages/airflow/example_dags/example_time_delta_sensor_async.py took 0.174 seconds
[2024-10-23T04:44:42.973+0000] {processor.py:186} INFO - Started process (PID=16366) to work on /home/airflow/.local/lib/python3.12/site-packages/airflow/example_dags/example_time_delta_sensor_async.py
[2024-10-23T04:44:42.976+0000] {processor.py:914} INFO - Processing file /home/airflow/.local/lib/python3.12/site-packages/airflow/example_dags/example_time_delta_sensor_async.py for tasks to queue
[2024-10-23T04:44:42.979+0000] {logging_mixin.py:190} INFO - [2024-10-23T04:44:42.978+0000] {dagbag.py:588} INFO - Filling up the DagBag from /home/airflow/.local/lib/python3.12/site-packages/airflow/example_dags/example_time_delta_sensor_async.py
[2024-10-23T04:44:43.000+0000] {processor.py:925} INFO - DAG(s) 'example_time_delta_sensor_async' retrieved from /home/airflow/.local/lib/python3.12/site-packages/airflow/example_dags/example_time_delta_sensor_async.py
[2024-10-23T04:44:43.049+0000] {logging_mixin.py:190} INFO - [2024-10-23T04:44:43.048+0000] {dag.py:3239} INFO - Sync 1 DAGs
[2024-10-23T04:44:43.067+0000] {logging_mixin.py:190} INFO - [2024-10-23T04:44:43.067+0000] {dag.py:4180} INFO - Setting next_dagrun for example_time_delta_sensor_async to None, run_after=None
[2024-10-23T04:44:43.089+0000] {processor.py:208} INFO - Processing /home/airflow/.local/lib/python3.12/site-packages/airflow/example_dags/example_time_delta_sensor_async.py took 0.152 seconds
[2024-10-23T04:45:13.604+0000] {processor.py:186} INFO - Started process (PID=16429) to work on /home/airflow/.local/lib/python3.12/site-packages/airflow/example_dags/example_time_delta_sensor_async.py
[2024-10-23T04:45:13.606+0000] {processor.py:914} INFO - Processing file /home/airflow/.local/lib/python3.12/site-packages/airflow/example_dags/example_time_delta_sensor_async.py for tasks to queue
[2024-10-23T04:45:13.611+0000] {logging_mixin.py:190} INFO - [2024-10-23T04:45:13.610+0000] {dagbag.py:588} INFO - Filling up the DagBag from /home/airflow/.local/lib/python3.12/site-packages/airflow/example_dags/example_time_delta_sensor_async.py
[2024-10-23T04:45:13.641+0000] {processor.py:925} INFO - DAG(s) 'example_time_delta_sensor_async' retrieved from /home/airflow/.local/lib/python3.12/site-packages/airflow/example_dags/example_time_delta_sensor_async.py
[2024-10-23T04:45:13.663+0000] {logging_mixin.py:190} INFO - [2024-10-23T04:45:13.663+0000] {dag.py:3239} INFO - Sync 1 DAGs
[2024-10-23T04:45:13.679+0000] {logging_mixin.py:190} INFO - [2024-10-23T04:45:13.679+0000] {dag.py:4180} INFO - Setting next_dagrun for example_time_delta_sensor_async to None, run_after=None
[2024-10-23T04:45:13.697+0000] {processor.py:208} INFO - Processing /home/airflow/.local/lib/python3.12/site-packages/airflow/example_dags/example_time_delta_sensor_async.py took 0.144 seconds
[2024-10-23T07:11:52.124+0000] {processor.py:186} INFO - Started process (PID=34440) to work on /home/airflow/.local/lib/python3.12/site-packages/airflow/example_dags/example_time_delta_sensor_async.py
[2024-10-23T07:11:52.126+0000] {processor.py:914} INFO - Processing file /home/airflow/.local/lib/python3.12/site-packages/airflow/example_dags/example_time_delta_sensor_async.py for tasks to queue
[2024-10-23T07:11:52.128+0000] {logging_mixin.py:190} INFO - [2024-10-23T07:11:52.127+0000] {dagbag.py:588} INFO - Filling up the DagBag from /home/airflow/.local/lib/python3.12/site-packages/airflow/example_dags/example_time_delta_sensor_async.py
[2024-10-23T07:11:52.142+0000] {processor.py:925} INFO - DAG(s) 'example_time_delta_sensor_async' retrieved from /home/airflow/.local/lib/python3.12/site-packages/airflow/example_dags/example_time_delta_sensor_async.py
[2024-10-23T07:11:52.163+0000] {logging_mixin.py:190} INFO - [2024-10-23T07:11:52.163+0000] {dag.py:3239} INFO - Sync 1 DAGs
[2024-10-23T07:11:52.177+0000] {logging_mixin.py:190} INFO - [2024-10-23T07:11:52.177+0000] {dag.py:4180} INFO - Setting next_dagrun for example_time_delta_sensor_async to None, run_after=None
[2024-10-23T07:11:52.192+0000] {processor.py:208} INFO - Processing /home/airflow/.local/lib/python3.12/site-packages/airflow/example_dags/example_time_delta_sensor_async.py took 0.079 seconds
[2024-10-23T07:12:22.542+0000] {processor.py:186} INFO - Started process (PID=34503) to work on /home/airflow/.local/lib/python3.12/site-packages/airflow/example_dags/example_time_delta_sensor_async.py
[2024-10-23T07:12:22.544+0000] {processor.py:914} INFO - Processing file /home/airflow/.local/lib/python3.12/site-packages/airflow/example_dags/example_time_delta_sensor_async.py for tasks to queue
[2024-10-23T07:12:22.545+0000] {logging_mixin.py:190} INFO - [2024-10-23T07:12:22.545+0000] {dagbag.py:588} INFO - Filling up the DagBag from /home/airflow/.local/lib/python3.12/site-packages/airflow/example_dags/example_time_delta_sensor_async.py
[2024-10-23T07:12:22.552+0000] {processor.py:925} INFO - DAG(s) 'example_time_delta_sensor_async' retrieved from /home/airflow/.local/lib/python3.12/site-packages/airflow/example_dags/example_time_delta_sensor_async.py
[2024-10-23T07:12:22.577+0000] {logging_mixin.py:190} INFO - [2024-10-23T07:12:22.577+0000] {dag.py:3239} INFO - Sync 1 DAGs
[2024-10-23T07:12:22.587+0000] {logging_mixin.py:190} INFO - [2024-10-23T07:12:22.587+0000] {dag.py:4180} INFO - Setting next_dagrun for example_time_delta_sensor_async to None, run_after=None
[2024-10-23T07:12:22.600+0000] {processor.py:208} INFO - Processing /home/airflow/.local/lib/python3.12/site-packages/airflow/example_dags/example_time_delta_sensor_async.py took 0.065 seconds
[2024-10-23T07:12:53.156+0000] {processor.py:186} INFO - Started process (PID=34566) to work on /home/airflow/.local/lib/python3.12/site-packages/airflow/example_dags/example_time_delta_sensor_async.py
[2024-10-23T07:12:53.160+0000] {processor.py:914} INFO - Processing file /home/airflow/.local/lib/python3.12/site-packages/airflow/example_dags/example_time_delta_sensor_async.py for tasks to queue
[2024-10-23T07:12:53.162+0000] {logging_mixin.py:190} INFO - [2024-10-23T07:12:53.161+0000] {dagbag.py:588} INFO - Filling up the DagBag from /home/airflow/.local/lib/python3.12/site-packages/airflow/example_dags/example_time_delta_sensor_async.py
[2024-10-23T07:12:53.181+0000] {processor.py:925} INFO - DAG(s) 'example_time_delta_sensor_async' retrieved from /home/airflow/.local/lib/python3.12/site-packages/airflow/example_dags/example_time_delta_sensor_async.py
[2024-10-23T07:12:53.239+0000] {logging_mixin.py:190} INFO - [2024-10-23T07:12:53.239+0000] {dag.py:3239} INFO - Sync 1 DAGs
[2024-10-23T07:12:53.266+0000] {logging_mixin.py:190} INFO - [2024-10-23T07:12:53.266+0000] {dag.py:4180} INFO - Setting next_dagrun for example_time_delta_sensor_async to None, run_after=None
[2024-10-23T07:12:53.284+0000] {processor.py:208} INFO - Processing /home/airflow/.local/lib/python3.12/site-packages/airflow/example_dags/example_time_delta_sensor_async.py took 0.144 seconds
[2024-10-23T07:13:23.896+0000] {processor.py:186} INFO - Started process (PID=34629) to work on /home/airflow/.local/lib/python3.12/site-packages/airflow/example_dags/example_time_delta_sensor_async.py
[2024-10-23T07:13:23.897+0000] {processor.py:914} INFO - Processing file /home/airflow/.local/lib/python3.12/site-packages/airflow/example_dags/example_time_delta_sensor_async.py for tasks to queue
[2024-10-23T07:13:23.900+0000] {logging_mixin.py:190} INFO - [2024-10-23T07:13:23.899+0000] {dagbag.py:588} INFO - Filling up the DagBag from /home/airflow/.local/lib/python3.12/site-packages/airflow/example_dags/example_time_delta_sensor_async.py
[2024-10-23T07:13:23.925+0000] {processor.py:925} INFO - DAG(s) 'example_time_delta_sensor_async' retrieved from /home/airflow/.local/lib/python3.12/site-packages/airflow/example_dags/example_time_delta_sensor_async.py
[2024-10-23T07:13:23.963+0000] {logging_mixin.py:190} INFO - [2024-10-23T07:13:23.962+0000] {dag.py:3239} INFO - Sync 1 DAGs
[2024-10-23T07:13:23.981+0000] {logging_mixin.py:190} INFO - [2024-10-23T07:13:23.981+0000] {dag.py:4180} INFO - Setting next_dagrun for example_time_delta_sensor_async to None, run_after=None
[2024-10-23T07:13:24.327+0000] {processor.py:208} INFO - Processing /home/airflow/.local/lib/python3.12/site-packages/airflow/example_dags/example_time_delta_sensor_async.py took 0.440 seconds
[2024-10-23T07:13:54.734+0000] {processor.py:186} INFO - Started process (PID=34692) to work on /home/airflow/.local/lib/python3.12/site-packages/airflow/example_dags/example_time_delta_sensor_async.py
[2024-10-23T07:13:54.738+0000] {processor.py:914} INFO - Processing file /home/airflow/.local/lib/python3.12/site-packages/airflow/example_dags/example_time_delta_sensor_async.py for tasks to queue
[2024-10-23T07:13:54.742+0000] {logging_mixin.py:190} INFO - [2024-10-23T07:13:54.741+0000] {dagbag.py:588} INFO - Filling up the DagBag from /home/airflow/.local/lib/python3.12/site-packages/airflow/example_dags/example_time_delta_sensor_async.py
[2024-10-23T07:13:54.766+0000] {processor.py:925} INFO - DAG(s) 'example_time_delta_sensor_async' retrieved from /home/airflow/.local/lib/python3.12/site-packages/airflow/example_dags/example_time_delta_sensor_async.py
[2024-10-23T07:13:54.798+0000] {logging_mixin.py:190} INFO - [2024-10-23T07:13:54.798+0000] {dag.py:3239} INFO - Sync 1 DAGs
[2024-10-23T07:13:54.826+0000] {logging_mixin.py:190} INFO - [2024-10-23T07:13:54.826+0000] {dag.py:4180} INFO - Setting next_dagrun for example_time_delta_sensor_async to None, run_after=None
[2024-10-23T07:13:54.843+0000] {processor.py:208} INFO - Processing /home/airflow/.local/lib/python3.12/site-packages/airflow/example_dags/example_time_delta_sensor_async.py took 0.127 seconds
[2024-10-23T07:14:24.902+0000] {processor.py:186} INFO - Started process (PID=34754) to work on /home/airflow/.local/lib/python3.12/site-packages/airflow/example_dags/example_time_delta_sensor_async.py
[2024-10-23T07:14:24.904+0000] {processor.py:914} INFO - Processing file /home/airflow/.local/lib/python3.12/site-packages/airflow/example_dags/example_time_delta_sensor_async.py for tasks to queue
[2024-10-23T07:14:24.907+0000] {logging_mixin.py:190} INFO - [2024-10-23T07:14:24.906+0000] {dagbag.py:588} INFO - Filling up the DagBag from /home/airflow/.local/lib/python3.12/site-packages/airflow/example_dags/example_time_delta_sensor_async.py
[2024-10-23T07:14:24.923+0000] {processor.py:925} INFO - DAG(s) 'example_time_delta_sensor_async' retrieved from /home/airflow/.local/lib/python3.12/site-packages/airflow/example_dags/example_time_delta_sensor_async.py
[2024-10-23T07:14:24.984+0000] {logging_mixin.py:190} INFO - [2024-10-23T07:14:24.984+0000] {dag.py:3239} INFO - Sync 1 DAGs
[2024-10-23T07:14:25.007+0000] {logging_mixin.py:190} INFO - [2024-10-23T07:14:25.007+0000] {dag.py:4180} INFO - Setting next_dagrun for example_time_delta_sensor_async to None, run_after=None
[2024-10-23T07:14:25.025+0000] {processor.py:208} INFO - Processing /home/airflow/.local/lib/python3.12/site-packages/airflow/example_dags/example_time_delta_sensor_async.py took 0.135 seconds
[2024-10-23T07:14:55.242+0000] {processor.py:186} INFO - Started process (PID=34817) to work on /home/airflow/.local/lib/python3.12/site-packages/airflow/example_dags/example_time_delta_sensor_async.py
[2024-10-23T07:14:55.243+0000] {processor.py:914} INFO - Processing file /home/airflow/.local/lib/python3.12/site-packages/airflow/example_dags/example_time_delta_sensor_async.py for tasks to queue
[2024-10-23T07:14:55.245+0000] {logging_mixin.py:190} INFO - [2024-10-23T07:14:55.245+0000] {dagbag.py:588} INFO - Filling up the DagBag from /home/airflow/.local/lib/python3.12/site-packages/airflow/example_dags/example_time_delta_sensor_async.py
[2024-10-23T07:14:55.261+0000] {processor.py:925} INFO - DAG(s) 'example_time_delta_sensor_async' retrieved from /home/airflow/.local/lib/python3.12/site-packages/airflow/example_dags/example_time_delta_sensor_async.py
[2024-10-23T07:14:55.296+0000] {logging_mixin.py:190} INFO - [2024-10-23T07:14:55.295+0000] {dag.py:3239} INFO - Sync 1 DAGs
[2024-10-23T07:14:55.337+0000] {logging_mixin.py:190} INFO - [2024-10-23T07:14:55.336+0000] {dag.py:4180} INFO - Setting next_dagrun for example_time_delta_sensor_async to None, run_after=None
[2024-10-23T07:14:55.358+0000] {processor.py:208} INFO - Processing /home/airflow/.local/lib/python3.12/site-packages/airflow/example_dags/example_time_delta_sensor_async.py took 0.131 seconds
[2024-10-23T07:15:25.613+0000] {processor.py:186} INFO - Started process (PID=34880) to work on /home/airflow/.local/lib/python3.12/site-packages/airflow/example_dags/example_time_delta_sensor_async.py
[2024-10-23T07:15:25.615+0000] {processor.py:914} INFO - Processing file /home/airflow/.local/lib/python3.12/site-packages/airflow/example_dags/example_time_delta_sensor_async.py for tasks to queue
[2024-10-23T07:15:25.619+0000] {logging_mixin.py:190} INFO - [2024-10-23T07:15:25.618+0000] {dagbag.py:588} INFO - Filling up the DagBag from /home/airflow/.local/lib/python3.12/site-packages/airflow/example_dags/example_time_delta_sensor_async.py
[2024-10-23T07:15:25.638+0000] {processor.py:925} INFO - DAG(s) 'example_time_delta_sensor_async' retrieved from /home/airflow/.local/lib/python3.12/site-packages/airflow/example_dags/example_time_delta_sensor_async.py
[2024-10-23T07:15:26.200+0000] {logging_mixin.py:190} INFO - [2024-10-23T07:15:26.200+0000] {dag.py:3239} INFO - Sync 1 DAGs
[2024-10-23T07:15:26.211+0000] {logging_mixin.py:190} INFO - [2024-10-23T07:15:26.211+0000] {dag.py:4180} INFO - Setting next_dagrun for example_time_delta_sensor_async to None, run_after=None
[2024-10-23T07:15:26.224+0000] {processor.py:208} INFO - Processing /home/airflow/.local/lib/python3.12/site-packages/airflow/example_dags/example_time_delta_sensor_async.py took 0.625 seconds
[2024-10-23T07:15:56.689+0000] {processor.py:186} INFO - Started process (PID=34943) to work on /home/airflow/.local/lib/python3.12/site-packages/airflow/example_dags/example_time_delta_sensor_async.py
[2024-10-23T07:15:56.692+0000] {processor.py:914} INFO - Processing file /home/airflow/.local/lib/python3.12/site-packages/airflow/example_dags/example_time_delta_sensor_async.py for tasks to queue
[2024-10-23T07:15:56.694+0000] {logging_mixin.py:190} INFO - [2024-10-23T07:15:56.693+0000] {dagbag.py:588} INFO - Filling up the DagBag from /home/airflow/.local/lib/python3.12/site-packages/airflow/example_dags/example_time_delta_sensor_async.py
[2024-10-23T07:15:56.734+0000] {processor.py:925} INFO - DAG(s) 'example_time_delta_sensor_async' retrieved from /home/airflow/.local/lib/python3.12/site-packages/airflow/example_dags/example_time_delta_sensor_async.py
[2024-10-23T07:15:56.775+0000] {logging_mixin.py:190} INFO - [2024-10-23T07:15:56.775+0000] {dag.py:3239} INFO - Sync 1 DAGs
[2024-10-23T07:15:56.799+0000] {logging_mixin.py:190} INFO - [2024-10-23T07:15:56.799+0000] {dag.py:4180} INFO - Setting next_dagrun for example_time_delta_sensor_async to None, run_after=None
[2024-10-23T07:15:56.819+0000] {processor.py:208} INFO - Processing /home/airflow/.local/lib/python3.12/site-packages/airflow/example_dags/example_time_delta_sensor_async.py took 0.144 seconds
[2024-10-23T07:16:26.903+0000] {processor.py:186} INFO - Started process (PID=35006) to work on /home/airflow/.local/lib/python3.12/site-packages/airflow/example_dags/example_time_delta_sensor_async.py
[2024-10-23T07:16:26.905+0000] {processor.py:914} INFO - Processing file /home/airflow/.local/lib/python3.12/site-packages/airflow/example_dags/example_time_delta_sensor_async.py for tasks to queue
[2024-10-23T07:16:26.907+0000] {logging_mixin.py:190} INFO - [2024-10-23T07:16:26.907+0000] {dagbag.py:588} INFO - Filling up the DagBag from /home/airflow/.local/lib/python3.12/site-packages/airflow/example_dags/example_time_delta_sensor_async.py
[2024-10-23T07:16:26.927+0000] {processor.py:925} INFO - DAG(s) 'example_time_delta_sensor_async' retrieved from /home/airflow/.local/lib/python3.12/site-packages/airflow/example_dags/example_time_delta_sensor_async.py
[2024-10-23T07:16:26.982+0000] {logging_mixin.py:190} INFO - [2024-10-23T07:16:26.981+0000] {dag.py:3239} INFO - Sync 1 DAGs
[2024-10-23T07:16:27.008+0000] {logging_mixin.py:190} INFO - [2024-10-23T07:16:27.008+0000] {dag.py:4180} INFO - Setting next_dagrun for example_time_delta_sensor_async to None, run_after=None
[2024-10-23T07:16:27.028+0000] {processor.py:208} INFO - Processing /home/airflow/.local/lib/python3.12/site-packages/airflow/example_dags/example_time_delta_sensor_async.py took 0.140 seconds
[2024-10-23T07:16:58.079+0000] {processor.py:186} INFO - Started process (PID=35069) to work on /home/airflow/.local/lib/python3.12/site-packages/airflow/example_dags/example_time_delta_sensor_async.py
[2024-10-23T07:16:58.081+0000] {processor.py:914} INFO - Processing file /home/airflow/.local/lib/python3.12/site-packages/airflow/example_dags/example_time_delta_sensor_async.py for tasks to queue
[2024-10-23T07:16:58.084+0000] {logging_mixin.py:190} INFO - [2024-10-23T07:16:58.083+0000] {dagbag.py:588} INFO - Filling up the DagBag from /home/airflow/.local/lib/python3.12/site-packages/airflow/example_dags/example_time_delta_sensor_async.py
[2024-10-23T07:16:58.106+0000] {processor.py:925} INFO - DAG(s) 'example_time_delta_sensor_async' retrieved from /home/airflow/.local/lib/python3.12/site-packages/airflow/example_dags/example_time_delta_sensor_async.py
[2024-10-23T07:16:58.165+0000] {logging_mixin.py:190} INFO - [2024-10-23T07:16:58.164+0000] {dag.py:3239} INFO - Sync 1 DAGs
[2024-10-23T07:16:58.195+0000] {logging_mixin.py:190} INFO - [2024-10-23T07:16:58.195+0000] {dag.py:4180} INFO - Setting next_dagrun for example_time_delta_sensor_async to None, run_after=None
[2024-10-23T07:16:58.218+0000] {processor.py:208} INFO - Processing /home/airflow/.local/lib/python3.12/site-packages/airflow/example_dags/example_time_delta_sensor_async.py took 0.158 seconds
[2024-10-23T07:17:28.297+0000] {processor.py:186} INFO - Started process (PID=35132) to work on /home/airflow/.local/lib/python3.12/site-packages/airflow/example_dags/example_time_delta_sensor_async.py
[2024-10-23T07:17:28.300+0000] {processor.py:914} INFO - Processing file /home/airflow/.local/lib/python3.12/site-packages/airflow/example_dags/example_time_delta_sensor_async.py for tasks to queue
[2024-10-23T07:17:28.302+0000] {logging_mixin.py:190} INFO - [2024-10-23T07:17:28.301+0000] {dagbag.py:588} INFO - Filling up the DagBag from /home/airflow/.local/lib/python3.12/site-packages/airflow/example_dags/example_time_delta_sensor_async.py
[2024-10-23T07:17:28.324+0000] {processor.py:925} INFO - DAG(s) 'example_time_delta_sensor_async' retrieved from /home/airflow/.local/lib/python3.12/site-packages/airflow/example_dags/example_time_delta_sensor_async.py
[2024-10-23T07:17:28.376+0000] {logging_mixin.py:190} INFO - [2024-10-23T07:17:28.376+0000] {dag.py:3239} INFO - Sync 1 DAGs
[2024-10-23T07:17:28.401+0000] {logging_mixin.py:190} INFO - [2024-10-23T07:17:28.401+0000] {dag.py:4180} INFO - Setting next_dagrun for example_time_delta_sensor_async to None, run_after=None
[2024-10-23T07:17:28.420+0000] {processor.py:208} INFO - Processing /home/airflow/.local/lib/python3.12/site-packages/airflow/example_dags/example_time_delta_sensor_async.py took 0.139 seconds
[2024-10-23T07:17:58.833+0000] {processor.py:186} INFO - Started process (PID=35195) to work on /home/airflow/.local/lib/python3.12/site-packages/airflow/example_dags/example_time_delta_sensor_async.py
[2024-10-23T07:17:58.834+0000] {processor.py:914} INFO - Processing file /home/airflow/.local/lib/python3.12/site-packages/airflow/example_dags/example_time_delta_sensor_async.py for tasks to queue
[2024-10-23T07:17:58.837+0000] {logging_mixin.py:190} INFO - [2024-10-23T07:17:58.836+0000] {dagbag.py:588} INFO - Filling up the DagBag from /home/airflow/.local/lib/python3.12/site-packages/airflow/example_dags/example_time_delta_sensor_async.py
[2024-10-23T07:17:58.854+0000] {processor.py:925} INFO - DAG(s) 'example_time_delta_sensor_async' retrieved from /home/airflow/.local/lib/python3.12/site-packages/airflow/example_dags/example_time_delta_sensor_async.py
[2024-10-23T07:17:58.891+0000] {logging_mixin.py:190} INFO - [2024-10-23T07:17:58.891+0000] {dag.py:3239} INFO - Sync 1 DAGs
[2024-10-23T07:17:58.914+0000] {logging_mixin.py:190} INFO - [2024-10-23T07:17:58.914+0000] {dag.py:4180} INFO - Setting next_dagrun for example_time_delta_sensor_async to None, run_after=None
[2024-10-23T07:17:58.932+0000] {processor.py:208} INFO - Processing /home/airflow/.local/lib/python3.12/site-packages/airflow/example_dags/example_time_delta_sensor_async.py took 0.137 seconds
[2024-10-23T07:18:29.485+0000] {processor.py:186} INFO - Started process (PID=35258) to work on /home/airflow/.local/lib/python3.12/site-packages/airflow/example_dags/example_time_delta_sensor_async.py
[2024-10-23T07:18:29.487+0000] {processor.py:914} INFO - Processing file /home/airflow/.local/lib/python3.12/site-packages/airflow/example_dags/example_time_delta_sensor_async.py for tasks to queue
[2024-10-23T07:18:29.490+0000] {logging_mixin.py:190} INFO - [2024-10-23T07:18:29.489+0000] {dagbag.py:588} INFO - Filling up the DagBag from /home/airflow/.local/lib/python3.12/site-packages/airflow/example_dags/example_time_delta_sensor_async.py
[2024-10-23T07:18:29.507+0000] {processor.py:925} INFO - DAG(s) 'example_time_delta_sensor_async' retrieved from /home/airflow/.local/lib/python3.12/site-packages/airflow/example_dags/example_time_delta_sensor_async.py
[2024-10-23T07:18:29.558+0000] {logging_mixin.py:190} INFO - [2024-10-23T07:18:29.558+0000] {dag.py:3239} INFO - Sync 1 DAGs
[2024-10-23T07:18:29.581+0000] {logging_mixin.py:190} INFO - [2024-10-23T07:18:29.581+0000] {dag.py:4180} INFO - Setting next_dagrun for example_time_delta_sensor_async to None, run_after=None
[2024-10-23T07:18:29.600+0000] {processor.py:208} INFO - Processing /home/airflow/.local/lib/python3.12/site-packages/airflow/example_dags/example_time_delta_sensor_async.py took 0.127 seconds
[2024-10-23T07:19:00.027+0000] {processor.py:186} INFO - Started process (PID=35321) to work on /home/airflow/.local/lib/python3.12/site-packages/airflow/example_dags/example_time_delta_sensor_async.py
[2024-10-23T07:19:00.030+0000] {processor.py:914} INFO - Processing file /home/airflow/.local/lib/python3.12/site-packages/airflow/example_dags/example_time_delta_sensor_async.py for tasks to queue
[2024-10-23T07:19:00.033+0000] {logging_mixin.py:190} INFO - [2024-10-23T07:19:00.032+0000] {dagbag.py:588} INFO - Filling up the DagBag from /home/airflow/.local/lib/python3.12/site-packages/airflow/example_dags/example_time_delta_sensor_async.py
[2024-10-23T07:19:00.053+0000] {processor.py:925} INFO - DAG(s) 'example_time_delta_sensor_async' retrieved from /home/airflow/.local/lib/python3.12/site-packages/airflow/example_dags/example_time_delta_sensor_async.py
[2024-10-23T07:19:00.078+0000] {logging_mixin.py:190} INFO - [2024-10-23T07:19:00.077+0000] {dag.py:3239} INFO - Sync 1 DAGs
[2024-10-23T07:19:00.107+0000] {logging_mixin.py:190} INFO - [2024-10-23T07:19:00.106+0000] {dag.py:4180} INFO - Setting next_dagrun for example_time_delta_sensor_async to None, run_after=None
[2024-10-23T07:19:00.124+0000] {processor.py:208} INFO - Processing /home/airflow/.local/lib/python3.12/site-packages/airflow/example_dags/example_time_delta_sensor_async.py took 0.125 seconds
[2024-10-23T07:19:30.650+0000] {processor.py:186} INFO - Started process (PID=35388) to work on /home/airflow/.local/lib/python3.12/site-packages/airflow/example_dags/example_time_delta_sensor_async.py
[2024-10-23T07:19:30.653+0000] {processor.py:914} INFO - Processing file /home/airflow/.local/lib/python3.12/site-packages/airflow/example_dags/example_time_delta_sensor_async.py for tasks to queue
[2024-10-23T07:19:30.654+0000] {logging_mixin.py:190} INFO - [2024-10-23T07:19:30.654+0000] {dagbag.py:588} INFO - Filling up the DagBag from /home/airflow/.local/lib/python3.12/site-packages/airflow/example_dags/example_time_delta_sensor_async.py
[2024-10-23T07:19:30.662+0000] {processor.py:925} INFO - DAG(s) 'example_time_delta_sensor_async' retrieved from /home/airflow/.local/lib/python3.12/site-packages/airflow/example_dags/example_time_delta_sensor_async.py
[2024-10-23T07:19:30.683+0000] {logging_mixin.py:190} INFO - [2024-10-23T07:19:30.683+0000] {dag.py:3239} INFO - Sync 1 DAGs
[2024-10-23T07:19:30.696+0000] {logging_mixin.py:190} INFO - [2024-10-23T07:19:30.695+0000] {dag.py:4180} INFO - Setting next_dagrun for example_time_delta_sensor_async to None, run_after=None
[2024-10-23T07:19:30.713+0000] {processor.py:208} INFO - Processing /home/airflow/.local/lib/python3.12/site-packages/airflow/example_dags/example_time_delta_sensor_async.py took 0.074 seconds
