[2024-10-23T02:32:08.045+0000] {processor.py:186} INFO - Started process (PID=13753) to work on /home/airflow/.local/lib/python3.12/site-packages/airflow/example_dags/example_latest_only.py
[2024-10-23T02:32:08.049+0000] {processor.py:914} INFO - Processing file /home/airflow/.local/lib/python3.12/site-packages/airflow/example_dags/example_latest_only.py for tasks to queue
[2024-10-23T02:32:08.050+0000] {logging_mixin.py:190} INFO - [2024-10-23T02:32:08.050+0000] {dagbag.py:588} INFO - Filling up the DagBag from /home/airflow/.local/lib/python3.12/site-packages/airflow/example_dags/example_latest_only.py
[2024-10-23T02:32:08.057+0000] {processor.py:925} INFO - DAG(s) 'latest_only' retrieved from /home/airflow/.local/lib/python3.12/site-packages/airflow/example_dags/example_latest_only.py
[2024-10-23T02:32:08.078+0000] {logging_mixin.py:190} INFO - [2024-10-23T02:32:08.078+0000] {dag.py:3239} INFO - Sync 1 DAGs
[2024-10-23T02:32:08.103+0000] {logging_mixin.py:190} INFO - [2024-10-23T02:32:08.103+0000] {dag.py:4180} INFO - Setting next_dagrun for latest_only to 2024-10-22 20:00:00+00:00, run_after=2024-10-23 00:00:00+00:00
[2024-10-23T02:32:08.119+0000] {processor.py:208} INFO - Processing /home/airflow/.local/lib/python3.12/site-packages/airflow/example_dags/example_latest_only.py took 0.079 seconds
[2024-10-23T04:23:45.747+0000] {processor.py:186} INFO - Started process (PID=13816) to work on /home/airflow/.local/lib/python3.12/site-packages/airflow/example_dags/example_latest_only.py
[2024-10-23T04:23:45.749+0000] {processor.py:914} INFO - Processing file /home/airflow/.local/lib/python3.12/site-packages/airflow/example_dags/example_latest_only.py for tasks to queue
[2024-10-23T04:23:45.750+0000] {logging_mixin.py:190} INFO - [2024-10-23T04:23:45.749+0000] {dagbag.py:588} INFO - Filling up the DagBag from /home/airflow/.local/lib/python3.12/site-packages/airflow/example_dags/example_latest_only.py
[2024-10-23T04:23:45.758+0000] {processor.py:925} INFO - DAG(s) 'latest_only' retrieved from /home/airflow/.local/lib/python3.12/site-packages/airflow/example_dags/example_latest_only.py
[2024-10-23T04:23:45.776+0000] {logging_mixin.py:190} INFO - [2024-10-23T04:23:45.776+0000] {dag.py:3239} INFO - Sync 1 DAGs
[2024-10-23T04:23:45.798+0000] {logging_mixin.py:190} INFO - [2024-10-23T04:23:45.798+0000] {dag.py:4180} INFO - Setting next_dagrun for latest_only to 2024-10-23 00:00:00+00:00, run_after=2024-10-23 04:00:00+00:00
[2024-10-23T04:23:45.817+0000] {processor.py:208} INFO - Processing /home/airflow/.local/lib/python3.12/site-packages/airflow/example_dags/example_latest_only.py took 0.076 seconds
[2024-10-23T04:24:17.157+0000] {processor.py:186} INFO - Started process (PID=13879) to work on /home/airflow/.local/lib/python3.12/site-packages/airflow/example_dags/example_latest_only.py
[2024-10-23T04:24:17.160+0000] {processor.py:914} INFO - Processing file /home/airflow/.local/lib/python3.12/site-packages/airflow/example_dags/example_latest_only.py for tasks to queue
[2024-10-23T04:24:17.161+0000] {logging_mixin.py:190} INFO - [2024-10-23T04:24:17.161+0000] {dagbag.py:588} INFO - Filling up the DagBag from /home/airflow/.local/lib/python3.12/site-packages/airflow/example_dags/example_latest_only.py
[2024-10-23T04:24:17.170+0000] {processor.py:925} INFO - DAG(s) 'latest_only' retrieved from /home/airflow/.local/lib/python3.12/site-packages/airflow/example_dags/example_latest_only.py
[2024-10-23T04:24:17.186+0000] {logging_mixin.py:190} INFO - [2024-10-23T04:24:17.185+0000] {dag.py:3239} INFO - Sync 1 DAGs
[2024-10-23T04:24:17.207+0000] {logging_mixin.py:190} INFO - [2024-10-23T04:24:17.207+0000] {dag.py:4180} INFO - Setting next_dagrun for latest_only to 2024-10-23 00:00:00+00:00, run_after=2024-10-23 04:00:00+00:00
[2024-10-23T04:24:17.248+0000] {processor.py:208} INFO - Processing /home/airflow/.local/lib/python3.12/site-packages/airflow/example_dags/example_latest_only.py took 0.096 seconds
[2024-10-23T04:24:47.447+0000] {processor.py:186} INFO - Started process (PID=13942) to work on /home/airflow/.local/lib/python3.12/site-packages/airflow/example_dags/example_latest_only.py
[2024-10-23T04:24:47.448+0000] {processor.py:914} INFO - Processing file /home/airflow/.local/lib/python3.12/site-packages/airflow/example_dags/example_latest_only.py for tasks to queue
[2024-10-23T04:24:47.448+0000] {logging_mixin.py:190} INFO - [2024-10-23T04:24:47.448+0000] {dagbag.py:588} INFO - Filling up the DagBag from /home/airflow/.local/lib/python3.12/site-packages/airflow/example_dags/example_latest_only.py
[2024-10-23T04:24:47.454+0000] {processor.py:925} INFO - DAG(s) 'latest_only' retrieved from /home/airflow/.local/lib/python3.12/site-packages/airflow/example_dags/example_latest_only.py
[2024-10-23T04:24:47.474+0000] {logging_mixin.py:190} INFO - [2024-10-23T04:24:47.473+0000] {dag.py:3239} INFO - Sync 1 DAGs
[2024-10-23T04:24:47.517+0000] {logging_mixin.py:190} INFO - [2024-10-23T04:24:47.517+0000] {dag.py:4180} INFO - Setting next_dagrun for latest_only to 2024-10-23 00:00:00+00:00, run_after=2024-10-23 04:00:00+00:00
[2024-10-23T04:24:47.534+0000] {processor.py:208} INFO - Processing /home/airflow/.local/lib/python3.12/site-packages/airflow/example_dags/example_latest_only.py took 0.092 seconds
[2024-10-23T04:25:18.117+0000] {processor.py:186} INFO - Started process (PID=14005) to work on /home/airflow/.local/lib/python3.12/site-packages/airflow/example_dags/example_latest_only.py
[2024-10-23T04:25:18.118+0000] {processor.py:914} INFO - Processing file /home/airflow/.local/lib/python3.12/site-packages/airflow/example_dags/example_latest_only.py for tasks to queue
[2024-10-23T04:25:18.120+0000] {logging_mixin.py:190} INFO - [2024-10-23T04:25:18.120+0000] {dagbag.py:588} INFO - Filling up the DagBag from /home/airflow/.local/lib/python3.12/site-packages/airflow/example_dags/example_latest_only.py
[2024-10-23T04:25:18.128+0000] {processor.py:925} INFO - DAG(s) 'latest_only' retrieved from /home/airflow/.local/lib/python3.12/site-packages/airflow/example_dags/example_latest_only.py
[2024-10-23T04:25:18.147+0000] {logging_mixin.py:190} INFO - [2024-10-23T04:25:18.147+0000] {dag.py:3239} INFO - Sync 1 DAGs
[2024-10-23T04:25:18.163+0000] {logging_mixin.py:190} INFO - [2024-10-23T04:25:18.163+0000] {dag.py:4180} INFO - Setting next_dagrun for latest_only to 2024-10-23 00:00:00+00:00, run_after=2024-10-23 04:00:00+00:00
[2024-10-23T04:25:18.190+0000] {processor.py:208} INFO - Processing /home/airflow/.local/lib/python3.12/site-packages/airflow/example_dags/example_latest_only.py took 0.077 seconds
[2024-10-23T04:25:48.667+0000] {processor.py:186} INFO - Started process (PID=14068) to work on /home/airflow/.local/lib/python3.12/site-packages/airflow/example_dags/example_latest_only.py
[2024-10-23T04:25:48.668+0000] {processor.py:914} INFO - Processing file /home/airflow/.local/lib/python3.12/site-packages/airflow/example_dags/example_latest_only.py for tasks to queue
[2024-10-23T04:25:48.669+0000] {logging_mixin.py:190} INFO - [2024-10-23T04:25:48.669+0000] {dagbag.py:588} INFO - Filling up the DagBag from /home/airflow/.local/lib/python3.12/site-packages/airflow/example_dags/example_latest_only.py
[2024-10-23T04:25:48.675+0000] {processor.py:925} INFO - DAG(s) 'latest_only' retrieved from /home/airflow/.local/lib/python3.12/site-packages/airflow/example_dags/example_latest_only.py
[2024-10-23T04:25:48.688+0000] {logging_mixin.py:190} INFO - [2024-10-23T04:25:48.688+0000] {dag.py:3239} INFO - Sync 1 DAGs
[2024-10-23T04:25:48.703+0000] {logging_mixin.py:190} INFO - [2024-10-23T04:25:48.702+0000] {dag.py:4180} INFO - Setting next_dagrun for latest_only to 2024-10-23 00:00:00+00:00, run_after=2024-10-23 04:00:00+00:00
[2024-10-23T04:25:48.713+0000] {processor.py:208} INFO - Processing /home/airflow/.local/lib/python3.12/site-packages/airflow/example_dags/example_latest_only.py took 0.051 seconds
[2024-10-23T04:26:20.545+0000] {processor.py:186} INFO - Started process (PID=14131) to work on /home/airflow/.local/lib/python3.12/site-packages/airflow/example_dags/example_latest_only.py
[2024-10-23T04:26:20.547+0000] {processor.py:914} INFO - Processing file /home/airflow/.local/lib/python3.12/site-packages/airflow/example_dags/example_latest_only.py for tasks to queue
[2024-10-23T04:26:20.549+0000] {logging_mixin.py:190} INFO - [2024-10-23T04:26:20.548+0000] {dagbag.py:588} INFO - Filling up the DagBag from /home/airflow/.local/lib/python3.12/site-packages/airflow/example_dags/example_latest_only.py
[2024-10-23T04:26:20.558+0000] {processor.py:925} INFO - DAG(s) 'latest_only' retrieved from /home/airflow/.local/lib/python3.12/site-packages/airflow/example_dags/example_latest_only.py
[2024-10-23T04:26:20.579+0000] {logging_mixin.py:190} INFO - [2024-10-23T04:26:20.578+0000] {dag.py:3239} INFO - Sync 1 DAGs
[2024-10-23T04:26:20.601+0000] {logging_mixin.py:190} INFO - [2024-10-23T04:26:20.601+0000] {dag.py:4180} INFO - Setting next_dagrun for latest_only to 2024-10-23 00:00:00+00:00, run_after=2024-10-23 04:00:00+00:00
[2024-10-23T04:26:20.616+0000] {processor.py:208} INFO - Processing /home/airflow/.local/lib/python3.12/site-packages/airflow/example_dags/example_latest_only.py took 0.077 seconds
[2024-10-23T04:26:50.924+0000] {processor.py:186} INFO - Started process (PID=14194) to work on /home/airflow/.local/lib/python3.12/site-packages/airflow/example_dags/example_latest_only.py
[2024-10-23T04:26:50.928+0000] {processor.py:914} INFO - Processing file /home/airflow/.local/lib/python3.12/site-packages/airflow/example_dags/example_latest_only.py for tasks to queue
[2024-10-23T04:26:50.930+0000] {logging_mixin.py:190} INFO - [2024-10-23T04:26:50.930+0000] {dagbag.py:588} INFO - Filling up the DagBag from /home/airflow/.local/lib/python3.12/site-packages/airflow/example_dags/example_latest_only.py
[2024-10-23T04:26:50.938+0000] {processor.py:925} INFO - DAG(s) 'latest_only' retrieved from /home/airflow/.local/lib/python3.12/site-packages/airflow/example_dags/example_latest_only.py
[2024-10-23T04:26:50.965+0000] {logging_mixin.py:190} INFO - [2024-10-23T04:26:50.964+0000] {dag.py:3239} INFO - Sync 1 DAGs
[2024-10-23T04:26:50.983+0000] {logging_mixin.py:190} INFO - [2024-10-23T04:26:50.983+0000] {dag.py:4180} INFO - Setting next_dagrun for latest_only to 2024-10-23 00:00:00+00:00, run_after=2024-10-23 04:00:00+00:00
[2024-10-23T04:26:50.993+0000] {processor.py:208} INFO - Processing /home/airflow/.local/lib/python3.12/site-packages/airflow/example_dags/example_latest_only.py took 0.073 seconds
[2024-10-23T04:27:21.084+0000] {processor.py:186} INFO - Started process (PID=14256) to work on /home/airflow/.local/lib/python3.12/site-packages/airflow/example_dags/example_latest_only.py
[2024-10-23T04:27:21.084+0000] {processor.py:914} INFO - Processing file /home/airflow/.local/lib/python3.12/site-packages/airflow/example_dags/example_latest_only.py for tasks to queue
[2024-10-23T04:27:21.086+0000] {logging_mixin.py:190} INFO - [2024-10-23T04:27:21.085+0000] {dagbag.py:588} INFO - Filling up the DagBag from /home/airflow/.local/lib/python3.12/site-packages/airflow/example_dags/example_latest_only.py
[2024-10-23T04:27:21.090+0000] {processor.py:925} INFO - DAG(s) 'latest_only' retrieved from /home/airflow/.local/lib/python3.12/site-packages/airflow/example_dags/example_latest_only.py
[2024-10-23T04:27:21.105+0000] {logging_mixin.py:190} INFO - [2024-10-23T04:27:21.105+0000] {dag.py:3239} INFO - Sync 1 DAGs
[2024-10-23T04:27:21.120+0000] {logging_mixin.py:190} INFO - [2024-10-23T04:27:21.120+0000] {dag.py:4180} INFO - Setting next_dagrun for latest_only to 2024-10-23 00:00:00+00:00, run_after=2024-10-23 04:00:00+00:00
[2024-10-23T04:27:21.132+0000] {processor.py:208} INFO - Processing /home/airflow/.local/lib/python3.12/site-packages/airflow/example_dags/example_latest_only.py took 0.052 seconds
[2024-10-23T04:27:52.629+0000] {processor.py:186} INFO - Started process (PID=14320) to work on /home/airflow/.local/lib/python3.12/site-packages/airflow/example_dags/example_latest_only.py
[2024-10-23T04:27:52.630+0000] {processor.py:914} INFO - Processing file /home/airflow/.local/lib/python3.12/site-packages/airflow/example_dags/example_latest_only.py for tasks to queue
[2024-10-23T04:27:52.634+0000] {logging_mixin.py:190} INFO - [2024-10-23T04:27:52.633+0000] {dagbag.py:588} INFO - Filling up the DagBag from /home/airflow/.local/lib/python3.12/site-packages/airflow/example_dags/example_latest_only.py
[2024-10-23T04:27:52.651+0000] {processor.py:925} INFO - DAG(s) 'latest_only' retrieved from /home/airflow/.local/lib/python3.12/site-packages/airflow/example_dags/example_latest_only.py
[2024-10-23T04:27:52.682+0000] {logging_mixin.py:190} INFO - [2024-10-23T04:27:52.681+0000] {dag.py:3239} INFO - Sync 1 DAGs
[2024-10-23T04:27:52.711+0000] {logging_mixin.py:190} INFO - [2024-10-23T04:27:52.711+0000] {dag.py:4180} INFO - Setting next_dagrun for latest_only to 2024-10-23 00:00:00+00:00, run_after=2024-10-23 04:00:00+00:00
[2024-10-23T04:27:52.726+0000] {processor.py:208} INFO - Processing /home/airflow/.local/lib/python3.12/site-packages/airflow/example_dags/example_latest_only.py took 0.111 seconds
[2024-10-23T04:28:24.128+0000] {processor.py:186} INFO - Started process (PID=14384) to work on /home/airflow/.local/lib/python3.12/site-packages/airflow/example_dags/example_latest_only.py
[2024-10-23T04:28:24.129+0000] {processor.py:914} INFO - Processing file /home/airflow/.local/lib/python3.12/site-packages/airflow/example_dags/example_latest_only.py for tasks to queue
[2024-10-23T04:28:24.130+0000] {logging_mixin.py:190} INFO - [2024-10-23T04:28:24.130+0000] {dagbag.py:588} INFO - Filling up the DagBag from /home/airflow/.local/lib/python3.12/site-packages/airflow/example_dags/example_latest_only.py
[2024-10-23T04:28:24.135+0000] {processor.py:925} INFO - DAG(s) 'latest_only' retrieved from /home/airflow/.local/lib/python3.12/site-packages/airflow/example_dags/example_latest_only.py
[2024-10-23T04:28:24.155+0000] {logging_mixin.py:190} INFO - [2024-10-23T04:28:24.155+0000] {dag.py:3239} INFO - Sync 1 DAGs
[2024-10-23T04:28:24.184+0000] {logging_mixin.py:190} INFO - [2024-10-23T04:28:24.184+0000] {dag.py:4180} INFO - Setting next_dagrun for latest_only to 2024-10-23 00:00:00+00:00, run_after=2024-10-23 04:00:00+00:00
[2024-10-23T04:28:24.198+0000] {processor.py:208} INFO - Processing /home/airflow/.local/lib/python3.12/site-packages/airflow/example_dags/example_latest_only.py took 0.074 seconds
[2024-10-23T04:28:54.785+0000] {processor.py:186} INFO - Started process (PID=14446) to work on /home/airflow/.local/lib/python3.12/site-packages/airflow/example_dags/example_latest_only.py
[2024-10-23T04:28:54.787+0000] {processor.py:914} INFO - Processing file /home/airflow/.local/lib/python3.12/site-packages/airflow/example_dags/example_latest_only.py for tasks to queue
[2024-10-23T04:28:54.789+0000] {logging_mixin.py:190} INFO - [2024-10-23T04:28:54.789+0000] {dagbag.py:588} INFO - Filling up the DagBag from /home/airflow/.local/lib/python3.12/site-packages/airflow/example_dags/example_latest_only.py
[2024-10-23T04:28:54.800+0000] {processor.py:925} INFO - DAG(s) 'latest_only' retrieved from /home/airflow/.local/lib/python3.12/site-packages/airflow/example_dags/example_latest_only.py
[2024-10-23T04:28:54.830+0000] {logging_mixin.py:190} INFO - [2024-10-23T04:28:54.830+0000] {dag.py:3239} INFO - Sync 1 DAGs
[2024-10-23T04:28:54.853+0000] {logging_mixin.py:190} INFO - [2024-10-23T04:28:54.853+0000] {dag.py:4180} INFO - Setting next_dagrun for latest_only to 2024-10-23 00:00:00+00:00, run_after=2024-10-23 04:00:00+00:00
[2024-10-23T04:28:54.868+0000] {processor.py:208} INFO - Processing /home/airflow/.local/lib/python3.12/site-packages/airflow/example_dags/example_latest_only.py took 0.089 seconds
[2024-10-23T04:29:26.025+0000] {processor.py:186} INFO - Started process (PID=14509) to work on /home/airflow/.local/lib/python3.12/site-packages/airflow/example_dags/example_latest_only.py
[2024-10-23T04:29:26.030+0000] {processor.py:914} INFO - Processing file /home/airflow/.local/lib/python3.12/site-packages/airflow/example_dags/example_latest_only.py for tasks to queue
[2024-10-23T04:29:26.051+0000] {logging_mixin.py:190} INFO - [2024-10-23T04:29:26.043+0000] {dagbag.py:588} INFO - Filling up the DagBag from /home/airflow/.local/lib/python3.12/site-packages/airflow/example_dags/example_latest_only.py
[2024-10-23T04:29:26.171+0000] {processor.py:925} INFO - DAG(s) 'latest_only' retrieved from /home/airflow/.local/lib/python3.12/site-packages/airflow/example_dags/example_latest_only.py
[2024-10-23T04:29:26.429+0000] {logging_mixin.py:190} INFO - [2024-10-23T04:29:26.428+0000] {dag.py:3239} INFO - Sync 1 DAGs
[2024-10-23T04:29:26.463+0000] {logging_mixin.py:190} INFO - [2024-10-23T04:29:26.463+0000] {dag.py:4180} INFO - Setting next_dagrun for latest_only to 2024-10-23 00:00:00+00:00, run_after=2024-10-23 04:00:00+00:00
[2024-10-23T04:29:26.507+0000] {processor.py:208} INFO - Processing /home/airflow/.local/lib/python3.12/site-packages/airflow/example_dags/example_latest_only.py took 0.489 seconds
[2024-10-23T04:29:56.590+0000] {processor.py:186} INFO - Started process (PID=14572) to work on /home/airflow/.local/lib/python3.12/site-packages/airflow/example_dags/example_latest_only.py
[2024-10-23T04:29:56.591+0000] {processor.py:914} INFO - Processing file /home/airflow/.local/lib/python3.12/site-packages/airflow/example_dags/example_latest_only.py for tasks to queue
[2024-10-23T04:29:56.592+0000] {logging_mixin.py:190} INFO - [2024-10-23T04:29:56.592+0000] {dagbag.py:588} INFO - Filling up the DagBag from /home/airflow/.local/lib/python3.12/site-packages/airflow/example_dags/example_latest_only.py
[2024-10-23T04:29:56.597+0000] {processor.py:925} INFO - DAG(s) 'latest_only' retrieved from /home/airflow/.local/lib/python3.12/site-packages/airflow/example_dags/example_latest_only.py
[2024-10-23T04:29:56.610+0000] {logging_mixin.py:190} INFO - [2024-10-23T04:29:56.609+0000] {dag.py:3239} INFO - Sync 1 DAGs
[2024-10-23T04:29:56.633+0000] {logging_mixin.py:190} INFO - [2024-10-23T04:29:56.633+0000] {dag.py:4180} INFO - Setting next_dagrun for latest_only to 2024-10-23 00:00:00+00:00, run_after=2024-10-23 04:00:00+00:00
[2024-10-23T04:29:56.643+0000] {processor.py:208} INFO - Processing /home/airflow/.local/lib/python3.12/site-packages/airflow/example_dags/example_latest_only.py took 0.057 seconds
[2024-10-23T04:30:27.359+0000] {processor.py:186} INFO - Started process (PID=14635) to work on /home/airflow/.local/lib/python3.12/site-packages/airflow/example_dags/example_latest_only.py
[2024-10-23T04:30:27.361+0000] {processor.py:914} INFO - Processing file /home/airflow/.local/lib/python3.12/site-packages/airflow/example_dags/example_latest_only.py for tasks to queue
[2024-10-23T04:30:27.364+0000] {logging_mixin.py:190} INFO - [2024-10-23T04:30:27.364+0000] {dagbag.py:588} INFO - Filling up the DagBag from /home/airflow/.local/lib/python3.12/site-packages/airflow/example_dags/example_latest_only.py
[2024-10-23T04:30:27.371+0000] {processor.py:925} INFO - DAG(s) 'latest_only' retrieved from /home/airflow/.local/lib/python3.12/site-packages/airflow/example_dags/example_latest_only.py
[2024-10-23T04:30:27.384+0000] {logging_mixin.py:190} INFO - [2024-10-23T04:30:27.384+0000] {dag.py:3239} INFO - Sync 1 DAGs
[2024-10-23T04:30:27.401+0000] {logging_mixin.py:190} INFO - [2024-10-23T04:30:27.400+0000] {dag.py:4180} INFO - Setting next_dagrun for latest_only to 2024-10-23 00:00:00+00:00, run_after=2024-10-23 04:00:00+00:00
[2024-10-23T04:30:27.414+0000] {processor.py:208} INFO - Processing /home/airflow/.local/lib/python3.12/site-packages/airflow/example_dags/example_latest_only.py took 0.059 seconds
[2024-10-23T04:30:57.945+0000] {processor.py:186} INFO - Started process (PID=14698) to work on /home/airflow/.local/lib/python3.12/site-packages/airflow/example_dags/example_latest_only.py
[2024-10-23T04:30:57.946+0000] {processor.py:914} INFO - Processing file /home/airflow/.local/lib/python3.12/site-packages/airflow/example_dags/example_latest_only.py for tasks to queue
[2024-10-23T04:30:57.948+0000] {logging_mixin.py:190} INFO - [2024-10-23T04:30:57.947+0000] {dagbag.py:588} INFO - Filling up the DagBag from /home/airflow/.local/lib/python3.12/site-packages/airflow/example_dags/example_latest_only.py
[2024-10-23T04:30:57.966+0000] {processor.py:925} INFO - DAG(s) 'latest_only' retrieved from /home/airflow/.local/lib/python3.12/site-packages/airflow/example_dags/example_latest_only.py
[2024-10-23T04:30:57.984+0000] {logging_mixin.py:190} INFO - [2024-10-23T04:30:57.984+0000] {dag.py:3239} INFO - Sync 1 DAGs
[2024-10-23T04:30:58.002+0000] {logging_mixin.py:190} INFO - [2024-10-23T04:30:58.002+0000] {dag.py:4180} INFO - Setting next_dagrun for latest_only to 2024-10-23 00:00:00+00:00, run_after=2024-10-23 04:00:00+00:00
[2024-10-23T04:30:58.015+0000] {processor.py:208} INFO - Processing /home/airflow/.local/lib/python3.12/site-packages/airflow/example_dags/example_latest_only.py took 0.075 seconds
[2024-10-23T04:31:28.781+0000] {processor.py:186} INFO - Started process (PID=14761) to work on /home/airflow/.local/lib/python3.12/site-packages/airflow/example_dags/example_latest_only.py
[2024-10-23T04:31:28.782+0000] {processor.py:914} INFO - Processing file /home/airflow/.local/lib/python3.12/site-packages/airflow/example_dags/example_latest_only.py for tasks to queue
[2024-10-23T04:31:28.783+0000] {logging_mixin.py:190} INFO - [2024-10-23T04:31:28.783+0000] {dagbag.py:588} INFO - Filling up the DagBag from /home/airflow/.local/lib/python3.12/site-packages/airflow/example_dags/example_latest_only.py
[2024-10-23T04:31:28.790+0000] {processor.py:925} INFO - DAG(s) 'latest_only' retrieved from /home/airflow/.local/lib/python3.12/site-packages/airflow/example_dags/example_latest_only.py
[2024-10-23T04:31:28.802+0000] {logging_mixin.py:190} INFO - [2024-10-23T04:31:28.802+0000] {dag.py:3239} INFO - Sync 1 DAGs
[2024-10-23T04:31:28.816+0000] {logging_mixin.py:190} INFO - [2024-10-23T04:31:28.816+0000] {dag.py:4180} INFO - Setting next_dagrun for latest_only to 2024-10-23 00:00:00+00:00, run_after=2024-10-23 04:00:00+00:00
[2024-10-23T04:31:28.826+0000] {processor.py:208} INFO - Processing /home/airflow/.local/lib/python3.12/site-packages/airflow/example_dags/example_latest_only.py took 0.050 seconds
[2024-10-23T04:32:00.528+0000] {processor.py:186} INFO - Started process (PID=14823) to work on /home/airflow/.local/lib/python3.12/site-packages/airflow/example_dags/example_latest_only.py
[2024-10-23T04:32:00.529+0000] {processor.py:914} INFO - Processing file /home/airflow/.local/lib/python3.12/site-packages/airflow/example_dags/example_latest_only.py for tasks to queue
[2024-10-23T04:32:00.530+0000] {logging_mixin.py:190} INFO - [2024-10-23T04:32:00.530+0000] {dagbag.py:588} INFO - Filling up the DagBag from /home/airflow/.local/lib/python3.12/site-packages/airflow/example_dags/example_latest_only.py
[2024-10-23T04:32:00.535+0000] {processor.py:925} INFO - DAG(s) 'latest_only' retrieved from /home/airflow/.local/lib/python3.12/site-packages/airflow/example_dags/example_latest_only.py
[2024-10-23T04:32:00.555+0000] {logging_mixin.py:190} INFO - [2024-10-23T04:32:00.554+0000] {dag.py:3239} INFO - Sync 1 DAGs
[2024-10-23T04:32:00.580+0000] {logging_mixin.py:190} INFO - [2024-10-23T04:32:00.580+0000] {dag.py:4180} INFO - Setting next_dagrun for latest_only to 2024-10-23 00:00:00+00:00, run_after=2024-10-23 04:00:00+00:00
[2024-10-23T04:32:00.598+0000] {processor.py:208} INFO - Processing /home/airflow/.local/lib/python3.12/site-packages/airflow/example_dags/example_latest_only.py took 0.074 seconds
[2024-10-23T04:32:31.922+0000] {processor.py:186} INFO - Started process (PID=14886) to work on /home/airflow/.local/lib/python3.12/site-packages/airflow/example_dags/example_latest_only.py
[2024-10-23T04:32:31.923+0000] {processor.py:914} INFO - Processing file /home/airflow/.local/lib/python3.12/site-packages/airflow/example_dags/example_latest_only.py for tasks to queue
[2024-10-23T04:32:31.924+0000] {logging_mixin.py:190} INFO - [2024-10-23T04:32:31.924+0000] {dagbag.py:588} INFO - Filling up the DagBag from /home/airflow/.local/lib/python3.12/site-packages/airflow/example_dags/example_latest_only.py
[2024-10-23T04:32:31.931+0000] {processor.py:925} INFO - DAG(s) 'latest_only' retrieved from /home/airflow/.local/lib/python3.12/site-packages/airflow/example_dags/example_latest_only.py
[2024-10-23T04:32:31.946+0000] {logging_mixin.py:190} INFO - [2024-10-23T04:32:31.946+0000] {dag.py:3239} INFO - Sync 1 DAGs
[2024-10-23T04:32:31.964+0000] {logging_mixin.py:190} INFO - [2024-10-23T04:32:31.964+0000] {dag.py:4180} INFO - Setting next_dagrun for latest_only to 2024-10-23 00:00:00+00:00, run_after=2024-10-23 04:00:00+00:00
[2024-10-23T04:32:31.977+0000] {processor.py:208} INFO - Processing /home/airflow/.local/lib/python3.12/site-packages/airflow/example_dags/example_latest_only.py took 0.059 seconds
[2024-10-23T04:33:02.855+0000] {processor.py:186} INFO - Started process (PID=14949) to work on /home/airflow/.local/lib/python3.12/site-packages/airflow/example_dags/example_latest_only.py
[2024-10-23T04:33:02.856+0000] {processor.py:914} INFO - Processing file /home/airflow/.local/lib/python3.12/site-packages/airflow/example_dags/example_latest_only.py for tasks to queue
[2024-10-23T04:33:02.856+0000] {logging_mixin.py:190} INFO - [2024-10-23T04:33:02.856+0000] {dagbag.py:588} INFO - Filling up the DagBag from /home/airflow/.local/lib/python3.12/site-packages/airflow/example_dags/example_latest_only.py
[2024-10-23T04:33:02.862+0000] {processor.py:925} INFO - DAG(s) 'latest_only' retrieved from /home/airflow/.local/lib/python3.12/site-packages/airflow/example_dags/example_latest_only.py
[2024-10-23T04:33:02.873+0000] {logging_mixin.py:190} INFO - [2024-10-23T04:33:02.873+0000] {dag.py:3239} INFO - Sync 1 DAGs
[2024-10-23T04:33:02.887+0000] {logging_mixin.py:190} INFO - [2024-10-23T04:33:02.887+0000] {dag.py:4180} INFO - Setting next_dagrun for latest_only to 2024-10-23 00:00:00+00:00, run_after=2024-10-23 04:00:00+00:00
[2024-10-23T04:33:02.896+0000] {processor.py:208} INFO - Processing /home/airflow/.local/lib/python3.12/site-packages/airflow/example_dags/example_latest_only.py took 0.045 seconds
[2024-10-23T04:33:33.638+0000] {processor.py:186} INFO - Started process (PID=15013) to work on /home/airflow/.local/lib/python3.12/site-packages/airflow/example_dags/example_latest_only.py
[2024-10-23T04:33:33.639+0000] {processor.py:914} INFO - Processing file /home/airflow/.local/lib/python3.12/site-packages/airflow/example_dags/example_latest_only.py for tasks to queue
[2024-10-23T04:33:33.640+0000] {logging_mixin.py:190} INFO - [2024-10-23T04:33:33.640+0000] {dagbag.py:588} INFO - Filling up the DagBag from /home/airflow/.local/lib/python3.12/site-packages/airflow/example_dags/example_latest_only.py
[2024-10-23T04:33:33.646+0000] {processor.py:925} INFO - DAG(s) 'latest_only' retrieved from /home/airflow/.local/lib/python3.12/site-packages/airflow/example_dags/example_latest_only.py
[2024-10-23T04:33:33.662+0000] {logging_mixin.py:190} INFO - [2024-10-23T04:33:33.661+0000] {dag.py:3239} INFO - Sync 1 DAGs
[2024-10-23T04:33:33.676+0000] {logging_mixin.py:190} INFO - [2024-10-23T04:33:33.676+0000] {dag.py:4180} INFO - Setting next_dagrun for latest_only to 2024-10-23 00:00:00+00:00, run_after=2024-10-23 04:00:00+00:00
[2024-10-23T04:33:33.687+0000] {processor.py:208} INFO - Processing /home/airflow/.local/lib/python3.12/site-packages/airflow/example_dags/example_latest_only.py took 0.053 seconds
[2024-10-23T04:34:04.678+0000] {processor.py:186} INFO - Started process (PID=15076) to work on /home/airflow/.local/lib/python3.12/site-packages/airflow/example_dags/example_latest_only.py
[2024-10-23T04:34:04.680+0000] {processor.py:914} INFO - Processing file /home/airflow/.local/lib/python3.12/site-packages/airflow/example_dags/example_latest_only.py for tasks to queue
[2024-10-23T04:34:04.682+0000] {logging_mixin.py:190} INFO - [2024-10-23T04:34:04.682+0000] {dagbag.py:588} INFO - Filling up the DagBag from /home/airflow/.local/lib/python3.12/site-packages/airflow/example_dags/example_latest_only.py
[2024-10-23T04:34:04.692+0000] {processor.py:925} INFO - DAG(s) 'latest_only' retrieved from /home/airflow/.local/lib/python3.12/site-packages/airflow/example_dags/example_latest_only.py
[2024-10-23T04:34:04.714+0000] {logging_mixin.py:190} INFO - [2024-10-23T04:34:04.713+0000] {dag.py:3239} INFO - Sync 1 DAGs
[2024-10-23T04:34:04.730+0000] {logging_mixin.py:190} INFO - [2024-10-23T04:34:04.730+0000] {dag.py:4180} INFO - Setting next_dagrun for latest_only to 2024-10-23 00:00:00+00:00, run_after=2024-10-23 04:00:00+00:00
[2024-10-23T04:34:04.741+0000] {processor.py:208} INFO - Processing /home/airflow/.local/lib/python3.12/site-packages/airflow/example_dags/example_latest_only.py took 0.068 seconds
[2024-10-23T04:34:36.281+0000] {processor.py:186} INFO - Started process (PID=15139) to work on /home/airflow/.local/lib/python3.12/site-packages/airflow/example_dags/example_latest_only.py
[2024-10-23T04:34:36.282+0000] {processor.py:914} INFO - Processing file /home/airflow/.local/lib/python3.12/site-packages/airflow/example_dags/example_latest_only.py for tasks to queue
[2024-10-23T04:34:36.283+0000] {logging_mixin.py:190} INFO - [2024-10-23T04:34:36.283+0000] {dagbag.py:588} INFO - Filling up the DagBag from /home/airflow/.local/lib/python3.12/site-packages/airflow/example_dags/example_latest_only.py
[2024-10-23T04:34:36.289+0000] {processor.py:925} INFO - DAG(s) 'latest_only' retrieved from /home/airflow/.local/lib/python3.12/site-packages/airflow/example_dags/example_latest_only.py
[2024-10-23T04:34:36.302+0000] {logging_mixin.py:190} INFO - [2024-10-23T04:34:36.302+0000] {dag.py:3239} INFO - Sync 1 DAGs
[2024-10-23T04:34:36.316+0000] {logging_mixin.py:190} INFO - [2024-10-23T04:34:36.316+0000] {dag.py:4180} INFO - Setting next_dagrun for latest_only to 2024-10-23 00:00:00+00:00, run_after=2024-10-23 04:00:00+00:00
[2024-10-23T04:34:36.326+0000] {processor.py:208} INFO - Processing /home/airflow/.local/lib/python3.12/site-packages/airflow/example_dags/example_latest_only.py took 0.051 seconds
[2024-10-23T04:35:07.868+0000] {processor.py:186} INFO - Started process (PID=15202) to work on /home/airflow/.local/lib/python3.12/site-packages/airflow/example_dags/example_latest_only.py
[2024-10-23T04:35:07.869+0000] {processor.py:914} INFO - Processing file /home/airflow/.local/lib/python3.12/site-packages/airflow/example_dags/example_latest_only.py for tasks to queue
[2024-10-23T04:35:07.870+0000] {logging_mixin.py:190} INFO - [2024-10-23T04:35:07.870+0000] {dagbag.py:588} INFO - Filling up the DagBag from /home/airflow/.local/lib/python3.12/site-packages/airflow/example_dags/example_latest_only.py
[2024-10-23T04:35:07.876+0000] {processor.py:925} INFO - DAG(s) 'latest_only' retrieved from /home/airflow/.local/lib/python3.12/site-packages/airflow/example_dags/example_latest_only.py
[2024-10-23T04:35:07.892+0000] {logging_mixin.py:190} INFO - [2024-10-23T04:35:07.892+0000] {dag.py:3239} INFO - Sync 1 DAGs
[2024-10-23T04:35:07.908+0000] {logging_mixin.py:190} INFO - [2024-10-23T04:35:07.908+0000] {dag.py:4180} INFO - Setting next_dagrun for latest_only to 2024-10-23 00:00:00+00:00, run_after=2024-10-23 04:00:00+00:00
[2024-10-23T04:35:07.919+0000] {processor.py:208} INFO - Processing /home/airflow/.local/lib/python3.12/site-packages/airflow/example_dags/example_latest_only.py took 0.056 seconds
[2024-10-23T04:35:40.042+0000] {processor.py:186} INFO - Started process (PID=15268) to work on /home/airflow/.local/lib/python3.12/site-packages/airflow/example_dags/example_latest_only.py
[2024-10-23T04:35:40.043+0000] {processor.py:914} INFO - Processing file /home/airflow/.local/lib/python3.12/site-packages/airflow/example_dags/example_latest_only.py for tasks to queue
[2024-10-23T04:35:40.045+0000] {logging_mixin.py:190} INFO - [2024-10-23T04:35:40.045+0000] {dagbag.py:588} INFO - Filling up the DagBag from /home/airflow/.local/lib/python3.12/site-packages/airflow/example_dags/example_latest_only.py
[2024-10-23T04:35:40.052+0000] {processor.py:925} INFO - DAG(s) 'latest_only' retrieved from /home/airflow/.local/lib/python3.12/site-packages/airflow/example_dags/example_latest_only.py
[2024-10-23T04:35:40.066+0000] {logging_mixin.py:190} INFO - [2024-10-23T04:35:40.066+0000] {dag.py:3239} INFO - Sync 1 DAGs
[2024-10-23T04:35:40.081+0000] {logging_mixin.py:190} INFO - [2024-10-23T04:35:40.081+0000] {dag.py:4180} INFO - Setting next_dagrun for latest_only to 2024-10-23 00:00:00+00:00, run_after=2024-10-23 04:00:00+00:00
[2024-10-23T04:35:40.099+0000] {processor.py:208} INFO - Processing /home/airflow/.local/lib/python3.12/site-packages/airflow/example_dags/example_latest_only.py took 0.061 seconds
[2024-10-23T04:36:11.479+0000] {processor.py:186} INFO - Started process (PID=15333) to work on /home/airflow/.local/lib/python3.12/site-packages/airflow/example_dags/example_latest_only.py
[2024-10-23T04:36:11.480+0000] {processor.py:914} INFO - Processing file /home/airflow/.local/lib/python3.12/site-packages/airflow/example_dags/example_latest_only.py for tasks to queue
[2024-10-23T04:36:11.482+0000] {logging_mixin.py:190} INFO - [2024-10-23T04:36:11.481+0000] {dagbag.py:588} INFO - Filling up the DagBag from /home/airflow/.local/lib/python3.12/site-packages/airflow/example_dags/example_latest_only.py
[2024-10-23T04:36:11.490+0000] {processor.py:925} INFO - DAG(s) 'latest_only' retrieved from /home/airflow/.local/lib/python3.12/site-packages/airflow/example_dags/example_latest_only.py
[2024-10-23T04:36:11.505+0000] {logging_mixin.py:190} INFO - [2024-10-23T04:36:11.504+0000] {dag.py:3239} INFO - Sync 1 DAGs
[2024-10-23T04:36:11.522+0000] {logging_mixin.py:190} INFO - [2024-10-23T04:36:11.522+0000] {dag.py:4180} INFO - Setting next_dagrun for latest_only to 2024-10-23 00:00:00+00:00, run_after=2024-10-23 04:00:00+00:00
[2024-10-23T04:36:11.539+0000] {processor.py:208} INFO - Processing /home/airflow/.local/lib/python3.12/site-packages/airflow/example_dags/example_latest_only.py took 0.065 seconds
[2024-10-23T04:36:42.686+0000] {processor.py:186} INFO - Started process (PID=15396) to work on /home/airflow/.local/lib/python3.12/site-packages/airflow/example_dags/example_latest_only.py
[2024-10-23T04:36:42.687+0000] {processor.py:914} INFO - Processing file /home/airflow/.local/lib/python3.12/site-packages/airflow/example_dags/example_latest_only.py for tasks to queue
[2024-10-23T04:36:42.688+0000] {logging_mixin.py:190} INFO - [2024-10-23T04:36:42.688+0000] {dagbag.py:588} INFO - Filling up the DagBag from /home/airflow/.local/lib/python3.12/site-packages/airflow/example_dags/example_latest_only.py
[2024-10-23T04:36:42.693+0000] {processor.py:925} INFO - DAG(s) 'latest_only' retrieved from /home/airflow/.local/lib/python3.12/site-packages/airflow/example_dags/example_latest_only.py
[2024-10-23T04:36:42.706+0000] {logging_mixin.py:190} INFO - [2024-10-23T04:36:42.706+0000] {dag.py:3239} INFO - Sync 1 DAGs
[2024-10-23T04:36:42.720+0000] {logging_mixin.py:190} INFO - [2024-10-23T04:36:42.720+0000] {dag.py:4180} INFO - Setting next_dagrun for latest_only to 2024-10-23 00:00:00+00:00, run_after=2024-10-23 04:00:00+00:00
[2024-10-23T04:36:42.730+0000] {processor.py:208} INFO - Processing /home/airflow/.local/lib/python3.12/site-packages/airflow/example_dags/example_latest_only.py took 0.047 seconds
[2024-10-23T04:37:14.767+0000] {processor.py:186} INFO - Started process (PID=15459) to work on /home/airflow/.local/lib/python3.12/site-packages/airflow/example_dags/example_latest_only.py
[2024-10-23T04:37:14.771+0000] {processor.py:914} INFO - Processing file /home/airflow/.local/lib/python3.12/site-packages/airflow/example_dags/example_latest_only.py for tasks to queue
[2024-10-23T04:37:14.773+0000] {logging_mixin.py:190} INFO - [2024-10-23T04:37:14.772+0000] {dagbag.py:588} INFO - Filling up the DagBag from /home/airflow/.local/lib/python3.12/site-packages/airflow/example_dags/example_latest_only.py
[2024-10-23T04:37:14.780+0000] {processor.py:925} INFO - DAG(s) 'latest_only' retrieved from /home/airflow/.local/lib/python3.12/site-packages/airflow/example_dags/example_latest_only.py
[2024-10-23T04:37:14.800+0000] {logging_mixin.py:190} INFO - [2024-10-23T04:37:14.800+0000] {dag.py:3239} INFO - Sync 1 DAGs
[2024-10-23T04:37:14.825+0000] {logging_mixin.py:190} INFO - [2024-10-23T04:37:14.825+0000] {dag.py:4180} INFO - Setting next_dagrun for latest_only to 2024-10-23 00:00:00+00:00, run_after=2024-10-23 04:00:00+00:00
[2024-10-23T04:37:14.841+0000] {processor.py:208} INFO - Processing /home/airflow/.local/lib/python3.12/site-packages/airflow/example_dags/example_latest_only.py took 0.080 seconds
[2024-10-23T04:37:46.520+0000] {processor.py:186} INFO - Started process (PID=15522) to work on /home/airflow/.local/lib/python3.12/site-packages/airflow/example_dags/example_latest_only.py
[2024-10-23T04:37:46.522+0000] {processor.py:914} INFO - Processing file /home/airflow/.local/lib/python3.12/site-packages/airflow/example_dags/example_latest_only.py for tasks to queue
[2024-10-23T04:37:46.524+0000] {logging_mixin.py:190} INFO - [2024-10-23T04:37:46.524+0000] {dagbag.py:588} INFO - Filling up the DagBag from /home/airflow/.local/lib/python3.12/site-packages/airflow/example_dags/example_latest_only.py
[2024-10-23T04:37:46.535+0000] {processor.py:925} INFO - DAG(s) 'latest_only' retrieved from /home/airflow/.local/lib/python3.12/site-packages/airflow/example_dags/example_latest_only.py
[2024-10-23T04:37:46.575+0000] {logging_mixin.py:190} INFO - [2024-10-23T04:37:46.574+0000] {dag.py:3239} INFO - Sync 1 DAGs
[2024-10-23T04:37:46.599+0000] {logging_mixin.py:190} INFO - [2024-10-23T04:37:46.599+0000] {dag.py:4180} INFO - Setting next_dagrun for latest_only to 2024-10-23 00:00:00+00:00, run_after=2024-10-23 04:00:00+00:00
[2024-10-23T04:37:46.882+0000] {processor.py:208} INFO - Processing /home/airflow/.local/lib/python3.12/site-packages/airflow/example_dags/example_latest_only.py took 0.370 seconds
[2024-10-23T04:38:17.959+0000] {processor.py:186} INFO - Started process (PID=15591) to work on /home/airflow/.local/lib/python3.12/site-packages/airflow/example_dags/example_latest_only.py
[2024-10-23T04:38:17.963+0000] {processor.py:914} INFO - Processing file /home/airflow/.local/lib/python3.12/site-packages/airflow/example_dags/example_latest_only.py for tasks to queue
[2024-10-23T04:38:17.966+0000] {logging_mixin.py:190} INFO - [2024-10-23T04:38:17.965+0000] {dagbag.py:588} INFO - Filling up the DagBag from /home/airflow/.local/lib/python3.12/site-packages/airflow/example_dags/example_latest_only.py
[2024-10-23T04:38:18.004+0000] {processor.py:925} INFO - DAG(s) 'latest_only' retrieved from /home/airflow/.local/lib/python3.12/site-packages/airflow/example_dags/example_latest_only.py
[2024-10-23T04:38:18.041+0000] {logging_mixin.py:190} INFO - [2024-10-23T04:38:18.041+0000] {dag.py:3239} INFO - Sync 1 DAGs
[2024-10-23T04:38:18.075+0000] {logging_mixin.py:190} INFO - [2024-10-23T04:38:18.074+0000] {dag.py:4180} INFO - Setting next_dagrun for latest_only to 2024-10-23 00:00:00+00:00, run_after=2024-10-23 04:00:00+00:00
[2024-10-23T04:38:18.099+0000] {processor.py:208} INFO - Processing /home/airflow/.local/lib/python3.12/site-packages/airflow/example_dags/example_latest_only.py took 0.167 seconds
[2024-10-23T04:38:49.614+0000] {processor.py:186} INFO - Started process (PID=15654) to work on /home/airflow/.local/lib/python3.12/site-packages/airflow/example_dags/example_latest_only.py
[2024-10-23T04:38:49.616+0000] {processor.py:914} INFO - Processing file /home/airflow/.local/lib/python3.12/site-packages/airflow/example_dags/example_latest_only.py for tasks to queue
[2024-10-23T04:38:49.618+0000] {logging_mixin.py:190} INFO - [2024-10-23T04:38:49.617+0000] {dagbag.py:588} INFO - Filling up the DagBag from /home/airflow/.local/lib/python3.12/site-packages/airflow/example_dags/example_latest_only.py
[2024-10-23T04:38:49.624+0000] {processor.py:925} INFO - DAG(s) 'latest_only' retrieved from /home/airflow/.local/lib/python3.12/site-packages/airflow/example_dags/example_latest_only.py
[2024-10-23T04:38:49.654+0000] {logging_mixin.py:190} INFO - [2024-10-23T04:38:49.654+0000] {dag.py:3239} INFO - Sync 1 DAGs
[2024-10-23T04:38:49.677+0000] {logging_mixin.py:190} INFO - [2024-10-23T04:38:49.677+0000] {dag.py:4180} INFO - Setting next_dagrun for latest_only to 2024-10-23 00:00:00+00:00, run_after=2024-10-23 04:00:00+00:00
[2024-10-23T04:38:49.698+0000] {processor.py:208} INFO - Processing /home/airflow/.local/lib/python3.12/site-packages/airflow/example_dags/example_latest_only.py took 0.093 seconds
[2024-10-23T04:39:22.270+0000] {processor.py:186} INFO - Started process (PID=15718) to work on /home/airflow/.local/lib/python3.12/site-packages/airflow/example_dags/example_latest_only.py
[2024-10-23T04:39:22.271+0000] {processor.py:914} INFO - Processing file /home/airflow/.local/lib/python3.12/site-packages/airflow/example_dags/example_latest_only.py for tasks to queue
[2024-10-23T04:39:22.273+0000] {logging_mixin.py:190} INFO - [2024-10-23T04:39:22.272+0000] {dagbag.py:588} INFO - Filling up the DagBag from /home/airflow/.local/lib/python3.12/site-packages/airflow/example_dags/example_latest_only.py
[2024-10-23T04:39:22.280+0000] {processor.py:925} INFO - DAG(s) 'latest_only' retrieved from /home/airflow/.local/lib/python3.12/site-packages/airflow/example_dags/example_latest_only.py
[2024-10-23T04:39:22.300+0000] {logging_mixin.py:190} INFO - [2024-10-23T04:39:22.300+0000] {dag.py:3239} INFO - Sync 1 DAGs
[2024-10-23T04:39:22.323+0000] {logging_mixin.py:190} INFO - [2024-10-23T04:39:22.323+0000] {dag.py:4180} INFO - Setting next_dagrun for latest_only to 2024-10-23 00:00:00+00:00, run_after=2024-10-23 04:00:00+00:00
[2024-10-23T04:39:22.337+0000] {processor.py:208} INFO - Processing /home/airflow/.local/lib/python3.12/site-packages/airflow/example_dags/example_latest_only.py took 0.074 seconds
[2024-10-23T04:39:53.643+0000] {processor.py:186} INFO - Started process (PID=15781) to work on /home/airflow/.local/lib/python3.12/site-packages/airflow/example_dags/example_latest_only.py
[2024-10-23T04:39:53.644+0000] {processor.py:914} INFO - Processing file /home/airflow/.local/lib/python3.12/site-packages/airflow/example_dags/example_latest_only.py for tasks to queue
[2024-10-23T04:39:53.646+0000] {logging_mixin.py:190} INFO - [2024-10-23T04:39:53.645+0000] {dagbag.py:588} INFO - Filling up the DagBag from /home/airflow/.local/lib/python3.12/site-packages/airflow/example_dags/example_latest_only.py
[2024-10-23T04:39:53.657+0000] {processor.py:925} INFO - DAG(s) 'latest_only' retrieved from /home/airflow/.local/lib/python3.12/site-packages/airflow/example_dags/example_latest_only.py
[2024-10-23T04:39:53.746+0000] {logging_mixin.py:190} INFO - [2024-10-23T04:39:53.745+0000] {dag.py:3239} INFO - Sync 1 DAGs
[2024-10-23T04:39:53.772+0000] {logging_mixin.py:190} INFO - [2024-10-23T04:39:53.772+0000] {dag.py:4180} INFO - Setting next_dagrun for latest_only to 2024-10-23 00:00:00+00:00, run_after=2024-10-23 04:00:00+00:00
[2024-10-23T04:39:53.792+0000] {processor.py:208} INFO - Processing /home/airflow/.local/lib/python3.12/site-packages/airflow/example_dags/example_latest_only.py took 0.155 seconds
[2024-10-23T04:40:25.726+0000] {processor.py:186} INFO - Started process (PID=15844) to work on /home/airflow/.local/lib/python3.12/site-packages/airflow/example_dags/example_latest_only.py
[2024-10-23T04:40:25.729+0000] {processor.py:914} INFO - Processing file /home/airflow/.local/lib/python3.12/site-packages/airflow/example_dags/example_latest_only.py for tasks to queue
[2024-10-23T04:40:25.731+0000] {logging_mixin.py:190} INFO - [2024-10-23T04:40:25.730+0000] {dagbag.py:588} INFO - Filling up the DagBag from /home/airflow/.local/lib/python3.12/site-packages/airflow/example_dags/example_latest_only.py
[2024-10-23T04:40:25.741+0000] {processor.py:925} INFO - DAG(s) 'latest_only' retrieved from /home/airflow/.local/lib/python3.12/site-packages/airflow/example_dags/example_latest_only.py
[2024-10-23T04:40:26.028+0000] {logging_mixin.py:190} INFO - [2024-10-23T04:40:26.027+0000] {dag.py:3239} INFO - Sync 1 DAGs
[2024-10-23T04:40:26.061+0000] {logging_mixin.py:190} INFO - [2024-10-23T04:40:26.060+0000] {dag.py:4180} INFO - Setting next_dagrun for latest_only to 2024-10-23 00:00:00+00:00, run_after=2024-10-23 04:00:00+00:00
[2024-10-23T04:40:26.077+0000] {processor.py:208} INFO - Processing /home/airflow/.local/lib/python3.12/site-packages/airflow/example_dags/example_latest_only.py took 0.365 seconds
[2024-10-23T04:40:56.508+0000] {processor.py:186} INFO - Started process (PID=15907) to work on /home/airflow/.local/lib/python3.12/site-packages/airflow/example_dags/example_latest_only.py
[2024-10-23T04:40:56.511+0000] {processor.py:914} INFO - Processing file /home/airflow/.local/lib/python3.12/site-packages/airflow/example_dags/example_latest_only.py for tasks to queue
[2024-10-23T04:40:56.513+0000] {logging_mixin.py:190} INFO - [2024-10-23T04:40:56.512+0000] {dagbag.py:588} INFO - Filling up the DagBag from /home/airflow/.local/lib/python3.12/site-packages/airflow/example_dags/example_latest_only.py
[2024-10-23T04:40:56.524+0000] {processor.py:925} INFO - DAG(s) 'latest_only' retrieved from /home/airflow/.local/lib/python3.12/site-packages/airflow/example_dags/example_latest_only.py
[2024-10-23T04:40:56.543+0000] {logging_mixin.py:190} INFO - [2024-10-23T04:40:56.543+0000] {dag.py:3239} INFO - Sync 1 DAGs
[2024-10-23T04:40:56.559+0000] {logging_mixin.py:190} INFO - [2024-10-23T04:40:56.559+0000] {dag.py:4180} INFO - Setting next_dagrun for latest_only to 2024-10-23 00:00:00+00:00, run_after=2024-10-23 04:00:00+00:00
[2024-10-23T04:40:56.571+0000] {processor.py:208} INFO - Processing /home/airflow/.local/lib/python3.12/site-packages/airflow/example_dags/example_latest_only.py took 0.068 seconds
[2024-10-23T04:41:27.239+0000] {processor.py:186} INFO - Started process (PID=15970) to work on /home/airflow/.local/lib/python3.12/site-packages/airflow/example_dags/example_latest_only.py
[2024-10-23T04:41:27.240+0000] {processor.py:914} INFO - Processing file /home/airflow/.local/lib/python3.12/site-packages/airflow/example_dags/example_latest_only.py for tasks to queue
[2024-10-23T04:41:27.241+0000] {logging_mixin.py:190} INFO - [2024-10-23T04:41:27.240+0000] {dagbag.py:588} INFO - Filling up the DagBag from /home/airflow/.local/lib/python3.12/site-packages/airflow/example_dags/example_latest_only.py
[2024-10-23T04:41:27.247+0000] {processor.py:925} INFO - DAG(s) 'latest_only' retrieved from /home/airflow/.local/lib/python3.12/site-packages/airflow/example_dags/example_latest_only.py
[2024-10-23T04:41:27.265+0000] {logging_mixin.py:190} INFO - [2024-10-23T04:41:27.264+0000] {dag.py:3239} INFO - Sync 1 DAGs
[2024-10-23T04:41:27.282+0000] {logging_mixin.py:190} INFO - [2024-10-23T04:41:27.282+0000] {dag.py:4180} INFO - Setting next_dagrun for latest_only to 2024-10-23 00:00:00+00:00, run_after=2024-10-23 04:00:00+00:00
[2024-10-23T04:41:27.293+0000] {processor.py:208} INFO - Processing /home/airflow/.local/lib/python3.12/site-packages/airflow/example_dags/example_latest_only.py took 0.061 seconds
[2024-10-23T04:41:58.052+0000] {processor.py:186} INFO - Started process (PID=16033) to work on /home/airflow/.local/lib/python3.12/site-packages/airflow/example_dags/example_latest_only.py
[2024-10-23T04:41:58.055+0000] {processor.py:914} INFO - Processing file /home/airflow/.local/lib/python3.12/site-packages/airflow/example_dags/example_latest_only.py for tasks to queue
[2024-10-23T04:41:58.058+0000] {logging_mixin.py:190} INFO - [2024-10-23T04:41:58.058+0000] {dagbag.py:588} INFO - Filling up the DagBag from /home/airflow/.local/lib/python3.12/site-packages/airflow/example_dags/example_latest_only.py
[2024-10-23T04:41:58.068+0000] {processor.py:925} INFO - DAG(s) 'latest_only' retrieved from /home/airflow/.local/lib/python3.12/site-packages/airflow/example_dags/example_latest_only.py
[2024-10-23T04:41:58.082+0000] {logging_mixin.py:190} INFO - [2024-10-23T04:41:58.082+0000] {dag.py:3239} INFO - Sync 1 DAGs
[2024-10-23T04:41:58.098+0000] {logging_mixin.py:190} INFO - [2024-10-23T04:41:58.097+0000] {dag.py:4180} INFO - Setting next_dagrun for latest_only to 2024-10-23 00:00:00+00:00, run_after=2024-10-23 04:00:00+00:00
[2024-10-23T04:41:58.109+0000] {processor.py:208} INFO - Processing /home/airflow/.local/lib/python3.12/site-packages/airflow/example_dags/example_latest_only.py took 0.075 seconds
[2024-10-23T04:42:28.356+0000] {processor.py:186} INFO - Started process (PID=16096) to work on /home/airflow/.local/lib/python3.12/site-packages/airflow/example_dags/example_latest_only.py
[2024-10-23T04:42:28.358+0000] {processor.py:914} INFO - Processing file /home/airflow/.local/lib/python3.12/site-packages/airflow/example_dags/example_latest_only.py for tasks to queue
[2024-10-23T04:42:28.360+0000] {logging_mixin.py:190} INFO - [2024-10-23T04:42:28.359+0000] {dagbag.py:588} INFO - Filling up the DagBag from /home/airflow/.local/lib/python3.12/site-packages/airflow/example_dags/example_latest_only.py
[2024-10-23T04:42:28.368+0000] {processor.py:925} INFO - DAG(s) 'latest_only' retrieved from /home/airflow/.local/lib/python3.12/site-packages/airflow/example_dags/example_latest_only.py
[2024-10-23T04:42:28.386+0000] {logging_mixin.py:190} INFO - [2024-10-23T04:42:28.386+0000] {dag.py:3239} INFO - Sync 1 DAGs
[2024-10-23T04:42:28.404+0000] {logging_mixin.py:190} INFO - [2024-10-23T04:42:28.404+0000] {dag.py:4180} INFO - Setting next_dagrun for latest_only to 2024-10-23 00:00:00+00:00, run_after=2024-10-23 04:00:00+00:00
[2024-10-23T04:42:28.415+0000] {processor.py:208} INFO - Processing /home/airflow/.local/lib/python3.12/site-packages/airflow/example_dags/example_latest_only.py took 0.063 seconds
[2024-10-23T04:42:59.441+0000] {processor.py:186} INFO - Started process (PID=16159) to work on /home/airflow/.local/lib/python3.12/site-packages/airflow/example_dags/example_latest_only.py
[2024-10-23T04:42:59.443+0000] {processor.py:914} INFO - Processing file /home/airflow/.local/lib/python3.12/site-packages/airflow/example_dags/example_latest_only.py for tasks to queue
[2024-10-23T04:42:59.444+0000] {logging_mixin.py:190} INFO - [2024-10-23T04:42:59.444+0000] {dagbag.py:588} INFO - Filling up the DagBag from /home/airflow/.local/lib/python3.12/site-packages/airflow/example_dags/example_latest_only.py
[2024-10-23T04:42:59.451+0000] {processor.py:925} INFO - DAG(s) 'latest_only' retrieved from /home/airflow/.local/lib/python3.12/site-packages/airflow/example_dags/example_latest_only.py
[2024-10-23T04:42:59.472+0000] {logging_mixin.py:190} INFO - [2024-10-23T04:42:59.472+0000] {dag.py:3239} INFO - Sync 1 DAGs
[2024-10-23T04:42:59.518+0000] {logging_mixin.py:190} INFO - [2024-10-23T04:42:59.517+0000] {dag.py:4180} INFO - Setting next_dagrun for latest_only to 2024-10-23 00:00:00+00:00, run_after=2024-10-23 04:00:00+00:00
[2024-10-23T04:42:59.539+0000] {processor.py:208} INFO - Processing /home/airflow/.local/lib/python3.12/site-packages/airflow/example_dags/example_latest_only.py took 0.104 seconds
[2024-10-23T04:43:30.302+0000] {processor.py:186} INFO - Started process (PID=16222) to work on /home/airflow/.local/lib/python3.12/site-packages/airflow/example_dags/example_latest_only.py
[2024-10-23T04:43:30.303+0000] {processor.py:914} INFO - Processing file /home/airflow/.local/lib/python3.12/site-packages/airflow/example_dags/example_latest_only.py for tasks to queue
[2024-10-23T04:43:30.305+0000] {logging_mixin.py:190} INFO - [2024-10-23T04:43:30.304+0000] {dagbag.py:588} INFO - Filling up the DagBag from /home/airflow/.local/lib/python3.12/site-packages/airflow/example_dags/example_latest_only.py
[2024-10-23T04:43:30.315+0000] {processor.py:925} INFO - DAG(s) 'latest_only' retrieved from /home/airflow/.local/lib/python3.12/site-packages/airflow/example_dags/example_latest_only.py
[2024-10-23T04:43:30.336+0000] {logging_mixin.py:190} INFO - [2024-10-23T04:43:30.336+0000] {dag.py:3239} INFO - Sync 1 DAGs
[2024-10-23T04:43:30.357+0000] {logging_mixin.py:190} INFO - [2024-10-23T04:43:30.357+0000] {dag.py:4180} INFO - Setting next_dagrun for latest_only to 2024-10-23 00:00:00+00:00, run_after=2024-10-23 04:00:00+00:00
[2024-10-23T04:43:30.372+0000] {processor.py:208} INFO - Processing /home/airflow/.local/lib/python3.12/site-packages/airflow/example_dags/example_latest_only.py took 0.077 seconds
[2024-10-23T04:44:00.407+0000] {processor.py:186} INFO - Started process (PID=16284) to work on /home/airflow/.local/lib/python3.12/site-packages/airflow/example_dags/example_latest_only.py
[2024-10-23T04:44:00.408+0000] {processor.py:914} INFO - Processing file /home/airflow/.local/lib/python3.12/site-packages/airflow/example_dags/example_latest_only.py for tasks to queue
[2024-10-23T04:44:00.409+0000] {logging_mixin.py:190} INFO - [2024-10-23T04:44:00.409+0000] {dagbag.py:588} INFO - Filling up the DagBag from /home/airflow/.local/lib/python3.12/site-packages/airflow/example_dags/example_latest_only.py
[2024-10-23T04:44:00.414+0000] {processor.py:925} INFO - DAG(s) 'latest_only' retrieved from /home/airflow/.local/lib/python3.12/site-packages/airflow/example_dags/example_latest_only.py
[2024-10-23T04:44:00.427+0000] {logging_mixin.py:190} INFO - [2024-10-23T04:44:00.426+0000] {dag.py:3239} INFO - Sync 1 DAGs
[2024-10-23T04:44:00.441+0000] {logging_mixin.py:190} INFO - [2024-10-23T04:44:00.441+0000] {dag.py:4180} INFO - Setting next_dagrun for latest_only to 2024-10-23 00:00:00+00:00, run_after=2024-10-23 04:00:00+00:00
[2024-10-23T04:44:00.454+0000] {processor.py:208} INFO - Processing /home/airflow/.local/lib/python3.12/site-packages/airflow/example_dags/example_latest_only.py took 0.052 seconds
[2024-10-23T04:44:31.886+0000] {processor.py:186} INFO - Started process (PID=16347) to work on /home/airflow/.local/lib/python3.12/site-packages/airflow/example_dags/example_latest_only.py
[2024-10-23T04:44:31.887+0000] {processor.py:914} INFO - Processing file /home/airflow/.local/lib/python3.12/site-packages/airflow/example_dags/example_latest_only.py for tasks to queue
[2024-10-23T04:44:31.888+0000] {logging_mixin.py:190} INFO - [2024-10-23T04:44:31.888+0000] {dagbag.py:588} INFO - Filling up the DagBag from /home/airflow/.local/lib/python3.12/site-packages/airflow/example_dags/example_latest_only.py
[2024-10-23T04:44:31.893+0000] {processor.py:925} INFO - DAG(s) 'latest_only' retrieved from /home/airflow/.local/lib/python3.12/site-packages/airflow/example_dags/example_latest_only.py
[2024-10-23T04:44:31.905+0000] {logging_mixin.py:190} INFO - [2024-10-23T04:44:31.905+0000] {dag.py:3239} INFO - Sync 1 DAGs
[2024-10-23T04:44:31.918+0000] {logging_mixin.py:190} INFO - [2024-10-23T04:44:31.918+0000] {dag.py:4180} INFO - Setting next_dagrun for latest_only to 2024-10-23 00:00:00+00:00, run_after=2024-10-23 04:00:00+00:00
[2024-10-23T04:44:31.928+0000] {processor.py:208} INFO - Processing /home/airflow/.local/lib/python3.12/site-packages/airflow/example_dags/example_latest_only.py took 0.047 seconds
[2024-10-23T04:45:02.656+0000] {processor.py:186} INFO - Started process (PID=16411) to work on /home/airflow/.local/lib/python3.12/site-packages/airflow/example_dags/example_latest_only.py
[2024-10-23T04:45:02.657+0000] {processor.py:914} INFO - Processing file /home/airflow/.local/lib/python3.12/site-packages/airflow/example_dags/example_latest_only.py for tasks to queue
[2024-10-23T04:45:02.657+0000] {logging_mixin.py:190} INFO - [2024-10-23T04:45:02.657+0000] {dagbag.py:588} INFO - Filling up the DagBag from /home/airflow/.local/lib/python3.12/site-packages/airflow/example_dags/example_latest_only.py
[2024-10-23T04:45:02.663+0000] {processor.py:925} INFO - DAG(s) 'latest_only' retrieved from /home/airflow/.local/lib/python3.12/site-packages/airflow/example_dags/example_latest_only.py
[2024-10-23T04:45:02.675+0000] {logging_mixin.py:190} INFO - [2024-10-23T04:45:02.675+0000] {dag.py:3239} INFO - Sync 1 DAGs
[2024-10-23T04:45:02.689+0000] {logging_mixin.py:190} INFO - [2024-10-23T04:45:02.689+0000] {dag.py:4180} INFO - Setting next_dagrun for latest_only to 2024-10-23 00:00:00+00:00, run_after=2024-10-23 04:00:00+00:00
[2024-10-23T04:45:02.704+0000] {processor.py:208} INFO - Processing /home/airflow/.local/lib/python3.12/site-packages/airflow/example_dags/example_latest_only.py took 0.052 seconds
[2024-10-23T04:45:32.964+0000] {processor.py:186} INFO - Started process (PID=16474) to work on /home/airflow/.local/lib/python3.12/site-packages/airflow/example_dags/example_latest_only.py
[2024-10-23T04:45:32.964+0000] {processor.py:914} INFO - Processing file /home/airflow/.local/lib/python3.12/site-packages/airflow/example_dags/example_latest_only.py for tasks to queue
[2024-10-23T04:45:32.965+0000] {logging_mixin.py:190} INFO - [2024-10-23T04:45:32.965+0000] {dagbag.py:588} INFO - Filling up the DagBag from /home/airflow/.local/lib/python3.12/site-packages/airflow/example_dags/example_latest_only.py
[2024-10-23T04:45:32.972+0000] {processor.py:925} INFO - DAG(s) 'latest_only' retrieved from /home/airflow/.local/lib/python3.12/site-packages/airflow/example_dags/example_latest_only.py
[2024-10-23T04:45:32.988+0000] {logging_mixin.py:190} INFO - [2024-10-23T04:45:32.988+0000] {dag.py:3239} INFO - Sync 1 DAGs
[2024-10-23T04:45:33.002+0000] {logging_mixin.py:190} INFO - [2024-10-23T04:45:33.002+0000] {dag.py:4180} INFO - Setting next_dagrun for latest_only to 2024-10-23 00:00:00+00:00, run_after=2024-10-23 04:00:00+00:00
[2024-10-23T04:45:33.012+0000] {processor.py:208} INFO - Processing /home/airflow/.local/lib/python3.12/site-packages/airflow/example_dags/example_latest_only.py took 0.053 seconds
[2024-10-23T07:12:07.831+0000] {processor.py:186} INFO - Started process (PID=34484) to work on /home/airflow/.local/lib/python3.12/site-packages/airflow/example_dags/example_latest_only.py
[2024-10-23T07:12:07.833+0000] {processor.py:914} INFO - Processing file /home/airflow/.local/lib/python3.12/site-packages/airflow/example_dags/example_latest_only.py for tasks to queue
[2024-10-23T07:12:07.835+0000] {logging_mixin.py:190} INFO - [2024-10-23T07:12:07.834+0000] {dagbag.py:588} INFO - Filling up the DagBag from /home/airflow/.local/lib/python3.12/site-packages/airflow/example_dags/example_latest_only.py
[2024-10-23T07:12:07.843+0000] {processor.py:925} INFO - DAG(s) 'latest_only' retrieved from /home/airflow/.local/lib/python3.12/site-packages/airflow/example_dags/example_latest_only.py
[2024-10-23T07:12:07.857+0000] {logging_mixin.py:190} INFO - [2024-10-23T07:12:07.857+0000] {dag.py:3239} INFO - Sync 1 DAGs
[2024-10-23T07:12:07.874+0000] {logging_mixin.py:190} INFO - [2024-10-23T07:12:07.873+0000] {dag.py:4180} INFO - Setting next_dagrun for latest_only to 2024-10-23 00:00:00+00:00, run_after=2024-10-23 04:00:00+00:00
[2024-10-23T07:12:07.886+0000] {processor.py:208} INFO - Processing /home/airflow/.local/lib/python3.12/site-packages/airflow/example_dags/example_latest_only.py took 0.062 seconds
[2024-10-23T07:12:38.404+0000] {processor.py:186} INFO - Started process (PID=34547) to work on /home/airflow/.local/lib/python3.12/site-packages/airflow/example_dags/example_latest_only.py
[2024-10-23T07:12:38.405+0000] {processor.py:914} INFO - Processing file /home/airflow/.local/lib/python3.12/site-packages/airflow/example_dags/example_latest_only.py for tasks to queue
[2024-10-23T07:12:38.407+0000] {logging_mixin.py:190} INFO - [2024-10-23T07:12:38.407+0000] {dagbag.py:588} INFO - Filling up the DagBag from /home/airflow/.local/lib/python3.12/site-packages/airflow/example_dags/example_latest_only.py
[2024-10-23T07:12:38.412+0000] {processor.py:925} INFO - DAG(s) 'latest_only' retrieved from /home/airflow/.local/lib/python3.12/site-packages/airflow/example_dags/example_latest_only.py
[2024-10-23T07:12:38.429+0000] {logging_mixin.py:190} INFO - [2024-10-23T07:12:38.429+0000] {dag.py:3239} INFO - Sync 1 DAGs
[2024-10-23T07:12:38.443+0000] {logging_mixin.py:190} INFO - [2024-10-23T07:12:38.443+0000] {dag.py:4180} INFO - Setting next_dagrun for latest_only to 2024-10-23 00:00:00+00:00, run_after=2024-10-23 04:00:00+00:00
[2024-10-23T07:12:38.455+0000] {processor.py:208} INFO - Processing /home/airflow/.local/lib/python3.12/site-packages/airflow/example_dags/example_latest_only.py took 0.056 seconds
[2024-10-23T07:13:09.672+0000] {processor.py:186} INFO - Started process (PID=34610) to work on /home/airflow/.local/lib/python3.12/site-packages/airflow/example_dags/example_latest_only.py
[2024-10-23T07:13:09.673+0000] {processor.py:914} INFO - Processing file /home/airflow/.local/lib/python3.12/site-packages/airflow/example_dags/example_latest_only.py for tasks to queue
[2024-10-23T07:13:09.674+0000] {logging_mixin.py:190} INFO - [2024-10-23T07:13:09.674+0000] {dagbag.py:588} INFO - Filling up the DagBag from /home/airflow/.local/lib/python3.12/site-packages/airflow/example_dags/example_latest_only.py
[2024-10-23T07:13:09.679+0000] {processor.py:925} INFO - DAG(s) 'latest_only' retrieved from /home/airflow/.local/lib/python3.12/site-packages/airflow/example_dags/example_latest_only.py
[2024-10-23T07:13:09.693+0000] {logging_mixin.py:190} INFO - [2024-10-23T07:13:09.693+0000] {dag.py:3239} INFO - Sync 1 DAGs
[2024-10-23T07:13:09.710+0000] {logging_mixin.py:190} INFO - [2024-10-23T07:13:09.710+0000] {dag.py:4180} INFO - Setting next_dagrun for latest_only to 2024-10-23 00:00:00+00:00, run_after=2024-10-23 04:00:00+00:00
[2024-10-23T07:13:09.724+0000] {processor.py:208} INFO - Processing /home/airflow/.local/lib/python3.12/site-packages/airflow/example_dags/example_latest_only.py took 0.057 seconds
[2024-10-23T07:13:40.769+0000] {processor.py:186} INFO - Started process (PID=34674) to work on /home/airflow/.local/lib/python3.12/site-packages/airflow/example_dags/example_latest_only.py
[2024-10-23T07:13:40.770+0000] {processor.py:914} INFO - Processing file /home/airflow/.local/lib/python3.12/site-packages/airflow/example_dags/example_latest_only.py for tasks to queue
[2024-10-23T07:13:40.771+0000] {logging_mixin.py:190} INFO - [2024-10-23T07:13:40.770+0000] {dagbag.py:588} INFO - Filling up the DagBag from /home/airflow/.local/lib/python3.12/site-packages/airflow/example_dags/example_latest_only.py
[2024-10-23T07:13:40.776+0000] {processor.py:925} INFO - DAG(s) 'latest_only' retrieved from /home/airflow/.local/lib/python3.12/site-packages/airflow/example_dags/example_latest_only.py
[2024-10-23T07:13:40.795+0000] {logging_mixin.py:190} INFO - [2024-10-23T07:13:40.795+0000] {dag.py:3239} INFO - Sync 1 DAGs
[2024-10-23T07:13:40.810+0000] {logging_mixin.py:190} INFO - [2024-10-23T07:13:40.810+0000] {dag.py:4180} INFO - Setting next_dagrun for latest_only to 2024-10-23 00:00:00+00:00, run_after=2024-10-23 04:00:00+00:00
[2024-10-23T07:13:40.823+0000] {processor.py:208} INFO - Processing /home/airflow/.local/lib/python3.12/site-packages/airflow/example_dags/example_latest_only.py took 0.059 seconds
[2024-10-23T07:14:11.917+0000] {processor.py:186} INFO - Started process (PID=34737) to work on /home/airflow/.local/lib/python3.12/site-packages/airflow/example_dags/example_latest_only.py
[2024-10-23T07:14:11.918+0000] {processor.py:914} INFO - Processing file /home/airflow/.local/lib/python3.12/site-packages/airflow/example_dags/example_latest_only.py for tasks to queue
[2024-10-23T07:14:11.919+0000] {logging_mixin.py:190} INFO - [2024-10-23T07:14:11.919+0000] {dagbag.py:588} INFO - Filling up the DagBag from /home/airflow/.local/lib/python3.12/site-packages/airflow/example_dags/example_latest_only.py
[2024-10-23T07:14:11.924+0000] {processor.py:925} INFO - DAG(s) 'latest_only' retrieved from /home/airflow/.local/lib/python3.12/site-packages/airflow/example_dags/example_latest_only.py
[2024-10-23T07:14:11.939+0000] {logging_mixin.py:190} INFO - [2024-10-23T07:14:11.938+0000] {dag.py:3239} INFO - Sync 1 DAGs
[2024-10-23T07:14:11.955+0000] {logging_mixin.py:190} INFO - [2024-10-23T07:14:11.954+0000] {dag.py:4180} INFO - Setting next_dagrun for latest_only to 2024-10-23 00:00:00+00:00, run_after=2024-10-23 04:00:00+00:00
[2024-10-23T07:14:11.966+0000] {processor.py:208} INFO - Processing /home/airflow/.local/lib/python3.12/site-packages/airflow/example_dags/example_latest_only.py took 0.054 seconds
[2024-10-23T07:14:43.616+0000] {processor.py:186} INFO - Started process (PID=34800) to work on /home/airflow/.local/lib/python3.12/site-packages/airflow/example_dags/example_latest_only.py
[2024-10-23T07:14:43.617+0000] {processor.py:914} INFO - Processing file /home/airflow/.local/lib/python3.12/site-packages/airflow/example_dags/example_latest_only.py for tasks to queue
[2024-10-23T07:14:43.617+0000] {logging_mixin.py:190} INFO - [2024-10-23T07:14:43.617+0000] {dagbag.py:588} INFO - Filling up the DagBag from /home/airflow/.local/lib/python3.12/site-packages/airflow/example_dags/example_latest_only.py
[2024-10-23T07:14:43.623+0000] {processor.py:925} INFO - DAG(s) 'latest_only' retrieved from /home/airflow/.local/lib/python3.12/site-packages/airflow/example_dags/example_latest_only.py
[2024-10-23T07:14:43.637+0000] {logging_mixin.py:190} INFO - [2024-10-23T07:14:43.637+0000] {dag.py:3239} INFO - Sync 1 DAGs
[2024-10-23T07:14:43.782+0000] {logging_mixin.py:190} INFO - [2024-10-23T07:14:43.782+0000] {dag.py:4180} INFO - Setting next_dagrun for latest_only to 2024-10-23 00:00:00+00:00, run_after=2024-10-23 04:00:00+00:00
[2024-10-23T07:14:43.796+0000] {processor.py:208} INFO - Processing /home/airflow/.local/lib/python3.12/site-packages/airflow/example_dags/example_latest_only.py took 0.185 seconds
[2024-10-23T07:15:14.709+0000] {processor.py:186} INFO - Started process (PID=34863) to work on /home/airflow/.local/lib/python3.12/site-packages/airflow/example_dags/example_latest_only.py
[2024-10-23T07:15:14.711+0000] {processor.py:914} INFO - Processing file /home/airflow/.local/lib/python3.12/site-packages/airflow/example_dags/example_latest_only.py for tasks to queue
[2024-10-23T07:15:14.712+0000] {logging_mixin.py:190} INFO - [2024-10-23T07:15:14.712+0000] {dagbag.py:588} INFO - Filling up the DagBag from /home/airflow/.local/lib/python3.12/site-packages/airflow/example_dags/example_latest_only.py
[2024-10-23T07:15:14.720+0000] {processor.py:925} INFO - DAG(s) 'latest_only' retrieved from /home/airflow/.local/lib/python3.12/site-packages/airflow/example_dags/example_latest_only.py
[2024-10-23T07:15:14.735+0000] {logging_mixin.py:190} INFO - [2024-10-23T07:15:14.735+0000] {dag.py:3239} INFO - Sync 1 DAGs
[2024-10-23T07:15:14.943+0000] {logging_mixin.py:190} INFO - [2024-10-23T07:15:14.943+0000] {dag.py:4180} INFO - Setting next_dagrun for latest_only to 2024-10-23 00:00:00+00:00, run_after=2024-10-23 04:00:00+00:00
[2024-10-23T07:15:14.960+0000] {processor.py:208} INFO - Processing /home/airflow/.local/lib/python3.12/site-packages/airflow/example_dags/example_latest_only.py took 0.255 seconds
[2024-10-23T07:15:45.647+0000] {processor.py:186} INFO - Started process (PID=34926) to work on /home/airflow/.local/lib/python3.12/site-packages/airflow/example_dags/example_latest_only.py
[2024-10-23T07:15:45.648+0000] {processor.py:914} INFO - Processing file /home/airflow/.local/lib/python3.12/site-packages/airflow/example_dags/example_latest_only.py for tasks to queue
[2024-10-23T07:15:45.649+0000] {logging_mixin.py:190} INFO - [2024-10-23T07:15:45.649+0000] {dagbag.py:588} INFO - Filling up the DagBag from /home/airflow/.local/lib/python3.12/site-packages/airflow/example_dags/example_latest_only.py
[2024-10-23T07:15:45.668+0000] {processor.py:925} INFO - DAG(s) 'latest_only' retrieved from /home/airflow/.local/lib/python3.12/site-packages/airflow/example_dags/example_latest_only.py
[2024-10-23T07:15:45.692+0000] {logging_mixin.py:190} INFO - [2024-10-23T07:15:45.692+0000] {dag.py:3239} INFO - Sync 1 DAGs
[2024-10-23T07:15:45.713+0000] {logging_mixin.py:190} INFO - [2024-10-23T07:15:45.713+0000] {dag.py:4180} INFO - Setting next_dagrun for latest_only to 2024-10-23 00:00:00+00:00, run_after=2024-10-23 04:00:00+00:00
[2024-10-23T07:15:45.728+0000] {processor.py:208} INFO - Processing /home/airflow/.local/lib/python3.12/site-packages/airflow/example_dags/example_latest_only.py took 0.085 seconds
[2024-10-23T07:16:15.853+0000] {processor.py:186} INFO - Started process (PID=34988) to work on /home/airflow/.local/lib/python3.12/site-packages/airflow/example_dags/example_latest_only.py
[2024-10-23T07:16:15.854+0000] {processor.py:914} INFO - Processing file /home/airflow/.local/lib/python3.12/site-packages/airflow/example_dags/example_latest_only.py for tasks to queue
[2024-10-23T07:16:15.855+0000] {logging_mixin.py:190} INFO - [2024-10-23T07:16:15.855+0000] {dagbag.py:588} INFO - Filling up the DagBag from /home/airflow/.local/lib/python3.12/site-packages/airflow/example_dags/example_latest_only.py
[2024-10-23T07:16:15.862+0000] {processor.py:925} INFO - DAG(s) 'latest_only' retrieved from /home/airflow/.local/lib/python3.12/site-packages/airflow/example_dags/example_latest_only.py
[2024-10-23T07:16:15.875+0000] {logging_mixin.py:190} INFO - [2024-10-23T07:16:15.875+0000] {dag.py:3239} INFO - Sync 1 DAGs
[2024-10-23T07:16:15.896+0000] {logging_mixin.py:190} INFO - [2024-10-23T07:16:15.896+0000] {dag.py:4180} INFO - Setting next_dagrun for latest_only to 2024-10-23 00:00:00+00:00, run_after=2024-10-23 04:00:00+00:00
[2024-10-23T07:16:15.907+0000] {processor.py:208} INFO - Processing /home/airflow/.local/lib/python3.12/site-packages/airflow/example_dags/example_latest_only.py took 0.059 seconds
[2024-10-23T07:16:46.039+0000] {processor.py:186} INFO - Started process (PID=35051) to work on /home/airflow/.local/lib/python3.12/site-packages/airflow/example_dags/example_latest_only.py
[2024-10-23T07:16:46.040+0000] {processor.py:914} INFO - Processing file /home/airflow/.local/lib/python3.12/site-packages/airflow/example_dags/example_latest_only.py for tasks to queue
[2024-10-23T07:16:46.042+0000] {logging_mixin.py:190} INFO - [2024-10-23T07:16:46.042+0000] {dagbag.py:588} INFO - Filling up the DagBag from /home/airflow/.local/lib/python3.12/site-packages/airflow/example_dags/example_latest_only.py
[2024-10-23T07:16:46.047+0000] {processor.py:925} INFO - DAG(s) 'latest_only' retrieved from /home/airflow/.local/lib/python3.12/site-packages/airflow/example_dags/example_latest_only.py
[2024-10-23T07:16:46.065+0000] {logging_mixin.py:190} INFO - [2024-10-23T07:16:46.064+0000] {dag.py:3239} INFO - Sync 1 DAGs
[2024-10-23T07:16:46.083+0000] {logging_mixin.py:190} INFO - [2024-10-23T07:16:46.083+0000] {dag.py:4180} INFO - Setting next_dagrun for latest_only to 2024-10-23 00:00:00+00:00, run_after=2024-10-23 04:00:00+00:00
[2024-10-23T07:16:46.095+0000] {processor.py:208} INFO - Processing /home/airflow/.local/lib/python3.12/site-packages/airflow/example_dags/example_latest_only.py took 0.060 seconds
[2024-10-23T07:17:16.307+0000] {processor.py:186} INFO - Started process (PID=35114) to work on /home/airflow/.local/lib/python3.12/site-packages/airflow/example_dags/example_latest_only.py
[2024-10-23T07:17:16.309+0000] {processor.py:914} INFO - Processing file /home/airflow/.local/lib/python3.12/site-packages/airflow/example_dags/example_latest_only.py for tasks to queue
[2024-10-23T07:17:16.311+0000] {logging_mixin.py:190} INFO - [2024-10-23T07:17:16.310+0000] {dagbag.py:588} INFO - Filling up the DagBag from /home/airflow/.local/lib/python3.12/site-packages/airflow/example_dags/example_latest_only.py
[2024-10-23T07:17:16.316+0000] {processor.py:925} INFO - DAG(s) 'latest_only' retrieved from /home/airflow/.local/lib/python3.12/site-packages/airflow/example_dags/example_latest_only.py
[2024-10-23T07:17:16.331+0000] {logging_mixin.py:190} INFO - [2024-10-23T07:17:16.331+0000] {dag.py:3239} INFO - Sync 1 DAGs
[2024-10-23T07:17:16.346+0000] {logging_mixin.py:190} INFO - [2024-10-23T07:17:16.346+0000] {dag.py:4180} INFO - Setting next_dagrun for latest_only to 2024-10-23 00:00:00+00:00, run_after=2024-10-23 04:00:00+00:00
[2024-10-23T07:17:16.357+0000] {processor.py:208} INFO - Processing /home/airflow/.local/lib/python3.12/site-packages/airflow/example_dags/example_latest_only.py took 0.056 seconds
[2024-10-23T07:17:46.903+0000] {processor.py:186} INFO - Started process (PID=35178) to work on /home/airflow/.local/lib/python3.12/site-packages/airflow/example_dags/example_latest_only.py
[2024-10-23T07:17:46.904+0000] {processor.py:914} INFO - Processing file /home/airflow/.local/lib/python3.12/site-packages/airflow/example_dags/example_latest_only.py for tasks to queue
[2024-10-23T07:17:46.904+0000] {logging_mixin.py:190} INFO - [2024-10-23T07:17:46.904+0000] {dagbag.py:588} INFO - Filling up the DagBag from /home/airflow/.local/lib/python3.12/site-packages/airflow/example_dags/example_latest_only.py
[2024-10-23T07:17:46.910+0000] {processor.py:925} INFO - DAG(s) 'latest_only' retrieved from /home/airflow/.local/lib/python3.12/site-packages/airflow/example_dags/example_latest_only.py
[2024-10-23T07:17:46.925+0000] {logging_mixin.py:190} INFO - [2024-10-23T07:17:46.924+0000] {dag.py:3239} INFO - Sync 1 DAGs
[2024-10-23T07:17:46.940+0000] {logging_mixin.py:190} INFO - [2024-10-23T07:17:46.940+0000] {dag.py:4180} INFO - Setting next_dagrun for latest_only to 2024-10-23 00:00:00+00:00, run_after=2024-10-23 04:00:00+00:00
[2024-10-23T07:17:46.957+0000] {processor.py:208} INFO - Processing /home/airflow/.local/lib/python3.12/site-packages/airflow/example_dags/example_latest_only.py took 0.059 seconds
[2024-10-23T07:18:17.312+0000] {processor.py:186} INFO - Started process (PID=35241) to work on /home/airflow/.local/lib/python3.12/site-packages/airflow/example_dags/example_latest_only.py
[2024-10-23T07:18:17.314+0000] {processor.py:914} INFO - Processing file /home/airflow/.local/lib/python3.12/site-packages/airflow/example_dags/example_latest_only.py for tasks to queue
[2024-10-23T07:18:17.315+0000] {logging_mixin.py:190} INFO - [2024-10-23T07:18:17.315+0000] {dagbag.py:588} INFO - Filling up the DagBag from /home/airflow/.local/lib/python3.12/site-packages/airflow/example_dags/example_latest_only.py
[2024-10-23T07:18:17.323+0000] {processor.py:925} INFO - DAG(s) 'latest_only' retrieved from /home/airflow/.local/lib/python3.12/site-packages/airflow/example_dags/example_latest_only.py
[2024-10-23T07:18:17.341+0000] {logging_mixin.py:190} INFO - [2024-10-23T07:18:17.341+0000] {dag.py:3239} INFO - Sync 1 DAGs
[2024-10-23T07:18:17.357+0000] {logging_mixin.py:190} INFO - [2024-10-23T07:18:17.357+0000] {dag.py:4180} INFO - Setting next_dagrun for latest_only to 2024-10-23 00:00:00+00:00, run_after=2024-10-23 04:00:00+00:00
[2024-10-23T07:18:17.369+0000] {processor.py:208} INFO - Processing /home/airflow/.local/lib/python3.12/site-packages/airflow/example_dags/example_latest_only.py took 0.062 seconds
[2024-10-23T07:18:48.042+0000] {processor.py:186} INFO - Started process (PID=35303) to work on /home/airflow/.local/lib/python3.12/site-packages/airflow/example_dags/example_latest_only.py
[2024-10-23T07:18:48.045+0000] {processor.py:914} INFO - Processing file /home/airflow/.local/lib/python3.12/site-packages/airflow/example_dags/example_latest_only.py for tasks to queue
[2024-10-23T07:18:48.046+0000] {logging_mixin.py:190} INFO - [2024-10-23T07:18:48.046+0000] {dagbag.py:588} INFO - Filling up the DagBag from /home/airflow/.local/lib/python3.12/site-packages/airflow/example_dags/example_latest_only.py
[2024-10-23T07:18:48.052+0000] {processor.py:925} INFO - DAG(s) 'latest_only' retrieved from /home/airflow/.local/lib/python3.12/site-packages/airflow/example_dags/example_latest_only.py
[2024-10-23T07:18:48.070+0000] {logging_mixin.py:190} INFO - [2024-10-23T07:18:48.070+0000] {dag.py:3239} INFO - Sync 1 DAGs
[2024-10-23T07:18:48.086+0000] {logging_mixin.py:190} INFO - [2024-10-23T07:18:48.086+0000] {dag.py:4180} INFO - Setting next_dagrun for latest_only to 2024-10-23 00:00:00+00:00, run_after=2024-10-23 04:00:00+00:00
[2024-10-23T07:18:48.097+0000] {processor.py:208} INFO - Processing /home/airflow/.local/lib/python3.12/site-packages/airflow/example_dags/example_latest_only.py took 0.060 seconds
[2024-10-23T07:19:18.683+0000] {processor.py:186} INFO - Started process (PID=35368) to work on /home/airflow/.local/lib/python3.12/site-packages/airflow/example_dags/example_latest_only.py
[2024-10-23T07:19:18.684+0000] {processor.py:914} INFO - Processing file /home/airflow/.local/lib/python3.12/site-packages/airflow/example_dags/example_latest_only.py for tasks to queue
[2024-10-23T07:19:18.685+0000] {logging_mixin.py:190} INFO - [2024-10-23T07:19:18.684+0000] {dagbag.py:588} INFO - Filling up the DagBag from /home/airflow/.local/lib/python3.12/site-packages/airflow/example_dags/example_latest_only.py
[2024-10-23T07:19:18.690+0000] {processor.py:925} INFO - DAG(s) 'latest_only' retrieved from /home/airflow/.local/lib/python3.12/site-packages/airflow/example_dags/example_latest_only.py
[2024-10-23T07:19:18.703+0000] {logging_mixin.py:190} INFO - [2024-10-23T07:19:18.703+0000] {dag.py:3239} INFO - Sync 1 DAGs
[2024-10-23T07:19:18.717+0000] {logging_mixin.py:190} INFO - [2024-10-23T07:19:18.717+0000] {dag.py:4180} INFO - Setting next_dagrun for latest_only to 2024-10-23 00:00:00+00:00, run_after=2024-10-23 04:00:00+00:00
[2024-10-23T07:19:18.727+0000] {processor.py:208} INFO - Processing /home/airflow/.local/lib/python3.12/site-packages/airflow/example_dags/example_latest_only.py took 0.047 seconds
[2024-10-23T07:19:49.377+0000] {processor.py:186} INFO - Started process (PID=35432) to work on /home/airflow/.local/lib/python3.12/site-packages/airflow/example_dags/example_latest_only.py
[2024-10-23T07:19:49.378+0000] {processor.py:914} INFO - Processing file /home/airflow/.local/lib/python3.12/site-packages/airflow/example_dags/example_latest_only.py for tasks to queue
[2024-10-23T07:19:49.379+0000] {logging_mixin.py:190} INFO - [2024-10-23T07:19:49.378+0000] {dagbag.py:588} INFO - Filling up the DagBag from /home/airflow/.local/lib/python3.12/site-packages/airflow/example_dags/example_latest_only.py
[2024-10-23T07:19:49.387+0000] {processor.py:925} INFO - DAG(s) 'latest_only' retrieved from /home/airflow/.local/lib/python3.12/site-packages/airflow/example_dags/example_latest_only.py
[2024-10-23T07:19:49.401+0000] {logging_mixin.py:190} INFO - [2024-10-23T07:19:49.401+0000] {dag.py:3239} INFO - Sync 1 DAGs
[2024-10-23T07:19:49.417+0000] {logging_mixin.py:190} INFO - [2024-10-23T07:19:49.417+0000] {dag.py:4180} INFO - Setting next_dagrun for latest_only to 2024-10-23 00:00:00+00:00, run_after=2024-10-23 04:00:00+00:00
[2024-10-23T07:19:49.430+0000] {processor.py:208} INFO - Processing /home/airflow/.local/lib/python3.12/site-packages/airflow/example_dags/example_latest_only.py took 0.058 seconds
