[2024-10-23T02:32:04.733+0000] {processor.py:186} INFO - Started process (PID=13725) to work on /home/airflow/.local/lib/python3.12/site-packages/airflow/example_dags/example_xcom.py
[2024-10-23T02:32:04.743+0000] {processor.py:914} INFO - Processing file /home/airflow/.local/lib/python3.12/site-packages/airflow/example_dags/example_xcom.py for tasks to queue
[2024-10-23T02:32:04.744+0000] {logging_mixin.py:190} INFO - [2024-10-23T02:32:04.744+0000] {dagbag.py:588} INFO - Filling up the DagBag from /home/airflow/.local/lib/python3.12/site-packages/airflow/example_dags/example_xcom.py
[2024-10-23T02:32:04.756+0000] {processor.py:925} INFO - DAG(s) 'example_xcom' retrieved from /home/airflow/.local/lib/python3.12/site-packages/airflow/example_dags/example_xcom.py
[2024-10-23T02:32:04.775+0000] {logging_mixin.py:190} INFO - [2024-10-23T02:32:04.775+0000] {dag.py:3239} INFO - Sync 1 DAGs
[2024-10-23T02:32:04.793+0000] {logging_mixin.py:190} INFO - [2024-10-23T02:32:04.792+0000] {dag.py:4180} INFO - Setting next_dagrun for example_xcom to 2021-01-01 00:00:00+00:00, run_after=2021-01-01 00:00:00+00:00
[2024-10-23T02:32:04.808+0000] {processor.py:208} INFO - Processing /home/airflow/.local/lib/python3.12/site-packages/airflow/example_dags/example_xcom.py took 0.082 seconds
[2024-10-23T04:23:43.865+0000] {processor.py:186} INFO - Started process (PID=13788) to work on /home/airflow/.local/lib/python3.12/site-packages/airflow/example_dags/example_xcom.py
[2024-10-23T04:23:43.866+0000] {processor.py:914} INFO - Processing file /home/airflow/.local/lib/python3.12/site-packages/airflow/example_dags/example_xcom.py for tasks to queue
[2024-10-23T04:23:43.868+0000] {logging_mixin.py:190} INFO - [2024-10-23T04:23:43.867+0000] {dagbag.py:588} INFO - Filling up the DagBag from /home/airflow/.local/lib/python3.12/site-packages/airflow/example_dags/example_xcom.py
[2024-10-23T04:23:43.881+0000] {processor.py:925} INFO - DAG(s) 'example_xcom' retrieved from /home/airflow/.local/lib/python3.12/site-packages/airflow/example_dags/example_xcom.py
[2024-10-23T04:23:43.917+0000] {logging_mixin.py:190} INFO - [2024-10-23T04:23:43.917+0000] {dag.py:3239} INFO - Sync 1 DAGs
[2024-10-23T04:23:43.963+0000] {logging_mixin.py:190} INFO - [2024-10-23T04:23:43.962+0000] {dag.py:4180} INFO - Setting next_dagrun for example_xcom to 2021-01-01 00:00:00+00:00, run_after=2021-01-01 00:00:00+00:00
[2024-10-23T04:23:43.994+0000] {processor.py:208} INFO - Processing /home/airflow/.local/lib/python3.12/site-packages/airflow/example_dags/example_xcom.py took 0.145 seconds
[2024-10-23T04:24:14.110+0000] {processor.py:186} INFO - Started process (PID=13851) to work on /home/airflow/.local/lib/python3.12/site-packages/airflow/example_dags/example_xcom.py
[2024-10-23T04:24:14.114+0000] {processor.py:914} INFO - Processing file /home/airflow/.local/lib/python3.12/site-packages/airflow/example_dags/example_xcom.py for tasks to queue
[2024-10-23T04:24:14.115+0000] {logging_mixin.py:190} INFO - [2024-10-23T04:24:14.115+0000] {dagbag.py:588} INFO - Filling up the DagBag from /home/airflow/.local/lib/python3.12/site-packages/airflow/example_dags/example_xcom.py
[2024-10-23T04:24:14.125+0000] {processor.py:925} INFO - DAG(s) 'example_xcom' retrieved from /home/airflow/.local/lib/python3.12/site-packages/airflow/example_dags/example_xcom.py
[2024-10-23T04:24:14.146+0000] {logging_mixin.py:190} INFO - [2024-10-23T04:24:14.145+0000] {dag.py:3239} INFO - Sync 1 DAGs
[2024-10-23T04:24:14.162+0000] {logging_mixin.py:190} INFO - [2024-10-23T04:24:14.162+0000] {dag.py:4180} INFO - Setting next_dagrun for example_xcom to 2021-01-01 00:00:00+00:00, run_after=2021-01-01 00:00:00+00:00
[2024-10-23T04:24:14.180+0000] {processor.py:208} INFO - Processing /home/airflow/.local/lib/python3.12/site-packages/airflow/example_dags/example_xcom.py took 0.074 seconds
[2024-10-23T04:24:45.804+0000] {processor.py:186} INFO - Started process (PID=13914) to work on /home/airflow/.local/lib/python3.12/site-packages/airflow/example_dags/example_xcom.py
[2024-10-23T04:24:45.807+0000] {processor.py:914} INFO - Processing file /home/airflow/.local/lib/python3.12/site-packages/airflow/example_dags/example_xcom.py for tasks to queue
[2024-10-23T04:24:45.810+0000] {logging_mixin.py:190} INFO - [2024-10-23T04:24:45.810+0000] {dagbag.py:588} INFO - Filling up the DagBag from /home/airflow/.local/lib/python3.12/site-packages/airflow/example_dags/example_xcom.py
[2024-10-23T04:24:45.817+0000] {processor.py:925} INFO - DAG(s) 'example_xcom' retrieved from /home/airflow/.local/lib/python3.12/site-packages/airflow/example_dags/example_xcom.py
[2024-10-23T04:24:45.836+0000] {logging_mixin.py:190} INFO - [2024-10-23T04:24:45.835+0000] {dag.py:3239} INFO - Sync 1 DAGs
[2024-10-23T04:24:45.852+0000] {logging_mixin.py:190} INFO - [2024-10-23T04:24:45.852+0000] {dag.py:4180} INFO - Setting next_dagrun for example_xcom to 2021-01-01 00:00:00+00:00, run_after=2021-01-01 00:00:00+00:00
[2024-10-23T04:24:45.871+0000] {processor.py:208} INFO - Processing /home/airflow/.local/lib/python3.12/site-packages/airflow/example_dags/example_xcom.py took 0.071 seconds
[2024-10-23T04:25:16.483+0000] {processor.py:186} INFO - Started process (PID=13977) to work on /home/airflow/.local/lib/python3.12/site-packages/airflow/example_dags/example_xcom.py
[2024-10-23T04:25:16.486+0000] {processor.py:914} INFO - Processing file /home/airflow/.local/lib/python3.12/site-packages/airflow/example_dags/example_xcom.py for tasks to queue
[2024-10-23T04:25:16.487+0000] {logging_mixin.py:190} INFO - [2024-10-23T04:25:16.487+0000] {dagbag.py:588} INFO - Filling up the DagBag from /home/airflow/.local/lib/python3.12/site-packages/airflow/example_dags/example_xcom.py
[2024-10-23T04:25:16.495+0000] {processor.py:925} INFO - DAG(s) 'example_xcom' retrieved from /home/airflow/.local/lib/python3.12/site-packages/airflow/example_dags/example_xcom.py
[2024-10-23T04:25:16.511+0000] {logging_mixin.py:190} INFO - [2024-10-23T04:25:16.511+0000] {dag.py:3239} INFO - Sync 1 DAGs
[2024-10-23T04:25:16.526+0000] {logging_mixin.py:190} INFO - [2024-10-23T04:25:16.526+0000] {dag.py:4180} INFO - Setting next_dagrun for example_xcom to 2021-01-01 00:00:00+00:00, run_after=2021-01-01 00:00:00+00:00
[2024-10-23T04:25:16.542+0000] {processor.py:208} INFO - Processing /home/airflow/.local/lib/python3.12/site-packages/airflow/example_dags/example_xcom.py took 0.063 seconds
[2024-10-23T04:25:47.219+0000] {processor.py:186} INFO - Started process (PID=14040) to work on /home/airflow/.local/lib/python3.12/site-packages/airflow/example_dags/example_xcom.py
[2024-10-23T04:25:47.222+0000] {processor.py:914} INFO - Processing file /home/airflow/.local/lib/python3.12/site-packages/airflow/example_dags/example_xcom.py for tasks to queue
[2024-10-23T04:25:47.223+0000] {logging_mixin.py:190} INFO - [2024-10-23T04:25:47.222+0000] {dagbag.py:588} INFO - Filling up the DagBag from /home/airflow/.local/lib/python3.12/site-packages/airflow/example_dags/example_xcom.py
[2024-10-23T04:25:47.230+0000] {processor.py:925} INFO - DAG(s) 'example_xcom' retrieved from /home/airflow/.local/lib/python3.12/site-packages/airflow/example_dags/example_xcom.py
[2024-10-23T04:25:47.247+0000] {logging_mixin.py:190} INFO - [2024-10-23T04:25:47.247+0000] {dag.py:3239} INFO - Sync 1 DAGs
[2024-10-23T04:25:47.263+0000] {logging_mixin.py:190} INFO - [2024-10-23T04:25:47.263+0000] {dag.py:4180} INFO - Setting next_dagrun for example_xcom to 2021-01-01 00:00:00+00:00, run_after=2021-01-01 00:00:00+00:00
[2024-10-23T04:25:47.277+0000] {processor.py:208} INFO - Processing /home/airflow/.local/lib/python3.12/site-packages/airflow/example_dags/example_xcom.py took 0.062 seconds
[2024-10-23T04:26:17.747+0000] {processor.py:186} INFO - Started process (PID=14103) to work on /home/airflow/.local/lib/python3.12/site-packages/airflow/example_dags/example_xcom.py
[2024-10-23T04:26:17.748+0000] {processor.py:914} INFO - Processing file /home/airflow/.local/lib/python3.12/site-packages/airflow/example_dags/example_xcom.py for tasks to queue
[2024-10-23T04:26:17.749+0000] {logging_mixin.py:190} INFO - [2024-10-23T04:26:17.749+0000] {dagbag.py:588} INFO - Filling up the DagBag from /home/airflow/.local/lib/python3.12/site-packages/airflow/example_dags/example_xcom.py
[2024-10-23T04:26:17.756+0000] {processor.py:925} INFO - DAG(s) 'example_xcom' retrieved from /home/airflow/.local/lib/python3.12/site-packages/airflow/example_dags/example_xcom.py
[2024-10-23T04:26:17.771+0000] {logging_mixin.py:190} INFO - [2024-10-23T04:26:17.771+0000] {dag.py:3239} INFO - Sync 1 DAGs
[2024-10-23T04:26:17.790+0000] {logging_mixin.py:190} INFO - [2024-10-23T04:26:17.790+0000] {dag.py:4180} INFO - Setting next_dagrun for example_xcom to 2021-01-01 00:00:00+00:00, run_after=2021-01-01 00:00:00+00:00
[2024-10-23T04:26:17.809+0000] {processor.py:208} INFO - Processing /home/airflow/.local/lib/python3.12/site-packages/airflow/example_dags/example_xcom.py took 0.067 seconds
[2024-10-23T04:26:48.524+0000] {processor.py:186} INFO - Started process (PID=14166) to work on /home/airflow/.local/lib/python3.12/site-packages/airflow/example_dags/example_xcom.py
[2024-10-23T04:26:48.525+0000] {processor.py:914} INFO - Processing file /home/airflow/.local/lib/python3.12/site-packages/airflow/example_dags/example_xcom.py for tasks to queue
[2024-10-23T04:26:48.526+0000] {logging_mixin.py:190} INFO - [2024-10-23T04:26:48.526+0000] {dagbag.py:588} INFO - Filling up the DagBag from /home/airflow/.local/lib/python3.12/site-packages/airflow/example_dags/example_xcom.py
[2024-10-23T04:26:48.536+0000] {processor.py:925} INFO - DAG(s) 'example_xcom' retrieved from /home/airflow/.local/lib/python3.12/site-packages/airflow/example_dags/example_xcom.py
[2024-10-23T04:26:48.556+0000] {logging_mixin.py:190} INFO - [2024-10-23T04:26:48.556+0000] {dag.py:3239} INFO - Sync 1 DAGs
[2024-10-23T04:26:48.571+0000] {logging_mixin.py:190} INFO - [2024-10-23T04:26:48.571+0000] {dag.py:4180} INFO - Setting next_dagrun for example_xcom to 2021-01-01 00:00:00+00:00, run_after=2021-01-01 00:00:00+00:00
[2024-10-23T04:26:48.581+0000] {processor.py:208} INFO - Processing /home/airflow/.local/lib/python3.12/site-packages/airflow/example_dags/example_xcom.py took 0.062 seconds
[2024-10-23T04:27:18.825+0000] {processor.py:186} INFO - Started process (PID=14229) to work on /home/airflow/.local/lib/python3.12/site-packages/airflow/example_dags/example_xcom.py
[2024-10-23T04:27:18.825+0000] {processor.py:914} INFO - Processing file /home/airflow/.local/lib/python3.12/site-packages/airflow/example_dags/example_xcom.py for tasks to queue
[2024-10-23T04:27:18.826+0000] {logging_mixin.py:190} INFO - [2024-10-23T04:27:18.826+0000] {dagbag.py:588} INFO - Filling up the DagBag from /home/airflow/.local/lib/python3.12/site-packages/airflow/example_dags/example_xcom.py
[2024-10-23T04:27:18.832+0000] {processor.py:925} INFO - DAG(s) 'example_xcom' retrieved from /home/airflow/.local/lib/python3.12/site-packages/airflow/example_dags/example_xcom.py
[2024-10-23T04:27:18.854+0000] {logging_mixin.py:190} INFO - [2024-10-23T04:27:18.854+0000] {dag.py:3239} INFO - Sync 1 DAGs
[2024-10-23T04:27:18.868+0000] {logging_mixin.py:190} INFO - [2024-10-23T04:27:18.868+0000] {dag.py:4180} INFO - Setting next_dagrun for example_xcom to 2021-01-01 00:00:00+00:00, run_after=2021-01-01 00:00:00+00:00
[2024-10-23T04:27:18.878+0000] {processor.py:208} INFO - Processing /home/airflow/.local/lib/python3.12/site-packages/airflow/example_dags/example_xcom.py took 0.057 seconds
[2024-10-23T04:27:49.729+0000] {processor.py:186} INFO - Started process (PID=14292) to work on /home/airflow/.local/lib/python3.12/site-packages/airflow/example_dags/example_xcom.py
[2024-10-23T04:27:49.730+0000] {processor.py:914} INFO - Processing file /home/airflow/.local/lib/python3.12/site-packages/airflow/example_dags/example_xcom.py for tasks to queue
[2024-10-23T04:27:49.731+0000] {logging_mixin.py:190} INFO - [2024-10-23T04:27:49.730+0000] {dagbag.py:588} INFO - Filling up the DagBag from /home/airflow/.local/lib/python3.12/site-packages/airflow/example_dags/example_xcom.py
[2024-10-23T04:27:49.739+0000] {processor.py:925} INFO - DAG(s) 'example_xcom' retrieved from /home/airflow/.local/lib/python3.12/site-packages/airflow/example_dags/example_xcom.py
[2024-10-23T04:27:49.756+0000] {logging_mixin.py:190} INFO - [2024-10-23T04:27:49.756+0000] {dag.py:3239} INFO - Sync 1 DAGs
[2024-10-23T04:27:49.781+0000] {logging_mixin.py:190} INFO - [2024-10-23T04:27:49.781+0000] {dag.py:4180} INFO - Setting next_dagrun for example_xcom to 2021-01-01 00:00:00+00:00, run_after=2021-01-01 00:00:00+00:00
[2024-10-23T04:27:49.796+0000] {processor.py:208} INFO - Processing /home/airflow/.local/lib/python3.12/site-packages/airflow/example_dags/example_xcom.py took 0.072 seconds
[2024-10-23T04:28:19.874+0000] {processor.py:186} INFO - Started process (PID=14354) to work on /home/airflow/.local/lib/python3.12/site-packages/airflow/example_dags/example_xcom.py
[2024-10-23T04:28:19.875+0000] {processor.py:914} INFO - Processing file /home/airflow/.local/lib/python3.12/site-packages/airflow/example_dags/example_xcom.py for tasks to queue
[2024-10-23T04:28:19.877+0000] {logging_mixin.py:190} INFO - [2024-10-23T04:28:19.876+0000] {dagbag.py:588} INFO - Filling up the DagBag from /home/airflow/.local/lib/python3.12/site-packages/airflow/example_dags/example_xcom.py
[2024-10-23T04:28:19.886+0000] {processor.py:925} INFO - DAG(s) 'example_xcom' retrieved from /home/airflow/.local/lib/python3.12/site-packages/airflow/example_dags/example_xcom.py
[2024-10-23T04:28:19.905+0000] {logging_mixin.py:190} INFO - [2024-10-23T04:28:19.905+0000] {dag.py:3239} INFO - Sync 1 DAGs
[2024-10-23T04:28:19.921+0000] {logging_mixin.py:190} INFO - [2024-10-23T04:28:19.920+0000] {dag.py:4180} INFO - Setting next_dagrun for example_xcom to 2021-01-01 00:00:00+00:00, run_after=2021-01-01 00:00:00+00:00
[2024-10-23T04:28:19.931+0000] {processor.py:208} INFO - Processing /home/airflow/.local/lib/python3.12/site-packages/airflow/example_dags/example_xcom.py took 0.063 seconds
[2024-10-23T04:28:50.817+0000] {processor.py:186} INFO - Started process (PID=14417) to work on /home/airflow/.local/lib/python3.12/site-packages/airflow/example_dags/example_xcom.py
[2024-10-23T04:28:50.820+0000] {processor.py:914} INFO - Processing file /home/airflow/.local/lib/python3.12/site-packages/airflow/example_dags/example_xcom.py for tasks to queue
[2024-10-23T04:28:50.821+0000] {logging_mixin.py:190} INFO - [2024-10-23T04:28:50.821+0000] {dagbag.py:588} INFO - Filling up the DagBag from /home/airflow/.local/lib/python3.12/site-packages/airflow/example_dags/example_xcom.py
[2024-10-23T04:28:50.835+0000] {processor.py:925} INFO - DAG(s) 'example_xcom' retrieved from /home/airflow/.local/lib/python3.12/site-packages/airflow/example_dags/example_xcom.py
[2024-10-23T04:28:50.857+0000] {logging_mixin.py:190} INFO - [2024-10-23T04:28:50.857+0000] {dag.py:3239} INFO - Sync 1 DAGs
[2024-10-23T04:28:50.878+0000] {logging_mixin.py:190} INFO - [2024-10-23T04:28:50.878+0000] {dag.py:4180} INFO - Setting next_dagrun for example_xcom to 2021-01-01 00:00:00+00:00, run_after=2021-01-01 00:00:00+00:00
[2024-10-23T04:28:50.891+0000] {processor.py:208} INFO - Processing /home/airflow/.local/lib/python3.12/site-packages/airflow/example_dags/example_xcom.py took 0.087 seconds
[2024-10-23T04:29:21.392+0000] {processor.py:186} INFO - Started process (PID=14480) to work on /home/airflow/.local/lib/python3.12/site-packages/airflow/example_dags/example_xcom.py
[2024-10-23T04:29:21.395+0000] {processor.py:914} INFO - Processing file /home/airflow/.local/lib/python3.12/site-packages/airflow/example_dags/example_xcom.py for tasks to queue
[2024-10-23T04:29:21.397+0000] {logging_mixin.py:190} INFO - [2024-10-23T04:29:21.397+0000] {dagbag.py:588} INFO - Filling up the DagBag from /home/airflow/.local/lib/python3.12/site-packages/airflow/example_dags/example_xcom.py
[2024-10-23T04:29:21.410+0000] {processor.py:925} INFO - DAG(s) 'example_xcom' retrieved from /home/airflow/.local/lib/python3.12/site-packages/airflow/example_dags/example_xcom.py
[2024-10-23T04:29:21.432+0000] {logging_mixin.py:190} INFO - [2024-10-23T04:29:21.432+0000] {dag.py:3239} INFO - Sync 1 DAGs
[2024-10-23T04:29:21.455+0000] {logging_mixin.py:190} INFO - [2024-10-23T04:29:21.455+0000] {dag.py:4180} INFO - Setting next_dagrun for example_xcom to 2021-01-01 00:00:00+00:00, run_after=2021-01-01 00:00:00+00:00
[2024-10-23T04:29:21.474+0000] {processor.py:208} INFO - Processing /home/airflow/.local/lib/python3.12/site-packages/airflow/example_dags/example_xcom.py took 0.089 seconds
[2024-10-23T04:29:52.225+0000] {processor.py:186} INFO - Started process (PID=14543) to work on /home/airflow/.local/lib/python3.12/site-packages/airflow/example_dags/example_xcom.py
[2024-10-23T04:29:52.226+0000] {processor.py:914} INFO - Processing file /home/airflow/.local/lib/python3.12/site-packages/airflow/example_dags/example_xcom.py for tasks to queue
[2024-10-23T04:29:52.227+0000] {logging_mixin.py:190} INFO - [2024-10-23T04:29:52.227+0000] {dagbag.py:588} INFO - Filling up the DagBag from /home/airflow/.local/lib/python3.12/site-packages/airflow/example_dags/example_xcom.py
[2024-10-23T04:29:52.233+0000] {processor.py:925} INFO - DAG(s) 'example_xcom' retrieved from /home/airflow/.local/lib/python3.12/site-packages/airflow/example_dags/example_xcom.py
[2024-10-23T04:29:52.246+0000] {logging_mixin.py:190} INFO - [2024-10-23T04:29:52.246+0000] {dag.py:3239} INFO - Sync 1 DAGs
[2024-10-23T04:29:52.261+0000] {logging_mixin.py:190} INFO - [2024-10-23T04:29:52.261+0000] {dag.py:4180} INFO - Setting next_dagrun for example_xcom to 2021-01-01 00:00:00+00:00, run_after=2021-01-01 00:00:00+00:00
[2024-10-23T04:29:52.271+0000] {processor.py:208} INFO - Processing /home/airflow/.local/lib/python3.12/site-packages/airflow/example_dags/example_xcom.py took 0.050 seconds
[2024-10-23T04:30:23.461+0000] {processor.py:186} INFO - Started process (PID=14607) to work on /home/airflow/.local/lib/python3.12/site-packages/airflow/example_dags/example_xcom.py
[2024-10-23T04:30:23.461+0000] {processor.py:914} INFO - Processing file /home/airflow/.local/lib/python3.12/site-packages/airflow/example_dags/example_xcom.py for tasks to queue
[2024-10-23T04:30:23.462+0000] {logging_mixin.py:190} INFO - [2024-10-23T04:30:23.462+0000] {dagbag.py:588} INFO - Filling up the DagBag from /home/airflow/.local/lib/python3.12/site-packages/airflow/example_dags/example_xcom.py
[2024-10-23T04:30:23.468+0000] {processor.py:925} INFO - DAG(s) 'example_xcom' retrieved from /home/airflow/.local/lib/python3.12/site-packages/airflow/example_dags/example_xcom.py
[2024-10-23T04:30:23.481+0000] {logging_mixin.py:190} INFO - [2024-10-23T04:30:23.481+0000] {dag.py:3239} INFO - Sync 1 DAGs
[2024-10-23T04:30:23.495+0000] {logging_mixin.py:190} INFO - [2024-10-23T04:30:23.495+0000] {dag.py:4180} INFO - Setting next_dagrun for example_xcom to 2021-01-01 00:00:00+00:00, run_after=2021-01-01 00:00:00+00:00
[2024-10-23T04:30:23.505+0000] {processor.py:208} INFO - Processing /home/airflow/.local/lib/python3.12/site-packages/airflow/example_dags/example_xcom.py took 0.048 seconds
[2024-10-23T04:30:54.364+0000] {processor.py:186} INFO - Started process (PID=14670) to work on /home/airflow/.local/lib/python3.12/site-packages/airflow/example_dags/example_xcom.py
[2024-10-23T04:30:54.365+0000] {processor.py:914} INFO - Processing file /home/airflow/.local/lib/python3.12/site-packages/airflow/example_dags/example_xcom.py for tasks to queue
[2024-10-23T04:30:54.365+0000] {logging_mixin.py:190} INFO - [2024-10-23T04:30:54.365+0000] {dagbag.py:588} INFO - Filling up the DagBag from /home/airflow/.local/lib/python3.12/site-packages/airflow/example_dags/example_xcom.py
[2024-10-23T04:30:54.371+0000] {processor.py:925} INFO - DAG(s) 'example_xcom' retrieved from /home/airflow/.local/lib/python3.12/site-packages/airflow/example_dags/example_xcom.py
[2024-10-23T04:30:54.384+0000] {logging_mixin.py:190} INFO - [2024-10-23T04:30:54.384+0000] {dag.py:3239} INFO - Sync 1 DAGs
[2024-10-23T04:30:54.398+0000] {logging_mixin.py:190} INFO - [2024-10-23T04:30:54.398+0000] {dag.py:4180} INFO - Setting next_dagrun for example_xcom to 2021-01-01 00:00:00+00:00, run_after=2021-01-01 00:00:00+00:00
[2024-10-23T04:30:54.407+0000] {processor.py:208} INFO - Processing /home/airflow/.local/lib/python3.12/site-packages/airflow/example_dags/example_xcom.py took 0.047 seconds
[2024-10-23T04:31:24.644+0000] {processor.py:186} INFO - Started process (PID=14733) to work on /home/airflow/.local/lib/python3.12/site-packages/airflow/example_dags/example_xcom.py
[2024-10-23T04:31:24.645+0000] {processor.py:914} INFO - Processing file /home/airflow/.local/lib/python3.12/site-packages/airflow/example_dags/example_xcom.py for tasks to queue
[2024-10-23T04:31:24.646+0000] {logging_mixin.py:190} INFO - [2024-10-23T04:31:24.645+0000] {dagbag.py:588} INFO - Filling up the DagBag from /home/airflow/.local/lib/python3.12/site-packages/airflow/example_dags/example_xcom.py
[2024-10-23T04:31:24.653+0000] {processor.py:925} INFO - DAG(s) 'example_xcom' retrieved from /home/airflow/.local/lib/python3.12/site-packages/airflow/example_dags/example_xcom.py
[2024-10-23T04:31:24.672+0000] {logging_mixin.py:190} INFO - [2024-10-23T04:31:24.672+0000] {dag.py:3239} INFO - Sync 1 DAGs
[2024-10-23T04:31:24.689+0000] {logging_mixin.py:190} INFO - [2024-10-23T04:31:24.688+0000] {dag.py:4180} INFO - Setting next_dagrun for example_xcom to 2021-01-01 00:00:00+00:00, run_after=2021-01-01 00:00:00+00:00
[2024-10-23T04:31:24.702+0000] {processor.py:208} INFO - Processing /home/airflow/.local/lib/python3.12/site-packages/airflow/example_dags/example_xcom.py took 0.065 seconds
[2024-10-23T04:31:55.041+0000] {processor.py:186} INFO - Started process (PID=14795) to work on /home/airflow/.local/lib/python3.12/site-packages/airflow/example_dags/example_xcom.py
[2024-10-23T04:31:55.042+0000] {processor.py:914} INFO - Processing file /home/airflow/.local/lib/python3.12/site-packages/airflow/example_dags/example_xcom.py for tasks to queue
[2024-10-23T04:31:55.042+0000] {logging_mixin.py:190} INFO - [2024-10-23T04:31:55.042+0000] {dagbag.py:588} INFO - Filling up the DagBag from /home/airflow/.local/lib/python3.12/site-packages/airflow/example_dags/example_xcom.py
[2024-10-23T04:31:55.050+0000] {processor.py:925} INFO - DAG(s) 'example_xcom' retrieved from /home/airflow/.local/lib/python3.12/site-packages/airflow/example_dags/example_xcom.py
[2024-10-23T04:31:55.066+0000] {logging_mixin.py:190} INFO - [2024-10-23T04:31:55.066+0000] {dag.py:3239} INFO - Sync 1 DAGs
[2024-10-23T04:31:55.081+0000] {logging_mixin.py:190} INFO - [2024-10-23T04:31:55.080+0000] {dag.py:4180} INFO - Setting next_dagrun for example_xcom to 2021-01-01 00:00:00+00:00, run_after=2021-01-01 00:00:00+00:00
[2024-10-23T04:31:55.092+0000] {processor.py:208} INFO - Processing /home/airflow/.local/lib/python3.12/site-packages/airflow/example_dags/example_xcom.py took 0.057 seconds
[2024-10-23T04:32:25.423+0000] {processor.py:186} INFO - Started process (PID=14858) to work on /home/airflow/.local/lib/python3.12/site-packages/airflow/example_dags/example_xcom.py
[2024-10-23T04:32:25.425+0000] {processor.py:914} INFO - Processing file /home/airflow/.local/lib/python3.12/site-packages/airflow/example_dags/example_xcom.py for tasks to queue
[2024-10-23T04:32:25.426+0000] {logging_mixin.py:190} INFO - [2024-10-23T04:32:25.426+0000] {dagbag.py:588} INFO - Filling up the DagBag from /home/airflow/.local/lib/python3.12/site-packages/airflow/example_dags/example_xcom.py
[2024-10-23T04:32:25.438+0000] {processor.py:925} INFO - DAG(s) 'example_xcom' retrieved from /home/airflow/.local/lib/python3.12/site-packages/airflow/example_dags/example_xcom.py
[2024-10-23T04:32:25.457+0000] {logging_mixin.py:190} INFO - [2024-10-23T04:32:25.457+0000] {dag.py:3239} INFO - Sync 1 DAGs
[2024-10-23T04:32:25.474+0000] {logging_mixin.py:190} INFO - [2024-10-23T04:32:25.474+0000] {dag.py:4180} INFO - Setting next_dagrun for example_xcom to 2021-01-01 00:00:00+00:00, run_after=2021-01-01 00:00:00+00:00
[2024-10-23T04:32:25.487+0000] {processor.py:208} INFO - Processing /home/airflow/.local/lib/python3.12/site-packages/airflow/example_dags/example_xcom.py took 0.075 seconds
[2024-10-23T04:32:55.787+0000] {processor.py:186} INFO - Started process (PID=14921) to work on /home/airflow/.local/lib/python3.12/site-packages/airflow/example_dags/example_xcom.py
[2024-10-23T04:32:55.789+0000] {processor.py:914} INFO - Processing file /home/airflow/.local/lib/python3.12/site-packages/airflow/example_dags/example_xcom.py for tasks to queue
[2024-10-23T04:32:55.791+0000] {logging_mixin.py:190} INFO - [2024-10-23T04:32:55.790+0000] {dagbag.py:588} INFO - Filling up the DagBag from /home/airflow/.local/lib/python3.12/site-packages/airflow/example_dags/example_xcom.py
[2024-10-23T04:32:55.798+0000] {processor.py:925} INFO - DAG(s) 'example_xcom' retrieved from /home/airflow/.local/lib/python3.12/site-packages/airflow/example_dags/example_xcom.py
[2024-10-23T04:32:55.815+0000] {logging_mixin.py:190} INFO - [2024-10-23T04:32:55.815+0000] {dag.py:3239} INFO - Sync 1 DAGs
[2024-10-23T04:32:55.841+0000] {logging_mixin.py:190} INFO - [2024-10-23T04:32:55.841+0000] {dag.py:4180} INFO - Setting next_dagrun for example_xcom to 2021-01-01 00:00:00+00:00, run_after=2021-01-01 00:00:00+00:00
[2024-10-23T04:32:55.856+0000] {processor.py:208} INFO - Processing /home/airflow/.local/lib/python3.12/site-packages/airflow/example_dags/example_xcom.py took 0.073 seconds
[2024-10-23T04:33:26.550+0000] {processor.py:186} INFO - Started process (PID=14984) to work on /home/airflow/.local/lib/python3.12/site-packages/airflow/example_dags/example_xcom.py
[2024-10-23T04:33:26.551+0000] {processor.py:914} INFO - Processing file /home/airflow/.local/lib/python3.12/site-packages/airflow/example_dags/example_xcom.py for tasks to queue
[2024-10-23T04:33:26.552+0000] {logging_mixin.py:190} INFO - [2024-10-23T04:33:26.552+0000] {dagbag.py:588} INFO - Filling up the DagBag from /home/airflow/.local/lib/python3.12/site-packages/airflow/example_dags/example_xcom.py
[2024-10-23T04:33:26.559+0000] {processor.py:925} INFO - DAG(s) 'example_xcom' retrieved from /home/airflow/.local/lib/python3.12/site-packages/airflow/example_dags/example_xcom.py
[2024-10-23T04:33:26.574+0000] {logging_mixin.py:190} INFO - [2024-10-23T04:33:26.574+0000] {dag.py:3239} INFO - Sync 1 DAGs
[2024-10-23T04:33:26.589+0000] {logging_mixin.py:190} INFO - [2024-10-23T04:33:26.589+0000] {dag.py:4180} INFO - Setting next_dagrun for example_xcom to 2021-01-01 00:00:00+00:00, run_after=2021-01-01 00:00:00+00:00
[2024-10-23T04:33:26.605+0000] {processor.py:208} INFO - Processing /home/airflow/.local/lib/python3.12/site-packages/airflow/example_dags/example_xcom.py took 0.060 seconds
[2024-10-23T04:33:57.415+0000] {processor.py:186} INFO - Started process (PID=15047) to work on /home/airflow/.local/lib/python3.12/site-packages/airflow/example_dags/example_xcom.py
[2024-10-23T04:33:57.416+0000] {processor.py:914} INFO - Processing file /home/airflow/.local/lib/python3.12/site-packages/airflow/example_dags/example_xcom.py for tasks to queue
[2024-10-23T04:33:57.416+0000] {logging_mixin.py:190} INFO - [2024-10-23T04:33:57.416+0000] {dagbag.py:588} INFO - Filling up the DagBag from /home/airflow/.local/lib/python3.12/site-packages/airflow/example_dags/example_xcom.py
[2024-10-23T04:33:57.423+0000] {processor.py:925} INFO - DAG(s) 'example_xcom' retrieved from /home/airflow/.local/lib/python3.12/site-packages/airflow/example_dags/example_xcom.py
[2024-10-23T04:33:57.436+0000] {logging_mixin.py:190} INFO - [2024-10-23T04:33:57.436+0000] {dag.py:3239} INFO - Sync 1 DAGs
[2024-10-23T04:33:57.450+0000] {logging_mixin.py:190} INFO - [2024-10-23T04:33:57.450+0000] {dag.py:4180} INFO - Setting next_dagrun for example_xcom to 2021-01-01 00:00:00+00:00, run_after=2021-01-01 00:00:00+00:00
[2024-10-23T04:33:57.460+0000] {processor.py:208} INFO - Processing /home/airflow/.local/lib/python3.12/site-packages/airflow/example_dags/example_xcom.py took 0.049 seconds
[2024-10-23T04:34:28.947+0000] {processor.py:186} INFO - Started process (PID=15110) to work on /home/airflow/.local/lib/python3.12/site-packages/airflow/example_dags/example_xcom.py
[2024-10-23T04:34:28.949+0000] {processor.py:914} INFO - Processing file /home/airflow/.local/lib/python3.12/site-packages/airflow/example_dags/example_xcom.py for tasks to queue
[2024-10-23T04:34:28.952+0000] {logging_mixin.py:190} INFO - [2024-10-23T04:34:28.951+0000] {dagbag.py:588} INFO - Filling up the DagBag from /home/airflow/.local/lib/python3.12/site-packages/airflow/example_dags/example_xcom.py
[2024-10-23T04:34:28.963+0000] {processor.py:925} INFO - DAG(s) 'example_xcom' retrieved from /home/airflow/.local/lib/python3.12/site-packages/airflow/example_dags/example_xcom.py
[2024-10-23T04:34:28.986+0000] {logging_mixin.py:190} INFO - [2024-10-23T04:34:28.986+0000] {dag.py:3239} INFO - Sync 1 DAGs
[2024-10-23T04:34:29.012+0000] {logging_mixin.py:190} INFO - [2024-10-23T04:34:29.012+0000] {dag.py:4180} INFO - Setting next_dagrun for example_xcom to 2021-01-01 00:00:00+00:00, run_after=2021-01-01 00:00:00+00:00
[2024-10-23T04:34:29.029+0000] {processor.py:208} INFO - Processing /home/airflow/.local/lib/python3.12/site-packages/airflow/example_dags/example_xcom.py took 0.090 seconds
[2024-10-23T04:34:59.603+0000] {processor.py:186} INFO - Started process (PID=15173) to work on /home/airflow/.local/lib/python3.12/site-packages/airflow/example_dags/example_xcom.py
[2024-10-23T04:34:59.604+0000] {processor.py:914} INFO - Processing file /home/airflow/.local/lib/python3.12/site-packages/airflow/example_dags/example_xcom.py for tasks to queue
[2024-10-23T04:34:59.605+0000] {logging_mixin.py:190} INFO - [2024-10-23T04:34:59.605+0000] {dagbag.py:588} INFO - Filling up the DagBag from /home/airflow/.local/lib/python3.12/site-packages/airflow/example_dags/example_xcom.py
[2024-10-23T04:34:59.613+0000] {processor.py:925} INFO - DAG(s) 'example_xcom' retrieved from /home/airflow/.local/lib/python3.12/site-packages/airflow/example_dags/example_xcom.py
[2024-10-23T04:34:59.630+0000] {logging_mixin.py:190} INFO - [2024-10-23T04:34:59.629+0000] {dag.py:3239} INFO - Sync 1 DAGs
[2024-10-23T04:34:59.647+0000] {logging_mixin.py:190} INFO - [2024-10-23T04:34:59.647+0000] {dag.py:4180} INFO - Setting next_dagrun for example_xcom to 2021-01-01 00:00:00+00:00, run_after=2021-01-01 00:00:00+00:00
[2024-10-23T04:34:59.660+0000] {processor.py:208} INFO - Processing /home/airflow/.local/lib/python3.12/site-packages/airflow/example_dags/example_xcom.py took 0.062 seconds
[2024-10-23T04:35:29.799+0000] {processor.py:186} INFO - Started process (PID=15239) to work on /home/airflow/.local/lib/python3.12/site-packages/airflow/example_dags/example_xcom.py
[2024-10-23T04:35:29.802+0000] {processor.py:914} INFO - Processing file /home/airflow/.local/lib/python3.12/site-packages/airflow/example_dags/example_xcom.py for tasks to queue
[2024-10-23T04:35:29.804+0000] {logging_mixin.py:190} INFO - [2024-10-23T04:35:29.804+0000] {dagbag.py:588} INFO - Filling up the DagBag from /home/airflow/.local/lib/python3.12/site-packages/airflow/example_dags/example_xcom.py
[2024-10-23T04:35:29.814+0000] {processor.py:925} INFO - DAG(s) 'example_xcom' retrieved from /home/airflow/.local/lib/python3.12/site-packages/airflow/example_dags/example_xcom.py
[2024-10-23T04:35:29.830+0000] {logging_mixin.py:190} INFO - [2024-10-23T04:35:29.830+0000] {dag.py:3239} INFO - Sync 1 DAGs
[2024-10-23T04:35:29.846+0000] {logging_mixin.py:190} INFO - [2024-10-23T04:35:29.846+0000] {dag.py:4180} INFO - Setting next_dagrun for example_xcom to 2021-01-01 00:00:00+00:00, run_after=2021-01-01 00:00:00+00:00
[2024-10-23T04:35:29.860+0000] {processor.py:208} INFO - Processing /home/airflow/.local/lib/python3.12/site-packages/airflow/example_dags/example_xcom.py took 0.065 seconds
[2024-10-23T04:36:00.435+0000] {processor.py:186} INFO - Started process (PID=15303) to work on /home/airflow/.local/lib/python3.12/site-packages/airflow/example_dags/example_xcom.py
[2024-10-23T04:36:00.436+0000] {processor.py:914} INFO - Processing file /home/airflow/.local/lib/python3.12/site-packages/airflow/example_dags/example_xcom.py for tasks to queue
[2024-10-23T04:36:00.437+0000] {logging_mixin.py:190} INFO - [2024-10-23T04:36:00.436+0000] {dagbag.py:588} INFO - Filling up the DagBag from /home/airflow/.local/lib/python3.12/site-packages/airflow/example_dags/example_xcom.py
[2024-10-23T04:36:00.446+0000] {processor.py:925} INFO - DAG(s) 'example_xcom' retrieved from /home/airflow/.local/lib/python3.12/site-packages/airflow/example_dags/example_xcom.py
[2024-10-23T04:36:00.469+0000] {logging_mixin.py:190} INFO - [2024-10-23T04:36:00.469+0000] {dag.py:3239} INFO - Sync 1 DAGs
[2024-10-23T04:36:00.488+0000] {logging_mixin.py:190} INFO - [2024-10-23T04:36:00.488+0000] {dag.py:4180} INFO - Setting next_dagrun for example_xcom to 2021-01-01 00:00:00+00:00, run_after=2021-01-01 00:00:00+00:00
[2024-10-23T04:36:00.502+0000] {processor.py:208} INFO - Processing /home/airflow/.local/lib/python3.12/site-packages/airflow/example_dags/example_xcom.py took 0.074 seconds
[2024-10-23T04:36:31.715+0000] {processor.py:186} INFO - Started process (PID=15368) to work on /home/airflow/.local/lib/python3.12/site-packages/airflow/example_dags/example_xcom.py
[2024-10-23T04:36:31.722+0000] {processor.py:914} INFO - Processing file /home/airflow/.local/lib/python3.12/site-packages/airflow/example_dags/example_xcom.py for tasks to queue
[2024-10-23T04:36:31.729+0000] {logging_mixin.py:190} INFO - [2024-10-23T04:36:31.729+0000] {dagbag.py:588} INFO - Filling up the DagBag from /home/airflow/.local/lib/python3.12/site-packages/airflow/example_dags/example_xcom.py
[2024-10-23T04:36:31.765+0000] {processor.py:925} INFO - DAG(s) 'example_xcom' retrieved from /home/airflow/.local/lib/python3.12/site-packages/airflow/example_dags/example_xcom.py
[2024-10-23T04:36:31.875+0000] {logging_mixin.py:190} INFO - [2024-10-23T04:36:31.873+0000] {dag.py:3239} INFO - Sync 1 DAGs
[2024-10-23T04:36:31.949+0000] {logging_mixin.py:190} INFO - [2024-10-23T04:36:31.948+0000] {dag.py:4180} INFO - Setting next_dagrun for example_xcom to 2021-01-01 00:00:00+00:00, run_after=2021-01-01 00:00:00+00:00
[2024-10-23T04:36:32.030+0000] {processor.py:208} INFO - Processing /home/airflow/.local/lib/python3.12/site-packages/airflow/example_dags/example_xcom.py took 0.337 seconds
[2024-10-23T04:37:02.135+0000] {processor.py:186} INFO - Started process (PID=15431) to work on /home/airflow/.local/lib/python3.12/site-packages/airflow/example_dags/example_xcom.py
[2024-10-23T04:37:02.136+0000] {processor.py:914} INFO - Processing file /home/airflow/.local/lib/python3.12/site-packages/airflow/example_dags/example_xcom.py for tasks to queue
[2024-10-23T04:37:02.136+0000] {logging_mixin.py:190} INFO - [2024-10-23T04:37:02.136+0000] {dagbag.py:588} INFO - Filling up the DagBag from /home/airflow/.local/lib/python3.12/site-packages/airflow/example_dags/example_xcom.py
[2024-10-23T04:37:02.143+0000] {processor.py:925} INFO - DAG(s) 'example_xcom' retrieved from /home/airflow/.local/lib/python3.12/site-packages/airflow/example_dags/example_xcom.py
[2024-10-23T04:37:02.156+0000] {logging_mixin.py:190} INFO - [2024-10-23T04:37:02.155+0000] {dag.py:3239} INFO - Sync 1 DAGs
[2024-10-23T04:37:02.169+0000] {logging_mixin.py:190} INFO - [2024-10-23T04:37:02.169+0000] {dag.py:4180} INFO - Setting next_dagrun for example_xcom to 2021-01-01 00:00:00+00:00, run_after=2021-01-01 00:00:00+00:00
[2024-10-23T04:37:02.180+0000] {processor.py:208} INFO - Processing /home/airflow/.local/lib/python3.12/site-packages/airflow/example_dags/example_xcom.py took 0.049 seconds
[2024-10-23T04:37:32.709+0000] {processor.py:186} INFO - Started process (PID=15494) to work on /home/airflow/.local/lib/python3.12/site-packages/airflow/example_dags/example_xcom.py
[2024-10-23T04:37:32.710+0000] {processor.py:914} INFO - Processing file /home/airflow/.local/lib/python3.12/site-packages/airflow/example_dags/example_xcom.py for tasks to queue
[2024-10-23T04:37:32.711+0000] {logging_mixin.py:190} INFO - [2024-10-23T04:37:32.711+0000] {dagbag.py:588} INFO - Filling up the DagBag from /home/airflow/.local/lib/python3.12/site-packages/airflow/example_dags/example_xcom.py
[2024-10-23T04:37:32.720+0000] {processor.py:925} INFO - DAG(s) 'example_xcom' retrieved from /home/airflow/.local/lib/python3.12/site-packages/airflow/example_dags/example_xcom.py
[2024-10-23T04:37:32.740+0000] {logging_mixin.py:190} INFO - [2024-10-23T04:37:32.739+0000] {dag.py:3239} INFO - Sync 1 DAGs
[2024-10-23T04:37:32.758+0000] {logging_mixin.py:190} INFO - [2024-10-23T04:37:32.757+0000] {dag.py:4180} INFO - Setting next_dagrun for example_xcom to 2021-01-01 00:00:00+00:00, run_after=2021-01-01 00:00:00+00:00
[2024-10-23T04:37:32.771+0000] {processor.py:208} INFO - Processing /home/airflow/.local/lib/python3.12/site-packages/airflow/example_dags/example_xcom.py took 0.069 seconds
[2024-10-23T04:38:02.968+0000] {processor.py:186} INFO - Started process (PID=15557) to work on /home/airflow/.local/lib/python3.12/site-packages/airflow/example_dags/example_xcom.py
[2024-10-23T04:38:02.969+0000] {processor.py:914} INFO - Processing file /home/airflow/.local/lib/python3.12/site-packages/airflow/example_dags/example_xcom.py for tasks to queue
[2024-10-23T04:38:02.970+0000] {logging_mixin.py:190} INFO - [2024-10-23T04:38:02.970+0000] {dagbag.py:588} INFO - Filling up the DagBag from /home/airflow/.local/lib/python3.12/site-packages/airflow/example_dags/example_xcom.py
[2024-10-23T04:38:02.978+0000] {processor.py:925} INFO - DAG(s) 'example_xcom' retrieved from /home/airflow/.local/lib/python3.12/site-packages/airflow/example_dags/example_xcom.py
[2024-10-23T04:38:02.991+0000] {logging_mixin.py:190} INFO - [2024-10-23T04:38:02.991+0000] {dag.py:3239} INFO - Sync 1 DAGs
[2024-10-23T04:38:03.006+0000] {logging_mixin.py:190} INFO - [2024-10-23T04:38:03.006+0000] {dag.py:4180} INFO - Setting next_dagrun for example_xcom to 2021-01-01 00:00:00+00:00, run_after=2021-01-01 00:00:00+00:00
[2024-10-23T04:38:03.016+0000] {processor.py:208} INFO - Processing /home/airflow/.local/lib/python3.12/site-packages/airflow/example_dags/example_xcom.py took 0.064 seconds
[2024-10-23T04:38:33.186+0000] {processor.py:186} INFO - Started process (PID=15620) to work on /home/airflow/.local/lib/python3.12/site-packages/airflow/example_dags/example_xcom.py
[2024-10-23T04:38:33.188+0000] {processor.py:914} INFO - Processing file /home/airflow/.local/lib/python3.12/site-packages/airflow/example_dags/example_xcom.py for tasks to queue
[2024-10-23T04:38:33.188+0000] {logging_mixin.py:190} INFO - [2024-10-23T04:38:33.188+0000] {dagbag.py:588} INFO - Filling up the DagBag from /home/airflow/.local/lib/python3.12/site-packages/airflow/example_dags/example_xcom.py
[2024-10-23T04:38:33.199+0000] {processor.py:925} INFO - DAG(s) 'example_xcom' retrieved from /home/airflow/.local/lib/python3.12/site-packages/airflow/example_dags/example_xcom.py
[2024-10-23T04:38:33.215+0000] {logging_mixin.py:190} INFO - [2024-10-23T04:38:33.215+0000] {dag.py:3239} INFO - Sync 1 DAGs
[2024-10-23T04:38:33.231+0000] {logging_mixin.py:190} INFO - [2024-10-23T04:38:33.231+0000] {dag.py:4180} INFO - Setting next_dagrun for example_xcom to 2021-01-01 00:00:00+00:00, run_after=2021-01-01 00:00:00+00:00
[2024-10-23T04:38:33.241+0000] {processor.py:208} INFO - Processing /home/airflow/.local/lib/python3.12/site-packages/airflow/example_dags/example_xcom.py took 0.060 seconds
[2024-10-23T04:39:03.913+0000] {processor.py:186} INFO - Started process (PID=15683) to work on /home/airflow/.local/lib/python3.12/site-packages/airflow/example_dags/example_xcom.py
[2024-10-23T04:39:03.914+0000] {processor.py:914} INFO - Processing file /home/airflow/.local/lib/python3.12/site-packages/airflow/example_dags/example_xcom.py for tasks to queue
[2024-10-23T04:39:03.916+0000] {logging_mixin.py:190} INFO - [2024-10-23T04:39:03.916+0000] {dagbag.py:588} INFO - Filling up the DagBag from /home/airflow/.local/lib/python3.12/site-packages/airflow/example_dags/example_xcom.py
[2024-10-23T04:39:03.923+0000] {processor.py:925} INFO - DAG(s) 'example_xcom' retrieved from /home/airflow/.local/lib/python3.12/site-packages/airflow/example_dags/example_xcom.py
[2024-10-23T04:39:03.938+0000] {logging_mixin.py:190} INFO - [2024-10-23T04:39:03.938+0000] {dag.py:3239} INFO - Sync 1 DAGs
[2024-10-23T04:39:03.956+0000] {logging_mixin.py:190} INFO - [2024-10-23T04:39:03.956+0000] {dag.py:4180} INFO - Setting next_dagrun for example_xcom to 2021-01-01 00:00:00+00:00, run_after=2021-01-01 00:00:00+00:00
[2024-10-23T04:39:03.969+0000] {processor.py:208} INFO - Processing /home/airflow/.local/lib/python3.12/site-packages/airflow/example_dags/example_xcom.py took 0.061 seconds
[2024-10-23T04:39:35.693+0000] {processor.py:186} INFO - Started process (PID=15746) to work on /home/airflow/.local/lib/python3.12/site-packages/airflow/example_dags/example_xcom.py
[2024-10-23T04:39:35.694+0000] {processor.py:914} INFO - Processing file /home/airflow/.local/lib/python3.12/site-packages/airflow/example_dags/example_xcom.py for tasks to queue
[2024-10-23T04:39:35.695+0000] {logging_mixin.py:190} INFO - [2024-10-23T04:39:35.695+0000] {dagbag.py:588} INFO - Filling up the DagBag from /home/airflow/.local/lib/python3.12/site-packages/airflow/example_dags/example_xcom.py
[2024-10-23T04:39:35.730+0000] {processor.py:925} INFO - DAG(s) 'example_xcom' retrieved from /home/airflow/.local/lib/python3.12/site-packages/airflow/example_dags/example_xcom.py
[2024-10-23T04:39:35.851+0000] {logging_mixin.py:190} INFO - [2024-10-23T04:39:35.850+0000] {dag.py:3239} INFO - Sync 1 DAGs
[2024-10-23T04:39:36.473+0000] {logging_mixin.py:190} INFO - [2024-10-23T04:39:36.472+0000] {dag.py:4180} INFO - Setting next_dagrun for example_xcom to 2021-01-01 00:00:00+00:00, run_after=2021-01-01 00:00:00+00:00
[2024-10-23T04:39:36.520+0000] {processor.py:208} INFO - Processing /home/airflow/.local/lib/python3.12/site-packages/airflow/example_dags/example_xcom.py took 0.836 seconds
[2024-10-23T04:40:07.393+0000] {processor.py:186} INFO - Started process (PID=15809) to work on /home/airflow/.local/lib/python3.12/site-packages/airflow/example_dags/example_xcom.py
[2024-10-23T04:40:07.396+0000] {processor.py:914} INFO - Processing file /home/airflow/.local/lib/python3.12/site-packages/airflow/example_dags/example_xcom.py for tasks to queue
[2024-10-23T04:40:07.398+0000] {logging_mixin.py:190} INFO - [2024-10-23T04:40:07.397+0000] {dagbag.py:588} INFO - Filling up the DagBag from /home/airflow/.local/lib/python3.12/site-packages/airflow/example_dags/example_xcom.py
[2024-10-23T04:40:07.414+0000] {processor.py:925} INFO - DAG(s) 'example_xcom' retrieved from /home/airflow/.local/lib/python3.12/site-packages/airflow/example_dags/example_xcom.py
[2024-10-23T04:40:07.447+0000] {logging_mixin.py:190} INFO - [2024-10-23T04:40:07.446+0000] {dag.py:3239} INFO - Sync 1 DAGs
[2024-10-23T04:40:07.647+0000] {logging_mixin.py:190} INFO - [2024-10-23T04:40:07.647+0000] {dag.py:4180} INFO - Setting next_dagrun for example_xcom to 2021-01-01 00:00:00+00:00, run_after=2021-01-01 00:00:00+00:00
[2024-10-23T04:40:07.663+0000] {processor.py:208} INFO - Processing /home/airflow/.local/lib/python3.12/site-packages/airflow/example_dags/example_xcom.py took 0.283 seconds
[2024-10-23T04:40:38.355+0000] {processor.py:186} INFO - Started process (PID=15872) to work on /home/airflow/.local/lib/python3.12/site-packages/airflow/example_dags/example_xcom.py
[2024-10-23T04:40:38.356+0000] {processor.py:914} INFO - Processing file /home/airflow/.local/lib/python3.12/site-packages/airflow/example_dags/example_xcom.py for tasks to queue
[2024-10-23T04:40:38.357+0000] {logging_mixin.py:190} INFO - [2024-10-23T04:40:38.357+0000] {dagbag.py:588} INFO - Filling up the DagBag from /home/airflow/.local/lib/python3.12/site-packages/airflow/example_dags/example_xcom.py
[2024-10-23T04:40:38.368+0000] {processor.py:925} INFO - DAG(s) 'example_xcom' retrieved from /home/airflow/.local/lib/python3.12/site-packages/airflow/example_dags/example_xcom.py
[2024-10-23T04:40:38.396+0000] {logging_mixin.py:190} INFO - [2024-10-23T04:40:38.396+0000] {dag.py:3239} INFO - Sync 1 DAGs
[2024-10-23T04:40:38.418+0000] {logging_mixin.py:190} INFO - [2024-10-23T04:40:38.418+0000] {dag.py:4180} INFO - Setting next_dagrun for example_xcom to 2021-01-01 00:00:00+00:00, run_after=2021-01-01 00:00:00+00:00
[2024-10-23T04:40:38.443+0000] {processor.py:208} INFO - Processing /home/airflow/.local/lib/python3.12/site-packages/airflow/example_dags/example_xcom.py took 0.097 seconds
[2024-10-23T04:41:09.250+0000] {processor.py:186} INFO - Started process (PID=15935) to work on /home/airflow/.local/lib/python3.12/site-packages/airflow/example_dags/example_xcom.py
[2024-10-23T04:41:09.252+0000] {processor.py:914} INFO - Processing file /home/airflow/.local/lib/python3.12/site-packages/airflow/example_dags/example_xcom.py for tasks to queue
[2024-10-23T04:41:09.254+0000] {logging_mixin.py:190} INFO - [2024-10-23T04:41:09.253+0000] {dagbag.py:588} INFO - Filling up the DagBag from /home/airflow/.local/lib/python3.12/site-packages/airflow/example_dags/example_xcom.py
[2024-10-23T04:41:09.268+0000] {processor.py:925} INFO - DAG(s) 'example_xcom' retrieved from /home/airflow/.local/lib/python3.12/site-packages/airflow/example_dags/example_xcom.py
[2024-10-23T04:41:09.296+0000] {logging_mixin.py:190} INFO - [2024-10-23T04:41:09.296+0000] {dag.py:3239} INFO - Sync 1 DAGs
[2024-10-23T04:41:09.322+0000] {logging_mixin.py:190} INFO - [2024-10-23T04:41:09.322+0000] {dag.py:4180} INFO - Setting next_dagrun for example_xcom to 2021-01-01 00:00:00+00:00, run_after=2021-01-01 00:00:00+00:00
[2024-10-23T04:41:09.339+0000] {processor.py:208} INFO - Processing /home/airflow/.local/lib/python3.12/site-packages/airflow/example_dags/example_xcom.py took 0.100 seconds
[2024-10-23T04:41:39.889+0000] {processor.py:186} INFO - Started process (PID=15998) to work on /home/airflow/.local/lib/python3.12/site-packages/airflow/example_dags/example_xcom.py
[2024-10-23T04:41:39.890+0000] {processor.py:914} INFO - Processing file /home/airflow/.local/lib/python3.12/site-packages/airflow/example_dags/example_xcom.py for tasks to queue
[2024-10-23T04:41:39.891+0000] {logging_mixin.py:190} INFO - [2024-10-23T04:41:39.891+0000] {dagbag.py:588} INFO - Filling up the DagBag from /home/airflow/.local/lib/python3.12/site-packages/airflow/example_dags/example_xcom.py
[2024-10-23T04:41:39.898+0000] {processor.py:925} INFO - DAG(s) 'example_xcom' retrieved from /home/airflow/.local/lib/python3.12/site-packages/airflow/example_dags/example_xcom.py
[2024-10-23T04:41:39.918+0000] {logging_mixin.py:190} INFO - [2024-10-23T04:41:39.918+0000] {dag.py:3239} INFO - Sync 1 DAGs
[2024-10-23T04:41:39.938+0000] {logging_mixin.py:190} INFO - [2024-10-23T04:41:39.938+0000] {dag.py:4180} INFO - Setting next_dagrun for example_xcom to 2021-01-01 00:00:00+00:00, run_after=2021-01-01 00:00:00+00:00
[2024-10-23T04:41:39.953+0000] {processor.py:208} INFO - Processing /home/airflow/.local/lib/python3.12/site-packages/airflow/example_dags/example_xcom.py took 0.072 seconds
[2024-10-23T04:42:10.037+0000] {processor.py:186} INFO - Started process (PID=16061) to work on /home/airflow/.local/lib/python3.12/site-packages/airflow/example_dags/example_xcom.py
[2024-10-23T04:42:10.038+0000] {processor.py:914} INFO - Processing file /home/airflow/.local/lib/python3.12/site-packages/airflow/example_dags/example_xcom.py for tasks to queue
[2024-10-23T04:42:10.040+0000] {logging_mixin.py:190} INFO - [2024-10-23T04:42:10.039+0000] {dagbag.py:588} INFO - Filling up the DagBag from /home/airflow/.local/lib/python3.12/site-packages/airflow/example_dags/example_xcom.py
[2024-10-23T04:42:10.047+0000] {processor.py:925} INFO - DAG(s) 'example_xcom' retrieved from /home/airflow/.local/lib/python3.12/site-packages/airflow/example_dags/example_xcom.py
[2024-10-23T04:42:10.070+0000] {logging_mixin.py:190} INFO - [2024-10-23T04:42:10.069+0000] {dag.py:3239} INFO - Sync 1 DAGs
[2024-10-23T04:42:10.095+0000] {logging_mixin.py:190} INFO - [2024-10-23T04:42:10.095+0000] {dag.py:4180} INFO - Setting next_dagrun for example_xcom to 2021-01-01 00:00:00+00:00, run_after=2021-01-01 00:00:00+00:00
[2024-10-23T04:42:10.110+0000] {processor.py:208} INFO - Processing /home/airflow/.local/lib/python3.12/site-packages/airflow/example_dags/example_xcom.py took 0.079 seconds
[2024-10-23T04:42:40.219+0000] {processor.py:186} INFO - Started process (PID=16125) to work on /home/airflow/.local/lib/python3.12/site-packages/airflow/example_dags/example_xcom.py
[2024-10-23T04:42:40.220+0000] {processor.py:914} INFO - Processing file /home/airflow/.local/lib/python3.12/site-packages/airflow/example_dags/example_xcom.py for tasks to queue
[2024-10-23T04:42:40.221+0000] {logging_mixin.py:190} INFO - [2024-10-23T04:42:40.220+0000] {dagbag.py:588} INFO - Filling up the DagBag from /home/airflow/.local/lib/python3.12/site-packages/airflow/example_dags/example_xcom.py
[2024-10-23T04:42:40.227+0000] {processor.py:925} INFO - DAG(s) 'example_xcom' retrieved from /home/airflow/.local/lib/python3.12/site-packages/airflow/example_dags/example_xcom.py
[2024-10-23T04:42:40.240+0000] {logging_mixin.py:190} INFO - [2024-10-23T04:42:40.240+0000] {dag.py:3239} INFO - Sync 1 DAGs
[2024-10-23T04:42:40.257+0000] {logging_mixin.py:190} INFO - [2024-10-23T04:42:40.257+0000] {dag.py:4180} INFO - Setting next_dagrun for example_xcom to 2021-01-01 00:00:00+00:00, run_after=2021-01-01 00:00:00+00:00
[2024-10-23T04:42:40.274+0000] {processor.py:208} INFO - Processing /home/airflow/.local/lib/python3.12/site-packages/airflow/example_dags/example_xcom.py took 0.059 seconds
[2024-10-23T04:43:10.307+0000] {processor.py:186} INFO - Started process (PID=16188) to work on /home/airflow/.local/lib/python3.12/site-packages/airflow/example_dags/example_xcom.py
[2024-10-23T04:43:10.308+0000] {processor.py:914} INFO - Processing file /home/airflow/.local/lib/python3.12/site-packages/airflow/example_dags/example_xcom.py for tasks to queue
[2024-10-23T04:43:10.309+0000] {logging_mixin.py:190} INFO - [2024-10-23T04:43:10.309+0000] {dagbag.py:588} INFO - Filling up the DagBag from /home/airflow/.local/lib/python3.12/site-packages/airflow/example_dags/example_xcom.py
[2024-10-23T04:43:10.316+0000] {processor.py:925} INFO - DAG(s) 'example_xcom' retrieved from /home/airflow/.local/lib/python3.12/site-packages/airflow/example_dags/example_xcom.py
[2024-10-23T04:43:10.330+0000] {logging_mixin.py:190} INFO - [2024-10-23T04:43:10.330+0000] {dag.py:3239} INFO - Sync 1 DAGs
[2024-10-23T04:43:10.345+0000] {logging_mixin.py:190} INFO - [2024-10-23T04:43:10.345+0000] {dag.py:4180} INFO - Setting next_dagrun for example_xcom to 2021-01-01 00:00:00+00:00, run_after=2021-01-01 00:00:00+00:00
[2024-10-23T04:43:10.355+0000] {processor.py:208} INFO - Processing /home/airflow/.local/lib/python3.12/site-packages/airflow/example_dags/example_xcom.py took 0.054 seconds
[2024-10-23T04:43:41.233+0000] {processor.py:186} INFO - Started process (PID=16250) to work on /home/airflow/.local/lib/python3.12/site-packages/airflow/example_dags/example_xcom.py
[2024-10-23T04:43:41.235+0000] {processor.py:914} INFO - Processing file /home/airflow/.local/lib/python3.12/site-packages/airflow/example_dags/example_xcom.py for tasks to queue
[2024-10-23T04:43:41.236+0000] {logging_mixin.py:190} INFO - [2024-10-23T04:43:41.235+0000] {dagbag.py:588} INFO - Filling up the DagBag from /home/airflow/.local/lib/python3.12/site-packages/airflow/example_dags/example_xcom.py
[2024-10-23T04:43:41.243+0000] {processor.py:925} INFO - DAG(s) 'example_xcom' retrieved from /home/airflow/.local/lib/python3.12/site-packages/airflow/example_dags/example_xcom.py
[2024-10-23T04:43:41.263+0000] {logging_mixin.py:190} INFO - [2024-10-23T04:43:41.263+0000] {dag.py:3239} INFO - Sync 1 DAGs
[2024-10-23T04:43:41.281+0000] {logging_mixin.py:190} INFO - [2024-10-23T04:43:41.280+0000] {dag.py:4180} INFO - Setting next_dagrun for example_xcom to 2021-01-01 00:00:00+00:00, run_after=2021-01-01 00:00:00+00:00
[2024-10-23T04:43:41.293+0000] {processor.py:208} INFO - Processing /home/airflow/.local/lib/python3.12/site-packages/airflow/example_dags/example_xcom.py took 0.065 seconds
[2024-10-23T04:44:12.354+0000] {processor.py:186} INFO - Started process (PID=16313) to work on /home/airflow/.local/lib/python3.12/site-packages/airflow/example_dags/example_xcom.py
[2024-10-23T04:44:12.357+0000] {processor.py:914} INFO - Processing file /home/airflow/.local/lib/python3.12/site-packages/airflow/example_dags/example_xcom.py for tasks to queue
[2024-10-23T04:44:12.359+0000] {logging_mixin.py:190} INFO - [2024-10-23T04:44:12.358+0000] {dagbag.py:588} INFO - Filling up the DagBag from /home/airflow/.local/lib/python3.12/site-packages/airflow/example_dags/example_xcom.py
[2024-10-23T04:44:12.369+0000] {processor.py:925} INFO - DAG(s) 'example_xcom' retrieved from /home/airflow/.local/lib/python3.12/site-packages/airflow/example_dags/example_xcom.py
[2024-10-23T04:44:12.390+0000] {logging_mixin.py:190} INFO - [2024-10-23T04:44:12.390+0000] {dag.py:3239} INFO - Sync 1 DAGs
[2024-10-23T04:44:12.410+0000] {logging_mixin.py:190} INFO - [2024-10-23T04:44:12.409+0000] {dag.py:4180} INFO - Setting next_dagrun for example_xcom to 2021-01-01 00:00:00+00:00, run_after=2021-01-01 00:00:00+00:00
[2024-10-23T04:44:12.429+0000] {processor.py:208} INFO - Processing /home/airflow/.local/lib/python3.12/site-packages/airflow/example_dags/example_xcom.py took 0.080 seconds
[2024-10-23T04:44:43.578+0000] {processor.py:186} INFO - Started process (PID=16376) to work on /home/airflow/.local/lib/python3.12/site-packages/airflow/example_dags/example_xcom.py
[2024-10-23T04:44:43.579+0000] {processor.py:914} INFO - Processing file /home/airflow/.local/lib/python3.12/site-packages/airflow/example_dags/example_xcom.py for tasks to queue
[2024-10-23T04:44:43.580+0000] {logging_mixin.py:190} INFO - [2024-10-23T04:44:43.580+0000] {dagbag.py:588} INFO - Filling up the DagBag from /home/airflow/.local/lib/python3.12/site-packages/airflow/example_dags/example_xcom.py
[2024-10-23T04:44:43.586+0000] {processor.py:925} INFO - DAG(s) 'example_xcom' retrieved from /home/airflow/.local/lib/python3.12/site-packages/airflow/example_dags/example_xcom.py
[2024-10-23T04:44:43.600+0000] {logging_mixin.py:190} INFO - [2024-10-23T04:44:43.599+0000] {dag.py:3239} INFO - Sync 1 DAGs
[2024-10-23T04:44:43.614+0000] {logging_mixin.py:190} INFO - [2024-10-23T04:44:43.614+0000] {dag.py:4180} INFO - Setting next_dagrun for example_xcom to 2021-01-01 00:00:00+00:00, run_after=2021-01-01 00:00:00+00:00
[2024-10-23T04:44:43.624+0000] {processor.py:208} INFO - Processing /home/airflow/.local/lib/python3.12/site-packages/airflow/example_dags/example_xcom.py took 0.050 seconds
[2024-10-23T04:45:14.028+0000] {processor.py:186} INFO - Started process (PID=16439) to work on /home/airflow/.local/lib/python3.12/site-packages/airflow/example_dags/example_xcom.py
[2024-10-23T04:45:14.030+0000] {processor.py:914} INFO - Processing file /home/airflow/.local/lib/python3.12/site-packages/airflow/example_dags/example_xcom.py for tasks to queue
[2024-10-23T04:45:14.031+0000] {logging_mixin.py:190} INFO - [2024-10-23T04:45:14.031+0000] {dagbag.py:588} INFO - Filling up the DagBag from /home/airflow/.local/lib/python3.12/site-packages/airflow/example_dags/example_xcom.py
[2024-10-23T04:45:14.037+0000] {processor.py:925} INFO - DAG(s) 'example_xcom' retrieved from /home/airflow/.local/lib/python3.12/site-packages/airflow/example_dags/example_xcom.py
[2024-10-23T04:45:14.050+0000] {logging_mixin.py:190} INFO - [2024-10-23T04:45:14.050+0000] {dag.py:3239} INFO - Sync 1 DAGs
[2024-10-23T04:45:14.065+0000] {logging_mixin.py:190} INFO - [2024-10-23T04:45:14.065+0000] {dag.py:4180} INFO - Setting next_dagrun for example_xcom to 2021-01-01 00:00:00+00:00, run_after=2021-01-01 00:00:00+00:00
[2024-10-23T04:45:14.075+0000] {processor.py:208} INFO - Processing /home/airflow/.local/lib/python3.12/site-packages/airflow/example_dags/example_xcom.py took 0.051 seconds
[2024-10-23T07:12:02.887+0000] {processor.py:186} INFO - Started process (PID=34456) to work on /home/airflow/.local/lib/python3.12/site-packages/airflow/example_dags/example_xcom.py
[2024-10-23T07:12:02.888+0000] {processor.py:914} INFO - Processing file /home/airflow/.local/lib/python3.12/site-packages/airflow/example_dags/example_xcom.py for tasks to queue
[2024-10-23T07:12:02.889+0000] {logging_mixin.py:190} INFO - [2024-10-23T07:12:02.889+0000] {dagbag.py:588} INFO - Filling up the DagBag from /home/airflow/.local/lib/python3.12/site-packages/airflow/example_dags/example_xcom.py
[2024-10-23T07:12:02.897+0000] {processor.py:925} INFO - DAG(s) 'example_xcom' retrieved from /home/airflow/.local/lib/python3.12/site-packages/airflow/example_dags/example_xcom.py
[2024-10-23T07:12:02.918+0000] {logging_mixin.py:190} INFO - [2024-10-23T07:12:02.918+0000] {dag.py:3239} INFO - Sync 1 DAGs
[2024-10-23T07:12:02.938+0000] {logging_mixin.py:190} INFO - [2024-10-23T07:12:02.937+0000] {dag.py:4180} INFO - Setting next_dagrun for example_xcom to 2021-01-01 00:00:00+00:00, run_after=2021-01-01 00:00:00+00:00
[2024-10-23T07:12:02.951+0000] {processor.py:208} INFO - Processing /home/airflow/.local/lib/python3.12/site-packages/airflow/example_dags/example_xcom.py took 0.069 seconds
[2024-10-23T07:12:33.236+0000] {processor.py:186} INFO - Started process (PID=34519) to work on /home/airflow/.local/lib/python3.12/site-packages/airflow/example_dags/example_xcom.py
[2024-10-23T07:12:33.237+0000] {processor.py:914} INFO - Processing file /home/airflow/.local/lib/python3.12/site-packages/airflow/example_dags/example_xcom.py for tasks to queue
[2024-10-23T07:12:33.238+0000] {logging_mixin.py:190} INFO - [2024-10-23T07:12:33.237+0000] {dagbag.py:588} INFO - Filling up the DagBag from /home/airflow/.local/lib/python3.12/site-packages/airflow/example_dags/example_xcom.py
[2024-10-23T07:12:33.245+0000] {processor.py:925} INFO - DAG(s) 'example_xcom' retrieved from /home/airflow/.local/lib/python3.12/site-packages/airflow/example_dags/example_xcom.py
[2024-10-23T07:12:33.262+0000] {logging_mixin.py:190} INFO - [2024-10-23T07:12:33.261+0000] {dag.py:3239} INFO - Sync 1 DAGs
[2024-10-23T07:12:33.278+0000] {logging_mixin.py:190} INFO - [2024-10-23T07:12:33.278+0000] {dag.py:4180} INFO - Setting next_dagrun for example_xcom to 2021-01-01 00:00:00+00:00, run_after=2021-01-01 00:00:00+00:00
[2024-10-23T07:12:33.290+0000] {processor.py:208} INFO - Processing /home/airflow/.local/lib/python3.12/site-packages/airflow/example_dags/example_xcom.py took 0.059 seconds
[2024-10-23T07:13:03.587+0000] {processor.py:186} INFO - Started process (PID=34582) to work on /home/airflow/.local/lib/python3.12/site-packages/airflow/example_dags/example_xcom.py
[2024-10-23T07:13:03.588+0000] {processor.py:914} INFO - Processing file /home/airflow/.local/lib/python3.12/site-packages/airflow/example_dags/example_xcom.py for tasks to queue
[2024-10-23T07:13:03.589+0000] {logging_mixin.py:190} INFO - [2024-10-23T07:13:03.588+0000] {dagbag.py:588} INFO - Filling up the DagBag from /home/airflow/.local/lib/python3.12/site-packages/airflow/example_dags/example_xcom.py
[2024-10-23T07:13:03.596+0000] {processor.py:925} INFO - DAG(s) 'example_xcom' retrieved from /home/airflow/.local/lib/python3.12/site-packages/airflow/example_dags/example_xcom.py
[2024-10-23T07:13:03.615+0000] {logging_mixin.py:190} INFO - [2024-10-23T07:13:03.615+0000] {dag.py:3239} INFO - Sync 1 DAGs
[2024-10-23T07:13:03.636+0000] {logging_mixin.py:190} INFO - [2024-10-23T07:13:03.636+0000] {dag.py:4180} INFO - Setting next_dagrun for example_xcom to 2021-01-01 00:00:00+00:00, run_after=2021-01-01 00:00:00+00:00
[2024-10-23T07:13:03.652+0000] {processor.py:208} INFO - Processing /home/airflow/.local/lib/python3.12/site-packages/airflow/example_dags/example_xcom.py took 0.076 seconds
[2024-10-23T07:13:34.213+0000] {processor.py:186} INFO - Started process (PID=34645) to work on /home/airflow/.local/lib/python3.12/site-packages/airflow/example_dags/example_xcom.py
[2024-10-23T07:13:34.214+0000] {processor.py:914} INFO - Processing file /home/airflow/.local/lib/python3.12/site-packages/airflow/example_dags/example_xcom.py for tasks to queue
[2024-10-23T07:13:34.215+0000] {logging_mixin.py:190} INFO - [2024-10-23T07:13:34.214+0000] {dagbag.py:588} INFO - Filling up the DagBag from /home/airflow/.local/lib/python3.12/site-packages/airflow/example_dags/example_xcom.py
[2024-10-23T07:13:34.225+0000] {processor.py:925} INFO - DAG(s) 'example_xcom' retrieved from /home/airflow/.local/lib/python3.12/site-packages/airflow/example_dags/example_xcom.py
[2024-10-23T07:13:34.243+0000] {logging_mixin.py:190} INFO - [2024-10-23T07:13:34.243+0000] {dag.py:3239} INFO - Sync 1 DAGs
[2024-10-23T07:13:34.261+0000] {logging_mixin.py:190} INFO - [2024-10-23T07:13:34.261+0000] {dag.py:4180} INFO - Setting next_dagrun for example_xcom to 2021-01-01 00:00:00+00:00, run_after=2021-01-01 00:00:00+00:00
[2024-10-23T07:13:34.279+0000] {processor.py:208} INFO - Processing /home/airflow/.local/lib/python3.12/site-packages/airflow/example_dags/example_xcom.py took 0.071 seconds
[2024-10-23T07:14:05.527+0000] {processor.py:186} INFO - Started process (PID=34708) to work on /home/airflow/.local/lib/python3.12/site-packages/airflow/example_dags/example_xcom.py
[2024-10-23T07:14:05.533+0000] {processor.py:914} INFO - Processing file /home/airflow/.local/lib/python3.12/site-packages/airflow/example_dags/example_xcom.py for tasks to queue
[2024-10-23T07:14:05.534+0000] {logging_mixin.py:190} INFO - [2024-10-23T07:14:05.533+0000] {dagbag.py:588} INFO - Filling up the DagBag from /home/airflow/.local/lib/python3.12/site-packages/airflow/example_dags/example_xcom.py
[2024-10-23T07:14:05.543+0000] {processor.py:925} INFO - DAG(s) 'example_xcom' retrieved from /home/airflow/.local/lib/python3.12/site-packages/airflow/example_dags/example_xcom.py
[2024-10-23T07:14:05.560+0000] {logging_mixin.py:190} INFO - [2024-10-23T07:14:05.560+0000] {dag.py:3239} INFO - Sync 1 DAGs
[2024-10-23T07:14:05.734+0000] {logging_mixin.py:190} INFO - [2024-10-23T07:14:05.733+0000] {dag.py:4180} INFO - Setting next_dagrun for example_xcom to 2021-01-01 00:00:00+00:00, run_after=2021-01-01 00:00:00+00:00
[2024-10-23T07:14:05.745+0000] {processor.py:208} INFO - Processing /home/airflow/.local/lib/python3.12/site-packages/airflow/example_dags/example_xcom.py took 0.223 seconds
[2024-10-23T07:14:36.607+0000] {processor.py:186} INFO - Started process (PID=34771) to work on /home/airflow/.local/lib/python3.12/site-packages/airflow/example_dags/example_xcom.py
[2024-10-23T07:14:36.608+0000] {processor.py:914} INFO - Processing file /home/airflow/.local/lib/python3.12/site-packages/airflow/example_dags/example_xcom.py for tasks to queue
[2024-10-23T07:14:36.609+0000] {logging_mixin.py:190} INFO - [2024-10-23T07:14:36.608+0000] {dagbag.py:588} INFO - Filling up the DagBag from /home/airflow/.local/lib/python3.12/site-packages/airflow/example_dags/example_xcom.py
[2024-10-23T07:14:36.620+0000] {processor.py:925} INFO - DAG(s) 'example_xcom' retrieved from /home/airflow/.local/lib/python3.12/site-packages/airflow/example_dags/example_xcom.py
[2024-10-23T07:14:36.641+0000] {logging_mixin.py:190} INFO - [2024-10-23T07:14:36.641+0000] {dag.py:3239} INFO - Sync 1 DAGs
[2024-10-23T07:14:36.935+0000] {logging_mixin.py:190} INFO - [2024-10-23T07:14:36.934+0000] {dag.py:4180} INFO - Setting next_dagrun for example_xcom to 2021-01-01 00:00:00+00:00, run_after=2021-01-01 00:00:00+00:00
[2024-10-23T07:14:36.975+0000] {processor.py:208} INFO - Processing /home/airflow/.local/lib/python3.12/site-packages/airflow/example_dags/example_xcom.py took 0.374 seconds
[2024-10-23T07:15:07.499+0000] {processor.py:186} INFO - Started process (PID=34834) to work on /home/airflow/.local/lib/python3.12/site-packages/airflow/example_dags/example_xcom.py
[2024-10-23T07:15:07.500+0000] {processor.py:914} INFO - Processing file /home/airflow/.local/lib/python3.12/site-packages/airflow/example_dags/example_xcom.py for tasks to queue
[2024-10-23T07:15:07.502+0000] {logging_mixin.py:190} INFO - [2024-10-23T07:15:07.501+0000] {dagbag.py:588} INFO - Filling up the DagBag from /home/airflow/.local/lib/python3.12/site-packages/airflow/example_dags/example_xcom.py
[2024-10-23T07:15:07.513+0000] {processor.py:925} INFO - DAG(s) 'example_xcom' retrieved from /home/airflow/.local/lib/python3.12/site-packages/airflow/example_dags/example_xcom.py
[2024-10-23T07:15:07.531+0000] {logging_mixin.py:190} INFO - [2024-10-23T07:15:07.531+0000] {dag.py:3239} INFO - Sync 1 DAGs
[2024-10-23T07:15:07.550+0000] {logging_mixin.py:190} INFO - [2024-10-23T07:15:07.550+0000] {dag.py:4180} INFO - Setting next_dagrun for example_xcom to 2021-01-01 00:00:00+00:00, run_after=2021-01-01 00:00:00+00:00
[2024-10-23T07:15:07.567+0000] {processor.py:208} INFO - Processing /home/airflow/.local/lib/python3.12/site-packages/airflow/example_dags/example_xcom.py took 0.075 seconds
[2024-10-23T07:15:38.375+0000] {processor.py:186} INFO - Started process (PID=34897) to work on /home/airflow/.local/lib/python3.12/site-packages/airflow/example_dags/example_xcom.py
[2024-10-23T07:15:38.376+0000] {processor.py:914} INFO - Processing file /home/airflow/.local/lib/python3.12/site-packages/airflow/example_dags/example_xcom.py for tasks to queue
[2024-10-23T07:15:38.377+0000] {logging_mixin.py:190} INFO - [2024-10-23T07:15:38.377+0000] {dagbag.py:588} INFO - Filling up the DagBag from /home/airflow/.local/lib/python3.12/site-packages/airflow/example_dags/example_xcom.py
[2024-10-23T07:15:38.385+0000] {processor.py:925} INFO - DAG(s) 'example_xcom' retrieved from /home/airflow/.local/lib/python3.12/site-packages/airflow/example_dags/example_xcom.py
[2024-10-23T07:15:38.400+0000] {logging_mixin.py:190} INFO - [2024-10-23T07:15:38.400+0000] {dag.py:3239} INFO - Sync 1 DAGs
[2024-10-23T07:15:38.417+0000] {logging_mixin.py:190} INFO - [2024-10-23T07:15:38.417+0000] {dag.py:4180} INFO - Setting next_dagrun for example_xcom to 2021-01-01 00:00:00+00:00, run_after=2021-01-01 00:00:00+00:00
[2024-10-23T07:15:38.432+0000] {processor.py:208} INFO - Processing /home/airflow/.local/lib/python3.12/site-packages/airflow/example_dags/example_xcom.py took 0.065 seconds
[2024-10-23T07:16:09.644+0000] {processor.py:186} INFO - Started process (PID=34960) to work on /home/airflow/.local/lib/python3.12/site-packages/airflow/example_dags/example_xcom.py
[2024-10-23T07:16:09.645+0000] {processor.py:914} INFO - Processing file /home/airflow/.local/lib/python3.12/site-packages/airflow/example_dags/example_xcom.py for tasks to queue
[2024-10-23T07:16:09.646+0000] {logging_mixin.py:190} INFO - [2024-10-23T07:16:09.645+0000] {dagbag.py:588} INFO - Filling up the DagBag from /home/airflow/.local/lib/python3.12/site-packages/airflow/example_dags/example_xcom.py
[2024-10-23T07:16:09.655+0000] {processor.py:925} INFO - DAG(s) 'example_xcom' retrieved from /home/airflow/.local/lib/python3.12/site-packages/airflow/example_dags/example_xcom.py
[2024-10-23T07:16:09.681+0000] {logging_mixin.py:190} INFO - [2024-10-23T07:16:09.681+0000] {dag.py:3239} INFO - Sync 1 DAGs
[2024-10-23T07:16:09.699+0000] {logging_mixin.py:190} INFO - [2024-10-23T07:16:09.699+0000] {dag.py:4180} INFO - Setting next_dagrun for example_xcom to 2021-01-01 00:00:00+00:00, run_after=2021-01-01 00:00:00+00:00
[2024-10-23T07:16:09.717+0000] {processor.py:208} INFO - Processing /home/airflow/.local/lib/python3.12/site-packages/airflow/example_dags/example_xcom.py took 0.079 seconds
[2024-10-23T07:16:40.546+0000] {processor.py:186} INFO - Started process (PID=35023) to work on /home/airflow/.local/lib/python3.12/site-packages/airflow/example_dags/example_xcom.py
[2024-10-23T07:16:40.550+0000] {processor.py:914} INFO - Processing file /home/airflow/.local/lib/python3.12/site-packages/airflow/example_dags/example_xcom.py for tasks to queue
[2024-10-23T07:16:40.552+0000] {logging_mixin.py:190} INFO - [2024-10-23T07:16:40.552+0000] {dagbag.py:588} INFO - Filling up the DagBag from /home/airflow/.local/lib/python3.12/site-packages/airflow/example_dags/example_xcom.py
[2024-10-23T07:16:40.559+0000] {processor.py:925} INFO - DAG(s) 'example_xcom' retrieved from /home/airflow/.local/lib/python3.12/site-packages/airflow/example_dags/example_xcom.py
[2024-10-23T07:16:40.576+0000] {logging_mixin.py:190} INFO - [2024-10-23T07:16:40.575+0000] {dag.py:3239} INFO - Sync 1 DAGs
[2024-10-23T07:16:40.597+0000] {logging_mixin.py:190} INFO - [2024-10-23T07:16:40.597+0000] {dag.py:4180} INFO - Setting next_dagrun for example_xcom to 2021-01-01 00:00:00+00:00, run_after=2021-01-01 00:00:00+00:00
[2024-10-23T07:16:40.614+0000] {processor.py:208} INFO - Processing /home/airflow/.local/lib/python3.12/site-packages/airflow/example_dags/example_xcom.py took 0.072 seconds
[2024-10-23T07:17:11.080+0000] {processor.py:186} INFO - Started process (PID=35086) to work on /home/airflow/.local/lib/python3.12/site-packages/airflow/example_dags/example_xcom.py
[2024-10-23T07:17:11.082+0000] {processor.py:914} INFO - Processing file /home/airflow/.local/lib/python3.12/site-packages/airflow/example_dags/example_xcom.py for tasks to queue
[2024-10-23T07:17:11.083+0000] {logging_mixin.py:190} INFO - [2024-10-23T07:17:11.083+0000] {dagbag.py:588} INFO - Filling up the DagBag from /home/airflow/.local/lib/python3.12/site-packages/airflow/example_dags/example_xcom.py
[2024-10-23T07:17:11.092+0000] {processor.py:925} INFO - DAG(s) 'example_xcom' retrieved from /home/airflow/.local/lib/python3.12/site-packages/airflow/example_dags/example_xcom.py
[2024-10-23T07:17:11.111+0000] {logging_mixin.py:190} INFO - [2024-10-23T07:17:11.111+0000] {dag.py:3239} INFO - Sync 1 DAGs
[2024-10-23T07:17:11.127+0000] {logging_mixin.py:190} INFO - [2024-10-23T07:17:11.126+0000] {dag.py:4180} INFO - Setting next_dagrun for example_xcom to 2021-01-01 00:00:00+00:00, run_after=2021-01-01 00:00:00+00:00
[2024-10-23T07:17:11.142+0000] {processor.py:208} INFO - Processing /home/airflow/.local/lib/python3.12/site-packages/airflow/example_dags/example_xcom.py took 0.067 seconds
[2024-10-23T07:17:42.220+0000] {processor.py:186} INFO - Started process (PID=35149) to work on /home/airflow/.local/lib/python3.12/site-packages/airflow/example_dags/example_xcom.py
[2024-10-23T07:17:42.221+0000] {processor.py:914} INFO - Processing file /home/airflow/.local/lib/python3.12/site-packages/airflow/example_dags/example_xcom.py for tasks to queue
[2024-10-23T07:17:42.221+0000] {logging_mixin.py:190} INFO - [2024-10-23T07:17:42.221+0000] {dagbag.py:588} INFO - Filling up the DagBag from /home/airflow/.local/lib/python3.12/site-packages/airflow/example_dags/example_xcom.py
[2024-10-23T07:17:42.228+0000] {processor.py:925} INFO - DAG(s) 'example_xcom' retrieved from /home/airflow/.local/lib/python3.12/site-packages/airflow/example_dags/example_xcom.py
[2024-10-23T07:17:42.243+0000] {logging_mixin.py:190} INFO - [2024-10-23T07:17:42.243+0000] {dag.py:3239} INFO - Sync 1 DAGs
[2024-10-23T07:17:42.261+0000] {logging_mixin.py:190} INFO - [2024-10-23T07:17:42.261+0000] {dag.py:4180} INFO - Setting next_dagrun for example_xcom to 2021-01-01 00:00:00+00:00, run_after=2021-01-01 00:00:00+00:00
[2024-10-23T07:17:42.273+0000] {processor.py:208} INFO - Processing /home/airflow/.local/lib/python3.12/site-packages/airflow/example_dags/example_xcom.py took 0.059 seconds
[2024-10-23T07:18:12.661+0000] {processor.py:186} INFO - Started process (PID=35212) to work on /home/airflow/.local/lib/python3.12/site-packages/airflow/example_dags/example_xcom.py
[2024-10-23T07:18:12.662+0000] {processor.py:914} INFO - Processing file /home/airflow/.local/lib/python3.12/site-packages/airflow/example_dags/example_xcom.py for tasks to queue
[2024-10-23T07:18:12.663+0000] {logging_mixin.py:190} INFO - [2024-10-23T07:18:12.663+0000] {dagbag.py:588} INFO - Filling up the DagBag from /home/airflow/.local/lib/python3.12/site-packages/airflow/example_dags/example_xcom.py
[2024-10-23T07:18:12.670+0000] {processor.py:925} INFO - DAG(s) 'example_xcom' retrieved from /home/airflow/.local/lib/python3.12/site-packages/airflow/example_dags/example_xcom.py
[2024-10-23T07:18:12.687+0000] {logging_mixin.py:190} INFO - [2024-10-23T07:18:12.687+0000] {dag.py:3239} INFO - Sync 1 DAGs
[2024-10-23T07:18:12.705+0000] {logging_mixin.py:190} INFO - [2024-10-23T07:18:12.705+0000] {dag.py:4180} INFO - Setting next_dagrun for example_xcom to 2021-01-01 00:00:00+00:00, run_after=2021-01-01 00:00:00+00:00
[2024-10-23T07:18:12.722+0000] {processor.py:208} INFO - Processing /home/airflow/.local/lib/python3.12/site-packages/airflow/example_dags/example_xcom.py took 0.066 seconds
[2024-10-23T07:18:43.427+0000] {processor.py:186} INFO - Started process (PID=35275) to work on /home/airflow/.local/lib/python3.12/site-packages/airflow/example_dags/example_xcom.py
[2024-10-23T07:18:43.428+0000] {processor.py:914} INFO - Processing file /home/airflow/.local/lib/python3.12/site-packages/airflow/example_dags/example_xcom.py for tasks to queue
[2024-10-23T07:18:43.428+0000] {logging_mixin.py:190} INFO - [2024-10-23T07:18:43.428+0000] {dagbag.py:588} INFO - Filling up the DagBag from /home/airflow/.local/lib/python3.12/site-packages/airflow/example_dags/example_xcom.py
[2024-10-23T07:18:43.435+0000] {processor.py:925} INFO - DAG(s) 'example_xcom' retrieved from /home/airflow/.local/lib/python3.12/site-packages/airflow/example_dags/example_xcom.py
[2024-10-23T07:18:43.455+0000] {logging_mixin.py:190} INFO - [2024-10-23T07:18:43.454+0000] {dag.py:3239} INFO - Sync 1 DAGs
[2024-10-23T07:18:43.472+0000] {logging_mixin.py:190} INFO - [2024-10-23T07:18:43.472+0000] {dag.py:4180} INFO - Setting next_dagrun for example_xcom to 2021-01-01 00:00:00+00:00, run_after=2021-01-01 00:00:00+00:00
[2024-10-23T07:18:43.490+0000] {processor.py:208} INFO - Processing /home/airflow/.local/lib/python3.12/site-packages/airflow/example_dags/example_xcom.py took 0.068 seconds
[2024-10-23T07:19:13.964+0000] {processor.py:186} INFO - Started process (PID=35338) to work on /home/airflow/.local/lib/python3.12/site-packages/airflow/example_dags/example_xcom.py
[2024-10-23T07:19:13.966+0000] {processor.py:914} INFO - Processing file /home/airflow/.local/lib/python3.12/site-packages/airflow/example_dags/example_xcom.py for tasks to queue
[2024-10-23T07:19:13.967+0000] {logging_mixin.py:190} INFO - [2024-10-23T07:19:13.967+0000] {dagbag.py:588} INFO - Filling up the DagBag from /home/airflow/.local/lib/python3.12/site-packages/airflow/example_dags/example_xcom.py
[2024-10-23T07:19:13.976+0000] {processor.py:925} INFO - DAG(s) 'example_xcom' retrieved from /home/airflow/.local/lib/python3.12/site-packages/airflow/example_dags/example_xcom.py
[2024-10-23T07:19:14.004+0000] {logging_mixin.py:190} INFO - [2024-10-23T07:19:14.004+0000] {dag.py:3239} INFO - Sync 1 DAGs
[2024-10-23T07:19:14.024+0000] {logging_mixin.py:190} INFO - [2024-10-23T07:19:14.024+0000] {dag.py:4180} INFO - Setting next_dagrun for example_xcom to 2021-01-01 00:00:00+00:00, run_after=2021-01-01 00:00:00+00:00
[2024-10-23T07:19:14.037+0000] {processor.py:208} INFO - Processing /home/airflow/.local/lib/python3.12/site-packages/airflow/example_dags/example_xcom.py took 0.078 seconds
[2024-10-23T07:19:44.654+0000] {processor.py:186} INFO - Started process (PID=35404) to work on /home/airflow/.local/lib/python3.12/site-packages/airflow/example_dags/example_xcom.py
[2024-10-23T07:19:44.657+0000] {processor.py:914} INFO - Processing file /home/airflow/.local/lib/python3.12/site-packages/airflow/example_dags/example_xcom.py for tasks to queue
[2024-10-23T07:19:44.658+0000] {logging_mixin.py:190} INFO - [2024-10-23T07:19:44.658+0000] {dagbag.py:588} INFO - Filling up the DagBag from /home/airflow/.local/lib/python3.12/site-packages/airflow/example_dags/example_xcom.py
[2024-10-23T07:19:44.668+0000] {processor.py:925} INFO - DAG(s) 'example_xcom' retrieved from /home/airflow/.local/lib/python3.12/site-packages/airflow/example_dags/example_xcom.py
[2024-10-23T07:19:44.689+0000] {logging_mixin.py:190} INFO - [2024-10-23T07:19:44.689+0000] {dag.py:3239} INFO - Sync 1 DAGs
[2024-10-23T07:19:44.717+0000] {logging_mixin.py:190} INFO - [2024-10-23T07:19:44.716+0000] {dag.py:4180} INFO - Setting next_dagrun for example_xcom to 2021-01-01 00:00:00+00:00, run_after=2021-01-01 00:00:00+00:00
[2024-10-23T07:19:44.732+0000] {processor.py:208} INFO - Processing /home/airflow/.local/lib/python3.12/site-packages/airflow/example_dags/example_xcom.py took 0.085 seconds
