[2024-10-23T02:32:08.580+0000] {processor.py:186} INFO - Started process (PID=13761) to work on /home/airflow/.local/lib/python3.12/site-packages/airflow/example_dags/example_dag_decorator.py
[2024-10-23T02:32:08.580+0000] {processor.py:914} INFO - Processing file /home/airflow/.local/lib/python3.12/site-packages/airflow/example_dags/example_dag_decorator.py for tasks to queue
[2024-10-23T02:32:08.581+0000] {logging_mixin.py:190} INFO - [2024-10-23T02:32:08.581+0000] {dagbag.py:588} INFO - Filling up the DagBag from /home/airflow/.local/lib/python3.12/site-packages/airflow/example_dags/example_dag_decorator.py
[2024-10-23T02:32:08.592+0000] {processor.py:925} INFO - DAG(s) 'example_dag_decorator' retrieved from /home/airflow/.local/lib/python3.12/site-packages/airflow/example_dags/example_dag_decorator.py
[2024-10-23T02:32:08.690+0000] {logging_mixin.py:190} INFO - [2024-10-23T02:32:08.690+0000] {dag.py:3239} INFO - Sync 1 DAGs
[2024-10-23T02:32:08.703+0000] {logging_mixin.py:190} INFO - [2024-10-23T02:32:08.702+0000] {dag.py:4180} INFO - Setting next_dagrun for example_dag_decorator to None, run_after=None
[2024-10-23T02:32:08.726+0000] {processor.py:208} INFO - Processing /home/airflow/.local/lib/python3.12/site-packages/airflow/example_dags/example_dag_decorator.py took 0.151 seconds
[2024-10-23T04:23:46.290+0000] {processor.py:186} INFO - Started process (PID=13824) to work on /home/airflow/.local/lib/python3.12/site-packages/airflow/example_dags/example_dag_decorator.py
[2024-10-23T04:23:46.291+0000] {processor.py:914} INFO - Processing file /home/airflow/.local/lib/python3.12/site-packages/airflow/example_dags/example_dag_decorator.py for tasks to queue
[2024-10-23T04:23:46.293+0000] {logging_mixin.py:190} INFO - [2024-10-23T04:23:46.292+0000] {dagbag.py:588} INFO - Filling up the DagBag from /home/airflow/.local/lib/python3.12/site-packages/airflow/example_dags/example_dag_decorator.py
[2024-10-23T04:23:46.305+0000] {processor.py:925} INFO - DAG(s) 'example_dag_decorator' retrieved from /home/airflow/.local/lib/python3.12/site-packages/airflow/example_dags/example_dag_decorator.py
[2024-10-23T04:23:46.329+0000] {logging_mixin.py:190} INFO - [2024-10-23T04:23:46.329+0000] {dag.py:3239} INFO - Sync 1 DAGs
[2024-10-23T04:23:46.343+0000] {logging_mixin.py:190} INFO - [2024-10-23T04:23:46.343+0000] {dag.py:4180} INFO - Setting next_dagrun for example_dag_decorator to None, run_after=None
[2024-10-23T04:23:46.354+0000] {processor.py:208} INFO - Processing /home/airflow/.local/lib/python3.12/site-packages/airflow/example_dags/example_dag_decorator.py took 0.070 seconds
[2024-10-23T04:24:17.574+0000] {processor.py:186} INFO - Started process (PID=13887) to work on /home/airflow/.local/lib/python3.12/site-packages/airflow/example_dags/example_dag_decorator.py
[2024-10-23T04:24:17.578+0000] {processor.py:914} INFO - Processing file /home/airflow/.local/lib/python3.12/site-packages/airflow/example_dags/example_dag_decorator.py for tasks to queue
[2024-10-23T04:24:17.580+0000] {logging_mixin.py:190} INFO - [2024-10-23T04:24:17.580+0000] {dagbag.py:588} INFO - Filling up the DagBag from /home/airflow/.local/lib/python3.12/site-packages/airflow/example_dags/example_dag_decorator.py
[2024-10-23T04:24:17.591+0000] {processor.py:925} INFO - DAG(s) 'example_dag_decorator' retrieved from /home/airflow/.local/lib/python3.12/site-packages/airflow/example_dags/example_dag_decorator.py
[2024-10-23T04:24:17.700+0000] {logging_mixin.py:190} INFO - [2024-10-23T04:24:17.700+0000] {dag.py:3239} INFO - Sync 1 DAGs
[2024-10-23T04:24:17.713+0000] {logging_mixin.py:190} INFO - [2024-10-23T04:24:17.713+0000] {dag.py:4180} INFO - Setting next_dagrun for example_dag_decorator to None, run_after=None
[2024-10-23T04:24:17.726+0000] {processor.py:208} INFO - Processing /home/airflow/.local/lib/python3.12/site-packages/airflow/example_dags/example_dag_decorator.py took 0.158 seconds
[2024-10-23T04:24:47.996+0000] {processor.py:186} INFO - Started process (PID=13950) to work on /home/airflow/.local/lib/python3.12/site-packages/airflow/example_dags/example_dag_decorator.py
[2024-10-23T04:24:48.001+0000] {processor.py:914} INFO - Processing file /home/airflow/.local/lib/python3.12/site-packages/airflow/example_dags/example_dag_decorator.py for tasks to queue
[2024-10-23T04:24:48.001+0000] {logging_mixin.py:190} INFO - [2024-10-23T04:24:48.001+0000] {dagbag.py:588} INFO - Filling up the DagBag from /home/airflow/.local/lib/python3.12/site-packages/airflow/example_dags/example_dag_decorator.py
[2024-10-23T04:24:48.010+0000] {processor.py:925} INFO - DAG(s) 'example_dag_decorator' retrieved from /home/airflow/.local/lib/python3.12/site-packages/airflow/example_dags/example_dag_decorator.py
[2024-10-23T04:24:48.116+0000] {logging_mixin.py:190} INFO - [2024-10-23T04:24:48.116+0000] {dag.py:3239} INFO - Sync 1 DAGs
[2024-10-23T04:24:48.126+0000] {logging_mixin.py:190} INFO - [2024-10-23T04:24:48.126+0000] {dag.py:4180} INFO - Setting next_dagrun for example_dag_decorator to None, run_after=None
[2024-10-23T04:24:48.138+0000] {processor.py:208} INFO - Processing /home/airflow/.local/lib/python3.12/site-packages/airflow/example_dags/example_dag_decorator.py took 0.147 seconds
[2024-10-23T04:25:18.474+0000] {processor.py:186} INFO - Started process (PID=14013) to work on /home/airflow/.local/lib/python3.12/site-packages/airflow/example_dags/example_dag_decorator.py
[2024-10-23T04:25:18.476+0000] {processor.py:914} INFO - Processing file /home/airflow/.local/lib/python3.12/site-packages/airflow/example_dags/example_dag_decorator.py for tasks to queue
[2024-10-23T04:25:18.477+0000] {logging_mixin.py:190} INFO - [2024-10-23T04:25:18.477+0000] {dagbag.py:588} INFO - Filling up the DagBag from /home/airflow/.local/lib/python3.12/site-packages/airflow/example_dags/example_dag_decorator.py
[2024-10-23T04:25:18.486+0000] {processor.py:925} INFO - DAG(s) 'example_dag_decorator' retrieved from /home/airflow/.local/lib/python3.12/site-packages/airflow/example_dags/example_dag_decorator.py
[2024-10-23T04:25:18.571+0000] {logging_mixin.py:190} INFO - [2024-10-23T04:25:18.570+0000] {dag.py:3239} INFO - Sync 1 DAGs
[2024-10-23T04:25:18.581+0000] {logging_mixin.py:190} INFO - [2024-10-23T04:25:18.581+0000] {dag.py:4180} INFO - Setting next_dagrun for example_dag_decorator to None, run_after=None
[2024-10-23T04:25:18.593+0000] {processor.py:208} INFO - Processing /home/airflow/.local/lib/python3.12/site-packages/airflow/example_dags/example_dag_decorator.py took 0.124 seconds
[2024-10-23T04:25:49.113+0000] {processor.py:186} INFO - Started process (PID=14076) to work on /home/airflow/.local/lib/python3.12/site-packages/airflow/example_dags/example_dag_decorator.py
[2024-10-23T04:25:49.114+0000] {processor.py:914} INFO - Processing file /home/airflow/.local/lib/python3.12/site-packages/airflow/example_dags/example_dag_decorator.py for tasks to queue
[2024-10-23T04:25:49.115+0000] {logging_mixin.py:190} INFO - [2024-10-23T04:25:49.115+0000] {dagbag.py:588} INFO - Filling up the DagBag from /home/airflow/.local/lib/python3.12/site-packages/airflow/example_dags/example_dag_decorator.py
[2024-10-23T04:25:49.124+0000] {processor.py:925} INFO - DAG(s) 'example_dag_decorator' retrieved from /home/airflow/.local/lib/python3.12/site-packages/airflow/example_dags/example_dag_decorator.py
[2024-10-23T04:25:49.227+0000] {logging_mixin.py:190} INFO - [2024-10-23T04:25:49.226+0000] {dag.py:3239} INFO - Sync 1 DAGs
[2024-10-23T04:25:49.237+0000] {logging_mixin.py:190} INFO - [2024-10-23T04:25:49.237+0000] {dag.py:4180} INFO - Setting next_dagrun for example_dag_decorator to None, run_after=None
[2024-10-23T04:25:49.256+0000] {processor.py:208} INFO - Processing /home/airflow/.local/lib/python3.12/site-packages/airflow/example_dags/example_dag_decorator.py took 0.148 seconds
[2024-10-23T04:26:20.932+0000] {processor.py:186} INFO - Started process (PID=14139) to work on /home/airflow/.local/lib/python3.12/site-packages/airflow/example_dags/example_dag_decorator.py
[2024-10-23T04:26:20.934+0000] {processor.py:914} INFO - Processing file /home/airflow/.local/lib/python3.12/site-packages/airflow/example_dags/example_dag_decorator.py for tasks to queue
[2024-10-23T04:26:20.935+0000] {logging_mixin.py:190} INFO - [2024-10-23T04:26:20.935+0000] {dagbag.py:588} INFO - Filling up the DagBag from /home/airflow/.local/lib/python3.12/site-packages/airflow/example_dags/example_dag_decorator.py
[2024-10-23T04:26:20.944+0000] {processor.py:925} INFO - DAG(s) 'example_dag_decorator' retrieved from /home/airflow/.local/lib/python3.12/site-packages/airflow/example_dags/example_dag_decorator.py
[2024-10-23T04:26:21.034+0000] {logging_mixin.py:190} INFO - [2024-10-23T04:26:21.034+0000] {dag.py:3239} INFO - Sync 1 DAGs
[2024-10-23T04:26:21.042+0000] {logging_mixin.py:190} INFO - [2024-10-23T04:26:21.042+0000] {dag.py:4180} INFO - Setting next_dagrun for example_dag_decorator to None, run_after=None
[2024-10-23T04:26:21.061+0000] {processor.py:208} INFO - Processing /home/airflow/.local/lib/python3.12/site-packages/airflow/example_dags/example_dag_decorator.py took 0.133 seconds
[2024-10-23T04:26:51.393+0000] {processor.py:186} INFO - Started process (PID=14202) to work on /home/airflow/.local/lib/python3.12/site-packages/airflow/example_dags/example_dag_decorator.py
[2024-10-23T04:26:51.394+0000] {processor.py:914} INFO - Processing file /home/airflow/.local/lib/python3.12/site-packages/airflow/example_dags/example_dag_decorator.py for tasks to queue
[2024-10-23T04:26:51.395+0000] {logging_mixin.py:190} INFO - [2024-10-23T04:26:51.395+0000] {dagbag.py:588} INFO - Filling up the DagBag from /home/airflow/.local/lib/python3.12/site-packages/airflow/example_dags/example_dag_decorator.py
[2024-10-23T04:26:51.403+0000] {processor.py:925} INFO - DAG(s) 'example_dag_decorator' retrieved from /home/airflow/.local/lib/python3.12/site-packages/airflow/example_dags/example_dag_decorator.py
[2024-10-23T04:26:51.493+0000] {logging_mixin.py:190} INFO - [2024-10-23T04:26:51.492+0000] {dag.py:3239} INFO - Sync 1 DAGs
[2024-10-23T04:26:51.501+0000] {logging_mixin.py:190} INFO - [2024-10-23T04:26:51.501+0000] {dag.py:4180} INFO - Setting next_dagrun for example_dag_decorator to None, run_after=None
[2024-10-23T04:26:51.518+0000] {processor.py:208} INFO - Processing /home/airflow/.local/lib/python3.12/site-packages/airflow/example_dags/example_dag_decorator.py took 0.129 seconds
[2024-10-23T04:27:21.632+0000] {processor.py:186} INFO - Started process (PID=14265) to work on /home/airflow/.local/lib/python3.12/site-packages/airflow/example_dags/example_dag_decorator.py
[2024-10-23T04:27:21.633+0000] {processor.py:914} INFO - Processing file /home/airflow/.local/lib/python3.12/site-packages/airflow/example_dags/example_dag_decorator.py for tasks to queue
[2024-10-23T04:27:21.634+0000] {logging_mixin.py:190} INFO - [2024-10-23T04:27:21.633+0000] {dagbag.py:588} INFO - Filling up the DagBag from /home/airflow/.local/lib/python3.12/site-packages/airflow/example_dags/example_dag_decorator.py
[2024-10-23T04:27:21.642+0000] {processor.py:925} INFO - DAG(s) 'example_dag_decorator' retrieved from /home/airflow/.local/lib/python3.12/site-packages/airflow/example_dags/example_dag_decorator.py
[2024-10-23T04:27:21.735+0000] {logging_mixin.py:190} INFO - [2024-10-23T04:27:21.735+0000] {dag.py:3239} INFO - Sync 1 DAGs
[2024-10-23T04:27:21.743+0000] {logging_mixin.py:190} INFO - [2024-10-23T04:27:21.743+0000] {dag.py:4180} INFO - Setting next_dagrun for example_dag_decorator to None, run_after=None
[2024-10-23T04:27:21.761+0000] {processor.py:208} INFO - Processing /home/airflow/.local/lib/python3.12/site-packages/airflow/example_dags/example_dag_decorator.py took 0.134 seconds
[2024-10-23T04:27:53.413+0000] {processor.py:186} INFO - Started process (PID=14329) to work on /home/airflow/.local/lib/python3.12/site-packages/airflow/example_dags/example_dag_decorator.py
[2024-10-23T04:27:53.417+0000] {processor.py:914} INFO - Processing file /home/airflow/.local/lib/python3.12/site-packages/airflow/example_dags/example_dag_decorator.py for tasks to queue
[2024-10-23T04:27:53.419+0000] {logging_mixin.py:190} INFO - [2024-10-23T04:27:53.418+0000] {dagbag.py:588} INFO - Filling up the DagBag from /home/airflow/.local/lib/python3.12/site-packages/airflow/example_dags/example_dag_decorator.py
[2024-10-23T04:27:53.430+0000] {processor.py:925} INFO - DAG(s) 'example_dag_decorator' retrieved from /home/airflow/.local/lib/python3.12/site-packages/airflow/example_dags/example_dag_decorator.py
[2024-10-23T04:27:53.529+0000] {logging_mixin.py:190} INFO - [2024-10-23T04:27:53.529+0000] {dag.py:3239} INFO - Sync 1 DAGs
[2024-10-23T04:27:53.536+0000] {logging_mixin.py:190} INFO - [2024-10-23T04:27:53.536+0000] {dag.py:4180} INFO - Setting next_dagrun for example_dag_decorator to None, run_after=None
[2024-10-23T04:27:53.551+0000] {processor.py:208} INFO - Processing /home/airflow/.local/lib/python3.12/site-packages/airflow/example_dags/example_dag_decorator.py took 0.142 seconds
[2024-10-23T04:28:24.997+0000] {processor.py:186} INFO - Started process (PID=14392) to work on /home/airflow/.local/lib/python3.12/site-packages/airflow/example_dags/example_dag_decorator.py
[2024-10-23T04:28:24.999+0000] {processor.py:914} INFO - Processing file /home/airflow/.local/lib/python3.12/site-packages/airflow/example_dags/example_dag_decorator.py for tasks to queue
[2024-10-23T04:28:25.001+0000] {logging_mixin.py:190} INFO - [2024-10-23T04:28:25.001+0000] {dagbag.py:588} INFO - Filling up the DagBag from /home/airflow/.local/lib/python3.12/site-packages/airflow/example_dags/example_dag_decorator.py
[2024-10-23T04:28:25.012+0000] {processor.py:925} INFO - DAG(s) 'example_dag_decorator' retrieved from /home/airflow/.local/lib/python3.12/site-packages/airflow/example_dags/example_dag_decorator.py
[2024-10-23T04:28:25.119+0000] {logging_mixin.py:190} INFO - [2024-10-23T04:28:25.119+0000] {dag.py:3239} INFO - Sync 1 DAGs
[2024-10-23T04:28:25.129+0000] {logging_mixin.py:190} INFO - [2024-10-23T04:28:25.129+0000] {dag.py:4180} INFO - Setting next_dagrun for example_dag_decorator to None, run_after=None
[2024-10-23T04:28:25.167+0000] {processor.py:208} INFO - Processing /home/airflow/.local/lib/python3.12/site-packages/airflow/example_dags/example_dag_decorator.py took 0.176 seconds
[2024-10-23T04:28:55.625+0000] {processor.py:186} INFO - Started process (PID=14455) to work on /home/airflow/.local/lib/python3.12/site-packages/airflow/example_dags/example_dag_decorator.py
[2024-10-23T04:28:55.626+0000] {processor.py:914} INFO - Processing file /home/airflow/.local/lib/python3.12/site-packages/airflow/example_dags/example_dag_decorator.py for tasks to queue
[2024-10-23T04:28:55.627+0000] {logging_mixin.py:190} INFO - [2024-10-23T04:28:55.627+0000] {dagbag.py:588} INFO - Filling up the DagBag from /home/airflow/.local/lib/python3.12/site-packages/airflow/example_dags/example_dag_decorator.py
[2024-10-23T04:28:55.637+0000] {processor.py:925} INFO - DAG(s) 'example_dag_decorator' retrieved from /home/airflow/.local/lib/python3.12/site-packages/airflow/example_dags/example_dag_decorator.py
[2024-10-23T04:28:55.734+0000] {logging_mixin.py:190} INFO - [2024-10-23T04:28:55.734+0000] {dag.py:3239} INFO - Sync 1 DAGs
[2024-10-23T04:28:55.744+0000] {logging_mixin.py:190} INFO - [2024-10-23T04:28:55.744+0000] {dag.py:4180} INFO - Setting next_dagrun for example_dag_decorator to None, run_after=None
[2024-10-23T04:28:55.760+0000] {processor.py:208} INFO - Processing /home/airflow/.local/lib/python3.12/site-packages/airflow/example_dags/example_dag_decorator.py took 0.140 seconds
[2024-10-23T04:29:27.416+0000] {processor.py:186} INFO - Started process (PID=14518) to work on /home/airflow/.local/lib/python3.12/site-packages/airflow/example_dags/example_dag_decorator.py
[2024-10-23T04:29:27.417+0000] {processor.py:914} INFO - Processing file /home/airflow/.local/lib/python3.12/site-packages/airflow/example_dags/example_dag_decorator.py for tasks to queue
[2024-10-23T04:29:27.419+0000] {logging_mixin.py:190} INFO - [2024-10-23T04:29:27.419+0000] {dagbag.py:588} INFO - Filling up the DagBag from /home/airflow/.local/lib/python3.12/site-packages/airflow/example_dags/example_dag_decorator.py
[2024-10-23T04:29:27.460+0000] {processor.py:925} INFO - DAG(s) 'example_dag_decorator' retrieved from /home/airflow/.local/lib/python3.12/site-packages/airflow/example_dags/example_dag_decorator.py
[2024-10-23T04:29:27.825+0000] {logging_mixin.py:190} INFO - [2024-10-23T04:29:27.823+0000] {dag.py:3239} INFO - Sync 1 DAGs
[2024-10-23T04:29:27.855+0000] {logging_mixin.py:190} INFO - [2024-10-23T04:29:27.855+0000] {dag.py:4180} INFO - Setting next_dagrun for example_dag_decorator to None, run_after=None
[2024-10-23T04:29:27.881+0000] {processor.py:208} INFO - Processing /home/airflow/.local/lib/python3.12/site-packages/airflow/example_dags/example_dag_decorator.py took 0.473 seconds
[2024-10-23T04:29:58.579+0000] {processor.py:186} INFO - Started process (PID=14582) to work on /home/airflow/.local/lib/python3.12/site-packages/airflow/example_dags/example_dag_decorator.py
[2024-10-23T04:29:58.581+0000] {processor.py:914} INFO - Processing file /home/airflow/.local/lib/python3.12/site-packages/airflow/example_dags/example_dag_decorator.py for tasks to queue
[2024-10-23T04:29:58.584+0000] {logging_mixin.py:190} INFO - [2024-10-23T04:29:58.583+0000] {dagbag.py:588} INFO - Filling up the DagBag from /home/airflow/.local/lib/python3.12/site-packages/airflow/example_dags/example_dag_decorator.py
[2024-10-23T04:29:58.612+0000] {processor.py:925} INFO - DAG(s) 'example_dag_decorator' retrieved from /home/airflow/.local/lib/python3.12/site-packages/airflow/example_dags/example_dag_decorator.py
[2024-10-23T04:29:58.661+0000] {logging_mixin.py:190} INFO - [2024-10-23T04:29:58.660+0000] {dag.py:3239} INFO - Sync 1 DAGs
[2024-10-23T04:29:58.690+0000] {logging_mixin.py:190} INFO - [2024-10-23T04:29:58.689+0000] {dag.py:4180} INFO - Setting next_dagrun for example_dag_decorator to None, run_after=None
[2024-10-23T04:29:58.721+0000] {processor.py:208} INFO - Processing /home/airflow/.local/lib/python3.12/site-packages/airflow/example_dags/example_dag_decorator.py took 0.154 seconds
[2024-10-23T04:30:28.964+0000] {processor.py:186} INFO - Started process (PID=14644) to work on /home/airflow/.local/lib/python3.12/site-packages/airflow/example_dags/example_dag_decorator.py
[2024-10-23T04:30:28.965+0000] {processor.py:914} INFO - Processing file /home/airflow/.local/lib/python3.12/site-packages/airflow/example_dags/example_dag_decorator.py for tasks to queue
[2024-10-23T04:30:28.968+0000] {logging_mixin.py:190} INFO - [2024-10-23T04:30:28.967+0000] {dagbag.py:588} INFO - Filling up the DagBag from /home/airflow/.local/lib/python3.12/site-packages/airflow/example_dags/example_dag_decorator.py
[2024-10-23T04:30:28.983+0000] {processor.py:925} INFO - DAG(s) 'example_dag_decorator' retrieved from /home/airflow/.local/lib/python3.12/site-packages/airflow/example_dags/example_dag_decorator.py
[2024-10-23T04:30:29.087+0000] {logging_mixin.py:190} INFO - [2024-10-23T04:30:29.087+0000] {dag.py:3239} INFO - Sync 1 DAGs
[2024-10-23T04:30:29.096+0000] {logging_mixin.py:190} INFO - [2024-10-23T04:30:29.096+0000] {dag.py:4180} INFO - Setting next_dagrun for example_dag_decorator to None, run_after=None
[2024-10-23T04:30:29.114+0000] {processor.py:208} INFO - Processing /home/airflow/.local/lib/python3.12/site-packages/airflow/example_dags/example_dag_decorator.py took 0.155 seconds
[2024-10-23T04:30:59.722+0000] {processor.py:186} INFO - Started process (PID=14707) to work on /home/airflow/.local/lib/python3.12/site-packages/airflow/example_dags/example_dag_decorator.py
[2024-10-23T04:30:59.723+0000] {processor.py:914} INFO - Processing file /home/airflow/.local/lib/python3.12/site-packages/airflow/example_dags/example_dag_decorator.py for tasks to queue
[2024-10-23T04:30:59.725+0000] {logging_mixin.py:190} INFO - [2024-10-23T04:30:59.724+0000] {dagbag.py:588} INFO - Filling up the DagBag from /home/airflow/.local/lib/python3.12/site-packages/airflow/example_dags/example_dag_decorator.py
[2024-10-23T04:30:59.744+0000] {processor.py:925} INFO - DAG(s) 'example_dag_decorator' retrieved from /home/airflow/.local/lib/python3.12/site-packages/airflow/example_dags/example_dag_decorator.py
[2024-10-23T04:30:59.924+0000] {logging_mixin.py:190} INFO - [2024-10-23T04:30:59.923+0000] {dag.py:3239} INFO - Sync 1 DAGs
[2024-10-23T04:30:59.984+0000] {logging_mixin.py:190} INFO - [2024-10-23T04:30:59.984+0000] {dag.py:4180} INFO - Setting next_dagrun for example_dag_decorator to None, run_after=None
[2024-10-23T04:31:00.054+0000] {processor.py:208} INFO - Processing /home/airflow/.local/lib/python3.12/site-packages/airflow/example_dags/example_dag_decorator.py took 0.344 seconds
[2024-10-23T04:31:30.497+0000] {processor.py:186} INFO - Started process (PID=14770) to work on /home/airflow/.local/lib/python3.12/site-packages/airflow/example_dags/example_dag_decorator.py
[2024-10-23T04:31:30.501+0000] {processor.py:914} INFO - Processing file /home/airflow/.local/lib/python3.12/site-packages/airflow/example_dags/example_dag_decorator.py for tasks to queue
[2024-10-23T04:31:30.502+0000] {logging_mixin.py:190} INFO - [2024-10-23T04:31:30.502+0000] {dagbag.py:588} INFO - Filling up the DagBag from /home/airflow/.local/lib/python3.12/site-packages/airflow/example_dags/example_dag_decorator.py
[2024-10-23T04:31:30.513+0000] {processor.py:925} INFO - DAG(s) 'example_dag_decorator' retrieved from /home/airflow/.local/lib/python3.12/site-packages/airflow/example_dags/example_dag_decorator.py
[2024-10-23T04:31:30.531+0000] {logging_mixin.py:190} INFO - [2024-10-23T04:31:30.531+0000] {dag.py:3239} INFO - Sync 1 DAGs
[2024-10-23T04:31:30.542+0000] {logging_mixin.py:190} INFO - [2024-10-23T04:31:30.542+0000] {dag.py:4180} INFO - Setting next_dagrun for example_dag_decorator to None, run_after=None
[2024-10-23T04:31:30.552+0000] {processor.py:208} INFO - Processing /home/airflow/.local/lib/python3.12/site-packages/airflow/example_dags/example_dag_decorator.py took 0.063 seconds
[2024-10-23T04:32:01.088+0000] {processor.py:186} INFO - Started process (PID=14832) to work on /home/airflow/.local/lib/python3.12/site-packages/airflow/example_dags/example_dag_decorator.py
[2024-10-23T04:32:01.089+0000] {processor.py:914} INFO - Processing file /home/airflow/.local/lib/python3.12/site-packages/airflow/example_dags/example_dag_decorator.py for tasks to queue
[2024-10-23T04:32:01.090+0000] {logging_mixin.py:190} INFO - [2024-10-23T04:32:01.090+0000] {dagbag.py:588} INFO - Filling up the DagBag from /home/airflow/.local/lib/python3.12/site-packages/airflow/example_dags/example_dag_decorator.py
[2024-10-23T04:32:01.101+0000] {processor.py:925} INFO - DAG(s) 'example_dag_decorator' retrieved from /home/airflow/.local/lib/python3.12/site-packages/airflow/example_dags/example_dag_decorator.py
[2024-10-23T04:32:01.128+0000] {logging_mixin.py:190} INFO - [2024-10-23T04:32:01.128+0000] {dag.py:3239} INFO - Sync 1 DAGs
[2024-10-23T04:32:01.145+0000] {logging_mixin.py:190} INFO - [2024-10-23T04:32:01.144+0000] {dag.py:4180} INFO - Setting next_dagrun for example_dag_decorator to None, run_after=None
[2024-10-23T04:32:01.163+0000] {processor.py:208} INFO - Processing /home/airflow/.local/lib/python3.12/site-packages/airflow/example_dags/example_dag_decorator.py took 0.080 seconds
[2024-10-23T04:32:32.407+0000] {processor.py:186} INFO - Started process (PID=14895) to work on /home/airflow/.local/lib/python3.12/site-packages/airflow/example_dags/example_dag_decorator.py
[2024-10-23T04:32:32.411+0000] {processor.py:914} INFO - Processing file /home/airflow/.local/lib/python3.12/site-packages/airflow/example_dags/example_dag_decorator.py for tasks to queue
[2024-10-23T04:32:32.412+0000] {logging_mixin.py:190} INFO - [2024-10-23T04:32:32.412+0000] {dagbag.py:588} INFO - Filling up the DagBag from /home/airflow/.local/lib/python3.12/site-packages/airflow/example_dags/example_dag_decorator.py
[2024-10-23T04:32:32.422+0000] {processor.py:925} INFO - DAG(s) 'example_dag_decorator' retrieved from /home/airflow/.local/lib/python3.12/site-packages/airflow/example_dags/example_dag_decorator.py
[2024-10-23T04:32:32.500+0000] {logging_mixin.py:190} INFO - [2024-10-23T04:32:32.500+0000] {dag.py:3239} INFO - Sync 1 DAGs
[2024-10-23T04:32:32.515+0000] {logging_mixin.py:190} INFO - [2024-10-23T04:32:32.515+0000] {dag.py:4180} INFO - Setting next_dagrun for example_dag_decorator to None, run_after=None
[2024-10-23T04:32:32.529+0000] {processor.py:208} INFO - Processing /home/airflow/.local/lib/python3.12/site-packages/airflow/example_dags/example_dag_decorator.py took 0.126 seconds
[2024-10-23T04:33:03.313+0000] {processor.py:186} INFO - Started process (PID=14958) to work on /home/airflow/.local/lib/python3.12/site-packages/airflow/example_dags/example_dag_decorator.py
[2024-10-23T04:33:03.314+0000] {processor.py:914} INFO - Processing file /home/airflow/.local/lib/python3.12/site-packages/airflow/example_dags/example_dag_decorator.py for tasks to queue
[2024-10-23T04:33:03.316+0000] {logging_mixin.py:190} INFO - [2024-10-23T04:33:03.315+0000] {dagbag.py:588} INFO - Filling up the DagBag from /home/airflow/.local/lib/python3.12/site-packages/airflow/example_dags/example_dag_decorator.py
[2024-10-23T04:33:03.325+0000] {processor.py:925} INFO - DAG(s) 'example_dag_decorator' retrieved from /home/airflow/.local/lib/python3.12/site-packages/airflow/example_dags/example_dag_decorator.py
[2024-10-23T04:33:03.399+0000] {logging_mixin.py:190} INFO - [2024-10-23T04:33:03.399+0000] {dag.py:3239} INFO - Sync 1 DAGs
[2024-10-23T04:33:03.408+0000] {logging_mixin.py:190} INFO - [2024-10-23T04:33:03.408+0000] {dag.py:4180} INFO - Setting next_dagrun for example_dag_decorator to None, run_after=None
[2024-10-23T04:33:03.419+0000] {processor.py:208} INFO - Processing /home/airflow/.local/lib/python3.12/site-packages/airflow/example_dags/example_dag_decorator.py took 0.111 seconds
[2024-10-23T04:33:34.082+0000] {processor.py:186} INFO - Started process (PID=15021) to work on /home/airflow/.local/lib/python3.12/site-packages/airflow/example_dags/example_dag_decorator.py
[2024-10-23T04:33:34.084+0000] {processor.py:914} INFO - Processing file /home/airflow/.local/lib/python3.12/site-packages/airflow/example_dags/example_dag_decorator.py for tasks to queue
[2024-10-23T04:33:34.085+0000] {logging_mixin.py:190} INFO - [2024-10-23T04:33:34.085+0000] {dagbag.py:588} INFO - Filling up the DagBag from /home/airflow/.local/lib/python3.12/site-packages/airflow/example_dags/example_dag_decorator.py
[2024-10-23T04:33:34.093+0000] {processor.py:925} INFO - DAG(s) 'example_dag_decorator' retrieved from /home/airflow/.local/lib/python3.12/site-packages/airflow/example_dags/example_dag_decorator.py
[2024-10-23T04:33:34.172+0000] {logging_mixin.py:190} INFO - [2024-10-23T04:33:34.172+0000] {dag.py:3239} INFO - Sync 1 DAGs
[2024-10-23T04:33:34.182+0000] {logging_mixin.py:190} INFO - [2024-10-23T04:33:34.182+0000] {dag.py:4180} INFO - Setting next_dagrun for example_dag_decorator to None, run_after=None
[2024-10-23T04:33:34.194+0000] {processor.py:208} INFO - Processing /home/airflow/.local/lib/python3.12/site-packages/airflow/example_dags/example_dag_decorator.py took 0.116 seconds
[2024-10-23T04:34:05.145+0000] {processor.py:186} INFO - Started process (PID=15084) to work on /home/airflow/.local/lib/python3.12/site-packages/airflow/example_dags/example_dag_decorator.py
[2024-10-23T04:34:05.146+0000] {processor.py:914} INFO - Processing file /home/airflow/.local/lib/python3.12/site-packages/airflow/example_dags/example_dag_decorator.py for tasks to queue
[2024-10-23T04:34:05.147+0000] {logging_mixin.py:190} INFO - [2024-10-23T04:34:05.146+0000] {dagbag.py:588} INFO - Filling up the DagBag from /home/airflow/.local/lib/python3.12/site-packages/airflow/example_dags/example_dag_decorator.py
[2024-10-23T04:34:05.154+0000] {processor.py:925} INFO - DAG(s) 'example_dag_decorator' retrieved from /home/airflow/.local/lib/python3.12/site-packages/airflow/example_dags/example_dag_decorator.py
[2024-10-23T04:34:05.234+0000] {logging_mixin.py:190} INFO - [2024-10-23T04:34:05.234+0000] {dag.py:3239} INFO - Sync 1 DAGs
[2024-10-23T04:34:05.242+0000] {logging_mixin.py:190} INFO - [2024-10-23T04:34:05.242+0000] {dag.py:4180} INFO - Setting next_dagrun for example_dag_decorator to None, run_after=None
[2024-10-23T04:34:05.253+0000] {processor.py:208} INFO - Processing /home/airflow/.local/lib/python3.12/site-packages/airflow/example_dags/example_dag_decorator.py took 0.113 seconds
[2024-10-23T04:34:36.741+0000] {processor.py:186} INFO - Started process (PID=15147) to work on /home/airflow/.local/lib/python3.12/site-packages/airflow/example_dags/example_dag_decorator.py
[2024-10-23T04:34:36.743+0000] {processor.py:914} INFO - Processing file /home/airflow/.local/lib/python3.12/site-packages/airflow/example_dags/example_dag_decorator.py for tasks to queue
[2024-10-23T04:34:36.744+0000] {logging_mixin.py:190} INFO - [2024-10-23T04:34:36.744+0000] {dagbag.py:588} INFO - Filling up the DagBag from /home/airflow/.local/lib/python3.12/site-packages/airflow/example_dags/example_dag_decorator.py
[2024-10-23T04:34:36.756+0000] {processor.py:925} INFO - DAG(s) 'example_dag_decorator' retrieved from /home/airflow/.local/lib/python3.12/site-packages/airflow/example_dags/example_dag_decorator.py
[2024-10-23T04:34:36.849+0000] {logging_mixin.py:190} INFO - [2024-10-23T04:34:36.849+0000] {dag.py:3239} INFO - Sync 1 DAGs
[2024-10-23T04:34:36.857+0000] {logging_mixin.py:190} INFO - [2024-10-23T04:34:36.857+0000] {dag.py:4180} INFO - Setting next_dagrun for example_dag_decorator to None, run_after=None
[2024-10-23T04:34:36.869+0000] {processor.py:208} INFO - Processing /home/airflow/.local/lib/python3.12/site-packages/airflow/example_dags/example_dag_decorator.py took 0.133 seconds
[2024-10-23T04:35:08.319+0000] {processor.py:186} INFO - Started process (PID=15210) to work on /home/airflow/.local/lib/python3.12/site-packages/airflow/example_dags/example_dag_decorator.py
[2024-10-23T04:35:08.321+0000] {processor.py:914} INFO - Processing file /home/airflow/.local/lib/python3.12/site-packages/airflow/example_dags/example_dag_decorator.py for tasks to queue
[2024-10-23T04:35:08.322+0000] {logging_mixin.py:190} INFO - [2024-10-23T04:35:08.322+0000] {dagbag.py:588} INFO - Filling up the DagBag from /home/airflow/.local/lib/python3.12/site-packages/airflow/example_dags/example_dag_decorator.py
[2024-10-23T04:35:08.332+0000] {processor.py:925} INFO - DAG(s) 'example_dag_decorator' retrieved from /home/airflow/.local/lib/python3.12/site-packages/airflow/example_dags/example_dag_decorator.py
[2024-10-23T04:35:08.579+0000] {logging_mixin.py:190} INFO - [2024-10-23T04:35:08.579+0000] {dag.py:3239} INFO - Sync 1 DAGs
[2024-10-23T04:35:08.586+0000] {logging_mixin.py:190} INFO - [2024-10-23T04:35:08.586+0000] {dag.py:4180} INFO - Setting next_dagrun for example_dag_decorator to None, run_after=None
[2024-10-23T04:35:08.601+0000] {processor.py:208} INFO - Processing /home/airflow/.local/lib/python3.12/site-packages/airflow/example_dags/example_dag_decorator.py took 0.287 seconds
[2024-10-23T04:35:40.647+0000] {processor.py:186} INFO - Started process (PID=15276) to work on /home/airflow/.local/lib/python3.12/site-packages/airflow/example_dags/example_dag_decorator.py
[2024-10-23T04:35:40.648+0000] {processor.py:914} INFO - Processing file /home/airflow/.local/lib/python3.12/site-packages/airflow/example_dags/example_dag_decorator.py for tasks to queue
[2024-10-23T04:35:40.649+0000] {logging_mixin.py:190} INFO - [2024-10-23T04:35:40.649+0000] {dagbag.py:588} INFO - Filling up the DagBag from /home/airflow/.local/lib/python3.12/site-packages/airflow/example_dags/example_dag_decorator.py
[2024-10-23T04:35:40.663+0000] {processor.py:925} INFO - DAG(s) 'example_dag_decorator' retrieved from /home/airflow/.local/lib/python3.12/site-packages/airflow/example_dags/example_dag_decorator.py
[2024-10-23T04:35:40.977+0000] {logging_mixin.py:190} INFO - [2024-10-23T04:35:40.977+0000] {dag.py:3239} INFO - Sync 1 DAGs
[2024-10-23T04:35:41.000+0000] {logging_mixin.py:190} INFO - [2024-10-23T04:35:41.000+0000] {dag.py:4180} INFO - Setting next_dagrun for example_dag_decorator to None, run_after=None
[2024-10-23T04:35:41.019+0000] {processor.py:208} INFO - Processing /home/airflow/.local/lib/python3.12/site-packages/airflow/example_dags/example_dag_decorator.py took 0.377 seconds
[2024-10-23T04:36:12.226+0000] {processor.py:186} INFO - Started process (PID=15341) to work on /home/airflow/.local/lib/python3.12/site-packages/airflow/example_dags/example_dag_decorator.py
[2024-10-23T04:36:12.228+0000] {processor.py:914} INFO - Processing file /home/airflow/.local/lib/python3.12/site-packages/airflow/example_dags/example_dag_decorator.py for tasks to queue
[2024-10-23T04:36:12.229+0000] {logging_mixin.py:190} INFO - [2024-10-23T04:36:12.228+0000] {dagbag.py:588} INFO - Filling up the DagBag from /home/airflow/.local/lib/python3.12/site-packages/airflow/example_dags/example_dag_decorator.py
[2024-10-23T04:36:12.239+0000] {processor.py:925} INFO - DAG(s) 'example_dag_decorator' retrieved from /home/airflow/.local/lib/python3.12/site-packages/airflow/example_dags/example_dag_decorator.py
[2024-10-23T04:36:12.486+0000] {logging_mixin.py:190} INFO - [2024-10-23T04:36:12.486+0000] {dag.py:3239} INFO - Sync 1 DAGs
[2024-10-23T04:36:12.494+0000] {logging_mixin.py:190} INFO - [2024-10-23T04:36:12.494+0000] {dag.py:4180} INFO - Setting next_dagrun for example_dag_decorator to None, run_after=None
[2024-10-23T04:36:12.505+0000] {processor.py:208} INFO - Processing /home/airflow/.local/lib/python3.12/site-packages/airflow/example_dags/example_dag_decorator.py took 0.285 seconds
[2024-10-23T04:36:43.290+0000] {processor.py:186} INFO - Started process (PID=15405) to work on /home/airflow/.local/lib/python3.12/site-packages/airflow/example_dags/example_dag_decorator.py
[2024-10-23T04:36:43.291+0000] {processor.py:914} INFO - Processing file /home/airflow/.local/lib/python3.12/site-packages/airflow/example_dags/example_dag_decorator.py for tasks to queue
[2024-10-23T04:36:43.292+0000] {logging_mixin.py:190} INFO - [2024-10-23T04:36:43.292+0000] {dagbag.py:588} INFO - Filling up the DagBag from /home/airflow/.local/lib/python3.12/site-packages/airflow/example_dags/example_dag_decorator.py
[2024-10-23T04:36:43.306+0000] {processor.py:925} INFO - DAG(s) 'example_dag_decorator' retrieved from /home/airflow/.local/lib/python3.12/site-packages/airflow/example_dags/example_dag_decorator.py
[2024-10-23T04:36:44.079+0000] {logging_mixin.py:190} INFO - [2024-10-23T04:36:44.079+0000] {dag.py:3239} INFO - Sync 1 DAGs
[2024-10-23T04:36:44.088+0000] {logging_mixin.py:190} INFO - [2024-10-23T04:36:44.087+0000] {dag.py:4180} INFO - Setting next_dagrun for example_dag_decorator to None, run_after=None
[2024-10-23T04:36:44.106+0000] {processor.py:208} INFO - Processing /home/airflow/.local/lib/python3.12/site-packages/airflow/example_dags/example_dag_decorator.py took 0.824 seconds
[2024-10-23T04:37:16.287+0000] {processor.py:186} INFO - Started process (PID=15468) to work on /home/airflow/.local/lib/python3.12/site-packages/airflow/example_dags/example_dag_decorator.py
[2024-10-23T04:37:16.288+0000] {processor.py:914} INFO - Processing file /home/airflow/.local/lib/python3.12/site-packages/airflow/example_dags/example_dag_decorator.py for tasks to queue
[2024-10-23T04:37:16.288+0000] {logging_mixin.py:190} INFO - [2024-10-23T04:37:16.288+0000] {dagbag.py:588} INFO - Filling up the DagBag from /home/airflow/.local/lib/python3.12/site-packages/airflow/example_dags/example_dag_decorator.py
[2024-10-23T04:37:16.298+0000] {processor.py:925} INFO - DAG(s) 'example_dag_decorator' retrieved from /home/airflow/.local/lib/python3.12/site-packages/airflow/example_dags/example_dag_decorator.py
[2024-10-23T04:37:17.441+0000] {logging_mixin.py:190} INFO - [2024-10-23T04:37:17.441+0000] {dag.py:3239} INFO - Sync 1 DAGs
[2024-10-23T04:37:17.457+0000] {logging_mixin.py:190} INFO - [2024-10-23T04:37:17.457+0000] {dag.py:4180} INFO - Setting next_dagrun for example_dag_decorator to None, run_after=None
[2024-10-23T04:37:17.471+0000] {processor.py:208} INFO - Processing /home/airflow/.local/lib/python3.12/site-packages/airflow/example_dags/example_dag_decorator.py took 1.189 seconds
[2024-10-23T04:37:48.480+0000] {processor.py:186} INFO - Started process (PID=15537) to work on /home/airflow/.local/lib/python3.12/site-packages/airflow/example_dags/example_dag_decorator.py
[2024-10-23T04:37:48.480+0000] {processor.py:914} INFO - Processing file /home/airflow/.local/lib/python3.12/site-packages/airflow/example_dags/example_dag_decorator.py for tasks to queue
[2024-10-23T04:37:48.482+0000] {logging_mixin.py:190} INFO - [2024-10-23T04:37:48.481+0000] {dagbag.py:588} INFO - Filling up the DagBag from /home/airflow/.local/lib/python3.12/site-packages/airflow/example_dags/example_dag_decorator.py
[2024-10-23T04:37:48.500+0000] {processor.py:925} INFO - DAG(s) 'example_dag_decorator' retrieved from /home/airflow/.local/lib/python3.12/site-packages/airflow/example_dags/example_dag_decorator.py
[2024-10-23T04:37:48.675+0000] {logging_mixin.py:190} INFO - [2024-10-23T04:37:48.674+0000] {dag.py:3239} INFO - Sync 1 DAGs
[2024-10-23T04:37:48.928+0000] {logging_mixin.py:190} INFO - [2024-10-23T04:37:48.927+0000] {dag.py:4180} INFO - Setting next_dagrun for example_dag_decorator to None, run_after=None
[2024-10-23T04:37:48.943+0000] {processor.py:208} INFO - Processing /home/airflow/.local/lib/python3.12/site-packages/airflow/example_dags/example_dag_decorator.py took 0.469 seconds
[2024-10-23T04:38:20.273+0000] {processor.py:186} INFO - Started process (PID=15600) to work on /home/airflow/.local/lib/python3.12/site-packages/airflow/example_dags/example_dag_decorator.py
[2024-10-23T04:38:20.274+0000] {processor.py:914} INFO - Processing file /home/airflow/.local/lib/python3.12/site-packages/airflow/example_dags/example_dag_decorator.py for tasks to queue
[2024-10-23T04:38:20.276+0000] {logging_mixin.py:190} INFO - [2024-10-23T04:38:20.276+0000] {dagbag.py:588} INFO - Filling up the DagBag from /home/airflow/.local/lib/python3.12/site-packages/airflow/example_dags/example_dag_decorator.py
[2024-10-23T04:38:20.295+0000] {processor.py:925} INFO - DAG(s) 'example_dag_decorator' retrieved from /home/airflow/.local/lib/python3.12/site-packages/airflow/example_dags/example_dag_decorator.py
[2024-10-23T04:38:20.580+0000] {logging_mixin.py:190} INFO - [2024-10-23T04:38:20.580+0000] {dag.py:3239} INFO - Sync 1 DAGs
[2024-10-23T04:38:20.591+0000] {logging_mixin.py:190} INFO - [2024-10-23T04:38:20.591+0000] {dag.py:4180} INFO - Setting next_dagrun for example_dag_decorator to None, run_after=None
[2024-10-23T04:38:20.603+0000] {processor.py:208} INFO - Processing /home/airflow/.local/lib/python3.12/site-packages/airflow/example_dags/example_dag_decorator.py took 0.339 seconds
[2024-10-23T04:38:51.786+0000] {processor.py:186} INFO - Started process (PID=15663) to work on /home/airflow/.local/lib/python3.12/site-packages/airflow/example_dags/example_dag_decorator.py
[2024-10-23T04:38:51.787+0000] {processor.py:914} INFO - Processing file /home/airflow/.local/lib/python3.12/site-packages/airflow/example_dags/example_dag_decorator.py for tasks to queue
[2024-10-23T04:38:51.788+0000] {logging_mixin.py:190} INFO - [2024-10-23T04:38:51.788+0000] {dagbag.py:588} INFO - Filling up the DagBag from /home/airflow/.local/lib/python3.12/site-packages/airflow/example_dags/example_dag_decorator.py
[2024-10-23T04:38:51.807+0000] {processor.py:925} INFO - DAG(s) 'example_dag_decorator' retrieved from /home/airflow/.local/lib/python3.12/site-packages/airflow/example_dags/example_dag_decorator.py
[2024-10-23T04:38:52.316+0000] {logging_mixin.py:190} INFO - [2024-10-23T04:38:52.315+0000] {dag.py:3239} INFO - Sync 1 DAGs
[2024-10-23T04:38:52.328+0000] {logging_mixin.py:190} INFO - [2024-10-23T04:38:52.328+0000] {dag.py:4180} INFO - Setting next_dagrun for example_dag_decorator to None, run_after=None
[2024-10-23T04:38:52.345+0000] {processor.py:208} INFO - Processing /home/airflow/.local/lib/python3.12/site-packages/airflow/example_dags/example_dag_decorator.py took 0.566 seconds
[2024-10-23T04:39:22.842+0000] {processor.py:186} INFO - Started process (PID=15726) to work on /home/airflow/.local/lib/python3.12/site-packages/airflow/example_dags/example_dag_decorator.py
[2024-10-23T04:39:22.843+0000] {processor.py:914} INFO - Processing file /home/airflow/.local/lib/python3.12/site-packages/airflow/example_dags/example_dag_decorator.py for tasks to queue
[2024-10-23T04:39:22.844+0000] {logging_mixin.py:190} INFO - [2024-10-23T04:39:22.844+0000] {dagbag.py:588} INFO - Filling up the DagBag from /home/airflow/.local/lib/python3.12/site-packages/airflow/example_dags/example_dag_decorator.py
[2024-10-23T04:39:22.857+0000] {processor.py:925} INFO - DAG(s) 'example_dag_decorator' retrieved from /home/airflow/.local/lib/python3.12/site-packages/airflow/example_dags/example_dag_decorator.py
[2024-10-23T04:39:23.203+0000] {logging_mixin.py:190} INFO - [2024-10-23T04:39:23.203+0000] {dag.py:3239} INFO - Sync 1 DAGs
[2024-10-23T04:39:23.212+0000] {logging_mixin.py:190} INFO - [2024-10-23T04:39:23.211+0000] {dag.py:4180} INFO - Setting next_dagrun for example_dag_decorator to None, run_after=None
[2024-10-23T04:39:23.224+0000] {processor.py:208} INFO - Processing /home/airflow/.local/lib/python3.12/site-packages/airflow/example_dags/example_dag_decorator.py took 0.387 seconds
[2024-10-23T04:39:54.102+0000] {processor.py:186} INFO - Started process (PID=15789) to work on /home/airflow/.local/lib/python3.12/site-packages/airflow/example_dags/example_dag_decorator.py
[2024-10-23T04:39:54.106+0000] {processor.py:914} INFO - Processing file /home/airflow/.local/lib/python3.12/site-packages/airflow/example_dags/example_dag_decorator.py for tasks to queue
[2024-10-23T04:39:54.108+0000] {logging_mixin.py:190} INFO - [2024-10-23T04:39:54.107+0000] {dagbag.py:588} INFO - Filling up the DagBag from /home/airflow/.local/lib/python3.12/site-packages/airflow/example_dags/example_dag_decorator.py
[2024-10-23T04:39:54.118+0000] {processor.py:925} INFO - DAG(s) 'example_dag_decorator' retrieved from /home/airflow/.local/lib/python3.12/site-packages/airflow/example_dags/example_dag_decorator.py
[2024-10-23T04:39:54.139+0000] {logging_mixin.py:190} INFO - [2024-10-23T04:39:54.138+0000] {dag.py:3239} INFO - Sync 1 DAGs
[2024-10-23T04:39:54.158+0000] {logging_mixin.py:190} INFO - [2024-10-23T04:39:54.158+0000] {dag.py:4180} INFO - Setting next_dagrun for example_dag_decorator to None, run_after=None
[2024-10-23T04:39:54.181+0000] {processor.py:208} INFO - Processing /home/airflow/.local/lib/python3.12/site-packages/airflow/example_dags/example_dag_decorator.py took 0.083 seconds
[2024-10-23T04:40:27.927+0000] {processor.py:186} INFO - Started process (PID=15852) to work on /home/airflow/.local/lib/python3.12/site-packages/airflow/example_dags/example_dag_decorator.py
[2024-10-23T04:40:27.929+0000] {processor.py:914} INFO - Processing file /home/airflow/.local/lib/python3.12/site-packages/airflow/example_dags/example_dag_decorator.py for tasks to queue
[2024-10-23T04:40:27.930+0000] {logging_mixin.py:190} INFO - [2024-10-23T04:40:27.930+0000] {dagbag.py:588} INFO - Filling up the DagBag from /home/airflow/.local/lib/python3.12/site-packages/airflow/example_dags/example_dag_decorator.py
[2024-10-23T04:40:28.219+0000] {processor.py:925} INFO - DAG(s) 'example_dag_decorator' retrieved from /home/airflow/.local/lib/python3.12/site-packages/airflow/example_dags/example_dag_decorator.py
[2024-10-23T04:40:29.018+0000] {logging_mixin.py:190} INFO - [2024-10-23T04:40:29.012+0000] {dag.py:3239} INFO - Sync 1 DAGs
[2024-10-23T04:40:29.044+0000] {logging_mixin.py:190} INFO - [2024-10-23T04:40:29.043+0000] {dag.py:4180} INFO - Setting next_dagrun for example_dag_decorator to None, run_after=None
[2024-10-23T04:40:29.069+0000] {processor.py:208} INFO - Processing /home/airflow/.local/lib/python3.12/site-packages/airflow/example_dags/example_dag_decorator.py took 1.147 seconds
[2024-10-23T04:40:59.988+0000] {processor.py:186} INFO - Started process (PID=15915) to work on /home/airflow/.local/lib/python3.12/site-packages/airflow/example_dags/example_dag_decorator.py
[2024-10-23T04:40:59.989+0000] {processor.py:914} INFO - Processing file /home/airflow/.local/lib/python3.12/site-packages/airflow/example_dags/example_dag_decorator.py for tasks to queue
[2024-10-23T04:40:59.990+0000] {logging_mixin.py:190} INFO - [2024-10-23T04:40:59.990+0000] {dagbag.py:588} INFO - Filling up the DagBag from /home/airflow/.local/lib/python3.12/site-packages/airflow/example_dags/example_dag_decorator.py
[2024-10-23T04:41:00.009+0000] {processor.py:925} INFO - DAG(s) 'example_dag_decorator' retrieved from /home/airflow/.local/lib/python3.12/site-packages/airflow/example_dags/example_dag_decorator.py
[2024-10-23T04:41:00.044+0000] {logging_mixin.py:190} INFO - [2024-10-23T04:41:00.044+0000] {dag.py:3239} INFO - Sync 1 DAGs
[2024-10-23T04:41:00.062+0000] {logging_mixin.py:190} INFO - [2024-10-23T04:41:00.062+0000] {dag.py:4180} INFO - Setting next_dagrun for example_dag_decorator to None, run_after=None
[2024-10-23T04:41:00.079+0000] {processor.py:208} INFO - Processing /home/airflow/.local/lib/python3.12/site-packages/airflow/example_dags/example_dag_decorator.py took 0.099 seconds
[2024-10-23T04:41:30.694+0000] {processor.py:186} INFO - Started process (PID=15979) to work on /home/airflow/.local/lib/python3.12/site-packages/airflow/example_dags/example_dag_decorator.py
[2024-10-23T04:41:30.695+0000] {processor.py:914} INFO - Processing file /home/airflow/.local/lib/python3.12/site-packages/airflow/example_dags/example_dag_decorator.py for tasks to queue
[2024-10-23T04:41:30.698+0000] {logging_mixin.py:190} INFO - [2024-10-23T04:41:30.698+0000] {dagbag.py:588} INFO - Filling up the DagBag from /home/airflow/.local/lib/python3.12/site-packages/airflow/example_dags/example_dag_decorator.py
[2024-10-23T04:41:30.715+0000] {processor.py:925} INFO - DAG(s) 'example_dag_decorator' retrieved from /home/airflow/.local/lib/python3.12/site-packages/airflow/example_dags/example_dag_decorator.py
[2024-10-23T04:41:30.748+0000] {logging_mixin.py:190} INFO - [2024-10-23T04:41:30.748+0000] {dag.py:3239} INFO - Sync 1 DAGs
[2024-10-23T04:41:30.763+0000] {logging_mixin.py:190} INFO - [2024-10-23T04:41:30.763+0000] {dag.py:4180} INFO - Setting next_dagrun for example_dag_decorator to None, run_after=None
[2024-10-23T04:41:30.791+0000] {processor.py:208} INFO - Processing /home/airflow/.local/lib/python3.12/site-packages/airflow/example_dags/example_dag_decorator.py took 0.103 seconds
[2024-10-23T04:42:01.539+0000] {processor.py:186} INFO - Started process (PID=16042) to work on /home/airflow/.local/lib/python3.12/site-packages/airflow/example_dags/example_dag_decorator.py
[2024-10-23T04:42:01.542+0000] {processor.py:914} INFO - Processing file /home/airflow/.local/lib/python3.12/site-packages/airflow/example_dags/example_dag_decorator.py for tasks to queue
[2024-10-23T04:42:01.548+0000] {logging_mixin.py:190} INFO - [2024-10-23T04:42:01.546+0000] {dagbag.py:588} INFO - Filling up the DagBag from /home/airflow/.local/lib/python3.12/site-packages/airflow/example_dags/example_dag_decorator.py
[2024-10-23T04:42:01.606+0000] {processor.py:925} INFO - DAG(s) 'example_dag_decorator' retrieved from /home/airflow/.local/lib/python3.12/site-packages/airflow/example_dags/example_dag_decorator.py
[2024-10-23T04:42:01.829+0000] {logging_mixin.py:190} INFO - [2024-10-23T04:42:01.829+0000] {dag.py:3239} INFO - Sync 1 DAGs
[2024-10-23T04:42:01.844+0000] {logging_mixin.py:190} INFO - [2024-10-23T04:42:01.844+0000] {dag.py:4180} INFO - Setting next_dagrun for example_dag_decorator to None, run_after=None
[2024-10-23T04:42:01.866+0000] {processor.py:208} INFO - Processing /home/airflow/.local/lib/python3.12/site-packages/airflow/example_dags/example_dag_decorator.py took 0.349 seconds
[2024-10-23T04:42:32.898+0000] {processor.py:186} INFO - Started process (PID=16105) to work on /home/airflow/.local/lib/python3.12/site-packages/airflow/example_dags/example_dag_decorator.py
[2024-10-23T04:42:32.900+0000] {processor.py:914} INFO - Processing file /home/airflow/.local/lib/python3.12/site-packages/airflow/example_dags/example_dag_decorator.py for tasks to queue
[2024-10-23T04:42:32.904+0000] {logging_mixin.py:190} INFO - [2024-10-23T04:42:32.903+0000] {dagbag.py:588} INFO - Filling up the DagBag from /home/airflow/.local/lib/python3.12/site-packages/airflow/example_dags/example_dag_decorator.py
[2024-10-23T04:42:32.937+0000] {processor.py:925} INFO - DAG(s) 'example_dag_decorator' retrieved from /home/airflow/.local/lib/python3.12/site-packages/airflow/example_dags/example_dag_decorator.py
[2024-10-23T04:42:33.077+0000] {logging_mixin.py:190} INFO - [2024-10-23T04:42:33.077+0000] {dag.py:3239} INFO - Sync 1 DAGs
[2024-10-23T04:42:33.088+0000] {logging_mixin.py:190} INFO - [2024-10-23T04:42:33.088+0000] {dag.py:4180} INFO - Setting next_dagrun for example_dag_decorator to None, run_after=None
[2024-10-23T04:42:33.104+0000] {processor.py:208} INFO - Processing /home/airflow/.local/lib/python3.12/site-packages/airflow/example_dags/example_dag_decorator.py took 0.215 seconds
[2024-10-23T04:43:04.143+0000] {processor.py:186} INFO - Started process (PID=16168) to work on /home/airflow/.local/lib/python3.12/site-packages/airflow/example_dags/example_dag_decorator.py
[2024-10-23T04:43:04.144+0000] {processor.py:914} INFO - Processing file /home/airflow/.local/lib/python3.12/site-packages/airflow/example_dags/example_dag_decorator.py for tasks to queue
[2024-10-23T04:43:04.145+0000] {logging_mixin.py:190} INFO - [2024-10-23T04:43:04.145+0000] {dagbag.py:588} INFO - Filling up the DagBag from /home/airflow/.local/lib/python3.12/site-packages/airflow/example_dags/example_dag_decorator.py
[2024-10-23T04:43:04.161+0000] {processor.py:925} INFO - DAG(s) 'example_dag_decorator' retrieved from /home/airflow/.local/lib/python3.12/site-packages/airflow/example_dags/example_dag_decorator.py
[2024-10-23T04:43:04.278+0000] {logging_mixin.py:190} INFO - [2024-10-23T04:43:04.278+0000] {dag.py:3239} INFO - Sync 1 DAGs
[2024-10-23T04:43:04.288+0000] {logging_mixin.py:190} INFO - [2024-10-23T04:43:04.288+0000] {dag.py:4180} INFO - Setting next_dagrun for example_dag_decorator to None, run_after=None
[2024-10-23T04:43:04.305+0000] {processor.py:208} INFO - Processing /home/airflow/.local/lib/python3.12/site-packages/airflow/example_dags/example_dag_decorator.py took 0.167 seconds
[2024-10-23T04:43:34.943+0000] {processor.py:186} INFO - Started process (PID=16231) to work on /home/airflow/.local/lib/python3.12/site-packages/airflow/example_dags/example_dag_decorator.py
[2024-10-23T04:43:34.946+0000] {processor.py:914} INFO - Processing file /home/airflow/.local/lib/python3.12/site-packages/airflow/example_dags/example_dag_decorator.py for tasks to queue
[2024-10-23T04:43:34.949+0000] {logging_mixin.py:190} INFO - [2024-10-23T04:43:34.949+0000] {dagbag.py:588} INFO - Filling up the DagBag from /home/airflow/.local/lib/python3.12/site-packages/airflow/example_dags/example_dag_decorator.py
[2024-10-23T04:43:34.977+0000] {processor.py:925} INFO - DAG(s) 'example_dag_decorator' retrieved from /home/airflow/.local/lib/python3.12/site-packages/airflow/example_dags/example_dag_decorator.py
[2024-10-23T04:43:35.106+0000] {logging_mixin.py:190} INFO - [2024-10-23T04:43:35.106+0000] {dag.py:3239} INFO - Sync 1 DAGs
[2024-10-23T04:43:35.125+0000] {logging_mixin.py:190} INFO - [2024-10-23T04:43:35.124+0000] {dag.py:4180} INFO - Setting next_dagrun for example_dag_decorator to None, run_after=None
[2024-10-23T04:43:35.151+0000] {processor.py:208} INFO - Processing /home/airflow/.local/lib/python3.12/site-packages/airflow/example_dags/example_dag_decorator.py took 0.217 seconds
[2024-10-23T04:44:06.063+0000] {processor.py:186} INFO - Started process (PID=16294) to work on /home/airflow/.local/lib/python3.12/site-packages/airflow/example_dags/example_dag_decorator.py
[2024-10-23T04:44:06.066+0000] {processor.py:914} INFO - Processing file /home/airflow/.local/lib/python3.12/site-packages/airflow/example_dags/example_dag_decorator.py for tasks to queue
[2024-10-23T04:44:06.068+0000] {logging_mixin.py:190} INFO - [2024-10-23T04:44:06.067+0000] {dagbag.py:588} INFO - Filling up the DagBag from /home/airflow/.local/lib/python3.12/site-packages/airflow/example_dags/example_dag_decorator.py
[2024-10-23T04:44:06.106+0000] {processor.py:925} INFO - DAG(s) 'example_dag_decorator' retrieved from /home/airflow/.local/lib/python3.12/site-packages/airflow/example_dags/example_dag_decorator.py
[2024-10-23T04:44:06.274+0000] {logging_mixin.py:190} INFO - [2024-10-23T04:44:06.274+0000] {dag.py:3239} INFO - Sync 1 DAGs
[2024-10-23T04:44:06.297+0000] {logging_mixin.py:190} INFO - [2024-10-23T04:44:06.296+0000] {dag.py:4180} INFO - Setting next_dagrun for example_dag_decorator to None, run_after=None
[2024-10-23T04:44:06.316+0000] {processor.py:208} INFO - Processing /home/airflow/.local/lib/python3.12/site-packages/airflow/example_dags/example_dag_decorator.py took 0.261 seconds
[2024-10-23T04:44:36.413+0000] {processor.py:186} INFO - Started process (PID=16357) to work on /home/airflow/.local/lib/python3.12/site-packages/airflow/example_dags/example_dag_decorator.py
[2024-10-23T04:44:36.414+0000] {processor.py:914} INFO - Processing file /home/airflow/.local/lib/python3.12/site-packages/airflow/example_dags/example_dag_decorator.py for tasks to queue
[2024-10-23T04:44:36.416+0000] {logging_mixin.py:190} INFO - [2024-10-23T04:44:36.415+0000] {dagbag.py:588} INFO - Filling up the DagBag from /home/airflow/.local/lib/python3.12/site-packages/airflow/example_dags/example_dag_decorator.py
[2024-10-23T04:44:36.440+0000] {processor.py:925} INFO - DAG(s) 'example_dag_decorator' retrieved from /home/airflow/.local/lib/python3.12/site-packages/airflow/example_dags/example_dag_decorator.py
[2024-10-23T04:44:36.475+0000] {logging_mixin.py:190} INFO - [2024-10-23T04:44:36.475+0000] {dag.py:3239} INFO - Sync 1 DAGs
[2024-10-23T04:44:36.489+0000] {logging_mixin.py:190} INFO - [2024-10-23T04:44:36.489+0000] {dag.py:4180} INFO - Setting next_dagrun for example_dag_decorator to None, run_after=None
[2024-10-23T04:44:36.509+0000] {processor.py:208} INFO - Processing /home/airflow/.local/lib/python3.12/site-packages/airflow/example_dags/example_dag_decorator.py took 0.102 seconds
[2024-10-23T04:45:07.124+0000] {processor.py:186} INFO - Started process (PID=16420) to work on /home/airflow/.local/lib/python3.12/site-packages/airflow/example_dags/example_dag_decorator.py
[2024-10-23T04:45:07.125+0000] {processor.py:914} INFO - Processing file /home/airflow/.local/lib/python3.12/site-packages/airflow/example_dags/example_dag_decorator.py for tasks to queue
[2024-10-23T04:45:07.128+0000] {logging_mixin.py:190} INFO - [2024-10-23T04:45:07.127+0000] {dagbag.py:588} INFO - Filling up the DagBag from /home/airflow/.local/lib/python3.12/site-packages/airflow/example_dags/example_dag_decorator.py
[2024-10-23T04:45:07.148+0000] {processor.py:925} INFO - DAG(s) 'example_dag_decorator' retrieved from /home/airflow/.local/lib/python3.12/site-packages/airflow/example_dags/example_dag_decorator.py
[2024-10-23T04:45:07.258+0000] {logging_mixin.py:190} INFO - [2024-10-23T04:45:07.257+0000] {dag.py:3239} INFO - Sync 1 DAGs
[2024-10-23T04:45:07.266+0000] {logging_mixin.py:190} INFO - [2024-10-23T04:45:07.266+0000] {dag.py:4180} INFO - Setting next_dagrun for example_dag_decorator to None, run_after=None
[2024-10-23T04:45:07.282+0000] {processor.py:208} INFO - Processing /home/airflow/.local/lib/python3.12/site-packages/airflow/example_dags/example_dag_decorator.py took 0.165 seconds
[2024-10-23T07:12:08.185+0000] {processor.py:186} INFO - Started process (PID=34493) to work on /home/airflow/.local/lib/python3.12/site-packages/airflow/example_dags/example_dag_decorator.py
[2024-10-23T07:12:08.186+0000] {processor.py:914} INFO - Processing file /home/airflow/.local/lib/python3.12/site-packages/airflow/example_dags/example_dag_decorator.py for tasks to queue
[2024-10-23T07:12:08.186+0000] {logging_mixin.py:190} INFO - [2024-10-23T07:12:08.186+0000] {dagbag.py:588} INFO - Filling up the DagBag from /home/airflow/.local/lib/python3.12/site-packages/airflow/example_dags/example_dag_decorator.py
[2024-10-23T07:12:08.195+0000] {processor.py:925} INFO - DAG(s) 'example_dag_decorator' retrieved from /home/airflow/.local/lib/python3.12/site-packages/airflow/example_dags/example_dag_decorator.py
[2024-10-23T07:12:08.280+0000] {logging_mixin.py:190} INFO - [2024-10-23T07:12:08.280+0000] {dag.py:3239} INFO - Sync 1 DAGs
[2024-10-23T07:12:08.467+0000] {logging_mixin.py:190} INFO - [2024-10-23T07:12:08.467+0000] {dag.py:4180} INFO - Setting next_dagrun for example_dag_decorator to None, run_after=None
[2024-10-23T07:12:08.484+0000] {processor.py:208} INFO - Processing /home/airflow/.local/lib/python3.12/site-packages/airflow/example_dags/example_dag_decorator.py took 0.303 seconds
[2024-10-23T07:12:39.148+0000] {processor.py:186} INFO - Started process (PID=34556) to work on /home/airflow/.local/lib/python3.12/site-packages/airflow/example_dags/example_dag_decorator.py
[2024-10-23T07:12:39.149+0000] {processor.py:914} INFO - Processing file /home/airflow/.local/lib/python3.12/site-packages/airflow/example_dags/example_dag_decorator.py for tasks to queue
[2024-10-23T07:12:39.151+0000] {logging_mixin.py:190} INFO - [2024-10-23T07:12:39.151+0000] {dagbag.py:588} INFO - Filling up the DagBag from /home/airflow/.local/lib/python3.12/site-packages/airflow/example_dags/example_dag_decorator.py
[2024-10-23T07:12:39.162+0000] {processor.py:925} INFO - DAG(s) 'example_dag_decorator' retrieved from /home/airflow/.local/lib/python3.12/site-packages/airflow/example_dags/example_dag_decorator.py
[2024-10-23T07:12:39.238+0000] {logging_mixin.py:190} INFO - [2024-10-23T07:12:39.238+0000] {dag.py:3239} INFO - Sync 1 DAGs
[2024-10-23T07:12:39.249+0000] {logging_mixin.py:190} INFO - [2024-10-23T07:12:39.249+0000] {dag.py:4180} INFO - Setting next_dagrun for example_dag_decorator to None, run_after=None
[2024-10-23T07:12:39.436+0000] {processor.py:208} INFO - Processing /home/airflow/.local/lib/python3.12/site-packages/airflow/example_dags/example_dag_decorator.py took 0.292 seconds
[2024-10-23T07:13:10.162+0000] {processor.py:186} INFO - Started process (PID=34619) to work on /home/airflow/.local/lib/python3.12/site-packages/airflow/example_dags/example_dag_decorator.py
[2024-10-23T07:13:10.163+0000] {processor.py:914} INFO - Processing file /home/airflow/.local/lib/python3.12/site-packages/airflow/example_dags/example_dag_decorator.py for tasks to queue
[2024-10-23T07:13:10.165+0000] {logging_mixin.py:190} INFO - [2024-10-23T07:13:10.164+0000] {dagbag.py:588} INFO - Filling up the DagBag from /home/airflow/.local/lib/python3.12/site-packages/airflow/example_dags/example_dag_decorator.py
[2024-10-23T07:13:10.175+0000] {processor.py:925} INFO - DAG(s) 'example_dag_decorator' retrieved from /home/airflow/.local/lib/python3.12/site-packages/airflow/example_dags/example_dag_decorator.py
[2024-10-23T07:13:10.435+0000] {logging_mixin.py:190} INFO - [2024-10-23T07:13:10.434+0000] {dag.py:3239} INFO - Sync 1 DAGs
[2024-10-23T07:13:10.442+0000] {logging_mixin.py:190} INFO - [2024-10-23T07:13:10.441+0000] {dag.py:4180} INFO - Setting next_dagrun for example_dag_decorator to None, run_after=None
[2024-10-23T07:13:10.454+0000] {processor.py:208} INFO - Processing /home/airflow/.local/lib/python3.12/site-packages/airflow/example_dags/example_dag_decorator.py took 0.299 seconds
[2024-10-23T07:13:41.120+0000] {processor.py:186} INFO - Started process (PID=34683) to work on /home/airflow/.local/lib/python3.12/site-packages/airflow/example_dags/example_dag_decorator.py
[2024-10-23T07:13:41.121+0000] {processor.py:914} INFO - Processing file /home/airflow/.local/lib/python3.12/site-packages/airflow/example_dags/example_dag_decorator.py for tasks to queue
[2024-10-23T07:13:41.123+0000] {logging_mixin.py:190} INFO - [2024-10-23T07:13:41.123+0000] {dagbag.py:588} INFO - Filling up the DagBag from /home/airflow/.local/lib/python3.12/site-packages/airflow/example_dags/example_dag_decorator.py
[2024-10-23T07:13:41.132+0000] {processor.py:925} INFO - DAG(s) 'example_dag_decorator' retrieved from /home/airflow/.local/lib/python3.12/site-packages/airflow/example_dags/example_dag_decorator.py
[2024-10-23T07:13:41.387+0000] {logging_mixin.py:190} INFO - [2024-10-23T07:13:41.387+0000] {dag.py:3239} INFO - Sync 1 DAGs
[2024-10-23T07:13:41.396+0000] {logging_mixin.py:190} INFO - [2024-10-23T07:13:41.396+0000] {dag.py:4180} INFO - Setting next_dagrun for example_dag_decorator to None, run_after=None
[2024-10-23T07:13:41.408+0000] {processor.py:208} INFO - Processing /home/airflow/.local/lib/python3.12/site-packages/airflow/example_dags/example_dag_decorator.py took 0.292 seconds
[2024-10-23T07:14:12.344+0000] {processor.py:186} INFO - Started process (PID=34745) to work on /home/airflow/.local/lib/python3.12/site-packages/airflow/example_dags/example_dag_decorator.py
[2024-10-23T07:14:12.345+0000] {processor.py:914} INFO - Processing file /home/airflow/.local/lib/python3.12/site-packages/airflow/example_dags/example_dag_decorator.py for tasks to queue
[2024-10-23T07:14:12.346+0000] {logging_mixin.py:190} INFO - [2024-10-23T07:14:12.345+0000] {dagbag.py:588} INFO - Filling up the DagBag from /home/airflow/.local/lib/python3.12/site-packages/airflow/example_dags/example_dag_decorator.py
[2024-10-23T07:14:12.354+0000] {processor.py:925} INFO - DAG(s) 'example_dag_decorator' retrieved from /home/airflow/.local/lib/python3.12/site-packages/airflow/example_dags/example_dag_decorator.py
[2024-10-23T07:14:12.580+0000] {logging_mixin.py:190} INFO - [2024-10-23T07:14:12.580+0000] {dag.py:3239} INFO - Sync 1 DAGs
[2024-10-23T07:14:12.586+0000] {logging_mixin.py:190} INFO - [2024-10-23T07:14:12.586+0000] {dag.py:4180} INFO - Setting next_dagrun for example_dag_decorator to None, run_after=None
[2024-10-23T07:14:12.597+0000] {processor.py:208} INFO - Processing /home/airflow/.local/lib/python3.12/site-packages/airflow/example_dags/example_dag_decorator.py took 0.256 seconds
[2024-10-23T07:14:44.326+0000] {processor.py:186} INFO - Started process (PID=34808) to work on /home/airflow/.local/lib/python3.12/site-packages/airflow/example_dags/example_dag_decorator.py
[2024-10-23T07:14:44.328+0000] {processor.py:914} INFO - Processing file /home/airflow/.local/lib/python3.12/site-packages/airflow/example_dags/example_dag_decorator.py for tasks to queue
[2024-10-23T07:14:44.329+0000] {logging_mixin.py:190} INFO - [2024-10-23T07:14:44.329+0000] {dagbag.py:588} INFO - Filling up the DagBag from /home/airflow/.local/lib/python3.12/site-packages/airflow/example_dags/example_dag_decorator.py
[2024-10-23T07:14:44.353+0000] {processor.py:925} INFO - DAG(s) 'example_dag_decorator' retrieved from /home/airflow/.local/lib/python3.12/site-packages/airflow/example_dags/example_dag_decorator.py
[2024-10-23T07:14:44.976+0000] {logging_mixin.py:190} INFO - [2024-10-23T07:14:44.976+0000] {dag.py:3239} INFO - Sync 1 DAGs
[2024-10-23T07:14:44.984+0000] {logging_mixin.py:190} INFO - [2024-10-23T07:14:44.984+0000] {dag.py:4180} INFO - Setting next_dagrun for example_dag_decorator to None, run_after=None
[2024-10-23T07:14:44.997+0000] {processor.py:208} INFO - Processing /home/airflow/.local/lib/python3.12/site-packages/airflow/example_dags/example_dag_decorator.py took 0.676 seconds
[2024-10-23T07:15:15.685+0000] {processor.py:186} INFO - Started process (PID=34871) to work on /home/airflow/.local/lib/python3.12/site-packages/airflow/example_dags/example_dag_decorator.py
[2024-10-23T07:15:15.686+0000] {processor.py:914} INFO - Processing file /home/airflow/.local/lib/python3.12/site-packages/airflow/example_dags/example_dag_decorator.py for tasks to queue
[2024-10-23T07:15:15.687+0000] {logging_mixin.py:190} INFO - [2024-10-23T07:15:15.687+0000] {dagbag.py:588} INFO - Filling up the DagBag from /home/airflow/.local/lib/python3.12/site-packages/airflow/example_dags/example_dag_decorator.py
[2024-10-23T07:15:15.700+0000] {processor.py:925} INFO - DAG(s) 'example_dag_decorator' retrieved from /home/airflow/.local/lib/python3.12/site-packages/airflow/example_dags/example_dag_decorator.py
[2024-10-23T07:15:15.945+0000] {logging_mixin.py:190} INFO - [2024-10-23T07:15:15.944+0000] {dag.py:3239} INFO - Sync 1 DAGs
[2024-10-23T07:15:15.954+0000] {logging_mixin.py:190} INFO - [2024-10-23T07:15:15.954+0000] {dag.py:4180} INFO - Setting next_dagrun for example_dag_decorator to None, run_after=None
[2024-10-23T07:15:15.969+0000] {processor.py:208} INFO - Processing /home/airflow/.local/lib/python3.12/site-packages/airflow/example_dags/example_dag_decorator.py took 0.289 seconds
[2024-10-23T07:15:46.183+0000] {processor.py:186} INFO - Started process (PID=34934) to work on /home/airflow/.local/lib/python3.12/site-packages/airflow/example_dags/example_dag_decorator.py
[2024-10-23T07:15:46.184+0000] {processor.py:914} INFO - Processing file /home/airflow/.local/lib/python3.12/site-packages/airflow/example_dags/example_dag_decorator.py for tasks to queue
[2024-10-23T07:15:46.185+0000] {logging_mixin.py:190} INFO - [2024-10-23T07:15:46.185+0000] {dagbag.py:588} INFO - Filling up the DagBag from /home/airflow/.local/lib/python3.12/site-packages/airflow/example_dags/example_dag_decorator.py
[2024-10-23T07:15:46.195+0000] {processor.py:925} INFO - DAG(s) 'example_dag_decorator' retrieved from /home/airflow/.local/lib/python3.12/site-packages/airflow/example_dags/example_dag_decorator.py
[2024-10-23T07:15:46.301+0000] {logging_mixin.py:190} INFO - [2024-10-23T07:15:46.301+0000] {dag.py:3239} INFO - Sync 1 DAGs
[2024-10-23T07:15:46.309+0000] {logging_mixin.py:190} INFO - [2024-10-23T07:15:46.309+0000] {dag.py:4180} INFO - Setting next_dagrun for example_dag_decorator to None, run_after=None
[2024-10-23T07:15:46.322+0000] {processor.py:208} INFO - Processing /home/airflow/.local/lib/python3.12/site-packages/airflow/example_dags/example_dag_decorator.py took 0.144 seconds
[2024-10-23T07:16:16.387+0000] {processor.py:186} INFO - Started process (PID=34997) to work on /home/airflow/.local/lib/python3.12/site-packages/airflow/example_dags/example_dag_decorator.py
[2024-10-23T07:16:16.388+0000] {processor.py:914} INFO - Processing file /home/airflow/.local/lib/python3.12/site-packages/airflow/example_dags/example_dag_decorator.py for tasks to queue
[2024-10-23T07:16:16.389+0000] {logging_mixin.py:190} INFO - [2024-10-23T07:16:16.388+0000] {dagbag.py:588} INFO - Filling up the DagBag from /home/airflow/.local/lib/python3.12/site-packages/airflow/example_dags/example_dag_decorator.py
[2024-10-23T07:16:16.397+0000] {processor.py:925} INFO - DAG(s) 'example_dag_decorator' retrieved from /home/airflow/.local/lib/python3.12/site-packages/airflow/example_dags/example_dag_decorator.py
[2024-10-23T07:16:16.496+0000] {logging_mixin.py:190} INFO - [2024-10-23T07:16:16.496+0000] {dag.py:3239} INFO - Sync 1 DAGs
[2024-10-23T07:16:16.505+0000] {logging_mixin.py:190} INFO - [2024-10-23T07:16:16.505+0000] {dag.py:4180} INFO - Setting next_dagrun for example_dag_decorator to None, run_after=None
[2024-10-23T07:16:16.520+0000] {processor.py:208} INFO - Processing /home/airflow/.local/lib/python3.12/site-packages/airflow/example_dags/example_dag_decorator.py took 0.137 seconds
[2024-10-23T07:16:46.560+0000] {processor.py:186} INFO - Started process (PID=35061) to work on /home/airflow/.local/lib/python3.12/site-packages/airflow/example_dags/example_dag_decorator.py
[2024-10-23T07:16:46.561+0000] {processor.py:914} INFO - Processing file /home/airflow/.local/lib/python3.12/site-packages/airflow/example_dags/example_dag_decorator.py for tasks to queue
[2024-10-23T07:16:46.562+0000] {logging_mixin.py:190} INFO - [2024-10-23T07:16:46.562+0000] {dagbag.py:588} INFO - Filling up the DagBag from /home/airflow/.local/lib/python3.12/site-packages/airflow/example_dags/example_dag_decorator.py
[2024-10-23T07:16:46.571+0000] {processor.py:925} INFO - DAG(s) 'example_dag_decorator' retrieved from /home/airflow/.local/lib/python3.12/site-packages/airflow/example_dags/example_dag_decorator.py
[2024-10-23T07:16:46.674+0000] {logging_mixin.py:190} INFO - [2024-10-23T07:16:46.674+0000] {dag.py:3239} INFO - Sync 1 DAGs
[2024-10-23T07:16:46.684+0000] {logging_mixin.py:190} INFO - [2024-10-23T07:16:46.684+0000] {dag.py:4180} INFO - Setting next_dagrun for example_dag_decorator to None, run_after=None
[2024-10-23T07:16:46.701+0000] {processor.py:208} INFO - Processing /home/airflow/.local/lib/python3.12/site-packages/airflow/example_dags/example_dag_decorator.py took 0.145 seconds
[2024-10-23T07:17:16.770+0000] {processor.py:186} INFO - Started process (PID=35123) to work on /home/airflow/.local/lib/python3.12/site-packages/airflow/example_dags/example_dag_decorator.py
[2024-10-23T07:17:16.771+0000] {processor.py:914} INFO - Processing file /home/airflow/.local/lib/python3.12/site-packages/airflow/example_dags/example_dag_decorator.py for tasks to queue
[2024-10-23T07:17:16.772+0000] {logging_mixin.py:190} INFO - [2024-10-23T07:17:16.771+0000] {dagbag.py:588} INFO - Filling up the DagBag from /home/airflow/.local/lib/python3.12/site-packages/airflow/example_dags/example_dag_decorator.py
[2024-10-23T07:17:16.780+0000] {processor.py:925} INFO - DAG(s) 'example_dag_decorator' retrieved from /home/airflow/.local/lib/python3.12/site-packages/airflow/example_dags/example_dag_decorator.py
[2024-10-23T07:17:16.874+0000] {logging_mixin.py:190} INFO - [2024-10-23T07:17:16.874+0000] {dag.py:3239} INFO - Sync 1 DAGs
[2024-10-23T07:17:16.883+0000] {logging_mixin.py:190} INFO - [2024-10-23T07:17:16.883+0000] {dag.py:4180} INFO - Setting next_dagrun for example_dag_decorator to None, run_after=None
[2024-10-23T07:17:16.898+0000] {processor.py:208} INFO - Processing /home/airflow/.local/lib/python3.12/site-packages/airflow/example_dags/example_dag_decorator.py took 0.132 seconds
[2024-10-23T07:17:47.259+0000] {processor.py:186} INFO - Started process (PID=35186) to work on /home/airflow/.local/lib/python3.12/site-packages/airflow/example_dags/example_dag_decorator.py
[2024-10-23T07:17:47.260+0000] {processor.py:914} INFO - Processing file /home/airflow/.local/lib/python3.12/site-packages/airflow/example_dags/example_dag_decorator.py for tasks to queue
[2024-10-23T07:17:47.261+0000] {logging_mixin.py:190} INFO - [2024-10-23T07:17:47.260+0000] {dagbag.py:588} INFO - Filling up the DagBag from /home/airflow/.local/lib/python3.12/site-packages/airflow/example_dags/example_dag_decorator.py
[2024-10-23T07:17:47.270+0000] {processor.py:925} INFO - DAG(s) 'example_dag_decorator' retrieved from /home/airflow/.local/lib/python3.12/site-packages/airflow/example_dags/example_dag_decorator.py
[2024-10-23T07:17:47.367+0000] {logging_mixin.py:190} INFO - [2024-10-23T07:17:47.367+0000] {dag.py:3239} INFO - Sync 1 DAGs
[2024-10-23T07:17:47.376+0000] {logging_mixin.py:190} INFO - [2024-10-23T07:17:47.376+0000] {dag.py:4180} INFO - Setting next_dagrun for example_dag_decorator to None, run_after=None
[2024-10-23T07:17:47.387+0000] {processor.py:208} INFO - Processing /home/airflow/.local/lib/python3.12/site-packages/airflow/example_dags/example_dag_decorator.py took 0.132 seconds
[2024-10-23T07:18:17.848+0000] {processor.py:186} INFO - Started process (PID=35249) to work on /home/airflow/.local/lib/python3.12/site-packages/airflow/example_dags/example_dag_decorator.py
[2024-10-23T07:18:17.852+0000] {processor.py:914} INFO - Processing file /home/airflow/.local/lib/python3.12/site-packages/airflow/example_dags/example_dag_decorator.py for tasks to queue
[2024-10-23T07:18:17.853+0000] {logging_mixin.py:190} INFO - [2024-10-23T07:18:17.852+0000] {dagbag.py:588} INFO - Filling up the DagBag from /home/airflow/.local/lib/python3.12/site-packages/airflow/example_dags/example_dag_decorator.py
[2024-10-23T07:18:17.864+0000] {processor.py:925} INFO - DAG(s) 'example_dag_decorator' retrieved from /home/airflow/.local/lib/python3.12/site-packages/airflow/example_dags/example_dag_decorator.py
[2024-10-23T07:18:17.984+0000] {logging_mixin.py:190} INFO - [2024-10-23T07:18:17.983+0000] {dag.py:3239} INFO - Sync 1 DAGs
[2024-10-23T07:18:17.997+0000] {logging_mixin.py:190} INFO - [2024-10-23T07:18:17.997+0000] {dag.py:4180} INFO - Setting next_dagrun for example_dag_decorator to None, run_after=None
[2024-10-23T07:18:18.016+0000] {processor.py:208} INFO - Processing /home/airflow/.local/lib/python3.12/site-packages/airflow/example_dags/example_dag_decorator.py took 0.172 seconds
[2024-10-23T07:18:48.507+0000] {processor.py:186} INFO - Started process (PID=35312) to work on /home/airflow/.local/lib/python3.12/site-packages/airflow/example_dags/example_dag_decorator.py
[2024-10-23T07:18:48.509+0000] {processor.py:914} INFO - Processing file /home/airflow/.local/lib/python3.12/site-packages/airflow/example_dags/example_dag_decorator.py for tasks to queue
[2024-10-23T07:18:48.510+0000] {logging_mixin.py:190} INFO - [2024-10-23T07:18:48.510+0000] {dagbag.py:588} INFO - Filling up the DagBag from /home/airflow/.local/lib/python3.12/site-packages/airflow/example_dags/example_dag_decorator.py
[2024-10-23T07:18:48.522+0000] {processor.py:925} INFO - DAG(s) 'example_dag_decorator' retrieved from /home/airflow/.local/lib/python3.12/site-packages/airflow/example_dags/example_dag_decorator.py
[2024-10-23T07:18:48.612+0000] {logging_mixin.py:190} INFO - [2024-10-23T07:18:48.612+0000] {dag.py:3239} INFO - Sync 1 DAGs
[2024-10-23T07:18:48.620+0000] {logging_mixin.py:190} INFO - [2024-10-23T07:18:48.620+0000] {dag.py:4180} INFO - Setting next_dagrun for example_dag_decorator to None, run_after=None
[2024-10-23T07:18:48.630+0000] {processor.py:208} INFO - Processing /home/airflow/.local/lib/python3.12/site-packages/airflow/example_dags/example_dag_decorator.py took 0.129 seconds
[2024-10-23T07:19:19.145+0000] {processor.py:186} INFO - Started process (PID=35377) to work on /home/airflow/.local/lib/python3.12/site-packages/airflow/example_dags/example_dag_decorator.py
[2024-10-23T07:19:19.146+0000] {processor.py:914} INFO - Processing file /home/airflow/.local/lib/python3.12/site-packages/airflow/example_dags/example_dag_decorator.py for tasks to queue
[2024-10-23T07:19:19.146+0000] {logging_mixin.py:190} INFO - [2024-10-23T07:19:19.146+0000] {dagbag.py:588} INFO - Filling up the DagBag from /home/airflow/.local/lib/python3.12/site-packages/airflow/example_dags/example_dag_decorator.py
[2024-10-23T07:19:19.157+0000] {processor.py:925} INFO - DAG(s) 'example_dag_decorator' retrieved from /home/airflow/.local/lib/python3.12/site-packages/airflow/example_dags/example_dag_decorator.py
[2024-10-23T07:19:19.253+0000] {logging_mixin.py:190} INFO - [2024-10-23T07:19:19.253+0000] {dag.py:3239} INFO - Sync 1 DAGs
[2024-10-23T07:19:19.263+0000] {logging_mixin.py:190} INFO - [2024-10-23T07:19:19.263+0000] {dag.py:4180} INFO - Setting next_dagrun for example_dag_decorator to None, run_after=None
[2024-10-23T07:19:19.277+0000] {processor.py:208} INFO - Processing /home/airflow/.local/lib/python3.12/site-packages/airflow/example_dags/example_dag_decorator.py took 0.138 seconds
[2024-10-23T07:19:49.788+0000] {processor.py:186} INFO - Started process (PID=35441) to work on /home/airflow/.local/lib/python3.12/site-packages/airflow/example_dags/example_dag_decorator.py
[2024-10-23T07:19:49.789+0000] {processor.py:914} INFO - Processing file /home/airflow/.local/lib/python3.12/site-packages/airflow/example_dags/example_dag_decorator.py for tasks to queue
[2024-10-23T07:19:49.790+0000] {logging_mixin.py:190} INFO - [2024-10-23T07:19:49.790+0000] {dagbag.py:588} INFO - Filling up the DagBag from /home/airflow/.local/lib/python3.12/site-packages/airflow/example_dags/example_dag_decorator.py
[2024-10-23T07:19:49.799+0000] {processor.py:925} INFO - DAG(s) 'example_dag_decorator' retrieved from /home/airflow/.local/lib/python3.12/site-packages/airflow/example_dags/example_dag_decorator.py
[2024-10-23T07:19:49.900+0000] {logging_mixin.py:190} INFO - [2024-10-23T07:19:49.900+0000] {dag.py:3239} INFO - Sync 1 DAGs
[2024-10-23T07:19:49.909+0000] {logging_mixin.py:190} INFO - [2024-10-23T07:19:49.909+0000] {dag.py:4180} INFO - Setting next_dagrun for example_dag_decorator to None, run_after=None
[2024-10-23T07:19:49.921+0000] {processor.py:208} INFO - Processing /home/airflow/.local/lib/python3.12/site-packages/airflow/example_dags/example_dag_decorator.py took 0.137 seconds
