[2024-10-23T02:32:05.062+0000] {processor.py:186} INFO - Started process (PID=13730) to work on /home/airflow/.local/lib/python3.12/site-packages/airflow/example_dags/example_branch_python_dop_operator_3.py
[2024-10-23T02:32:05.065+0000] {processor.py:914} INFO - Processing file /home/airflow/.local/lib/python3.12/site-packages/airflow/example_dags/example_branch_python_dop_operator_3.py for tasks to queue
[2024-10-23T02:32:05.066+0000] {logging_mixin.py:190} INFO - [2024-10-23T02:32:05.066+0000] {dagbag.py:588} INFO - Filling up the DagBag from /home/airflow/.local/lib/python3.12/site-packages/airflow/example_dags/example_branch_python_dop_operator_3.py
[2024-10-23T02:32:05.077+0000] {processor.py:925} INFO - DAG(s) 'example_branch_dop_operator_v3' retrieved from /home/airflow/.local/lib/python3.12/site-packages/airflow/example_dags/example_branch_python_dop_operator_3.py
[2024-10-23T02:32:05.100+0000] {logging_mixin.py:190} INFO - [2024-10-23T02:32:05.100+0000] {dag.py:3239} INFO - Sync 1 DAGs
[2024-10-23T02:32:05.452+0000] {logging_mixin.py:190} INFO - [2024-10-23T02:32:05.450+0000] {dag.py:4180} INFO - Setting next_dagrun for example_branch_dop_operator_v3 to 2024-10-23 02:31:00+00:00, run_after=2024-10-23 02:32:00+00:00
[2024-10-23T02:32:05.499+0000] {processor.py:208} INFO - Processing /home/airflow/.local/lib/python3.12/site-packages/airflow/example_dags/example_branch_python_dop_operator_3.py took 0.444 seconds
[2024-10-23T04:23:44.261+0000] {processor.py:186} INFO - Started process (PID=13793) to work on /home/airflow/.local/lib/python3.12/site-packages/airflow/example_dags/example_branch_python_dop_operator_3.py
[2024-10-23T04:23:44.263+0000] {processor.py:914} INFO - Processing file /home/airflow/.local/lib/python3.12/site-packages/airflow/example_dags/example_branch_python_dop_operator_3.py for tasks to queue
[2024-10-23T04:23:44.264+0000] {logging_mixin.py:190} INFO - [2024-10-23T04:23:44.264+0000] {dagbag.py:588} INFO - Filling up the DagBag from /home/airflow/.local/lib/python3.12/site-packages/airflow/example_dags/example_branch_python_dop_operator_3.py
[2024-10-23T04:23:44.273+0000] {processor.py:925} INFO - DAG(s) 'example_branch_dop_operator_v3' retrieved from /home/airflow/.local/lib/python3.12/site-packages/airflow/example_dags/example_branch_python_dop_operator_3.py
[2024-10-23T04:23:44.290+0000] {logging_mixin.py:190} INFO - [2024-10-23T04:23:44.289+0000] {dag.py:3239} INFO - Sync 1 DAGs
[2024-10-23T04:23:44.310+0000] {logging_mixin.py:190} INFO - [2024-10-23T04:23:44.310+0000] {dag.py:4180} INFO - Setting next_dagrun for example_branch_dop_operator_v3 to 2024-10-23 04:22:00+00:00, run_after=2024-10-23 04:23:00+00:00
[2024-10-23T04:23:44.333+0000] {processor.py:208} INFO - Processing /home/airflow/.local/lib/python3.12/site-packages/airflow/example_dags/example_branch_python_dop_operator_3.py took 0.083 seconds
[2024-10-23T04:24:14.382+0000] {processor.py:186} INFO - Started process (PID=13856) to work on /home/airflow/.local/lib/python3.12/site-packages/airflow/example_dags/example_branch_python_dop_operator_3.py
[2024-10-23T04:24:14.382+0000] {processor.py:914} INFO - Processing file /home/airflow/.local/lib/python3.12/site-packages/airflow/example_dags/example_branch_python_dop_operator_3.py for tasks to queue
[2024-10-23T04:24:14.383+0000] {logging_mixin.py:190} INFO - [2024-10-23T04:24:14.383+0000] {dagbag.py:588} INFO - Filling up the DagBag from /home/airflow/.local/lib/python3.12/site-packages/airflow/example_dags/example_branch_python_dop_operator_3.py
[2024-10-23T04:24:14.390+0000] {processor.py:925} INFO - DAG(s) 'example_branch_dop_operator_v3' retrieved from /home/airflow/.local/lib/python3.12/site-packages/airflow/example_dags/example_branch_python_dop_operator_3.py
[2024-10-23T04:24:14.403+0000] {logging_mixin.py:190} INFO - [2024-10-23T04:24:14.403+0000] {dag.py:3239} INFO - Sync 1 DAGs
[2024-10-23T04:24:14.419+0000] {logging_mixin.py:190} INFO - [2024-10-23T04:24:14.419+0000] {dag.py:4180} INFO - Setting next_dagrun for example_branch_dop_operator_v3 to 2024-10-23 04:23:00+00:00, run_after=2024-10-23 04:24:00+00:00
[2024-10-23T04:24:14.429+0000] {processor.py:208} INFO - Processing /home/airflow/.local/lib/python3.12/site-packages/airflow/example_dags/example_branch_python_dop_operator_3.py took 0.052 seconds
[2024-10-23T04:24:46.038+0000] {processor.py:186} INFO - Started process (PID=13919) to work on /home/airflow/.local/lib/python3.12/site-packages/airflow/example_dags/example_branch_python_dop_operator_3.py
[2024-10-23T04:24:46.040+0000] {processor.py:914} INFO - Processing file /home/airflow/.local/lib/python3.12/site-packages/airflow/example_dags/example_branch_python_dop_operator_3.py for tasks to queue
[2024-10-23T04:24:46.044+0000] {logging_mixin.py:190} INFO - [2024-10-23T04:24:46.043+0000] {dagbag.py:588} INFO - Filling up the DagBag from /home/airflow/.local/lib/python3.12/site-packages/airflow/example_dags/example_branch_python_dop_operator_3.py
[2024-10-23T04:24:46.051+0000] {processor.py:925} INFO - DAG(s) 'example_branch_dop_operator_v3' retrieved from /home/airflow/.local/lib/python3.12/site-packages/airflow/example_dags/example_branch_python_dop_operator_3.py
[2024-10-23T04:24:46.075+0000] {logging_mixin.py:190} INFO - [2024-10-23T04:24:46.075+0000] {dag.py:3239} INFO - Sync 1 DAGs
[2024-10-23T04:24:46.098+0000] {logging_mixin.py:190} INFO - [2024-10-23T04:24:46.098+0000] {dag.py:4180} INFO - Setting next_dagrun for example_branch_dop_operator_v3 to 2024-10-23 04:23:00+00:00, run_after=2024-10-23 04:24:00+00:00
[2024-10-23T04:24:46.111+0000] {processor.py:208} INFO - Processing /home/airflow/.local/lib/python3.12/site-packages/airflow/example_dags/example_branch_python_dop_operator_3.py took 0.077 seconds
[2024-10-23T04:25:16.675+0000] {processor.py:186} INFO - Started process (PID=13982) to work on /home/airflow/.local/lib/python3.12/site-packages/airflow/example_dags/example_branch_python_dop_operator_3.py
[2024-10-23T04:25:16.676+0000] {processor.py:914} INFO - Processing file /home/airflow/.local/lib/python3.12/site-packages/airflow/example_dags/example_branch_python_dop_operator_3.py for tasks to queue
[2024-10-23T04:25:16.680+0000] {logging_mixin.py:190} INFO - [2024-10-23T04:25:16.680+0000] {dagbag.py:588} INFO - Filling up the DagBag from /home/airflow/.local/lib/python3.12/site-packages/airflow/example_dags/example_branch_python_dop_operator_3.py
[2024-10-23T04:25:16.689+0000] {processor.py:925} INFO - DAG(s) 'example_branch_dop_operator_v3' retrieved from /home/airflow/.local/lib/python3.12/site-packages/airflow/example_dags/example_branch_python_dop_operator_3.py
[2024-10-23T04:25:16.712+0000] {logging_mixin.py:190} INFO - [2024-10-23T04:25:16.712+0000] {dag.py:3239} INFO - Sync 1 DAGs
[2024-10-23T04:25:16.740+0000] {logging_mixin.py:190} INFO - [2024-10-23T04:25:16.740+0000] {dag.py:4180} INFO - Setting next_dagrun for example_branch_dop_operator_v3 to 2024-10-23 04:24:00+00:00, run_after=2024-10-23 04:25:00+00:00
[2024-10-23T04:25:16.755+0000] {processor.py:208} INFO - Processing /home/airflow/.local/lib/python3.12/site-packages/airflow/example_dags/example_branch_python_dop_operator_3.py took 0.086 seconds
[2024-10-23T04:25:47.455+0000] {processor.py:186} INFO - Started process (PID=14045) to work on /home/airflow/.local/lib/python3.12/site-packages/airflow/example_dags/example_branch_python_dop_operator_3.py
[2024-10-23T04:25:47.456+0000] {processor.py:914} INFO - Processing file /home/airflow/.local/lib/python3.12/site-packages/airflow/example_dags/example_branch_python_dop_operator_3.py for tasks to queue
[2024-10-23T04:25:47.457+0000] {logging_mixin.py:190} INFO - [2024-10-23T04:25:47.456+0000] {dagbag.py:588} INFO - Filling up the DagBag from /home/airflow/.local/lib/python3.12/site-packages/airflow/example_dags/example_branch_python_dop_operator_3.py
[2024-10-23T04:25:47.465+0000] {processor.py:925} INFO - DAG(s) 'example_branch_dop_operator_v3' retrieved from /home/airflow/.local/lib/python3.12/site-packages/airflow/example_dags/example_branch_python_dop_operator_3.py
[2024-10-23T04:25:47.479+0000] {logging_mixin.py:190} INFO - [2024-10-23T04:25:47.479+0000] {dag.py:3239} INFO - Sync 1 DAGs
[2024-10-23T04:25:47.498+0000] {logging_mixin.py:190} INFO - [2024-10-23T04:25:47.498+0000] {dag.py:4180} INFO - Setting next_dagrun for example_branch_dop_operator_v3 to 2024-10-23 04:24:00+00:00, run_after=2024-10-23 04:25:00+00:00
[2024-10-23T04:25:47.509+0000] {processor.py:208} INFO - Processing /home/airflow/.local/lib/python3.12/site-packages/airflow/example_dags/example_branch_python_dop_operator_3.py took 0.060 seconds
[2024-10-23T04:26:18.312+0000] {processor.py:186} INFO - Started process (PID=14108) to work on /home/airflow/.local/lib/python3.12/site-packages/airflow/example_dags/example_branch_python_dop_operator_3.py
[2024-10-23T04:26:18.318+0000] {processor.py:914} INFO - Processing file /home/airflow/.local/lib/python3.12/site-packages/airflow/example_dags/example_branch_python_dop_operator_3.py for tasks to queue
[2024-10-23T04:26:18.323+0000] {logging_mixin.py:190} INFO - [2024-10-23T04:26:18.321+0000] {dagbag.py:588} INFO - Filling up the DagBag from /home/airflow/.local/lib/python3.12/site-packages/airflow/example_dags/example_branch_python_dop_operator_3.py
[2024-10-23T04:26:18.533+0000] {processor.py:925} INFO - DAG(s) 'example_branch_dop_operator_v3' retrieved from /home/airflow/.local/lib/python3.12/site-packages/airflow/example_dags/example_branch_python_dop_operator_3.py
[2024-10-23T04:26:18.800+0000] {logging_mixin.py:190} INFO - [2024-10-23T04:26:18.799+0000] {dag.py:3239} INFO - Sync 1 DAGs
[2024-10-23T04:26:18.920+0000] {logging_mixin.py:190} INFO - [2024-10-23T04:26:18.919+0000] {dag.py:4180} INFO - Setting next_dagrun for example_branch_dop_operator_v3 to 2024-10-23 04:25:00+00:00, run_after=2024-10-23 04:26:00+00:00
[2024-10-23T04:26:18.959+0000] {processor.py:208} INFO - Processing /home/airflow/.local/lib/python3.12/site-packages/airflow/example_dags/example_branch_python_dop_operator_3.py took 0.656 seconds
[2024-10-23T04:26:49.775+0000] {processor.py:186} INFO - Started process (PID=14171) to work on /home/airflow/.local/lib/python3.12/site-packages/airflow/example_dags/example_branch_python_dop_operator_3.py
[2024-10-23T04:26:49.776+0000] {processor.py:914} INFO - Processing file /home/airflow/.local/lib/python3.12/site-packages/airflow/example_dags/example_branch_python_dop_operator_3.py for tasks to queue
[2024-10-23T04:26:49.777+0000] {logging_mixin.py:190} INFO - [2024-10-23T04:26:49.776+0000] {dagbag.py:588} INFO - Filling up the DagBag from /home/airflow/.local/lib/python3.12/site-packages/airflow/example_dags/example_branch_python_dop_operator_3.py
[2024-10-23T04:26:49.789+0000] {processor.py:925} INFO - DAG(s) 'example_branch_dop_operator_v3' retrieved from /home/airflow/.local/lib/python3.12/site-packages/airflow/example_dags/example_branch_python_dop_operator_3.py
[2024-10-23T04:26:49.813+0000] {logging_mixin.py:190} INFO - [2024-10-23T04:26:49.812+0000] {dag.py:3239} INFO - Sync 1 DAGs
[2024-10-23T04:26:49.845+0000] {logging_mixin.py:190} INFO - [2024-10-23T04:26:49.845+0000] {dag.py:4180} INFO - Setting next_dagrun for example_branch_dop_operator_v3 to 2024-10-23 04:25:00+00:00, run_after=2024-10-23 04:26:00+00:00
[2024-10-23T04:26:49.861+0000] {processor.py:208} INFO - Processing /home/airflow/.local/lib/python3.12/site-packages/airflow/example_dags/example_branch_python_dop_operator_3.py took 0.093 seconds
[2024-10-23T04:27:20.086+0000] {processor.py:186} INFO - Started process (PID=14234) to work on /home/airflow/.local/lib/python3.12/site-packages/airflow/example_dags/example_branch_python_dop_operator_3.py
[2024-10-23T04:27:20.087+0000] {processor.py:914} INFO - Processing file /home/airflow/.local/lib/python3.12/site-packages/airflow/example_dags/example_branch_python_dop_operator_3.py for tasks to queue
[2024-10-23T04:27:20.089+0000] {logging_mixin.py:190} INFO - [2024-10-23T04:27:20.088+0000] {dagbag.py:588} INFO - Filling up the DagBag from /home/airflow/.local/lib/python3.12/site-packages/airflow/example_dags/example_branch_python_dop_operator_3.py
[2024-10-23T04:27:20.098+0000] {processor.py:925} INFO - DAG(s) 'example_branch_dop_operator_v3' retrieved from /home/airflow/.local/lib/python3.12/site-packages/airflow/example_dags/example_branch_python_dop_operator_3.py
[2024-10-23T04:27:20.116+0000] {logging_mixin.py:190} INFO - [2024-10-23T04:27:20.115+0000] {dag.py:3239} INFO - Sync 1 DAGs
[2024-10-23T04:27:20.135+0000] {logging_mixin.py:190} INFO - [2024-10-23T04:27:20.135+0000] {dag.py:4180} INFO - Setting next_dagrun for example_branch_dop_operator_v3 to 2024-10-23 04:26:00+00:00, run_after=2024-10-23 04:27:00+00:00
[2024-10-23T04:27:20.147+0000] {processor.py:208} INFO - Processing /home/airflow/.local/lib/python3.12/site-packages/airflow/example_dags/example_branch_python_dop_operator_3.py took 0.067 seconds
[2024-10-23T04:27:50.202+0000] {processor.py:186} INFO - Started process (PID=14298) to work on /home/airflow/.local/lib/python3.12/site-packages/airflow/example_dags/example_branch_python_dop_operator_3.py
[2024-10-23T04:27:50.203+0000] {processor.py:914} INFO - Processing file /home/airflow/.local/lib/python3.12/site-packages/airflow/example_dags/example_branch_python_dop_operator_3.py for tasks to queue
[2024-10-23T04:27:50.205+0000] {logging_mixin.py:190} INFO - [2024-10-23T04:27:50.204+0000] {dagbag.py:588} INFO - Filling up the DagBag from /home/airflow/.local/lib/python3.12/site-packages/airflow/example_dags/example_branch_python_dop_operator_3.py
[2024-10-23T04:27:50.212+0000] {processor.py:925} INFO - DAG(s) 'example_branch_dop_operator_v3' retrieved from /home/airflow/.local/lib/python3.12/site-packages/airflow/example_dags/example_branch_python_dop_operator_3.py
[2024-10-23T04:27:50.227+0000] {logging_mixin.py:190} INFO - [2024-10-23T04:27:50.226+0000] {dag.py:3239} INFO - Sync 1 DAGs
[2024-10-23T04:27:50.244+0000] {logging_mixin.py:190} INFO - [2024-10-23T04:27:50.243+0000] {dag.py:4180} INFO - Setting next_dagrun for example_branch_dop_operator_v3 to 2024-10-23 04:26:00+00:00, run_after=2024-10-23 04:27:00+00:00
[2024-10-23T04:27:50.255+0000] {processor.py:208} INFO - Processing /home/airflow/.local/lib/python3.12/site-packages/airflow/example_dags/example_branch_python_dop_operator_3.py took 0.058 seconds
[2024-10-23T04:28:20.670+0000] {processor.py:186} INFO - Started process (PID=14361) to work on /home/airflow/.local/lib/python3.12/site-packages/airflow/example_dags/example_branch_python_dop_operator_3.py
[2024-10-23T04:28:20.671+0000] {processor.py:914} INFO - Processing file /home/airflow/.local/lib/python3.12/site-packages/airflow/example_dags/example_branch_python_dop_operator_3.py for tasks to queue
[2024-10-23T04:28:20.673+0000] {logging_mixin.py:190} INFO - [2024-10-23T04:28:20.672+0000] {dagbag.py:588} INFO - Filling up the DagBag from /home/airflow/.local/lib/python3.12/site-packages/airflow/example_dags/example_branch_python_dop_operator_3.py
[2024-10-23T04:28:20.698+0000] {processor.py:925} INFO - DAG(s) 'example_branch_dop_operator_v3' retrieved from /home/airflow/.local/lib/python3.12/site-packages/airflow/example_dags/example_branch_python_dop_operator_3.py
[2024-10-23T04:28:20.783+0000] {logging_mixin.py:190} INFO - [2024-10-23T04:28:20.780+0000] {dag.py:3239} INFO - Sync 1 DAGs
[2024-10-23T04:28:20.852+0000] {logging_mixin.py:190} INFO - [2024-10-23T04:28:20.851+0000] {dag.py:4180} INFO - Setting next_dagrun for example_branch_dop_operator_v3 to 2024-10-23 04:27:00+00:00, run_after=2024-10-23 04:28:00+00:00
[2024-10-23T04:28:20.893+0000] {processor.py:208} INFO - Processing /home/airflow/.local/lib/python3.12/site-packages/airflow/example_dags/example_branch_python_dop_operator_3.py took 0.240 seconds
[2024-10-23T04:28:51.092+0000] {processor.py:186} INFO - Started process (PID=14423) to work on /home/airflow/.local/lib/python3.12/site-packages/airflow/example_dags/example_branch_python_dop_operator_3.py
[2024-10-23T04:28:51.093+0000] {processor.py:914} INFO - Processing file /home/airflow/.local/lib/python3.12/site-packages/airflow/example_dags/example_branch_python_dop_operator_3.py for tasks to queue
[2024-10-23T04:28:51.094+0000] {logging_mixin.py:190} INFO - [2024-10-23T04:28:51.094+0000] {dagbag.py:588} INFO - Filling up the DagBag from /home/airflow/.local/lib/python3.12/site-packages/airflow/example_dags/example_branch_python_dop_operator_3.py
[2024-10-23T04:28:51.101+0000] {processor.py:925} INFO - DAG(s) 'example_branch_dop_operator_v3' retrieved from /home/airflow/.local/lib/python3.12/site-packages/airflow/example_dags/example_branch_python_dop_operator_3.py
[2024-10-23T04:28:51.117+0000] {logging_mixin.py:190} INFO - [2024-10-23T04:28:51.117+0000] {dag.py:3239} INFO - Sync 1 DAGs
[2024-10-23T04:28:51.136+0000] {logging_mixin.py:190} INFO - [2024-10-23T04:28:51.136+0000] {dag.py:4180} INFO - Setting next_dagrun for example_branch_dop_operator_v3 to 2024-10-23 04:27:00+00:00, run_after=2024-10-23 04:28:00+00:00
[2024-10-23T04:28:51.151+0000] {processor.py:208} INFO - Processing /home/airflow/.local/lib/python3.12/site-packages/airflow/example_dags/example_branch_python_dop_operator_3.py took 0.064 seconds
[2024-10-23T04:29:21.780+0000] {processor.py:186} INFO - Started process (PID=14486) to work on /home/airflow/.local/lib/python3.12/site-packages/airflow/example_dags/example_branch_python_dop_operator_3.py
[2024-10-23T04:29:21.782+0000] {processor.py:914} INFO - Processing file /home/airflow/.local/lib/python3.12/site-packages/airflow/example_dags/example_branch_python_dop_operator_3.py for tasks to queue
[2024-10-23T04:29:21.783+0000] {logging_mixin.py:190} INFO - [2024-10-23T04:29:21.783+0000] {dagbag.py:588} INFO - Filling up the DagBag from /home/airflow/.local/lib/python3.12/site-packages/airflow/example_dags/example_branch_python_dop_operator_3.py
[2024-10-23T04:29:21.794+0000] {processor.py:925} INFO - DAG(s) 'example_branch_dop_operator_v3' retrieved from /home/airflow/.local/lib/python3.12/site-packages/airflow/example_dags/example_branch_python_dop_operator_3.py
[2024-10-23T04:29:21.813+0000] {logging_mixin.py:190} INFO - [2024-10-23T04:29:21.812+0000] {dag.py:3239} INFO - Sync 1 DAGs
[2024-10-23T04:29:21.836+0000] {logging_mixin.py:190} INFO - [2024-10-23T04:29:21.836+0000] {dag.py:4180} INFO - Setting next_dagrun for example_branch_dop_operator_v3 to 2024-10-23 04:28:00+00:00, run_after=2024-10-23 04:29:00+00:00
[2024-10-23T04:29:21.852+0000] {processor.py:208} INFO - Processing /home/airflow/.local/lib/python3.12/site-packages/airflow/example_dags/example_branch_python_dop_operator_3.py took 0.078 seconds
[2024-10-23T04:29:52.537+0000] {processor.py:186} INFO - Started process (PID=14549) to work on /home/airflow/.local/lib/python3.12/site-packages/airflow/example_dags/example_branch_python_dop_operator_3.py
[2024-10-23T04:29:52.539+0000] {processor.py:914} INFO - Processing file /home/airflow/.local/lib/python3.12/site-packages/airflow/example_dags/example_branch_python_dop_operator_3.py for tasks to queue
[2024-10-23T04:29:52.540+0000] {logging_mixin.py:190} INFO - [2024-10-23T04:29:52.539+0000] {dagbag.py:588} INFO - Filling up the DagBag from /home/airflow/.local/lib/python3.12/site-packages/airflow/example_dags/example_branch_python_dop_operator_3.py
[2024-10-23T04:29:52.547+0000] {processor.py:925} INFO - DAG(s) 'example_branch_dop_operator_v3' retrieved from /home/airflow/.local/lib/python3.12/site-packages/airflow/example_dags/example_branch_python_dop_operator_3.py
[2024-10-23T04:29:52.568+0000] {logging_mixin.py:190} INFO - [2024-10-23T04:29:52.568+0000] {dag.py:3239} INFO - Sync 1 DAGs
[2024-10-23T04:29:52.588+0000] {logging_mixin.py:190} INFO - [2024-10-23T04:29:52.588+0000] {dag.py:4180} INFO - Setting next_dagrun for example_branch_dop_operator_v3 to 2024-10-23 04:28:00+00:00, run_after=2024-10-23 04:29:00+00:00
[2024-10-23T04:29:52.600+0000] {processor.py:208} INFO - Processing /home/airflow/.local/lib/python3.12/site-packages/airflow/example_dags/example_branch_python_dop_operator_3.py took 0.068 seconds
[2024-10-23T04:30:23.671+0000] {processor.py:186} INFO - Started process (PID=14612) to work on /home/airflow/.local/lib/python3.12/site-packages/airflow/example_dags/example_branch_python_dop_operator_3.py
[2024-10-23T04:30:23.672+0000] {processor.py:914} INFO - Processing file /home/airflow/.local/lib/python3.12/site-packages/airflow/example_dags/example_branch_python_dop_operator_3.py for tasks to queue
[2024-10-23T04:30:23.673+0000] {logging_mixin.py:190} INFO - [2024-10-23T04:30:23.673+0000] {dagbag.py:588} INFO - Filling up the DagBag from /home/airflow/.local/lib/python3.12/site-packages/airflow/example_dags/example_branch_python_dop_operator_3.py
[2024-10-23T04:30:23.682+0000] {processor.py:925} INFO - DAG(s) 'example_branch_dop_operator_v3' retrieved from /home/airflow/.local/lib/python3.12/site-packages/airflow/example_dags/example_branch_python_dop_operator_3.py
[2024-10-23T04:30:23.698+0000] {logging_mixin.py:190} INFO - [2024-10-23T04:30:23.698+0000] {dag.py:3239} INFO - Sync 1 DAGs
[2024-10-23T04:30:23.715+0000] {logging_mixin.py:190} INFO - [2024-10-23T04:30:23.715+0000] {dag.py:4180} INFO - Setting next_dagrun for example_branch_dop_operator_v3 to 2024-10-23 04:29:00+00:00, run_after=2024-10-23 04:30:00+00:00
[2024-10-23T04:30:23.727+0000] {processor.py:208} INFO - Processing /home/airflow/.local/lib/python3.12/site-packages/airflow/example_dags/example_branch_python_dop_operator_3.py took 0.060 seconds
[2024-10-23T04:30:54.589+0000] {processor.py:186} INFO - Started process (PID=14675) to work on /home/airflow/.local/lib/python3.12/site-packages/airflow/example_dags/example_branch_python_dop_operator_3.py
[2024-10-23T04:30:54.590+0000] {processor.py:914} INFO - Processing file /home/airflow/.local/lib/python3.12/site-packages/airflow/example_dags/example_branch_python_dop_operator_3.py for tasks to queue
[2024-10-23T04:30:54.591+0000] {logging_mixin.py:190} INFO - [2024-10-23T04:30:54.591+0000] {dagbag.py:588} INFO - Filling up the DagBag from /home/airflow/.local/lib/python3.12/site-packages/airflow/example_dags/example_branch_python_dop_operator_3.py
[2024-10-23T04:30:54.600+0000] {processor.py:925} INFO - DAG(s) 'example_branch_dop_operator_v3' retrieved from /home/airflow/.local/lib/python3.12/site-packages/airflow/example_dags/example_branch_python_dop_operator_3.py
[2024-10-23T04:30:54.617+0000] {logging_mixin.py:190} INFO - [2024-10-23T04:30:54.616+0000] {dag.py:3239} INFO - Sync 1 DAGs
[2024-10-23T04:30:54.636+0000] {logging_mixin.py:190} INFO - [2024-10-23T04:30:54.636+0000] {dag.py:4180} INFO - Setting next_dagrun for example_branch_dop_operator_v3 to 2024-10-23 04:29:00+00:00, run_after=2024-10-23 04:30:00+00:00
[2024-10-23T04:30:54.653+0000] {processor.py:208} INFO - Processing /home/airflow/.local/lib/python3.12/site-packages/airflow/example_dags/example_branch_python_dop_operator_3.py took 0.069 seconds
[2024-10-23T04:31:24.886+0000] {processor.py:186} INFO - Started process (PID=14738) to work on /home/airflow/.local/lib/python3.12/site-packages/airflow/example_dags/example_branch_python_dop_operator_3.py
[2024-10-23T04:31:24.889+0000] {processor.py:914} INFO - Processing file /home/airflow/.local/lib/python3.12/site-packages/airflow/example_dags/example_branch_python_dop_operator_3.py for tasks to queue
[2024-10-23T04:31:24.891+0000] {logging_mixin.py:190} INFO - [2024-10-23T04:31:24.891+0000] {dagbag.py:588} INFO - Filling up the DagBag from /home/airflow/.local/lib/python3.12/site-packages/airflow/example_dags/example_branch_python_dop_operator_3.py
[2024-10-23T04:31:24.906+0000] {processor.py:925} INFO - DAG(s) 'example_branch_dop_operator_v3' retrieved from /home/airflow/.local/lib/python3.12/site-packages/airflow/example_dags/example_branch_python_dop_operator_3.py
[2024-10-23T04:31:24.929+0000] {logging_mixin.py:190} INFO - [2024-10-23T04:31:24.928+0000] {dag.py:3239} INFO - Sync 1 DAGs
[2024-10-23T04:31:24.949+0000] {logging_mixin.py:190} INFO - [2024-10-23T04:31:24.948+0000] {dag.py:4180} INFO - Setting next_dagrun for example_branch_dop_operator_v3 to 2024-10-23 04:30:00+00:00, run_after=2024-10-23 04:31:00+00:00
[2024-10-23T04:31:24.961+0000] {processor.py:208} INFO - Processing /home/airflow/.local/lib/python3.12/site-packages/airflow/example_dags/example_branch_python_dop_operator_3.py took 0.080 seconds
[2024-10-23T04:31:55.270+0000] {processor.py:186} INFO - Started process (PID=14800) to work on /home/airflow/.local/lib/python3.12/site-packages/airflow/example_dags/example_branch_python_dop_operator_3.py
[2024-10-23T04:31:55.271+0000] {processor.py:914} INFO - Processing file /home/airflow/.local/lib/python3.12/site-packages/airflow/example_dags/example_branch_python_dop_operator_3.py for tasks to queue
[2024-10-23T04:31:55.271+0000] {logging_mixin.py:190} INFO - [2024-10-23T04:31:55.271+0000] {dagbag.py:588} INFO - Filling up the DagBag from /home/airflow/.local/lib/python3.12/site-packages/airflow/example_dags/example_branch_python_dop_operator_3.py
[2024-10-23T04:31:55.278+0000] {processor.py:925} INFO - DAG(s) 'example_branch_dop_operator_v3' retrieved from /home/airflow/.local/lib/python3.12/site-packages/airflow/example_dags/example_branch_python_dop_operator_3.py
[2024-10-23T04:31:55.291+0000] {logging_mixin.py:190} INFO - [2024-10-23T04:31:55.291+0000] {dag.py:3239} INFO - Sync 1 DAGs
[2024-10-23T04:31:55.306+0000] {logging_mixin.py:190} INFO - [2024-10-23T04:31:55.306+0000] {dag.py:4180} INFO - Setting next_dagrun for example_branch_dop_operator_v3 to 2024-10-23 04:30:00+00:00, run_after=2024-10-23 04:31:00+00:00
[2024-10-23T04:31:55.317+0000] {processor.py:208} INFO - Processing /home/airflow/.local/lib/python3.12/site-packages/airflow/example_dags/example_branch_python_dop_operator_3.py took 0.051 seconds
[2024-10-23T04:32:25.612+0000] {processor.py:186} INFO - Started process (PID=14863) to work on /home/airflow/.local/lib/python3.12/site-packages/airflow/example_dags/example_branch_python_dop_operator_3.py
[2024-10-23T04:32:25.614+0000] {processor.py:914} INFO - Processing file /home/airflow/.local/lib/python3.12/site-packages/airflow/example_dags/example_branch_python_dop_operator_3.py for tasks to queue
[2024-10-23T04:32:25.615+0000] {logging_mixin.py:190} INFO - [2024-10-23T04:32:25.615+0000] {dagbag.py:588} INFO - Filling up the DagBag from /home/airflow/.local/lib/python3.12/site-packages/airflow/example_dags/example_branch_python_dop_operator_3.py
[2024-10-23T04:32:25.623+0000] {processor.py:925} INFO - DAG(s) 'example_branch_dop_operator_v3' retrieved from /home/airflow/.local/lib/python3.12/site-packages/airflow/example_dags/example_branch_python_dop_operator_3.py
[2024-10-23T04:32:25.640+0000] {logging_mixin.py:190} INFO - [2024-10-23T04:32:25.640+0000] {dag.py:3239} INFO - Sync 1 DAGs
[2024-10-23T04:32:25.657+0000] {logging_mixin.py:190} INFO - [2024-10-23T04:32:25.657+0000] {dag.py:4180} INFO - Setting next_dagrun for example_branch_dop_operator_v3 to 2024-10-23 04:31:00+00:00, run_after=2024-10-23 04:32:00+00:00
[2024-10-23T04:32:25.670+0000] {processor.py:208} INFO - Processing /home/airflow/.local/lib/python3.12/site-packages/airflow/example_dags/example_branch_python_dop_operator_3.py took 0.062 seconds
[2024-10-23T04:32:55.992+0000] {processor.py:186} INFO - Started process (PID=14926) to work on /home/airflow/.local/lib/python3.12/site-packages/airflow/example_dags/example_branch_python_dop_operator_3.py
[2024-10-23T04:32:55.993+0000] {processor.py:914} INFO - Processing file /home/airflow/.local/lib/python3.12/site-packages/airflow/example_dags/example_branch_python_dop_operator_3.py for tasks to queue
[2024-10-23T04:32:55.995+0000] {logging_mixin.py:190} INFO - [2024-10-23T04:32:55.994+0000] {dagbag.py:588} INFO - Filling up the DagBag from /home/airflow/.local/lib/python3.12/site-packages/airflow/example_dags/example_branch_python_dop_operator_3.py
[2024-10-23T04:32:56.001+0000] {processor.py:925} INFO - DAG(s) 'example_branch_dop_operator_v3' retrieved from /home/airflow/.local/lib/python3.12/site-packages/airflow/example_dags/example_branch_python_dop_operator_3.py
[2024-10-23T04:32:56.014+0000] {logging_mixin.py:190} INFO - [2024-10-23T04:32:56.014+0000] {dag.py:3239} INFO - Sync 1 DAGs
[2024-10-23T04:32:56.031+0000] {logging_mixin.py:190} INFO - [2024-10-23T04:32:56.031+0000] {dag.py:4180} INFO - Setting next_dagrun for example_branch_dop_operator_v3 to 2024-10-23 04:31:00+00:00, run_after=2024-10-23 04:32:00+00:00
[2024-10-23T04:32:56.041+0000] {processor.py:208} INFO - Processing /home/airflow/.local/lib/python3.12/site-packages/airflow/example_dags/example_branch_python_dop_operator_3.py took 0.053 seconds
[2024-10-23T04:33:26.764+0000] {processor.py:186} INFO - Started process (PID=14989) to work on /home/airflow/.local/lib/python3.12/site-packages/airflow/example_dags/example_branch_python_dop_operator_3.py
[2024-10-23T04:33:26.765+0000] {processor.py:914} INFO - Processing file /home/airflow/.local/lib/python3.12/site-packages/airflow/example_dags/example_branch_python_dop_operator_3.py for tasks to queue
[2024-10-23T04:33:26.766+0000] {logging_mixin.py:190} INFO - [2024-10-23T04:33:26.766+0000] {dagbag.py:588} INFO - Filling up the DagBag from /home/airflow/.local/lib/python3.12/site-packages/airflow/example_dags/example_branch_python_dop_operator_3.py
[2024-10-23T04:33:26.773+0000] {processor.py:925} INFO - DAG(s) 'example_branch_dop_operator_v3' retrieved from /home/airflow/.local/lib/python3.12/site-packages/airflow/example_dags/example_branch_python_dop_operator_3.py
[2024-10-23T04:33:26.796+0000] {logging_mixin.py:190} INFO - [2024-10-23T04:33:26.796+0000] {dag.py:3239} INFO - Sync 1 DAGs
[2024-10-23T04:33:26.817+0000] {logging_mixin.py:190} INFO - [2024-10-23T04:33:26.817+0000] {dag.py:4180} INFO - Setting next_dagrun for example_branch_dop_operator_v3 to 2024-10-23 04:32:00+00:00, run_after=2024-10-23 04:33:00+00:00
[2024-10-23T04:33:26.831+0000] {processor.py:208} INFO - Processing /home/airflow/.local/lib/python3.12/site-packages/airflow/example_dags/example_branch_python_dop_operator_3.py took 0.072 seconds
[2024-10-23T04:33:57.663+0000] {processor.py:186} INFO - Started process (PID=15052) to work on /home/airflow/.local/lib/python3.12/site-packages/airflow/example_dags/example_branch_python_dop_operator_3.py
[2024-10-23T04:33:57.664+0000] {processor.py:914} INFO - Processing file /home/airflow/.local/lib/python3.12/site-packages/airflow/example_dags/example_branch_python_dop_operator_3.py for tasks to queue
[2024-10-23T04:33:57.665+0000] {logging_mixin.py:190} INFO - [2024-10-23T04:33:57.665+0000] {dagbag.py:588} INFO - Filling up the DagBag from /home/airflow/.local/lib/python3.12/site-packages/airflow/example_dags/example_branch_python_dop_operator_3.py
[2024-10-23T04:33:57.673+0000] {processor.py:925} INFO - DAG(s) 'example_branch_dop_operator_v3' retrieved from /home/airflow/.local/lib/python3.12/site-packages/airflow/example_dags/example_branch_python_dop_operator_3.py
[2024-10-23T04:33:57.689+0000] {logging_mixin.py:190} INFO - [2024-10-23T04:33:57.689+0000] {dag.py:3239} INFO - Sync 1 DAGs
[2024-10-23T04:33:57.709+0000] {logging_mixin.py:190} INFO - [2024-10-23T04:33:57.709+0000] {dag.py:4180} INFO - Setting next_dagrun for example_branch_dop_operator_v3 to 2024-10-23 04:32:00+00:00, run_after=2024-10-23 04:33:00+00:00
[2024-10-23T04:33:57.724+0000] {processor.py:208} INFO - Processing /home/airflow/.local/lib/python3.12/site-packages/airflow/example_dags/example_branch_python_dop_operator_3.py took 0.065 seconds
[2024-10-23T04:34:29.219+0000] {processor.py:186} INFO - Started process (PID=15115) to work on /home/airflow/.local/lib/python3.12/site-packages/airflow/example_dags/example_branch_python_dop_operator_3.py
[2024-10-23T04:34:29.220+0000] {processor.py:914} INFO - Processing file /home/airflow/.local/lib/python3.12/site-packages/airflow/example_dags/example_branch_python_dop_operator_3.py for tasks to queue
[2024-10-23T04:34:29.221+0000] {logging_mixin.py:190} INFO - [2024-10-23T04:34:29.220+0000] {dagbag.py:588} INFO - Filling up the DagBag from /home/airflow/.local/lib/python3.12/site-packages/airflow/example_dags/example_branch_python_dop_operator_3.py
[2024-10-23T04:34:29.228+0000] {processor.py:925} INFO - DAG(s) 'example_branch_dop_operator_v3' retrieved from /home/airflow/.local/lib/python3.12/site-packages/airflow/example_dags/example_branch_python_dop_operator_3.py
[2024-10-23T04:34:29.243+0000] {logging_mixin.py:190} INFO - [2024-10-23T04:34:29.243+0000] {dag.py:3239} INFO - Sync 1 DAGs
[2024-10-23T04:34:29.260+0000] {logging_mixin.py:190} INFO - [2024-10-23T04:34:29.260+0000] {dag.py:4180} INFO - Setting next_dagrun for example_branch_dop_operator_v3 to 2024-10-23 04:33:00+00:00, run_after=2024-10-23 04:34:00+00:00
[2024-10-23T04:34:29.272+0000] {processor.py:208} INFO - Processing /home/airflow/.local/lib/python3.12/site-packages/airflow/example_dags/example_branch_python_dop_operator_3.py took 0.058 seconds
[2024-10-23T04:34:59.825+0000] {processor.py:186} INFO - Started process (PID=15178) to work on /home/airflow/.local/lib/python3.12/site-packages/airflow/example_dags/example_branch_python_dop_operator_3.py
[2024-10-23T04:34:59.827+0000] {processor.py:914} INFO - Processing file /home/airflow/.local/lib/python3.12/site-packages/airflow/example_dags/example_branch_python_dop_operator_3.py for tasks to queue
[2024-10-23T04:34:59.828+0000] {logging_mixin.py:190} INFO - [2024-10-23T04:34:59.827+0000] {dagbag.py:588} INFO - Filling up the DagBag from /home/airflow/.local/lib/python3.12/site-packages/airflow/example_dags/example_branch_python_dop_operator_3.py
[2024-10-23T04:34:59.838+0000] {processor.py:925} INFO - DAG(s) 'example_branch_dop_operator_v3' retrieved from /home/airflow/.local/lib/python3.12/site-packages/airflow/example_dags/example_branch_python_dop_operator_3.py
[2024-10-23T04:34:59.854+0000] {logging_mixin.py:190} INFO - [2024-10-23T04:34:59.854+0000] {dag.py:3239} INFO - Sync 1 DAGs
[2024-10-23T04:34:59.873+0000] {logging_mixin.py:190} INFO - [2024-10-23T04:34:59.873+0000] {dag.py:4180} INFO - Setting next_dagrun for example_branch_dop_operator_v3 to 2024-10-23 04:33:00+00:00, run_after=2024-10-23 04:34:00+00:00
[2024-10-23T04:34:59.888+0000] {processor.py:208} INFO - Processing /home/airflow/.local/lib/python3.12/site-packages/airflow/example_dags/example_branch_python_dop_operator_3.py took 0.068 seconds
[2024-10-23T04:35:30.099+0000] {processor.py:186} INFO - Started process (PID=15244) to work on /home/airflow/.local/lib/python3.12/site-packages/airflow/example_dags/example_branch_python_dop_operator_3.py
[2024-10-23T04:35:30.100+0000] {processor.py:914} INFO - Processing file /home/airflow/.local/lib/python3.12/site-packages/airflow/example_dags/example_branch_python_dop_operator_3.py for tasks to queue
[2024-10-23T04:35:30.102+0000] {logging_mixin.py:190} INFO - [2024-10-23T04:35:30.101+0000] {dagbag.py:588} INFO - Filling up the DagBag from /home/airflow/.local/lib/python3.12/site-packages/airflow/example_dags/example_branch_python_dop_operator_3.py
[2024-10-23T04:35:30.109+0000] {processor.py:925} INFO - DAG(s) 'example_branch_dop_operator_v3' retrieved from /home/airflow/.local/lib/python3.12/site-packages/airflow/example_dags/example_branch_python_dop_operator_3.py
[2024-10-23T04:35:30.126+0000] {logging_mixin.py:190} INFO - [2024-10-23T04:35:30.125+0000] {dag.py:3239} INFO - Sync 1 DAGs
[2024-10-23T04:35:30.143+0000] {logging_mixin.py:190} INFO - [2024-10-23T04:35:30.143+0000] {dag.py:4180} INFO - Setting next_dagrun for example_branch_dop_operator_v3 to 2024-10-23 04:34:00+00:00, run_after=2024-10-23 04:35:00+00:00
[2024-10-23T04:35:30.159+0000] {processor.py:208} INFO - Processing /home/airflow/.local/lib/python3.12/site-packages/airflow/example_dags/example_branch_python_dop_operator_3.py took 0.064 seconds
[2024-10-23T04:36:01.052+0000] {processor.py:186} INFO - Started process (PID=15308) to work on /home/airflow/.local/lib/python3.12/site-packages/airflow/example_dags/example_branch_python_dop_operator_3.py
[2024-10-23T04:36:01.055+0000] {processor.py:914} INFO - Processing file /home/airflow/.local/lib/python3.12/site-packages/airflow/example_dags/example_branch_python_dop_operator_3.py for tasks to queue
[2024-10-23T04:36:01.057+0000] {logging_mixin.py:190} INFO - [2024-10-23T04:36:01.057+0000] {dagbag.py:588} INFO - Filling up the DagBag from /home/airflow/.local/lib/python3.12/site-packages/airflow/example_dags/example_branch_python_dop_operator_3.py
[2024-10-23T04:36:01.069+0000] {processor.py:925} INFO - DAG(s) 'example_branch_dop_operator_v3' retrieved from /home/airflow/.local/lib/python3.12/site-packages/airflow/example_dags/example_branch_python_dop_operator_3.py
[2024-10-23T04:36:01.092+0000] {logging_mixin.py:190} INFO - [2024-10-23T04:36:01.091+0000] {dag.py:3239} INFO - Sync 1 DAGs
[2024-10-23T04:36:01.111+0000] {logging_mixin.py:190} INFO - [2024-10-23T04:36:01.111+0000] {dag.py:4180} INFO - Setting next_dagrun for example_branch_dop_operator_v3 to 2024-10-23 04:35:00+00:00, run_after=2024-10-23 04:36:00+00:00
[2024-10-23T04:36:01.133+0000] {processor.py:208} INFO - Processing /home/airflow/.local/lib/python3.12/site-packages/airflow/example_dags/example_branch_python_dop_operator_3.py took 0.088 seconds
[2024-10-23T04:36:32.834+0000] {processor.py:186} INFO - Started process (PID=15373) to work on /home/airflow/.local/lib/python3.12/site-packages/airflow/example_dags/example_branch_python_dop_operator_3.py
[2024-10-23T04:36:32.836+0000] {processor.py:914} INFO - Processing file /home/airflow/.local/lib/python3.12/site-packages/airflow/example_dags/example_branch_python_dop_operator_3.py for tasks to queue
[2024-10-23T04:36:32.837+0000] {logging_mixin.py:190} INFO - [2024-10-23T04:36:32.837+0000] {dagbag.py:588} INFO - Filling up the DagBag from /home/airflow/.local/lib/python3.12/site-packages/airflow/example_dags/example_branch_python_dop_operator_3.py
[2024-10-23T04:36:32.847+0000] {processor.py:925} INFO - DAG(s) 'example_branch_dop_operator_v3' retrieved from /home/airflow/.local/lib/python3.12/site-packages/airflow/example_dags/example_branch_python_dop_operator_3.py
[2024-10-23T04:36:32.883+0000] {logging_mixin.py:190} INFO - [2024-10-23T04:36:32.882+0000] {dag.py:3239} INFO - Sync 1 DAGs
[2024-10-23T04:36:32.907+0000] {logging_mixin.py:190} INFO - [2024-10-23T04:36:32.907+0000] {dag.py:4180} INFO - Setting next_dagrun for example_branch_dop_operator_v3 to 2024-10-23 04:35:00+00:00, run_after=2024-10-23 04:36:00+00:00
[2024-10-23T04:36:32.923+0000] {processor.py:208} INFO - Processing /home/airflow/.local/lib/python3.12/site-packages/airflow/example_dags/example_branch_python_dop_operator_3.py took 0.095 seconds
[2024-10-23T04:37:03.337+0000] {processor.py:186} INFO - Started process (PID=15436) to work on /home/airflow/.local/lib/python3.12/site-packages/airflow/example_dags/example_branch_python_dop_operator_3.py
[2024-10-23T04:37:03.339+0000] {processor.py:914} INFO - Processing file /home/airflow/.local/lib/python3.12/site-packages/airflow/example_dags/example_branch_python_dop_operator_3.py for tasks to queue
[2024-10-23T04:37:03.341+0000] {logging_mixin.py:190} INFO - [2024-10-23T04:37:03.340+0000] {dagbag.py:588} INFO - Filling up the DagBag from /home/airflow/.local/lib/python3.12/site-packages/airflow/example_dags/example_branch_python_dop_operator_3.py
[2024-10-23T04:37:03.351+0000] {processor.py:925} INFO - DAG(s) 'example_branch_dop_operator_v3' retrieved from /home/airflow/.local/lib/python3.12/site-packages/airflow/example_dags/example_branch_python_dop_operator_3.py
[2024-10-23T04:37:03.380+0000] {logging_mixin.py:190} INFO - [2024-10-23T04:37:03.380+0000] {dag.py:3239} INFO - Sync 1 DAGs
[2024-10-23T04:37:03.407+0000] {logging_mixin.py:190} INFO - [2024-10-23T04:37:03.407+0000] {dag.py:4180} INFO - Setting next_dagrun for example_branch_dop_operator_v3 to 2024-10-23 04:36:00+00:00, run_after=2024-10-23 04:37:00+00:00
[2024-10-23T04:37:03.688+0000] {processor.py:208} INFO - Processing /home/airflow/.local/lib/python3.12/site-packages/airflow/example_dags/example_branch_python_dop_operator_3.py took 0.355 seconds
[2024-10-23T04:37:33.941+0000] {processor.py:186} INFO - Started process (PID=15498) to work on /home/airflow/.local/lib/python3.12/site-packages/airflow/example_dags/example_branch_python_dop_operator_3.py
[2024-10-23T04:37:33.942+0000] {processor.py:914} INFO - Processing file /home/airflow/.local/lib/python3.12/site-packages/airflow/example_dags/example_branch_python_dop_operator_3.py for tasks to queue
[2024-10-23T04:37:33.942+0000] {logging_mixin.py:190} INFO - [2024-10-23T04:37:33.942+0000] {dagbag.py:588} INFO - Filling up the DagBag from /home/airflow/.local/lib/python3.12/site-packages/airflow/example_dags/example_branch_python_dop_operator_3.py
[2024-10-23T04:37:33.952+0000] {processor.py:925} INFO - DAG(s) 'example_branch_dop_operator_v3' retrieved from /home/airflow/.local/lib/python3.12/site-packages/airflow/example_dags/example_branch_python_dop_operator_3.py
[2024-10-23T04:37:33.988+0000] {logging_mixin.py:190} INFO - [2024-10-23T04:37:33.988+0000] {dag.py:3239} INFO - Sync 1 DAGs
[2024-10-23T04:37:34.010+0000] {logging_mixin.py:190} INFO - [2024-10-23T04:37:34.010+0000] {dag.py:4180} INFO - Setting next_dagrun for example_branch_dop_operator_v3 to 2024-10-23 04:36:00+00:00, run_after=2024-10-23 04:37:00+00:00
[2024-10-23T04:37:34.021+0000] {processor.py:208} INFO - Processing /home/airflow/.local/lib/python3.12/site-packages/airflow/example_dags/example_branch_python_dop_operator_3.py took 0.086 seconds
[2024-10-23T04:38:04.154+0000] {processor.py:186} INFO - Started process (PID=15561) to work on /home/airflow/.local/lib/python3.12/site-packages/airflow/example_dags/example_branch_python_dop_operator_3.py
[2024-10-23T04:38:04.155+0000] {processor.py:914} INFO - Processing file /home/airflow/.local/lib/python3.12/site-packages/airflow/example_dags/example_branch_python_dop_operator_3.py for tasks to queue
[2024-10-23T04:38:04.156+0000] {logging_mixin.py:190} INFO - [2024-10-23T04:38:04.156+0000] {dagbag.py:588} INFO - Filling up the DagBag from /home/airflow/.local/lib/python3.12/site-packages/airflow/example_dags/example_branch_python_dop_operator_3.py
[2024-10-23T04:38:04.166+0000] {processor.py:925} INFO - DAG(s) 'example_branch_dop_operator_v3' retrieved from /home/airflow/.local/lib/python3.12/site-packages/airflow/example_dags/example_branch_python_dop_operator_3.py
[2024-10-23T04:38:04.186+0000] {logging_mixin.py:190} INFO - [2024-10-23T04:38:04.186+0000] {dag.py:3239} INFO - Sync 1 DAGs
[2024-10-23T04:38:04.206+0000] {logging_mixin.py:190} INFO - [2024-10-23T04:38:04.206+0000] {dag.py:4180} INFO - Setting next_dagrun for example_branch_dop_operator_v3 to 2024-10-23 04:37:00+00:00, run_after=2024-10-23 04:38:00+00:00
[2024-10-23T04:38:04.218+0000] {processor.py:208} INFO - Processing /home/airflow/.local/lib/python3.12/site-packages/airflow/example_dags/example_branch_python_dop_operator_3.py took 0.070 seconds
[2024-10-23T04:38:34.405+0000] {processor.py:186} INFO - Started process (PID=15624) to work on /home/airflow/.local/lib/python3.12/site-packages/airflow/example_dags/example_branch_python_dop_operator_3.py
[2024-10-23T04:38:34.406+0000] {processor.py:914} INFO - Processing file /home/airflow/.local/lib/python3.12/site-packages/airflow/example_dags/example_branch_python_dop_operator_3.py for tasks to queue
[2024-10-23T04:38:34.407+0000] {logging_mixin.py:190} INFO - [2024-10-23T04:38:34.407+0000] {dagbag.py:588} INFO - Filling up the DagBag from /home/airflow/.local/lib/python3.12/site-packages/airflow/example_dags/example_branch_python_dop_operator_3.py
[2024-10-23T04:38:34.417+0000] {processor.py:925} INFO - DAG(s) 'example_branch_dop_operator_v3' retrieved from /home/airflow/.local/lib/python3.12/site-packages/airflow/example_dags/example_branch_python_dop_operator_3.py
[2024-10-23T04:38:34.437+0000] {logging_mixin.py:190} INFO - [2024-10-23T04:38:34.437+0000] {dag.py:3239} INFO - Sync 1 DAGs
[2024-10-23T04:38:34.458+0000] {logging_mixin.py:190} INFO - [2024-10-23T04:38:34.458+0000] {dag.py:4180} INFO - Setting next_dagrun for example_branch_dop_operator_v3 to 2024-10-23 04:37:00+00:00, run_after=2024-10-23 04:38:00+00:00
[2024-10-23T04:38:34.471+0000] {processor.py:208} INFO - Processing /home/airflow/.local/lib/python3.12/site-packages/airflow/example_dags/example_branch_python_dop_operator_3.py took 0.071 seconds
[2024-10-23T04:39:06.005+0000] {processor.py:186} INFO - Started process (PID=15688) to work on /home/airflow/.local/lib/python3.12/site-packages/airflow/example_dags/example_branch_python_dop_operator_3.py
[2024-10-23T04:39:06.007+0000] {processor.py:914} INFO - Processing file /home/airflow/.local/lib/python3.12/site-packages/airflow/example_dags/example_branch_python_dop_operator_3.py for tasks to queue
[2024-10-23T04:39:06.011+0000] {logging_mixin.py:190} INFO - [2024-10-23T04:39:06.011+0000] {dagbag.py:588} INFO - Filling up the DagBag from /home/airflow/.local/lib/python3.12/site-packages/airflow/example_dags/example_branch_python_dop_operator_3.py
[2024-10-23T04:39:06.023+0000] {processor.py:925} INFO - DAG(s) 'example_branch_dop_operator_v3' retrieved from /home/airflow/.local/lib/python3.12/site-packages/airflow/example_dags/example_branch_python_dop_operator_3.py
[2024-10-23T04:39:06.043+0000] {logging_mixin.py:190} INFO - [2024-10-23T04:39:06.042+0000] {dag.py:3239} INFO - Sync 1 DAGs
[2024-10-23T04:39:06.066+0000] {logging_mixin.py:190} INFO - [2024-10-23T04:39:06.065+0000] {dag.py:4180} INFO - Setting next_dagrun for example_branch_dop_operator_v3 to 2024-10-23 04:38:00+00:00, run_after=2024-10-23 04:39:00+00:00
[2024-10-23T04:39:06.088+0000] {processor.py:208} INFO - Processing /home/airflow/.local/lib/python3.12/site-packages/airflow/example_dags/example_branch_python_dop_operator_3.py took 0.101 seconds
[2024-10-23T04:39:37.848+0000] {processor.py:186} INFO - Started process (PID=15751) to work on /home/airflow/.local/lib/python3.12/site-packages/airflow/example_dags/example_branch_python_dop_operator_3.py
[2024-10-23T04:39:37.849+0000] {processor.py:914} INFO - Processing file /home/airflow/.local/lib/python3.12/site-packages/airflow/example_dags/example_branch_python_dop_operator_3.py for tasks to queue
[2024-10-23T04:39:37.852+0000] {logging_mixin.py:190} INFO - [2024-10-23T04:39:37.851+0000] {dagbag.py:588} INFO - Filling up the DagBag from /home/airflow/.local/lib/python3.12/site-packages/airflow/example_dags/example_branch_python_dop_operator_3.py
[2024-10-23T04:39:37.861+0000] {processor.py:925} INFO - DAG(s) 'example_branch_dop_operator_v3' retrieved from /home/airflow/.local/lib/python3.12/site-packages/airflow/example_dags/example_branch_python_dop_operator_3.py
[2024-10-23T04:39:37.881+0000] {logging_mixin.py:190} INFO - [2024-10-23T04:39:37.881+0000] {dag.py:3239} INFO - Sync 1 DAGs
[2024-10-23T04:39:38.095+0000] {logging_mixin.py:190} INFO - [2024-10-23T04:39:38.094+0000] {dag.py:4180} INFO - Setting next_dagrun for example_branch_dop_operator_v3 to 2024-10-23 04:38:00+00:00, run_after=2024-10-23 04:39:00+00:00
[2024-10-23T04:39:38.107+0000] {processor.py:208} INFO - Processing /home/airflow/.local/lib/python3.12/site-packages/airflow/example_dags/example_branch_python_dop_operator_3.py took 0.264 seconds
[2024-10-23T04:40:09.245+0000] {processor.py:186} INFO - Started process (PID=15814) to work on /home/airflow/.local/lib/python3.12/site-packages/airflow/example_dags/example_branch_python_dop_operator_3.py
[2024-10-23T04:40:09.246+0000] {processor.py:914} INFO - Processing file /home/airflow/.local/lib/python3.12/site-packages/airflow/example_dags/example_branch_python_dop_operator_3.py for tasks to queue
[2024-10-23T04:40:09.248+0000] {logging_mixin.py:190} INFO - [2024-10-23T04:40:09.247+0000] {dagbag.py:588} INFO - Filling up the DagBag from /home/airflow/.local/lib/python3.12/site-packages/airflow/example_dags/example_branch_python_dop_operator_3.py
[2024-10-23T04:40:09.257+0000] {processor.py:925} INFO - DAG(s) 'example_branch_dop_operator_v3' retrieved from /home/airflow/.local/lib/python3.12/site-packages/airflow/example_dags/example_branch_python_dop_operator_3.py
[2024-10-23T04:40:09.278+0000] {logging_mixin.py:190} INFO - [2024-10-23T04:40:09.278+0000] {dag.py:3239} INFO - Sync 1 DAGs
[2024-10-23T04:40:09.541+0000] {logging_mixin.py:190} INFO - [2024-10-23T04:40:09.540+0000] {dag.py:4180} INFO - Setting next_dagrun for example_branch_dop_operator_v3 to 2024-10-23 04:39:00+00:00, run_after=2024-10-23 04:40:00+00:00
[2024-10-23T04:40:09.553+0000] {processor.py:208} INFO - Processing /home/airflow/.local/lib/python3.12/site-packages/airflow/example_dags/example_branch_python_dop_operator_3.py took 0.313 seconds
[2024-10-23T04:40:39.896+0000] {processor.py:186} INFO - Started process (PID=15877) to work on /home/airflow/.local/lib/python3.12/site-packages/airflow/example_dags/example_branch_python_dop_operator_3.py
[2024-10-23T04:40:39.897+0000] {processor.py:914} INFO - Processing file /home/airflow/.local/lib/python3.12/site-packages/airflow/example_dags/example_branch_python_dop_operator_3.py for tasks to queue
[2024-10-23T04:40:39.898+0000] {logging_mixin.py:190} INFO - [2024-10-23T04:40:39.898+0000] {dagbag.py:588} INFO - Filling up the DagBag from /home/airflow/.local/lib/python3.12/site-packages/airflow/example_dags/example_branch_python_dop_operator_3.py
[2024-10-23T04:40:39.907+0000] {processor.py:925} INFO - DAG(s) 'example_branch_dop_operator_v3' retrieved from /home/airflow/.local/lib/python3.12/site-packages/airflow/example_dags/example_branch_python_dop_operator_3.py
[2024-10-23T04:40:39.930+0000] {logging_mixin.py:190} INFO - [2024-10-23T04:40:39.929+0000] {dag.py:3239} INFO - Sync 1 DAGs
[2024-10-23T04:40:39.949+0000] {logging_mixin.py:190} INFO - [2024-10-23T04:40:39.949+0000] {dag.py:4180} INFO - Setting next_dagrun for example_branch_dop_operator_v3 to 2024-10-23 04:39:00+00:00, run_after=2024-10-23 04:40:00+00:00
[2024-10-23T04:40:39.966+0000] {processor.py:208} INFO - Processing /home/airflow/.local/lib/python3.12/site-packages/airflow/example_dags/example_branch_python_dop_operator_3.py took 0.086 seconds
[2024-10-23T04:41:10.555+0000] {processor.py:186} INFO - Started process (PID=15940) to work on /home/airflow/.local/lib/python3.12/site-packages/airflow/example_dags/example_branch_python_dop_operator_3.py
[2024-10-23T04:41:10.558+0000] {processor.py:914} INFO - Processing file /home/airflow/.local/lib/python3.12/site-packages/airflow/example_dags/example_branch_python_dop_operator_3.py for tasks to queue
[2024-10-23T04:41:10.560+0000] {logging_mixin.py:190} INFO - [2024-10-23T04:41:10.559+0000] {dagbag.py:588} INFO - Filling up the DagBag from /home/airflow/.local/lib/python3.12/site-packages/airflow/example_dags/example_branch_python_dop_operator_3.py
[2024-10-23T04:41:10.567+0000] {processor.py:925} INFO - DAG(s) 'example_branch_dop_operator_v3' retrieved from /home/airflow/.local/lib/python3.12/site-packages/airflow/example_dags/example_branch_python_dop_operator_3.py
[2024-10-23T04:41:10.583+0000] {logging_mixin.py:190} INFO - [2024-10-23T04:41:10.583+0000] {dag.py:3239} INFO - Sync 1 DAGs
[2024-10-23T04:41:10.603+0000] {logging_mixin.py:190} INFO - [2024-10-23T04:41:10.602+0000] {dag.py:4180} INFO - Setting next_dagrun for example_branch_dop_operator_v3 to 2024-10-23 04:40:00+00:00, run_after=2024-10-23 04:41:00+00:00
[2024-10-23T04:41:10.618+0000] {processor.py:208} INFO - Processing /home/airflow/.local/lib/python3.12/site-packages/airflow/example_dags/example_branch_python_dop_operator_3.py took 0.067 seconds
[2024-10-23T04:41:41.171+0000] {processor.py:186} INFO - Started process (PID=16003) to work on /home/airflow/.local/lib/python3.12/site-packages/airflow/example_dags/example_branch_python_dop_operator_3.py
[2024-10-23T04:41:41.172+0000] {processor.py:914} INFO - Processing file /home/airflow/.local/lib/python3.12/site-packages/airflow/example_dags/example_branch_python_dop_operator_3.py for tasks to queue
[2024-10-23T04:41:41.174+0000] {logging_mixin.py:190} INFO - [2024-10-23T04:41:41.173+0000] {dagbag.py:588} INFO - Filling up the DagBag from /home/airflow/.local/lib/python3.12/site-packages/airflow/example_dags/example_branch_python_dop_operator_3.py
[2024-10-23T04:41:41.185+0000] {processor.py:925} INFO - DAG(s) 'example_branch_dop_operator_v3' retrieved from /home/airflow/.local/lib/python3.12/site-packages/airflow/example_dags/example_branch_python_dop_operator_3.py
[2024-10-23T04:41:41.201+0000] {logging_mixin.py:190} INFO - [2024-10-23T04:41:41.201+0000] {dag.py:3239} INFO - Sync 1 DAGs
[2024-10-23T04:41:41.222+0000] {logging_mixin.py:190} INFO - [2024-10-23T04:41:41.221+0000] {dag.py:4180} INFO - Setting next_dagrun for example_branch_dop_operator_v3 to 2024-10-23 04:40:00+00:00, run_after=2024-10-23 04:41:00+00:00
[2024-10-23T04:41:41.237+0000] {processor.py:208} INFO - Processing /home/airflow/.local/lib/python3.12/site-packages/airflow/example_dags/example_branch_python_dop_operator_3.py took 0.073 seconds
[2024-10-23T04:42:12.243+0000] {processor.py:186} INFO - Started process (PID=16066) to work on /home/airflow/.local/lib/python3.12/site-packages/airflow/example_dags/example_branch_python_dop_operator_3.py
[2024-10-23T04:42:12.246+0000] {processor.py:914} INFO - Processing file /home/airflow/.local/lib/python3.12/site-packages/airflow/example_dags/example_branch_python_dop_operator_3.py for tasks to queue
[2024-10-23T04:42:12.247+0000] {logging_mixin.py:190} INFO - [2024-10-23T04:42:12.247+0000] {dagbag.py:588} INFO - Filling up the DagBag from /home/airflow/.local/lib/python3.12/site-packages/airflow/example_dags/example_branch_python_dop_operator_3.py
[2024-10-23T04:42:12.255+0000] {processor.py:925} INFO - DAG(s) 'example_branch_dop_operator_v3' retrieved from /home/airflow/.local/lib/python3.12/site-packages/airflow/example_dags/example_branch_python_dop_operator_3.py
[2024-10-23T04:42:12.270+0000] {logging_mixin.py:190} INFO - [2024-10-23T04:42:12.270+0000] {dag.py:3239} INFO - Sync 1 DAGs
[2024-10-23T04:42:12.288+0000] {logging_mixin.py:190} INFO - [2024-10-23T04:42:12.287+0000] {dag.py:4180} INFO - Setting next_dagrun for example_branch_dop_operator_v3 to 2024-10-23 04:41:00+00:00, run_after=2024-10-23 04:42:00+00:00
[2024-10-23T04:42:12.303+0000] {processor.py:208} INFO - Processing /home/airflow/.local/lib/python3.12/site-packages/airflow/example_dags/example_branch_python_dop_operator_3.py took 0.064 seconds
[2024-10-23T04:42:42.457+0000] {processor.py:186} INFO - Started process (PID=16129) to work on /home/airflow/.local/lib/python3.12/site-packages/airflow/example_dags/example_branch_python_dop_operator_3.py
[2024-10-23T04:42:42.458+0000] {processor.py:914} INFO - Processing file /home/airflow/.local/lib/python3.12/site-packages/airflow/example_dags/example_branch_python_dop_operator_3.py for tasks to queue
[2024-10-23T04:42:42.459+0000] {logging_mixin.py:190} INFO - [2024-10-23T04:42:42.459+0000] {dagbag.py:588} INFO - Filling up the DagBag from /home/airflow/.local/lib/python3.12/site-packages/airflow/example_dags/example_branch_python_dop_operator_3.py
[2024-10-23T04:42:42.467+0000] {processor.py:925} INFO - DAG(s) 'example_branch_dop_operator_v3' retrieved from /home/airflow/.local/lib/python3.12/site-packages/airflow/example_dags/example_branch_python_dop_operator_3.py
[2024-10-23T04:42:42.480+0000] {logging_mixin.py:190} INFO - [2024-10-23T04:42:42.480+0000] {dag.py:3239} INFO - Sync 1 DAGs
[2024-10-23T04:42:42.497+0000] {logging_mixin.py:190} INFO - [2024-10-23T04:42:42.497+0000] {dag.py:4180} INFO - Setting next_dagrun for example_branch_dop_operator_v3 to 2024-10-23 04:41:00+00:00, run_after=2024-10-23 04:42:00+00:00
[2024-10-23T04:42:42.507+0000] {processor.py:208} INFO - Processing /home/airflow/.local/lib/python3.12/site-packages/airflow/example_dags/example_branch_python_dop_operator_3.py took 0.057 seconds
[2024-10-23T04:43:12.581+0000] {processor.py:186} INFO - Started process (PID=16192) to work on /home/airflow/.local/lib/python3.12/site-packages/airflow/example_dags/example_branch_python_dop_operator_3.py
[2024-10-23T04:43:12.582+0000] {processor.py:914} INFO - Processing file /home/airflow/.local/lib/python3.12/site-packages/airflow/example_dags/example_branch_python_dop_operator_3.py for tasks to queue
[2024-10-23T04:43:12.583+0000] {logging_mixin.py:190} INFO - [2024-10-23T04:43:12.583+0000] {dagbag.py:588} INFO - Filling up the DagBag from /home/airflow/.local/lib/python3.12/site-packages/airflow/example_dags/example_branch_python_dop_operator_3.py
[2024-10-23T04:43:12.590+0000] {processor.py:925} INFO - DAG(s) 'example_branch_dop_operator_v3' retrieved from /home/airflow/.local/lib/python3.12/site-packages/airflow/example_dags/example_branch_python_dop_operator_3.py
[2024-10-23T04:43:12.604+0000] {logging_mixin.py:190} INFO - [2024-10-23T04:43:12.604+0000] {dag.py:3239} INFO - Sync 1 DAGs
[2024-10-23T04:43:12.620+0000] {logging_mixin.py:190} INFO - [2024-10-23T04:43:12.620+0000] {dag.py:4180} INFO - Setting next_dagrun for example_branch_dop_operator_v3 to 2024-10-23 04:42:00+00:00, run_after=2024-10-23 04:43:00+00:00
[2024-10-23T04:43:12.630+0000] {processor.py:208} INFO - Processing /home/airflow/.local/lib/python3.12/site-packages/airflow/example_dags/example_branch_python_dop_operator_3.py took 0.057 seconds
[2024-10-23T04:43:43.703+0000] {processor.py:186} INFO - Started process (PID=16255) to work on /home/airflow/.local/lib/python3.12/site-packages/airflow/example_dags/example_branch_python_dop_operator_3.py
[2024-10-23T04:43:43.704+0000] {processor.py:914} INFO - Processing file /home/airflow/.local/lib/python3.12/site-packages/airflow/example_dags/example_branch_python_dop_operator_3.py for tasks to queue
[2024-10-23T04:43:43.705+0000] {logging_mixin.py:190} INFO - [2024-10-23T04:43:43.704+0000] {dagbag.py:588} INFO - Filling up the DagBag from /home/airflow/.local/lib/python3.12/site-packages/airflow/example_dags/example_branch_python_dop_operator_3.py
[2024-10-23T04:43:43.714+0000] {processor.py:925} INFO - DAG(s) 'example_branch_dop_operator_v3' retrieved from /home/airflow/.local/lib/python3.12/site-packages/airflow/example_dags/example_branch_python_dop_operator_3.py
[2024-10-23T04:43:43.732+0000] {logging_mixin.py:190} INFO - [2024-10-23T04:43:43.732+0000] {dag.py:3239} INFO - Sync 1 DAGs
[2024-10-23T04:43:43.752+0000] {logging_mixin.py:190} INFO - [2024-10-23T04:43:43.751+0000] {dag.py:4180} INFO - Setting next_dagrun for example_branch_dop_operator_v3 to 2024-10-23 04:42:00+00:00, run_after=2024-10-23 04:43:00+00:00
[2024-10-23T04:43:43.764+0000] {processor.py:208} INFO - Processing /home/airflow/.local/lib/python3.12/site-packages/airflow/example_dags/example_branch_python_dop_operator_3.py took 0.068 seconds
[2024-10-23T04:44:14.640+0000] {processor.py:186} INFO - Started process (PID=16318) to work on /home/airflow/.local/lib/python3.12/site-packages/airflow/example_dags/example_branch_python_dop_operator_3.py
[2024-10-23T04:44:14.643+0000] {processor.py:914} INFO - Processing file /home/airflow/.local/lib/python3.12/site-packages/airflow/example_dags/example_branch_python_dop_operator_3.py for tasks to queue
[2024-10-23T04:44:14.644+0000] {logging_mixin.py:190} INFO - [2024-10-23T04:44:14.644+0000] {dagbag.py:588} INFO - Filling up the DagBag from /home/airflow/.local/lib/python3.12/site-packages/airflow/example_dags/example_branch_python_dop_operator_3.py
[2024-10-23T04:44:14.662+0000] {processor.py:925} INFO - DAG(s) 'example_branch_dop_operator_v3' retrieved from /home/airflow/.local/lib/python3.12/site-packages/airflow/example_dags/example_branch_python_dop_operator_3.py
[2024-10-23T04:44:14.697+0000] {logging_mixin.py:190} INFO - [2024-10-23T04:44:14.696+0000] {dag.py:3239} INFO - Sync 1 DAGs
[2024-10-23T04:44:14.723+0000] {logging_mixin.py:190} INFO - [2024-10-23T04:44:14.723+0000] {dag.py:4180} INFO - Setting next_dagrun for example_branch_dop_operator_v3 to 2024-10-23 04:43:00+00:00, run_after=2024-10-23 04:44:00+00:00
[2024-10-23T04:44:14.738+0000] {processor.py:208} INFO - Processing /home/airflow/.local/lib/python3.12/site-packages/airflow/example_dags/example_branch_python_dop_operator_3.py took 0.105 seconds
[2024-10-23T04:44:44.938+0000] {processor.py:186} INFO - Started process (PID=16381) to work on /home/airflow/.local/lib/python3.12/site-packages/airflow/example_dags/example_branch_python_dop_operator_3.py
[2024-10-23T04:44:44.940+0000] {processor.py:914} INFO - Processing file /home/airflow/.local/lib/python3.12/site-packages/airflow/example_dags/example_branch_python_dop_operator_3.py for tasks to queue
[2024-10-23T04:44:44.941+0000] {logging_mixin.py:190} INFO - [2024-10-23T04:44:44.941+0000] {dagbag.py:588} INFO - Filling up the DagBag from /home/airflow/.local/lib/python3.12/site-packages/airflow/example_dags/example_branch_python_dop_operator_3.py
[2024-10-23T04:44:44.951+0000] {processor.py:925} INFO - DAG(s) 'example_branch_dop_operator_v3' retrieved from /home/airflow/.local/lib/python3.12/site-packages/airflow/example_dags/example_branch_python_dop_operator_3.py
[2024-10-23T04:44:44.984+0000] {logging_mixin.py:190} INFO - [2024-10-23T04:44:44.984+0000] {dag.py:3239} INFO - Sync 1 DAGs
[2024-10-23T04:44:45.010+0000] {logging_mixin.py:190} INFO - [2024-10-23T04:44:45.010+0000] {dag.py:4180} INFO - Setting next_dagrun for example_branch_dop_operator_v3 to 2024-10-23 04:43:00+00:00, run_after=2024-10-23 04:44:00+00:00
[2024-10-23T04:44:45.025+0000] {processor.py:208} INFO - Processing /home/airflow/.local/lib/python3.12/site-packages/airflow/example_dags/example_branch_python_dop_operator_3.py took 0.093 seconds
[2024-10-23T04:45:15.225+0000] {processor.py:186} INFO - Started process (PID=16444) to work on /home/airflow/.local/lib/python3.12/site-packages/airflow/example_dags/example_branch_python_dop_operator_3.py
[2024-10-23T04:45:15.227+0000] {processor.py:914} INFO - Processing file /home/airflow/.local/lib/python3.12/site-packages/airflow/example_dags/example_branch_python_dop_operator_3.py for tasks to queue
[2024-10-23T04:45:15.228+0000] {logging_mixin.py:190} INFO - [2024-10-23T04:45:15.228+0000] {dagbag.py:588} INFO - Filling up the DagBag from /home/airflow/.local/lib/python3.12/site-packages/airflow/example_dags/example_branch_python_dop_operator_3.py
[2024-10-23T04:45:15.235+0000] {processor.py:925} INFO - DAG(s) 'example_branch_dop_operator_v3' retrieved from /home/airflow/.local/lib/python3.12/site-packages/airflow/example_dags/example_branch_python_dop_operator_3.py
[2024-10-23T04:45:15.248+0000] {logging_mixin.py:190} INFO - [2024-10-23T04:45:15.248+0000] {dag.py:3239} INFO - Sync 1 DAGs
[2024-10-23T04:45:15.271+0000] {logging_mixin.py:190} INFO - [2024-10-23T04:45:15.271+0000] {dag.py:4180} INFO - Setting next_dagrun for example_branch_dop_operator_v3 to 2024-10-23 04:44:00+00:00, run_after=2024-10-23 04:45:00+00:00
[2024-10-23T04:45:15.291+0000] {processor.py:208} INFO - Processing /home/airflow/.local/lib/python3.12/site-packages/airflow/example_dags/example_branch_python_dop_operator_3.py took 0.070 seconds
[2024-10-23T07:12:05.231+0000] {processor.py:186} INFO - Started process (PID=34462) to work on /home/airflow/.local/lib/python3.12/site-packages/airflow/example_dags/example_branch_python_dop_operator_3.py
[2024-10-23T07:12:05.233+0000] {processor.py:914} INFO - Processing file /home/airflow/.local/lib/python3.12/site-packages/airflow/example_dags/example_branch_python_dop_operator_3.py for tasks to queue
[2024-10-23T07:12:05.235+0000] {logging_mixin.py:190} INFO - [2024-10-23T07:12:05.235+0000] {dagbag.py:588} INFO - Filling up the DagBag from /home/airflow/.local/lib/python3.12/site-packages/airflow/example_dags/example_branch_python_dop_operator_3.py
[2024-10-23T07:12:05.250+0000] {processor.py:925} INFO - DAG(s) 'example_branch_dop_operator_v3' retrieved from /home/airflow/.local/lib/python3.12/site-packages/airflow/example_dags/example_branch_python_dop_operator_3.py
[2024-10-23T07:12:05.275+0000] {logging_mixin.py:190} INFO - [2024-10-23T07:12:05.274+0000] {dag.py:3239} INFO - Sync 1 DAGs
[2024-10-23T07:12:05.303+0000] {logging_mixin.py:190} INFO - [2024-10-23T07:12:05.302+0000] {dag.py:4180} INFO - Setting next_dagrun for example_branch_dop_operator_v3 to 2024-10-23 07:11:00+00:00, run_after=2024-10-23 07:12:00+00:00
[2024-10-23T07:12:05.326+0000] {processor.py:208} INFO - Processing /home/airflow/.local/lib/python3.12/site-packages/airflow/example_dags/example_branch_python_dop_operator_3.py took 0.101 seconds
[2024-10-23T07:12:35.641+0000] {processor.py:186} INFO - Started process (PID=34524) to work on /home/airflow/.local/lib/python3.12/site-packages/airflow/example_dags/example_branch_python_dop_operator_3.py
[2024-10-23T07:12:35.642+0000] {processor.py:914} INFO - Processing file /home/airflow/.local/lib/python3.12/site-packages/airflow/example_dags/example_branch_python_dop_operator_3.py for tasks to queue
[2024-10-23T07:12:35.643+0000] {logging_mixin.py:190} INFO - [2024-10-23T07:12:35.643+0000] {dagbag.py:588} INFO - Filling up the DagBag from /home/airflow/.local/lib/python3.12/site-packages/airflow/example_dags/example_branch_python_dop_operator_3.py
[2024-10-23T07:12:35.650+0000] {processor.py:925} INFO - DAG(s) 'example_branch_dop_operator_v3' retrieved from /home/airflow/.local/lib/python3.12/site-packages/airflow/example_dags/example_branch_python_dop_operator_3.py
[2024-10-23T07:12:35.666+0000] {logging_mixin.py:190} INFO - [2024-10-23T07:12:35.665+0000] {dag.py:3239} INFO - Sync 1 DAGs
[2024-10-23T07:12:35.683+0000] {logging_mixin.py:190} INFO - [2024-10-23T07:12:35.683+0000] {dag.py:4180} INFO - Setting next_dagrun for example_branch_dop_operator_v3 to 2024-10-23 07:11:00+00:00, run_after=2024-10-23 07:12:00+00:00
[2024-10-23T07:12:35.693+0000] {processor.py:208} INFO - Processing /home/airflow/.local/lib/python3.12/site-packages/airflow/example_dags/example_branch_python_dop_operator_3.py took 0.059 seconds
[2024-10-23T07:13:05.827+0000] {processor.py:186} INFO - Started process (PID=34587) to work on /home/airflow/.local/lib/python3.12/site-packages/airflow/example_dags/example_branch_python_dop_operator_3.py
[2024-10-23T07:13:05.827+0000] {processor.py:914} INFO - Processing file /home/airflow/.local/lib/python3.12/site-packages/airflow/example_dags/example_branch_python_dop_operator_3.py for tasks to queue
[2024-10-23T07:13:05.828+0000] {logging_mixin.py:190} INFO - [2024-10-23T07:13:05.828+0000] {dagbag.py:588} INFO - Filling up the DagBag from /home/airflow/.local/lib/python3.12/site-packages/airflow/example_dags/example_branch_python_dop_operator_3.py
[2024-10-23T07:13:05.835+0000] {processor.py:925} INFO - DAG(s) 'example_branch_dop_operator_v3' retrieved from /home/airflow/.local/lib/python3.12/site-packages/airflow/example_dags/example_branch_python_dop_operator_3.py
[2024-10-23T07:13:05.848+0000] {logging_mixin.py:190} INFO - [2024-10-23T07:13:05.848+0000] {dag.py:3239} INFO - Sync 1 DAGs
[2024-10-23T07:13:05.864+0000] {logging_mixin.py:190} INFO - [2024-10-23T07:13:05.864+0000] {dag.py:4180} INFO - Setting next_dagrun for example_branch_dop_operator_v3 to 2024-10-23 07:12:00+00:00, run_after=2024-10-23 07:13:00+00:00
[2024-10-23T07:13:05.874+0000] {processor.py:208} INFO - Processing /home/airflow/.local/lib/python3.12/site-packages/airflow/example_dags/example_branch_python_dop_operator_3.py took 0.052 seconds
[2024-10-23T07:13:36.441+0000] {processor.py:186} INFO - Started process (PID=34650) to work on /home/airflow/.local/lib/python3.12/site-packages/airflow/example_dags/example_branch_python_dop_operator_3.py
[2024-10-23T07:13:36.442+0000] {processor.py:914} INFO - Processing file /home/airflow/.local/lib/python3.12/site-packages/airflow/example_dags/example_branch_python_dop_operator_3.py for tasks to queue
[2024-10-23T07:13:36.442+0000] {logging_mixin.py:190} INFO - [2024-10-23T07:13:36.442+0000] {dagbag.py:588} INFO - Filling up the DagBag from /home/airflow/.local/lib/python3.12/site-packages/airflow/example_dags/example_branch_python_dop_operator_3.py
[2024-10-23T07:13:36.450+0000] {processor.py:925} INFO - DAG(s) 'example_branch_dop_operator_v3' retrieved from /home/airflow/.local/lib/python3.12/site-packages/airflow/example_dags/example_branch_python_dop_operator_3.py
[2024-10-23T07:13:36.466+0000] {logging_mixin.py:190} INFO - [2024-10-23T07:13:36.465+0000] {dag.py:3239} INFO - Sync 1 DAGs
[2024-10-23T07:13:36.483+0000] {logging_mixin.py:190} INFO - [2024-10-23T07:13:36.483+0000] {dag.py:4180} INFO - Setting next_dagrun for example_branch_dop_operator_v3 to 2024-10-23 07:12:00+00:00, run_after=2024-10-23 07:13:00+00:00
[2024-10-23T07:13:36.493+0000] {processor.py:208} INFO - Processing /home/airflow/.local/lib/python3.12/site-packages/airflow/example_dags/example_branch_python_dop_operator_3.py took 0.057 seconds
[2024-10-23T07:14:07.101+0000] {processor.py:186} INFO - Started process (PID=34713) to work on /home/airflow/.local/lib/python3.12/site-packages/airflow/example_dags/example_branch_python_dop_operator_3.py
[2024-10-23T07:14:07.102+0000] {processor.py:914} INFO - Processing file /home/airflow/.local/lib/python3.12/site-packages/airflow/example_dags/example_branch_python_dop_operator_3.py for tasks to queue
[2024-10-23T07:14:07.103+0000] {logging_mixin.py:190} INFO - [2024-10-23T07:14:07.103+0000] {dagbag.py:588} INFO - Filling up the DagBag from /home/airflow/.local/lib/python3.12/site-packages/airflow/example_dags/example_branch_python_dop_operator_3.py
[2024-10-23T07:14:07.112+0000] {processor.py:925} INFO - DAG(s) 'example_branch_dop_operator_v3' retrieved from /home/airflow/.local/lib/python3.12/site-packages/airflow/example_dags/example_branch_python_dop_operator_3.py
[2024-10-23T07:14:07.127+0000] {logging_mixin.py:190} INFO - [2024-10-23T07:14:07.126+0000] {dag.py:3239} INFO - Sync 1 DAGs
[2024-10-23T07:14:07.143+0000] {logging_mixin.py:190} INFO - [2024-10-23T07:14:07.143+0000] {dag.py:4180} INFO - Setting next_dagrun for example_branch_dop_operator_v3 to 2024-10-23 07:13:00+00:00, run_after=2024-10-23 07:14:00+00:00
[2024-10-23T07:14:07.154+0000] {processor.py:208} INFO - Processing /home/airflow/.local/lib/python3.12/site-packages/airflow/example_dags/example_branch_python_dop_operator_3.py took 0.060 seconds
[2024-10-23T07:14:37.751+0000] {processor.py:186} INFO - Started process (PID=34776) to work on /home/airflow/.local/lib/python3.12/site-packages/airflow/example_dags/example_branch_python_dop_operator_3.py
[2024-10-23T07:14:37.753+0000] {processor.py:914} INFO - Processing file /home/airflow/.local/lib/python3.12/site-packages/airflow/example_dags/example_branch_python_dop_operator_3.py for tasks to queue
[2024-10-23T07:14:37.755+0000] {logging_mixin.py:190} INFO - [2024-10-23T07:14:37.754+0000] {dagbag.py:588} INFO - Filling up the DagBag from /home/airflow/.local/lib/python3.12/site-packages/airflow/example_dags/example_branch_python_dop_operator_3.py
[2024-10-23T07:14:37.771+0000] {processor.py:925} INFO - DAG(s) 'example_branch_dop_operator_v3' retrieved from /home/airflow/.local/lib/python3.12/site-packages/airflow/example_dags/example_branch_python_dop_operator_3.py
[2024-10-23T07:14:37.799+0000] {logging_mixin.py:190} INFO - [2024-10-23T07:14:37.798+0000] {dag.py:3239} INFO - Sync 1 DAGs
[2024-10-23T07:14:37.967+0000] {logging_mixin.py:190} INFO - [2024-10-23T07:14:37.967+0000] {dag.py:4180} INFO - Setting next_dagrun for example_branch_dop_operator_v3 to 2024-10-23 07:13:00+00:00, run_after=2024-10-23 07:14:00+00:00
[2024-10-23T07:14:37.982+0000] {processor.py:208} INFO - Processing /home/airflow/.local/lib/python3.12/site-packages/airflow/example_dags/example_branch_python_dop_operator_3.py took 0.240 seconds
[2024-10-23T07:15:08.743+0000] {processor.py:186} INFO - Started process (PID=34839) to work on /home/airflow/.local/lib/python3.12/site-packages/airflow/example_dags/example_branch_python_dop_operator_3.py
[2024-10-23T07:15:08.744+0000] {processor.py:914} INFO - Processing file /home/airflow/.local/lib/python3.12/site-packages/airflow/example_dags/example_branch_python_dop_operator_3.py for tasks to queue
[2024-10-23T07:15:08.745+0000] {logging_mixin.py:190} INFO - [2024-10-23T07:15:08.745+0000] {dagbag.py:588} INFO - Filling up the DagBag from /home/airflow/.local/lib/python3.12/site-packages/airflow/example_dags/example_branch_python_dop_operator_3.py
[2024-10-23T07:15:08.758+0000] {processor.py:925} INFO - DAG(s) 'example_branch_dop_operator_v3' retrieved from /home/airflow/.local/lib/python3.12/site-packages/airflow/example_dags/example_branch_python_dop_operator_3.py
[2024-10-23T07:15:08.778+0000] {logging_mixin.py:190} INFO - [2024-10-23T07:15:08.778+0000] {dag.py:3239} INFO - Sync 1 DAGs
[2024-10-23T07:15:08.802+0000] {logging_mixin.py:190} INFO - [2024-10-23T07:15:08.802+0000] {dag.py:4180} INFO - Setting next_dagrun for example_branch_dop_operator_v3 to 2024-10-23 07:14:00+00:00, run_after=2024-10-23 07:15:00+00:00
[2024-10-23T07:15:09.211+0000] {processor.py:208} INFO - Processing /home/airflow/.local/lib/python3.12/site-packages/airflow/example_dags/example_branch_python_dop_operator_3.py took 0.481 seconds
[2024-10-23T07:15:39.565+0000] {processor.py:186} INFO - Started process (PID=34902) to work on /home/airflow/.local/lib/python3.12/site-packages/airflow/example_dags/example_branch_python_dop_operator_3.py
[2024-10-23T07:15:39.567+0000] {processor.py:914} INFO - Processing file /home/airflow/.local/lib/python3.12/site-packages/airflow/example_dags/example_branch_python_dop_operator_3.py for tasks to queue
[2024-10-23T07:15:39.568+0000] {logging_mixin.py:190} INFO - [2024-10-23T07:15:39.568+0000] {dagbag.py:588} INFO - Filling up the DagBag from /home/airflow/.local/lib/python3.12/site-packages/airflow/example_dags/example_branch_python_dop_operator_3.py
[2024-10-23T07:15:39.575+0000] {processor.py:925} INFO - DAG(s) 'example_branch_dop_operator_v3' retrieved from /home/airflow/.local/lib/python3.12/site-packages/airflow/example_dags/example_branch_python_dop_operator_3.py
[2024-10-23T07:15:39.591+0000] {logging_mixin.py:190} INFO - [2024-10-23T07:15:39.591+0000] {dag.py:3239} INFO - Sync 1 DAGs
[2024-10-23T07:15:39.619+0000] {logging_mixin.py:190} INFO - [2024-10-23T07:15:39.619+0000] {dag.py:4180} INFO - Setting next_dagrun for example_branch_dop_operator_v3 to 2024-10-23 07:14:00+00:00, run_after=2024-10-23 07:15:00+00:00
[2024-10-23T07:15:39.636+0000] {processor.py:208} INFO - Processing /home/airflow/.local/lib/python3.12/site-packages/airflow/example_dags/example_branch_python_dop_operator_3.py took 0.075 seconds
[2024-10-23T07:16:09.895+0000] {processor.py:186} INFO - Started process (PID=34965) to work on /home/airflow/.local/lib/python3.12/site-packages/airflow/example_dags/example_branch_python_dop_operator_3.py
[2024-10-23T07:16:09.896+0000] {processor.py:914} INFO - Processing file /home/airflow/.local/lib/python3.12/site-packages/airflow/example_dags/example_branch_python_dop_operator_3.py for tasks to queue
[2024-10-23T07:16:09.897+0000] {logging_mixin.py:190} INFO - [2024-10-23T07:16:09.897+0000] {dagbag.py:588} INFO - Filling up the DagBag from /home/airflow/.local/lib/python3.12/site-packages/airflow/example_dags/example_branch_python_dop_operator_3.py
[2024-10-23T07:16:09.904+0000] {processor.py:925} INFO - DAG(s) 'example_branch_dop_operator_v3' retrieved from /home/airflow/.local/lib/python3.12/site-packages/airflow/example_dags/example_branch_python_dop_operator_3.py
[2024-10-23T07:16:09.916+0000] {logging_mixin.py:190} INFO - [2024-10-23T07:16:09.916+0000] {dag.py:3239} INFO - Sync 1 DAGs
[2024-10-23T07:16:09.932+0000] {logging_mixin.py:190} INFO - [2024-10-23T07:16:09.932+0000] {dag.py:4180} INFO - Setting next_dagrun for example_branch_dop_operator_v3 to 2024-10-23 07:15:00+00:00, run_after=2024-10-23 07:16:00+00:00
[2024-10-23T07:16:09.942+0000] {processor.py:208} INFO - Processing /home/airflow/.local/lib/python3.12/site-packages/airflow/example_dags/example_branch_python_dop_operator_3.py took 0.052 seconds
[2024-10-23T07:16:40.779+0000] {processor.py:186} INFO - Started process (PID=35028) to work on /home/airflow/.local/lib/python3.12/site-packages/airflow/example_dags/example_branch_python_dop_operator_3.py
[2024-10-23T07:16:40.783+0000] {processor.py:914} INFO - Processing file /home/airflow/.local/lib/python3.12/site-packages/airflow/example_dags/example_branch_python_dop_operator_3.py for tasks to queue
[2024-10-23T07:16:40.784+0000] {logging_mixin.py:190} INFO - [2024-10-23T07:16:40.784+0000] {dagbag.py:588} INFO - Filling up the DagBag from /home/airflow/.local/lib/python3.12/site-packages/airflow/example_dags/example_branch_python_dop_operator_3.py
[2024-10-23T07:16:40.794+0000] {processor.py:925} INFO - DAG(s) 'example_branch_dop_operator_v3' retrieved from /home/airflow/.local/lib/python3.12/site-packages/airflow/example_dags/example_branch_python_dop_operator_3.py
[2024-10-23T07:16:40.815+0000] {logging_mixin.py:190} INFO - [2024-10-23T07:16:40.815+0000] {dag.py:3239} INFO - Sync 1 DAGs
[2024-10-23T07:16:40.836+0000] {logging_mixin.py:190} INFO - [2024-10-23T07:16:40.835+0000] {dag.py:4180} INFO - Setting next_dagrun for example_branch_dop_operator_v3 to 2024-10-23 07:15:00+00:00, run_after=2024-10-23 07:16:00+00:00
[2024-10-23T07:16:40.848+0000] {processor.py:208} INFO - Processing /home/airflow/.local/lib/python3.12/site-packages/airflow/example_dags/example_branch_python_dop_operator_3.py took 0.075 seconds
[2024-10-23T07:17:11.322+0000] {processor.py:186} INFO - Started process (PID=35091) to work on /home/airflow/.local/lib/python3.12/site-packages/airflow/example_dags/example_branch_python_dop_operator_3.py
[2024-10-23T07:17:11.322+0000] {processor.py:914} INFO - Processing file /home/airflow/.local/lib/python3.12/site-packages/airflow/example_dags/example_branch_python_dop_operator_3.py for tasks to queue
[2024-10-23T07:17:11.325+0000] {logging_mixin.py:190} INFO - [2024-10-23T07:17:11.325+0000] {dagbag.py:588} INFO - Filling up the DagBag from /home/airflow/.local/lib/python3.12/site-packages/airflow/example_dags/example_branch_python_dop_operator_3.py
[2024-10-23T07:17:11.335+0000] {processor.py:925} INFO - DAG(s) 'example_branch_dop_operator_v3' retrieved from /home/airflow/.local/lib/python3.12/site-packages/airflow/example_dags/example_branch_python_dop_operator_3.py
[2024-10-23T07:17:11.356+0000] {logging_mixin.py:190} INFO - [2024-10-23T07:17:11.355+0000] {dag.py:3239} INFO - Sync 1 DAGs
[2024-10-23T07:17:11.380+0000] {logging_mixin.py:190} INFO - [2024-10-23T07:17:11.380+0000] {dag.py:4180} INFO - Setting next_dagrun for example_branch_dop_operator_v3 to 2024-10-23 07:16:00+00:00, run_after=2024-10-23 07:17:00+00:00
[2024-10-23T07:17:11.394+0000] {processor.py:208} INFO - Processing /home/airflow/.local/lib/python3.12/site-packages/airflow/example_dags/example_branch_python_dop_operator_3.py took 0.078 seconds
[2024-10-23T07:17:42.450+0000] {processor.py:186} INFO - Started process (PID=35154) to work on /home/airflow/.local/lib/python3.12/site-packages/airflow/example_dags/example_branch_python_dop_operator_3.py
[2024-10-23T07:17:42.451+0000] {processor.py:914} INFO - Processing file /home/airflow/.local/lib/python3.12/site-packages/airflow/example_dags/example_branch_python_dop_operator_3.py for tasks to queue
[2024-10-23T07:17:42.451+0000] {logging_mixin.py:190} INFO - [2024-10-23T07:17:42.451+0000] {dagbag.py:588} INFO - Filling up the DagBag from /home/airflow/.local/lib/python3.12/site-packages/airflow/example_dags/example_branch_python_dop_operator_3.py
[2024-10-23T07:17:42.459+0000] {processor.py:925} INFO - DAG(s) 'example_branch_dop_operator_v3' retrieved from /home/airflow/.local/lib/python3.12/site-packages/airflow/example_dags/example_branch_python_dop_operator_3.py
[2024-10-23T07:17:42.474+0000] {logging_mixin.py:190} INFO - [2024-10-23T07:17:42.474+0000] {dag.py:3239} INFO - Sync 1 DAGs
[2024-10-23T07:17:42.497+0000] {logging_mixin.py:190} INFO - [2024-10-23T07:17:42.496+0000] {dag.py:4180} INFO - Setting next_dagrun for example_branch_dop_operator_v3 to 2024-10-23 07:16:00+00:00, run_after=2024-10-23 07:17:00+00:00
[2024-10-23T07:17:42.511+0000] {processor.py:208} INFO - Processing /home/airflow/.local/lib/python3.12/site-packages/airflow/example_dags/example_branch_python_dop_operator_3.py took 0.066 seconds
[2024-10-23T07:18:12.910+0000] {processor.py:186} INFO - Started process (PID=35217) to work on /home/airflow/.local/lib/python3.12/site-packages/airflow/example_dags/example_branch_python_dop_operator_3.py
[2024-10-23T07:18:12.911+0000] {processor.py:914} INFO - Processing file /home/airflow/.local/lib/python3.12/site-packages/airflow/example_dags/example_branch_python_dop_operator_3.py for tasks to queue
[2024-10-23T07:18:12.911+0000] {logging_mixin.py:190} INFO - [2024-10-23T07:18:12.911+0000] {dagbag.py:588} INFO - Filling up the DagBag from /home/airflow/.local/lib/python3.12/site-packages/airflow/example_dags/example_branch_python_dop_operator_3.py
[2024-10-23T07:18:12.919+0000] {processor.py:925} INFO - DAG(s) 'example_branch_dop_operator_v3' retrieved from /home/airflow/.local/lib/python3.12/site-packages/airflow/example_dags/example_branch_python_dop_operator_3.py
[2024-10-23T07:18:12.936+0000] {logging_mixin.py:190} INFO - [2024-10-23T07:18:12.936+0000] {dag.py:3239} INFO - Sync 1 DAGs
[2024-10-23T07:18:12.957+0000] {logging_mixin.py:190} INFO - [2024-10-23T07:18:12.957+0000] {dag.py:4180} INFO - Setting next_dagrun for example_branch_dop_operator_v3 to 2024-10-23 07:17:00+00:00, run_after=2024-10-23 07:18:00+00:00
[2024-10-23T07:18:12.969+0000] {processor.py:208} INFO - Processing /home/airflow/.local/lib/python3.12/site-packages/airflow/example_dags/example_branch_python_dop_operator_3.py took 0.065 seconds
[2024-10-23T07:18:43.655+0000] {processor.py:186} INFO - Started process (PID=35280) to work on /home/airflow/.local/lib/python3.12/site-packages/airflow/example_dags/example_branch_python_dop_operator_3.py
[2024-10-23T07:18:43.655+0000] {processor.py:914} INFO - Processing file /home/airflow/.local/lib/python3.12/site-packages/airflow/example_dags/example_branch_python_dop_operator_3.py for tasks to queue
[2024-10-23T07:18:43.656+0000] {logging_mixin.py:190} INFO - [2024-10-23T07:18:43.656+0000] {dagbag.py:588} INFO - Filling up the DagBag from /home/airflow/.local/lib/python3.12/site-packages/airflow/example_dags/example_branch_python_dop_operator_3.py
[2024-10-23T07:18:43.666+0000] {processor.py:925} INFO - DAG(s) 'example_branch_dop_operator_v3' retrieved from /home/airflow/.local/lib/python3.12/site-packages/airflow/example_dags/example_branch_python_dop_operator_3.py
[2024-10-23T07:18:43.679+0000] {logging_mixin.py:190} INFO - [2024-10-23T07:18:43.679+0000] {dag.py:3239} INFO - Sync 1 DAGs
[2024-10-23T07:18:43.695+0000] {logging_mixin.py:190} INFO - [2024-10-23T07:18:43.695+0000] {dag.py:4180} INFO - Setting next_dagrun for example_branch_dop_operator_v3 to 2024-10-23 07:17:00+00:00, run_after=2024-10-23 07:18:00+00:00
[2024-10-23T07:18:43.706+0000] {processor.py:208} INFO - Processing /home/airflow/.local/lib/python3.12/site-packages/airflow/example_dags/example_branch_python_dop_operator_3.py took 0.056 seconds
[2024-10-23T07:19:14.213+0000] {processor.py:186} INFO - Started process (PID=35343) to work on /home/airflow/.local/lib/python3.12/site-packages/airflow/example_dags/example_branch_python_dop_operator_3.py
[2024-10-23T07:19:14.214+0000] {processor.py:914} INFO - Processing file /home/airflow/.local/lib/python3.12/site-packages/airflow/example_dags/example_branch_python_dop_operator_3.py for tasks to queue
[2024-10-23T07:19:14.215+0000] {logging_mixin.py:190} INFO - [2024-10-23T07:19:14.215+0000] {dagbag.py:588} INFO - Filling up the DagBag from /home/airflow/.local/lib/python3.12/site-packages/airflow/example_dags/example_branch_python_dop_operator_3.py
[2024-10-23T07:19:14.222+0000] {processor.py:925} INFO - DAG(s) 'example_branch_dop_operator_v3' retrieved from /home/airflow/.local/lib/python3.12/site-packages/airflow/example_dags/example_branch_python_dop_operator_3.py
[2024-10-23T07:19:14.236+0000] {logging_mixin.py:190} INFO - [2024-10-23T07:19:14.236+0000] {dag.py:3239} INFO - Sync 1 DAGs
[2024-10-23T07:19:14.254+0000] {logging_mixin.py:190} INFO - [2024-10-23T07:19:14.254+0000] {dag.py:4180} INFO - Setting next_dagrun for example_branch_dop_operator_v3 to 2024-10-23 07:18:00+00:00, run_after=2024-10-23 07:19:00+00:00
[2024-10-23T07:19:14.268+0000] {processor.py:208} INFO - Processing /home/airflow/.local/lib/python3.12/site-packages/airflow/example_dags/example_branch_python_dop_operator_3.py took 0.059 seconds
[2024-10-23T07:19:44.944+0000] {processor.py:186} INFO - Started process (PID=35409) to work on /home/airflow/.local/lib/python3.12/site-packages/airflow/example_dags/example_branch_python_dop_operator_3.py
[2024-10-23T07:19:44.945+0000] {processor.py:914} INFO - Processing file /home/airflow/.local/lib/python3.12/site-packages/airflow/example_dags/example_branch_python_dop_operator_3.py for tasks to queue
[2024-10-23T07:19:44.946+0000] {logging_mixin.py:190} INFO - [2024-10-23T07:19:44.946+0000] {dagbag.py:588} INFO - Filling up the DagBag from /home/airflow/.local/lib/python3.12/site-packages/airflow/example_dags/example_branch_python_dop_operator_3.py
[2024-10-23T07:19:44.957+0000] {processor.py:925} INFO - DAG(s) 'example_branch_dop_operator_v3' retrieved from /home/airflow/.local/lib/python3.12/site-packages/airflow/example_dags/example_branch_python_dop_operator_3.py
[2024-10-23T07:19:44.980+0000] {logging_mixin.py:190} INFO - [2024-10-23T07:19:44.979+0000] {dag.py:3239} INFO - Sync 1 DAGs
[2024-10-23T07:19:45.009+0000] {logging_mixin.py:190} INFO - [2024-10-23T07:19:45.009+0000] {dag.py:4180} INFO - Setting next_dagrun for example_branch_dop_operator_v3 to 2024-10-23 07:18:00+00:00, run_after=2024-10-23 07:19:00+00:00
[2024-10-23T07:19:45.027+0000] {processor.py:208} INFO - Processing /home/airflow/.local/lib/python3.12/site-packages/airflow/example_dags/example_branch_python_dop_operator_3.py took 0.089 seconds
