[2024-10-23T02:32:06.519+0000] {processor.py:186} INFO - Started process (PID=13736) to work on /home/airflow/.local/lib/python3.12/site-packages/airflow/example_dags/tutorial_taskflow_api.py
[2024-10-23T02:32:06.521+0000] {processor.py:914} INFO - Processing file /home/airflow/.local/lib/python3.12/site-packages/airflow/example_dags/tutorial_taskflow_api.py for tasks to queue
[2024-10-23T02:32:06.524+0000] {logging_mixin.py:190} INFO - [2024-10-23T02:32:06.524+0000] {dagbag.py:588} INFO - Filling up the DagBag from /home/airflow/.local/lib/python3.12/site-packages/airflow/example_dags/tutorial_taskflow_api.py
[2024-10-23T02:32:06.538+0000] {processor.py:925} INFO - DAG(s) 'tutorial_taskflow_api' retrieved from /home/airflow/.local/lib/python3.12/site-packages/airflow/example_dags/tutorial_taskflow_api.py
[2024-10-23T02:32:06.591+0000] {logging_mixin.py:190} INFO - [2024-10-23T02:32:06.591+0000] {dag.py:3239} INFO - Sync 1 DAGs
[2024-10-23T02:32:06.618+0000] {logging_mixin.py:190} INFO - [2024-10-23T02:32:06.617+0000] {dag.py:4180} INFO - Setting next_dagrun for tutorial_taskflow_api to None, run_after=None
[2024-10-23T02:32:06.672+0000] {processor.py:208} INFO - Processing /home/airflow/.local/lib/python3.12/site-packages/airflow/example_dags/tutorial_taskflow_api.py took 0.171 seconds
[2024-10-23T04:23:44.604+0000] {processor.py:186} INFO - Started process (PID=13799) to work on /home/airflow/.local/lib/python3.12/site-packages/airflow/example_dags/tutorial_taskflow_api.py
[2024-10-23T04:23:44.606+0000] {processor.py:914} INFO - Processing file /home/airflow/.local/lib/python3.12/site-packages/airflow/example_dags/tutorial_taskflow_api.py for tasks to queue
[2024-10-23T04:23:44.607+0000] {logging_mixin.py:190} INFO - [2024-10-23T04:23:44.607+0000] {dagbag.py:588} INFO - Filling up the DagBag from /home/airflow/.local/lib/python3.12/site-packages/airflow/example_dags/tutorial_taskflow_api.py
[2024-10-23T04:23:44.615+0000] {processor.py:925} INFO - DAG(s) 'tutorial_taskflow_api' retrieved from /home/airflow/.local/lib/python3.12/site-packages/airflow/example_dags/tutorial_taskflow_api.py
[2024-10-23T04:23:44.632+0000] {logging_mixin.py:190} INFO - [2024-10-23T04:23:44.632+0000] {dag.py:3239} INFO - Sync 1 DAGs
[2024-10-23T04:23:44.646+0000] {logging_mixin.py:190} INFO - [2024-10-23T04:23:44.646+0000] {dag.py:4180} INFO - Setting next_dagrun for tutorial_taskflow_api to None, run_after=None
[2024-10-23T04:23:44.666+0000] {processor.py:208} INFO - Processing /home/airflow/.local/lib/python3.12/site-packages/airflow/example_dags/tutorial_taskflow_api.py took 0.077 seconds
[2024-10-23T04:24:15.738+0000] {processor.py:186} INFO - Started process (PID=13862) to work on /home/airflow/.local/lib/python3.12/site-packages/airflow/example_dags/tutorial_taskflow_api.py
[2024-10-23T04:24:15.741+0000] {processor.py:914} INFO - Processing file /home/airflow/.local/lib/python3.12/site-packages/airflow/example_dags/tutorial_taskflow_api.py for tasks to queue
[2024-10-23T04:24:15.746+0000] {logging_mixin.py:190} INFO - [2024-10-23T04:24:15.745+0000] {dagbag.py:588} INFO - Filling up the DagBag from /home/airflow/.local/lib/python3.12/site-packages/airflow/example_dags/tutorial_taskflow_api.py
[2024-10-23T04:24:15.791+0000] {processor.py:925} INFO - DAG(s) 'tutorial_taskflow_api' retrieved from /home/airflow/.local/lib/python3.12/site-packages/airflow/example_dags/tutorial_taskflow_api.py
[2024-10-23T04:24:15.849+0000] {logging_mixin.py:190} INFO - [2024-10-23T04:24:15.848+0000] {dag.py:3239} INFO - Sync 1 DAGs
[2024-10-23T04:24:15.874+0000] {logging_mixin.py:190} INFO - [2024-10-23T04:24:15.873+0000] {dag.py:4180} INFO - Setting next_dagrun for tutorial_taskflow_api to None, run_after=None
[2024-10-23T04:24:15.897+0000] {processor.py:208} INFO - Processing /home/airflow/.local/lib/python3.12/site-packages/airflow/example_dags/tutorial_taskflow_api.py took 0.174 seconds
[2024-10-23T04:24:46.281+0000] {processor.py:186} INFO - Started process (PID=13924) to work on /home/airflow/.local/lib/python3.12/site-packages/airflow/example_dags/tutorial_taskflow_api.py
[2024-10-23T04:24:46.286+0000] {processor.py:914} INFO - Processing file /home/airflow/.local/lib/python3.12/site-packages/airflow/example_dags/tutorial_taskflow_api.py for tasks to queue
[2024-10-23T04:24:46.287+0000] {logging_mixin.py:190} INFO - [2024-10-23T04:24:46.286+0000] {dagbag.py:588} INFO - Filling up the DagBag from /home/airflow/.local/lib/python3.12/site-packages/airflow/example_dags/tutorial_taskflow_api.py
[2024-10-23T04:24:46.293+0000] {processor.py:925} INFO - DAG(s) 'tutorial_taskflow_api' retrieved from /home/airflow/.local/lib/python3.12/site-packages/airflow/example_dags/tutorial_taskflow_api.py
[2024-10-23T04:24:46.310+0000] {logging_mixin.py:190} INFO - [2024-10-23T04:24:46.310+0000] {dag.py:3239} INFO - Sync 1 DAGs
[2024-10-23T04:24:46.319+0000] {logging_mixin.py:190} INFO - [2024-10-23T04:24:46.319+0000] {dag.py:4180} INFO - Setting next_dagrun for tutorial_taskflow_api to None, run_after=None
[2024-10-23T04:24:46.334+0000] {processor.py:208} INFO - Processing /home/airflow/.local/lib/python3.12/site-packages/airflow/example_dags/tutorial_taskflow_api.py took 0.057 seconds
[2024-10-23T04:25:16.929+0000] {processor.py:186} INFO - Started process (PID=13987) to work on /home/airflow/.local/lib/python3.12/site-packages/airflow/example_dags/tutorial_taskflow_api.py
[2024-10-23T04:25:16.930+0000] {processor.py:914} INFO - Processing file /home/airflow/.local/lib/python3.12/site-packages/airflow/example_dags/tutorial_taskflow_api.py for tasks to queue
[2024-10-23T04:25:16.931+0000] {logging_mixin.py:190} INFO - [2024-10-23T04:25:16.931+0000] {dagbag.py:588} INFO - Filling up the DagBag from /home/airflow/.local/lib/python3.12/site-packages/airflow/example_dags/tutorial_taskflow_api.py
[2024-10-23T04:25:16.938+0000] {processor.py:925} INFO - DAG(s) 'tutorial_taskflow_api' retrieved from /home/airflow/.local/lib/python3.12/site-packages/airflow/example_dags/tutorial_taskflow_api.py
[2024-10-23T04:25:16.968+0000] {logging_mixin.py:190} INFO - [2024-10-23T04:25:16.968+0000] {dag.py:3239} INFO - Sync 1 DAGs
[2024-10-23T04:25:16.982+0000] {logging_mixin.py:190} INFO - [2024-10-23T04:25:16.982+0000] {dag.py:4180} INFO - Setting next_dagrun for tutorial_taskflow_api to None, run_after=None
[2024-10-23T04:25:16.998+0000] {processor.py:208} INFO - Processing /home/airflow/.local/lib/python3.12/site-packages/airflow/example_dags/tutorial_taskflow_api.py took 0.073 seconds
[2024-10-23T04:25:47.750+0000] {processor.py:186} INFO - Started process (PID=14051) to work on /home/airflow/.local/lib/python3.12/site-packages/airflow/example_dags/tutorial_taskflow_api.py
[2024-10-23T04:25:47.751+0000] {processor.py:914} INFO - Processing file /home/airflow/.local/lib/python3.12/site-packages/airflow/example_dags/tutorial_taskflow_api.py for tasks to queue
[2024-10-23T04:25:47.752+0000] {logging_mixin.py:190} INFO - [2024-10-23T04:25:47.752+0000] {dagbag.py:588} INFO - Filling up the DagBag from /home/airflow/.local/lib/python3.12/site-packages/airflow/example_dags/tutorial_taskflow_api.py
[2024-10-23T04:25:47.758+0000] {processor.py:925} INFO - DAG(s) 'tutorial_taskflow_api' retrieved from /home/airflow/.local/lib/python3.12/site-packages/airflow/example_dags/tutorial_taskflow_api.py
[2024-10-23T04:25:47.776+0000] {logging_mixin.py:190} INFO - [2024-10-23T04:25:47.776+0000] {dag.py:3239} INFO - Sync 1 DAGs
[2024-10-23T04:25:47.792+0000] {logging_mixin.py:190} INFO - [2024-10-23T04:25:47.792+0000] {dag.py:4180} INFO - Setting next_dagrun for tutorial_taskflow_api to None, run_after=None
[2024-10-23T04:25:47.806+0000] {processor.py:208} INFO - Processing /home/airflow/.local/lib/python3.12/site-packages/airflow/example_dags/tutorial_taskflow_api.py took 0.061 seconds
[2024-10-23T04:26:19.401+0000] {processor.py:186} INFO - Started process (PID=14114) to work on /home/airflow/.local/lib/python3.12/site-packages/airflow/example_dags/tutorial_taskflow_api.py
[2024-10-23T04:26:19.402+0000] {processor.py:914} INFO - Processing file /home/airflow/.local/lib/python3.12/site-packages/airflow/example_dags/tutorial_taskflow_api.py for tasks to queue
[2024-10-23T04:26:19.403+0000] {logging_mixin.py:190} INFO - [2024-10-23T04:26:19.403+0000] {dagbag.py:588} INFO - Filling up the DagBag from /home/airflow/.local/lib/python3.12/site-packages/airflow/example_dags/tutorial_taskflow_api.py
[2024-10-23T04:26:19.412+0000] {processor.py:925} INFO - DAG(s) 'tutorial_taskflow_api' retrieved from /home/airflow/.local/lib/python3.12/site-packages/airflow/example_dags/tutorial_taskflow_api.py
[2024-10-23T04:26:19.432+0000] {logging_mixin.py:190} INFO - [2024-10-23T04:26:19.432+0000] {dag.py:3239} INFO - Sync 1 DAGs
[2024-10-23T04:26:19.448+0000] {logging_mixin.py:190} INFO - [2024-10-23T04:26:19.448+0000] {dag.py:4180} INFO - Setting next_dagrun for tutorial_taskflow_api to None, run_after=None
[2024-10-23T04:26:19.463+0000] {processor.py:208} INFO - Processing /home/airflow/.local/lib/python3.12/site-packages/airflow/example_dags/tutorial_taskflow_api.py took 0.069 seconds
[2024-10-23T04:26:50.083+0000] {processor.py:186} INFO - Started process (PID=14177) to work on /home/airflow/.local/lib/python3.12/site-packages/airflow/example_dags/tutorial_taskflow_api.py
[2024-10-23T04:26:50.085+0000] {processor.py:914} INFO - Processing file /home/airflow/.local/lib/python3.12/site-packages/airflow/example_dags/tutorial_taskflow_api.py for tasks to queue
[2024-10-23T04:26:50.086+0000] {logging_mixin.py:190} INFO - [2024-10-23T04:26:50.086+0000] {dagbag.py:588} INFO - Filling up the DagBag from /home/airflow/.local/lib/python3.12/site-packages/airflow/example_dags/tutorial_taskflow_api.py
[2024-10-23T04:26:50.093+0000] {processor.py:925} INFO - DAG(s) 'tutorial_taskflow_api' retrieved from /home/airflow/.local/lib/python3.12/site-packages/airflow/example_dags/tutorial_taskflow_api.py
[2024-10-23T04:26:50.115+0000] {logging_mixin.py:190} INFO - [2024-10-23T04:26:50.114+0000] {dag.py:3239} INFO - Sync 1 DAGs
[2024-10-23T04:26:50.128+0000] {logging_mixin.py:190} INFO - [2024-10-23T04:26:50.128+0000] {dag.py:4180} INFO - Setting next_dagrun for tutorial_taskflow_api to None, run_after=None
[2024-10-23T04:26:50.143+0000] {processor.py:208} INFO - Processing /home/airflow/.local/lib/python3.12/site-packages/airflow/example_dags/tutorial_taskflow_api.py took 0.064 seconds
[2024-10-23T04:27:20.346+0000] {processor.py:186} INFO - Started process (PID=14240) to work on /home/airflow/.local/lib/python3.12/site-packages/airflow/example_dags/tutorial_taskflow_api.py
[2024-10-23T04:27:20.347+0000] {processor.py:914} INFO - Processing file /home/airflow/.local/lib/python3.12/site-packages/airflow/example_dags/tutorial_taskflow_api.py for tasks to queue
[2024-10-23T04:27:20.348+0000] {logging_mixin.py:190} INFO - [2024-10-23T04:27:20.348+0000] {dagbag.py:588} INFO - Filling up the DagBag from /home/airflow/.local/lib/python3.12/site-packages/airflow/example_dags/tutorial_taskflow_api.py
[2024-10-23T04:27:20.353+0000] {processor.py:925} INFO - DAG(s) 'tutorial_taskflow_api' retrieved from /home/airflow/.local/lib/python3.12/site-packages/airflow/example_dags/tutorial_taskflow_api.py
[2024-10-23T04:27:20.366+0000] {logging_mixin.py:190} INFO - [2024-10-23T04:27:20.366+0000] {dag.py:3239} INFO - Sync 1 DAGs
[2024-10-23T04:27:20.375+0000] {logging_mixin.py:190} INFO - [2024-10-23T04:27:20.375+0000] {dag.py:4180} INFO - Setting next_dagrun for tutorial_taskflow_api to None, run_after=None
[2024-10-23T04:27:20.388+0000] {processor.py:208} INFO - Processing /home/airflow/.local/lib/python3.12/site-packages/airflow/example_dags/tutorial_taskflow_api.py took 0.046 seconds
[2024-10-23T04:27:50.410+0000] {processor.py:186} INFO - Started process (PID=14303) to work on /home/airflow/.local/lib/python3.12/site-packages/airflow/example_dags/tutorial_taskflow_api.py
[2024-10-23T04:27:50.414+0000] {processor.py:914} INFO - Processing file /home/airflow/.local/lib/python3.12/site-packages/airflow/example_dags/tutorial_taskflow_api.py for tasks to queue
[2024-10-23T04:27:50.416+0000] {logging_mixin.py:190} INFO - [2024-10-23T04:27:50.415+0000] {dagbag.py:588} INFO - Filling up the DagBag from /home/airflow/.local/lib/python3.12/site-packages/airflow/example_dags/tutorial_taskflow_api.py
[2024-10-23T04:27:50.422+0000] {processor.py:925} INFO - DAG(s) 'tutorial_taskflow_api' retrieved from /home/airflow/.local/lib/python3.12/site-packages/airflow/example_dags/tutorial_taskflow_api.py
[2024-10-23T04:27:50.439+0000] {logging_mixin.py:190} INFO - [2024-10-23T04:27:50.439+0000] {dag.py:3239} INFO - Sync 1 DAGs
[2024-10-23T04:27:50.448+0000] {logging_mixin.py:190} INFO - [2024-10-23T04:27:50.448+0000] {dag.py:4180} INFO - Setting next_dagrun for tutorial_taskflow_api to None, run_after=None
[2024-10-23T04:27:50.461+0000] {processor.py:208} INFO - Processing /home/airflow/.local/lib/python3.12/site-packages/airflow/example_dags/tutorial_taskflow_api.py took 0.055 seconds
[2024-10-23T04:28:22.665+0000] {processor.py:186} INFO - Started process (PID=14367) to work on /home/airflow/.local/lib/python3.12/site-packages/airflow/example_dags/tutorial_taskflow_api.py
[2024-10-23T04:28:22.666+0000] {processor.py:914} INFO - Processing file /home/airflow/.local/lib/python3.12/site-packages/airflow/example_dags/tutorial_taskflow_api.py for tasks to queue
[2024-10-23T04:28:22.667+0000] {logging_mixin.py:190} INFO - [2024-10-23T04:28:22.667+0000] {dagbag.py:588} INFO - Filling up the DagBag from /home/airflow/.local/lib/python3.12/site-packages/airflow/example_dags/tutorial_taskflow_api.py
[2024-10-23T04:28:22.676+0000] {processor.py:925} INFO - DAG(s) 'tutorial_taskflow_api' retrieved from /home/airflow/.local/lib/python3.12/site-packages/airflow/example_dags/tutorial_taskflow_api.py
[2024-10-23T04:28:22.693+0000] {logging_mixin.py:190} INFO - [2024-10-23T04:28:22.693+0000] {dag.py:3239} INFO - Sync 1 DAGs
[2024-10-23T04:28:22.706+0000] {logging_mixin.py:190} INFO - [2024-10-23T04:28:22.706+0000] {dag.py:4180} INFO - Setting next_dagrun for tutorial_taskflow_api to None, run_after=None
[2024-10-23T04:28:22.720+0000] {processor.py:208} INFO - Processing /home/airflow/.local/lib/python3.12/site-packages/airflow/example_dags/tutorial_taskflow_api.py took 0.061 seconds
[2024-10-23T04:28:53.444+0000] {processor.py:186} INFO - Started process (PID=14430) to work on /home/airflow/.local/lib/python3.12/site-packages/airflow/example_dags/tutorial_taskflow_api.py
[2024-10-23T04:28:53.448+0000] {processor.py:914} INFO - Processing file /home/airflow/.local/lib/python3.12/site-packages/airflow/example_dags/tutorial_taskflow_api.py for tasks to queue
[2024-10-23T04:28:53.450+0000] {logging_mixin.py:190} INFO - [2024-10-23T04:28:53.449+0000] {dagbag.py:588} INFO - Filling up the DagBag from /home/airflow/.local/lib/python3.12/site-packages/airflow/example_dags/tutorial_taskflow_api.py
[2024-10-23T04:28:53.461+0000] {processor.py:925} INFO - DAG(s) 'tutorial_taskflow_api' retrieved from /home/airflow/.local/lib/python3.12/site-packages/airflow/example_dags/tutorial_taskflow_api.py
[2024-10-23T04:28:53.477+0000] {logging_mixin.py:190} INFO - [2024-10-23T04:28:53.477+0000] {dag.py:3239} INFO - Sync 1 DAGs
[2024-10-23T04:28:53.497+0000] {logging_mixin.py:190} INFO - [2024-10-23T04:28:53.497+0000] {dag.py:4180} INFO - Setting next_dagrun for tutorial_taskflow_api to None, run_after=None
[2024-10-23T04:28:53.520+0000] {processor.py:208} INFO - Processing /home/airflow/.local/lib/python3.12/site-packages/airflow/example_dags/tutorial_taskflow_api.py took 0.092 seconds
[2024-10-23T04:29:24.884+0000] {processor.py:186} INFO - Started process (PID=14493) to work on /home/airflow/.local/lib/python3.12/site-packages/airflow/example_dags/tutorial_taskflow_api.py
[2024-10-23T04:29:24.884+0000] {processor.py:914} INFO - Processing file /home/airflow/.local/lib/python3.12/site-packages/airflow/example_dags/tutorial_taskflow_api.py for tasks to queue
[2024-10-23T04:29:24.885+0000] {logging_mixin.py:190} INFO - [2024-10-23T04:29:24.885+0000] {dagbag.py:588} INFO - Filling up the DagBag from /home/airflow/.local/lib/python3.12/site-packages/airflow/example_dags/tutorial_taskflow_api.py
[2024-10-23T04:29:24.892+0000] {processor.py:925} INFO - DAG(s) 'tutorial_taskflow_api' retrieved from /home/airflow/.local/lib/python3.12/site-packages/airflow/example_dags/tutorial_taskflow_api.py
[2024-10-23T04:29:24.909+0000] {logging_mixin.py:190} INFO - [2024-10-23T04:29:24.909+0000] {dag.py:3239} INFO - Sync 1 DAGs
[2024-10-23T04:29:24.921+0000] {logging_mixin.py:190} INFO - [2024-10-23T04:29:24.920+0000] {dag.py:4180} INFO - Setting next_dagrun for tutorial_taskflow_api to None, run_after=None
[2024-10-23T04:29:24.935+0000] {processor.py:208} INFO - Processing /home/airflow/.local/lib/python3.12/site-packages/airflow/example_dags/tutorial_taskflow_api.py took 0.057 seconds
[2024-10-23T04:29:55.263+0000] {processor.py:186} INFO - Started process (PID=14556) to work on /home/airflow/.local/lib/python3.12/site-packages/airflow/example_dags/tutorial_taskflow_api.py
[2024-10-23T04:29:55.266+0000] {processor.py:914} INFO - Processing file /home/airflow/.local/lib/python3.12/site-packages/airflow/example_dags/tutorial_taskflow_api.py for tasks to queue
[2024-10-23T04:29:55.269+0000] {logging_mixin.py:190} INFO - [2024-10-23T04:29:55.268+0000] {dagbag.py:588} INFO - Filling up the DagBag from /home/airflow/.local/lib/python3.12/site-packages/airflow/example_dags/tutorial_taskflow_api.py
[2024-10-23T04:29:55.289+0000] {processor.py:925} INFO - DAG(s) 'tutorial_taskflow_api' retrieved from /home/airflow/.local/lib/python3.12/site-packages/airflow/example_dags/tutorial_taskflow_api.py
[2024-10-23T04:29:55.321+0000] {logging_mixin.py:190} INFO - [2024-10-23T04:29:55.321+0000] {dag.py:3239} INFO - Sync 1 DAGs
[2024-10-23T04:29:55.344+0000] {logging_mixin.py:190} INFO - [2024-10-23T04:29:55.344+0000] {dag.py:4180} INFO - Setting next_dagrun for tutorial_taskflow_api to None, run_after=None
[2024-10-23T04:29:55.368+0000] {processor.py:208} INFO - Processing /home/airflow/.local/lib/python3.12/site-packages/airflow/example_dags/tutorial_taskflow_api.py took 0.120 seconds
[2024-10-23T04:30:26.296+0000] {processor.py:186} INFO - Started process (PID=14619) to work on /home/airflow/.local/lib/python3.12/site-packages/airflow/example_dags/tutorial_taskflow_api.py
[2024-10-23T04:30:26.298+0000] {processor.py:914} INFO - Processing file /home/airflow/.local/lib/python3.12/site-packages/airflow/example_dags/tutorial_taskflow_api.py for tasks to queue
[2024-10-23T04:30:26.300+0000] {logging_mixin.py:190} INFO - [2024-10-23T04:30:26.300+0000] {dagbag.py:588} INFO - Filling up the DagBag from /home/airflow/.local/lib/python3.12/site-packages/airflow/example_dags/tutorial_taskflow_api.py
[2024-10-23T04:30:26.312+0000] {processor.py:925} INFO - DAG(s) 'tutorial_taskflow_api' retrieved from /home/airflow/.local/lib/python3.12/site-packages/airflow/example_dags/tutorial_taskflow_api.py
[2024-10-23T04:30:26.333+0000] {logging_mixin.py:190} INFO - [2024-10-23T04:30:26.333+0000] {dag.py:3239} INFO - Sync 1 DAGs
[2024-10-23T04:30:26.345+0000] {logging_mixin.py:190} INFO - [2024-10-23T04:30:26.345+0000] {dag.py:4180} INFO - Setting next_dagrun for tutorial_taskflow_api to None, run_after=None
[2024-10-23T04:30:26.359+0000] {processor.py:208} INFO - Processing /home/airflow/.local/lib/python3.12/site-packages/airflow/example_dags/tutorial_taskflow_api.py took 0.068 seconds
[2024-10-23T04:30:57.070+0000] {processor.py:186} INFO - Started process (PID=14682) to work on /home/airflow/.local/lib/python3.12/site-packages/airflow/example_dags/tutorial_taskflow_api.py
[2024-10-23T04:30:57.075+0000] {processor.py:914} INFO - Processing file /home/airflow/.local/lib/python3.12/site-packages/airflow/example_dags/tutorial_taskflow_api.py for tasks to queue
[2024-10-23T04:30:57.076+0000] {logging_mixin.py:190} INFO - [2024-10-23T04:30:57.075+0000] {dagbag.py:588} INFO - Filling up the DagBag from /home/airflow/.local/lib/python3.12/site-packages/airflow/example_dags/tutorial_taskflow_api.py
[2024-10-23T04:30:57.082+0000] {processor.py:925} INFO - DAG(s) 'tutorial_taskflow_api' retrieved from /home/airflow/.local/lib/python3.12/site-packages/airflow/example_dags/tutorial_taskflow_api.py
[2024-10-23T04:30:57.099+0000] {logging_mixin.py:190} INFO - [2024-10-23T04:30:57.099+0000] {dag.py:3239} INFO - Sync 1 DAGs
[2024-10-23T04:30:57.110+0000] {logging_mixin.py:190} INFO - [2024-10-23T04:30:57.110+0000] {dag.py:4180} INFO - Setting next_dagrun for tutorial_taskflow_api to None, run_after=None
[2024-10-23T04:30:57.123+0000] {processor.py:208} INFO - Processing /home/airflow/.local/lib/python3.12/site-packages/airflow/example_dags/tutorial_taskflow_api.py took 0.057 seconds
[2024-10-23T04:31:27.760+0000] {processor.py:186} INFO - Started process (PID=14745) to work on /home/airflow/.local/lib/python3.12/site-packages/airflow/example_dags/tutorial_taskflow_api.py
[2024-10-23T04:31:27.767+0000] {processor.py:914} INFO - Processing file /home/airflow/.local/lib/python3.12/site-packages/airflow/example_dags/tutorial_taskflow_api.py for tasks to queue
[2024-10-23T04:31:27.768+0000] {logging_mixin.py:190} INFO - [2024-10-23T04:31:27.768+0000] {dagbag.py:588} INFO - Filling up the DagBag from /home/airflow/.local/lib/python3.12/site-packages/airflow/example_dags/tutorial_taskflow_api.py
[2024-10-23T04:31:27.776+0000] {processor.py:925} INFO - DAG(s) 'tutorial_taskflow_api' retrieved from /home/airflow/.local/lib/python3.12/site-packages/airflow/example_dags/tutorial_taskflow_api.py
[2024-10-23T04:31:27.792+0000] {logging_mixin.py:190} INFO - [2024-10-23T04:31:27.791+0000] {dag.py:3239} INFO - Sync 1 DAGs
[2024-10-23T04:31:27.813+0000] {logging_mixin.py:190} INFO - [2024-10-23T04:31:27.812+0000] {dag.py:4180} INFO - Setting next_dagrun for tutorial_taskflow_api to None, run_after=None
[2024-10-23T04:31:27.844+0000] {processor.py:208} INFO - Processing /home/airflow/.local/lib/python3.12/site-packages/airflow/example_dags/tutorial_taskflow_api.py took 0.090 seconds
[2024-10-23T04:31:59.295+0000] {processor.py:186} INFO - Started process (PID=14807) to work on /home/airflow/.local/lib/python3.12/site-packages/airflow/example_dags/tutorial_taskflow_api.py
[2024-10-23T04:31:59.295+0000] {processor.py:914} INFO - Processing file /home/airflow/.local/lib/python3.12/site-packages/airflow/example_dags/tutorial_taskflow_api.py for tasks to queue
[2024-10-23T04:31:59.296+0000] {logging_mixin.py:190} INFO - [2024-10-23T04:31:59.296+0000] {dagbag.py:588} INFO - Filling up the DagBag from /home/airflow/.local/lib/python3.12/site-packages/airflow/example_dags/tutorial_taskflow_api.py
[2024-10-23T04:31:59.302+0000] {processor.py:925} INFO - DAG(s) 'tutorial_taskflow_api' retrieved from /home/airflow/.local/lib/python3.12/site-packages/airflow/example_dags/tutorial_taskflow_api.py
[2024-10-23T04:31:59.322+0000] {logging_mixin.py:190} INFO - [2024-10-23T04:31:59.322+0000] {dag.py:3239} INFO - Sync 1 DAGs
[2024-10-23T04:31:59.332+0000] {logging_mixin.py:190} INFO - [2024-10-23T04:31:59.332+0000] {dag.py:4180} INFO - Setting next_dagrun for tutorial_taskflow_api to None, run_after=None
[2024-10-23T04:31:59.345+0000] {processor.py:208} INFO - Processing /home/airflow/.local/lib/python3.12/site-packages/airflow/example_dags/tutorial_taskflow_api.py took 0.059 seconds
[2024-10-23T04:32:30.547+0000] {processor.py:186} INFO - Started process (PID=14870) to work on /home/airflow/.local/lib/python3.12/site-packages/airflow/example_dags/tutorial_taskflow_api.py
[2024-10-23T04:32:30.548+0000] {processor.py:914} INFO - Processing file /home/airflow/.local/lib/python3.12/site-packages/airflow/example_dags/tutorial_taskflow_api.py for tasks to queue
[2024-10-23T04:32:30.549+0000] {logging_mixin.py:190} INFO - [2024-10-23T04:32:30.549+0000] {dagbag.py:588} INFO - Filling up the DagBag from /home/airflow/.local/lib/python3.12/site-packages/airflow/example_dags/tutorial_taskflow_api.py
[2024-10-23T04:32:30.556+0000] {processor.py:925} INFO - DAG(s) 'tutorial_taskflow_api' retrieved from /home/airflow/.local/lib/python3.12/site-packages/airflow/example_dags/tutorial_taskflow_api.py
[2024-10-23T04:32:30.578+0000] {logging_mixin.py:190} INFO - [2024-10-23T04:32:30.578+0000] {dag.py:3239} INFO - Sync 1 DAGs
[2024-10-23T04:32:30.599+0000] {logging_mixin.py:190} INFO - [2024-10-23T04:32:30.599+0000] {dag.py:4180} INFO - Setting next_dagrun for tutorial_taskflow_api to None, run_after=None
[2024-10-23T04:32:30.618+0000] {processor.py:208} INFO - Processing /home/airflow/.local/lib/python3.12/site-packages/airflow/example_dags/tutorial_taskflow_api.py took 0.075 seconds
[2024-10-23T04:33:01.864+0000] {processor.py:186} INFO - Started process (PID=14933) to work on /home/airflow/.local/lib/python3.12/site-packages/airflow/example_dags/tutorial_taskflow_api.py
[2024-10-23T04:33:01.866+0000] {processor.py:914} INFO - Processing file /home/airflow/.local/lib/python3.12/site-packages/airflow/example_dags/tutorial_taskflow_api.py for tasks to queue
[2024-10-23T04:33:01.867+0000] {logging_mixin.py:190} INFO - [2024-10-23T04:33:01.866+0000] {dagbag.py:588} INFO - Filling up the DagBag from /home/airflow/.local/lib/python3.12/site-packages/airflow/example_dags/tutorial_taskflow_api.py
[2024-10-23T04:33:01.873+0000] {processor.py:925} INFO - DAG(s) 'tutorial_taskflow_api' retrieved from /home/airflow/.local/lib/python3.12/site-packages/airflow/example_dags/tutorial_taskflow_api.py
[2024-10-23T04:33:01.888+0000] {logging_mixin.py:190} INFO - [2024-10-23T04:33:01.888+0000] {dag.py:3239} INFO - Sync 1 DAGs
[2024-10-23T04:33:01.899+0000] {logging_mixin.py:190} INFO - [2024-10-23T04:33:01.899+0000] {dag.py:4180} INFO - Setting next_dagrun for tutorial_taskflow_api to None, run_after=None
[2024-10-23T04:33:01.914+0000] {processor.py:208} INFO - Processing /home/airflow/.local/lib/python3.12/site-packages/airflow/example_dags/tutorial_taskflow_api.py took 0.055 seconds
[2024-10-23T04:33:32.711+0000] {processor.py:186} INFO - Started process (PID=14996) to work on /home/airflow/.local/lib/python3.12/site-packages/airflow/example_dags/tutorial_taskflow_api.py
[2024-10-23T04:33:32.715+0000] {processor.py:914} INFO - Processing file /home/airflow/.local/lib/python3.12/site-packages/airflow/example_dags/tutorial_taskflow_api.py for tasks to queue
[2024-10-23T04:33:32.717+0000] {logging_mixin.py:190} INFO - [2024-10-23T04:33:32.716+0000] {dagbag.py:588} INFO - Filling up the DagBag from /home/airflow/.local/lib/python3.12/site-packages/airflow/example_dags/tutorial_taskflow_api.py
[2024-10-23T04:33:32.725+0000] {processor.py:925} INFO - DAG(s) 'tutorial_taskflow_api' retrieved from /home/airflow/.local/lib/python3.12/site-packages/airflow/example_dags/tutorial_taskflow_api.py
[2024-10-23T04:33:32.741+0000] {logging_mixin.py:190} INFO - [2024-10-23T04:33:32.741+0000] {dag.py:3239} INFO - Sync 1 DAGs
[2024-10-23T04:33:32.750+0000] {logging_mixin.py:190} INFO - [2024-10-23T04:33:32.750+0000] {dag.py:4180} INFO - Setting next_dagrun for tutorial_taskflow_api to None, run_after=None
[2024-10-23T04:33:32.761+0000] {processor.py:208} INFO - Processing /home/airflow/.local/lib/python3.12/site-packages/airflow/example_dags/tutorial_taskflow_api.py took 0.055 seconds
[2024-10-23T04:34:03.785+0000] {processor.py:186} INFO - Started process (PID=15059) to work on /home/airflow/.local/lib/python3.12/site-packages/airflow/example_dags/tutorial_taskflow_api.py
[2024-10-23T04:34:03.787+0000] {processor.py:914} INFO - Processing file /home/airflow/.local/lib/python3.12/site-packages/airflow/example_dags/tutorial_taskflow_api.py for tasks to queue
[2024-10-23T04:34:03.789+0000] {logging_mixin.py:190} INFO - [2024-10-23T04:34:03.788+0000] {dagbag.py:588} INFO - Filling up the DagBag from /home/airflow/.local/lib/python3.12/site-packages/airflow/example_dags/tutorial_taskflow_api.py
[2024-10-23T04:34:03.795+0000] {processor.py:925} INFO - DAG(s) 'tutorial_taskflow_api' retrieved from /home/airflow/.local/lib/python3.12/site-packages/airflow/example_dags/tutorial_taskflow_api.py
[2024-10-23T04:34:03.810+0000] {logging_mixin.py:190} INFO - [2024-10-23T04:34:03.809+0000] {dag.py:3239} INFO - Sync 1 DAGs
[2024-10-23T04:34:03.823+0000] {logging_mixin.py:190} INFO - [2024-10-23T04:34:03.823+0000] {dag.py:4180} INFO - Setting next_dagrun for tutorial_taskflow_api to None, run_after=None
[2024-10-23T04:34:03.834+0000] {processor.py:208} INFO - Processing /home/airflow/.local/lib/python3.12/site-packages/airflow/example_dags/tutorial_taskflow_api.py took 0.057 seconds
[2024-10-23T04:34:35.339+0000] {processor.py:186} INFO - Started process (PID=15122) to work on /home/airflow/.local/lib/python3.12/site-packages/airflow/example_dags/tutorial_taskflow_api.py
[2024-10-23T04:34:35.341+0000] {processor.py:914} INFO - Processing file /home/airflow/.local/lib/python3.12/site-packages/airflow/example_dags/tutorial_taskflow_api.py for tasks to queue
[2024-10-23T04:34:35.342+0000] {logging_mixin.py:190} INFO - [2024-10-23T04:34:35.342+0000] {dagbag.py:588} INFO - Filling up the DagBag from /home/airflow/.local/lib/python3.12/site-packages/airflow/example_dags/tutorial_taskflow_api.py
[2024-10-23T04:34:35.349+0000] {processor.py:925} INFO - DAG(s) 'tutorial_taskflow_api' retrieved from /home/airflow/.local/lib/python3.12/site-packages/airflow/example_dags/tutorial_taskflow_api.py
[2024-10-23T04:34:35.366+0000] {logging_mixin.py:190} INFO - [2024-10-23T04:34:35.366+0000] {dag.py:3239} INFO - Sync 1 DAGs
[2024-10-23T04:34:35.378+0000] {logging_mixin.py:190} INFO - [2024-10-23T04:34:35.378+0000] {dag.py:4180} INFO - Setting next_dagrun for tutorial_taskflow_api to None, run_after=None
[2024-10-23T04:34:35.391+0000] {processor.py:208} INFO - Processing /home/airflow/.local/lib/python3.12/site-packages/airflow/example_dags/tutorial_taskflow_api.py took 0.057 seconds
[2024-10-23T04:35:06.864+0000] {processor.py:186} INFO - Started process (PID=15185) to work on /home/airflow/.local/lib/python3.12/site-packages/airflow/example_dags/tutorial_taskflow_api.py
[2024-10-23T04:35:06.865+0000] {processor.py:914} INFO - Processing file /home/airflow/.local/lib/python3.12/site-packages/airflow/example_dags/tutorial_taskflow_api.py for tasks to queue
[2024-10-23T04:35:06.866+0000] {logging_mixin.py:190} INFO - [2024-10-23T04:35:06.866+0000] {dagbag.py:588} INFO - Filling up the DagBag from /home/airflow/.local/lib/python3.12/site-packages/airflow/example_dags/tutorial_taskflow_api.py
[2024-10-23T04:35:06.873+0000] {processor.py:925} INFO - DAG(s) 'tutorial_taskflow_api' retrieved from /home/airflow/.local/lib/python3.12/site-packages/airflow/example_dags/tutorial_taskflow_api.py
[2024-10-23T04:35:06.889+0000] {logging_mixin.py:190} INFO - [2024-10-23T04:35:06.889+0000] {dag.py:3239} INFO - Sync 1 DAGs
[2024-10-23T04:35:06.899+0000] {logging_mixin.py:190} INFO - [2024-10-23T04:35:06.899+0000] {dag.py:4180} INFO - Setting next_dagrun for tutorial_taskflow_api to None, run_after=None
[2024-10-23T04:35:06.914+0000] {processor.py:208} INFO - Processing /home/airflow/.local/lib/python3.12/site-packages/airflow/example_dags/tutorial_taskflow_api.py took 0.054 seconds
[2024-10-23T04:35:38.249+0000] {processor.py:186} INFO - Started process (PID=15251) to work on /home/airflow/.local/lib/python3.12/site-packages/airflow/example_dags/tutorial_taskflow_api.py
[2024-10-23T04:35:38.254+0000] {processor.py:914} INFO - Processing file /home/airflow/.local/lib/python3.12/site-packages/airflow/example_dags/tutorial_taskflow_api.py for tasks to queue
[2024-10-23T04:35:38.255+0000] {logging_mixin.py:190} INFO - [2024-10-23T04:35:38.255+0000] {dagbag.py:588} INFO - Filling up the DagBag from /home/airflow/.local/lib/python3.12/site-packages/airflow/example_dags/tutorial_taskflow_api.py
[2024-10-23T04:35:38.262+0000] {processor.py:925} INFO - DAG(s) 'tutorial_taskflow_api' retrieved from /home/airflow/.local/lib/python3.12/site-packages/airflow/example_dags/tutorial_taskflow_api.py
[2024-10-23T04:35:38.281+0000] {logging_mixin.py:190} INFO - [2024-10-23T04:35:38.281+0000] {dag.py:3239} INFO - Sync 1 DAGs
[2024-10-23T04:35:38.305+0000] {logging_mixin.py:190} INFO - [2024-10-23T04:35:38.305+0000] {dag.py:4180} INFO - Setting next_dagrun for tutorial_taskflow_api to None, run_after=None
[2024-10-23T04:35:38.318+0000] {processor.py:208} INFO - Processing /home/airflow/.local/lib/python3.12/site-packages/airflow/example_dags/tutorial_taskflow_api.py took 0.074 seconds
[2024-10-23T04:36:09.304+0000] {processor.py:186} INFO - Started process (PID=15316) to work on /home/airflow/.local/lib/python3.12/site-packages/airflow/example_dags/tutorial_taskflow_api.py
[2024-10-23T04:36:09.308+0000] {processor.py:914} INFO - Processing file /home/airflow/.local/lib/python3.12/site-packages/airflow/example_dags/tutorial_taskflow_api.py for tasks to queue
[2024-10-23T04:36:09.312+0000] {logging_mixin.py:190} INFO - [2024-10-23T04:36:09.311+0000] {dagbag.py:588} INFO - Filling up the DagBag from /home/airflow/.local/lib/python3.12/site-packages/airflow/example_dags/tutorial_taskflow_api.py
[2024-10-23T04:36:09.325+0000] {processor.py:925} INFO - DAG(s) 'tutorial_taskflow_api' retrieved from /home/airflow/.local/lib/python3.12/site-packages/airflow/example_dags/tutorial_taskflow_api.py
[2024-10-23T04:36:09.349+0000] {logging_mixin.py:190} INFO - [2024-10-23T04:36:09.349+0000] {dag.py:3239} INFO - Sync 1 DAGs
[2024-10-23T04:36:09.365+0000] {logging_mixin.py:190} INFO - [2024-10-23T04:36:09.365+0000] {dag.py:4180} INFO - Setting next_dagrun for tutorial_taskflow_api to None, run_after=None
[2024-10-23T04:36:09.379+0000] {processor.py:208} INFO - Processing /home/airflow/.local/lib/python3.12/site-packages/airflow/example_dags/tutorial_taskflow_api.py took 0.087 seconds
[2024-10-23T04:36:40.186+0000] {processor.py:186} INFO - Started process (PID=15380) to work on /home/airflow/.local/lib/python3.12/site-packages/airflow/example_dags/tutorial_taskflow_api.py
[2024-10-23T04:36:40.187+0000] {processor.py:914} INFO - Processing file /home/airflow/.local/lib/python3.12/site-packages/airflow/example_dags/tutorial_taskflow_api.py for tasks to queue
[2024-10-23T04:36:40.189+0000] {logging_mixin.py:190} INFO - [2024-10-23T04:36:40.189+0000] {dagbag.py:588} INFO - Filling up the DagBag from /home/airflow/.local/lib/python3.12/site-packages/airflow/example_dags/tutorial_taskflow_api.py
[2024-10-23T04:36:40.199+0000] {processor.py:925} INFO - DAG(s) 'tutorial_taskflow_api' retrieved from /home/airflow/.local/lib/python3.12/site-packages/airflow/example_dags/tutorial_taskflow_api.py
[2024-10-23T04:36:40.221+0000] {logging_mixin.py:190} INFO - [2024-10-23T04:36:40.221+0000] {dag.py:3239} INFO - Sync 1 DAGs
[2024-10-23T04:36:40.234+0000] {logging_mixin.py:190} INFO - [2024-10-23T04:36:40.234+0000] {dag.py:4180} INFO - Setting next_dagrun for tutorial_taskflow_api to None, run_after=None
[2024-10-23T04:36:40.255+0000] {processor.py:208} INFO - Processing /home/airflow/.local/lib/python3.12/site-packages/airflow/example_dags/tutorial_taskflow_api.py took 0.074 seconds
[2024-10-23T04:37:11.851+0000] {processor.py:186} INFO - Started process (PID=15443) to work on /home/airflow/.local/lib/python3.12/site-packages/airflow/example_dags/tutorial_taskflow_api.py
[2024-10-23T04:37:11.852+0000] {processor.py:914} INFO - Processing file /home/airflow/.local/lib/python3.12/site-packages/airflow/example_dags/tutorial_taskflow_api.py for tasks to queue
[2024-10-23T04:37:11.858+0000] {logging_mixin.py:190} INFO - [2024-10-23T04:37:11.857+0000] {dagbag.py:588} INFO - Filling up the DagBag from /home/airflow/.local/lib/python3.12/site-packages/airflow/example_dags/tutorial_taskflow_api.py
[2024-10-23T04:37:11.865+0000] {processor.py:925} INFO - DAG(s) 'tutorial_taskflow_api' retrieved from /home/airflow/.local/lib/python3.12/site-packages/airflow/example_dags/tutorial_taskflow_api.py
[2024-10-23T04:37:11.882+0000] {logging_mixin.py:190} INFO - [2024-10-23T04:37:11.882+0000] {dag.py:3239} INFO - Sync 1 DAGs
[2024-10-23T04:37:11.894+0000] {logging_mixin.py:190} INFO - [2024-10-23T04:37:11.893+0000] {dag.py:4180} INFO - Setting next_dagrun for tutorial_taskflow_api to None, run_after=None
[2024-10-23T04:37:11.910+0000] {processor.py:208} INFO - Processing /home/airflow/.local/lib/python3.12/site-packages/airflow/example_dags/tutorial_taskflow_api.py took 0.065 seconds
[2024-10-23T04:37:43.821+0000] {processor.py:186} INFO - Started process (PID=15506) to work on /home/airflow/.local/lib/python3.12/site-packages/airflow/example_dags/tutorial_taskflow_api.py
[2024-10-23T04:37:43.824+0000] {processor.py:914} INFO - Processing file /home/airflow/.local/lib/python3.12/site-packages/airflow/example_dags/tutorial_taskflow_api.py for tasks to queue
[2024-10-23T04:37:43.828+0000] {logging_mixin.py:190} INFO - [2024-10-23T04:37:43.828+0000] {dagbag.py:588} INFO - Filling up the DagBag from /home/airflow/.local/lib/python3.12/site-packages/airflow/example_dags/tutorial_taskflow_api.py
[2024-10-23T04:37:43.840+0000] {processor.py:925} INFO - DAG(s) 'tutorial_taskflow_api' retrieved from /home/airflow/.local/lib/python3.12/site-packages/airflow/example_dags/tutorial_taskflow_api.py
[2024-10-23T04:37:43.868+0000] {logging_mixin.py:190} INFO - [2024-10-23T04:37:43.868+0000] {dag.py:3239} INFO - Sync 1 DAGs
[2024-10-23T04:37:43.893+0000] {logging_mixin.py:190} INFO - [2024-10-23T04:37:43.893+0000] {dag.py:4180} INFO - Setting next_dagrun for tutorial_taskflow_api to None, run_after=None
[2024-10-23T04:37:43.923+0000] {processor.py:208} INFO - Processing /home/airflow/.local/lib/python3.12/site-packages/airflow/example_dags/tutorial_taskflow_api.py took 0.120 seconds
[2024-10-23T04:38:15.408+0000] {processor.py:186} INFO - Started process (PID=15569) to work on /home/airflow/.local/lib/python3.12/site-packages/airflow/example_dags/tutorial_taskflow_api.py
[2024-10-23T04:38:15.409+0000] {processor.py:914} INFO - Processing file /home/airflow/.local/lib/python3.12/site-packages/airflow/example_dags/tutorial_taskflow_api.py for tasks to queue
[2024-10-23T04:38:15.410+0000] {logging_mixin.py:190} INFO - [2024-10-23T04:38:15.410+0000] {dagbag.py:588} INFO - Filling up the DagBag from /home/airflow/.local/lib/python3.12/site-packages/airflow/example_dags/tutorial_taskflow_api.py
[2024-10-23T04:38:15.417+0000] {processor.py:925} INFO - DAG(s) 'tutorial_taskflow_api' retrieved from /home/airflow/.local/lib/python3.12/site-packages/airflow/example_dags/tutorial_taskflow_api.py
[2024-10-23T04:38:15.435+0000] {logging_mixin.py:190} INFO - [2024-10-23T04:38:15.435+0000] {dag.py:3239} INFO - Sync 1 DAGs
[2024-10-23T04:38:15.445+0000] {logging_mixin.py:190} INFO - [2024-10-23T04:38:15.445+0000] {dag.py:4180} INFO - Setting next_dagrun for tutorial_taskflow_api to None, run_after=None
[2024-10-23T04:38:15.457+0000] {processor.py:208} INFO - Processing /home/airflow/.local/lib/python3.12/site-packages/airflow/example_dags/tutorial_taskflow_api.py took 0.058 seconds
[2024-10-23T04:38:47.439+0000] {processor.py:186} INFO - Started process (PID=15632) to work on /home/airflow/.local/lib/python3.12/site-packages/airflow/example_dags/tutorial_taskflow_api.py
[2024-10-23T04:38:47.442+0000] {processor.py:914} INFO - Processing file /home/airflow/.local/lib/python3.12/site-packages/airflow/example_dags/tutorial_taskflow_api.py for tasks to queue
[2024-10-23T04:38:47.444+0000] {logging_mixin.py:190} INFO - [2024-10-23T04:38:47.444+0000] {dagbag.py:588} INFO - Filling up the DagBag from /home/airflow/.local/lib/python3.12/site-packages/airflow/example_dags/tutorial_taskflow_api.py
[2024-10-23T04:38:47.469+0000] {processor.py:925} INFO - DAG(s) 'tutorial_taskflow_api' retrieved from /home/airflow/.local/lib/python3.12/site-packages/airflow/example_dags/tutorial_taskflow_api.py
[2024-10-23T04:38:47.511+0000] {logging_mixin.py:190} INFO - [2024-10-23T04:38:47.511+0000] {dag.py:3239} INFO - Sync 1 DAGs
[2024-10-23T04:38:47.526+0000] {logging_mixin.py:190} INFO - [2024-10-23T04:38:47.526+0000] {dag.py:4180} INFO - Setting next_dagrun for tutorial_taskflow_api to None, run_after=None
[2024-10-23T04:38:47.676+0000] {processor.py:208} INFO - Processing /home/airflow/.local/lib/python3.12/site-packages/airflow/example_dags/tutorial_taskflow_api.py took 0.247 seconds
[2024-10-23T04:39:18.261+0000] {processor.py:186} INFO - Started process (PID=15701) to work on /home/airflow/.local/lib/python3.12/site-packages/airflow/example_dags/tutorial_taskflow_api.py
[2024-10-23T04:39:18.262+0000] {processor.py:914} INFO - Processing file /home/airflow/.local/lib/python3.12/site-packages/airflow/example_dags/tutorial_taskflow_api.py for tasks to queue
[2024-10-23T04:39:18.264+0000] {logging_mixin.py:190} INFO - [2024-10-23T04:39:18.264+0000] {dagbag.py:588} INFO - Filling up the DagBag from /home/airflow/.local/lib/python3.12/site-packages/airflow/example_dags/tutorial_taskflow_api.py
[2024-10-23T04:39:18.275+0000] {processor.py:925} INFO - DAG(s) 'tutorial_taskflow_api' retrieved from /home/airflow/.local/lib/python3.12/site-packages/airflow/example_dags/tutorial_taskflow_api.py
[2024-10-23T04:39:18.305+0000] {logging_mixin.py:190} INFO - [2024-10-23T04:39:18.305+0000] {dag.py:3239} INFO - Sync 1 DAGs
[2024-10-23T04:39:18.340+0000] {logging_mixin.py:190} INFO - [2024-10-23T04:39:18.340+0000] {dag.py:4180} INFO - Setting next_dagrun for tutorial_taskflow_api to None, run_after=None
[2024-10-23T04:39:18.366+0000] {processor.py:208} INFO - Processing /home/airflow/.local/lib/python3.12/site-packages/airflow/example_dags/tutorial_taskflow_api.py took 0.110 seconds
[2024-10-23T04:39:49.296+0000] {processor.py:186} INFO - Started process (PID=15764) to work on /home/airflow/.local/lib/python3.12/site-packages/airflow/example_dags/tutorial_taskflow_api.py
[2024-10-23T04:39:49.297+0000] {processor.py:914} INFO - Processing file /home/airflow/.local/lib/python3.12/site-packages/airflow/example_dags/tutorial_taskflow_api.py for tasks to queue
[2024-10-23T04:39:49.299+0000] {logging_mixin.py:190} INFO - [2024-10-23T04:39:49.298+0000] {dagbag.py:588} INFO - Filling up the DagBag from /home/airflow/.local/lib/python3.12/site-packages/airflow/example_dags/tutorial_taskflow_api.py
[2024-10-23T04:39:49.307+0000] {processor.py:925} INFO - DAG(s) 'tutorial_taskflow_api' retrieved from /home/airflow/.local/lib/python3.12/site-packages/airflow/example_dags/tutorial_taskflow_api.py
[2024-10-23T04:39:49.326+0000] {logging_mixin.py:190} INFO - [2024-10-23T04:39:49.326+0000] {dag.py:3239} INFO - Sync 1 DAGs
[2024-10-23T04:39:49.338+0000] {logging_mixin.py:190} INFO - [2024-10-23T04:39:49.337+0000] {dag.py:4180} INFO - Setting next_dagrun for tutorial_taskflow_api to None, run_after=None
[2024-10-23T04:39:49.359+0000] {processor.py:208} INFO - Processing /home/airflow/.local/lib/python3.12/site-packages/airflow/example_dags/tutorial_taskflow_api.py took 0.070 seconds
[2024-10-23T04:40:21.070+0000] {processor.py:186} INFO - Started process (PID=15827) to work on /home/airflow/.local/lib/python3.12/site-packages/airflow/example_dags/tutorial_taskflow_api.py
[2024-10-23T04:40:21.072+0000] {processor.py:914} INFO - Processing file /home/airflow/.local/lib/python3.12/site-packages/airflow/example_dags/tutorial_taskflow_api.py for tasks to queue
[2024-10-23T04:40:21.072+0000] {logging_mixin.py:190} INFO - [2024-10-23T04:40:21.072+0000] {dagbag.py:588} INFO - Filling up the DagBag from /home/airflow/.local/lib/python3.12/site-packages/airflow/example_dags/tutorial_taskflow_api.py
[2024-10-23T04:40:21.081+0000] {processor.py:925} INFO - DAG(s) 'tutorial_taskflow_api' retrieved from /home/airflow/.local/lib/python3.12/site-packages/airflow/example_dags/tutorial_taskflow_api.py
[2024-10-23T04:40:21.097+0000] {logging_mixin.py:190} INFO - [2024-10-23T04:40:21.096+0000] {dag.py:3239} INFO - Sync 1 DAGs
[2024-10-23T04:40:21.288+0000] {logging_mixin.py:190} INFO - [2024-10-23T04:40:21.288+0000] {dag.py:4180} INFO - Setting next_dagrun for tutorial_taskflow_api to None, run_after=None
[2024-10-23T04:40:21.305+0000] {processor.py:208} INFO - Processing /home/airflow/.local/lib/python3.12/site-packages/airflow/example_dags/tutorial_taskflow_api.py took 0.240 seconds
[2024-10-23T04:40:52.461+0000] {processor.py:186} INFO - Started process (PID=15890) to work on /home/airflow/.local/lib/python3.12/site-packages/airflow/example_dags/tutorial_taskflow_api.py
[2024-10-23T04:40:52.465+0000] {processor.py:914} INFO - Processing file /home/airflow/.local/lib/python3.12/site-packages/airflow/example_dags/tutorial_taskflow_api.py for tasks to queue
[2024-10-23T04:40:52.467+0000] {logging_mixin.py:190} INFO - [2024-10-23T04:40:52.467+0000] {dagbag.py:588} INFO - Filling up the DagBag from /home/airflow/.local/lib/python3.12/site-packages/airflow/example_dags/tutorial_taskflow_api.py
[2024-10-23T04:40:52.473+0000] {processor.py:925} INFO - DAG(s) 'tutorial_taskflow_api' retrieved from /home/airflow/.local/lib/python3.12/site-packages/airflow/example_dags/tutorial_taskflow_api.py
[2024-10-23T04:40:52.490+0000] {logging_mixin.py:190} INFO - [2024-10-23T04:40:52.490+0000] {dag.py:3239} INFO - Sync 1 DAGs
[2024-10-23T04:40:52.501+0000] {logging_mixin.py:190} INFO - [2024-10-23T04:40:52.501+0000] {dag.py:4180} INFO - Setting next_dagrun for tutorial_taskflow_api to None, run_after=None
[2024-10-23T04:40:52.517+0000] {processor.py:208} INFO - Processing /home/airflow/.local/lib/python3.12/site-packages/airflow/example_dags/tutorial_taskflow_api.py took 0.061 seconds
[2024-10-23T04:41:23.183+0000] {processor.py:186} INFO - Started process (PID=15953) to work on /home/airflow/.local/lib/python3.12/site-packages/airflow/example_dags/tutorial_taskflow_api.py
[2024-10-23T04:41:23.188+0000] {processor.py:914} INFO - Processing file /home/airflow/.local/lib/python3.12/site-packages/airflow/example_dags/tutorial_taskflow_api.py for tasks to queue
[2024-10-23T04:41:23.189+0000] {logging_mixin.py:190} INFO - [2024-10-23T04:41:23.189+0000] {dagbag.py:588} INFO - Filling up the DagBag from /home/airflow/.local/lib/python3.12/site-packages/airflow/example_dags/tutorial_taskflow_api.py
[2024-10-23T04:41:23.196+0000] {processor.py:925} INFO - DAG(s) 'tutorial_taskflow_api' retrieved from /home/airflow/.local/lib/python3.12/site-packages/airflow/example_dags/tutorial_taskflow_api.py
[2024-10-23T04:41:23.214+0000] {logging_mixin.py:190} INFO - [2024-10-23T04:41:23.213+0000] {dag.py:3239} INFO - Sync 1 DAGs
[2024-10-23T04:41:23.227+0000] {logging_mixin.py:190} INFO - [2024-10-23T04:41:23.227+0000] {dag.py:4180} INFO - Setting next_dagrun for tutorial_taskflow_api to None, run_after=None
[2024-10-23T04:41:23.239+0000] {processor.py:208} INFO - Processing /home/airflow/.local/lib/python3.12/site-packages/airflow/example_dags/tutorial_taskflow_api.py took 0.060 seconds
[2024-10-23T04:41:53.998+0000] {processor.py:186} INFO - Started process (PID=16016) to work on /home/airflow/.local/lib/python3.12/site-packages/airflow/example_dags/tutorial_taskflow_api.py
[2024-10-23T04:41:53.999+0000] {processor.py:914} INFO - Processing file /home/airflow/.local/lib/python3.12/site-packages/airflow/example_dags/tutorial_taskflow_api.py for tasks to queue
[2024-10-23T04:41:54.000+0000] {logging_mixin.py:190} INFO - [2024-10-23T04:41:54.000+0000] {dagbag.py:588} INFO - Filling up the DagBag from /home/airflow/.local/lib/python3.12/site-packages/airflow/example_dags/tutorial_taskflow_api.py
[2024-10-23T04:41:54.011+0000] {processor.py:925} INFO - DAG(s) 'tutorial_taskflow_api' retrieved from /home/airflow/.local/lib/python3.12/site-packages/airflow/example_dags/tutorial_taskflow_api.py
[2024-10-23T04:41:54.032+0000] {logging_mixin.py:190} INFO - [2024-10-23T04:41:54.032+0000] {dag.py:3239} INFO - Sync 1 DAGs
[2024-10-23T04:41:54.043+0000] {logging_mixin.py:190} INFO - [2024-10-23T04:41:54.043+0000] {dag.py:4180} INFO - Setting next_dagrun for tutorial_taskflow_api to None, run_after=None
[2024-10-23T04:41:54.066+0000] {processor.py:208} INFO - Processing /home/airflow/.local/lib/python3.12/site-packages/airflow/example_dags/tutorial_taskflow_api.py took 0.073 seconds
[2024-10-23T04:42:25.153+0000] {processor.py:186} INFO - Started process (PID=16079) to work on /home/airflow/.local/lib/python3.12/site-packages/airflow/example_dags/tutorial_taskflow_api.py
[2024-10-23T04:42:25.157+0000] {processor.py:914} INFO - Processing file /home/airflow/.local/lib/python3.12/site-packages/airflow/example_dags/tutorial_taskflow_api.py for tasks to queue
[2024-10-23T04:42:25.159+0000] {logging_mixin.py:190} INFO - [2024-10-23T04:42:25.158+0000] {dagbag.py:588} INFO - Filling up the DagBag from /home/airflow/.local/lib/python3.12/site-packages/airflow/example_dags/tutorial_taskflow_api.py
[2024-10-23T04:42:25.168+0000] {processor.py:925} INFO - DAG(s) 'tutorial_taskflow_api' retrieved from /home/airflow/.local/lib/python3.12/site-packages/airflow/example_dags/tutorial_taskflow_api.py
[2024-10-23T04:42:25.188+0000] {logging_mixin.py:190} INFO - [2024-10-23T04:42:25.187+0000] {dag.py:3239} INFO - Sync 1 DAGs
[2024-10-23T04:42:25.204+0000] {logging_mixin.py:190} INFO - [2024-10-23T04:42:25.203+0000] {dag.py:4180} INFO - Setting next_dagrun for tutorial_taskflow_api to None, run_after=None
[2024-10-23T04:42:25.227+0000] {processor.py:208} INFO - Processing /home/airflow/.local/lib/python3.12/site-packages/airflow/example_dags/tutorial_taskflow_api.py took 0.078 seconds
[2024-10-23T04:42:56.343+0000] {processor.py:186} INFO - Started process (PID=16142) to work on /home/airflow/.local/lib/python3.12/site-packages/airflow/example_dags/tutorial_taskflow_api.py
[2024-10-23T04:42:56.347+0000] {processor.py:914} INFO - Processing file /home/airflow/.local/lib/python3.12/site-packages/airflow/example_dags/tutorial_taskflow_api.py for tasks to queue
[2024-10-23T04:42:56.348+0000] {logging_mixin.py:190} INFO - [2024-10-23T04:42:56.348+0000] {dagbag.py:588} INFO - Filling up the DagBag from /home/airflow/.local/lib/python3.12/site-packages/airflow/example_dags/tutorial_taskflow_api.py
[2024-10-23T04:42:56.355+0000] {processor.py:925} INFO - DAG(s) 'tutorial_taskflow_api' retrieved from /home/airflow/.local/lib/python3.12/site-packages/airflow/example_dags/tutorial_taskflow_api.py
[2024-10-23T04:42:56.376+0000] {logging_mixin.py:190} INFO - [2024-10-23T04:42:56.375+0000] {dag.py:3239} INFO - Sync 1 DAGs
[2024-10-23T04:42:56.390+0000] {logging_mixin.py:190} INFO - [2024-10-23T04:42:56.390+0000] {dag.py:4180} INFO - Setting next_dagrun for tutorial_taskflow_api to None, run_after=None
[2024-10-23T04:42:56.402+0000] {processor.py:208} INFO - Processing /home/airflow/.local/lib/python3.12/site-packages/airflow/example_dags/tutorial_taskflow_api.py took 0.064 seconds
[2024-10-23T04:43:27.401+0000] {processor.py:186} INFO - Started process (PID=16205) to work on /home/airflow/.local/lib/python3.12/site-packages/airflow/example_dags/tutorial_taskflow_api.py
[2024-10-23T04:43:27.402+0000] {processor.py:914} INFO - Processing file /home/airflow/.local/lib/python3.12/site-packages/airflow/example_dags/tutorial_taskflow_api.py for tasks to queue
[2024-10-23T04:43:27.403+0000] {logging_mixin.py:190} INFO - [2024-10-23T04:43:27.403+0000] {dagbag.py:588} INFO - Filling up the DagBag from /home/airflow/.local/lib/python3.12/site-packages/airflow/example_dags/tutorial_taskflow_api.py
[2024-10-23T04:43:27.412+0000] {processor.py:925} INFO - DAG(s) 'tutorial_taskflow_api' retrieved from /home/airflow/.local/lib/python3.12/site-packages/airflow/example_dags/tutorial_taskflow_api.py
[2024-10-23T04:43:27.425+0000] {logging_mixin.py:190} INFO - [2024-10-23T04:43:27.425+0000] {dag.py:3239} INFO - Sync 1 DAGs
[2024-10-23T04:43:27.434+0000] {logging_mixin.py:190} INFO - [2024-10-23T04:43:27.434+0000] {dag.py:4180} INFO - Setting next_dagrun for tutorial_taskflow_api to None, run_after=None
[2024-10-23T04:43:27.447+0000] {processor.py:208} INFO - Processing /home/airflow/.local/lib/python3.12/site-packages/airflow/example_dags/tutorial_taskflow_api.py took 0.053 seconds
[2024-10-23T04:43:58.561+0000] {processor.py:186} INFO - Started process (PID=16268) to work on /home/airflow/.local/lib/python3.12/site-packages/airflow/example_dags/tutorial_taskflow_api.py
[2024-10-23T04:43:58.565+0000] {processor.py:914} INFO - Processing file /home/airflow/.local/lib/python3.12/site-packages/airflow/example_dags/tutorial_taskflow_api.py for tasks to queue
[2024-10-23T04:43:58.567+0000] {logging_mixin.py:190} INFO - [2024-10-23T04:43:58.567+0000] {dagbag.py:588} INFO - Filling up the DagBag from /home/airflow/.local/lib/python3.12/site-packages/airflow/example_dags/tutorial_taskflow_api.py
[2024-10-23T04:43:58.575+0000] {processor.py:925} INFO - DAG(s) 'tutorial_taskflow_api' retrieved from /home/airflow/.local/lib/python3.12/site-packages/airflow/example_dags/tutorial_taskflow_api.py
[2024-10-23T04:43:58.590+0000] {logging_mixin.py:190} INFO - [2024-10-23T04:43:58.590+0000] {dag.py:3239} INFO - Sync 1 DAGs
[2024-10-23T04:43:58.602+0000] {logging_mixin.py:190} INFO - [2024-10-23T04:43:58.602+0000] {dag.py:4180} INFO - Setting next_dagrun for tutorial_taskflow_api to None, run_after=None
[2024-10-23T04:43:58.615+0000] {processor.py:208} INFO - Processing /home/airflow/.local/lib/python3.12/site-packages/airflow/example_dags/tutorial_taskflow_api.py took 0.068 seconds
[2024-10-23T04:44:29.538+0000] {processor.py:186} INFO - Started process (PID=16331) to work on /home/airflow/.local/lib/python3.12/site-packages/airflow/example_dags/tutorial_taskflow_api.py
[2024-10-23T04:44:29.539+0000] {processor.py:914} INFO - Processing file /home/airflow/.local/lib/python3.12/site-packages/airflow/example_dags/tutorial_taskflow_api.py for tasks to queue
[2024-10-23T04:44:29.540+0000] {logging_mixin.py:190} INFO - [2024-10-23T04:44:29.539+0000] {dagbag.py:588} INFO - Filling up the DagBag from /home/airflow/.local/lib/python3.12/site-packages/airflow/example_dags/tutorial_taskflow_api.py
[2024-10-23T04:44:29.545+0000] {processor.py:925} INFO - DAG(s) 'tutorial_taskflow_api' retrieved from /home/airflow/.local/lib/python3.12/site-packages/airflow/example_dags/tutorial_taskflow_api.py
[2024-10-23T04:44:29.559+0000] {logging_mixin.py:190} INFO - [2024-10-23T04:44:29.559+0000] {dag.py:3239} INFO - Sync 1 DAGs
[2024-10-23T04:44:29.569+0000] {logging_mixin.py:190} INFO - [2024-10-23T04:44:29.569+0000] {dag.py:4180} INFO - Setting next_dagrun for tutorial_taskflow_api to None, run_after=None
[2024-10-23T04:44:29.581+0000] {processor.py:208} INFO - Processing /home/airflow/.local/lib/python3.12/site-packages/airflow/example_dags/tutorial_taskflow_api.py took 0.048 seconds
[2024-10-23T04:45:00.788+0000] {processor.py:186} INFO - Started process (PID=16394) to work on /home/airflow/.local/lib/python3.12/site-packages/airflow/example_dags/tutorial_taskflow_api.py
[2024-10-23T04:45:00.793+0000] {processor.py:914} INFO - Processing file /home/airflow/.local/lib/python3.12/site-packages/airflow/example_dags/tutorial_taskflow_api.py for tasks to queue
[2024-10-23T04:45:00.794+0000] {logging_mixin.py:190} INFO - [2024-10-23T04:45:00.794+0000] {dagbag.py:588} INFO - Filling up the DagBag from /home/airflow/.local/lib/python3.12/site-packages/airflow/example_dags/tutorial_taskflow_api.py
[2024-10-23T04:45:00.801+0000] {processor.py:925} INFO - DAG(s) 'tutorial_taskflow_api' retrieved from /home/airflow/.local/lib/python3.12/site-packages/airflow/example_dags/tutorial_taskflow_api.py
[2024-10-23T04:45:00.818+0000] {logging_mixin.py:190} INFO - [2024-10-23T04:45:00.817+0000] {dag.py:3239} INFO - Sync 1 DAGs
[2024-10-23T04:45:00.827+0000] {logging_mixin.py:190} INFO - [2024-10-23T04:45:00.827+0000] {dag.py:4180} INFO - Setting next_dagrun for tutorial_taskflow_api to None, run_after=None
[2024-10-23T04:45:00.839+0000] {processor.py:208} INFO - Processing /home/airflow/.local/lib/python3.12/site-packages/airflow/example_dags/tutorial_taskflow_api.py took 0.058 seconds
[2024-10-23T04:45:32.015+0000] {processor.py:186} INFO - Started process (PID=16457) to work on /home/airflow/.local/lib/python3.12/site-packages/airflow/example_dags/tutorial_taskflow_api.py
[2024-10-23T04:45:32.017+0000] {processor.py:914} INFO - Processing file /home/airflow/.local/lib/python3.12/site-packages/airflow/example_dags/tutorial_taskflow_api.py for tasks to queue
[2024-10-23T04:45:32.017+0000] {logging_mixin.py:190} INFO - [2024-10-23T04:45:32.017+0000] {dagbag.py:588} INFO - Filling up the DagBag from /home/airflow/.local/lib/python3.12/site-packages/airflow/example_dags/tutorial_taskflow_api.py
[2024-10-23T04:45:32.024+0000] {processor.py:925} INFO - DAG(s) 'tutorial_taskflow_api' retrieved from /home/airflow/.local/lib/python3.12/site-packages/airflow/example_dags/tutorial_taskflow_api.py
[2024-10-23T04:45:32.038+0000] {logging_mixin.py:190} INFO - [2024-10-23T04:45:32.038+0000] {dag.py:3239} INFO - Sync 1 DAGs
[2024-10-23T04:45:32.050+0000] {logging_mixin.py:190} INFO - [2024-10-23T04:45:32.050+0000] {dag.py:4180} INFO - Setting next_dagrun for tutorial_taskflow_api to None, run_after=None
[2024-10-23T04:45:32.064+0000] {processor.py:208} INFO - Processing /home/airflow/.local/lib/python3.12/site-packages/airflow/example_dags/tutorial_taskflow_api.py took 0.053 seconds
[2024-10-23T07:12:06.130+0000] {processor.py:186} INFO - Started process (PID=34468) to work on /home/airflow/.local/lib/python3.12/site-packages/airflow/example_dags/tutorial_taskflow_api.py
[2024-10-23T07:12:06.131+0000] {processor.py:914} INFO - Processing file /home/airflow/.local/lib/python3.12/site-packages/airflow/example_dags/tutorial_taskflow_api.py for tasks to queue
[2024-10-23T07:12:06.132+0000] {logging_mixin.py:190} INFO - [2024-10-23T07:12:06.131+0000] {dagbag.py:588} INFO - Filling up the DagBag from /home/airflow/.local/lib/python3.12/site-packages/airflow/example_dags/tutorial_taskflow_api.py
[2024-10-23T07:12:06.138+0000] {processor.py:925} INFO - DAG(s) 'tutorial_taskflow_api' retrieved from /home/airflow/.local/lib/python3.12/site-packages/airflow/example_dags/tutorial_taskflow_api.py
[2024-10-23T07:12:06.158+0000] {logging_mixin.py:190} INFO - [2024-10-23T07:12:06.158+0000] {dag.py:3239} INFO - Sync 1 DAGs
[2024-10-23T07:12:06.168+0000] {logging_mixin.py:190} INFO - [2024-10-23T07:12:06.167+0000] {dag.py:4180} INFO - Setting next_dagrun for tutorial_taskflow_api to None, run_after=None
[2024-10-23T07:12:06.182+0000] {processor.py:208} INFO - Processing /home/airflow/.local/lib/python3.12/site-packages/airflow/example_dags/tutorial_taskflow_api.py took 0.058 seconds
[2024-10-23T07:12:36.366+0000] {processor.py:186} INFO - Started process (PID=34531) to work on /home/airflow/.local/lib/python3.12/site-packages/airflow/example_dags/tutorial_taskflow_api.py
[2024-10-23T07:12:36.367+0000] {processor.py:914} INFO - Processing file /home/airflow/.local/lib/python3.12/site-packages/airflow/example_dags/tutorial_taskflow_api.py for tasks to queue
[2024-10-23T07:12:36.368+0000] {logging_mixin.py:190} INFO - [2024-10-23T07:12:36.368+0000] {dagbag.py:588} INFO - Filling up the DagBag from /home/airflow/.local/lib/python3.12/site-packages/airflow/example_dags/tutorial_taskflow_api.py
[2024-10-23T07:12:36.377+0000] {processor.py:925} INFO - DAG(s) 'tutorial_taskflow_api' retrieved from /home/airflow/.local/lib/python3.12/site-packages/airflow/example_dags/tutorial_taskflow_api.py
[2024-10-23T07:12:36.392+0000] {logging_mixin.py:190} INFO - [2024-10-23T07:12:36.391+0000] {dag.py:3239} INFO - Sync 1 DAGs
[2024-10-23T07:12:36.402+0000] {logging_mixin.py:190} INFO - [2024-10-23T07:12:36.402+0000] {dag.py:4180} INFO - Setting next_dagrun for tutorial_taskflow_api to None, run_after=None
[2024-10-23T07:12:36.413+0000] {processor.py:208} INFO - Processing /home/airflow/.local/lib/python3.12/site-packages/airflow/example_dags/tutorial_taskflow_api.py took 0.054 seconds
[2024-10-23T07:13:07.673+0000] {processor.py:186} INFO - Started process (PID=34594) to work on /home/airflow/.local/lib/python3.12/site-packages/airflow/example_dags/tutorial_taskflow_api.py
[2024-10-23T07:13:07.675+0000] {processor.py:914} INFO - Processing file /home/airflow/.local/lib/python3.12/site-packages/airflow/example_dags/tutorial_taskflow_api.py for tasks to queue
[2024-10-23T07:13:07.677+0000] {logging_mixin.py:190} INFO - [2024-10-23T07:13:07.677+0000] {dagbag.py:588} INFO - Filling up the DagBag from /home/airflow/.local/lib/python3.12/site-packages/airflow/example_dags/tutorial_taskflow_api.py
[2024-10-23T07:13:07.686+0000] {processor.py:925} INFO - DAG(s) 'tutorial_taskflow_api' retrieved from /home/airflow/.local/lib/python3.12/site-packages/airflow/example_dags/tutorial_taskflow_api.py
[2024-10-23T07:13:07.701+0000] {logging_mixin.py:190} INFO - [2024-10-23T07:13:07.701+0000] {dag.py:3239} INFO - Sync 1 DAGs
[2024-10-23T07:13:07.717+0000] {logging_mixin.py:190} INFO - [2024-10-23T07:13:07.716+0000] {dag.py:4180} INFO - Setting next_dagrun for tutorial_taskflow_api to None, run_after=None
[2024-10-23T07:13:07.729+0000] {processor.py:208} INFO - Processing /home/airflow/.local/lib/python3.12/site-packages/airflow/example_dags/tutorial_taskflow_api.py took 0.064 seconds
[2024-10-23T07:13:38.307+0000] {processor.py:186} INFO - Started process (PID=34657) to work on /home/airflow/.local/lib/python3.12/site-packages/airflow/example_dags/tutorial_taskflow_api.py
[2024-10-23T07:13:38.308+0000] {processor.py:914} INFO - Processing file /home/airflow/.local/lib/python3.12/site-packages/airflow/example_dags/tutorial_taskflow_api.py for tasks to queue
[2024-10-23T07:13:38.311+0000] {logging_mixin.py:190} INFO - [2024-10-23T07:13:38.311+0000] {dagbag.py:588} INFO - Filling up the DagBag from /home/airflow/.local/lib/python3.12/site-packages/airflow/example_dags/tutorial_taskflow_api.py
[2024-10-23T07:13:38.317+0000] {processor.py:925} INFO - DAG(s) 'tutorial_taskflow_api' retrieved from /home/airflow/.local/lib/python3.12/site-packages/airflow/example_dags/tutorial_taskflow_api.py
[2024-10-23T07:13:38.332+0000] {logging_mixin.py:190} INFO - [2024-10-23T07:13:38.332+0000] {dag.py:3239} INFO - Sync 1 DAGs
[2024-10-23T07:13:38.341+0000] {logging_mixin.py:190} INFO - [2024-10-23T07:13:38.341+0000] {dag.py:4180} INFO - Setting next_dagrun for tutorial_taskflow_api to None, run_after=None
[2024-10-23T07:13:38.355+0000] {processor.py:208} INFO - Processing /home/airflow/.local/lib/python3.12/site-packages/airflow/example_dags/tutorial_taskflow_api.py took 0.053 seconds
[2024-10-23T07:14:08.721+0000] {processor.py:186} INFO - Started process (PID=34720) to work on /home/airflow/.local/lib/python3.12/site-packages/airflow/example_dags/tutorial_taskflow_api.py
[2024-10-23T07:14:08.725+0000] {processor.py:914} INFO - Processing file /home/airflow/.local/lib/python3.12/site-packages/airflow/example_dags/tutorial_taskflow_api.py for tasks to queue
[2024-10-23T07:14:08.726+0000] {logging_mixin.py:190} INFO - [2024-10-23T07:14:08.726+0000] {dagbag.py:588} INFO - Filling up the DagBag from /home/airflow/.local/lib/python3.12/site-packages/airflow/example_dags/tutorial_taskflow_api.py
[2024-10-23T07:14:08.732+0000] {processor.py:925} INFO - DAG(s) 'tutorial_taskflow_api' retrieved from /home/airflow/.local/lib/python3.12/site-packages/airflow/example_dags/tutorial_taskflow_api.py
[2024-10-23T07:14:08.745+0000] {logging_mixin.py:190} INFO - [2024-10-23T07:14:08.745+0000] {dag.py:3239} INFO - Sync 1 DAGs
[2024-10-23T07:14:08.755+0000] {logging_mixin.py:190} INFO - [2024-10-23T07:14:08.755+0000] {dag.py:4180} INFO - Setting next_dagrun for tutorial_taskflow_api to None, run_after=None
[2024-10-23T07:14:08.767+0000] {processor.py:208} INFO - Processing /home/airflow/.local/lib/python3.12/site-packages/airflow/example_dags/tutorial_taskflow_api.py took 0.050 seconds
[2024-10-23T07:14:39.738+0000] {processor.py:186} INFO - Started process (PID=34783) to work on /home/airflow/.local/lib/python3.12/site-packages/airflow/example_dags/tutorial_taskflow_api.py
[2024-10-23T07:14:39.740+0000] {processor.py:914} INFO - Processing file /home/airflow/.local/lib/python3.12/site-packages/airflow/example_dags/tutorial_taskflow_api.py for tasks to queue
[2024-10-23T07:14:39.742+0000] {logging_mixin.py:190} INFO - [2024-10-23T07:14:39.741+0000] {dagbag.py:588} INFO - Filling up the DagBag from /home/airflow/.local/lib/python3.12/site-packages/airflow/example_dags/tutorial_taskflow_api.py
[2024-10-23T07:14:39.750+0000] {processor.py:925} INFO - DAG(s) 'tutorial_taskflow_api' retrieved from /home/airflow/.local/lib/python3.12/site-packages/airflow/example_dags/tutorial_taskflow_api.py
[2024-10-23T07:14:39.767+0000] {logging_mixin.py:190} INFO - [2024-10-23T07:14:39.767+0000] {dag.py:3239} INFO - Sync 1 DAGs
[2024-10-23T07:14:39.916+0000] {logging_mixin.py:190} INFO - [2024-10-23T07:14:39.916+0000] {dag.py:4180} INFO - Setting next_dagrun for tutorial_taskflow_api to None, run_after=None
[2024-10-23T07:14:39.928+0000] {processor.py:208} INFO - Processing /home/airflow/.local/lib/python3.12/site-packages/airflow/example_dags/tutorial_taskflow_api.py took 0.197 seconds
[2024-10-23T07:15:10.540+0000] {processor.py:186} INFO - Started process (PID=34846) to work on /home/airflow/.local/lib/python3.12/site-packages/airflow/example_dags/tutorial_taskflow_api.py
[2024-10-23T07:15:10.541+0000] {processor.py:914} INFO - Processing file /home/airflow/.local/lib/python3.12/site-packages/airflow/example_dags/tutorial_taskflow_api.py for tasks to queue
[2024-10-23T07:15:10.543+0000] {logging_mixin.py:190} INFO - [2024-10-23T07:15:10.542+0000] {dagbag.py:588} INFO - Filling up the DagBag from /home/airflow/.local/lib/python3.12/site-packages/airflow/example_dags/tutorial_taskflow_api.py
[2024-10-23T07:15:10.554+0000] {processor.py:925} INFO - DAG(s) 'tutorial_taskflow_api' retrieved from /home/airflow/.local/lib/python3.12/site-packages/airflow/example_dags/tutorial_taskflow_api.py
[2024-10-23T07:15:10.583+0000] {logging_mixin.py:190} INFO - [2024-10-23T07:15:10.582+0000] {dag.py:3239} INFO - Sync 1 DAGs
[2024-10-23T07:15:10.626+0000] {logging_mixin.py:190} INFO - [2024-10-23T07:15:10.625+0000] {dag.py:4180} INFO - Setting next_dagrun for tutorial_taskflow_api to None, run_after=None
[2024-10-23T07:15:11.033+0000] {processor.py:208} INFO - Processing /home/airflow/.local/lib/python3.12/site-packages/airflow/example_dags/tutorial_taskflow_api.py took 0.501 seconds
[2024-10-23T07:15:41.231+0000] {processor.py:186} INFO - Started process (PID=34909) to work on /home/airflow/.local/lib/python3.12/site-packages/airflow/example_dags/tutorial_taskflow_api.py
[2024-10-23T07:15:41.232+0000] {processor.py:914} INFO - Processing file /home/airflow/.local/lib/python3.12/site-packages/airflow/example_dags/tutorial_taskflow_api.py for tasks to queue
[2024-10-23T07:15:41.233+0000] {logging_mixin.py:190} INFO - [2024-10-23T07:15:41.233+0000] {dagbag.py:588} INFO - Filling up the DagBag from /home/airflow/.local/lib/python3.12/site-packages/airflow/example_dags/tutorial_taskflow_api.py
[2024-10-23T07:15:41.239+0000] {processor.py:925} INFO - DAG(s) 'tutorial_taskflow_api' retrieved from /home/airflow/.local/lib/python3.12/site-packages/airflow/example_dags/tutorial_taskflow_api.py
[2024-10-23T07:15:41.253+0000] {logging_mixin.py:190} INFO - [2024-10-23T07:15:41.253+0000] {dag.py:3239} INFO - Sync 1 DAGs
[2024-10-23T07:15:41.262+0000] {logging_mixin.py:190} INFO - [2024-10-23T07:15:41.262+0000] {dag.py:4180} INFO - Setting next_dagrun for tutorial_taskflow_api to None, run_after=None
[2024-10-23T07:15:41.273+0000] {processor.py:208} INFO - Processing /home/airflow/.local/lib/python3.12/site-packages/airflow/example_dags/tutorial_taskflow_api.py took 0.047 seconds
[2024-10-23T07:16:11.368+0000] {processor.py:186} INFO - Started process (PID=34972) to work on /home/airflow/.local/lib/python3.12/site-packages/airflow/example_dags/tutorial_taskflow_api.py
[2024-10-23T07:16:11.370+0000] {processor.py:914} INFO - Processing file /home/airflow/.local/lib/python3.12/site-packages/airflow/example_dags/tutorial_taskflow_api.py for tasks to queue
[2024-10-23T07:16:11.371+0000] {logging_mixin.py:190} INFO - [2024-10-23T07:16:11.371+0000] {dagbag.py:588} INFO - Filling up the DagBag from /home/airflow/.local/lib/python3.12/site-packages/airflow/example_dags/tutorial_taskflow_api.py
[2024-10-23T07:16:11.383+0000] {processor.py:925} INFO - DAG(s) 'tutorial_taskflow_api' retrieved from /home/airflow/.local/lib/python3.12/site-packages/airflow/example_dags/tutorial_taskflow_api.py
[2024-10-23T07:16:11.405+0000] {logging_mixin.py:190} INFO - [2024-10-23T07:16:11.405+0000] {dag.py:3239} INFO - Sync 1 DAGs
[2024-10-23T07:16:11.419+0000] {logging_mixin.py:190} INFO - [2024-10-23T07:16:11.419+0000] {dag.py:4180} INFO - Setting next_dagrun for tutorial_taskflow_api to None, run_after=None
[2024-10-23T07:16:11.433+0000] {processor.py:208} INFO - Processing /home/airflow/.local/lib/python3.12/site-packages/airflow/example_dags/tutorial_taskflow_api.py took 0.074 seconds
[2024-10-23T07:16:42.211+0000] {processor.py:186} INFO - Started process (PID=35035) to work on /home/airflow/.local/lib/python3.12/site-packages/airflow/example_dags/tutorial_taskflow_api.py
[2024-10-23T07:16:42.213+0000] {processor.py:914} INFO - Processing file /home/airflow/.local/lib/python3.12/site-packages/airflow/example_dags/tutorial_taskflow_api.py for tasks to queue
[2024-10-23T07:16:42.216+0000] {logging_mixin.py:190} INFO - [2024-10-23T07:16:42.215+0000] {dagbag.py:588} INFO - Filling up the DagBag from /home/airflow/.local/lib/python3.12/site-packages/airflow/example_dags/tutorial_taskflow_api.py
[2024-10-23T07:16:42.223+0000] {processor.py:925} INFO - DAG(s) 'tutorial_taskflow_api' retrieved from /home/airflow/.local/lib/python3.12/site-packages/airflow/example_dags/tutorial_taskflow_api.py
[2024-10-23T07:16:42.240+0000] {logging_mixin.py:190} INFO - [2024-10-23T07:16:42.240+0000] {dag.py:3239} INFO - Sync 1 DAGs
[2024-10-23T07:16:42.253+0000] {logging_mixin.py:190} INFO - [2024-10-23T07:16:42.253+0000] {dag.py:4180} INFO - Setting next_dagrun for tutorial_taskflow_api to None, run_after=None
[2024-10-23T07:16:42.263+0000] {processor.py:208} INFO - Processing /home/airflow/.local/lib/python3.12/site-packages/airflow/example_dags/tutorial_taskflow_api.py took 0.057 seconds
[2024-10-23T07:17:13.113+0000] {processor.py:186} INFO - Started process (PID=35098) to work on /home/airflow/.local/lib/python3.12/site-packages/airflow/example_dags/tutorial_taskflow_api.py
[2024-10-23T07:17:13.115+0000] {processor.py:914} INFO - Processing file /home/airflow/.local/lib/python3.12/site-packages/airflow/example_dags/tutorial_taskflow_api.py for tasks to queue
[2024-10-23T07:17:13.119+0000] {logging_mixin.py:190} INFO - [2024-10-23T07:17:13.119+0000] {dagbag.py:588} INFO - Filling up the DagBag from /home/airflow/.local/lib/python3.12/site-packages/airflow/example_dags/tutorial_taskflow_api.py
[2024-10-23T07:17:13.128+0000] {processor.py:925} INFO - DAG(s) 'tutorial_taskflow_api' retrieved from /home/airflow/.local/lib/python3.12/site-packages/airflow/example_dags/tutorial_taskflow_api.py
[2024-10-23T07:17:13.167+0000] {logging_mixin.py:190} INFO - [2024-10-23T07:17:13.167+0000] {dag.py:3239} INFO - Sync 1 DAGs
[2024-10-23T07:17:13.183+0000] {logging_mixin.py:190} INFO - [2024-10-23T07:17:13.183+0000] {dag.py:4180} INFO - Setting next_dagrun for tutorial_taskflow_api to None, run_after=None
[2024-10-23T07:17:13.199+0000] {processor.py:208} INFO - Processing /home/airflow/.local/lib/python3.12/site-packages/airflow/example_dags/tutorial_taskflow_api.py took 0.094 seconds
[2024-10-23T07:17:43.898+0000] {processor.py:186} INFO - Started process (PID=35161) to work on /home/airflow/.local/lib/python3.12/site-packages/airflow/example_dags/tutorial_taskflow_api.py
[2024-10-23T07:17:43.899+0000] {processor.py:914} INFO - Processing file /home/airflow/.local/lib/python3.12/site-packages/airflow/example_dags/tutorial_taskflow_api.py for tasks to queue
[2024-10-23T07:17:43.900+0000] {logging_mixin.py:190} INFO - [2024-10-23T07:17:43.900+0000] {dagbag.py:588} INFO - Filling up the DagBag from /home/airflow/.local/lib/python3.12/site-packages/airflow/example_dags/tutorial_taskflow_api.py
[2024-10-23T07:17:43.907+0000] {processor.py:925} INFO - DAG(s) 'tutorial_taskflow_api' retrieved from /home/airflow/.local/lib/python3.12/site-packages/airflow/example_dags/tutorial_taskflow_api.py
[2024-10-23T07:17:43.926+0000] {logging_mixin.py:190} INFO - [2024-10-23T07:17:43.926+0000] {dag.py:3239} INFO - Sync 1 DAGs
[2024-10-23T07:17:43.938+0000] {logging_mixin.py:190} INFO - [2024-10-23T07:17:43.938+0000] {dag.py:4180} INFO - Setting next_dagrun for tutorial_taskflow_api to None, run_after=None
[2024-10-23T07:17:43.948+0000] {processor.py:208} INFO - Processing /home/airflow/.local/lib/python3.12/site-packages/airflow/example_dags/tutorial_taskflow_api.py took 0.055 seconds
[2024-10-23T07:18:14.316+0000] {processor.py:186} INFO - Started process (PID=35224) to work on /home/airflow/.local/lib/python3.12/site-packages/airflow/example_dags/tutorial_taskflow_api.py
[2024-10-23T07:18:14.320+0000] {processor.py:914} INFO - Processing file /home/airflow/.local/lib/python3.12/site-packages/airflow/example_dags/tutorial_taskflow_api.py for tasks to queue
[2024-10-23T07:18:14.323+0000] {logging_mixin.py:190} INFO - [2024-10-23T07:18:14.322+0000] {dagbag.py:588} INFO - Filling up the DagBag from /home/airflow/.local/lib/python3.12/site-packages/airflow/example_dags/tutorial_taskflow_api.py
[2024-10-23T07:18:14.330+0000] {processor.py:925} INFO - DAG(s) 'tutorial_taskflow_api' retrieved from /home/airflow/.local/lib/python3.12/site-packages/airflow/example_dags/tutorial_taskflow_api.py
[2024-10-23T07:18:14.348+0000] {logging_mixin.py:190} INFO - [2024-10-23T07:18:14.348+0000] {dag.py:3239} INFO - Sync 1 DAGs
[2024-10-23T07:18:14.359+0000] {logging_mixin.py:190} INFO - [2024-10-23T07:18:14.359+0000] {dag.py:4180} INFO - Setting next_dagrun for tutorial_taskflow_api to None, run_after=None
[2024-10-23T07:18:14.371+0000] {processor.py:208} INFO - Processing /home/airflow/.local/lib/python3.12/site-packages/airflow/example_dags/tutorial_taskflow_api.py took 0.059 seconds
[2024-10-23T07:18:45.147+0000] {processor.py:186} INFO - Started process (PID=35287) to work on /home/airflow/.local/lib/python3.12/site-packages/airflow/example_dags/tutorial_taskflow_api.py
[2024-10-23T07:18:45.148+0000] {processor.py:914} INFO - Processing file /home/airflow/.local/lib/python3.12/site-packages/airflow/example_dags/tutorial_taskflow_api.py for tasks to queue
[2024-10-23T07:18:45.150+0000] {logging_mixin.py:190} INFO - [2024-10-23T07:18:45.149+0000] {dagbag.py:588} INFO - Filling up the DagBag from /home/airflow/.local/lib/python3.12/site-packages/airflow/example_dags/tutorial_taskflow_api.py
[2024-10-23T07:18:45.157+0000] {processor.py:925} INFO - DAG(s) 'tutorial_taskflow_api' retrieved from /home/airflow/.local/lib/python3.12/site-packages/airflow/example_dags/tutorial_taskflow_api.py
[2024-10-23T07:18:45.172+0000] {logging_mixin.py:190} INFO - [2024-10-23T07:18:45.172+0000] {dag.py:3239} INFO - Sync 1 DAGs
[2024-10-23T07:18:45.183+0000] {logging_mixin.py:190} INFO - [2024-10-23T07:18:45.183+0000] {dag.py:4180} INFO - Setting next_dagrun for tutorial_taskflow_api to None, run_after=None
[2024-10-23T07:18:45.193+0000] {processor.py:208} INFO - Processing /home/airflow/.local/lib/python3.12/site-packages/airflow/example_dags/tutorial_taskflow_api.py took 0.051 seconds
[2024-10-23T07:19:15.749+0000] {processor.py:186} INFO - Started process (PID=35351) to work on /home/airflow/.local/lib/python3.12/site-packages/airflow/example_dags/tutorial_taskflow_api.py
[2024-10-23T07:19:15.749+0000] {processor.py:914} INFO - Processing file /home/airflow/.local/lib/python3.12/site-packages/airflow/example_dags/tutorial_taskflow_api.py for tasks to queue
[2024-10-23T07:19:15.750+0000] {logging_mixin.py:190} INFO - [2024-10-23T07:19:15.750+0000] {dagbag.py:588} INFO - Filling up the DagBag from /home/airflow/.local/lib/python3.12/site-packages/airflow/example_dags/tutorial_taskflow_api.py
[2024-10-23T07:19:15.757+0000] {processor.py:925} INFO - DAG(s) 'tutorial_taskflow_api' retrieved from /home/airflow/.local/lib/python3.12/site-packages/airflow/example_dags/tutorial_taskflow_api.py
[2024-10-23T07:19:15.769+0000] {logging_mixin.py:190} INFO - [2024-10-23T07:19:15.769+0000] {dag.py:3239} INFO - Sync 1 DAGs
[2024-10-23T07:19:15.779+0000] {logging_mixin.py:190} INFO - [2024-10-23T07:19:15.779+0000] {dag.py:4180} INFO - Setting next_dagrun for tutorial_taskflow_api to None, run_after=None
[2024-10-23T07:19:15.789+0000] {processor.py:208} INFO - Processing /home/airflow/.local/lib/python3.12/site-packages/airflow/example_dags/tutorial_taskflow_api.py took 0.047 seconds
[2024-10-23T07:19:46.417+0000] {processor.py:186} INFO - Started process (PID=35416) to work on /home/airflow/.local/lib/python3.12/site-packages/airflow/example_dags/tutorial_taskflow_api.py
[2024-10-23T07:19:46.418+0000] {processor.py:914} INFO - Processing file /home/airflow/.local/lib/python3.12/site-packages/airflow/example_dags/tutorial_taskflow_api.py for tasks to queue
[2024-10-23T07:19:46.419+0000] {logging_mixin.py:190} INFO - [2024-10-23T07:19:46.419+0000] {dagbag.py:588} INFO - Filling up the DagBag from /home/airflow/.local/lib/python3.12/site-packages/airflow/example_dags/tutorial_taskflow_api.py
[2024-10-23T07:19:46.427+0000] {processor.py:925} INFO - DAG(s) 'tutorial_taskflow_api' retrieved from /home/airflow/.local/lib/python3.12/site-packages/airflow/example_dags/tutorial_taskflow_api.py
[2024-10-23T07:19:46.444+0000] {logging_mixin.py:190} INFO - [2024-10-23T07:19:46.444+0000] {dag.py:3239} INFO - Sync 1 DAGs
[2024-10-23T07:19:46.456+0000] {logging_mixin.py:190} INFO - [2024-10-23T07:19:46.456+0000] {dag.py:4180} INFO - Setting next_dagrun for tutorial_taskflow_api to None, run_after=None
[2024-10-23T07:19:46.466+0000] {processor.py:208} INFO - Processing /home/airflow/.local/lib/python3.12/site-packages/airflow/example_dags/tutorial_taskflow_api.py took 0.056 seconds
