[2024-10-23T02:32:07.340+0000] {processor.py:186} INFO - Started process (PID=13744) to work on /home/airflow/.local/lib/python3.12/site-packages/airflow/example_dags/tutorial_dag.py
[2024-10-23T02:32:07.343+0000] {processor.py:914} INFO - Processing file /home/airflow/.local/lib/python3.12/site-packages/airflow/example_dags/tutorial_dag.py for tasks to queue
[2024-10-23T02:32:07.345+0000] {logging_mixin.py:190} INFO - [2024-10-23T02:32:07.345+0000] {dagbag.py:588} INFO - Filling up the DagBag from /home/airflow/.local/lib/python3.12/site-packages/airflow/example_dags/tutorial_dag.py
[2024-10-23T02:32:07.356+0000] {processor.py:925} INFO - DAG(s) 'tutorial_dag' retrieved from /home/airflow/.local/lib/python3.12/site-packages/airflow/example_dags/tutorial_dag.py
[2024-10-23T02:32:07.402+0000] {logging_mixin.py:190} INFO - [2024-10-23T02:32:07.401+0000] {dag.py:3239} INFO - Sync 1 DAGs
[2024-10-23T02:32:07.426+0000] {logging_mixin.py:190} INFO - [2024-10-23T02:32:07.425+0000] {dag.py:4180} INFO - Setting next_dagrun for tutorial_dag to None, run_after=None
[2024-10-23T02:32:07.450+0000] {processor.py:208} INFO - Processing /home/airflow/.local/lib/python3.12/site-packages/airflow/example_dags/tutorial_dag.py took 0.117 seconds
[2024-10-23T04:23:45.170+0000] {processor.py:186} INFO - Started process (PID=13807) to work on /home/airflow/.local/lib/python3.12/site-packages/airflow/example_dags/tutorial_dag.py
[2024-10-23T04:23:45.171+0000] {processor.py:914} INFO - Processing file /home/airflow/.local/lib/python3.12/site-packages/airflow/example_dags/tutorial_dag.py for tasks to queue
[2024-10-23T04:23:45.176+0000] {logging_mixin.py:190} INFO - [2024-10-23T04:23:45.174+0000] {dagbag.py:588} INFO - Filling up the DagBag from /home/airflow/.local/lib/python3.12/site-packages/airflow/example_dags/tutorial_dag.py
[2024-10-23T04:23:45.191+0000] {processor.py:925} INFO - DAG(s) 'tutorial_dag' retrieved from /home/airflow/.local/lib/python3.12/site-packages/airflow/example_dags/tutorial_dag.py
[2024-10-23T04:23:45.212+0000] {logging_mixin.py:190} INFO - [2024-10-23T04:23:45.212+0000] {dag.py:3239} INFO - Sync 1 DAGs
[2024-10-23T04:23:45.238+0000] {logging_mixin.py:190} INFO - [2024-10-23T04:23:45.238+0000] {dag.py:4180} INFO - Setting next_dagrun for tutorial_dag to None, run_after=None
[2024-10-23T04:23:45.261+0000] {processor.py:208} INFO - Processing /home/airflow/.local/lib/python3.12/site-packages/airflow/example_dags/tutorial_dag.py took 0.096 seconds
[2024-10-23T04:24:16.423+0000] {processor.py:186} INFO - Started process (PID=13870) to work on /home/airflow/.local/lib/python3.12/site-packages/airflow/example_dags/tutorial_dag.py
[2024-10-23T04:24:16.424+0000] {processor.py:914} INFO - Processing file /home/airflow/.local/lib/python3.12/site-packages/airflow/example_dags/tutorial_dag.py for tasks to queue
[2024-10-23T04:24:16.428+0000] {logging_mixin.py:190} INFO - [2024-10-23T04:24:16.427+0000] {dagbag.py:588} INFO - Filling up the DagBag from /home/airflow/.local/lib/python3.12/site-packages/airflow/example_dags/tutorial_dag.py
[2024-10-23T04:24:16.434+0000] {processor.py:925} INFO - DAG(s) 'tutorial_dag' retrieved from /home/airflow/.local/lib/python3.12/site-packages/airflow/example_dags/tutorial_dag.py
[2024-10-23T04:24:16.449+0000] {logging_mixin.py:190} INFO - [2024-10-23T04:24:16.449+0000] {dag.py:3239} INFO - Sync 1 DAGs
[2024-10-23T04:24:16.460+0000] {logging_mixin.py:190} INFO - [2024-10-23T04:24:16.460+0000] {dag.py:4180} INFO - Setting next_dagrun for tutorial_dag to None, run_after=None
[2024-10-23T04:24:16.480+0000] {processor.py:208} INFO - Processing /home/airflow/.local/lib/python3.12/site-packages/airflow/example_dags/tutorial_dag.py took 0.063 seconds
[2024-10-23T04:24:46.930+0000] {processor.py:186} INFO - Started process (PID=13933) to work on /home/airflow/.local/lib/python3.12/site-packages/airflow/example_dags/tutorial_dag.py
[2024-10-23T04:24:46.930+0000] {processor.py:914} INFO - Processing file /home/airflow/.local/lib/python3.12/site-packages/airflow/example_dags/tutorial_dag.py for tasks to queue
[2024-10-23T04:24:46.932+0000] {logging_mixin.py:190} INFO - [2024-10-23T04:24:46.931+0000] {dagbag.py:588} INFO - Filling up the DagBag from /home/airflow/.local/lib/python3.12/site-packages/airflow/example_dags/tutorial_dag.py
[2024-10-23T04:24:46.941+0000] {processor.py:925} INFO - DAG(s) 'tutorial_dag' retrieved from /home/airflow/.local/lib/python3.12/site-packages/airflow/example_dags/tutorial_dag.py
[2024-10-23T04:24:46.968+0000] {logging_mixin.py:190} INFO - [2024-10-23T04:24:46.968+0000] {dag.py:3239} INFO - Sync 1 DAGs
[2024-10-23T04:24:46.982+0000] {logging_mixin.py:190} INFO - [2024-10-23T04:24:46.982+0000] {dag.py:4180} INFO - Setting next_dagrun for tutorial_dag to None, run_after=None
[2024-10-23T04:24:47.000+0000] {processor.py:208} INFO - Processing /home/airflow/.local/lib/python3.12/site-packages/airflow/example_dags/tutorial_dag.py took 0.077 seconds
[2024-10-23T04:25:17.387+0000] {processor.py:186} INFO - Started process (PID=13996) to work on /home/airflow/.local/lib/python3.12/site-packages/airflow/example_dags/tutorial_dag.py
[2024-10-23T04:25:17.389+0000] {processor.py:914} INFO - Processing file /home/airflow/.local/lib/python3.12/site-packages/airflow/example_dags/tutorial_dag.py for tasks to queue
[2024-10-23T04:25:17.392+0000] {logging_mixin.py:190} INFO - [2024-10-23T04:25:17.392+0000] {dagbag.py:588} INFO - Filling up the DagBag from /home/airflow/.local/lib/python3.12/site-packages/airflow/example_dags/tutorial_dag.py
[2024-10-23T04:25:17.397+0000] {processor.py:925} INFO - DAG(s) 'tutorial_dag' retrieved from /home/airflow/.local/lib/python3.12/site-packages/airflow/example_dags/tutorial_dag.py
[2024-10-23T04:25:17.416+0000] {logging_mixin.py:190} INFO - [2024-10-23T04:25:17.415+0000] {dag.py:3239} INFO - Sync 1 DAGs
[2024-10-23T04:25:17.425+0000] {logging_mixin.py:190} INFO - [2024-10-23T04:25:17.425+0000] {dag.py:4180} INFO - Setting next_dagrun for tutorial_dag to None, run_after=None
[2024-10-23T04:25:17.435+0000] {processor.py:208} INFO - Processing /home/airflow/.local/lib/python3.12/site-packages/airflow/example_dags/tutorial_dag.py took 0.053 seconds
[2024-10-23T04:25:48.143+0000] {processor.py:186} INFO - Started process (PID=14058) to work on /home/airflow/.local/lib/python3.12/site-packages/airflow/example_dags/tutorial_dag.py
[2024-10-23T04:25:48.144+0000] {processor.py:914} INFO - Processing file /home/airflow/.local/lib/python3.12/site-packages/airflow/example_dags/tutorial_dag.py for tasks to queue
[2024-10-23T04:25:48.145+0000] {logging_mixin.py:190} INFO - [2024-10-23T04:25:48.144+0000] {dagbag.py:588} INFO - Filling up the DagBag from /home/airflow/.local/lib/python3.12/site-packages/airflow/example_dags/tutorial_dag.py
[2024-10-23T04:25:48.149+0000] {processor.py:925} INFO - DAG(s) 'tutorial_dag' retrieved from /home/airflow/.local/lib/python3.12/site-packages/airflow/example_dags/tutorial_dag.py
[2024-10-23T04:25:48.161+0000] {logging_mixin.py:190} INFO - [2024-10-23T04:25:48.161+0000] {dag.py:3239} INFO - Sync 1 DAGs
[2024-10-23T04:25:48.170+0000] {logging_mixin.py:190} INFO - [2024-10-23T04:25:48.170+0000] {dag.py:4180} INFO - Setting next_dagrun for tutorial_dag to None, run_after=None
[2024-10-23T04:25:48.181+0000] {processor.py:208} INFO - Processing /home/airflow/.local/lib/python3.12/site-packages/airflow/example_dags/tutorial_dag.py took 0.042 seconds
[2024-10-23T04:26:19.890+0000] {processor.py:186} INFO - Started process (PID=14122) to work on /home/airflow/.local/lib/python3.12/site-packages/airflow/example_dags/tutorial_dag.py
[2024-10-23T04:26:19.891+0000] {processor.py:914} INFO - Processing file /home/airflow/.local/lib/python3.12/site-packages/airflow/example_dags/tutorial_dag.py for tasks to queue
[2024-10-23T04:26:19.892+0000] {logging_mixin.py:190} INFO - [2024-10-23T04:26:19.891+0000] {dagbag.py:588} INFO - Filling up the DagBag from /home/airflow/.local/lib/python3.12/site-packages/airflow/example_dags/tutorial_dag.py
[2024-10-23T04:26:19.898+0000] {processor.py:925} INFO - DAG(s) 'tutorial_dag' retrieved from /home/airflow/.local/lib/python3.12/site-packages/airflow/example_dags/tutorial_dag.py
[2024-10-23T04:26:19.912+0000] {logging_mixin.py:190} INFO - [2024-10-23T04:26:19.911+0000] {dag.py:3239} INFO - Sync 1 DAGs
[2024-10-23T04:26:19.924+0000] {logging_mixin.py:190} INFO - [2024-10-23T04:26:19.924+0000] {dag.py:4180} INFO - Setting next_dagrun for tutorial_dag to None, run_after=None
[2024-10-23T04:26:19.937+0000] {processor.py:208} INFO - Processing /home/airflow/.local/lib/python3.12/site-packages/airflow/example_dags/tutorial_dag.py took 0.052 seconds
[2024-10-23T04:26:50.458+0000] {processor.py:186} INFO - Started process (PID=14185) to work on /home/airflow/.local/lib/python3.12/site-packages/airflow/example_dags/tutorial_dag.py
[2024-10-23T04:26:50.459+0000] {processor.py:914} INFO - Processing file /home/airflow/.local/lib/python3.12/site-packages/airflow/example_dags/tutorial_dag.py for tasks to queue
[2024-10-23T04:26:50.460+0000] {logging_mixin.py:190} INFO - [2024-10-23T04:26:50.460+0000] {dagbag.py:588} INFO - Filling up the DagBag from /home/airflow/.local/lib/python3.12/site-packages/airflow/example_dags/tutorial_dag.py
[2024-10-23T04:26:50.466+0000] {processor.py:925} INFO - DAG(s) 'tutorial_dag' retrieved from /home/airflow/.local/lib/python3.12/site-packages/airflow/example_dags/tutorial_dag.py
[2024-10-23T04:26:50.481+0000] {logging_mixin.py:190} INFO - [2024-10-23T04:26:50.481+0000] {dag.py:3239} INFO - Sync 1 DAGs
[2024-10-23T04:26:50.494+0000] {logging_mixin.py:190} INFO - [2024-10-23T04:26:50.494+0000] {dag.py:4180} INFO - Setting next_dagrun for tutorial_dag to None, run_after=None
[2024-10-23T04:26:50.511+0000] {processor.py:208} INFO - Processing /home/airflow/.local/lib/python3.12/site-packages/airflow/example_dags/tutorial_dag.py took 0.057 seconds
[2024-10-23T04:27:20.662+0000] {processor.py:186} INFO - Started process (PID=14248) to work on /home/airflow/.local/lib/python3.12/site-packages/airflow/example_dags/tutorial_dag.py
[2024-10-23T04:27:20.665+0000] {processor.py:914} INFO - Processing file /home/airflow/.local/lib/python3.12/site-packages/airflow/example_dags/tutorial_dag.py for tasks to queue
[2024-10-23T04:27:20.666+0000] {logging_mixin.py:190} INFO - [2024-10-23T04:27:20.666+0000] {dagbag.py:588} INFO - Filling up the DagBag from /home/airflow/.local/lib/python3.12/site-packages/airflow/example_dags/tutorial_dag.py
[2024-10-23T04:27:20.672+0000] {processor.py:925} INFO - DAG(s) 'tutorial_dag' retrieved from /home/airflow/.local/lib/python3.12/site-packages/airflow/example_dags/tutorial_dag.py
[2024-10-23T04:27:20.691+0000] {logging_mixin.py:190} INFO - [2024-10-23T04:27:20.691+0000] {dag.py:3239} INFO - Sync 1 DAGs
[2024-10-23T04:27:20.704+0000] {logging_mixin.py:190} INFO - [2024-10-23T04:27:20.704+0000] {dag.py:4180} INFO - Setting next_dagrun for tutorial_dag to None, run_after=None
[2024-10-23T04:27:20.723+0000] {processor.py:208} INFO - Processing /home/airflow/.local/lib/python3.12/site-packages/airflow/example_dags/tutorial_dag.py took 0.064 seconds
[2024-10-23T04:27:51.155+0000] {processor.py:186} INFO - Started process (PID=14311) to work on /home/airflow/.local/lib/python3.12/site-packages/airflow/example_dags/tutorial_dag.py
[2024-10-23T04:27:51.155+0000] {processor.py:914} INFO - Processing file /home/airflow/.local/lib/python3.12/site-packages/airflow/example_dags/tutorial_dag.py for tasks to queue
[2024-10-23T04:27:51.156+0000] {logging_mixin.py:190} INFO - [2024-10-23T04:27:51.156+0000] {dagbag.py:588} INFO - Filling up the DagBag from /home/airflow/.local/lib/python3.12/site-packages/airflow/example_dags/tutorial_dag.py
[2024-10-23T04:27:51.165+0000] {processor.py:925} INFO - DAG(s) 'tutorial_dag' retrieved from /home/airflow/.local/lib/python3.12/site-packages/airflow/example_dags/tutorial_dag.py
[2024-10-23T04:27:51.184+0000] {logging_mixin.py:190} INFO - [2024-10-23T04:27:51.184+0000] {dag.py:3239} INFO - Sync 1 DAGs
[2024-10-23T04:27:51.196+0000] {logging_mixin.py:190} INFO - [2024-10-23T04:27:51.195+0000] {dag.py:4180} INFO - Setting next_dagrun for tutorial_dag to None, run_after=None
[2024-10-23T04:27:51.206+0000] {processor.py:208} INFO - Processing /home/airflow/.local/lib/python3.12/site-packages/airflow/example_dags/tutorial_dag.py took 0.056 seconds
[2024-10-23T04:28:23.282+0000] {processor.py:186} INFO - Started process (PID=14375) to work on /home/airflow/.local/lib/python3.12/site-packages/airflow/example_dags/tutorial_dag.py
[2024-10-23T04:28:23.283+0000] {processor.py:914} INFO - Processing file /home/airflow/.local/lib/python3.12/site-packages/airflow/example_dags/tutorial_dag.py for tasks to queue
[2024-10-23T04:28:23.285+0000] {logging_mixin.py:190} INFO - [2024-10-23T04:28:23.285+0000] {dagbag.py:588} INFO - Filling up the DagBag from /home/airflow/.local/lib/python3.12/site-packages/airflow/example_dags/tutorial_dag.py
[2024-10-23T04:28:23.293+0000] {processor.py:925} INFO - DAG(s) 'tutorial_dag' retrieved from /home/airflow/.local/lib/python3.12/site-packages/airflow/example_dags/tutorial_dag.py
[2024-10-23T04:28:23.310+0000] {logging_mixin.py:190} INFO - [2024-10-23T04:28:23.310+0000] {dag.py:3239} INFO - Sync 1 DAGs
[2024-10-23T04:28:23.322+0000] {logging_mixin.py:190} INFO - [2024-10-23T04:28:23.322+0000] {dag.py:4180} INFO - Setting next_dagrun for tutorial_dag to None, run_after=None
[2024-10-23T04:28:23.335+0000] {processor.py:208} INFO - Processing /home/airflow/.local/lib/python3.12/site-packages/airflow/example_dags/tutorial_dag.py took 0.061 seconds
[2024-10-23T04:28:54.119+0000] {processor.py:186} INFO - Started process (PID=14438) to work on /home/airflow/.local/lib/python3.12/site-packages/airflow/example_dags/tutorial_dag.py
[2024-10-23T04:28:54.128+0000] {processor.py:914} INFO - Processing file /home/airflow/.local/lib/python3.12/site-packages/airflow/example_dags/tutorial_dag.py for tasks to queue
[2024-10-23T04:28:54.131+0000] {logging_mixin.py:190} INFO - [2024-10-23T04:28:54.130+0000] {dagbag.py:588} INFO - Filling up the DagBag from /home/airflow/.local/lib/python3.12/site-packages/airflow/example_dags/tutorial_dag.py
[2024-10-23T04:28:54.143+0000] {processor.py:925} INFO - DAG(s) 'tutorial_dag' retrieved from /home/airflow/.local/lib/python3.12/site-packages/airflow/example_dags/tutorial_dag.py
[2024-10-23T04:28:54.169+0000] {logging_mixin.py:190} INFO - [2024-10-23T04:28:54.168+0000] {dag.py:3239} INFO - Sync 1 DAGs
[2024-10-23T04:28:54.189+0000] {logging_mixin.py:190} INFO - [2024-10-23T04:28:54.189+0000] {dag.py:4180} INFO - Setting next_dagrun for tutorial_dag to None, run_after=None
[2024-10-23T04:28:54.222+0000] {processor.py:208} INFO - Processing /home/airflow/.local/lib/python3.12/site-packages/airflow/example_dags/tutorial_dag.py took 0.123 seconds
[2024-10-23T04:29:25.472+0000] {processor.py:186} INFO - Started process (PID=14501) to work on /home/airflow/.local/lib/python3.12/site-packages/airflow/example_dags/tutorial_dag.py
[2024-10-23T04:29:25.477+0000] {processor.py:914} INFO - Processing file /home/airflow/.local/lib/python3.12/site-packages/airflow/example_dags/tutorial_dag.py for tasks to queue
[2024-10-23T04:29:25.480+0000] {logging_mixin.py:190} INFO - [2024-10-23T04:29:25.480+0000] {dagbag.py:588} INFO - Filling up the DagBag from /home/airflow/.local/lib/python3.12/site-packages/airflow/example_dags/tutorial_dag.py
[2024-10-23T04:29:25.490+0000] {processor.py:925} INFO - DAG(s) 'tutorial_dag' retrieved from /home/airflow/.local/lib/python3.12/site-packages/airflow/example_dags/tutorial_dag.py
[2024-10-23T04:29:25.508+0000] {logging_mixin.py:190} INFO - [2024-10-23T04:29:25.508+0000] {dag.py:3239} INFO - Sync 1 DAGs
[2024-10-23T04:29:25.523+0000] {logging_mixin.py:190} INFO - [2024-10-23T04:29:25.523+0000] {dag.py:4180} INFO - Setting next_dagrun for tutorial_dag to None, run_after=None
[2024-10-23T04:29:25.536+0000] {processor.py:208} INFO - Processing /home/airflow/.local/lib/python3.12/site-packages/airflow/example_dags/tutorial_dag.py took 0.073 seconds
[2024-10-23T04:29:55.907+0000] {processor.py:186} INFO - Started process (PID=14564) to work on /home/airflow/.local/lib/python3.12/site-packages/airflow/example_dags/tutorial_dag.py
[2024-10-23T04:29:55.910+0000] {processor.py:914} INFO - Processing file /home/airflow/.local/lib/python3.12/site-packages/airflow/example_dags/tutorial_dag.py for tasks to queue
[2024-10-23T04:29:55.912+0000] {logging_mixin.py:190} INFO - [2024-10-23T04:29:55.912+0000] {dagbag.py:588} INFO - Filling up the DagBag from /home/airflow/.local/lib/python3.12/site-packages/airflow/example_dags/tutorial_dag.py
[2024-10-23T04:29:55.919+0000] {processor.py:925} INFO - DAG(s) 'tutorial_dag' retrieved from /home/airflow/.local/lib/python3.12/site-packages/airflow/example_dags/tutorial_dag.py
[2024-10-23T04:29:55.935+0000] {logging_mixin.py:190} INFO - [2024-10-23T04:29:55.935+0000] {dag.py:3239} INFO - Sync 1 DAGs
[2024-10-23T04:29:55.946+0000] {logging_mixin.py:190} INFO - [2024-10-23T04:29:55.946+0000] {dag.py:4180} INFO - Setting next_dagrun for tutorial_dag to None, run_after=None
[2024-10-23T04:29:55.974+0000] {processor.py:208} INFO - Processing /home/airflow/.local/lib/python3.12/site-packages/airflow/example_dags/tutorial_dag.py took 0.072 seconds
[2024-10-23T04:30:26.780+0000] {processor.py:186} INFO - Started process (PID=14627) to work on /home/airflow/.local/lib/python3.12/site-packages/airflow/example_dags/tutorial_dag.py
[2024-10-23T04:30:26.782+0000] {processor.py:914} INFO - Processing file /home/airflow/.local/lib/python3.12/site-packages/airflow/example_dags/tutorial_dag.py for tasks to queue
[2024-10-23T04:30:26.783+0000] {logging_mixin.py:190} INFO - [2024-10-23T04:30:26.783+0000] {dagbag.py:588} INFO - Filling up the DagBag from /home/airflow/.local/lib/python3.12/site-packages/airflow/example_dags/tutorial_dag.py
[2024-10-23T04:30:26.792+0000] {processor.py:925} INFO - DAG(s) 'tutorial_dag' retrieved from /home/airflow/.local/lib/python3.12/site-packages/airflow/example_dags/tutorial_dag.py
[2024-10-23T04:30:26.814+0000] {logging_mixin.py:190} INFO - [2024-10-23T04:30:26.813+0000] {dag.py:3239} INFO - Sync 1 DAGs
[2024-10-23T04:30:26.826+0000] {logging_mixin.py:190} INFO - [2024-10-23T04:30:26.826+0000] {dag.py:4180} INFO - Setting next_dagrun for tutorial_dag to None, run_after=None
[2024-10-23T04:30:26.840+0000] {processor.py:208} INFO - Processing /home/airflow/.local/lib/python3.12/site-packages/airflow/example_dags/tutorial_dag.py took 0.065 seconds
[2024-10-23T04:30:57.537+0000] {processor.py:186} INFO - Started process (PID=14690) to work on /home/airflow/.local/lib/python3.12/site-packages/airflow/example_dags/tutorial_dag.py
[2024-10-23T04:30:57.538+0000] {processor.py:914} INFO - Processing file /home/airflow/.local/lib/python3.12/site-packages/airflow/example_dags/tutorial_dag.py for tasks to queue
[2024-10-23T04:30:57.540+0000] {logging_mixin.py:190} INFO - [2024-10-23T04:30:57.539+0000] {dagbag.py:588} INFO - Filling up the DagBag from /home/airflow/.local/lib/python3.12/site-packages/airflow/example_dags/tutorial_dag.py
[2024-10-23T04:30:57.546+0000] {processor.py:925} INFO - DAG(s) 'tutorial_dag' retrieved from /home/airflow/.local/lib/python3.12/site-packages/airflow/example_dags/tutorial_dag.py
[2024-10-23T04:30:57.570+0000] {logging_mixin.py:190} INFO - [2024-10-23T04:30:57.569+0000] {dag.py:3239} INFO - Sync 1 DAGs
[2024-10-23T04:30:57.580+0000] {logging_mixin.py:190} INFO - [2024-10-23T04:30:57.580+0000] {dag.py:4180} INFO - Setting next_dagrun for tutorial_dag to None, run_after=None
[2024-10-23T04:30:57.598+0000] {processor.py:208} INFO - Processing /home/airflow/.local/lib/python3.12/site-packages/airflow/example_dags/tutorial_dag.py took 0.066 seconds
[2024-10-23T04:31:28.204+0000] {processor.py:186} INFO - Started process (PID=14753) to work on /home/airflow/.local/lib/python3.12/site-packages/airflow/example_dags/tutorial_dag.py
[2024-10-23T04:31:28.207+0000] {processor.py:914} INFO - Processing file /home/airflow/.local/lib/python3.12/site-packages/airflow/example_dags/tutorial_dag.py for tasks to queue
[2024-10-23T04:31:28.209+0000] {logging_mixin.py:190} INFO - [2024-10-23T04:31:28.208+0000] {dagbag.py:588} INFO - Filling up the DagBag from /home/airflow/.local/lib/python3.12/site-packages/airflow/example_dags/tutorial_dag.py
[2024-10-23T04:31:28.220+0000] {processor.py:925} INFO - DAG(s) 'tutorial_dag' retrieved from /home/airflow/.local/lib/python3.12/site-packages/airflow/example_dags/tutorial_dag.py
[2024-10-23T04:31:28.243+0000] {logging_mixin.py:190} INFO - [2024-10-23T04:31:28.243+0000] {dag.py:3239} INFO - Sync 1 DAGs
[2024-10-23T04:31:28.255+0000] {logging_mixin.py:190} INFO - [2024-10-23T04:31:28.255+0000] {dag.py:4180} INFO - Setting next_dagrun for tutorial_dag to None, run_after=None
[2024-10-23T04:31:28.266+0000] {processor.py:208} INFO - Processing /home/airflow/.local/lib/python3.12/site-packages/airflow/example_dags/tutorial_dag.py took 0.067 seconds
[2024-10-23T04:31:59.788+0000] {processor.py:186} INFO - Started process (PID=14815) to work on /home/airflow/.local/lib/python3.12/site-packages/airflow/example_dags/tutorial_dag.py
[2024-10-23T04:31:59.789+0000] {processor.py:914} INFO - Processing file /home/airflow/.local/lib/python3.12/site-packages/airflow/example_dags/tutorial_dag.py for tasks to queue
[2024-10-23T04:31:59.791+0000] {logging_mixin.py:190} INFO - [2024-10-23T04:31:59.791+0000] {dagbag.py:588} INFO - Filling up the DagBag from /home/airflow/.local/lib/python3.12/site-packages/airflow/example_dags/tutorial_dag.py
[2024-10-23T04:31:59.804+0000] {processor.py:925} INFO - DAG(s) 'tutorial_dag' retrieved from /home/airflow/.local/lib/python3.12/site-packages/airflow/example_dags/tutorial_dag.py
[2024-10-23T04:31:59.840+0000] {logging_mixin.py:190} INFO - [2024-10-23T04:31:59.839+0000] {dag.py:3239} INFO - Sync 1 DAGs
[2024-10-23T04:31:59.862+0000] {logging_mixin.py:190} INFO - [2024-10-23T04:31:59.862+0000] {dag.py:4180} INFO - Setting next_dagrun for tutorial_dag to None, run_after=None
[2024-10-23T04:31:59.899+0000] {processor.py:208} INFO - Processing /home/airflow/.local/lib/python3.12/site-packages/airflow/example_dags/tutorial_dag.py took 0.118 seconds
[2024-10-23T04:32:31.066+0000] {processor.py:186} INFO - Started process (PID=14878) to work on /home/airflow/.local/lib/python3.12/site-packages/airflow/example_dags/tutorial_dag.py
[2024-10-23T04:32:31.070+0000] {processor.py:914} INFO - Processing file /home/airflow/.local/lib/python3.12/site-packages/airflow/example_dags/tutorial_dag.py for tasks to queue
[2024-10-23T04:32:31.071+0000] {logging_mixin.py:190} INFO - [2024-10-23T04:32:31.071+0000] {dagbag.py:588} INFO - Filling up the DagBag from /home/airflow/.local/lib/python3.12/site-packages/airflow/example_dags/tutorial_dag.py
[2024-10-23T04:32:31.080+0000] {processor.py:925} INFO - DAG(s) 'tutorial_dag' retrieved from /home/airflow/.local/lib/python3.12/site-packages/airflow/example_dags/tutorial_dag.py
[2024-10-23T04:32:31.099+0000] {logging_mixin.py:190} INFO - [2024-10-23T04:32:31.099+0000] {dag.py:3239} INFO - Sync 1 DAGs
[2024-10-23T04:32:31.116+0000] {logging_mixin.py:190} INFO - [2024-10-23T04:32:31.116+0000] {dag.py:4180} INFO - Setting next_dagrun for tutorial_dag to None, run_after=None
[2024-10-23T04:32:31.135+0000] {processor.py:208} INFO - Processing /home/airflow/.local/lib/python3.12/site-packages/airflow/example_dags/tutorial_dag.py took 0.075 seconds
[2024-10-23T04:33:02.219+0000] {processor.py:186} INFO - Started process (PID=14940) to work on /home/airflow/.local/lib/python3.12/site-packages/airflow/example_dags/tutorial_dag.py
[2024-10-23T04:33:02.220+0000] {processor.py:914} INFO - Processing file /home/airflow/.local/lib/python3.12/site-packages/airflow/example_dags/tutorial_dag.py for tasks to queue
[2024-10-23T04:33:02.220+0000] {logging_mixin.py:190} INFO - [2024-10-23T04:33:02.220+0000] {dagbag.py:588} INFO - Filling up the DagBag from /home/airflow/.local/lib/python3.12/site-packages/airflow/example_dags/tutorial_dag.py
[2024-10-23T04:33:02.225+0000] {processor.py:925} INFO - DAG(s) 'tutorial_dag' retrieved from /home/airflow/.local/lib/python3.12/site-packages/airflow/example_dags/tutorial_dag.py
[2024-10-23T04:33:02.237+0000] {logging_mixin.py:190} INFO - [2024-10-23T04:33:02.237+0000] {dag.py:3239} INFO - Sync 1 DAGs
[2024-10-23T04:33:02.246+0000] {logging_mixin.py:190} INFO - [2024-10-23T04:33:02.246+0000] {dag.py:4180} INFO - Setting next_dagrun for tutorial_dag to None, run_after=None
[2024-10-23T04:33:02.256+0000] {processor.py:208} INFO - Processing /home/airflow/.local/lib/python3.12/site-packages/airflow/example_dags/tutorial_dag.py took 0.041 seconds
[2024-10-23T04:33:33.065+0000] {processor.py:186} INFO - Started process (PID=15004) to work on /home/airflow/.local/lib/python3.12/site-packages/airflow/example_dags/tutorial_dag.py
[2024-10-23T04:33:33.066+0000] {processor.py:914} INFO - Processing file /home/airflow/.local/lib/python3.12/site-packages/airflow/example_dags/tutorial_dag.py for tasks to queue
[2024-10-23T04:33:33.068+0000] {logging_mixin.py:190} INFO - [2024-10-23T04:33:33.067+0000] {dagbag.py:588} INFO - Filling up the DagBag from /home/airflow/.local/lib/python3.12/site-packages/airflow/example_dags/tutorial_dag.py
[2024-10-23T04:33:33.074+0000] {processor.py:925} INFO - DAG(s) 'tutorial_dag' retrieved from /home/airflow/.local/lib/python3.12/site-packages/airflow/example_dags/tutorial_dag.py
[2024-10-23T04:33:33.097+0000] {logging_mixin.py:190} INFO - [2024-10-23T04:33:33.096+0000] {dag.py:3239} INFO - Sync 1 DAGs
[2024-10-23T04:33:33.108+0000] {logging_mixin.py:190} INFO - [2024-10-23T04:33:33.108+0000] {dag.py:4180} INFO - Setting next_dagrun for tutorial_dag to None, run_after=None
[2024-10-23T04:33:33.128+0000] {processor.py:208} INFO - Processing /home/airflow/.local/lib/python3.12/site-packages/airflow/example_dags/tutorial_dag.py took 0.069 seconds
[2024-10-23T04:34:04.137+0000] {processor.py:186} INFO - Started process (PID=15067) to work on /home/airflow/.local/lib/python3.12/site-packages/airflow/example_dags/tutorial_dag.py
[2024-10-23T04:34:04.138+0000] {processor.py:914} INFO - Processing file /home/airflow/.local/lib/python3.12/site-packages/airflow/example_dags/tutorial_dag.py for tasks to queue
[2024-10-23T04:34:04.139+0000] {logging_mixin.py:190} INFO - [2024-10-23T04:34:04.139+0000] {dagbag.py:588} INFO - Filling up the DagBag from /home/airflow/.local/lib/python3.12/site-packages/airflow/example_dags/tutorial_dag.py
[2024-10-23T04:34:04.145+0000] {processor.py:925} INFO - DAG(s) 'tutorial_dag' retrieved from /home/airflow/.local/lib/python3.12/site-packages/airflow/example_dags/tutorial_dag.py
[2024-10-23T04:34:04.161+0000] {logging_mixin.py:190} INFO - [2024-10-23T04:34:04.161+0000] {dag.py:3239} INFO - Sync 1 DAGs
[2024-10-23T04:34:04.171+0000] {logging_mixin.py:190} INFO - [2024-10-23T04:34:04.171+0000] {dag.py:4180} INFO - Setting next_dagrun for tutorial_dag to None, run_after=None
[2024-10-23T04:34:04.182+0000] {processor.py:208} INFO - Processing /home/airflow/.local/lib/python3.12/site-packages/airflow/example_dags/tutorial_dag.py took 0.049 seconds
[2024-10-23T04:34:35.712+0000] {processor.py:186} INFO - Started process (PID=15130) to work on /home/airflow/.local/lib/python3.12/site-packages/airflow/example_dags/tutorial_dag.py
[2024-10-23T04:34:35.713+0000] {processor.py:914} INFO - Processing file /home/airflow/.local/lib/python3.12/site-packages/airflow/example_dags/tutorial_dag.py for tasks to queue
[2024-10-23T04:34:35.714+0000] {logging_mixin.py:190} INFO - [2024-10-23T04:34:35.714+0000] {dagbag.py:588} INFO - Filling up the DagBag from /home/airflow/.local/lib/python3.12/site-packages/airflow/example_dags/tutorial_dag.py
[2024-10-23T04:34:35.720+0000] {processor.py:925} INFO - DAG(s) 'tutorial_dag' retrieved from /home/airflow/.local/lib/python3.12/site-packages/airflow/example_dags/tutorial_dag.py
[2024-10-23T04:34:35.733+0000] {logging_mixin.py:190} INFO - [2024-10-23T04:34:35.733+0000] {dag.py:3239} INFO - Sync 1 DAGs
[2024-10-23T04:34:35.744+0000] {logging_mixin.py:190} INFO - [2024-10-23T04:34:35.743+0000] {dag.py:4180} INFO - Setting next_dagrun for tutorial_dag to None, run_after=None
[2024-10-23T04:34:35.754+0000] {processor.py:208} INFO - Processing /home/airflow/.local/lib/python3.12/site-packages/airflow/example_dags/tutorial_dag.py took 0.047 seconds
[2024-10-23T04:35:07.231+0000] {processor.py:186} INFO - Started process (PID=15193) to work on /home/airflow/.local/lib/python3.12/site-packages/airflow/example_dags/tutorial_dag.py
[2024-10-23T04:35:07.232+0000] {processor.py:914} INFO - Processing file /home/airflow/.local/lib/python3.12/site-packages/airflow/example_dags/tutorial_dag.py for tasks to queue
[2024-10-23T04:35:07.233+0000] {logging_mixin.py:190} INFO - [2024-10-23T04:35:07.232+0000] {dagbag.py:588} INFO - Filling up the DagBag from /home/airflow/.local/lib/python3.12/site-packages/airflow/example_dags/tutorial_dag.py
[2024-10-23T04:35:07.239+0000] {processor.py:925} INFO - DAG(s) 'tutorial_dag' retrieved from /home/airflow/.local/lib/python3.12/site-packages/airflow/example_dags/tutorial_dag.py
[2024-10-23T04:35:07.254+0000] {logging_mixin.py:190} INFO - [2024-10-23T04:35:07.254+0000] {dag.py:3239} INFO - Sync 1 DAGs
[2024-10-23T04:35:07.265+0000] {logging_mixin.py:190} INFO - [2024-10-23T04:35:07.264+0000] {dag.py:4180} INFO - Setting next_dagrun for tutorial_dag to None, run_after=None
[2024-10-23T04:35:07.277+0000] {processor.py:208} INFO - Processing /home/airflow/.local/lib/python3.12/site-packages/airflow/example_dags/tutorial_dag.py took 0.051 seconds
[2024-10-23T04:35:38.667+0000] {processor.py:186} INFO - Started process (PID=15258) to work on /home/airflow/.local/lib/python3.12/site-packages/airflow/example_dags/tutorial_dag.py
[2024-10-23T04:35:38.670+0000] {processor.py:914} INFO - Processing file /home/airflow/.local/lib/python3.12/site-packages/airflow/example_dags/tutorial_dag.py for tasks to queue
[2024-10-23T04:35:38.672+0000] {logging_mixin.py:190} INFO - [2024-10-23T04:35:38.672+0000] {dagbag.py:588} INFO - Filling up the DagBag from /home/airflow/.local/lib/python3.12/site-packages/airflow/example_dags/tutorial_dag.py
[2024-10-23T04:35:38.679+0000] {processor.py:925} INFO - DAG(s) 'tutorial_dag' retrieved from /home/airflow/.local/lib/python3.12/site-packages/airflow/example_dags/tutorial_dag.py
[2024-10-23T04:35:38.698+0000] {logging_mixin.py:190} INFO - [2024-10-23T04:35:38.698+0000] {dag.py:3239} INFO - Sync 1 DAGs
[2024-10-23T04:35:38.710+0000] {logging_mixin.py:190} INFO - [2024-10-23T04:35:38.710+0000] {dag.py:4180} INFO - Setting next_dagrun for tutorial_dag to None, run_after=None
[2024-10-23T04:35:38.726+0000] {processor.py:208} INFO - Processing /home/airflow/.local/lib/python3.12/site-packages/airflow/example_dags/tutorial_dag.py took 0.064 seconds
[2024-10-23T04:36:09.638+0000] {processor.py:186} INFO - Started process (PID=15323) to work on /home/airflow/.local/lib/python3.12/site-packages/airflow/example_dags/tutorial_dag.py
[2024-10-23T04:36:09.640+0000] {processor.py:914} INFO - Processing file /home/airflow/.local/lib/python3.12/site-packages/airflow/example_dags/tutorial_dag.py for tasks to queue
[2024-10-23T04:36:09.641+0000] {logging_mixin.py:190} INFO - [2024-10-23T04:36:09.641+0000] {dagbag.py:588} INFO - Filling up the DagBag from /home/airflow/.local/lib/python3.12/site-packages/airflow/example_dags/tutorial_dag.py
[2024-10-23T04:36:09.648+0000] {processor.py:925} INFO - DAG(s) 'tutorial_dag' retrieved from /home/airflow/.local/lib/python3.12/site-packages/airflow/example_dags/tutorial_dag.py
[2024-10-23T04:36:09.663+0000] {logging_mixin.py:190} INFO - [2024-10-23T04:36:09.663+0000] {dag.py:3239} INFO - Sync 1 DAGs
[2024-10-23T04:36:09.679+0000] {logging_mixin.py:190} INFO - [2024-10-23T04:36:09.679+0000] {dag.py:4180} INFO - Setting next_dagrun for tutorial_dag to None, run_after=None
[2024-10-23T04:36:09.697+0000] {processor.py:208} INFO - Processing /home/airflow/.local/lib/python3.12/site-packages/airflow/example_dags/tutorial_dag.py took 0.064 seconds
[2024-10-23T04:36:40.541+0000] {processor.py:186} INFO - Started process (PID=15387) to work on /home/airflow/.local/lib/python3.12/site-packages/airflow/example_dags/tutorial_dag.py
[2024-10-23T04:36:40.542+0000] {processor.py:914} INFO - Processing file /home/airflow/.local/lib/python3.12/site-packages/airflow/example_dags/tutorial_dag.py for tasks to queue
[2024-10-23T04:36:40.547+0000] {logging_mixin.py:190} INFO - [2024-10-23T04:36:40.546+0000] {dagbag.py:588} INFO - Filling up the DagBag from /home/airflow/.local/lib/python3.12/site-packages/airflow/example_dags/tutorial_dag.py
[2024-10-23T04:36:40.552+0000] {processor.py:925} INFO - DAG(s) 'tutorial_dag' retrieved from /home/airflow/.local/lib/python3.12/site-packages/airflow/example_dags/tutorial_dag.py
[2024-10-23T04:36:40.566+0000] {logging_mixin.py:190} INFO - [2024-10-23T04:36:40.566+0000] {dag.py:3239} INFO - Sync 1 DAGs
[2024-10-23T04:36:40.577+0000] {logging_mixin.py:190} INFO - [2024-10-23T04:36:40.577+0000] {dag.py:4180} INFO - Setting next_dagrun for tutorial_dag to None, run_after=None
[2024-10-23T04:36:40.591+0000] {processor.py:208} INFO - Processing /home/airflow/.local/lib/python3.12/site-packages/airflow/example_dags/tutorial_dag.py took 0.054 seconds
[2024-10-23T04:37:12.620+0000] {processor.py:186} INFO - Started process (PID=15450) to work on /home/airflow/.local/lib/python3.12/site-packages/airflow/example_dags/tutorial_dag.py
[2024-10-23T04:37:12.622+0000] {processor.py:914} INFO - Processing file /home/airflow/.local/lib/python3.12/site-packages/airflow/example_dags/tutorial_dag.py for tasks to queue
[2024-10-23T04:37:12.626+0000] {logging_mixin.py:190} INFO - [2024-10-23T04:37:12.624+0000] {dagbag.py:588} INFO - Filling up the DagBag from /home/airflow/.local/lib/python3.12/site-packages/airflow/example_dags/tutorial_dag.py
[2024-10-23T04:37:12.648+0000] {processor.py:925} INFO - DAG(s) 'tutorial_dag' retrieved from /home/airflow/.local/lib/python3.12/site-packages/airflow/example_dags/tutorial_dag.py
[2024-10-23T04:37:12.730+0000] {logging_mixin.py:190} INFO - [2024-10-23T04:37:12.729+0000] {dag.py:3239} INFO - Sync 1 DAGs
[2024-10-23T04:37:12.777+0000] {logging_mixin.py:190} INFO - [2024-10-23T04:37:12.777+0000] {dag.py:4180} INFO - Setting next_dagrun for tutorial_dag to None, run_after=None
[2024-10-23T04:37:12.808+0000] {processor.py:208} INFO - Processing /home/airflow/.local/lib/python3.12/site-packages/airflow/example_dags/tutorial_dag.py took 0.204 seconds
[2024-10-23T04:37:45.178+0000] {processor.py:186} INFO - Started process (PID=15514) to work on /home/airflow/.local/lib/python3.12/site-packages/airflow/example_dags/tutorial_dag.py
[2024-10-23T04:37:45.179+0000] {processor.py:914} INFO - Processing file /home/airflow/.local/lib/python3.12/site-packages/airflow/example_dags/tutorial_dag.py for tasks to queue
[2024-10-23T04:37:45.181+0000] {logging_mixin.py:190} INFO - [2024-10-23T04:37:45.180+0000] {dagbag.py:588} INFO - Filling up the DagBag from /home/airflow/.local/lib/python3.12/site-packages/airflow/example_dags/tutorial_dag.py
[2024-10-23T04:37:45.189+0000] {processor.py:925} INFO - DAG(s) 'tutorial_dag' retrieved from /home/airflow/.local/lib/python3.12/site-packages/airflow/example_dags/tutorial_dag.py
[2024-10-23T04:37:45.236+0000] {logging_mixin.py:190} INFO - [2024-10-23T04:37:45.236+0000] {dag.py:3239} INFO - Sync 1 DAGs
[2024-10-23T04:37:45.258+0000] {logging_mixin.py:190} INFO - [2024-10-23T04:37:45.257+0000] {dag.py:4180} INFO - Setting next_dagrun for tutorial_dag to None, run_after=None
[2024-10-23T04:37:45.278+0000] {processor.py:208} INFO - Processing /home/airflow/.local/lib/python3.12/site-packages/airflow/example_dags/tutorial_dag.py took 0.106 seconds
[2024-10-23T04:38:15.906+0000] {processor.py:186} INFO - Started process (PID=15577) to work on /home/airflow/.local/lib/python3.12/site-packages/airflow/example_dags/tutorial_dag.py
[2024-10-23T04:38:15.907+0000] {processor.py:914} INFO - Processing file /home/airflow/.local/lib/python3.12/site-packages/airflow/example_dags/tutorial_dag.py for tasks to queue
[2024-10-23T04:38:15.908+0000] {logging_mixin.py:190} INFO - [2024-10-23T04:38:15.908+0000] {dagbag.py:588} INFO - Filling up the DagBag from /home/airflow/.local/lib/python3.12/site-packages/airflow/example_dags/tutorial_dag.py
[2024-10-23T04:38:15.917+0000] {processor.py:925} INFO - DAG(s) 'tutorial_dag' retrieved from /home/airflow/.local/lib/python3.12/site-packages/airflow/example_dags/tutorial_dag.py
[2024-10-23T04:38:15.936+0000] {logging_mixin.py:190} INFO - [2024-10-23T04:38:15.935+0000] {dag.py:3239} INFO - Sync 1 DAGs
[2024-10-23T04:38:15.951+0000] {logging_mixin.py:190} INFO - [2024-10-23T04:38:15.951+0000] {dag.py:4180} INFO - Setting next_dagrun for tutorial_dag to None, run_after=None
[2024-10-23T04:38:15.965+0000] {processor.py:208} INFO - Processing /home/airflow/.local/lib/python3.12/site-packages/airflow/example_dags/tutorial_dag.py took 0.064 seconds
[2024-10-23T04:38:48.815+0000] {processor.py:186} INFO - Started process (PID=15646) to work on /home/airflow/.local/lib/python3.12/site-packages/airflow/example_dags/tutorial_dag.py
[2024-10-23T04:38:48.816+0000] {processor.py:914} INFO - Processing file /home/airflow/.local/lib/python3.12/site-packages/airflow/example_dags/tutorial_dag.py for tasks to queue
[2024-10-23T04:38:48.817+0000] {logging_mixin.py:190} INFO - [2024-10-23T04:38:48.817+0000] {dagbag.py:588} INFO - Filling up the DagBag from /home/airflow/.local/lib/python3.12/site-packages/airflow/example_dags/tutorial_dag.py
[2024-10-23T04:38:48.824+0000] {processor.py:925} INFO - DAG(s) 'tutorial_dag' retrieved from /home/airflow/.local/lib/python3.12/site-packages/airflow/example_dags/tutorial_dag.py
[2024-10-23T04:38:48.840+0000] {logging_mixin.py:190} INFO - [2024-10-23T04:38:48.840+0000] {dag.py:3239} INFO - Sync 1 DAGs
[2024-10-23T04:38:48.853+0000] {logging_mixin.py:190} INFO - [2024-10-23T04:38:48.853+0000] {dag.py:4180} INFO - Setting next_dagrun for tutorial_dag to None, run_after=None
[2024-10-23T04:38:48.867+0000] {processor.py:208} INFO - Processing /home/airflow/.local/lib/python3.12/site-packages/airflow/example_dags/tutorial_dag.py took 0.056 seconds
[2024-10-23T04:39:21.349+0000] {processor.py:186} INFO - Started process (PID=15709) to work on /home/airflow/.local/lib/python3.12/site-packages/airflow/example_dags/tutorial_dag.py
[2024-10-23T04:39:21.353+0000] {processor.py:914} INFO - Processing file /home/airflow/.local/lib/python3.12/site-packages/airflow/example_dags/tutorial_dag.py for tasks to queue
[2024-10-23T04:39:21.356+0000] {logging_mixin.py:190} INFO - [2024-10-23T04:39:21.355+0000] {dagbag.py:588} INFO - Filling up the DagBag from /home/airflow/.local/lib/python3.12/site-packages/airflow/example_dags/tutorial_dag.py
[2024-10-23T04:39:21.369+0000] {processor.py:925} INFO - DAG(s) 'tutorial_dag' retrieved from /home/airflow/.local/lib/python3.12/site-packages/airflow/example_dags/tutorial_dag.py
[2024-10-23T04:39:21.390+0000] {logging_mixin.py:190} INFO - [2024-10-23T04:39:21.390+0000] {dag.py:3239} INFO - Sync 1 DAGs
[2024-10-23T04:39:21.405+0000] {logging_mixin.py:190} INFO - [2024-10-23T04:39:21.405+0000] {dag.py:4180} INFO - Setting next_dagrun for tutorial_dag to None, run_after=None
[2024-10-23T04:39:21.418+0000] {processor.py:208} INFO - Processing /home/airflow/.local/lib/python3.12/site-packages/airflow/example_dags/tutorial_dag.py took 0.091 seconds
[2024-10-23T04:39:52.336+0000] {processor.py:186} INFO - Started process (PID=15772) to work on /home/airflow/.local/lib/python3.12/site-packages/airflow/example_dags/tutorial_dag.py
[2024-10-23T04:39:52.337+0000] {processor.py:914} INFO - Processing file /home/airflow/.local/lib/python3.12/site-packages/airflow/example_dags/tutorial_dag.py for tasks to queue
[2024-10-23T04:39:52.338+0000] {logging_mixin.py:190} INFO - [2024-10-23T04:39:52.338+0000] {dagbag.py:588} INFO - Filling up the DagBag from /home/airflow/.local/lib/python3.12/site-packages/airflow/example_dags/tutorial_dag.py
[2024-10-23T04:39:52.346+0000] {processor.py:925} INFO - DAG(s) 'tutorial_dag' retrieved from /home/airflow/.local/lib/python3.12/site-packages/airflow/example_dags/tutorial_dag.py
[2024-10-23T04:39:52.365+0000] {logging_mixin.py:190} INFO - [2024-10-23T04:39:52.365+0000] {dag.py:3239} INFO - Sync 1 DAGs
[2024-10-23T04:39:52.379+0000] {logging_mixin.py:190} INFO - [2024-10-23T04:39:52.379+0000] {dag.py:4180} INFO - Setting next_dagrun for tutorial_dag to None, run_after=None
[2024-10-23T04:39:52.395+0000] {processor.py:208} INFO - Processing /home/airflow/.local/lib/python3.12/site-packages/airflow/example_dags/tutorial_dag.py took 0.065 seconds
[2024-10-23T04:40:22.890+0000] {processor.py:186} INFO - Started process (PID=15834) to work on /home/airflow/.local/lib/python3.12/site-packages/airflow/example_dags/tutorial_dag.py
[2024-10-23T04:40:22.896+0000] {processor.py:914} INFO - Processing file /home/airflow/.local/lib/python3.12/site-packages/airflow/example_dags/tutorial_dag.py for tasks to queue
[2024-10-23T04:40:22.899+0000] {logging_mixin.py:190} INFO - [2024-10-23T04:40:22.898+0000] {dagbag.py:588} INFO - Filling up the DagBag from /home/airflow/.local/lib/python3.12/site-packages/airflow/example_dags/tutorial_dag.py
[2024-10-23T04:40:22.909+0000] {processor.py:925} INFO - DAG(s) 'tutorial_dag' retrieved from /home/airflow/.local/lib/python3.12/site-packages/airflow/example_dags/tutorial_dag.py
[2024-10-23T04:40:22.939+0000] {logging_mixin.py:190} INFO - [2024-10-23T04:40:22.939+0000] {dag.py:3239} INFO - Sync 1 DAGs
[2024-10-23T04:40:23.197+0000] {logging_mixin.py:190} INFO - [2024-10-23T04:40:23.197+0000] {dag.py:4180} INFO - Setting next_dagrun for tutorial_dag to None, run_after=None
[2024-10-23T04:40:23.213+0000] {processor.py:208} INFO - Processing /home/airflow/.local/lib/python3.12/site-packages/airflow/example_dags/tutorial_dag.py took 0.339 seconds
[2024-10-23T04:40:53.771+0000] {processor.py:186} INFO - Started process (PID=15897) to work on /home/airflow/.local/lib/python3.12/site-packages/airflow/example_dags/tutorial_dag.py
[2024-10-23T04:40:53.772+0000] {processor.py:914} INFO - Processing file /home/airflow/.local/lib/python3.12/site-packages/airflow/example_dags/tutorial_dag.py for tasks to queue
[2024-10-23T04:40:53.773+0000] {logging_mixin.py:190} INFO - [2024-10-23T04:40:53.773+0000] {dagbag.py:588} INFO - Filling up the DagBag from /home/airflow/.local/lib/python3.12/site-packages/airflow/example_dags/tutorial_dag.py
[2024-10-23T04:40:53.780+0000] {processor.py:925} INFO - DAG(s) 'tutorial_dag' retrieved from /home/airflow/.local/lib/python3.12/site-packages/airflow/example_dags/tutorial_dag.py
[2024-10-23T04:40:53.799+0000] {logging_mixin.py:190} INFO - [2024-10-23T04:40:53.799+0000] {dag.py:3239} INFO - Sync 1 DAGs
[2024-10-23T04:40:53.809+0000] {logging_mixin.py:190} INFO - [2024-10-23T04:40:53.809+0000] {dag.py:4180} INFO - Setting next_dagrun for tutorial_dag to None, run_after=None
[2024-10-23T04:40:53.822+0000] {processor.py:208} INFO - Processing /home/airflow/.local/lib/python3.12/site-packages/airflow/example_dags/tutorial_dag.py took 0.056 seconds
[2024-10-23T04:41:24.491+0000] {processor.py:186} INFO - Started process (PID=15960) to work on /home/airflow/.local/lib/python3.12/site-packages/airflow/example_dags/tutorial_dag.py
[2024-10-23T04:41:24.493+0000] {processor.py:914} INFO - Processing file /home/airflow/.local/lib/python3.12/site-packages/airflow/example_dags/tutorial_dag.py for tasks to queue
[2024-10-23T04:41:24.496+0000] {logging_mixin.py:190} INFO - [2024-10-23T04:41:24.495+0000] {dagbag.py:588} INFO - Filling up the DagBag from /home/airflow/.local/lib/python3.12/site-packages/airflow/example_dags/tutorial_dag.py
[2024-10-23T04:41:24.501+0000] {processor.py:925} INFO - DAG(s) 'tutorial_dag' retrieved from /home/airflow/.local/lib/python3.12/site-packages/airflow/example_dags/tutorial_dag.py
[2024-10-23T04:41:24.515+0000] {logging_mixin.py:190} INFO - [2024-10-23T04:41:24.515+0000] {dag.py:3239} INFO - Sync 1 DAGs
[2024-10-23T04:41:24.527+0000] {logging_mixin.py:190} INFO - [2024-10-23T04:41:24.527+0000] {dag.py:4180} INFO - Setting next_dagrun for tutorial_dag to None, run_after=None
[2024-10-23T04:41:24.547+0000] {processor.py:208} INFO - Processing /home/airflow/.local/lib/python3.12/site-packages/airflow/example_dags/tutorial_dag.py took 0.064 seconds
[2024-10-23T04:41:55.388+0000] {processor.py:186} INFO - Started process (PID=16023) to work on /home/airflow/.local/lib/python3.12/site-packages/airflow/example_dags/tutorial_dag.py
[2024-10-23T04:41:55.391+0000] {processor.py:914} INFO - Processing file /home/airflow/.local/lib/python3.12/site-packages/airflow/example_dags/tutorial_dag.py for tasks to queue
[2024-10-23T04:41:55.395+0000] {logging_mixin.py:190} INFO - [2024-10-23T04:41:55.394+0000] {dagbag.py:588} INFO - Filling up the DagBag from /home/airflow/.local/lib/python3.12/site-packages/airflow/example_dags/tutorial_dag.py
[2024-10-23T04:41:55.404+0000] {processor.py:925} INFO - DAG(s) 'tutorial_dag' retrieved from /home/airflow/.local/lib/python3.12/site-packages/airflow/example_dags/tutorial_dag.py
[2024-10-23T04:41:55.422+0000] {logging_mixin.py:190} INFO - [2024-10-23T04:41:55.422+0000] {dag.py:3239} INFO - Sync 1 DAGs
[2024-10-23T04:41:55.433+0000] {logging_mixin.py:190} INFO - [2024-10-23T04:41:55.433+0000] {dag.py:4180} INFO - Setting next_dagrun for tutorial_dag to None, run_after=None
[2024-10-23T04:41:55.448+0000] {processor.py:208} INFO - Processing /home/airflow/.local/lib/python3.12/site-packages/airflow/example_dags/tutorial_dag.py took 0.066 seconds
[2024-10-23T04:42:25.535+0000] {processor.py:186} INFO - Started process (PID=16086) to work on /home/airflow/.local/lib/python3.12/site-packages/airflow/example_dags/tutorial_dag.py
[2024-10-23T04:42:25.537+0000] {processor.py:914} INFO - Processing file /home/airflow/.local/lib/python3.12/site-packages/airflow/example_dags/tutorial_dag.py for tasks to queue
[2024-10-23T04:42:25.538+0000] {logging_mixin.py:190} INFO - [2024-10-23T04:42:25.538+0000] {dagbag.py:588} INFO - Filling up the DagBag from /home/airflow/.local/lib/python3.12/site-packages/airflow/example_dags/tutorial_dag.py
[2024-10-23T04:42:25.545+0000] {processor.py:925} INFO - DAG(s) 'tutorial_dag' retrieved from /home/airflow/.local/lib/python3.12/site-packages/airflow/example_dags/tutorial_dag.py
[2024-10-23T04:42:25.564+0000] {logging_mixin.py:190} INFO - [2024-10-23T04:42:25.564+0000] {dag.py:3239} INFO - Sync 1 DAGs
[2024-10-23T04:42:25.582+0000] {logging_mixin.py:190} INFO - [2024-10-23T04:42:25.582+0000] {dag.py:4180} INFO - Setting next_dagrun for tutorial_dag to None, run_after=None
[2024-10-23T04:42:25.600+0000] {processor.py:208} INFO - Processing /home/airflow/.local/lib/python3.12/site-packages/airflow/example_dags/tutorial_dag.py took 0.072 seconds
[2024-10-23T04:42:56.667+0000] {processor.py:186} INFO - Started process (PID=16149) to work on /home/airflow/.local/lib/python3.12/site-packages/airflow/example_dags/tutorial_dag.py
[2024-10-23T04:42:56.668+0000] {processor.py:914} INFO - Processing file /home/airflow/.local/lib/python3.12/site-packages/airflow/example_dags/tutorial_dag.py for tasks to queue
[2024-10-23T04:42:56.668+0000] {logging_mixin.py:190} INFO - [2024-10-23T04:42:56.668+0000] {dagbag.py:588} INFO - Filling up the DagBag from /home/airflow/.local/lib/python3.12/site-packages/airflow/example_dags/tutorial_dag.py
[2024-10-23T04:42:56.674+0000] {processor.py:925} INFO - DAG(s) 'tutorial_dag' retrieved from /home/airflow/.local/lib/python3.12/site-packages/airflow/example_dags/tutorial_dag.py
[2024-10-23T04:42:56.686+0000] {logging_mixin.py:190} INFO - [2024-10-23T04:42:56.686+0000] {dag.py:3239} INFO - Sync 1 DAGs
[2024-10-23T04:42:56.696+0000] {logging_mixin.py:190} INFO - [2024-10-23T04:42:56.696+0000] {dag.py:4180} INFO - Setting next_dagrun for tutorial_dag to None, run_after=None
[2024-10-23T04:42:56.710+0000] {processor.py:208} INFO - Processing /home/airflow/.local/lib/python3.12/site-packages/airflow/example_dags/tutorial_dag.py took 0.047 seconds
[2024-10-23T04:43:27.772+0000] {processor.py:186} INFO - Started process (PID=16212) to work on /home/airflow/.local/lib/python3.12/site-packages/airflow/example_dags/tutorial_dag.py
[2024-10-23T04:43:27.773+0000] {processor.py:914} INFO - Processing file /home/airflow/.local/lib/python3.12/site-packages/airflow/example_dags/tutorial_dag.py for tasks to queue
[2024-10-23T04:43:27.774+0000] {logging_mixin.py:190} INFO - [2024-10-23T04:43:27.773+0000] {dagbag.py:588} INFO - Filling up the DagBag from /home/airflow/.local/lib/python3.12/site-packages/airflow/example_dags/tutorial_dag.py
[2024-10-23T04:43:27.778+0000] {processor.py:925} INFO - DAG(s) 'tutorial_dag' retrieved from /home/airflow/.local/lib/python3.12/site-packages/airflow/example_dags/tutorial_dag.py
[2024-10-23T04:43:27.791+0000] {logging_mixin.py:190} INFO - [2024-10-23T04:43:27.790+0000] {dag.py:3239} INFO - Sync 1 DAGs
[2024-10-23T04:43:27.807+0000] {logging_mixin.py:190} INFO - [2024-10-23T04:43:27.807+0000] {dag.py:4180} INFO - Setting next_dagrun for tutorial_dag to None, run_after=None
[2024-10-23T04:43:27.817+0000] {processor.py:208} INFO - Processing /home/airflow/.local/lib/python3.12/site-packages/airflow/example_dags/tutorial_dag.py took 0.050 seconds
[2024-10-23T04:43:58.922+0000] {processor.py:186} INFO - Started process (PID=16275) to work on /home/airflow/.local/lib/python3.12/site-packages/airflow/example_dags/tutorial_dag.py
[2024-10-23T04:43:58.923+0000] {processor.py:914} INFO - Processing file /home/airflow/.local/lib/python3.12/site-packages/airflow/example_dags/tutorial_dag.py for tasks to queue
[2024-10-23T04:43:58.924+0000] {logging_mixin.py:190} INFO - [2024-10-23T04:43:58.924+0000] {dagbag.py:588} INFO - Filling up the DagBag from /home/airflow/.local/lib/python3.12/site-packages/airflow/example_dags/tutorial_dag.py
[2024-10-23T04:43:58.929+0000] {processor.py:925} INFO - DAG(s) 'tutorial_dag' retrieved from /home/airflow/.local/lib/python3.12/site-packages/airflow/example_dags/tutorial_dag.py
[2024-10-23T04:43:58.942+0000] {logging_mixin.py:190} INFO - [2024-10-23T04:43:58.942+0000] {dag.py:3239} INFO - Sync 1 DAGs
[2024-10-23T04:43:58.952+0000] {logging_mixin.py:190} INFO - [2024-10-23T04:43:58.952+0000] {dag.py:4180} INFO - Setting next_dagrun for tutorial_dag to None, run_after=None
[2024-10-23T04:43:58.964+0000] {processor.py:208} INFO - Processing /home/airflow/.local/lib/python3.12/site-packages/airflow/example_dags/tutorial_dag.py took 0.051 seconds
[2024-10-23T04:44:29.902+0000] {processor.py:186} INFO - Started process (PID=16338) to work on /home/airflow/.local/lib/python3.12/site-packages/airflow/example_dags/tutorial_dag.py
[2024-10-23T04:44:29.904+0000] {processor.py:914} INFO - Processing file /home/airflow/.local/lib/python3.12/site-packages/airflow/example_dags/tutorial_dag.py for tasks to queue
[2024-10-23T04:44:29.905+0000] {logging_mixin.py:190} INFO - [2024-10-23T04:44:29.905+0000] {dagbag.py:588} INFO - Filling up the DagBag from /home/airflow/.local/lib/python3.12/site-packages/airflow/example_dags/tutorial_dag.py
[2024-10-23T04:44:29.912+0000] {processor.py:925} INFO - DAG(s) 'tutorial_dag' retrieved from /home/airflow/.local/lib/python3.12/site-packages/airflow/example_dags/tutorial_dag.py
[2024-10-23T04:44:29.931+0000] {logging_mixin.py:190} INFO - [2024-10-23T04:44:29.930+0000] {dag.py:3239} INFO - Sync 1 DAGs
[2024-10-23T04:44:29.943+0000] {logging_mixin.py:190} INFO - [2024-10-23T04:44:29.943+0000] {dag.py:4180} INFO - Setting next_dagrun for tutorial_dag to None, run_after=None
[2024-10-23T04:44:29.956+0000] {processor.py:208} INFO - Processing /home/airflow/.local/lib/python3.12/site-packages/airflow/example_dags/tutorial_dag.py took 0.058 seconds
[2024-10-23T04:45:01.120+0000] {processor.py:186} INFO - Started process (PID=16401) to work on /home/airflow/.local/lib/python3.12/site-packages/airflow/example_dags/tutorial_dag.py
[2024-10-23T04:45:01.121+0000] {processor.py:914} INFO - Processing file /home/airflow/.local/lib/python3.12/site-packages/airflow/example_dags/tutorial_dag.py for tasks to queue
[2024-10-23T04:45:01.122+0000] {logging_mixin.py:190} INFO - [2024-10-23T04:45:01.122+0000] {dagbag.py:588} INFO - Filling up the DagBag from /home/airflow/.local/lib/python3.12/site-packages/airflow/example_dags/tutorial_dag.py
[2024-10-23T04:45:01.128+0000] {processor.py:925} INFO - DAG(s) 'tutorial_dag' retrieved from /home/airflow/.local/lib/python3.12/site-packages/airflow/example_dags/tutorial_dag.py
[2024-10-23T04:45:01.145+0000] {logging_mixin.py:190} INFO - [2024-10-23T04:45:01.145+0000] {dag.py:3239} INFO - Sync 1 DAGs
[2024-10-23T04:45:01.157+0000] {logging_mixin.py:190} INFO - [2024-10-23T04:45:01.157+0000] {dag.py:4180} INFO - Setting next_dagrun for tutorial_dag to None, run_after=None
[2024-10-23T04:45:01.172+0000] {processor.py:208} INFO - Processing /home/airflow/.local/lib/python3.12/site-packages/airflow/example_dags/tutorial_dag.py took 0.058 seconds
[2024-10-23T04:45:32.303+0000] {processor.py:186} INFO - Started process (PID=16464) to work on /home/airflow/.local/lib/python3.12/site-packages/airflow/example_dags/tutorial_dag.py
[2024-10-23T04:45:32.303+0000] {processor.py:914} INFO - Processing file /home/airflow/.local/lib/python3.12/site-packages/airflow/example_dags/tutorial_dag.py for tasks to queue
[2024-10-23T04:45:32.304+0000] {logging_mixin.py:190} INFO - [2024-10-23T04:45:32.304+0000] {dagbag.py:588} INFO - Filling up the DagBag from /home/airflow/.local/lib/python3.12/site-packages/airflow/example_dags/tutorial_dag.py
[2024-10-23T04:45:32.309+0000] {processor.py:925} INFO - DAG(s) 'tutorial_dag' retrieved from /home/airflow/.local/lib/python3.12/site-packages/airflow/example_dags/tutorial_dag.py
[2024-10-23T04:45:32.326+0000] {logging_mixin.py:190} INFO - [2024-10-23T04:45:32.326+0000] {dag.py:3239} INFO - Sync 1 DAGs
[2024-10-23T04:45:32.335+0000] {logging_mixin.py:190} INFO - [2024-10-23T04:45:32.335+0000] {dag.py:4180} INFO - Setting next_dagrun for tutorial_dag to None, run_after=None
[2024-10-23T04:45:32.346+0000] {processor.py:208} INFO - Processing /home/airflow/.local/lib/python3.12/site-packages/airflow/example_dags/tutorial_dag.py took 0.047 seconds
[2024-10-23T07:12:07.344+0000] {processor.py:186} INFO - Started process (PID=34476) to work on /home/airflow/.local/lib/python3.12/site-packages/airflow/example_dags/tutorial_dag.py
[2024-10-23T07:12:07.345+0000] {processor.py:914} INFO - Processing file /home/airflow/.local/lib/python3.12/site-packages/airflow/example_dags/tutorial_dag.py for tasks to queue
[2024-10-23T07:12:07.346+0000] {logging_mixin.py:190} INFO - [2024-10-23T07:12:07.346+0000] {dagbag.py:588} INFO - Filling up the DagBag from /home/airflow/.local/lib/python3.12/site-packages/airflow/example_dags/tutorial_dag.py
[2024-10-23T07:12:07.352+0000] {processor.py:925} INFO - DAG(s) 'tutorial_dag' retrieved from /home/airflow/.local/lib/python3.12/site-packages/airflow/example_dags/tutorial_dag.py
[2024-10-23T07:12:07.367+0000] {logging_mixin.py:190} INFO - [2024-10-23T07:12:07.367+0000] {dag.py:3239} INFO - Sync 1 DAGs
[2024-10-23T07:12:07.376+0000] {logging_mixin.py:190} INFO - [2024-10-23T07:12:07.376+0000] {dag.py:4180} INFO - Setting next_dagrun for tutorial_dag to None, run_after=None
[2024-10-23T07:12:07.387+0000] {processor.py:208} INFO - Processing /home/airflow/.local/lib/python3.12/site-packages/airflow/example_dags/tutorial_dag.py took 0.051 seconds
[2024-10-23T07:12:37.931+0000] {processor.py:186} INFO - Started process (PID=34539) to work on /home/airflow/.local/lib/python3.12/site-packages/airflow/example_dags/tutorial_dag.py
[2024-10-23T07:12:37.932+0000] {processor.py:914} INFO - Processing file /home/airflow/.local/lib/python3.12/site-packages/airflow/example_dags/tutorial_dag.py for tasks to queue
[2024-10-23T07:12:37.932+0000] {logging_mixin.py:190} INFO - [2024-10-23T07:12:37.932+0000] {dagbag.py:588} INFO - Filling up the DagBag from /home/airflow/.local/lib/python3.12/site-packages/airflow/example_dags/tutorial_dag.py
[2024-10-23T07:12:37.938+0000] {processor.py:925} INFO - DAG(s) 'tutorial_dag' retrieved from /home/airflow/.local/lib/python3.12/site-packages/airflow/example_dags/tutorial_dag.py
[2024-10-23T07:12:37.952+0000] {logging_mixin.py:190} INFO - [2024-10-23T07:12:37.952+0000] {dag.py:3239} INFO - Sync 1 DAGs
[2024-10-23T07:12:37.963+0000] {logging_mixin.py:190} INFO - [2024-10-23T07:12:37.963+0000] {dag.py:4180} INFO - Setting next_dagrun for tutorial_dag to None, run_after=None
[2024-10-23T07:12:37.975+0000] {processor.py:208} INFO - Processing /home/airflow/.local/lib/python3.12/site-packages/airflow/example_dags/tutorial_dag.py took 0.049 seconds
[2024-10-23T07:13:08.012+0000] {processor.py:186} INFO - Started process (PID=34601) to work on /home/airflow/.local/lib/python3.12/site-packages/airflow/example_dags/tutorial_dag.py
[2024-10-23T07:13:08.013+0000] {processor.py:914} INFO - Processing file /home/airflow/.local/lib/python3.12/site-packages/airflow/example_dags/tutorial_dag.py for tasks to queue
[2024-10-23T07:13:08.014+0000] {logging_mixin.py:190} INFO - [2024-10-23T07:13:08.014+0000] {dagbag.py:588} INFO - Filling up the DagBag from /home/airflow/.local/lib/python3.12/site-packages/airflow/example_dags/tutorial_dag.py
[2024-10-23T07:13:08.019+0000] {processor.py:925} INFO - DAG(s) 'tutorial_dag' retrieved from /home/airflow/.local/lib/python3.12/site-packages/airflow/example_dags/tutorial_dag.py
[2024-10-23T07:13:08.033+0000] {logging_mixin.py:190} INFO - [2024-10-23T07:13:08.033+0000] {dag.py:3239} INFO - Sync 1 DAGs
[2024-10-23T07:13:08.043+0000] {logging_mixin.py:190} INFO - [2024-10-23T07:13:08.043+0000] {dag.py:4180} INFO - Setting next_dagrun for tutorial_dag to None, run_after=None
[2024-10-23T07:13:08.054+0000] {processor.py:208} INFO - Processing /home/airflow/.local/lib/python3.12/site-packages/airflow/example_dags/tutorial_dag.py took 0.046 seconds
[2024-10-23T07:13:38.633+0000] {processor.py:186} INFO - Started process (PID=34664) to work on /home/airflow/.local/lib/python3.12/site-packages/airflow/example_dags/tutorial_dag.py
[2024-10-23T07:13:38.634+0000] {processor.py:914} INFO - Processing file /home/airflow/.local/lib/python3.12/site-packages/airflow/example_dags/tutorial_dag.py for tasks to queue
[2024-10-23T07:13:38.635+0000] {logging_mixin.py:190} INFO - [2024-10-23T07:13:38.634+0000] {dagbag.py:588} INFO - Filling up the DagBag from /home/airflow/.local/lib/python3.12/site-packages/airflow/example_dags/tutorial_dag.py
[2024-10-23T07:13:38.639+0000] {processor.py:925} INFO - DAG(s) 'tutorial_dag' retrieved from /home/airflow/.local/lib/python3.12/site-packages/airflow/example_dags/tutorial_dag.py
[2024-10-23T07:13:38.654+0000] {logging_mixin.py:190} INFO - [2024-10-23T07:13:38.654+0000] {dag.py:3239} INFO - Sync 1 DAGs
[2024-10-23T07:13:38.663+0000] {logging_mixin.py:190} INFO - [2024-10-23T07:13:38.663+0000] {dag.py:4180} INFO - Setting next_dagrun for tutorial_dag to None, run_after=None
[2024-10-23T07:13:38.676+0000] {processor.py:208} INFO - Processing /home/airflow/.local/lib/python3.12/site-packages/airflow/example_dags/tutorial_dag.py took 0.047 seconds
[2024-10-23T07:14:09.035+0000] {processor.py:186} INFO - Started process (PID=34727) to work on /home/airflow/.local/lib/python3.12/site-packages/airflow/example_dags/tutorial_dag.py
[2024-10-23T07:14:09.036+0000] {processor.py:914} INFO - Processing file /home/airflow/.local/lib/python3.12/site-packages/airflow/example_dags/tutorial_dag.py for tasks to queue
[2024-10-23T07:14:09.037+0000] {logging_mixin.py:190} INFO - [2024-10-23T07:14:09.036+0000] {dagbag.py:588} INFO - Filling up the DagBag from /home/airflow/.local/lib/python3.12/site-packages/airflow/example_dags/tutorial_dag.py
[2024-10-23T07:14:09.043+0000] {processor.py:925} INFO - DAG(s) 'tutorial_dag' retrieved from /home/airflow/.local/lib/python3.12/site-packages/airflow/example_dags/tutorial_dag.py
[2024-10-23T07:14:09.056+0000] {logging_mixin.py:190} INFO - [2024-10-23T07:14:09.056+0000] {dag.py:3239} INFO - Sync 1 DAGs
[2024-10-23T07:14:09.066+0000] {logging_mixin.py:190} INFO - [2024-10-23T07:14:09.066+0000] {dag.py:4180} INFO - Setting next_dagrun for tutorial_dag to None, run_after=None
[2024-10-23T07:14:09.077+0000] {processor.py:208} INFO - Processing /home/airflow/.local/lib/python3.12/site-packages/airflow/example_dags/tutorial_dag.py took 0.047 seconds
[2024-10-23T07:14:40.882+0000] {processor.py:186} INFO - Started process (PID=34790) to work on /home/airflow/.local/lib/python3.12/site-packages/airflow/example_dags/tutorial_dag.py
[2024-10-23T07:14:40.883+0000] {processor.py:914} INFO - Processing file /home/airflow/.local/lib/python3.12/site-packages/airflow/example_dags/tutorial_dag.py for tasks to queue
[2024-10-23T07:14:40.885+0000] {logging_mixin.py:190} INFO - [2024-10-23T07:14:40.884+0000] {dagbag.py:588} INFO - Filling up the DagBag from /home/airflow/.local/lib/python3.12/site-packages/airflow/example_dags/tutorial_dag.py
[2024-10-23T07:14:40.892+0000] {processor.py:925} INFO - DAG(s) 'tutorial_dag' retrieved from /home/airflow/.local/lib/python3.12/site-packages/airflow/example_dags/tutorial_dag.py
[2024-10-23T07:14:40.907+0000] {logging_mixin.py:190} INFO - [2024-10-23T07:14:40.907+0000] {dag.py:3239} INFO - Sync 1 DAGs
[2024-10-23T07:14:41.241+0000] {logging_mixin.py:190} INFO - [2024-10-23T07:14:41.241+0000] {dag.py:4180} INFO - Setting next_dagrun for tutorial_dag to None, run_after=None
[2024-10-23T07:14:41.256+0000] {processor.py:208} INFO - Processing /home/airflow/.local/lib/python3.12/site-packages/airflow/example_dags/tutorial_dag.py took 0.379 seconds
[2024-10-23T07:15:12.375+0000] {processor.py:186} INFO - Started process (PID=34853) to work on /home/airflow/.local/lib/python3.12/site-packages/airflow/example_dags/tutorial_dag.py
[2024-10-23T07:15:12.376+0000] {processor.py:914} INFO - Processing file /home/airflow/.local/lib/python3.12/site-packages/airflow/example_dags/tutorial_dag.py for tasks to queue
[2024-10-23T07:15:12.376+0000] {logging_mixin.py:190} INFO - [2024-10-23T07:15:12.376+0000] {dagbag.py:588} INFO - Filling up the DagBag from /home/airflow/.local/lib/python3.12/site-packages/airflow/example_dags/tutorial_dag.py
[2024-10-23T07:15:12.382+0000] {processor.py:925} INFO - DAG(s) 'tutorial_dag' retrieved from /home/airflow/.local/lib/python3.12/site-packages/airflow/example_dags/tutorial_dag.py
[2024-10-23T07:15:12.396+0000] {logging_mixin.py:190} INFO - [2024-10-23T07:15:12.396+0000] {dag.py:3239} INFO - Sync 1 DAGs
[2024-10-23T07:15:12.409+0000] {logging_mixin.py:190} INFO - [2024-10-23T07:15:12.409+0000] {dag.py:4180} INFO - Setting next_dagrun for tutorial_dag to None, run_after=None
[2024-10-23T07:15:12.580+0000] {processor.py:208} INFO - Processing /home/airflow/.local/lib/python3.12/site-packages/airflow/example_dags/tutorial_dag.py took 0.209 seconds
[2024-10-23T07:15:43.780+0000] {processor.py:186} INFO - Started process (PID=34917) to work on /home/airflow/.local/lib/python3.12/site-packages/airflow/example_dags/tutorial_dag.py
[2024-10-23T07:15:43.783+0000] {processor.py:914} INFO - Processing file /home/airflow/.local/lib/python3.12/site-packages/airflow/example_dags/tutorial_dag.py for tasks to queue
[2024-10-23T07:15:43.788+0000] {logging_mixin.py:190} INFO - [2024-10-23T07:15:43.787+0000] {dagbag.py:588} INFO - Filling up the DagBag from /home/airflow/.local/lib/python3.12/site-packages/airflow/example_dags/tutorial_dag.py
[2024-10-23T07:15:43.802+0000] {processor.py:925} INFO - DAG(s) 'tutorial_dag' retrieved from /home/airflow/.local/lib/python3.12/site-packages/airflow/example_dags/tutorial_dag.py
[2024-10-23T07:15:43.843+0000] {logging_mixin.py:190} INFO - [2024-10-23T07:15:43.842+0000] {dag.py:3239} INFO - Sync 1 DAGs
[2024-10-23T07:15:43.970+0000] {logging_mixin.py:190} INFO - [2024-10-23T07:15:43.970+0000] {dag.py:4180} INFO - Setting next_dagrun for tutorial_dag to None, run_after=None
[2024-10-23T07:15:44.008+0000] {processor.py:208} INFO - Processing /home/airflow/.local/lib/python3.12/site-packages/airflow/example_dags/tutorial_dag.py took 0.242 seconds
[2024-10-23T07:16:14.861+0000] {processor.py:186} INFO - Started process (PID=34980) to work on /home/airflow/.local/lib/python3.12/site-packages/airflow/example_dags/tutorial_dag.py
[2024-10-23T07:16:14.863+0000] {processor.py:914} INFO - Processing file /home/airflow/.local/lib/python3.12/site-packages/airflow/example_dags/tutorial_dag.py for tasks to queue
[2024-10-23T07:16:14.868+0000] {logging_mixin.py:190} INFO - [2024-10-23T07:16:14.867+0000] {dagbag.py:588} INFO - Filling up the DagBag from /home/airflow/.local/lib/python3.12/site-packages/airflow/example_dags/tutorial_dag.py
[2024-10-23T07:16:14.919+0000] {processor.py:925} INFO - DAG(s) 'tutorial_dag' retrieved from /home/airflow/.local/lib/python3.12/site-packages/airflow/example_dags/tutorial_dag.py
[2024-10-23T07:16:14.969+0000] {logging_mixin.py:190} INFO - [2024-10-23T07:16:14.969+0000] {dag.py:3239} INFO - Sync 1 DAGs
[2024-10-23T07:16:15.005+0000] {logging_mixin.py:190} INFO - [2024-10-23T07:16:15.003+0000] {dag.py:4180} INFO - Setting next_dagrun for tutorial_dag to None, run_after=None
[2024-10-23T07:16:15.157+0000] {processor.py:208} INFO - Processing /home/airflow/.local/lib/python3.12/site-packages/airflow/example_dags/tutorial_dag.py took 0.305 seconds
[2024-10-23T07:16:45.549+0000] {processor.py:186} INFO - Started process (PID=35043) to work on /home/airflow/.local/lib/python3.12/site-packages/airflow/example_dags/tutorial_dag.py
[2024-10-23T07:16:45.551+0000] {processor.py:914} INFO - Processing file /home/airflow/.local/lib/python3.12/site-packages/airflow/example_dags/tutorial_dag.py for tasks to queue
[2024-10-23T07:16:45.553+0000] {logging_mixin.py:190} INFO - [2024-10-23T07:16:45.552+0000] {dagbag.py:588} INFO - Filling up the DagBag from /home/airflow/.local/lib/python3.12/site-packages/airflow/example_dags/tutorial_dag.py
[2024-10-23T07:16:45.562+0000] {processor.py:925} INFO - DAG(s) 'tutorial_dag' retrieved from /home/airflow/.local/lib/python3.12/site-packages/airflow/example_dags/tutorial_dag.py
[2024-10-23T07:16:45.580+0000] {logging_mixin.py:190} INFO - [2024-10-23T07:16:45.580+0000] {dag.py:3239} INFO - Sync 1 DAGs
[2024-10-23T07:16:45.592+0000] {logging_mixin.py:190} INFO - [2024-10-23T07:16:45.592+0000] {dag.py:4180} INFO - Setting next_dagrun for tutorial_dag to None, run_after=None
[2024-10-23T07:16:45.605+0000] {processor.py:208} INFO - Processing /home/airflow/.local/lib/python3.12/site-packages/airflow/example_dags/tutorial_dag.py took 0.060 seconds
[2024-10-23T07:17:15.691+0000] {processor.py:186} INFO - Started process (PID=35105) to work on /home/airflow/.local/lib/python3.12/site-packages/airflow/example_dags/tutorial_dag.py
[2024-10-23T07:17:15.693+0000] {processor.py:914} INFO - Processing file /home/airflow/.local/lib/python3.12/site-packages/airflow/example_dags/tutorial_dag.py for tasks to queue
[2024-10-23T07:17:15.694+0000] {logging_mixin.py:190} INFO - [2024-10-23T07:17:15.694+0000] {dagbag.py:588} INFO - Filling up the DagBag from /home/airflow/.local/lib/python3.12/site-packages/airflow/example_dags/tutorial_dag.py
[2024-10-23T07:17:15.702+0000] {processor.py:925} INFO - DAG(s) 'tutorial_dag' retrieved from /home/airflow/.local/lib/python3.12/site-packages/airflow/example_dags/tutorial_dag.py
[2024-10-23T07:17:15.719+0000] {logging_mixin.py:190} INFO - [2024-10-23T07:17:15.719+0000] {dag.py:3239} INFO - Sync 1 DAGs
[2024-10-23T07:17:15.730+0000] {logging_mixin.py:190} INFO - [2024-10-23T07:17:15.730+0000] {dag.py:4180} INFO - Setting next_dagrun for tutorial_dag to None, run_after=None
[2024-10-23T07:17:15.742+0000] {processor.py:208} INFO - Processing /home/airflow/.local/lib/python3.12/site-packages/airflow/example_dags/tutorial_dag.py took 0.058 seconds
[2024-10-23T07:17:46.290+0000] {processor.py:186} INFO - Started process (PID=35169) to work on /home/airflow/.local/lib/python3.12/site-packages/airflow/example_dags/tutorial_dag.py
[2024-10-23T07:17:46.295+0000] {processor.py:914} INFO - Processing file /home/airflow/.local/lib/python3.12/site-packages/airflow/example_dags/tutorial_dag.py for tasks to queue
[2024-10-23T07:17:46.298+0000] {logging_mixin.py:190} INFO - [2024-10-23T07:17:46.297+0000] {dagbag.py:588} INFO - Filling up the DagBag from /home/airflow/.local/lib/python3.12/site-packages/airflow/example_dags/tutorial_dag.py
[2024-10-23T07:17:46.308+0000] {processor.py:925} INFO - DAG(s) 'tutorial_dag' retrieved from /home/airflow/.local/lib/python3.12/site-packages/airflow/example_dags/tutorial_dag.py
[2024-10-23T07:17:46.334+0000] {logging_mixin.py:190} INFO - [2024-10-23T07:17:46.333+0000] {dag.py:3239} INFO - Sync 1 DAGs
[2024-10-23T07:17:46.354+0000] {logging_mixin.py:190} INFO - [2024-10-23T07:17:46.353+0000] {dag.py:4180} INFO - Setting next_dagrun for tutorial_dag to None, run_after=None
[2024-10-23T07:17:46.371+0000] {processor.py:208} INFO - Processing /home/airflow/.local/lib/python3.12/site-packages/airflow/example_dags/tutorial_dag.py took 0.088 seconds
[2024-10-23T07:18:16.722+0000] {processor.py:186} INFO - Started process (PID=35232) to work on /home/airflow/.local/lib/python3.12/site-packages/airflow/example_dags/tutorial_dag.py
[2024-10-23T07:18:16.725+0000] {processor.py:914} INFO - Processing file /home/airflow/.local/lib/python3.12/site-packages/airflow/example_dags/tutorial_dag.py for tasks to queue
[2024-10-23T07:18:16.728+0000] {logging_mixin.py:190} INFO - [2024-10-23T07:18:16.727+0000] {dagbag.py:588} INFO - Filling up the DagBag from /home/airflow/.local/lib/python3.12/site-packages/airflow/example_dags/tutorial_dag.py
[2024-10-23T07:18:16.745+0000] {processor.py:925} INFO - DAG(s) 'tutorial_dag' retrieved from /home/airflow/.local/lib/python3.12/site-packages/airflow/example_dags/tutorial_dag.py
[2024-10-23T07:18:16.775+0000] {logging_mixin.py:190} INFO - [2024-10-23T07:18:16.775+0000] {dag.py:3239} INFO - Sync 1 DAGs
[2024-10-23T07:18:16.794+0000] {logging_mixin.py:190} INFO - [2024-10-23T07:18:16.794+0000] {dag.py:4180} INFO - Setting next_dagrun for tutorial_dag to None, run_after=None
[2024-10-23T07:18:16.810+0000] {processor.py:208} INFO - Processing /home/airflow/.local/lib/python3.12/site-packages/airflow/example_dags/tutorial_dag.py took 0.106 seconds
[2024-10-23T07:18:47.551+0000] {processor.py:186} INFO - Started process (PID=35295) to work on /home/airflow/.local/lib/python3.12/site-packages/airflow/example_dags/tutorial_dag.py
[2024-10-23T07:18:47.552+0000] {processor.py:914} INFO - Processing file /home/airflow/.local/lib/python3.12/site-packages/airflow/example_dags/tutorial_dag.py for tasks to queue
[2024-10-23T07:18:47.554+0000] {logging_mixin.py:190} INFO - [2024-10-23T07:18:47.554+0000] {dagbag.py:588} INFO - Filling up the DagBag from /home/airflow/.local/lib/python3.12/site-packages/airflow/example_dags/tutorial_dag.py
[2024-10-23T07:18:47.564+0000] {processor.py:925} INFO - DAG(s) 'tutorial_dag' retrieved from /home/airflow/.local/lib/python3.12/site-packages/airflow/example_dags/tutorial_dag.py
[2024-10-23T07:18:47.585+0000] {logging_mixin.py:190} INFO - [2024-10-23T07:18:47.585+0000] {dag.py:3239} INFO - Sync 1 DAGs
[2024-10-23T07:18:47.603+0000] {logging_mixin.py:190} INFO - [2024-10-23T07:18:47.603+0000] {dag.py:4180} INFO - Setting next_dagrun for tutorial_dag to None, run_after=None
[2024-10-23T07:18:47.617+0000] {processor.py:208} INFO - Processing /home/airflow/.local/lib/python3.12/site-packages/airflow/example_dags/tutorial_dag.py took 0.071 seconds
[2024-10-23T07:19:18.184+0000] {processor.py:186} INFO - Started process (PID=35360) to work on /home/airflow/.local/lib/python3.12/site-packages/airflow/example_dags/tutorial_dag.py
[2024-10-23T07:19:18.189+0000] {processor.py:914} INFO - Processing file /home/airflow/.local/lib/python3.12/site-packages/airflow/example_dags/tutorial_dag.py for tasks to queue
[2024-10-23T07:19:18.190+0000] {logging_mixin.py:190} INFO - [2024-10-23T07:19:18.190+0000] {dagbag.py:588} INFO - Filling up the DagBag from /home/airflow/.local/lib/python3.12/site-packages/airflow/example_dags/tutorial_dag.py
[2024-10-23T07:19:18.200+0000] {processor.py:925} INFO - DAG(s) 'tutorial_dag' retrieved from /home/airflow/.local/lib/python3.12/site-packages/airflow/example_dags/tutorial_dag.py
[2024-10-23T07:19:18.218+0000] {logging_mixin.py:190} INFO - [2024-10-23T07:19:18.217+0000] {dag.py:3239} INFO - Sync 1 DAGs
[2024-10-23T07:19:18.230+0000] {logging_mixin.py:190} INFO - [2024-10-23T07:19:18.229+0000] {dag.py:4180} INFO - Setting next_dagrun for tutorial_dag to None, run_after=None
[2024-10-23T07:19:18.241+0000] {processor.py:208} INFO - Processing /home/airflow/.local/lib/python3.12/site-packages/airflow/example_dags/tutorial_dag.py took 0.063 seconds
[2024-10-23T07:19:48.923+0000] {processor.py:186} INFO - Started process (PID=35424) to work on /home/airflow/.local/lib/python3.12/site-packages/airflow/example_dags/tutorial_dag.py
[2024-10-23T07:19:48.928+0000] {processor.py:914} INFO - Processing file /home/airflow/.local/lib/python3.12/site-packages/airflow/example_dags/tutorial_dag.py for tasks to queue
[2024-10-23T07:19:48.930+0000] {logging_mixin.py:190} INFO - [2024-10-23T07:19:48.930+0000] {dagbag.py:588} INFO - Filling up the DagBag from /home/airflow/.local/lib/python3.12/site-packages/airflow/example_dags/tutorial_dag.py
[2024-10-23T07:19:48.937+0000] {processor.py:925} INFO - DAG(s) 'tutorial_dag' retrieved from /home/airflow/.local/lib/python3.12/site-packages/airflow/example_dags/tutorial_dag.py
[2024-10-23T07:19:48.952+0000] {logging_mixin.py:190} INFO - [2024-10-23T07:19:48.952+0000] {dag.py:3239} INFO - Sync 1 DAGs
[2024-10-23T07:19:48.966+0000] {logging_mixin.py:190} INFO - [2024-10-23T07:19:48.966+0000] {dag.py:4180} INFO - Setting next_dagrun for tutorial_dag to None, run_after=None
[2024-10-23T07:19:48.984+0000] {processor.py:208} INFO - Processing /home/airflow/.local/lib/python3.12/site-packages/airflow/example_dags/tutorial_dag.py took 0.067 seconds
