[2024-10-23T02:32:06.361+0000] {processor.py:186} INFO - Started process (PID=13735) to work on /home/airflow/.local/lib/python3.12/site-packages/airflow/example_dags/tutorial.py
[2024-10-23T02:32:06.365+0000] {processor.py:914} INFO - Processing file /home/airflow/.local/lib/python3.12/site-packages/airflow/example_dags/tutorial.py for tasks to queue
[2024-10-23T02:32:06.367+0000] {logging_mixin.py:190} INFO - [2024-10-23T02:32:06.367+0000] {dagbag.py:588} INFO - Filling up the DagBag from /home/airflow/.local/lib/python3.12/site-packages/airflow/example_dags/tutorial.py
[2024-10-23T02:32:06.378+0000] {processor.py:925} INFO - DAG(s) 'tutorial' retrieved from /home/airflow/.local/lib/python3.12/site-packages/airflow/example_dags/tutorial.py
[2024-10-23T02:32:06.403+0000] {logging_mixin.py:190} INFO - [2024-10-23T02:32:06.403+0000] {dag.py:3239} INFO - Sync 1 DAGs
[2024-10-23T02:32:06.427+0000] {logging_mixin.py:190} INFO - [2024-10-23T02:32:06.426+0000] {dag.py:4180} INFO - Setting next_dagrun for tutorial to 2024-10-22 00:00:00+00:00, run_after=2024-10-23 00:00:00+00:00
[2024-10-23T02:32:06.457+0000] {processor.py:208} INFO - Processing /home/airflow/.local/lib/python3.12/site-packages/airflow/example_dags/tutorial.py took 0.106 seconds
[2024-10-23T04:23:44.507+0000] {processor.py:186} INFO - Started process (PID=13798) to work on /home/airflow/.local/lib/python3.12/site-packages/airflow/example_dags/tutorial.py
[2024-10-23T04:23:44.508+0000] {processor.py:914} INFO - Processing file /home/airflow/.local/lib/python3.12/site-packages/airflow/example_dags/tutorial.py for tasks to queue
[2024-10-23T04:23:44.510+0000] {logging_mixin.py:190} INFO - [2024-10-23T04:23:44.510+0000] {dagbag.py:588} INFO - Filling up the DagBag from /home/airflow/.local/lib/python3.12/site-packages/airflow/example_dags/tutorial.py
[2024-10-23T04:23:44.519+0000] {processor.py:925} INFO - DAG(s) 'tutorial' retrieved from /home/airflow/.local/lib/python3.12/site-packages/airflow/example_dags/tutorial.py
[2024-10-23T04:23:44.535+0000] {logging_mixin.py:190} INFO - [2024-10-23T04:23:44.535+0000] {dag.py:3239} INFO - Sync 1 DAGs
[2024-10-23T04:23:44.551+0000] {logging_mixin.py:190} INFO - [2024-10-23T04:23:44.551+0000] {dag.py:4180} INFO - Setting next_dagrun for tutorial to 2024-10-22 00:00:00+00:00, run_after=2024-10-23 00:00:00+00:00
[2024-10-23T04:23:44.568+0000] {processor.py:208} INFO - Processing /home/airflow/.local/lib/python3.12/site-packages/airflow/example_dags/tutorial.py took 0.066 seconds
[2024-10-23T04:24:14.615+0000] {processor.py:186} INFO - Started process (PID=13860) to work on /home/airflow/.local/lib/python3.12/site-packages/airflow/example_dags/tutorial.py
[2024-10-23T04:24:14.615+0000] {processor.py:914} INFO - Processing file /home/airflow/.local/lib/python3.12/site-packages/airflow/example_dags/tutorial.py for tasks to queue
[2024-10-23T04:24:14.616+0000] {logging_mixin.py:190} INFO - [2024-10-23T04:24:14.616+0000] {dagbag.py:588} INFO - Filling up the DagBag from /home/airflow/.local/lib/python3.12/site-packages/airflow/example_dags/tutorial.py
[2024-10-23T04:24:14.622+0000] {processor.py:925} INFO - DAG(s) 'tutorial' retrieved from /home/airflow/.local/lib/python3.12/site-packages/airflow/example_dags/tutorial.py
[2024-10-23T04:24:14.635+0000] {logging_mixin.py:190} INFO - [2024-10-23T04:24:14.635+0000] {dag.py:3239} INFO - Sync 1 DAGs
[2024-10-23T04:24:14.649+0000] {logging_mixin.py:190} INFO - [2024-10-23T04:24:14.649+0000] {dag.py:4180} INFO - Setting next_dagrun for tutorial to 2024-10-22 00:00:00+00:00, run_after=2024-10-23 00:00:00+00:00
[2024-10-23T04:24:14.661+0000] {processor.py:208} INFO - Processing /home/airflow/.local/lib/python3.12/site-packages/airflow/example_dags/tutorial.py took 0.051 seconds
[2024-10-23T04:24:46.277+0000] {processor.py:186} INFO - Started process (PID=13923) to work on /home/airflow/.local/lib/python3.12/site-packages/airflow/example_dags/tutorial.py
[2024-10-23T04:24:46.278+0000] {processor.py:914} INFO - Processing file /home/airflow/.local/lib/python3.12/site-packages/airflow/example_dags/tutorial.py for tasks to queue
[2024-10-23T04:24:46.279+0000] {logging_mixin.py:190} INFO - [2024-10-23T04:24:46.279+0000] {dagbag.py:588} INFO - Filling up the DagBag from /home/airflow/.local/lib/python3.12/site-packages/airflow/example_dags/tutorial.py
[2024-10-23T04:24:46.286+0000] {processor.py:925} INFO - DAG(s) 'tutorial' retrieved from /home/airflow/.local/lib/python3.12/site-packages/airflow/example_dags/tutorial.py
[2024-10-23T04:24:46.305+0000] {logging_mixin.py:190} INFO - [2024-10-23T04:24:46.305+0000] {dag.py:3239} INFO - Sync 1 DAGs
[2024-10-23T04:24:46.323+0000] {logging_mixin.py:190} INFO - [2024-10-23T04:24:46.323+0000] {dag.py:4180} INFO - Setting next_dagrun for tutorial to 2024-10-22 00:00:00+00:00, run_after=2024-10-23 00:00:00+00:00
[2024-10-23T04:24:46.341+0000] {processor.py:208} INFO - Processing /home/airflow/.local/lib/python3.12/site-packages/airflow/example_dags/tutorial.py took 0.069 seconds
[2024-10-23T04:25:16.851+0000] {processor.py:186} INFO - Started process (PID=13986) to work on /home/airflow/.local/lib/python3.12/site-packages/airflow/example_dags/tutorial.py
[2024-10-23T04:25:16.853+0000] {processor.py:914} INFO - Processing file /home/airflow/.local/lib/python3.12/site-packages/airflow/example_dags/tutorial.py for tasks to queue
[2024-10-23T04:25:16.854+0000] {logging_mixin.py:190} INFO - [2024-10-23T04:25:16.854+0000] {dagbag.py:588} INFO - Filling up the DagBag from /home/airflow/.local/lib/python3.12/site-packages/airflow/example_dags/tutorial.py
[2024-10-23T04:25:16.861+0000] {processor.py:925} INFO - DAG(s) 'tutorial' retrieved from /home/airflow/.local/lib/python3.12/site-packages/airflow/example_dags/tutorial.py
[2024-10-23T04:25:16.881+0000] {logging_mixin.py:190} INFO - [2024-10-23T04:25:16.881+0000] {dag.py:3239} INFO - Sync 1 DAGs
[2024-10-23T04:25:16.902+0000] {logging_mixin.py:190} INFO - [2024-10-23T04:25:16.902+0000] {dag.py:4180} INFO - Setting next_dagrun for tutorial to 2024-10-22 00:00:00+00:00, run_after=2024-10-23 00:00:00+00:00
[2024-10-23T04:25:16.918+0000] {processor.py:208} INFO - Processing /home/airflow/.local/lib/python3.12/site-packages/airflow/example_dags/tutorial.py took 0.071 seconds
[2024-10-23T04:25:47.686+0000] {processor.py:186} INFO - Started process (PID=14050) to work on /home/airflow/.local/lib/python3.12/site-packages/airflow/example_dags/tutorial.py
[2024-10-23T04:25:47.686+0000] {processor.py:914} INFO - Processing file /home/airflow/.local/lib/python3.12/site-packages/airflow/example_dags/tutorial.py for tasks to queue
[2024-10-23T04:25:47.687+0000] {logging_mixin.py:190} INFO - [2024-10-23T04:25:47.687+0000] {dagbag.py:588} INFO - Filling up the DagBag from /home/airflow/.local/lib/python3.12/site-packages/airflow/example_dags/tutorial.py
[2024-10-23T04:25:47.694+0000] {processor.py:925} INFO - DAG(s) 'tutorial' retrieved from /home/airflow/.local/lib/python3.12/site-packages/airflow/example_dags/tutorial.py
[2024-10-23T04:25:47.707+0000] {logging_mixin.py:190} INFO - [2024-10-23T04:25:47.707+0000] {dag.py:3239} INFO - Sync 1 DAGs
[2024-10-23T04:25:47.722+0000] {logging_mixin.py:190} INFO - [2024-10-23T04:25:47.722+0000] {dag.py:4180} INFO - Setting next_dagrun for tutorial to 2024-10-22 00:00:00+00:00, run_after=2024-10-23 00:00:00+00:00
[2024-10-23T04:25:47.732+0000] {processor.py:208} INFO - Processing /home/airflow/.local/lib/python3.12/site-packages/airflow/example_dags/tutorial.py took 0.050 seconds
[2024-10-23T04:26:19.300+0000] {processor.py:186} INFO - Started process (PID=14113) to work on /home/airflow/.local/lib/python3.12/site-packages/airflow/example_dags/tutorial.py
[2024-10-23T04:26:19.301+0000] {processor.py:914} INFO - Processing file /home/airflow/.local/lib/python3.12/site-packages/airflow/example_dags/tutorial.py for tasks to queue
[2024-10-23T04:26:19.302+0000] {logging_mixin.py:190} INFO - [2024-10-23T04:26:19.302+0000] {dagbag.py:588} INFO - Filling up the DagBag from /home/airflow/.local/lib/python3.12/site-packages/airflow/example_dags/tutorial.py
[2024-10-23T04:26:19.313+0000] {processor.py:925} INFO - DAG(s) 'tutorial' retrieved from /home/airflow/.local/lib/python3.12/site-packages/airflow/example_dags/tutorial.py
[2024-10-23T04:26:19.332+0000] {logging_mixin.py:190} INFO - [2024-10-23T04:26:19.332+0000] {dag.py:3239} INFO - Sync 1 DAGs
[2024-10-23T04:26:19.355+0000] {logging_mixin.py:190} INFO - [2024-10-23T04:26:19.354+0000] {dag.py:4180} INFO - Setting next_dagrun for tutorial to 2024-10-22 00:00:00+00:00, run_after=2024-10-23 00:00:00+00:00
[2024-10-23T04:26:19.371+0000] {processor.py:208} INFO - Processing /home/airflow/.local/lib/python3.12/site-packages/airflow/example_dags/tutorial.py took 0.079 seconds
[2024-10-23T04:26:50.005+0000] {processor.py:186} INFO - Started process (PID=14176) to work on /home/airflow/.local/lib/python3.12/site-packages/airflow/example_dags/tutorial.py
[2024-10-23T04:26:50.007+0000] {processor.py:914} INFO - Processing file /home/airflow/.local/lib/python3.12/site-packages/airflow/example_dags/tutorial.py for tasks to queue
[2024-10-23T04:26:50.008+0000] {logging_mixin.py:190} INFO - [2024-10-23T04:26:50.008+0000] {dagbag.py:588} INFO - Filling up the DagBag from /home/airflow/.local/lib/python3.12/site-packages/airflow/example_dags/tutorial.py
[2024-10-23T04:26:50.017+0000] {processor.py:925} INFO - DAG(s) 'tutorial' retrieved from /home/airflow/.local/lib/python3.12/site-packages/airflow/example_dags/tutorial.py
[2024-10-23T04:26:50.034+0000] {logging_mixin.py:190} INFO - [2024-10-23T04:26:50.033+0000] {dag.py:3239} INFO - Sync 1 DAGs
[2024-10-23T04:26:50.048+0000] {logging_mixin.py:190} INFO - [2024-10-23T04:26:50.048+0000] {dag.py:4180} INFO - Setting next_dagrun for tutorial to 2024-10-22 00:00:00+00:00, run_after=2024-10-23 00:00:00+00:00
[2024-10-23T04:26:50.061+0000] {processor.py:208} INFO - Processing /home/airflow/.local/lib/python3.12/site-packages/airflow/example_dags/tutorial.py took 0.061 seconds
[2024-10-23T04:27:20.280+0000] {processor.py:186} INFO - Started process (PID=14239) to work on /home/airflow/.local/lib/python3.12/site-packages/airflow/example_dags/tutorial.py
[2024-10-23T04:27:20.281+0000] {processor.py:914} INFO - Processing file /home/airflow/.local/lib/python3.12/site-packages/airflow/example_dags/tutorial.py for tasks to queue
[2024-10-23T04:27:20.282+0000] {logging_mixin.py:190} INFO - [2024-10-23T04:27:20.282+0000] {dagbag.py:588} INFO - Filling up the DagBag from /home/airflow/.local/lib/python3.12/site-packages/airflow/example_dags/tutorial.py
[2024-10-23T04:27:20.289+0000] {processor.py:925} INFO - DAG(s) 'tutorial' retrieved from /home/airflow/.local/lib/python3.12/site-packages/airflow/example_dags/tutorial.py
[2024-10-23T04:27:20.305+0000] {logging_mixin.py:190} INFO - [2024-10-23T04:27:20.305+0000] {dag.py:3239} INFO - Sync 1 DAGs
[2024-10-23T04:27:20.319+0000] {logging_mixin.py:190} INFO - [2024-10-23T04:27:20.319+0000] {dag.py:4180} INFO - Setting next_dagrun for tutorial to 2024-10-22 00:00:00+00:00, run_after=2024-10-23 00:00:00+00:00
[2024-10-23T04:27:20.329+0000] {processor.py:208} INFO - Processing /home/airflow/.local/lib/python3.12/site-packages/airflow/example_dags/tutorial.py took 0.054 seconds
[2024-10-23T04:27:50.406+0000] {processor.py:186} INFO - Started process (PID=14302) to work on /home/airflow/.local/lib/python3.12/site-packages/airflow/example_dags/tutorial.py
[2024-10-23T04:27:50.407+0000] {processor.py:914} INFO - Processing file /home/airflow/.local/lib/python3.12/site-packages/airflow/example_dags/tutorial.py for tasks to queue
[2024-10-23T04:27:50.407+0000] {logging_mixin.py:190} INFO - [2024-10-23T04:27:50.407+0000] {dagbag.py:588} INFO - Filling up the DagBag from /home/airflow/.local/lib/python3.12/site-packages/airflow/example_dags/tutorial.py
[2024-10-23T04:27:50.413+0000] {processor.py:925} INFO - DAG(s) 'tutorial' retrieved from /home/airflow/.local/lib/python3.12/site-packages/airflow/example_dags/tutorial.py
[2024-10-23T04:27:50.426+0000] {logging_mixin.py:190} INFO - [2024-10-23T04:27:50.426+0000] {dag.py:3239} INFO - Sync 1 DAGs
[2024-10-23T04:27:50.443+0000] {logging_mixin.py:190} INFO - [2024-10-23T04:27:50.443+0000] {dag.py:4180} INFO - Setting next_dagrun for tutorial to 2024-10-22 00:00:00+00:00, run_after=2024-10-23 00:00:00+00:00
[2024-10-23T04:27:50.460+0000] {processor.py:208} INFO - Processing /home/airflow/.local/lib/python3.12/site-packages/airflow/example_dags/tutorial.py took 0.059 seconds
[2024-10-23T04:28:22.524+0000] {processor.py:186} INFO - Started process (PID=14366) to work on /home/airflow/.local/lib/python3.12/site-packages/airflow/example_dags/tutorial.py
[2024-10-23T04:28:22.526+0000] {processor.py:914} INFO - Processing file /home/airflow/.local/lib/python3.12/site-packages/airflow/example_dags/tutorial.py for tasks to queue
[2024-10-23T04:28:22.528+0000] {logging_mixin.py:190} INFO - [2024-10-23T04:28:22.527+0000] {dagbag.py:588} INFO - Filling up the DagBag from /home/airflow/.local/lib/python3.12/site-packages/airflow/example_dags/tutorial.py
[2024-10-23T04:28:22.539+0000] {processor.py:925} INFO - DAG(s) 'tutorial' retrieved from /home/airflow/.local/lib/python3.12/site-packages/airflow/example_dags/tutorial.py
[2024-10-23T04:28:22.587+0000] {logging_mixin.py:190} INFO - [2024-10-23T04:28:22.587+0000] {dag.py:3239} INFO - Sync 1 DAGs
[2024-10-23T04:28:22.613+0000] {logging_mixin.py:190} INFO - [2024-10-23T04:28:22.612+0000] {dag.py:4180} INFO - Setting next_dagrun for tutorial to 2024-10-22 00:00:00+00:00, run_after=2024-10-23 00:00:00+00:00
[2024-10-23T04:28:22.627+0000] {processor.py:208} INFO - Processing /home/airflow/.local/lib/python3.12/site-packages/airflow/example_dags/tutorial.py took 0.108 seconds
[2024-10-23T04:28:53.017+0000] {processor.py:186} INFO - Started process (PID=14428) to work on /home/airflow/.local/lib/python3.12/site-packages/airflow/example_dags/tutorial.py
[2024-10-23T04:28:53.023+0000] {processor.py:914} INFO - Processing file /home/airflow/.local/lib/python3.12/site-packages/airflow/example_dags/tutorial.py for tasks to queue
[2024-10-23T04:28:53.029+0000] {logging_mixin.py:190} INFO - [2024-10-23T04:28:53.028+0000] {dagbag.py:588} INFO - Filling up the DagBag from /home/airflow/.local/lib/python3.12/site-packages/airflow/example_dags/tutorial.py
[2024-10-23T04:28:53.067+0000] {processor.py:925} INFO - DAG(s) 'tutorial' retrieved from /home/airflow/.local/lib/python3.12/site-packages/airflow/example_dags/tutorial.py
[2024-10-23T04:28:53.123+0000] {logging_mixin.py:190} INFO - [2024-10-23T04:28:53.122+0000] {dag.py:3239} INFO - Sync 1 DAGs
[2024-10-23T04:28:53.170+0000] {logging_mixin.py:190} INFO - [2024-10-23T04:28:53.170+0000] {dag.py:4180} INFO - Setting next_dagrun for tutorial to 2024-10-22 00:00:00+00:00, run_after=2024-10-23 00:00:00+00:00
[2024-10-23T04:28:53.189+0000] {processor.py:208} INFO - Processing /home/airflow/.local/lib/python3.12/site-packages/airflow/example_dags/tutorial.py took 0.188 seconds
[2024-10-23T04:29:24.783+0000] {processor.py:186} INFO - Started process (PID=14492) to work on /home/airflow/.local/lib/python3.12/site-packages/airflow/example_dags/tutorial.py
[2024-10-23T04:29:24.784+0000] {processor.py:914} INFO - Processing file /home/airflow/.local/lib/python3.12/site-packages/airflow/example_dags/tutorial.py for tasks to queue
[2024-10-23T04:29:24.785+0000] {logging_mixin.py:190} INFO - [2024-10-23T04:29:24.785+0000] {dagbag.py:588} INFO - Filling up the DagBag from /home/airflow/.local/lib/python3.12/site-packages/airflow/example_dags/tutorial.py
[2024-10-23T04:29:24.797+0000] {processor.py:925} INFO - DAG(s) 'tutorial' retrieved from /home/airflow/.local/lib/python3.12/site-packages/airflow/example_dags/tutorial.py
[2024-10-23T04:29:24.824+0000] {logging_mixin.py:190} INFO - [2024-10-23T04:29:24.824+0000] {dag.py:3239} INFO - Sync 1 DAGs
[2024-10-23T04:29:24.851+0000] {logging_mixin.py:190} INFO - [2024-10-23T04:29:24.851+0000] {dag.py:4180} INFO - Setting next_dagrun for tutorial to 2024-10-22 00:00:00+00:00, run_after=2024-10-23 00:00:00+00:00
[2024-10-23T04:29:24.864+0000] {processor.py:208} INFO - Processing /home/airflow/.local/lib/python3.12/site-packages/airflow/example_dags/tutorial.py took 0.088 seconds
[2024-10-23T04:29:55.123+0000] {processor.py:186} INFO - Started process (PID=14555) to work on /home/airflow/.local/lib/python3.12/site-packages/airflow/example_dags/tutorial.py
[2024-10-23T04:29:55.127+0000] {processor.py:914} INFO - Processing file /home/airflow/.local/lib/python3.12/site-packages/airflow/example_dags/tutorial.py for tasks to queue
[2024-10-23T04:29:55.128+0000] {logging_mixin.py:190} INFO - [2024-10-23T04:29:55.128+0000] {dagbag.py:588} INFO - Filling up the DagBag from /home/airflow/.local/lib/python3.12/site-packages/airflow/example_dags/tutorial.py
[2024-10-23T04:29:55.138+0000] {processor.py:925} INFO - DAG(s) 'tutorial' retrieved from /home/airflow/.local/lib/python3.12/site-packages/airflow/example_dags/tutorial.py
[2024-10-23T04:29:55.160+0000] {logging_mixin.py:190} INFO - [2024-10-23T04:29:55.159+0000] {dag.py:3239} INFO - Sync 1 DAGs
[2024-10-23T04:29:55.202+0000] {logging_mixin.py:190} INFO - [2024-10-23T04:29:55.202+0000] {dag.py:4180} INFO - Setting next_dagrun for tutorial to 2024-10-22 00:00:00+00:00, run_after=2024-10-23 00:00:00+00:00
[2024-10-23T04:29:55.221+0000] {processor.py:208} INFO - Processing /home/airflow/.local/lib/python3.12/site-packages/airflow/example_dags/tutorial.py took 0.106 seconds
[2024-10-23T04:30:26.264+0000] {processor.py:186} INFO - Started process (PID=14618) to work on /home/airflow/.local/lib/python3.12/site-packages/airflow/example_dags/tutorial.py
[2024-10-23T04:30:26.267+0000] {processor.py:914} INFO - Processing file /home/airflow/.local/lib/python3.12/site-packages/airflow/example_dags/tutorial.py for tasks to queue
[2024-10-23T04:30:26.268+0000] {logging_mixin.py:190} INFO - [2024-10-23T04:30:26.268+0000] {dagbag.py:588} INFO - Filling up the DagBag from /home/airflow/.local/lib/python3.12/site-packages/airflow/example_dags/tutorial.py
[2024-10-23T04:30:26.276+0000] {processor.py:925} INFO - DAG(s) 'tutorial' retrieved from /home/airflow/.local/lib/python3.12/site-packages/airflow/example_dags/tutorial.py
[2024-10-23T04:30:26.299+0000] {logging_mixin.py:190} INFO - [2024-10-23T04:30:26.299+0000] {dag.py:3239} INFO - Sync 1 DAGs
[2024-10-23T04:30:26.327+0000] {logging_mixin.py:190} INFO - [2024-10-23T04:30:26.326+0000] {dag.py:4180} INFO - Setting next_dagrun for tutorial to 2024-10-22 00:00:00+00:00, run_after=2024-10-23 00:00:00+00:00
[2024-10-23T04:30:26.342+0000] {processor.py:208} INFO - Processing /home/airflow/.local/lib/python3.12/site-packages/airflow/example_dags/tutorial.py took 0.084 seconds
[2024-10-23T04:30:57.052+0000] {processor.py:186} INFO - Started process (PID=14681) to work on /home/airflow/.local/lib/python3.12/site-packages/airflow/example_dags/tutorial.py
[2024-10-23T04:30:57.053+0000] {processor.py:914} INFO - Processing file /home/airflow/.local/lib/python3.12/site-packages/airflow/example_dags/tutorial.py for tasks to queue
[2024-10-23T04:30:57.055+0000] {logging_mixin.py:190} INFO - [2024-10-23T04:30:57.055+0000] {dagbag.py:588} INFO - Filling up the DagBag from /home/airflow/.local/lib/python3.12/site-packages/airflow/example_dags/tutorial.py
[2024-10-23T04:30:57.062+0000] {processor.py:925} INFO - DAG(s) 'tutorial' retrieved from /home/airflow/.local/lib/python3.12/site-packages/airflow/example_dags/tutorial.py
[2024-10-23T04:30:57.075+0000] {logging_mixin.py:190} INFO - [2024-10-23T04:30:57.075+0000] {dag.py:3239} INFO - Sync 1 DAGs
[2024-10-23T04:30:57.090+0000] {logging_mixin.py:190} INFO - [2024-10-23T04:30:57.090+0000] {dag.py:4180} INFO - Setting next_dagrun for tutorial to 2024-10-22 00:00:00+00:00, run_after=2024-10-23 00:00:00+00:00
[2024-10-23T04:30:57.109+0000] {processor.py:208} INFO - Processing /home/airflow/.local/lib/python3.12/site-packages/airflow/example_dags/tutorial.py took 0.063 seconds
[2024-10-23T04:31:27.717+0000] {processor.py:186} INFO - Started process (PID=14744) to work on /home/airflow/.local/lib/python3.12/site-packages/airflow/example_dags/tutorial.py
[2024-10-23T04:31:27.718+0000] {processor.py:914} INFO - Processing file /home/airflow/.local/lib/python3.12/site-packages/airflow/example_dags/tutorial.py for tasks to queue
[2024-10-23T04:31:27.719+0000] {logging_mixin.py:190} INFO - [2024-10-23T04:31:27.719+0000] {dagbag.py:588} INFO - Filling up the DagBag from /home/airflow/.local/lib/python3.12/site-packages/airflow/example_dags/tutorial.py
[2024-10-23T04:31:27.731+0000] {processor.py:925} INFO - DAG(s) 'tutorial' retrieved from /home/airflow/.local/lib/python3.12/site-packages/airflow/example_dags/tutorial.py
[2024-10-23T04:31:27.758+0000] {logging_mixin.py:190} INFO - [2024-10-23T04:31:27.757+0000] {dag.py:3239} INFO - Sync 1 DAGs
[2024-10-23T04:31:27.778+0000] {logging_mixin.py:190} INFO - [2024-10-23T04:31:27.778+0000] {dag.py:4180} INFO - Setting next_dagrun for tutorial to 2024-10-22 00:00:00+00:00, run_after=2024-10-23 00:00:00+00:00
[2024-10-23T04:31:27.791+0000] {processor.py:208} INFO - Processing /home/airflow/.local/lib/python3.12/site-packages/airflow/example_dags/tutorial.py took 0.080 seconds
[2024-10-23T04:31:59.267+0000] {processor.py:186} INFO - Started process (PID=14806) to work on /home/airflow/.local/lib/python3.12/site-packages/airflow/example_dags/tutorial.py
[2024-10-23T04:31:59.271+0000] {processor.py:914} INFO - Processing file /home/airflow/.local/lib/python3.12/site-packages/airflow/example_dags/tutorial.py for tasks to queue
[2024-10-23T04:31:59.272+0000] {logging_mixin.py:190} INFO - [2024-10-23T04:31:59.271+0000] {dagbag.py:588} INFO - Filling up the DagBag from /home/airflow/.local/lib/python3.12/site-packages/airflow/example_dags/tutorial.py
[2024-10-23T04:31:59.280+0000] {processor.py:925} INFO - DAG(s) 'tutorial' retrieved from /home/airflow/.local/lib/python3.12/site-packages/airflow/example_dags/tutorial.py
[2024-10-23T04:31:59.302+0000] {logging_mixin.py:190} INFO - [2024-10-23T04:31:59.302+0000] {dag.py:3239} INFO - Sync 1 DAGs
[2024-10-23T04:31:59.324+0000] {logging_mixin.py:190} INFO - [2024-10-23T04:31:59.323+0000] {dag.py:4180} INFO - Setting next_dagrun for tutorial to 2024-10-22 00:00:00+00:00, run_after=2024-10-23 00:00:00+00:00
[2024-10-23T04:31:59.340+0000] {processor.py:208} INFO - Processing /home/airflow/.local/lib/python3.12/site-packages/airflow/example_dags/tutorial.py took 0.079 seconds
[2024-10-23T04:32:30.533+0000] {processor.py:186} INFO - Started process (PID=14869) to work on /home/airflow/.local/lib/python3.12/site-packages/airflow/example_dags/tutorial.py
[2024-10-23T04:32:30.534+0000] {processor.py:914} INFO - Processing file /home/airflow/.local/lib/python3.12/site-packages/airflow/example_dags/tutorial.py for tasks to queue
[2024-10-23T04:32:30.535+0000] {logging_mixin.py:190} INFO - [2024-10-23T04:32:30.535+0000] {dagbag.py:588} INFO - Filling up the DagBag from /home/airflow/.local/lib/python3.12/site-packages/airflow/example_dags/tutorial.py
[2024-10-23T04:32:30.543+0000] {processor.py:925} INFO - DAG(s) 'tutorial' retrieved from /home/airflow/.local/lib/python3.12/site-packages/airflow/example_dags/tutorial.py
[2024-10-23T04:32:30.573+0000] {logging_mixin.py:190} INFO - [2024-10-23T04:32:30.573+0000] {dag.py:3239} INFO - Sync 1 DAGs
[2024-10-23T04:32:30.611+0000] {logging_mixin.py:190} INFO - [2024-10-23T04:32:30.611+0000] {dag.py:4180} INFO - Setting next_dagrun for tutorial to 2024-10-22 00:00:00+00:00, run_after=2024-10-23 00:00:00+00:00
[2024-10-23T04:32:30.629+0000] {processor.py:208} INFO - Processing /home/airflow/.local/lib/python3.12/site-packages/airflow/example_dags/tutorial.py took 0.111 seconds
[2024-10-23T04:33:01.848+0000] {processor.py:186} INFO - Started process (PID=14932) to work on /home/airflow/.local/lib/python3.12/site-packages/airflow/example_dags/tutorial.py
[2024-10-23T04:33:01.849+0000] {processor.py:914} INFO - Processing file /home/airflow/.local/lib/python3.12/site-packages/airflow/example_dags/tutorial.py for tasks to queue
[2024-10-23T04:33:01.850+0000] {logging_mixin.py:190} INFO - [2024-10-23T04:33:01.849+0000] {dagbag.py:588} INFO - Filling up the DagBag from /home/airflow/.local/lib/python3.12/site-packages/airflow/example_dags/tutorial.py
[2024-10-23T04:33:01.861+0000] {processor.py:925} INFO - DAG(s) 'tutorial' retrieved from /home/airflow/.local/lib/python3.12/site-packages/airflow/example_dags/tutorial.py
[2024-10-23T04:33:01.886+0000] {logging_mixin.py:190} INFO - [2024-10-23T04:33:01.885+0000] {dag.py:3239} INFO - Sync 1 DAGs
[2024-10-23T04:33:01.905+0000] {logging_mixin.py:190} INFO - [2024-10-23T04:33:01.905+0000] {dag.py:4180} INFO - Setting next_dagrun for tutorial to 2024-10-22 00:00:00+00:00, run_after=2024-10-23 00:00:00+00:00
[2024-10-23T04:33:01.919+0000] {processor.py:208} INFO - Processing /home/airflow/.local/lib/python3.12/site-packages/airflow/example_dags/tutorial.py took 0.078 seconds
[2024-10-23T04:33:32.694+0000] {processor.py:186} INFO - Started process (PID=14995) to work on /home/airflow/.local/lib/python3.12/site-packages/airflow/example_dags/tutorial.py
[2024-10-23T04:33:32.695+0000] {processor.py:914} INFO - Processing file /home/airflow/.local/lib/python3.12/site-packages/airflow/example_dags/tutorial.py for tasks to queue
[2024-10-23T04:33:32.696+0000] {logging_mixin.py:190} INFO - [2024-10-23T04:33:32.696+0000] {dagbag.py:588} INFO - Filling up the DagBag from /home/airflow/.local/lib/python3.12/site-packages/airflow/example_dags/tutorial.py
[2024-10-23T04:33:32.703+0000] {processor.py:925} INFO - DAG(s) 'tutorial' retrieved from /home/airflow/.local/lib/python3.12/site-packages/airflow/example_dags/tutorial.py
[2024-10-23T04:33:32.717+0000] {logging_mixin.py:190} INFO - [2024-10-23T04:33:32.716+0000] {dag.py:3239} INFO - Sync 1 DAGs
[2024-10-23T04:33:32.731+0000] {logging_mixin.py:190} INFO - [2024-10-23T04:33:32.731+0000] {dag.py:4180} INFO - Setting next_dagrun for tutorial to 2024-10-22 00:00:00+00:00, run_after=2024-10-23 00:00:00+00:00
[2024-10-23T04:33:32.745+0000] {processor.py:208} INFO - Processing /home/airflow/.local/lib/python3.12/site-packages/airflow/example_dags/tutorial.py took 0.056 seconds
[2024-10-23T04:34:03.763+0000] {processor.py:186} INFO - Started process (PID=15058) to work on /home/airflow/.local/lib/python3.12/site-packages/airflow/example_dags/tutorial.py
[2024-10-23T04:34:03.764+0000] {processor.py:914} INFO - Processing file /home/airflow/.local/lib/python3.12/site-packages/airflow/example_dags/tutorial.py for tasks to queue
[2024-10-23T04:34:03.765+0000] {logging_mixin.py:190} INFO - [2024-10-23T04:34:03.765+0000] {dagbag.py:588} INFO - Filling up the DagBag from /home/airflow/.local/lib/python3.12/site-packages/airflow/example_dags/tutorial.py
[2024-10-23T04:34:03.773+0000] {processor.py:925} INFO - DAG(s) 'tutorial' retrieved from /home/airflow/.local/lib/python3.12/site-packages/airflow/example_dags/tutorial.py
[2024-10-23T04:34:03.789+0000] {logging_mixin.py:190} INFO - [2024-10-23T04:34:03.788+0000] {dag.py:3239} INFO - Sync 1 DAGs
[2024-10-23T04:34:03.804+0000] {logging_mixin.py:190} INFO - [2024-10-23T04:34:03.804+0000] {dag.py:4180} INFO - Setting next_dagrun for tutorial to 2024-10-22 00:00:00+00:00, run_after=2024-10-23 00:00:00+00:00
[2024-10-23T04:34:03.815+0000] {processor.py:208} INFO - Processing /home/airflow/.local/lib/python3.12/site-packages/airflow/example_dags/tutorial.py took 0.058 seconds
[2024-10-23T04:34:35.317+0000] {processor.py:186} INFO - Started process (PID=15121) to work on /home/airflow/.local/lib/python3.12/site-packages/airflow/example_dags/tutorial.py
[2024-10-23T04:34:35.318+0000] {processor.py:914} INFO - Processing file /home/airflow/.local/lib/python3.12/site-packages/airflow/example_dags/tutorial.py for tasks to queue
[2024-10-23T04:34:35.320+0000] {logging_mixin.py:190} INFO - [2024-10-23T04:34:35.319+0000] {dagbag.py:588} INFO - Filling up the DagBag from /home/airflow/.local/lib/python3.12/site-packages/airflow/example_dags/tutorial.py
[2024-10-23T04:34:35.328+0000] {processor.py:925} INFO - DAG(s) 'tutorial' retrieved from /home/airflow/.local/lib/python3.12/site-packages/airflow/example_dags/tutorial.py
[2024-10-23T04:34:35.343+0000] {logging_mixin.py:190} INFO - [2024-10-23T04:34:35.342+0000] {dag.py:3239} INFO - Sync 1 DAGs
[2024-10-23T04:34:35.359+0000] {logging_mixin.py:190} INFO - [2024-10-23T04:34:35.359+0000] {dag.py:4180} INFO - Setting next_dagrun for tutorial to 2024-10-22 00:00:00+00:00, run_after=2024-10-23 00:00:00+00:00
[2024-10-23T04:34:35.376+0000] {processor.py:208} INFO - Processing /home/airflow/.local/lib/python3.12/site-packages/airflow/example_dags/tutorial.py took 0.069 seconds
[2024-10-23T04:35:06.837+0000] {processor.py:186} INFO - Started process (PID=15184) to work on /home/airflow/.local/lib/python3.12/site-packages/airflow/example_dags/tutorial.py
[2024-10-23T04:35:06.839+0000] {processor.py:914} INFO - Processing file /home/airflow/.local/lib/python3.12/site-packages/airflow/example_dags/tutorial.py for tasks to queue
[2024-10-23T04:35:06.840+0000] {logging_mixin.py:190} INFO - [2024-10-23T04:35:06.840+0000] {dagbag.py:588} INFO - Filling up the DagBag from /home/airflow/.local/lib/python3.12/site-packages/airflow/example_dags/tutorial.py
[2024-10-23T04:35:06.850+0000] {processor.py:925} INFO - DAG(s) 'tutorial' retrieved from /home/airflow/.local/lib/python3.12/site-packages/airflow/example_dags/tutorial.py
[2024-10-23T04:35:06.866+0000] {logging_mixin.py:190} INFO - [2024-10-23T04:35:06.866+0000] {dag.py:3239} INFO - Sync 1 DAGs
[2024-10-23T04:35:06.887+0000] {logging_mixin.py:190} INFO - [2024-10-23T04:35:06.887+0000] {dag.py:4180} INFO - Setting next_dagrun for tutorial to 2024-10-22 00:00:00+00:00, run_after=2024-10-23 00:00:00+00:00
[2024-10-23T04:35:06.900+0000] {processor.py:208} INFO - Processing /home/airflow/.local/lib/python3.12/site-packages/airflow/example_dags/tutorial.py took 0.070 seconds
[2024-10-23T04:35:38.232+0000] {processor.py:186} INFO - Started process (PID=15250) to work on /home/airflow/.local/lib/python3.12/site-packages/airflow/example_dags/tutorial.py
[2024-10-23T04:35:38.233+0000] {processor.py:914} INFO - Processing file /home/airflow/.local/lib/python3.12/site-packages/airflow/example_dags/tutorial.py for tasks to queue
[2024-10-23T04:35:38.234+0000] {logging_mixin.py:190} INFO - [2024-10-23T04:35:38.233+0000] {dagbag.py:588} INFO - Filling up the DagBag from /home/airflow/.local/lib/python3.12/site-packages/airflow/example_dags/tutorial.py
[2024-10-23T04:35:38.240+0000] {processor.py:925} INFO - DAG(s) 'tutorial' retrieved from /home/airflow/.local/lib/python3.12/site-packages/airflow/example_dags/tutorial.py
[2024-10-23T04:35:38.256+0000] {logging_mixin.py:190} INFO - [2024-10-23T04:35:38.256+0000] {dag.py:3239} INFO - Sync 1 DAGs
[2024-10-23T04:35:38.276+0000] {logging_mixin.py:190} INFO - [2024-10-23T04:35:38.276+0000] {dag.py:4180} INFO - Setting next_dagrun for tutorial to 2024-10-22 00:00:00+00:00, run_after=2024-10-23 00:00:00+00:00
[2024-10-23T04:35:38.293+0000] {processor.py:208} INFO - Processing /home/airflow/.local/lib/python3.12/site-packages/airflow/example_dags/tutorial.py took 0.068 seconds
[2024-10-23T04:36:09.273+0000] {processor.py:186} INFO - Started process (PID=15315) to work on /home/airflow/.local/lib/python3.12/site-packages/airflow/example_dags/tutorial.py
[2024-10-23T04:36:09.274+0000] {processor.py:914} INFO - Processing file /home/airflow/.local/lib/python3.12/site-packages/airflow/example_dags/tutorial.py for tasks to queue
[2024-10-23T04:36:09.276+0000] {logging_mixin.py:190} INFO - [2024-10-23T04:36:09.275+0000] {dagbag.py:588} INFO - Filling up the DagBag from /home/airflow/.local/lib/python3.12/site-packages/airflow/example_dags/tutorial.py
[2024-10-23T04:36:09.287+0000] {processor.py:925} INFO - DAG(s) 'tutorial' retrieved from /home/airflow/.local/lib/python3.12/site-packages/airflow/example_dags/tutorial.py
[2024-10-23T04:36:09.317+0000] {logging_mixin.py:190} INFO - [2024-10-23T04:36:09.317+0000] {dag.py:3239} INFO - Sync 1 DAGs
[2024-10-23T04:36:09.342+0000] {logging_mixin.py:190} INFO - [2024-10-23T04:36:09.342+0000] {dag.py:4180} INFO - Setting next_dagrun for tutorial to 2024-10-22 00:00:00+00:00, run_after=2024-10-23 00:00:00+00:00
[2024-10-23T04:36:09.359+0000] {processor.py:208} INFO - Processing /home/airflow/.local/lib/python3.12/site-packages/airflow/example_dags/tutorial.py took 0.094 seconds
[2024-10-23T04:36:40.137+0000] {processor.py:186} INFO - Started process (PID=15379) to work on /home/airflow/.local/lib/python3.12/site-packages/airflow/example_dags/tutorial.py
[2024-10-23T04:36:40.139+0000] {processor.py:914} INFO - Processing file /home/airflow/.local/lib/python3.12/site-packages/airflow/example_dags/tutorial.py for tasks to queue
[2024-10-23T04:36:40.140+0000] {logging_mixin.py:190} INFO - [2024-10-23T04:36:40.140+0000] {dagbag.py:588} INFO - Filling up the DagBag from /home/airflow/.local/lib/python3.12/site-packages/airflow/example_dags/tutorial.py
[2024-10-23T04:36:40.157+0000] {processor.py:925} INFO - DAG(s) 'tutorial' retrieved from /home/airflow/.local/lib/python3.12/site-packages/airflow/example_dags/tutorial.py
[2024-10-23T04:36:40.177+0000] {logging_mixin.py:190} INFO - [2024-10-23T04:36:40.177+0000] {dag.py:3239} INFO - Sync 1 DAGs
[2024-10-23T04:36:40.194+0000] {logging_mixin.py:190} INFO - [2024-10-23T04:36:40.194+0000] {dag.py:4180} INFO - Setting next_dagrun for tutorial to 2024-10-22 00:00:00+00:00, run_after=2024-10-23 00:00:00+00:00
[2024-10-23T04:36:40.213+0000] {processor.py:208} INFO - Processing /home/airflow/.local/lib/python3.12/site-packages/airflow/example_dags/tutorial.py took 0.082 seconds
[2024-10-23T04:37:11.828+0000] {processor.py:186} INFO - Started process (PID=15442) to work on /home/airflow/.local/lib/python3.12/site-packages/airflow/example_dags/tutorial.py
[2024-10-23T04:37:11.830+0000] {processor.py:914} INFO - Processing file /home/airflow/.local/lib/python3.12/site-packages/airflow/example_dags/tutorial.py for tasks to queue
[2024-10-23T04:37:11.832+0000] {logging_mixin.py:190} INFO - [2024-10-23T04:37:11.831+0000] {dagbag.py:588} INFO - Filling up the DagBag from /home/airflow/.local/lib/python3.12/site-packages/airflow/example_dags/tutorial.py
[2024-10-23T04:37:11.842+0000] {processor.py:925} INFO - DAG(s) 'tutorial' retrieved from /home/airflow/.local/lib/python3.12/site-packages/airflow/example_dags/tutorial.py
[2024-10-23T04:37:11.859+0000] {logging_mixin.py:190} INFO - [2024-10-23T04:37:11.859+0000] {dag.py:3239} INFO - Sync 1 DAGs
[2024-10-23T04:37:11.877+0000] {logging_mixin.py:190} INFO - [2024-10-23T04:37:11.877+0000] {dag.py:4180} INFO - Setting next_dagrun for tutorial to 2024-10-22 00:00:00+00:00, run_after=2024-10-23 00:00:00+00:00
[2024-10-23T04:37:11.888+0000] {processor.py:208} INFO - Processing /home/airflow/.local/lib/python3.12/site-packages/airflow/example_dags/tutorial.py took 0.077 seconds
[2024-10-23T04:37:43.743+0000] {processor.py:186} INFO - Started process (PID=15505) to work on /home/airflow/.local/lib/python3.12/site-packages/airflow/example_dags/tutorial.py
[2024-10-23T04:37:43.745+0000] {processor.py:914} INFO - Processing file /home/airflow/.local/lib/python3.12/site-packages/airflow/example_dags/tutorial.py for tasks to queue
[2024-10-23T04:37:43.746+0000] {logging_mixin.py:190} INFO - [2024-10-23T04:37:43.746+0000] {dagbag.py:588} INFO - Filling up the DagBag from /home/airflow/.local/lib/python3.12/site-packages/airflow/example_dags/tutorial.py
[2024-10-23T04:37:43.760+0000] {processor.py:925} INFO - DAG(s) 'tutorial' retrieved from /home/airflow/.local/lib/python3.12/site-packages/airflow/example_dags/tutorial.py
[2024-10-23T04:37:43.783+0000] {logging_mixin.py:190} INFO - [2024-10-23T04:37:43.783+0000] {dag.py:3239} INFO - Sync 1 DAGs
[2024-10-23T04:37:43.824+0000] {logging_mixin.py:190} INFO - [2024-10-23T04:37:43.824+0000] {dag.py:4180} INFO - Setting next_dagrun for tutorial to 2024-10-22 00:00:00+00:00, run_after=2024-10-23 00:00:00+00:00
[2024-10-23T04:37:44.348+0000] {processor.py:208} INFO - Processing /home/airflow/.local/lib/python3.12/site-packages/airflow/example_dags/tutorial.py took 0.616 seconds
[2024-10-23T04:38:15.392+0000] {processor.py:186} INFO - Started process (PID=15568) to work on /home/airflow/.local/lib/python3.12/site-packages/airflow/example_dags/tutorial.py
[2024-10-23T04:38:15.393+0000] {processor.py:914} INFO - Processing file /home/airflow/.local/lib/python3.12/site-packages/airflow/example_dags/tutorial.py for tasks to queue
[2024-10-23T04:38:15.394+0000] {logging_mixin.py:190} INFO - [2024-10-23T04:38:15.394+0000] {dagbag.py:588} INFO - Filling up the DagBag from /home/airflow/.local/lib/python3.12/site-packages/airflow/example_dags/tutorial.py
[2024-10-23T04:38:15.402+0000] {processor.py:925} INFO - DAG(s) 'tutorial' retrieved from /home/airflow/.local/lib/python3.12/site-packages/airflow/example_dags/tutorial.py
[2024-10-23T04:38:15.422+0000] {logging_mixin.py:190} INFO - [2024-10-23T04:38:15.422+0000] {dag.py:3239} INFO - Sync 1 DAGs
[2024-10-23T04:38:15.439+0000] {logging_mixin.py:190} INFO - [2024-10-23T04:38:15.439+0000] {dag.py:4180} INFO - Setting next_dagrun for tutorial to 2024-10-22 00:00:00+00:00, run_after=2024-10-23 00:00:00+00:00
[2024-10-23T04:38:15.455+0000] {processor.py:208} INFO - Processing /home/airflow/.local/lib/python3.12/site-packages/airflow/example_dags/tutorial.py took 0.073 seconds
[2024-10-23T04:38:47.425+0000] {processor.py:186} INFO - Started process (PID=15631) to work on /home/airflow/.local/lib/python3.12/site-packages/airflow/example_dags/tutorial.py
[2024-10-23T04:38:47.428+0000] {processor.py:914} INFO - Processing file /home/airflow/.local/lib/python3.12/site-packages/airflow/example_dags/tutorial.py for tasks to queue
[2024-10-23T04:38:47.430+0000] {logging_mixin.py:190} INFO - [2024-10-23T04:38:47.429+0000] {dagbag.py:588} INFO - Filling up the DagBag from /home/airflow/.local/lib/python3.12/site-packages/airflow/example_dags/tutorial.py
[2024-10-23T04:38:47.461+0000] {processor.py:925} INFO - DAG(s) 'tutorial' retrieved from /home/airflow/.local/lib/python3.12/site-packages/airflow/example_dags/tutorial.py
[2024-10-23T04:38:47.510+0000] {logging_mixin.py:190} INFO - [2024-10-23T04:38:47.510+0000] {dag.py:3239} INFO - Sync 1 DAGs
[2024-10-23T04:38:47.542+0000] {logging_mixin.py:190} INFO - [2024-10-23T04:38:47.541+0000] {dag.py:4180} INFO - Setting next_dagrun for tutorial to 2024-10-22 00:00:00+00:00, run_after=2024-10-23 00:00:00+00:00
[2024-10-23T04:38:47.824+0000] {processor.py:208} INFO - Processing /home/airflow/.local/lib/python3.12/site-packages/airflow/example_dags/tutorial.py took 0.416 seconds
[2024-10-23T04:39:18.233+0000] {processor.py:186} INFO - Started process (PID=15694) to work on /home/airflow/.local/lib/python3.12/site-packages/airflow/example_dags/tutorial.py
[2024-10-23T04:39:18.238+0000] {processor.py:914} INFO - Processing file /home/airflow/.local/lib/python3.12/site-packages/airflow/example_dags/tutorial.py for tasks to queue
[2024-10-23T04:39:18.239+0000] {logging_mixin.py:190} INFO - [2024-10-23T04:39:18.239+0000] {dagbag.py:588} INFO - Filling up the DagBag from /home/airflow/.local/lib/python3.12/site-packages/airflow/example_dags/tutorial.py
[2024-10-23T04:39:18.249+0000] {processor.py:925} INFO - DAG(s) 'tutorial' retrieved from /home/airflow/.local/lib/python3.12/site-packages/airflow/example_dags/tutorial.py
[2024-10-23T04:39:18.269+0000] {logging_mixin.py:190} INFO - [2024-10-23T04:39:18.269+0000] {dag.py:3239} INFO - Sync 1 DAGs
[2024-10-23T04:39:18.302+0000] {logging_mixin.py:190} INFO - [2024-10-23T04:39:18.302+0000] {dag.py:4180} INFO - Setting next_dagrun for tutorial to 2024-10-22 00:00:00+00:00, run_after=2024-10-23 00:00:00+00:00
[2024-10-23T04:39:18.340+0000] {processor.py:208} INFO - Processing /home/airflow/.local/lib/python3.12/site-packages/airflow/example_dags/tutorial.py took 0.112 seconds
[2024-10-23T04:39:49.281+0000] {processor.py:186} INFO - Started process (PID=15763) to work on /home/airflow/.local/lib/python3.12/site-packages/airflow/example_dags/tutorial.py
[2024-10-23T04:39:49.283+0000] {processor.py:914} INFO - Processing file /home/airflow/.local/lib/python3.12/site-packages/airflow/example_dags/tutorial.py for tasks to queue
[2024-10-23T04:39:49.285+0000] {logging_mixin.py:190} INFO - [2024-10-23T04:39:49.284+0000] {dagbag.py:588} INFO - Filling up the DagBag from /home/airflow/.local/lib/python3.12/site-packages/airflow/example_dags/tutorial.py
[2024-10-23T04:39:49.298+0000] {processor.py:925} INFO - DAG(s) 'tutorial' retrieved from /home/airflow/.local/lib/python3.12/site-packages/airflow/example_dags/tutorial.py
[2024-10-23T04:39:49.321+0000] {logging_mixin.py:190} INFO - [2024-10-23T04:39:49.321+0000] {dag.py:3239} INFO - Sync 1 DAGs
[2024-10-23T04:39:49.347+0000] {logging_mixin.py:190} INFO - [2024-10-23T04:39:49.347+0000] {dag.py:4180} INFO - Setting next_dagrun for tutorial to 2024-10-22 00:00:00+00:00, run_after=2024-10-23 00:00:00+00:00
[2024-10-23T04:39:49.363+0000] {processor.py:208} INFO - Processing /home/airflow/.local/lib/python3.12/site-packages/airflow/example_dags/tutorial.py took 0.090 seconds
[2024-10-23T04:40:21.055+0000] {processor.py:186} INFO - Started process (PID=15826) to work on /home/airflow/.local/lib/python3.12/site-packages/airflow/example_dags/tutorial.py
[2024-10-23T04:40:21.057+0000] {processor.py:914} INFO - Processing file /home/airflow/.local/lib/python3.12/site-packages/airflow/example_dags/tutorial.py for tasks to queue
[2024-10-23T04:40:21.059+0000] {logging_mixin.py:190} INFO - [2024-10-23T04:40:21.059+0000] {dagbag.py:588} INFO - Filling up the DagBag from /home/airflow/.local/lib/python3.12/site-packages/airflow/example_dags/tutorial.py
[2024-10-23T04:40:21.069+0000] {processor.py:925} INFO - DAG(s) 'tutorial' retrieved from /home/airflow/.local/lib/python3.12/site-packages/airflow/example_dags/tutorial.py
[2024-10-23T04:40:21.283+0000] {logging_mixin.py:190} INFO - [2024-10-23T04:40:21.282+0000] {dag.py:3239} INFO - Sync 1 DAGs
[2024-10-23T04:40:21.298+0000] {logging_mixin.py:190} INFO - [2024-10-23T04:40:21.298+0000] {dag.py:4180} INFO - Setting next_dagrun for tutorial to 2024-10-22 00:00:00+00:00, run_after=2024-10-23 00:00:00+00:00
[2024-10-23T04:40:21.316+0000] {processor.py:208} INFO - Processing /home/airflow/.local/lib/python3.12/site-packages/airflow/example_dags/tutorial.py took 0.269 seconds
[2024-10-23T04:40:52.444+0000] {processor.py:186} INFO - Started process (PID=15889) to work on /home/airflow/.local/lib/python3.12/site-packages/airflow/example_dags/tutorial.py
[2024-10-23T04:40:52.445+0000] {processor.py:914} INFO - Processing file /home/airflow/.local/lib/python3.12/site-packages/airflow/example_dags/tutorial.py for tasks to queue
[2024-10-23T04:40:52.446+0000] {logging_mixin.py:190} INFO - [2024-10-23T04:40:52.446+0000] {dagbag.py:588} INFO - Filling up the DagBag from /home/airflow/.local/lib/python3.12/site-packages/airflow/example_dags/tutorial.py
[2024-10-23T04:40:52.453+0000] {processor.py:925} INFO - DAG(s) 'tutorial' retrieved from /home/airflow/.local/lib/python3.12/site-packages/airflow/example_dags/tutorial.py
[2024-10-23T04:40:52.468+0000] {logging_mixin.py:190} INFO - [2024-10-23T04:40:52.467+0000] {dag.py:3239} INFO - Sync 1 DAGs
[2024-10-23T04:40:52.493+0000] {logging_mixin.py:190} INFO - [2024-10-23T04:40:52.493+0000] {dag.py:4180} INFO - Setting next_dagrun for tutorial to 2024-10-22 00:00:00+00:00, run_after=2024-10-23 00:00:00+00:00
[2024-10-23T04:40:52.511+0000] {processor.py:208} INFO - Processing /home/airflow/.local/lib/python3.12/site-packages/airflow/example_dags/tutorial.py took 0.073 seconds
[2024-10-23T04:41:23.165+0000] {processor.py:186} INFO - Started process (PID=15952) to work on /home/airflow/.local/lib/python3.12/site-packages/airflow/example_dags/tutorial.py
[2024-10-23T04:41:23.166+0000] {processor.py:914} INFO - Processing file /home/airflow/.local/lib/python3.12/site-packages/airflow/example_dags/tutorial.py for tasks to queue
[2024-10-23T04:41:23.167+0000] {logging_mixin.py:190} INFO - [2024-10-23T04:41:23.167+0000] {dagbag.py:588} INFO - Filling up the DagBag from /home/airflow/.local/lib/python3.12/site-packages/airflow/example_dags/tutorial.py
[2024-10-23T04:41:23.175+0000] {processor.py:925} INFO - DAG(s) 'tutorial' retrieved from /home/airflow/.local/lib/python3.12/site-packages/airflow/example_dags/tutorial.py
[2024-10-23T04:41:23.189+0000] {logging_mixin.py:190} INFO - [2024-10-23T04:41:23.189+0000] {dag.py:3239} INFO - Sync 1 DAGs
[2024-10-23T04:41:23.208+0000] {logging_mixin.py:190} INFO - [2024-10-23T04:41:23.208+0000] {dag.py:4180} INFO - Setting next_dagrun for tutorial to 2024-10-22 00:00:00+00:00, run_after=2024-10-23 00:00:00+00:00
[2024-10-23T04:41:23.221+0000] {processor.py:208} INFO - Processing /home/airflow/.local/lib/python3.12/site-packages/airflow/example_dags/tutorial.py took 0.062 seconds
[2024-10-23T04:41:53.980+0000] {processor.py:186} INFO - Started process (PID=16015) to work on /home/airflow/.local/lib/python3.12/site-packages/airflow/example_dags/tutorial.py
[2024-10-23T04:41:53.981+0000] {processor.py:914} INFO - Processing file /home/airflow/.local/lib/python3.12/site-packages/airflow/example_dags/tutorial.py for tasks to queue
[2024-10-23T04:41:53.982+0000] {logging_mixin.py:190} INFO - [2024-10-23T04:41:53.982+0000] {dagbag.py:588} INFO - Filling up the DagBag from /home/airflow/.local/lib/python3.12/site-packages/airflow/example_dags/tutorial.py
[2024-10-23T04:41:53.991+0000] {processor.py:925} INFO - DAG(s) 'tutorial' retrieved from /home/airflow/.local/lib/python3.12/site-packages/airflow/example_dags/tutorial.py
[2024-10-23T04:41:54.008+0000] {logging_mixin.py:190} INFO - [2024-10-23T04:41:54.008+0000] {dag.py:3239} INFO - Sync 1 DAGs
[2024-10-23T04:41:54.029+0000] {logging_mixin.py:190} INFO - [2024-10-23T04:41:54.029+0000] {dag.py:4180} INFO - Setting next_dagrun for tutorial to 2024-10-22 00:00:00+00:00, run_after=2024-10-23 00:00:00+00:00
[2024-10-23T04:41:54.049+0000] {processor.py:208} INFO - Processing /home/airflow/.local/lib/python3.12/site-packages/airflow/example_dags/tutorial.py took 0.079 seconds
[2024-10-23T04:42:25.133+0000] {processor.py:186} INFO - Started process (PID=16078) to work on /home/airflow/.local/lib/python3.12/site-packages/airflow/example_dags/tutorial.py
[2024-10-23T04:42:25.136+0000] {processor.py:914} INFO - Processing file /home/airflow/.local/lib/python3.12/site-packages/airflow/example_dags/tutorial.py for tasks to queue
[2024-10-23T04:42:25.137+0000] {logging_mixin.py:190} INFO - [2024-10-23T04:42:25.136+0000] {dagbag.py:588} INFO - Filling up the DagBag from /home/airflow/.local/lib/python3.12/site-packages/airflow/example_dags/tutorial.py
[2024-10-23T04:42:25.144+0000] {processor.py:925} INFO - DAG(s) 'tutorial' retrieved from /home/airflow/.local/lib/python3.12/site-packages/airflow/example_dags/tutorial.py
[2024-10-23T04:42:25.158+0000] {logging_mixin.py:190} INFO - [2024-10-23T04:42:25.158+0000] {dag.py:3239} INFO - Sync 1 DAGs
[2024-10-23T04:42:25.176+0000] {logging_mixin.py:190} INFO - [2024-10-23T04:42:25.176+0000] {dag.py:4180} INFO - Setting next_dagrun for tutorial to 2024-10-22 00:00:00+00:00, run_after=2024-10-23 00:00:00+00:00
[2024-10-23T04:42:25.192+0000] {processor.py:208} INFO - Processing /home/airflow/.local/lib/python3.12/site-packages/airflow/example_dags/tutorial.py took 0.065 seconds
[2024-10-23T04:42:56.320+0000] {processor.py:186} INFO - Started process (PID=16141) to work on /home/airflow/.local/lib/python3.12/site-packages/airflow/example_dags/tutorial.py
[2024-10-23T04:42:56.324+0000] {processor.py:914} INFO - Processing file /home/airflow/.local/lib/python3.12/site-packages/airflow/example_dags/tutorial.py for tasks to queue
[2024-10-23T04:42:56.325+0000] {logging_mixin.py:190} INFO - [2024-10-23T04:42:56.325+0000] {dagbag.py:588} INFO - Filling up the DagBag from /home/airflow/.local/lib/python3.12/site-packages/airflow/example_dags/tutorial.py
[2024-10-23T04:42:56.332+0000] {processor.py:925} INFO - DAG(s) 'tutorial' retrieved from /home/airflow/.local/lib/python3.12/site-packages/airflow/example_dags/tutorial.py
[2024-10-23T04:42:56.349+0000] {logging_mixin.py:190} INFO - [2024-10-23T04:42:56.348+0000] {dag.py:3239} INFO - Sync 1 DAGs
[2024-10-23T04:42:56.364+0000] {logging_mixin.py:190} INFO - [2024-10-23T04:42:56.364+0000] {dag.py:4180} INFO - Setting next_dagrun for tutorial to 2024-10-22 00:00:00+00:00, run_after=2024-10-23 00:00:00+00:00
[2024-10-23T04:42:56.386+0000] {processor.py:208} INFO - Processing /home/airflow/.local/lib/python3.12/site-packages/airflow/example_dags/tutorial.py took 0.074 seconds
[2024-10-23T04:43:27.383+0000] {processor.py:186} INFO - Started process (PID=16204) to work on /home/airflow/.local/lib/python3.12/site-packages/airflow/example_dags/tutorial.py
[2024-10-23T04:43:27.384+0000] {processor.py:914} INFO - Processing file /home/airflow/.local/lib/python3.12/site-packages/airflow/example_dags/tutorial.py for tasks to queue
[2024-10-23T04:43:27.385+0000] {logging_mixin.py:190} INFO - [2024-10-23T04:43:27.385+0000] {dagbag.py:588} INFO - Filling up the DagBag from /home/airflow/.local/lib/python3.12/site-packages/airflow/example_dags/tutorial.py
[2024-10-23T04:43:27.394+0000] {processor.py:925} INFO - DAG(s) 'tutorial' retrieved from /home/airflow/.local/lib/python3.12/site-packages/airflow/example_dags/tutorial.py
[2024-10-23T04:43:27.412+0000] {logging_mixin.py:190} INFO - [2024-10-23T04:43:27.412+0000] {dag.py:3239} INFO - Sync 1 DAGs
[2024-10-23T04:43:27.429+0000] {logging_mixin.py:190} INFO - [2024-10-23T04:43:27.429+0000] {dag.py:4180} INFO - Setting next_dagrun for tutorial to 2024-10-22 00:00:00+00:00, run_after=2024-10-23 00:00:00+00:00
[2024-10-23T04:43:27.444+0000] {processor.py:208} INFO - Processing /home/airflow/.local/lib/python3.12/site-packages/airflow/example_dags/tutorial.py took 0.065 seconds
[2024-10-23T04:43:58.538+0000] {processor.py:186} INFO - Started process (PID=16267) to work on /home/airflow/.local/lib/python3.12/site-packages/airflow/example_dags/tutorial.py
[2024-10-23T04:43:58.538+0000] {processor.py:914} INFO - Processing file /home/airflow/.local/lib/python3.12/site-packages/airflow/example_dags/tutorial.py for tasks to queue
[2024-10-23T04:43:58.539+0000] {logging_mixin.py:190} INFO - [2024-10-23T04:43:58.539+0000] {dagbag.py:588} INFO - Filling up the DagBag from /home/airflow/.local/lib/python3.12/site-packages/airflow/example_dags/tutorial.py
[2024-10-23T04:43:58.549+0000] {processor.py:925} INFO - DAG(s) 'tutorial' retrieved from /home/airflow/.local/lib/python3.12/site-packages/airflow/example_dags/tutorial.py
[2024-10-23T04:43:58.568+0000] {logging_mixin.py:190} INFO - [2024-10-23T04:43:58.567+0000] {dag.py:3239} INFO - Sync 1 DAGs
[2024-10-23T04:43:58.586+0000] {logging_mixin.py:190} INFO - [2024-10-23T04:43:58.586+0000] {dag.py:4180} INFO - Setting next_dagrun for tutorial to 2024-10-22 00:00:00+00:00, run_after=2024-10-23 00:00:00+00:00
[2024-10-23T04:43:58.602+0000] {processor.py:208} INFO - Processing /home/airflow/.local/lib/python3.12/site-packages/airflow/example_dags/tutorial.py took 0.069 seconds
[2024-10-23T04:44:29.520+0000] {processor.py:186} INFO - Started process (PID=16330) to work on /home/airflow/.local/lib/python3.12/site-packages/airflow/example_dags/tutorial.py
[2024-10-23T04:44:29.521+0000] {processor.py:914} INFO - Processing file /home/airflow/.local/lib/python3.12/site-packages/airflow/example_dags/tutorial.py for tasks to queue
[2024-10-23T04:44:29.522+0000] {logging_mixin.py:190} INFO - [2024-10-23T04:44:29.522+0000] {dagbag.py:588} INFO - Filling up the DagBag from /home/airflow/.local/lib/python3.12/site-packages/airflow/example_dags/tutorial.py
[2024-10-23T04:44:29.529+0000] {processor.py:925} INFO - DAG(s) 'tutorial' retrieved from /home/airflow/.local/lib/python3.12/site-packages/airflow/example_dags/tutorial.py
[2024-10-23T04:44:29.544+0000] {logging_mixin.py:190} INFO - [2024-10-23T04:44:29.544+0000] {dag.py:3239} INFO - Sync 1 DAGs
[2024-10-23T04:44:29.562+0000] {logging_mixin.py:190} INFO - [2024-10-23T04:44:29.562+0000] {dag.py:4180} INFO - Setting next_dagrun for tutorial to 2024-10-22 00:00:00+00:00, run_after=2024-10-23 00:00:00+00:00
[2024-10-23T04:44:29.577+0000] {processor.py:208} INFO - Processing /home/airflow/.local/lib/python3.12/site-packages/airflow/example_dags/tutorial.py took 0.062 seconds
[2024-10-23T04:45:00.770+0000] {processor.py:186} INFO - Started process (PID=16393) to work on /home/airflow/.local/lib/python3.12/site-packages/airflow/example_dags/tutorial.py
[2024-10-23T04:45:00.771+0000] {processor.py:914} INFO - Processing file /home/airflow/.local/lib/python3.12/site-packages/airflow/example_dags/tutorial.py for tasks to queue
[2024-10-23T04:45:00.772+0000] {logging_mixin.py:190} INFO - [2024-10-23T04:45:00.771+0000] {dagbag.py:588} INFO - Filling up the DagBag from /home/airflow/.local/lib/python3.12/site-packages/airflow/example_dags/tutorial.py
[2024-10-23T04:45:00.779+0000] {processor.py:925} INFO - DAG(s) 'tutorial' retrieved from /home/airflow/.local/lib/python3.12/site-packages/airflow/example_dags/tutorial.py
[2024-10-23T04:45:00.795+0000] {logging_mixin.py:190} INFO - [2024-10-23T04:45:00.794+0000] {dag.py:3239} INFO - Sync 1 DAGs
[2024-10-23T04:45:00.813+0000] {logging_mixin.py:190} INFO - [2024-10-23T04:45:00.813+0000] {dag.py:4180} INFO - Setting next_dagrun for tutorial to 2024-10-22 00:00:00+00:00, run_after=2024-10-23 00:00:00+00:00
[2024-10-23T04:45:00.827+0000] {processor.py:208} INFO - Processing /home/airflow/.local/lib/python3.12/site-packages/airflow/example_dags/tutorial.py took 0.072 seconds
[2024-10-23T04:45:32.000+0000] {processor.py:186} INFO - Started process (PID=16456) to work on /home/airflow/.local/lib/python3.12/site-packages/airflow/example_dags/tutorial.py
[2024-10-23T04:45:32.000+0000] {processor.py:914} INFO - Processing file /home/airflow/.local/lib/python3.12/site-packages/airflow/example_dags/tutorial.py for tasks to queue
[2024-10-23T04:45:32.001+0000] {logging_mixin.py:190} INFO - [2024-10-23T04:45:32.001+0000] {dagbag.py:588} INFO - Filling up the DagBag from /home/airflow/.local/lib/python3.12/site-packages/airflow/example_dags/tutorial.py
[2024-10-23T04:45:32.008+0000] {processor.py:925} INFO - DAG(s) 'tutorial' retrieved from /home/airflow/.local/lib/python3.12/site-packages/airflow/example_dags/tutorial.py
[2024-10-23T04:45:32.023+0000] {logging_mixin.py:190} INFO - [2024-10-23T04:45:32.023+0000] {dag.py:3239} INFO - Sync 1 DAGs
[2024-10-23T04:45:32.043+0000] {logging_mixin.py:190} INFO - [2024-10-23T04:45:32.042+0000] {dag.py:4180} INFO - Setting next_dagrun for tutorial to 2024-10-22 00:00:00+00:00, run_after=2024-10-23 00:00:00+00:00
[2024-10-23T04:45:32.057+0000] {processor.py:208} INFO - Processing /home/airflow/.local/lib/python3.12/site-packages/airflow/example_dags/tutorial.py took 0.062 seconds
[2024-10-23T07:12:05.744+0000] {processor.py:186} INFO - Started process (PID=34467) to work on /home/airflow/.local/lib/python3.12/site-packages/airflow/example_dags/tutorial.py
[2024-10-23T07:12:05.746+0000] {processor.py:914} INFO - Processing file /home/airflow/.local/lib/python3.12/site-packages/airflow/example_dags/tutorial.py for tasks to queue
[2024-10-23T07:12:05.750+0000] {logging_mixin.py:190} INFO - [2024-10-23T07:12:05.749+0000] {dagbag.py:588} INFO - Filling up the DagBag from /home/airflow/.local/lib/python3.12/site-packages/airflow/example_dags/tutorial.py
[2024-10-23T07:12:05.844+0000] {processor.py:925} INFO - DAG(s) 'tutorial' retrieved from /home/airflow/.local/lib/python3.12/site-packages/airflow/example_dags/tutorial.py
[2024-10-23T07:12:05.879+0000] {logging_mixin.py:190} INFO - [2024-10-23T07:12:05.878+0000] {dag.py:3239} INFO - Sync 1 DAGs
[2024-10-23T07:12:05.903+0000] {logging_mixin.py:190} INFO - [2024-10-23T07:12:05.903+0000] {dag.py:4180} INFO - Setting next_dagrun for tutorial to 2024-10-22 00:00:00+00:00, run_after=2024-10-23 00:00:00+00:00
[2024-10-23T07:12:06.100+0000] {processor.py:208} INFO - Processing /home/airflow/.local/lib/python3.12/site-packages/airflow/example_dags/tutorial.py took 0.371 seconds
[2024-10-23T07:12:36.273+0000] {processor.py:186} INFO - Started process (PID=34530) to work on /home/airflow/.local/lib/python3.12/site-packages/airflow/example_dags/tutorial.py
[2024-10-23T07:12:36.277+0000] {processor.py:914} INFO - Processing file /home/airflow/.local/lib/python3.12/site-packages/airflow/example_dags/tutorial.py for tasks to queue
[2024-10-23T07:12:36.279+0000] {logging_mixin.py:190} INFO - [2024-10-23T07:12:36.279+0000] {dagbag.py:588} INFO - Filling up the DagBag from /home/airflow/.local/lib/python3.12/site-packages/airflow/example_dags/tutorial.py
[2024-10-23T07:12:36.286+0000] {processor.py:925} INFO - DAG(s) 'tutorial' retrieved from /home/airflow/.local/lib/python3.12/site-packages/airflow/example_dags/tutorial.py
[2024-10-23T07:12:36.307+0000] {logging_mixin.py:190} INFO - [2024-10-23T07:12:36.307+0000] {dag.py:3239} INFO - Sync 1 DAGs
[2024-10-23T07:12:36.327+0000] {logging_mixin.py:190} INFO - [2024-10-23T07:12:36.327+0000] {dag.py:4180} INFO - Setting next_dagrun for tutorial to 2024-10-22 00:00:00+00:00, run_after=2024-10-23 00:00:00+00:00
[2024-10-23T07:12:36.338+0000] {processor.py:208} INFO - Processing /home/airflow/.local/lib/python3.12/site-packages/airflow/example_dags/tutorial.py took 0.070 seconds
[2024-10-23T07:13:07.639+0000] {processor.py:186} INFO - Started process (PID=34593) to work on /home/airflow/.local/lib/python3.12/site-packages/airflow/example_dags/tutorial.py
[2024-10-23T07:13:07.641+0000] {processor.py:914} INFO - Processing file /home/airflow/.local/lib/python3.12/site-packages/airflow/example_dags/tutorial.py for tasks to queue
[2024-10-23T07:13:07.643+0000] {logging_mixin.py:190} INFO - [2024-10-23T07:13:07.643+0000] {dagbag.py:588} INFO - Filling up the DagBag from /home/airflow/.local/lib/python3.12/site-packages/airflow/example_dags/tutorial.py
[2024-10-23T07:13:07.655+0000] {processor.py:925} INFO - DAG(s) 'tutorial' retrieved from /home/airflow/.local/lib/python3.12/site-packages/airflow/example_dags/tutorial.py
[2024-10-23T07:13:07.677+0000] {logging_mixin.py:190} INFO - [2024-10-23T07:13:07.677+0000] {dag.py:3239} INFO - Sync 1 DAGs
[2024-10-23T07:13:07.697+0000] {logging_mixin.py:190} INFO - [2024-10-23T07:13:07.697+0000] {dag.py:4180} INFO - Setting next_dagrun for tutorial to 2024-10-22 00:00:00+00:00, run_after=2024-10-23 00:00:00+00:00
[2024-10-23T07:13:07.715+0000] {processor.py:208} INFO - Processing /home/airflow/.local/lib/python3.12/site-packages/airflow/example_dags/tutorial.py took 0.085 seconds
[2024-10-23T07:13:38.285+0000] {processor.py:186} INFO - Started process (PID=34656) to work on /home/airflow/.local/lib/python3.12/site-packages/airflow/example_dags/tutorial.py
[2024-10-23T07:13:38.290+0000] {processor.py:914} INFO - Processing file /home/airflow/.local/lib/python3.12/site-packages/airflow/example_dags/tutorial.py for tasks to queue
[2024-10-23T07:13:38.291+0000] {logging_mixin.py:190} INFO - [2024-10-23T07:13:38.291+0000] {dagbag.py:588} INFO - Filling up the DagBag from /home/airflow/.local/lib/python3.12/site-packages/airflow/example_dags/tutorial.py
[2024-10-23T07:13:38.299+0000] {processor.py:925} INFO - DAG(s) 'tutorial' retrieved from /home/airflow/.local/lib/python3.12/site-packages/airflow/example_dags/tutorial.py
[2024-10-23T07:13:38.312+0000] {logging_mixin.py:190} INFO - [2024-10-23T07:13:38.312+0000] {dag.py:3239} INFO - Sync 1 DAGs
[2024-10-23T07:13:38.330+0000] {logging_mixin.py:190} INFO - [2024-10-23T07:13:38.330+0000] {dag.py:4180} INFO - Setting next_dagrun for tutorial to 2024-10-22 00:00:00+00:00, run_after=2024-10-23 00:00:00+00:00
[2024-10-23T07:13:38.347+0000] {processor.py:208} INFO - Processing /home/airflow/.local/lib/python3.12/site-packages/airflow/example_dags/tutorial.py took 0.067 seconds
[2024-10-23T07:14:08.697+0000] {processor.py:186} INFO - Started process (PID=34719) to work on /home/airflow/.local/lib/python3.12/site-packages/airflow/example_dags/tutorial.py
[2024-10-23T07:14:08.702+0000] {processor.py:914} INFO - Processing file /home/airflow/.local/lib/python3.12/site-packages/airflow/example_dags/tutorial.py for tasks to queue
[2024-10-23T07:14:08.705+0000] {logging_mixin.py:190} INFO - [2024-10-23T07:14:08.704+0000] {dagbag.py:588} INFO - Filling up the DagBag from /home/airflow/.local/lib/python3.12/site-packages/airflow/example_dags/tutorial.py
[2024-10-23T07:14:08.712+0000] {processor.py:925} INFO - DAG(s) 'tutorial' retrieved from /home/airflow/.local/lib/python3.12/site-packages/airflow/example_dags/tutorial.py
[2024-10-23T07:14:08.726+0000] {logging_mixin.py:190} INFO - [2024-10-23T07:14:08.725+0000] {dag.py:3239} INFO - Sync 1 DAGs
[2024-10-23T07:14:08.741+0000] {logging_mixin.py:190} INFO - [2024-10-23T07:14:08.740+0000] {dag.py:4180} INFO - Setting next_dagrun for tutorial to 2024-10-22 00:00:00+00:00, run_after=2024-10-23 00:00:00+00:00
[2024-10-23T07:14:08.755+0000] {processor.py:208} INFO - Processing /home/airflow/.local/lib/python3.12/site-packages/airflow/example_dags/tutorial.py took 0.062 seconds
[2024-10-23T07:14:39.692+0000] {processor.py:186} INFO - Started process (PID=34782) to work on /home/airflow/.local/lib/python3.12/site-packages/airflow/example_dags/tutorial.py
[2024-10-23T07:14:39.693+0000] {processor.py:914} INFO - Processing file /home/airflow/.local/lib/python3.12/site-packages/airflow/example_dags/tutorial.py for tasks to queue
[2024-10-23T07:14:39.694+0000] {logging_mixin.py:190} INFO - [2024-10-23T07:14:39.694+0000] {dagbag.py:588} INFO - Filling up the DagBag from /home/airflow/.local/lib/python3.12/site-packages/airflow/example_dags/tutorial.py
[2024-10-23T07:14:39.706+0000] {processor.py:925} INFO - DAG(s) 'tutorial' retrieved from /home/airflow/.local/lib/python3.12/site-packages/airflow/example_dags/tutorial.py
[2024-10-23T07:14:39.730+0000] {logging_mixin.py:190} INFO - [2024-10-23T07:14:39.729+0000] {dag.py:3239} INFO - Sync 1 DAGs
[2024-10-23T07:14:39.903+0000] {logging_mixin.py:190} INFO - [2024-10-23T07:14:39.903+0000] {dag.py:4180} INFO - Setting next_dagrun for tutorial to 2024-10-22 00:00:00+00:00, run_after=2024-10-23 00:00:00+00:00
[2024-10-23T07:14:39.918+0000] {processor.py:208} INFO - Processing /home/airflow/.local/lib/python3.12/site-packages/airflow/example_dags/tutorial.py took 0.232 seconds
[2024-10-23T07:15:10.265+0000] {processor.py:186} INFO - Started process (PID=34845) to work on /home/airflow/.local/lib/python3.12/site-packages/airflow/example_dags/tutorial.py
[2024-10-23T07:15:10.269+0000] {processor.py:914} INFO - Processing file /home/airflow/.local/lib/python3.12/site-packages/airflow/example_dags/tutorial.py for tasks to queue
[2024-10-23T07:15:10.272+0000] {logging_mixin.py:190} INFO - [2024-10-23T07:15:10.272+0000] {dagbag.py:588} INFO - Filling up the DagBag from /home/airflow/.local/lib/python3.12/site-packages/airflow/example_dags/tutorial.py
[2024-10-23T07:15:10.300+0000] {processor.py:925} INFO - DAG(s) 'tutorial' retrieved from /home/airflow/.local/lib/python3.12/site-packages/airflow/example_dags/tutorial.py
[2024-10-23T07:15:10.325+0000] {logging_mixin.py:190} INFO - [2024-10-23T07:15:10.325+0000] {dag.py:3239} INFO - Sync 1 DAGs
[2024-10-23T07:15:10.490+0000] {logging_mixin.py:190} INFO - [2024-10-23T07:15:10.490+0000] {dag.py:4180} INFO - Setting next_dagrun for tutorial to 2024-10-22 00:00:00+00:00, run_after=2024-10-23 00:00:00+00:00
[2024-10-23T07:15:10.502+0000] {processor.py:208} INFO - Processing /home/airflow/.local/lib/python3.12/site-packages/airflow/example_dags/tutorial.py took 0.246 seconds
[2024-10-23T07:15:40.754+0000] {processor.py:186} INFO - Started process (PID=34907) to work on /home/airflow/.local/lib/python3.12/site-packages/airflow/example_dags/tutorial.py
[2024-10-23T07:15:40.755+0000] {processor.py:914} INFO - Processing file /home/airflow/.local/lib/python3.12/site-packages/airflow/example_dags/tutorial.py for tasks to queue
[2024-10-23T07:15:40.757+0000] {logging_mixin.py:190} INFO - [2024-10-23T07:15:40.757+0000] {dagbag.py:588} INFO - Filling up the DagBag from /home/airflow/.local/lib/python3.12/site-packages/airflow/example_dags/tutorial.py
[2024-10-23T07:15:40.766+0000] {processor.py:925} INFO - DAG(s) 'tutorial' retrieved from /home/airflow/.local/lib/python3.12/site-packages/airflow/example_dags/tutorial.py
[2024-10-23T07:15:40.788+0000] {logging_mixin.py:190} INFO - [2024-10-23T07:15:40.787+0000] {dag.py:3239} INFO - Sync 1 DAGs
[2024-10-23T07:15:40.809+0000] {logging_mixin.py:190} INFO - [2024-10-23T07:15:40.808+0000] {dag.py:4180} INFO - Setting next_dagrun for tutorial to 2024-10-22 00:00:00+00:00, run_after=2024-10-23 00:00:00+00:00
[2024-10-23T07:15:40.822+0000] {processor.py:208} INFO - Processing /home/airflow/.local/lib/python3.12/site-packages/airflow/example_dags/tutorial.py took 0.075 seconds
[2024-10-23T07:16:11.079+0000] {processor.py:186} INFO - Started process (PID=34970) to work on /home/airflow/.local/lib/python3.12/site-packages/airflow/example_dags/tutorial.py
[2024-10-23T07:16:11.082+0000] {processor.py:914} INFO - Processing file /home/airflow/.local/lib/python3.12/site-packages/airflow/example_dags/tutorial.py for tasks to queue
[2024-10-23T07:16:11.083+0000] {logging_mixin.py:190} INFO - [2024-10-23T07:16:11.082+0000] {dagbag.py:588} INFO - Filling up the DagBag from /home/airflow/.local/lib/python3.12/site-packages/airflow/example_dags/tutorial.py
[2024-10-23T07:16:11.090+0000] {processor.py:925} INFO - DAG(s) 'tutorial' retrieved from /home/airflow/.local/lib/python3.12/site-packages/airflow/example_dags/tutorial.py
[2024-10-23T07:16:11.111+0000] {logging_mixin.py:190} INFO - [2024-10-23T07:16:11.110+0000] {dag.py:3239} INFO - Sync 1 DAGs
[2024-10-23T07:16:11.133+0000] {logging_mixin.py:190} INFO - [2024-10-23T07:16:11.132+0000] {dag.py:4180} INFO - Setting next_dagrun for tutorial to 2024-10-22 00:00:00+00:00, run_after=2024-10-23 00:00:00+00:00
[2024-10-23T07:16:11.146+0000] {processor.py:208} INFO - Processing /home/airflow/.local/lib/python3.12/site-packages/airflow/example_dags/tutorial.py took 0.072 seconds
[2024-10-23T07:16:42.187+0000] {processor.py:186} INFO - Started process (PID=35034) to work on /home/airflow/.local/lib/python3.12/site-packages/airflow/example_dags/tutorial.py
[2024-10-23T07:16:42.188+0000] {processor.py:914} INFO - Processing file /home/airflow/.local/lib/python3.12/site-packages/airflow/example_dags/tutorial.py for tasks to queue
[2024-10-23T07:16:42.189+0000] {logging_mixin.py:190} INFO - [2024-10-23T07:16:42.189+0000] {dagbag.py:588} INFO - Filling up the DagBag from /home/airflow/.local/lib/python3.12/site-packages/airflow/example_dags/tutorial.py
[2024-10-23T07:16:42.195+0000] {processor.py:925} INFO - DAG(s) 'tutorial' retrieved from /home/airflow/.local/lib/python3.12/site-packages/airflow/example_dags/tutorial.py
[2024-10-23T07:16:42.208+0000] {logging_mixin.py:190} INFO - [2024-10-23T07:16:42.208+0000] {dag.py:3239} INFO - Sync 1 DAGs
[2024-10-23T07:16:42.224+0000] {logging_mixin.py:190} INFO - [2024-10-23T07:16:42.224+0000] {dag.py:4180} INFO - Setting next_dagrun for tutorial to 2024-10-22 00:00:00+00:00, run_after=2024-10-23 00:00:00+00:00
[2024-10-23T07:16:42.239+0000] {processor.py:208} INFO - Processing /home/airflow/.local/lib/python3.12/site-packages/airflow/example_dags/tutorial.py took 0.056 seconds
[2024-10-23T07:17:13.092+0000] {processor.py:186} INFO - Started process (PID=35097) to work on /home/airflow/.local/lib/python3.12/site-packages/airflow/example_dags/tutorial.py
[2024-10-23T07:17:13.093+0000] {processor.py:914} INFO - Processing file /home/airflow/.local/lib/python3.12/site-packages/airflow/example_dags/tutorial.py for tasks to queue
[2024-10-23T07:17:13.095+0000] {logging_mixin.py:190} INFO - [2024-10-23T07:17:13.095+0000] {dagbag.py:588} INFO - Filling up the DagBag from /home/airflow/.local/lib/python3.12/site-packages/airflow/example_dags/tutorial.py
[2024-10-23T07:17:13.115+0000] {processor.py:925} INFO - DAG(s) 'tutorial' retrieved from /home/airflow/.local/lib/python3.12/site-packages/airflow/example_dags/tutorial.py
[2024-10-23T07:17:13.163+0000] {logging_mixin.py:190} INFO - [2024-10-23T07:17:13.163+0000] {dag.py:3239} INFO - Sync 1 DAGs
[2024-10-23T07:17:13.191+0000] {logging_mixin.py:190} INFO - [2024-10-23T07:17:13.191+0000] {dag.py:4180} INFO - Setting next_dagrun for tutorial to 2024-10-22 00:00:00+00:00, run_after=2024-10-23 00:00:00+00:00
[2024-10-23T07:17:13.207+0000] {processor.py:208} INFO - Processing /home/airflow/.local/lib/python3.12/site-packages/airflow/example_dags/tutorial.py took 0.127 seconds
[2024-10-23T07:17:43.869+0000] {processor.py:186} INFO - Started process (PID=35160) to work on /home/airflow/.local/lib/python3.12/site-packages/airflow/example_dags/tutorial.py
[2024-10-23T07:17:43.870+0000] {processor.py:914} INFO - Processing file /home/airflow/.local/lib/python3.12/site-packages/airflow/example_dags/tutorial.py for tasks to queue
[2024-10-23T07:17:43.872+0000] {logging_mixin.py:190} INFO - [2024-10-23T07:17:43.872+0000] {dagbag.py:588} INFO - Filling up the DagBag from /home/airflow/.local/lib/python3.12/site-packages/airflow/example_dags/tutorial.py
[2024-10-23T07:17:43.886+0000] {processor.py:925} INFO - DAG(s) 'tutorial' retrieved from /home/airflow/.local/lib/python3.12/site-packages/airflow/example_dags/tutorial.py
[2024-10-23T07:17:43.902+0000] {logging_mixin.py:190} INFO - [2024-10-23T07:17:43.901+0000] {dag.py:3239} INFO - Sync 1 DAGs
[2024-10-23T07:17:43.920+0000] {logging_mixin.py:190} INFO - [2024-10-23T07:17:43.920+0000] {dag.py:4180} INFO - Setting next_dagrun for tutorial to 2024-10-22 00:00:00+00:00, run_after=2024-10-23 00:00:00+00:00
[2024-10-23T07:17:43.933+0000] {processor.py:208} INFO - Processing /home/airflow/.local/lib/python3.12/site-packages/airflow/example_dags/tutorial.py took 0.069 seconds
[2024-10-23T07:18:14.300+0000] {processor.py:186} INFO - Started process (PID=35223) to work on /home/airflow/.local/lib/python3.12/site-packages/airflow/example_dags/tutorial.py
[2024-10-23T07:18:14.301+0000] {processor.py:914} INFO - Processing file /home/airflow/.local/lib/python3.12/site-packages/airflow/example_dags/tutorial.py for tasks to queue
[2024-10-23T07:18:14.302+0000] {logging_mixin.py:190} INFO - [2024-10-23T07:18:14.302+0000] {dagbag.py:588} INFO - Filling up the DagBag from /home/airflow/.local/lib/python3.12/site-packages/airflow/example_dags/tutorial.py
[2024-10-23T07:18:14.308+0000] {processor.py:925} INFO - DAG(s) 'tutorial' retrieved from /home/airflow/.local/lib/python3.12/site-packages/airflow/example_dags/tutorial.py
[2024-10-23T07:18:14.322+0000] {logging_mixin.py:190} INFO - [2024-10-23T07:18:14.322+0000] {dag.py:3239} INFO - Sync 1 DAGs
[2024-10-23T07:18:14.341+0000] {logging_mixin.py:190} INFO - [2024-10-23T07:18:14.341+0000] {dag.py:4180} INFO - Setting next_dagrun for tutorial to 2024-10-22 00:00:00+00:00, run_after=2024-10-23 00:00:00+00:00
[2024-10-23T07:18:14.357+0000] {processor.py:208} INFO - Processing /home/airflow/.local/lib/python3.12/site-packages/airflow/example_dags/tutorial.py took 0.062 seconds
[2024-10-23T07:18:45.115+0000] {processor.py:186} INFO - Started process (PID=35286) to work on /home/airflow/.local/lib/python3.12/site-packages/airflow/example_dags/tutorial.py
[2024-10-23T07:18:45.116+0000] {processor.py:914} INFO - Processing file /home/airflow/.local/lib/python3.12/site-packages/airflow/example_dags/tutorial.py for tasks to queue
[2024-10-23T07:18:45.117+0000] {logging_mixin.py:190} INFO - [2024-10-23T07:18:45.117+0000] {dagbag.py:588} INFO - Filling up the DagBag from /home/airflow/.local/lib/python3.12/site-packages/airflow/example_dags/tutorial.py
[2024-10-23T07:18:45.124+0000] {processor.py:925} INFO - DAG(s) 'tutorial' retrieved from /home/airflow/.local/lib/python3.12/site-packages/airflow/example_dags/tutorial.py
[2024-10-23T07:18:45.138+0000] {logging_mixin.py:190} INFO - [2024-10-23T07:18:45.138+0000] {dag.py:3239} INFO - Sync 1 DAGs
[2024-10-23T07:18:45.154+0000] {logging_mixin.py:190} INFO - [2024-10-23T07:18:45.154+0000] {dag.py:4180} INFO - Setting next_dagrun for tutorial to 2024-10-22 00:00:00+00:00, run_after=2024-10-23 00:00:00+00:00
[2024-10-23T07:18:45.172+0000] {processor.py:208} INFO - Processing /home/airflow/.local/lib/python3.12/site-packages/airflow/example_dags/tutorial.py took 0.063 seconds
[2024-10-23T07:19:15.674+0000] {processor.py:186} INFO - Started process (PID=35350) to work on /home/airflow/.local/lib/python3.12/site-packages/airflow/example_dags/tutorial.py
[2024-10-23T07:19:15.674+0000] {processor.py:914} INFO - Processing file /home/airflow/.local/lib/python3.12/site-packages/airflow/example_dags/tutorial.py for tasks to queue
[2024-10-23T07:19:15.677+0000] {logging_mixin.py:190} INFO - [2024-10-23T07:19:15.676+0000] {dagbag.py:588} INFO - Filling up the DagBag from /home/airflow/.local/lib/python3.12/site-packages/airflow/example_dags/tutorial.py
[2024-10-23T07:19:15.683+0000] {processor.py:925} INFO - DAG(s) 'tutorial' retrieved from /home/airflow/.local/lib/python3.12/site-packages/airflow/example_dags/tutorial.py
[2024-10-23T07:19:15.698+0000] {logging_mixin.py:190} INFO - [2024-10-23T07:19:15.698+0000] {dag.py:3239} INFO - Sync 1 DAGs
[2024-10-23T07:19:15.715+0000] {logging_mixin.py:190} INFO - [2024-10-23T07:19:15.715+0000] {dag.py:4180} INFO - Setting next_dagrun for tutorial to 2024-10-22 00:00:00+00:00, run_after=2024-10-23 00:00:00+00:00
[2024-10-23T07:19:15.728+0000] {processor.py:208} INFO - Processing /home/airflow/.local/lib/python3.12/site-packages/airflow/example_dags/tutorial.py took 0.059 seconds
[2024-10-23T07:19:46.388+0000] {processor.py:186} INFO - Started process (PID=35415) to work on /home/airflow/.local/lib/python3.12/site-packages/airflow/example_dags/tutorial.py
[2024-10-23T07:19:46.389+0000] {processor.py:914} INFO - Processing file /home/airflow/.local/lib/python3.12/site-packages/airflow/example_dags/tutorial.py for tasks to queue
[2024-10-23T07:19:46.390+0000] {logging_mixin.py:190} INFO - [2024-10-23T07:19:46.390+0000] {dagbag.py:588} INFO - Filling up the DagBag from /home/airflow/.local/lib/python3.12/site-packages/airflow/example_dags/tutorial.py
[2024-10-23T07:19:46.399+0000] {processor.py:925} INFO - DAG(s) 'tutorial' retrieved from /home/airflow/.local/lib/python3.12/site-packages/airflow/example_dags/tutorial.py
[2024-10-23T07:19:46.411+0000] {logging_mixin.py:190} INFO - [2024-10-23T07:19:46.411+0000] {dag.py:3239} INFO - Sync 1 DAGs
[2024-10-23T07:19:46.430+0000] {logging_mixin.py:190} INFO - [2024-10-23T07:19:46.430+0000] {dag.py:4180} INFO - Setting next_dagrun for tutorial to 2024-10-22 00:00:00+00:00, run_after=2024-10-23 00:00:00+00:00
[2024-10-23T07:19:46.444+0000] {processor.py:208} INFO - Processing /home/airflow/.local/lib/python3.12/site-packages/airflow/example_dags/tutorial.py took 0.061 seconds
