[2024-10-23T02:32:03.302+0000] {processor.py:186} INFO - Started process (PID=13713) to work on /opt/airflow/dags/dag.py
[2024-10-23T02:32:03.303+0000] {processor.py:914} INFO - Processing file /opt/airflow/dags/dag.py for tasks to queue
[2024-10-23T02:32:03.306+0000] {logging_mixin.py:190} INFO - [2024-10-23T02:32:03.305+0000] {dagbag.py:588} INFO - Filling up the DagBag from /opt/airflow/dags/dag.py
[2024-10-23T02:32:03.495+0000] {processor.py:925} INFO - DAG(s) 'fetch_and_store_amazon_books' retrieved from /opt/airflow/dags/dag.py
[2024-10-23T02:32:03.544+0000] {logging_mixin.py:190} INFO - [2024-10-23T02:32:03.542+0000] {dag.py:3239} INFO - Sync 1 DAGs
[2024-10-23T02:32:03.596+0000] {logging_mixin.py:190} INFO - [2024-10-23T02:32:03.596+0000] {dag.py:4180} INFO - Setting next_dagrun for fetch_and_store_amazon_books to 2024-10-23 00:00:00+00:00, run_after=2024-10-24 00:00:00+00:00
[2024-10-23T02:32:03.620+0000] {processor.py:208} INFO - Processing /opt/airflow/dags/dag.py took 0.330 seconds
[2024-10-23T04:23:42.720+0000] {processor.py:186} INFO - Started process (PID=13770) to work on /opt/airflow/dags/dag.py
[2024-10-23T04:23:42.722+0000] {processor.py:914} INFO - Processing file /opt/airflow/dags/dag.py for tasks to queue
[2024-10-23T04:23:42.724+0000] {logging_mixin.py:190} INFO - [2024-10-23T04:23:42.723+0000] {dagbag.py:588} INFO - Filling up the DagBag from /opt/airflow/dags/dag.py
[2024-10-23T04:23:42.870+0000] {processor.py:925} INFO - DAG(s) 'fetch_and_store_amazon_books' retrieved from /opt/airflow/dags/dag.py
[2024-10-23T04:23:42.900+0000] {logging_mixin.py:190} INFO - [2024-10-23T04:23:42.899+0000] {dag.py:3239} INFO - Sync 1 DAGs
[2024-10-23T04:23:42.925+0000] {logging_mixin.py:190} INFO - [2024-10-23T04:23:42.925+0000] {dag.py:4180} INFO - Setting next_dagrun for fetch_and_store_amazon_books to 2024-10-23 00:00:00+00:00, run_after=2024-10-24 00:00:00+00:00
[2024-10-23T04:23:42.969+0000] {processor.py:208} INFO - Processing /opt/airflow/dags/dag.py took 0.258 seconds
[2024-10-23T04:24:13.330+0000] {processor.py:186} INFO - Started process (PID=13839) to work on /opt/airflow/dags/dag.py
[2024-10-23T04:24:13.333+0000] {processor.py:914} INFO - Processing file /opt/airflow/dags/dag.py for tasks to queue
[2024-10-23T04:24:13.335+0000] {logging_mixin.py:190} INFO - [2024-10-23T04:24:13.334+0000] {dagbag.py:588} INFO - Filling up the DagBag from /opt/airflow/dags/dag.py
[2024-10-23T04:24:13.475+0000] {processor.py:925} INFO - DAG(s) 'fetch_and_store_amazon_books' retrieved from /opt/airflow/dags/dag.py
[2024-10-23T04:24:13.513+0000] {logging_mixin.py:190} INFO - [2024-10-23T04:24:13.512+0000] {dag.py:3239} INFO - Sync 1 DAGs
[2024-10-23T04:24:13.537+0000] {logging_mixin.py:190} INFO - [2024-10-23T04:24:13.537+0000] {dag.py:4180} INFO - Setting next_dagrun for fetch_and_store_amazon_books to 2024-10-23 00:00:00+00:00, run_after=2024-10-24 00:00:00+00:00
[2024-10-23T04:24:13.562+0000] {processor.py:208} INFO - Processing /opt/airflow/dags/dag.py took 0.247 seconds
[2024-10-23T04:24:44.489+0000] {processor.py:186} INFO - Started process (PID=13902) to work on /opt/airflow/dags/dag.py
[2024-10-23T04:24:44.493+0000] {processor.py:914} INFO - Processing file /opt/airflow/dags/dag.py for tasks to queue
[2024-10-23T04:24:44.497+0000] {logging_mixin.py:190} INFO - [2024-10-23T04:24:44.496+0000] {dagbag.py:588} INFO - Filling up the DagBag from /opt/airflow/dags/dag.py
[2024-10-23T04:24:44.745+0000] {processor.py:925} INFO - DAG(s) 'fetch_and_store_amazon_books' retrieved from /opt/airflow/dags/dag.py
[2024-10-23T04:24:45.008+0000] {logging_mixin.py:190} INFO - [2024-10-23T04:24:45.004+0000] {dag.py:3239} INFO - Sync 1 DAGs
[2024-10-23T04:24:45.092+0000] {logging_mixin.py:190} INFO - [2024-10-23T04:24:45.091+0000] {dag.py:4180} INFO - Setting next_dagrun for fetch_and_store_amazon_books to 2024-10-23 00:00:00+00:00, run_after=2024-10-24 00:00:00+00:00
[2024-10-23T04:24:45.155+0000] {processor.py:208} INFO - Processing /opt/airflow/dags/dag.py took 0.747 seconds
[2024-10-23T04:25:15.786+0000] {processor.py:186} INFO - Started process (PID=13965) to work on /opt/airflow/dags/dag.py
[2024-10-23T04:25:15.799+0000] {processor.py:914} INFO - Processing file /opt/airflow/dags/dag.py for tasks to queue
[2024-10-23T04:25:15.804+0000] {logging_mixin.py:190} INFO - [2024-10-23T04:25:15.803+0000] {dagbag.py:588} INFO - Filling up the DagBag from /opt/airflow/dags/dag.py
[2024-10-23T04:25:15.939+0000] {processor.py:925} INFO - DAG(s) 'fetch_and_store_amazon_books' retrieved from /opt/airflow/dags/dag.py
[2024-10-23T04:25:15.979+0000] {logging_mixin.py:190} INFO - [2024-10-23T04:25:15.978+0000] {dag.py:3239} INFO - Sync 1 DAGs
[2024-10-23T04:25:16.005+0000] {logging_mixin.py:190} INFO - [2024-10-23T04:25:16.005+0000] {dag.py:4180} INFO - Setting next_dagrun for fetch_and_store_amazon_books to 2024-10-23 00:00:00+00:00, run_after=2024-10-24 00:00:00+00:00
[2024-10-23T04:25:16.021+0000] {processor.py:208} INFO - Processing /opt/airflow/dags/dag.py took 0.256 seconds
[2024-10-23T04:25:46.328+0000] {processor.py:186} INFO - Started process (PID=14028) to work on /opt/airflow/dags/dag.py
[2024-10-23T04:25:46.331+0000] {processor.py:914} INFO - Processing file /opt/airflow/dags/dag.py for tasks to queue
[2024-10-23T04:25:46.333+0000] {logging_mixin.py:190} INFO - [2024-10-23T04:25:46.332+0000] {dagbag.py:588} INFO - Filling up the DagBag from /opt/airflow/dags/dag.py
[2024-10-23T04:25:46.480+0000] {processor.py:925} INFO - DAG(s) 'fetch_and_store_amazon_books' retrieved from /opt/airflow/dags/dag.py
[2024-10-23T04:25:46.519+0000] {logging_mixin.py:190} INFO - [2024-10-23T04:25:46.518+0000] {dag.py:3239} INFO - Sync 1 DAGs
[2024-10-23T04:25:46.554+0000] {logging_mixin.py:190} INFO - [2024-10-23T04:25:46.554+0000] {dag.py:4180} INFO - Setting next_dagrun for fetch_and_store_amazon_books to 2024-10-23 00:00:00+00:00, run_after=2024-10-24 00:00:00+00:00
[2024-10-23T04:25:46.574+0000] {processor.py:208} INFO - Processing /opt/airflow/dags/dag.py took 0.268 seconds
[2024-10-23T04:26:16.940+0000] {processor.py:186} INFO - Started process (PID=14091) to work on /opt/airflow/dags/dag.py
[2024-10-23T04:26:16.942+0000] {processor.py:914} INFO - Processing file /opt/airflow/dags/dag.py for tasks to queue
[2024-10-23T04:26:16.945+0000] {logging_mixin.py:190} INFO - [2024-10-23T04:26:16.944+0000] {dagbag.py:588} INFO - Filling up the DagBag from /opt/airflow/dags/dag.py
[2024-10-23T04:26:17.074+0000] {processor.py:925} INFO - DAG(s) 'fetch_and_store_amazon_books' retrieved from /opt/airflow/dags/dag.py
[2024-10-23T04:26:17.124+0000] {logging_mixin.py:190} INFO - [2024-10-23T04:26:17.124+0000] {dag.py:3239} INFO - Sync 1 DAGs
[2024-10-23T04:26:17.153+0000] {logging_mixin.py:190} INFO - [2024-10-23T04:26:17.152+0000] {dag.py:4180} INFO - Setting next_dagrun for fetch_and_store_amazon_books to 2024-10-23 00:00:00+00:00, run_after=2024-10-24 00:00:00+00:00
[2024-10-23T04:26:17.171+0000] {processor.py:208} INFO - Processing /opt/airflow/dags/dag.py took 0.268 seconds
[2024-10-23T04:26:47.769+0000] {processor.py:186} INFO - Started process (PID=14154) to work on /opt/airflow/dags/dag.py
[2024-10-23T04:26:47.772+0000] {processor.py:914} INFO - Processing file /opt/airflow/dags/dag.py for tasks to queue
[2024-10-23T04:26:47.775+0000] {logging_mixin.py:190} INFO - [2024-10-23T04:26:47.774+0000] {dagbag.py:588} INFO - Filling up the DagBag from /opt/airflow/dags/dag.py
[2024-10-23T04:26:47.916+0000] {processor.py:925} INFO - DAG(s) 'fetch_and_store_amazon_books' retrieved from /opt/airflow/dags/dag.py
[2024-10-23T04:26:47.952+0000] {logging_mixin.py:190} INFO - [2024-10-23T04:26:47.951+0000] {dag.py:3239} INFO - Sync 1 DAGs
[2024-10-23T04:26:47.989+0000] {logging_mixin.py:190} INFO - [2024-10-23T04:26:47.989+0000] {dag.py:4180} INFO - Setting next_dagrun for fetch_and_store_amazon_books to 2024-10-23 00:00:00+00:00, run_after=2024-10-24 00:00:00+00:00
[2024-10-23T04:26:48.009+0000] {processor.py:208} INFO - Processing /opt/airflow/dags/dag.py took 0.257 seconds
[2024-10-23T04:27:18.144+0000] {processor.py:186} INFO - Started process (PID=14217) to work on /opt/airflow/dags/dag.py
[2024-10-23T04:27:18.146+0000] {processor.py:914} INFO - Processing file /opt/airflow/dags/dag.py for tasks to queue
[2024-10-23T04:27:18.148+0000] {logging_mixin.py:190} INFO - [2024-10-23T04:27:18.147+0000] {dagbag.py:588} INFO - Filling up the DagBag from /opt/airflow/dags/dag.py
[2024-10-23T04:27:18.261+0000] {processor.py:925} INFO - DAG(s) 'fetch_and_store_amazon_books' retrieved from /opt/airflow/dags/dag.py
[2024-10-23T04:27:18.283+0000] {logging_mixin.py:190} INFO - [2024-10-23T04:27:18.282+0000] {dag.py:3239} INFO - Sync 1 DAGs
[2024-10-23T04:27:18.302+0000] {logging_mixin.py:190} INFO - [2024-10-23T04:27:18.302+0000] {dag.py:4180} INFO - Setting next_dagrun for fetch_and_store_amazon_books to 2024-10-23 00:00:00+00:00, run_after=2024-10-24 00:00:00+00:00
[2024-10-23T04:27:18.316+0000] {processor.py:208} INFO - Processing /opt/airflow/dags/dag.py took 0.184 seconds
[2024-10-23T04:27:33.244+0000] {processor.py:186} INFO - Started process (PID=14274) to work on /opt/airflow/dags/dag.py
[2024-10-23T04:27:33.247+0000] {processor.py:914} INFO - Processing file /opt/airflow/dags/dag.py for tasks to queue
[2024-10-23T04:27:33.249+0000] {logging_mixin.py:190} INFO - [2024-10-23T04:27:33.249+0000] {dagbag.py:588} INFO - Filling up the DagBag from /opt/airflow/dags/dag.py
[2024-10-23T04:27:33.372+0000] {processor.py:925} INFO - DAG(s) 'fetch_and_store_amazon_books' retrieved from /opt/airflow/dags/dag.py
[2024-10-23T04:27:33.406+0000] {logging_mixin.py:190} INFO - [2024-10-23T04:27:33.406+0000] {dag.py:3239} INFO - Sync 1 DAGs
[2024-10-23T04:27:33.444+0000] {logging_mixin.py:190} INFO - [2024-10-23T04:27:33.444+0000] {dag.py:4180} INFO - Setting next_dagrun for fetch_and_store_amazon_books to 2024-10-23 00:00:00+00:00, run_after=2024-10-24 00:00:00+00:00
[2024-10-23T04:27:33.463+0000] {processor.py:208} INFO - Processing /opt/airflow/dags/dag.py took 0.232 seconds
[2024-10-23T04:27:50.091+0000] {processor.py:186} INFO - Started process (PID=14296) to work on /opt/airflow/dags/dag.py
[2024-10-23T04:27:50.092+0000] {processor.py:914} INFO - Processing file /opt/airflow/dags/dag.py for tasks to queue
[2024-10-23T04:27:50.095+0000] {logging_mixin.py:190} INFO - [2024-10-23T04:27:50.094+0000] {dagbag.py:588} INFO - Filling up the DagBag from /opt/airflow/dags/dag.py
[2024-10-23T04:27:50.186+0000] {processor.py:925} INFO - DAG(s) 'fetch_and_store_amazon_books' retrieved from /opt/airflow/dags/dag.py
[2024-10-23T04:27:50.200+0000] {logging_mixin.py:190} INFO - [2024-10-23T04:27:50.199+0000] {dag.py:3239} INFO - Sync 1 DAGs
[2024-10-23T04:27:50.214+0000] {logging_mixin.py:190} INFO - [2024-10-23T04:27:50.214+0000] {dag.py:4180} INFO - Setting next_dagrun for fetch_and_store_amazon_books to 2024-10-23 00:00:00+00:00, run_after=2024-10-24 00:00:00+00:00
[2024-10-23T04:27:50.228+0000] {processor.py:208} INFO - Processing /opt/airflow/dags/dag.py took 0.143 seconds
[2024-10-23T04:28:20.381+0000] {processor.py:186} INFO - Started process (PID=14360) to work on /opt/airflow/dags/dag.py
[2024-10-23T04:28:20.382+0000] {processor.py:914} INFO - Processing file /opt/airflow/dags/dag.py for tasks to queue
[2024-10-23T04:28:20.383+0000] {logging_mixin.py:190} INFO - [2024-10-23T04:28:20.383+0000] {dagbag.py:588} INFO - Filling up the DagBag from /opt/airflow/dags/dag.py
[2024-10-23T04:28:20.504+0000] {processor.py:925} INFO - DAG(s) 'fetch_and_store_amazon_books' retrieved from /opt/airflow/dags/dag.py
[2024-10-23T04:28:20.529+0000] {logging_mixin.py:190} INFO - [2024-10-23T04:28:20.529+0000] {dag.py:3239} INFO - Sync 1 DAGs
[2024-10-23T04:28:20.552+0000] {logging_mixin.py:190} INFO - [2024-10-23T04:28:20.552+0000] {dag.py:4180} INFO - Setting next_dagrun for fetch_and_store_amazon_books to 2024-10-23 00:00:00+00:00, run_after=2024-10-24 00:00:00+00:00
[2024-10-23T04:28:20.601+0000] {processor.py:208} INFO - Processing /opt/airflow/dags/dag.py took 0.226 seconds
[2024-10-23T04:28:50.859+0000] {processor.py:186} INFO - Started process (PID=14418) to work on /opt/airflow/dags/dag.py
[2024-10-23T04:28:50.860+0000] {processor.py:914} INFO - Processing file /opt/airflow/dags/dag.py for tasks to queue
[2024-10-23T04:28:50.861+0000] {logging_mixin.py:190} INFO - [2024-10-23T04:28:50.861+0000] {dagbag.py:588} INFO - Filling up the DagBag from /opt/airflow/dags/dag.py
[2024-10-23T04:28:50.949+0000] {processor.py:925} INFO - DAG(s) 'fetch_and_store_amazon_books' retrieved from /opt/airflow/dags/dag.py
[2024-10-23T04:28:50.967+0000] {logging_mixin.py:190} INFO - [2024-10-23T04:28:50.967+0000] {dag.py:3239} INFO - Sync 1 DAGs
[2024-10-23T04:28:50.983+0000] {logging_mixin.py:190} INFO - [2024-10-23T04:28:50.983+0000] {dag.py:4180} INFO - Setting next_dagrun for fetch_and_store_amazon_books to 2024-10-23 00:00:00+00:00, run_after=2024-10-24 00:00:00+00:00
[2024-10-23T04:28:50.994+0000] {processor.py:208} INFO - Processing /opt/airflow/dags/dag.py took 0.139 seconds
[2024-10-23T04:29:21.483+0000] {processor.py:186} INFO - Started process (PID=14481) to work on /opt/airflow/dags/dag.py
[2024-10-23T04:29:21.484+0000] {processor.py:914} INFO - Processing file /opt/airflow/dags/dag.py for tasks to queue
[2024-10-23T04:29:21.486+0000] {logging_mixin.py:190} INFO - [2024-10-23T04:29:21.485+0000] {dagbag.py:588} INFO - Filling up the DagBag from /opt/airflow/dags/dag.py
[2024-10-23T04:29:21.591+0000] {processor.py:925} INFO - DAG(s) 'fetch_and_store_amazon_books' retrieved from /opt/airflow/dags/dag.py
[2024-10-23T04:29:21.620+0000] {logging_mixin.py:190} INFO - [2024-10-23T04:29:21.620+0000] {dag.py:3239} INFO - Sync 1 DAGs
[2024-10-23T04:29:21.641+0000] {logging_mixin.py:190} INFO - [2024-10-23T04:29:21.641+0000] {dag.py:4180} INFO - Setting next_dagrun for fetch_and_store_amazon_books to 2024-10-23 00:00:00+00:00, run_after=2024-10-24 00:00:00+00:00
[2024-10-23T04:29:21.656+0000] {processor.py:208} INFO - Processing /opt/airflow/dags/dag.py took 0.180 seconds
[2024-10-23T04:29:52.294+0000] {processor.py:186} INFO - Started process (PID=14544) to work on /opt/airflow/dags/dag.py
[2024-10-23T04:29:52.295+0000] {processor.py:914} INFO - Processing file /opt/airflow/dags/dag.py for tasks to queue
[2024-10-23T04:29:52.296+0000] {logging_mixin.py:190} INFO - [2024-10-23T04:29:52.296+0000] {dagbag.py:588} INFO - Filling up the DagBag from /opt/airflow/dags/dag.py
[2024-10-23T04:29:52.389+0000] {processor.py:925} INFO - DAG(s) 'fetch_and_store_amazon_books' retrieved from /opt/airflow/dags/dag.py
[2024-10-23T04:29:52.405+0000] {logging_mixin.py:190} INFO - [2024-10-23T04:29:52.405+0000] {dag.py:3239} INFO - Sync 1 DAGs
[2024-10-23T04:29:52.420+0000] {logging_mixin.py:190} INFO - [2024-10-23T04:29:52.420+0000] {dag.py:4180} INFO - Setting next_dagrun for fetch_and_store_amazon_books to 2024-10-23 00:00:00+00:00, run_after=2024-10-24 00:00:00+00:00
[2024-10-23T04:29:52.436+0000] {processor.py:208} INFO - Processing /opt/airflow/dags/dag.py took 0.146 seconds
[2024-10-23T04:30:22.682+0000] {processor.py:186} INFO - Started process (PID=14596) to work on /opt/airflow/dags/dag.py
[2024-10-23T04:30:22.685+0000] {processor.py:914} INFO - Processing file /opt/airflow/dags/dag.py for tasks to queue
[2024-10-23T04:30:22.688+0000] {logging_mixin.py:190} INFO - [2024-10-23T04:30:22.687+0000] {dagbag.py:588} INFO - Filling up the DagBag from /opt/airflow/dags/dag.py
[2024-10-23T04:30:22.827+0000] {processor.py:925} INFO - DAG(s) 'fetch_and_store_amazon_books' retrieved from /opt/airflow/dags/dag.py
[2024-10-23T04:30:22.844+0000] {logging_mixin.py:190} INFO - [2024-10-23T04:30:22.844+0000] {dag.py:3239} INFO - Sync 1 DAGs
[2024-10-23T04:30:22.864+0000] {logging_mixin.py:190} INFO - [2024-10-23T04:30:22.864+0000] {dag.py:4180} INFO - Setting next_dagrun for fetch_and_store_amazon_books to 2024-10-23 00:00:00+00:00, run_after=2024-10-24 00:00:00+00:00
[2024-10-23T04:30:23.188+0000] {processor.py:208} INFO - Processing /opt/airflow/dags/dag.py took 0.522 seconds
[2024-10-23T04:30:53.746+0000] {processor.py:186} INFO - Started process (PID=14659) to work on /opt/airflow/dags/dag.py
[2024-10-23T04:30:53.749+0000] {processor.py:914} INFO - Processing file /opt/airflow/dags/dag.py for tasks to queue
[2024-10-23T04:30:53.751+0000] {logging_mixin.py:190} INFO - [2024-10-23T04:30:53.750+0000] {dagbag.py:588} INFO - Filling up the DagBag from /opt/airflow/dags/dag.py
[2024-10-23T04:30:53.895+0000] {processor.py:925} INFO - DAG(s) 'fetch_and_store_amazon_books' retrieved from /opt/airflow/dags/dag.py
[2024-10-23T04:30:53.919+0000] {logging_mixin.py:190} INFO - [2024-10-23T04:30:53.919+0000] {dag.py:3239} INFO - Sync 1 DAGs
[2024-10-23T04:30:53.938+0000] {logging_mixin.py:190} INFO - [2024-10-23T04:30:53.937+0000] {dag.py:4180} INFO - Setting next_dagrun for fetch_and_store_amazon_books to 2024-10-23 00:00:00+00:00, run_after=2024-10-24 00:00:00+00:00
[2024-10-23T04:30:53.961+0000] {processor.py:208} INFO - Processing /opt/airflow/dags/dag.py took 0.232 seconds
[2024-10-23T04:31:24.127+0000] {processor.py:186} INFO - Started process (PID=14723) to work on /opt/airflow/dags/dag.py
[2024-10-23T04:31:24.128+0000] {processor.py:914} INFO - Processing file /opt/airflow/dags/dag.py for tasks to queue
[2024-10-23T04:31:24.129+0000] {logging_mixin.py:190} INFO - [2024-10-23T04:31:24.128+0000] {dagbag.py:588} INFO - Filling up the DagBag from /opt/airflow/dags/dag.py
[2024-10-23T04:31:24.243+0000] {processor.py:925} INFO - DAG(s) 'fetch_and_store_amazon_books' retrieved from /opt/airflow/dags/dag.py
[2024-10-23T04:31:24.263+0000] {logging_mixin.py:190} INFO - [2024-10-23T04:31:24.263+0000] {dag.py:3239} INFO - Sync 1 DAGs
[2024-10-23T04:31:24.283+0000] {logging_mixin.py:190} INFO - [2024-10-23T04:31:24.283+0000] {dag.py:4180} INFO - Setting next_dagrun for fetch_and_store_amazon_books to 2024-10-23 00:00:00+00:00, run_after=2024-10-24 00:00:00+00:00
[2024-10-23T04:31:24.312+0000] {processor.py:208} INFO - Processing /opt/airflow/dags/dag.py took 0.191 seconds
[2024-10-23T04:31:54.421+0000] {processor.py:186} INFO - Started process (PID=14785) to work on /opt/airflow/dags/dag.py
[2024-10-23T04:31:54.426+0000] {processor.py:914} INFO - Processing file /opt/airflow/dags/dag.py for tasks to queue
[2024-10-23T04:31:54.428+0000] {logging_mixin.py:190} INFO - [2024-10-23T04:31:54.427+0000] {dagbag.py:588} INFO - Filling up the DagBag from /opt/airflow/dags/dag.py
[2024-10-23T04:31:54.588+0000] {processor.py:925} INFO - DAG(s) 'fetch_and_store_amazon_books' retrieved from /opt/airflow/dags/dag.py
[2024-10-23T04:31:54.612+0000] {logging_mixin.py:190} INFO - [2024-10-23T04:31:54.612+0000] {dag.py:3239} INFO - Sync 1 DAGs
[2024-10-23T04:31:54.635+0000] {logging_mixin.py:190} INFO - [2024-10-23T04:31:54.634+0000] {dag.py:4180} INFO - Setting next_dagrun for fetch_and_store_amazon_books to 2024-10-23 00:00:00+00:00, run_after=2024-10-24 00:00:00+00:00
[2024-10-23T04:31:54.649+0000] {processor.py:208} INFO - Processing /opt/airflow/dags/dag.py took 0.248 seconds
[2024-10-23T04:32:24.842+0000] {processor.py:186} INFO - Started process (PID=14847) to work on /opt/airflow/dags/dag.py
[2024-10-23T04:32:24.844+0000] {processor.py:914} INFO - Processing file /opt/airflow/dags/dag.py for tasks to queue
[2024-10-23T04:32:24.848+0000] {logging_mixin.py:190} INFO - [2024-10-23T04:32:24.848+0000] {dagbag.py:588} INFO - Filling up the DagBag from /opt/airflow/dags/dag.py
[2024-10-23T04:32:24.965+0000] {processor.py:925} INFO - DAG(s) 'fetch_and_store_amazon_books' retrieved from /opt/airflow/dags/dag.py
[2024-10-23T04:32:24.995+0000] {logging_mixin.py:190} INFO - [2024-10-23T04:32:24.994+0000] {dag.py:3239} INFO - Sync 1 DAGs
[2024-10-23T04:32:25.018+0000] {logging_mixin.py:190} INFO - [2024-10-23T04:32:25.018+0000] {dag.py:4180} INFO - Setting next_dagrun for fetch_and_store_amazon_books to 2024-10-23 00:00:00+00:00, run_after=2024-10-24 00:00:00+00:00
[2024-10-23T04:32:25.033+0000] {processor.py:208} INFO - Processing /opt/airflow/dags/dag.py took 0.220 seconds
[2024-10-23T04:32:55.240+0000] {processor.py:186} INFO - Started process (PID=14910) to work on /opt/airflow/dags/dag.py
[2024-10-23T04:32:55.243+0000] {processor.py:914} INFO - Processing file /opt/airflow/dags/dag.py for tasks to queue
[2024-10-23T04:32:55.245+0000] {logging_mixin.py:190} INFO - [2024-10-23T04:32:55.245+0000] {dagbag.py:588} INFO - Filling up the DagBag from /opt/airflow/dags/dag.py
[2024-10-23T04:32:55.373+0000] {processor.py:925} INFO - DAG(s) 'fetch_and_store_amazon_books' retrieved from /opt/airflow/dags/dag.py
[2024-10-23T04:32:55.391+0000] {logging_mixin.py:190} INFO - [2024-10-23T04:32:55.391+0000] {dag.py:3239} INFO - Sync 1 DAGs
[2024-10-23T04:32:55.411+0000] {logging_mixin.py:190} INFO - [2024-10-23T04:32:55.411+0000] {dag.py:4180} INFO - Setting next_dagrun for fetch_and_store_amazon_books to 2024-10-23 00:00:00+00:00, run_after=2024-10-24 00:00:00+00:00
[2024-10-23T04:32:55.425+0000] {processor.py:208} INFO - Processing /opt/airflow/dags/dag.py took 0.220 seconds
[2024-10-23T04:33:25.965+0000] {processor.py:186} INFO - Started process (PID=14973) to work on /opt/airflow/dags/dag.py
[2024-10-23T04:33:25.967+0000] {processor.py:914} INFO - Processing file /opt/airflow/dags/dag.py for tasks to queue
[2024-10-23T04:33:25.969+0000] {logging_mixin.py:190} INFO - [2024-10-23T04:33:25.968+0000] {dagbag.py:588} INFO - Filling up the DagBag from /opt/airflow/dags/dag.py
[2024-10-23T04:33:26.109+0000] {processor.py:925} INFO - DAG(s) 'fetch_and_store_amazon_books' retrieved from /opt/airflow/dags/dag.py
[2024-10-23T04:33:26.135+0000] {logging_mixin.py:190} INFO - [2024-10-23T04:33:26.134+0000] {dag.py:3239} INFO - Sync 1 DAGs
[2024-10-23T04:33:26.157+0000] {logging_mixin.py:190} INFO - [2024-10-23T04:33:26.157+0000] {dag.py:4180} INFO - Setting next_dagrun for fetch_and_store_amazon_books to 2024-10-23 00:00:00+00:00, run_after=2024-10-24 00:00:00+00:00
[2024-10-23T04:33:26.174+0000] {processor.py:208} INFO - Processing /opt/airflow/dags/dag.py took 0.227 seconds
[2024-10-23T04:33:56.848+0000] {processor.py:186} INFO - Started process (PID=15036) to work on /opt/airflow/dags/dag.py
[2024-10-23T04:33:56.854+0000] {processor.py:914} INFO - Processing file /opt/airflow/dags/dag.py for tasks to queue
[2024-10-23T04:33:56.863+0000] {logging_mixin.py:190} INFO - [2024-10-23T04:33:56.861+0000] {dagbag.py:588} INFO - Filling up the DagBag from /opt/airflow/dags/dag.py
[2024-10-23T04:33:56.997+0000] {processor.py:925} INFO - DAG(s) 'fetch_and_store_amazon_books' retrieved from /opt/airflow/dags/dag.py
[2024-10-23T04:33:57.029+0000] {logging_mixin.py:190} INFO - [2024-10-23T04:33:57.028+0000] {dag.py:3239} INFO - Sync 1 DAGs
[2024-10-23T04:33:57.048+0000] {logging_mixin.py:190} INFO - [2024-10-23T04:33:57.048+0000] {dag.py:4180} INFO - Setting next_dagrun for fetch_and_store_amazon_books to 2024-10-23 00:00:00+00:00, run_after=2024-10-24 00:00:00+00:00
[2024-10-23T04:33:57.061+0000] {processor.py:208} INFO - Processing /opt/airflow/dags/dag.py took 0.236 seconds
[2024-10-23T04:34:28.006+0000] {processor.py:186} INFO - Started process (PID=15099) to work on /opt/airflow/dags/dag.py
[2024-10-23T04:34:28.009+0000] {processor.py:914} INFO - Processing file /opt/airflow/dags/dag.py for tasks to queue
[2024-10-23T04:34:28.011+0000] {logging_mixin.py:190} INFO - [2024-10-23T04:34:28.010+0000] {dagbag.py:588} INFO - Filling up the DagBag from /opt/airflow/dags/dag.py
[2024-10-23T04:34:28.167+0000] {processor.py:925} INFO - DAG(s) 'fetch_and_store_amazon_books' retrieved from /opt/airflow/dags/dag.py
[2024-10-23T04:34:28.190+0000] {logging_mixin.py:190} INFO - [2024-10-23T04:34:28.190+0000] {dag.py:3239} INFO - Sync 1 DAGs
[2024-10-23T04:34:28.589+0000] {logging_mixin.py:190} INFO - [2024-10-23T04:34:28.588+0000] {dag.py:4180} INFO - Setting next_dagrun for fetch_and_store_amazon_books to 2024-10-23 00:00:00+00:00, run_after=2024-10-24 00:00:00+00:00
[2024-10-23T04:34:28.612+0000] {processor.py:208} INFO - Processing /opt/airflow/dags/dag.py took 0.624 seconds
[2024-10-23T04:34:58.862+0000] {processor.py:186} INFO - Started process (PID=15162) to work on /opt/airflow/dags/dag.py
[2024-10-23T04:34:58.864+0000] {processor.py:914} INFO - Processing file /opt/airflow/dags/dag.py for tasks to queue
[2024-10-23T04:34:58.867+0000] {logging_mixin.py:190} INFO - [2024-10-23T04:34:58.866+0000] {dagbag.py:588} INFO - Filling up the DagBag from /opt/airflow/dags/dag.py
[2024-10-23T04:34:58.996+0000] {processor.py:925} INFO - DAG(s) 'fetch_and_store_amazon_books' retrieved from /opt/airflow/dags/dag.py
[2024-10-23T04:34:59.018+0000] {logging_mixin.py:190} INFO - [2024-10-23T04:34:59.018+0000] {dag.py:3239} INFO - Sync 1 DAGs
[2024-10-23T04:34:59.367+0000] {logging_mixin.py:190} INFO - [2024-10-23T04:34:59.366+0000] {dag.py:4180} INFO - Setting next_dagrun for fetch_and_store_amazon_books to 2024-10-23 00:00:00+00:00, run_after=2024-10-24 00:00:00+00:00
[2024-10-23T04:34:59.398+0000] {processor.py:208} INFO - Processing /opt/airflow/dags/dag.py took 0.549 seconds
[2024-10-23T04:35:16.855+0000] {processor.py:186} INFO - Started process (PID=15225) to work on /opt/airflow/dags/dag.py
[2024-10-23T04:35:16.863+0000] {processor.py:914} INFO - Processing file /opt/airflow/dags/dag.py for tasks to queue
[2024-10-23T04:35:16.868+0000] {logging_mixin.py:190} INFO - [2024-10-23T04:35:16.867+0000] {dagbag.py:588} INFO - Filling up the DagBag from /opt/airflow/dags/dag.py
[2024-10-23T04:35:17.436+0000] {processor.py:925} INFO - DAG(s) 'fetch_and_store_amazon_books' retrieved from /opt/airflow/dags/dag.py
[2024-10-23T04:35:17.465+0000] {logging_mixin.py:190} INFO - [2024-10-23T04:35:17.465+0000] {dag.py:3239} INFO - Sync 1 DAGs
[2024-10-23T04:35:17.481+0000] {logging_mixin.py:190} INFO - [2024-10-23T04:35:17.481+0000] {dag.py:4180} INFO - Setting next_dagrun for fetch_and_store_amazon_books to 2024-10-23 00:00:00+00:00, run_after=2024-10-24 00:00:00+00:00
[2024-10-23T04:35:17.495+0000] {processor.py:208} INFO - Processing /opt/airflow/dags/dag.py took 0.651 seconds
[2024-10-23T04:35:17.876+0000] {processor.py:186} INFO - Started process (PID=15226) to work on /opt/airflow/dags/dag.py
[2024-10-23T04:35:17.878+0000] {processor.py:914} INFO - Processing file /opt/airflow/dags/dag.py for tasks to queue
[2024-10-23T04:35:17.879+0000] {logging_mixin.py:190} INFO - [2024-10-23T04:35:17.878+0000] {dagbag.py:588} INFO - Filling up the DagBag from /opt/airflow/dags/dag.py
[2024-10-23T04:35:18.106+0000] {processor.py:925} INFO - DAG(s) 'fetch_and_store_amazon_books' retrieved from /opt/airflow/dags/dag.py
[2024-10-23T04:35:18.122+0000] {logging_mixin.py:190} INFO - [2024-10-23T04:35:18.122+0000] {dag.py:3239} INFO - Sync 1 DAGs
[2024-10-23T04:35:18.137+0000] {logging_mixin.py:190} INFO - [2024-10-23T04:35:18.137+0000] {dag.py:4180} INFO - Setting next_dagrun for fetch_and_store_amazon_books to 2024-10-23 00:00:00+00:00, run_after=2024-10-24 00:00:00+00:00
[2024-10-23T04:35:18.148+0000] {processor.py:208} INFO - Processing /opt/airflow/dags/dag.py took 0.277 seconds
[2024-10-23T04:35:23.997+0000] {processor.py:186} INFO - Started process (PID=15227) to work on /opt/airflow/dags/dag.py
[2024-10-23T04:35:23.998+0000] {processor.py:914} INFO - Processing file /opt/airflow/dags/dag.py for tasks to queue
[2024-10-23T04:35:24.000+0000] {logging_mixin.py:190} INFO - [2024-10-23T04:35:23.999+0000] {dagbag.py:588} INFO - Filling up the DagBag from /opt/airflow/dags/dag.py
[2024-10-23T04:35:24.009+0000] {logging_mixin.py:190} INFO - [2024-10-23T04:35:24.006+0000] {dagbag.py:387} ERROR - Failed to import: /opt/airflow/dags/dag.py
Traceback (most recent call last):
  File "/home/airflow/.local/lib/python3.12/site-packages/airflow/models/dagbag.py", line 383, in parse
    loader.exec_module(new_module)
  File "<frozen importlib._bootstrap_external>", line 991, in exec_module
  File "<frozen importlib._bootstrap_external>", line 1129, in get_code
  File "<frozen importlib._bootstrap_external>", line 1059, in source_to_code
  File "<frozen importlib._bootstrap>", line 488, in _call_with_frames_removed
  File "/opt/airflow/dags/dag.py", line 55
    "Rating": rating.text.strip() if rating else "N/A",,
                                                       ^
SyntaxError: invalid syntax
[2024-10-23T04:35:24.010+0000] {processor.py:927} WARNING - No viable dags retrieved from /opt/airflow/dags/dag.py
[2024-10-23T04:35:24.040+0000] {processor.py:208} INFO - Processing /opt/airflow/dags/dag.py took 0.066 seconds
[2024-10-23T04:35:26.031+0000] {processor.py:186} INFO - Started process (PID=15228) to work on /opt/airflow/dags/dag.py
[2024-10-23T04:35:26.032+0000] {processor.py:914} INFO - Processing file /opt/airflow/dags/dag.py for tasks to queue
[2024-10-23T04:35:26.033+0000] {logging_mixin.py:190} INFO - [2024-10-23T04:35:26.033+0000] {dagbag.py:588} INFO - Filling up the DagBag from /opt/airflow/dags/dag.py
[2024-10-23T04:35:26.142+0000] {processor.py:925} INFO - DAG(s) 'fetch_and_store_amazon_books' retrieved from /opt/airflow/dags/dag.py
[2024-10-23T04:35:26.181+0000] {logging_mixin.py:190} INFO - [2024-10-23T04:35:26.180+0000] {dag.py:3239} INFO - Sync 1 DAGs
[2024-10-23T04:35:26.537+0000] {logging_mixin.py:190} INFO - [2024-10-23T04:35:26.537+0000] {dag.py:4180} INFO - Setting next_dagrun for fetch_and_store_amazon_books to 2024-10-23 00:00:00+00:00, run_after=2024-10-24 00:00:00+00:00
[2024-10-23T04:35:26.551+0000] {processor.py:208} INFO - Processing /opt/airflow/dags/dag.py took 0.526 seconds
[2024-10-23T04:35:42.150+0000] {processor.py:186} INFO - Started process (PID=15285) to work on /opt/airflow/dags/dag.py
[2024-10-23T04:35:42.152+0000] {processor.py:914} INFO - Processing file /opt/airflow/dags/dag.py for tasks to queue
[2024-10-23T04:35:42.153+0000] {logging_mixin.py:190} INFO - [2024-10-23T04:35:42.152+0000] {dagbag.py:588} INFO - Filling up the DagBag from /opt/airflow/dags/dag.py
[2024-10-23T04:35:42.536+0000] {processor.py:925} INFO - DAG(s) 'fetch_and_store_amazon_books' retrieved from /opt/airflow/dags/dag.py
[2024-10-23T04:35:42.553+0000] {logging_mixin.py:190} INFO - [2024-10-23T04:35:42.552+0000] {dag.py:3239} INFO - Sync 1 DAGs
[2024-10-23T04:35:42.567+0000] {logging_mixin.py:190} INFO - [2024-10-23T04:35:42.567+0000] {dag.py:4180} INFO - Setting next_dagrun for fetch_and_store_amazon_books to 2024-10-23 00:00:00+00:00, run_after=2024-10-24 00:00:00+00:00
[2024-10-23T04:35:42.580+0000] {processor.py:208} INFO - Processing /opt/airflow/dags/dag.py took 0.434 seconds
[2024-10-23T04:36:00.334+0000] {processor.py:186} INFO - Started process (PID=15301) to work on /opt/airflow/dags/dag.py
[2024-10-23T04:36:00.336+0000] {processor.py:914} INFO - Processing file /opt/airflow/dags/dag.py for tasks to queue
[2024-10-23T04:36:00.337+0000] {logging_mixin.py:190} INFO - [2024-10-23T04:36:00.336+0000] {dagbag.py:588} INFO - Filling up the DagBag from /opt/airflow/dags/dag.py
[2024-10-23T04:36:00.436+0000] {processor.py:925} INFO - DAG(s) 'fetch_and_store_amazon_books' retrieved from /opt/airflow/dags/dag.py
[2024-10-23T04:36:00.453+0000] {logging_mixin.py:190} INFO - [2024-10-23T04:36:00.453+0000] {dag.py:3239} INFO - Sync 1 DAGs
[2024-10-23T04:36:00.877+0000] {logging_mixin.py:190} INFO - [2024-10-23T04:36:00.877+0000] {dag.py:4180} INFO - Setting next_dagrun for fetch_and_store_amazon_books to 2024-10-23 00:00:00+00:00, run_after=2024-10-24 00:00:00+00:00
[2024-10-23T04:36:00.899+0000] {processor.py:208} INFO - Processing /opt/airflow/dags/dag.py took 0.580 seconds
[2024-10-23T04:36:04.353+0000] {processor.py:186} INFO - Started process (PID=15312) to work on /opt/airflow/dags/dag.py
[2024-10-23T04:36:04.356+0000] {processor.py:914} INFO - Processing file /opt/airflow/dags/dag.py for tasks to queue
[2024-10-23T04:36:04.358+0000] {logging_mixin.py:190} INFO - [2024-10-23T04:36:04.357+0000] {dagbag.py:588} INFO - Filling up the DagBag from /opt/airflow/dags/dag.py
[2024-10-23T04:36:04.489+0000] {processor.py:925} INFO - DAG(s) 'fetch_and_store_amazon_books' retrieved from /opt/airflow/dags/dag.py
[2024-10-23T04:36:04.520+0000] {logging_mixin.py:190} INFO - [2024-10-23T04:36:04.520+0000] {dag.py:3239} INFO - Sync 1 DAGs
[2024-10-23T04:36:04.545+0000] {logging_mixin.py:190} INFO - [2024-10-23T04:36:04.545+0000] {dag.py:4180} INFO - Setting next_dagrun for fetch_and_store_amazon_books to 2024-10-23 00:00:00+00:00, run_after=2024-10-24 00:00:00+00:00
[2024-10-23T04:36:04.563+0000] {processor.py:208} INFO - Processing /opt/airflow/dags/dag.py took 0.223 seconds
[2024-10-23T04:36:14.701+0000] {processor.py:186} INFO - Started process (PID=15350) to work on /opt/airflow/dags/dag.py
[2024-10-23T04:36:14.703+0000] {processor.py:914} INFO - Processing file /opt/airflow/dags/dag.py for tasks to queue
[2024-10-23T04:36:14.705+0000] {logging_mixin.py:190} INFO - [2024-10-23T04:36:14.705+0000] {dagbag.py:588} INFO - Filling up the DagBag from /opt/airflow/dags/dag.py
[2024-10-23T04:36:15.276+0000] {processor.py:925} INFO - DAG(s) 'fetch_and_store_amazon_books' retrieved from /opt/airflow/dags/dag.py
[2024-10-23T04:36:15.301+0000] {logging_mixin.py:190} INFO - [2024-10-23T04:36:15.301+0000] {dag.py:3239} INFO - Sync 1 DAGs
[2024-10-23T04:36:15.317+0000] {logging_mixin.py:190} INFO - [2024-10-23T04:36:15.317+0000] {dag.py:4180} INFO - Setting next_dagrun for fetch_and_store_amazon_books to 2024-10-23 00:00:00+00:00, run_after=2024-10-24 00:00:00+00:00
[2024-10-23T04:36:15.330+0000] {processor.py:208} INFO - Processing /opt/airflow/dags/dag.py took 0.643 seconds
[2024-10-23T04:36:15.737+0000] {processor.py:186} INFO - Started process (PID=15351) to work on /opt/airflow/dags/dag.py
[2024-10-23T04:36:15.738+0000] {processor.py:914} INFO - Processing file /opt/airflow/dags/dag.py for tasks to queue
[2024-10-23T04:36:15.739+0000] {logging_mixin.py:190} INFO - [2024-10-23T04:36:15.739+0000] {dagbag.py:588} INFO - Filling up the DagBag from /opt/airflow/dags/dag.py
[2024-10-23T04:36:15.943+0000] {processor.py:925} INFO - DAG(s) 'fetch_and_store_amazon_books' retrieved from /opt/airflow/dags/dag.py
[2024-10-23T04:36:15.956+0000] {logging_mixin.py:190} INFO - [2024-10-23T04:36:15.956+0000] {dag.py:3239} INFO - Sync 1 DAGs
[2024-10-23T04:36:15.980+0000] {logging_mixin.py:190} INFO - [2024-10-23T04:36:15.980+0000] {dag.py:4180} INFO - Setting next_dagrun for fetch_and_store_amazon_books to 2024-10-23 00:00:00+00:00, run_after=2024-10-24 00:00:00+00:00
[2024-10-23T04:36:15.992+0000] {processor.py:208} INFO - Processing /opt/airflow/dags/dag.py took 0.261 seconds
[2024-10-23T04:36:46.286+0000] {processor.py:186} INFO - Started process (PID=15414) to work on /opt/airflow/dags/dag.py
[2024-10-23T04:36:46.288+0000] {processor.py:914} INFO - Processing file /opt/airflow/dags/dag.py for tasks to queue
[2024-10-23T04:36:46.290+0000] {logging_mixin.py:190} INFO - [2024-10-23T04:36:46.290+0000] {dagbag.py:588} INFO - Filling up the DagBag from /opt/airflow/dags/dag.py
[2024-10-23T04:36:46.877+0000] {processor.py:925} INFO - DAG(s) 'fetch_and_store_amazon_books' retrieved from /opt/airflow/dags/dag.py
[2024-10-23T04:36:46.922+0000] {logging_mixin.py:190} INFO - [2024-10-23T04:36:46.921+0000] {dag.py:3239} INFO - Sync 1 DAGs
[2024-10-23T04:36:46.963+0000] {logging_mixin.py:190} INFO - [2024-10-23T04:36:46.963+0000] {dag.py:4180} INFO - Setting next_dagrun for fetch_and_store_amazon_books to 2024-10-23 00:00:00+00:00, run_after=2024-10-24 00:00:00+00:00
[2024-10-23T04:36:46.975+0000] {processor.py:208} INFO - Processing /opt/airflow/dags/dag.py took 0.703 seconds
[2024-10-23T04:37:18.072+0000] {processor.py:186} INFO - Started process (PID=15483) to work on /opt/airflow/dags/dag.py
[2024-10-23T04:37:18.074+0000] {processor.py:914} INFO - Processing file /opt/airflow/dags/dag.py for tasks to queue
[2024-10-23T04:37:18.075+0000] {logging_mixin.py:190} INFO - [2024-10-23T04:37:18.075+0000] {dagbag.py:588} INFO - Filling up the DagBag from /opt/airflow/dags/dag.py
[2024-10-23T04:37:19.538+0000] {processor.py:925} INFO - DAG(s) 'fetch_and_store_amazon_books' retrieved from /opt/airflow/dags/dag.py
[2024-10-23T04:37:19.582+0000] {logging_mixin.py:190} INFO - [2024-10-23T04:37:19.581+0000] {dag.py:3239} INFO - Sync 1 DAGs
[2024-10-23T04:37:19.602+0000] {logging_mixin.py:190} INFO - [2024-10-23T04:37:19.602+0000] {dag.py:4180} INFO - Setting next_dagrun for fetch_and_store_amazon_books to 2024-10-23 00:00:00+00:00, run_after=2024-10-24 00:00:00+00:00
[2024-10-23T04:37:19.614+0000] {processor.py:208} INFO - Processing /opt/airflow/dags/dag.py took 1.555 seconds
[2024-10-23T04:37:50.112+0000] {processor.py:186} INFO - Started process (PID=15546) to work on /opt/airflow/dags/dag.py
[2024-10-23T04:37:50.114+0000] {processor.py:914} INFO - Processing file /opt/airflow/dags/dag.py for tasks to queue
[2024-10-23T04:37:50.116+0000] {logging_mixin.py:190} INFO - [2024-10-23T04:37:50.115+0000] {dagbag.py:588} INFO - Filling up the DagBag from /opt/airflow/dags/dag.py
[2024-10-23T04:37:50.523+0000] {processor.py:925} INFO - DAG(s) 'fetch_and_store_amazon_books' retrieved from /opt/airflow/dags/dag.py
[2024-10-23T04:37:50.539+0000] {logging_mixin.py:190} INFO - [2024-10-23T04:37:50.539+0000] {dag.py:3239} INFO - Sync 1 DAGs
[2024-10-23T04:37:50.555+0000] {logging_mixin.py:190} INFO - [2024-10-23T04:37:50.555+0000] {dag.py:4180} INFO - Setting next_dagrun for fetch_and_store_amazon_books to 2024-10-23 00:00:00+00:00, run_after=2024-10-24 00:00:00+00:00
[2024-10-23T04:37:50.566+0000] {processor.py:208} INFO - Processing /opt/airflow/dags/dag.py took 0.464 seconds
[2024-10-23T04:38:21.243+0000] {processor.py:186} INFO - Started process (PID=15609) to work on /opt/airflow/dags/dag.py
[2024-10-23T04:38:21.245+0000] {processor.py:914} INFO - Processing file /opt/airflow/dags/dag.py for tasks to queue
[2024-10-23T04:38:21.245+0000] {logging_mixin.py:190} INFO - [2024-10-23T04:38:21.245+0000] {dagbag.py:588} INFO - Filling up the DagBag from /opt/airflow/dags/dag.py
[2024-10-23T04:38:21.320+0000] {processor.py:925} INFO - DAG(s) 'fetch_and_store_amazon_books' retrieved from /opt/airflow/dags/dag.py
[2024-10-23T04:38:21.336+0000] {logging_mixin.py:190} INFO - [2024-10-23T04:38:21.336+0000] {dag.py:3239} INFO - Sync 1 DAGs
[2024-10-23T04:38:21.358+0000] {logging_mixin.py:190} INFO - [2024-10-23T04:38:21.358+0000] {dag.py:4180} INFO - Setting next_dagrun for fetch_and_store_amazon_books to 2024-10-23 00:00:00+00:00, run_after=2024-10-24 00:00:00+00:00
[2024-10-23T04:38:21.375+0000] {processor.py:208} INFO - Processing /opt/airflow/dags/dag.py took 0.140 seconds
[2024-10-23T04:38:54.122+0000] {processor.py:186} INFO - Started process (PID=15669) to work on /opt/airflow/dags/dag.py
[2024-10-23T04:38:54.123+0000] {processor.py:914} INFO - Processing file /opt/airflow/dags/dag.py for tasks to queue
[2024-10-23T04:38:54.124+0000] {logging_mixin.py:190} INFO - [2024-10-23T04:38:54.124+0000] {dagbag.py:588} INFO - Filling up the DagBag from /opt/airflow/dags/dag.py
[2024-10-23T04:38:54.390+0000] {processor.py:925} INFO - DAG(s) 'fetch_and_store_amazon_books' retrieved from /opt/airflow/dags/dag.py
[2024-10-23T04:38:54.401+0000] {logging_mixin.py:190} INFO - [2024-10-23T04:38:54.401+0000] {dag.py:3239} INFO - Sync 1 DAGs
[2024-10-23T04:38:54.414+0000] {logging_mixin.py:190} INFO - [2024-10-23T04:38:54.413+0000] {dag.py:4180} INFO - Setting next_dagrun for fetch_and_store_amazon_books to 2024-10-23 00:00:00+00:00, run_after=2024-10-24 00:00:00+00:00
[2024-10-23T04:38:54.423+0000] {processor.py:208} INFO - Processing /opt/airflow/dags/dag.py took 0.308 seconds
[2024-10-23T04:39:25.359+0000] {processor.py:186} INFO - Started process (PID=15732) to work on /opt/airflow/dags/dag.py
[2024-10-23T04:39:25.360+0000] {processor.py:914} INFO - Processing file /opt/airflow/dags/dag.py for tasks to queue
[2024-10-23T04:39:25.361+0000] {logging_mixin.py:190} INFO - [2024-10-23T04:39:25.361+0000] {dagbag.py:588} INFO - Filling up the DagBag from /opt/airflow/dags/dag.py
[2024-10-23T04:39:25.875+0000] {processor.py:925} INFO - DAG(s) 'fetch_and_store_amazon_books' retrieved from /opt/airflow/dags/dag.py
[2024-10-23T04:39:25.893+0000] {logging_mixin.py:190} INFO - [2024-10-23T04:39:25.893+0000] {dag.py:3239} INFO - Sync 1 DAGs
[2024-10-23T04:39:25.917+0000] {logging_mixin.py:190} INFO - [2024-10-23T04:39:25.916+0000] {dag.py:4180} INFO - Setting next_dagrun for fetch_and_store_amazon_books to 2024-10-23 00:00:00+00:00, run_after=2024-10-24 00:00:00+00:00
[2024-10-23T04:39:25.930+0000] {processor.py:208} INFO - Processing /opt/airflow/dags/dag.py took 0.578 seconds
[2024-10-23T04:39:56.534+0000] {processor.py:186} INFO - Started process (PID=15798) to work on /opt/airflow/dags/dag.py
[2024-10-23T04:39:56.536+0000] {processor.py:914} INFO - Processing file /opt/airflow/dags/dag.py for tasks to queue
[2024-10-23T04:39:56.538+0000] {logging_mixin.py:190} INFO - [2024-10-23T04:39:56.537+0000] {dagbag.py:588} INFO - Filling up the DagBag from /opt/airflow/dags/dag.py
[2024-10-23T04:39:56.965+0000] {processor.py:925} INFO - DAG(s) 'fetch_and_store_amazon_books' retrieved from /opt/airflow/dags/dag.py
[2024-10-23T04:39:56.982+0000] {logging_mixin.py:190} INFO - [2024-10-23T04:39:56.982+0000] {dag.py:3239} INFO - Sync 1 DAGs
[2024-10-23T04:39:56.995+0000] {logging_mixin.py:190} INFO - [2024-10-23T04:39:56.995+0000] {dag.py:4180} INFO - Setting next_dagrun for fetch_and_store_amazon_books to 2024-10-23 00:00:00+00:00, run_after=2024-10-24 00:00:00+00:00
[2024-10-23T04:39:57.005+0000] {processor.py:208} INFO - Processing /opt/airflow/dags/dag.py took 0.479 seconds
[2024-10-23T04:40:30.052+0000] {processor.py:186} INFO - Started process (PID=15861) to work on /opt/airflow/dags/dag.py
[2024-10-23T04:40:30.053+0000] {processor.py:914} INFO - Processing file /opt/airflow/dags/dag.py for tasks to queue
[2024-10-23T04:40:30.054+0000] {logging_mixin.py:190} INFO - [2024-10-23T04:40:30.054+0000] {dagbag.py:588} INFO - Filling up the DagBag from /opt/airflow/dags/dag.py
[2024-10-23T04:40:30.130+0000] {processor.py:925} INFO - DAG(s) 'fetch_and_store_amazon_books' retrieved from /opt/airflow/dags/dag.py
[2024-10-23T04:40:30.146+0000] {logging_mixin.py:190} INFO - [2024-10-23T04:40:30.145+0000] {dag.py:3239} INFO - Sync 1 DAGs
[2024-10-23T04:40:30.164+0000] {logging_mixin.py:190} INFO - [2024-10-23T04:40:30.164+0000] {dag.py:4180} INFO - Setting next_dagrun for fetch_and_store_amazon_books to 2024-10-23 00:00:00+00:00, run_after=2024-10-24 00:00:00+00:00
[2024-10-23T04:40:30.175+0000] {processor.py:208} INFO - Processing /opt/airflow/dags/dag.py took 0.128 seconds
[2024-10-23T04:41:00.253+0000] {processor.py:186} INFO - Started process (PID=15921) to work on /opt/airflow/dags/dag.py
[2024-10-23T04:41:00.254+0000] {processor.py:914} INFO - Processing file /opt/airflow/dags/dag.py for tasks to queue
[2024-10-23T04:41:00.255+0000] {logging_mixin.py:190} INFO - [2024-10-23T04:41:00.255+0000] {dagbag.py:588} INFO - Filling up the DagBag from /opt/airflow/dags/dag.py
[2024-10-23T04:41:00.331+0000] {processor.py:925} INFO - DAG(s) 'fetch_and_store_amazon_books' retrieved from /opt/airflow/dags/dag.py
[2024-10-23T04:41:00.345+0000] {logging_mixin.py:190} INFO - [2024-10-23T04:41:00.345+0000] {dag.py:3239} INFO - Sync 1 DAGs
[2024-10-23T04:41:00.360+0000] {logging_mixin.py:190} INFO - [2024-10-23T04:41:00.360+0000] {dag.py:4180} INFO - Setting next_dagrun for fetch_and_store_amazon_books to 2024-10-23 00:00:00+00:00, run_after=2024-10-24 00:00:00+00:00
[2024-10-23T04:41:00.369+0000] {processor.py:208} INFO - Processing /opt/airflow/dags/dag.py took 0.121 seconds
[2024-10-23T04:41:30.690+0000] {processor.py:186} INFO - Started process (PID=15978) to work on /opt/airflow/dags/dag.py
[2024-10-23T04:41:30.695+0000] {processor.py:914} INFO - Processing file /opt/airflow/dags/dag.py for tasks to queue
[2024-10-23T04:41:30.697+0000] {logging_mixin.py:190} INFO - [2024-10-23T04:41:30.696+0000] {dagbag.py:588} INFO - Filling up the DagBag from /opt/airflow/dags/dag.py
[2024-10-23T04:41:30.819+0000] {processor.py:925} INFO - DAG(s) 'fetch_and_store_amazon_books' retrieved from /opt/airflow/dags/dag.py
[2024-10-23T04:41:30.839+0000] {logging_mixin.py:190} INFO - [2024-10-23T04:41:30.838+0000] {dag.py:3239} INFO - Sync 1 DAGs
[2024-10-23T04:41:30.875+0000] {logging_mixin.py:190} INFO - [2024-10-23T04:41:30.875+0000] {dag.py:4180} INFO - Setting next_dagrun for fetch_and_store_amazon_books to 2024-10-23 00:00:00+00:00, run_after=2024-10-24 00:00:00+00:00
[2024-10-23T04:41:30.887+0000] {processor.py:208} INFO - Processing /opt/airflow/dags/dag.py took 0.212 seconds
[2024-10-23T04:42:01.531+0000] {processor.py:186} INFO - Started process (PID=16041) to work on /opt/airflow/dags/dag.py
[2024-10-23T04:42:01.535+0000] {processor.py:914} INFO - Processing file /opt/airflow/dags/dag.py for tasks to queue
[2024-10-23T04:42:01.539+0000] {logging_mixin.py:190} INFO - [2024-10-23T04:42:01.538+0000] {dagbag.py:588} INFO - Filling up the DagBag from /opt/airflow/dags/dag.py
[2024-10-23T04:42:01.755+0000] {processor.py:925} INFO - DAG(s) 'fetch_and_store_amazon_books' retrieved from /opt/airflow/dags/dag.py
[2024-10-23T04:42:01.795+0000] {logging_mixin.py:190} INFO - [2024-10-23T04:42:01.794+0000] {dag.py:3239} INFO - Sync 1 DAGs
[2024-10-23T04:42:01.827+0000] {logging_mixin.py:190} INFO - [2024-10-23T04:42:01.827+0000] {dag.py:4180} INFO - Setting next_dagrun for fetch_and_store_amazon_books to 2024-10-23 00:00:00+00:00, run_after=2024-10-24 00:00:00+00:00
[2024-10-23T04:42:01.849+0000] {processor.py:208} INFO - Processing /opt/airflow/dags/dag.py took 0.339 seconds
[2024-10-23T04:42:32.892+0000] {processor.py:186} INFO - Started process (PID=16104) to work on /opt/airflow/dags/dag.py
[2024-10-23T04:42:32.894+0000] {processor.py:914} INFO - Processing file /opt/airflow/dags/dag.py for tasks to queue
[2024-10-23T04:42:32.896+0000] {logging_mixin.py:190} INFO - [2024-10-23T04:42:32.895+0000] {dagbag.py:588} INFO - Filling up the DagBag from /opt/airflow/dags/dag.py
[2024-10-23T04:42:33.024+0000] {processor.py:925} INFO - DAG(s) 'fetch_and_store_amazon_books' retrieved from /opt/airflow/dags/dag.py
[2024-10-23T04:42:33.046+0000] {logging_mixin.py:190} INFO - [2024-10-23T04:42:33.045+0000] {dag.py:3239} INFO - Sync 1 DAGs
[2024-10-23T04:42:33.068+0000] {logging_mixin.py:190} INFO - [2024-10-23T04:42:33.068+0000] {dag.py:4180} INFO - Setting next_dagrun for fetch_and_store_amazon_books to 2024-10-23 00:00:00+00:00, run_after=2024-10-24 00:00:00+00:00
[2024-10-23T04:42:33.090+0000] {processor.py:208} INFO - Processing /opt/airflow/dags/dag.py took 0.204 seconds
[2024-10-23T04:43:04.140+0000] {processor.py:186} INFO - Started process (PID=16167) to work on /opt/airflow/dags/dag.py
[2024-10-23T04:43:04.142+0000] {processor.py:914} INFO - Processing file /opt/airflow/dags/dag.py for tasks to queue
[2024-10-23T04:43:04.142+0000] {logging_mixin.py:190} INFO - [2024-10-23T04:43:04.142+0000] {dagbag.py:588} INFO - Filling up the DagBag from /opt/airflow/dags/dag.py
[2024-10-23T04:43:04.247+0000] {processor.py:925} INFO - DAG(s) 'fetch_and_store_amazon_books' retrieved from /opt/airflow/dags/dag.py
[2024-10-23T04:43:04.263+0000] {logging_mixin.py:190} INFO - [2024-10-23T04:43:04.262+0000] {dag.py:3239} INFO - Sync 1 DAGs
[2024-10-23T04:43:04.281+0000] {logging_mixin.py:190} INFO - [2024-10-23T04:43:04.281+0000] {dag.py:4180} INFO - Setting next_dagrun for fetch_and_store_amazon_books to 2024-10-23 00:00:00+00:00, run_after=2024-10-24 00:00:00+00:00
[2024-10-23T04:43:04.297+0000] {processor.py:208} INFO - Processing /opt/airflow/dags/dag.py took 0.164 seconds
[2024-10-23T04:43:34.943+0000] {processor.py:186} INFO - Started process (PID=16230) to work on /opt/airflow/dags/dag.py
[2024-10-23T04:43:34.946+0000] {processor.py:914} INFO - Processing file /opt/airflow/dags/dag.py for tasks to queue
[2024-10-23T04:43:34.948+0000] {logging_mixin.py:190} INFO - [2024-10-23T04:43:34.947+0000] {dagbag.py:588} INFO - Filling up the DagBag from /opt/airflow/dags/dag.py
[2024-10-23T04:43:35.076+0000] {processor.py:925} INFO - DAG(s) 'fetch_and_store_amazon_books' retrieved from /opt/airflow/dags/dag.py
[2024-10-23T04:43:35.094+0000] {logging_mixin.py:190} INFO - [2024-10-23T04:43:35.094+0000] {dag.py:3239} INFO - Sync 1 DAGs
[2024-10-23T04:43:35.118+0000] {logging_mixin.py:190} INFO - [2024-10-23T04:43:35.118+0000] {dag.py:4180} INFO - Setting next_dagrun for fetch_and_store_amazon_books to 2024-10-23 00:00:00+00:00, run_after=2024-10-24 00:00:00+00:00
[2024-10-23T04:43:35.144+0000] {processor.py:208} INFO - Processing /opt/airflow/dags/dag.py took 0.214 seconds
[2024-10-23T04:44:06.063+0000] {processor.py:186} INFO - Started process (PID=16293) to work on /opt/airflow/dags/dag.py
[2024-10-23T04:44:06.066+0000] {processor.py:914} INFO - Processing file /opt/airflow/dags/dag.py for tasks to queue
[2024-10-23T04:44:06.068+0000] {logging_mixin.py:190} INFO - [2024-10-23T04:44:06.067+0000] {dagbag.py:588} INFO - Filling up the DagBag from /opt/airflow/dags/dag.py
[2024-10-23T04:44:06.214+0000] {processor.py:925} INFO - DAG(s) 'fetch_and_store_amazon_books' retrieved from /opt/airflow/dags/dag.py
[2024-10-23T04:44:06.240+0000] {logging_mixin.py:190} INFO - [2024-10-23T04:44:06.240+0000] {dag.py:3239} INFO - Sync 1 DAGs
[2024-10-23T04:44:06.265+0000] {logging_mixin.py:190} INFO - [2024-10-23T04:44:06.265+0000] {dag.py:4180} INFO - Setting next_dagrun for fetch_and_store_amazon_books to 2024-10-23 00:00:00+00:00, run_after=2024-10-24 00:00:00+00:00
[2024-10-23T04:44:06.292+0000] {processor.py:208} INFO - Processing /opt/airflow/dags/dag.py took 0.242 seconds
[2024-10-23T04:44:36.409+0000] {processor.py:186} INFO - Started process (PID=16356) to work on /opt/airflow/dags/dag.py
[2024-10-23T04:44:36.411+0000] {processor.py:914} INFO - Processing file /opt/airflow/dags/dag.py for tasks to queue
[2024-10-23T04:44:36.412+0000] {logging_mixin.py:190} INFO - [2024-10-23T04:44:36.412+0000] {dagbag.py:588} INFO - Filling up the DagBag from /opt/airflow/dags/dag.py
[2024-10-23T04:44:36.523+0000] {processor.py:925} INFO - DAG(s) 'fetch_and_store_amazon_books' retrieved from /opt/airflow/dags/dag.py
[2024-10-23T04:44:36.542+0000] {logging_mixin.py:190} INFO - [2024-10-23T04:44:36.542+0000] {dag.py:3239} INFO - Sync 1 DAGs
[2024-10-23T04:44:36.558+0000] {logging_mixin.py:190} INFO - [2024-10-23T04:44:36.557+0000] {dag.py:4180} INFO - Setting next_dagrun for fetch_and_store_amazon_books to 2024-10-23 00:00:00+00:00, run_after=2024-10-24 00:00:00+00:00
[2024-10-23T04:44:36.569+0000] {processor.py:208} INFO - Processing /opt/airflow/dags/dag.py took 0.167 seconds
[2024-10-23T04:45:07.123+0000] {processor.py:186} INFO - Started process (PID=16419) to work on /opt/airflow/dags/dag.py
[2024-10-23T04:45:07.125+0000] {processor.py:914} INFO - Processing file /opt/airflow/dags/dag.py for tasks to queue
[2024-10-23T04:45:07.127+0000] {logging_mixin.py:190} INFO - [2024-10-23T04:45:07.126+0000] {dagbag.py:588} INFO - Filling up the DagBag from /opt/airflow/dags/dag.py
[2024-10-23T04:45:07.226+0000] {processor.py:925} INFO - DAG(s) 'fetch_and_store_amazon_books' retrieved from /opt/airflow/dags/dag.py
[2024-10-23T04:45:07.243+0000] {logging_mixin.py:190} INFO - [2024-10-23T04:45:07.243+0000] {dag.py:3239} INFO - Sync 1 DAGs
[2024-10-23T04:45:07.261+0000] {logging_mixin.py:190} INFO - [2024-10-23T04:45:07.261+0000] {dag.py:4180} INFO - Setting next_dagrun for fetch_and_store_amazon_books to 2024-10-23 00:00:00+00:00, run_after=2024-10-24 00:00:00+00:00
[2024-10-23T04:45:07.277+0000] {processor.py:208} INFO - Processing /opt/airflow/dags/dag.py took 0.166 seconds
[2024-10-23T07:11:51.011+0000] {processor.py:186} INFO - Started process (PID=34439) to work on /opt/airflow/dags/dag.py
[2024-10-23T07:11:51.012+0000] {processor.py:914} INFO - Processing file /opt/airflow/dags/dag.py for tasks to queue
[2024-10-23T07:11:51.015+0000] {logging_mixin.py:190} INFO - [2024-10-23T07:11:51.014+0000] {dagbag.py:588} INFO - Filling up the DagBag from /opt/airflow/dags/dag.py
[2024-10-23T07:11:51.525+0000] {processor.py:925} INFO - DAG(s) 'fetch_and_store_amazon_books' retrieved from /opt/airflow/dags/dag.py
[2024-10-23T07:11:51.555+0000] {logging_mixin.py:190} INFO - [2024-10-23T07:11:51.554+0000] {dag.py:3239} INFO - Sync 1 DAGs
[2024-10-23T07:11:51.593+0000] {logging_mixin.py:190} INFO - [2024-10-23T07:11:51.592+0000] {dag.py:4180} INFO - Setting next_dagrun for fetch_and_store_amazon_books to 2024-10-23 00:00:00+00:00, run_after=2024-10-24 00:00:00+00:00
[2024-10-23T07:11:51.621+0000] {processor.py:208} INFO - Processing /opt/airflow/dags/dag.py took 0.624 seconds
[2024-10-23T07:12:21.972+0000] {processor.py:186} INFO - Started process (PID=34502) to work on /opt/airflow/dags/dag.py
[2024-10-23T07:12:21.974+0000] {processor.py:914} INFO - Processing file /opt/airflow/dags/dag.py for tasks to queue
[2024-10-23T07:12:21.977+0000] {logging_mixin.py:190} INFO - [2024-10-23T07:12:21.976+0000] {dagbag.py:588} INFO - Filling up the DagBag from /opt/airflow/dags/dag.py
[2024-10-23T07:12:22.469+0000] {processor.py:925} INFO - DAG(s) 'fetch_and_store_amazon_books' retrieved from /opt/airflow/dags/dag.py
[2024-10-23T07:12:22.486+0000] {logging_mixin.py:190} INFO - [2024-10-23T07:12:22.486+0000] {dag.py:3239} INFO - Sync 1 DAGs
[2024-10-23T07:12:22.501+0000] {logging_mixin.py:190} INFO - [2024-10-23T07:12:22.501+0000] {dag.py:4180} INFO - Setting next_dagrun for fetch_and_store_amazon_books to 2024-10-23 00:00:00+00:00, run_after=2024-10-24 00:00:00+00:00
[2024-10-23T07:12:22.512+0000] {processor.py:208} INFO - Processing /opt/airflow/dags/dag.py took 0.549 seconds
[2024-10-23T07:12:53.156+0000] {processor.py:186} INFO - Started process (PID=34565) to work on /opt/airflow/dags/dag.py
[2024-10-23T07:12:53.160+0000] {processor.py:914} INFO - Processing file /opt/airflow/dags/dag.py for tasks to queue
[2024-10-23T07:12:53.162+0000] {logging_mixin.py:190} INFO - [2024-10-23T07:12:53.161+0000] {dagbag.py:588} INFO - Filling up the DagBag from /opt/airflow/dags/dag.py
[2024-10-23T07:12:53.736+0000] {processor.py:925} INFO - DAG(s) 'fetch_and_store_amazon_books' retrieved from /opt/airflow/dags/dag.py
[2024-10-23T07:12:53.751+0000] {logging_mixin.py:190} INFO - [2024-10-23T07:12:53.751+0000] {dag.py:3239} INFO - Sync 1 DAGs
[2024-10-23T07:12:53.766+0000] {logging_mixin.py:190} INFO - [2024-10-23T07:12:53.766+0000] {dag.py:4180} INFO - Setting next_dagrun for fetch_and_store_amazon_books to 2024-10-23 00:00:00+00:00, run_after=2024-10-24 00:00:00+00:00
[2024-10-23T07:12:53.777+0000] {processor.py:208} INFO - Processing /opt/airflow/dags/dag.py took 0.640 seconds
[2024-10-23T07:13:23.896+0000] {processor.py:186} INFO - Started process (PID=34628) to work on /opt/airflow/dags/dag.py
[2024-10-23T07:13:23.897+0000] {processor.py:914} INFO - Processing file /opt/airflow/dags/dag.py for tasks to queue
[2024-10-23T07:13:23.900+0000] {logging_mixin.py:190} INFO - [2024-10-23T07:13:23.900+0000] {dagbag.py:588} INFO - Filling up the DagBag from /opt/airflow/dags/dag.py
[2024-10-23T07:13:24.036+0000] {processor.py:925} INFO - DAG(s) 'fetch_and_store_amazon_books' retrieved from /opt/airflow/dags/dag.py
[2024-10-23T07:13:24.347+0000] {logging_mixin.py:190} INFO - [2024-10-23T07:13:24.347+0000] {dag.py:3239} INFO - Sync 1 DAGs
[2024-10-23T07:13:24.365+0000] {logging_mixin.py:190} INFO - [2024-10-23T07:13:24.365+0000] {dag.py:4180} INFO - Setting next_dagrun for fetch_and_store_amazon_books to 2024-10-23 00:00:00+00:00, run_after=2024-10-24 00:00:00+00:00
[2024-10-23T07:13:24.379+0000] {processor.py:208} INFO - Processing /opt/airflow/dags/dag.py took 0.503 seconds
[2024-10-23T07:13:54.734+0000] {processor.py:186} INFO - Started process (PID=34691) to work on /opt/airflow/dags/dag.py
[2024-10-23T07:13:54.738+0000] {processor.py:914} INFO - Processing file /opt/airflow/dags/dag.py for tasks to queue
[2024-10-23T07:13:54.742+0000] {logging_mixin.py:190} INFO - [2024-10-23T07:13:54.741+0000] {dagbag.py:588} INFO - Filling up the DagBag from /opt/airflow/dags/dag.py
[2024-10-23T07:13:55.250+0000] {processor.py:925} INFO - DAG(s) 'fetch_and_store_amazon_books' retrieved from /opt/airflow/dags/dag.py
[2024-10-23T07:13:55.264+0000] {logging_mixin.py:190} INFO - [2024-10-23T07:13:55.264+0000] {dag.py:3239} INFO - Sync 1 DAGs
[2024-10-23T07:13:55.280+0000] {logging_mixin.py:190} INFO - [2024-10-23T07:13:55.280+0000] {dag.py:4180} INFO - Setting next_dagrun for fetch_and_store_amazon_books to 2024-10-23 00:00:00+00:00, run_after=2024-10-24 00:00:00+00:00
[2024-10-23T07:13:55.298+0000] {processor.py:208} INFO - Processing /opt/airflow/dags/dag.py took 0.586 seconds
[2024-10-23T07:14:25.933+0000] {processor.py:186} INFO - Started process (PID=34755) to work on /opt/airflow/dags/dag.py
[2024-10-23T07:14:25.937+0000] {processor.py:914} INFO - Processing file /opt/airflow/dags/dag.py for tasks to queue
[2024-10-23T07:14:25.938+0000] {logging_mixin.py:190} INFO - [2024-10-23T07:14:25.938+0000] {dagbag.py:588} INFO - Filling up the DagBag from /opt/airflow/dags/dag.py
[2024-10-23T07:14:26.615+0000] {processor.py:925} INFO - DAG(s) 'fetch_and_store_amazon_books' retrieved from /opt/airflow/dags/dag.py
[2024-10-23T07:14:26.646+0000] {logging_mixin.py:190} INFO - [2024-10-23T07:14:26.645+0000] {dag.py:3239} INFO - Sync 1 DAGs
[2024-10-23T07:14:26.683+0000] {logging_mixin.py:190} INFO - [2024-10-23T07:14:26.683+0000] {dag.py:4180} INFO - Setting next_dagrun for fetch_and_store_amazon_books to 2024-10-23 00:00:00+00:00, run_after=2024-10-24 00:00:00+00:00
[2024-10-23T07:14:26.704+0000] {processor.py:208} INFO - Processing /opt/airflow/dags/dag.py took 0.781 seconds
[2024-10-23T07:14:57.274+0000] {processor.py:186} INFO - Started process (PID=34818) to work on /opt/airflow/dags/dag.py
[2024-10-23T07:14:57.275+0000] {processor.py:914} INFO - Processing file /opt/airflow/dags/dag.py for tasks to queue
[2024-10-23T07:14:57.276+0000] {logging_mixin.py:190} INFO - [2024-10-23T07:14:57.275+0000] {dagbag.py:588} INFO - Filling up the DagBag from /opt/airflow/dags/dag.py
[2024-10-23T07:14:57.803+0000] {processor.py:925} INFO - DAG(s) 'fetch_and_store_amazon_books' retrieved from /opt/airflow/dags/dag.py
[2024-10-23T07:14:57.819+0000] {logging_mixin.py:190} INFO - [2024-10-23T07:14:57.818+0000] {dag.py:3239} INFO - Sync 1 DAGs
[2024-10-23T07:14:57.834+0000] {logging_mixin.py:190} INFO - [2024-10-23T07:14:57.833+0000] {dag.py:4180} INFO - Setting next_dagrun for fetch_and_store_amazon_books to 2024-10-23 00:00:00+00:00, run_after=2024-10-24 00:00:00+00:00
[2024-10-23T07:14:57.868+0000] {processor.py:208} INFO - Processing /opt/airflow/dags/dag.py took 0.600 seconds
[2024-10-23T07:15:28.086+0000] {processor.py:186} INFO - Started process (PID=34883) to work on /opt/airflow/dags/dag.py
[2024-10-23T07:15:28.088+0000] {processor.py:914} INFO - Processing file /opt/airflow/dags/dag.py for tasks to queue
[2024-10-23T07:15:28.089+0000] {logging_mixin.py:190} INFO - [2024-10-23T07:15:28.088+0000] {dagbag.py:588} INFO - Filling up the DagBag from /opt/airflow/dags/dag.py
[2024-10-23T07:15:28.532+0000] {processor.py:925} INFO - DAG(s) 'fetch_and_store_amazon_books' retrieved from /opt/airflow/dags/dag.py
[2024-10-23T07:15:28.551+0000] {logging_mixin.py:190} INFO - [2024-10-23T07:15:28.550+0000] {dag.py:3239} INFO - Sync 1 DAGs
[2024-10-23T07:15:28.565+0000] {logging_mixin.py:190} INFO - [2024-10-23T07:15:28.565+0000] {dag.py:4180} INFO - Setting next_dagrun for fetch_and_store_amazon_books to 2024-10-23 00:00:00+00:00, run_after=2024-10-24 00:00:00+00:00
[2024-10-23T07:15:28.575+0000] {processor.py:208} INFO - Processing /opt/airflow/dags/dag.py took 0.495 seconds
[2024-10-23T07:15:58.722+0000] {processor.py:186} INFO - Started process (PID=34944) to work on /opt/airflow/dags/dag.py
[2024-10-23T07:15:58.723+0000] {processor.py:914} INFO - Processing file /opt/airflow/dags/dag.py for tasks to queue
[2024-10-23T07:15:58.724+0000] {logging_mixin.py:190} INFO - [2024-10-23T07:15:58.724+0000] {dagbag.py:588} INFO - Filling up the DagBag from /opt/airflow/dags/dag.py
[2024-10-23T07:15:58.819+0000] {processor.py:925} INFO - DAG(s) 'fetch_and_store_amazon_books' retrieved from /opt/airflow/dags/dag.py
[2024-10-23T07:15:58.838+0000] {logging_mixin.py:190} INFO - [2024-10-23T07:15:58.838+0000] {dag.py:3239} INFO - Sync 1 DAGs
[2024-10-23T07:15:58.854+0000] {logging_mixin.py:190} INFO - [2024-10-23T07:15:58.854+0000] {dag.py:4180} INFO - Setting next_dagrun for fetch_and_store_amazon_books to 2024-10-23 00:00:00+00:00, run_after=2024-10-24 00:00:00+00:00
[2024-10-23T07:15:58.873+0000] {processor.py:208} INFO - Processing /opt/airflow/dags/dag.py took 0.159 seconds
[2024-10-23T07:16:28.937+0000] {processor.py:186} INFO - Started process (PID=35007) to work on /opt/airflow/dags/dag.py
[2024-10-23T07:16:28.939+0000] {processor.py:914} INFO - Processing file /opt/airflow/dags/dag.py for tasks to queue
[2024-10-23T07:16:28.940+0000] {logging_mixin.py:190} INFO - [2024-10-23T07:16:28.940+0000] {dagbag.py:588} INFO - Filling up the DagBag from /opt/airflow/dags/dag.py
[2024-10-23T07:16:29.049+0000] {processor.py:925} INFO - DAG(s) 'fetch_and_store_amazon_books' retrieved from /opt/airflow/dags/dag.py
[2024-10-23T07:16:29.066+0000] {logging_mixin.py:190} INFO - [2024-10-23T07:16:29.066+0000] {dag.py:3239} INFO - Sync 1 DAGs
[2024-10-23T07:16:29.080+0000] {logging_mixin.py:190} INFO - [2024-10-23T07:16:29.080+0000] {dag.py:4180} INFO - Setting next_dagrun for fetch_and_store_amazon_books to 2024-10-23 00:00:00+00:00, run_after=2024-10-24 00:00:00+00:00
[2024-10-23T07:16:29.095+0000] {processor.py:208} INFO - Processing /opt/airflow/dags/dag.py took 0.164 seconds
[2024-10-23T07:16:59.253+0000] {processor.py:186} INFO - Started process (PID=35071) to work on /opt/airflow/dags/dag.py
[2024-10-23T07:16:59.255+0000] {processor.py:914} INFO - Processing file /opt/airflow/dags/dag.py for tasks to queue
[2024-10-23T07:16:59.256+0000] {logging_mixin.py:190} INFO - [2024-10-23T07:16:59.256+0000] {dagbag.py:588} INFO - Filling up the DagBag from /opt/airflow/dags/dag.py
[2024-10-23T07:16:59.366+0000] {processor.py:925} INFO - DAG(s) 'fetch_and_store_amazon_books' retrieved from /opt/airflow/dags/dag.py
[2024-10-23T07:16:59.383+0000] {logging_mixin.py:190} INFO - [2024-10-23T07:16:59.383+0000] {dag.py:3239} INFO - Sync 1 DAGs
[2024-10-23T07:16:59.403+0000] {logging_mixin.py:190} INFO - [2024-10-23T07:16:59.403+0000] {dag.py:4180} INFO - Setting next_dagrun for fetch_and_store_amazon_books to 2024-10-23 00:00:00+00:00, run_after=2024-10-24 00:00:00+00:00
[2024-10-23T07:16:59.416+0000] {processor.py:208} INFO - Processing /opt/airflow/dags/dag.py took 0.174 seconds
[2024-10-23T07:17:29.510+0000] {processor.py:186} INFO - Started process (PID=35135) to work on /opt/airflow/dags/dag.py
[2024-10-23T07:17:29.512+0000] {processor.py:914} INFO - Processing file /opt/airflow/dags/dag.py for tasks to queue
[2024-10-23T07:17:29.513+0000] {logging_mixin.py:190} INFO - [2024-10-23T07:17:29.513+0000] {dagbag.py:588} INFO - Filling up the DagBag from /opt/airflow/dags/dag.py
[2024-10-23T07:17:29.601+0000] {processor.py:925} INFO - DAG(s) 'fetch_and_store_amazon_books' retrieved from /opt/airflow/dags/dag.py
[2024-10-23T07:17:29.615+0000] {logging_mixin.py:190} INFO - [2024-10-23T07:17:29.614+0000] {dag.py:3239} INFO - Sync 1 DAGs
[2024-10-23T07:17:29.628+0000] {logging_mixin.py:190} INFO - [2024-10-23T07:17:29.628+0000] {dag.py:4180} INFO - Setting next_dagrun for fetch_and_store_amazon_books to 2024-10-23 00:00:00+00:00, run_after=2024-10-24 00:00:00+00:00
[2024-10-23T07:17:29.640+0000] {processor.py:208} INFO - Processing /opt/airflow/dags/dag.py took 0.138 seconds
[2024-10-23T07:17:59.844+0000] {processor.py:186} INFO - Started process (PID=35196) to work on /opt/airflow/dags/dag.py
[2024-10-23T07:17:59.846+0000] {processor.py:914} INFO - Processing file /opt/airflow/dags/dag.py for tasks to queue
[2024-10-23T07:17:59.847+0000] {logging_mixin.py:190} INFO - [2024-10-23T07:17:59.846+0000] {dagbag.py:588} INFO - Filling up the DagBag from /opt/airflow/dags/dag.py
[2024-10-23T07:17:59.954+0000] {processor.py:925} INFO - DAG(s) 'fetch_and_store_amazon_books' retrieved from /opt/airflow/dags/dag.py
[2024-10-23T07:17:59.972+0000] {logging_mixin.py:190} INFO - [2024-10-23T07:17:59.972+0000] {dag.py:3239} INFO - Sync 1 DAGs
[2024-10-23T07:17:59.991+0000] {logging_mixin.py:190} INFO - [2024-10-23T07:17:59.990+0000] {dag.py:4180} INFO - Setting next_dagrun for fetch_and_store_amazon_books to 2024-10-23 00:00:00+00:00, run_after=2024-10-24 00:00:00+00:00
[2024-10-23T07:18:00.003+0000] {processor.py:208} INFO - Processing /opt/airflow/dags/dag.py took 0.165 seconds
[2024-10-23T07:18:30.517+0000] {processor.py:186} INFO - Started process (PID=35259) to work on /opt/airflow/dags/dag.py
[2024-10-23T07:18:30.519+0000] {processor.py:914} INFO - Processing file /opt/airflow/dags/dag.py for tasks to queue
[2024-10-23T07:18:30.520+0000] {logging_mixin.py:190} INFO - [2024-10-23T07:18:30.520+0000] {dagbag.py:588} INFO - Filling up the DagBag from /opt/airflow/dags/dag.py
[2024-10-23T07:18:30.613+0000] {processor.py:925} INFO - DAG(s) 'fetch_and_store_amazon_books' retrieved from /opt/airflow/dags/dag.py
[2024-10-23T07:18:30.635+0000] {logging_mixin.py:190} INFO - [2024-10-23T07:18:30.635+0000] {dag.py:3239} INFO - Sync 1 DAGs
[2024-10-23T07:18:30.654+0000] {logging_mixin.py:190} INFO - [2024-10-23T07:18:30.654+0000] {dag.py:4180} INFO - Setting next_dagrun for fetch_and_store_amazon_books to 2024-10-23 00:00:00+00:00, run_after=2024-10-24 00:00:00+00:00
[2024-10-23T07:18:30.668+0000] {processor.py:208} INFO - Processing /opt/airflow/dags/dag.py took 0.158 seconds
[2024-10-23T07:19:01.044+0000] {processor.py:186} INFO - Started process (PID=35322) to work on /opt/airflow/dags/dag.py
[2024-10-23T07:19:01.045+0000] {processor.py:914} INFO - Processing file /opt/airflow/dags/dag.py for tasks to queue
[2024-10-23T07:19:01.047+0000] {logging_mixin.py:190} INFO - [2024-10-23T07:19:01.046+0000] {dagbag.py:588} INFO - Filling up the DagBag from /opt/airflow/dags/dag.py
[2024-10-23T07:19:01.173+0000] {processor.py:925} INFO - DAG(s) 'fetch_and_store_amazon_books' retrieved from /opt/airflow/dags/dag.py
[2024-10-23T07:19:01.194+0000] {logging_mixin.py:190} INFO - [2024-10-23T07:19:01.194+0000] {dag.py:3239} INFO - Sync 1 DAGs
[2024-10-23T07:19:01.211+0000] {logging_mixin.py:190} INFO - [2024-10-23T07:19:01.211+0000] {dag.py:4180} INFO - Setting next_dagrun for fetch_and_store_amazon_books to 2024-10-23 00:00:00+00:00, run_after=2024-10-24 00:00:00+00:00
[2024-10-23T07:19:01.225+0000] {processor.py:208} INFO - Processing /opt/airflow/dags/dag.py took 0.188 seconds
[2024-10-23T07:19:15.391+0000] {processor.py:186} INFO - Started process (PID=35347) to work on /opt/airflow/dags/dag.py
[2024-10-23T07:19:15.394+0000] {processor.py:914} INFO - Processing file /opt/airflow/dags/dag.py for tasks to queue
[2024-10-23T07:19:15.396+0000] {logging_mixin.py:190} INFO - [2024-10-23T07:19:15.395+0000] {dagbag.py:588} INFO - Filling up the DagBag from /opt/airflow/dags/dag.py
[2024-10-23T07:19:15.496+0000] {processor.py:925} INFO - DAG(s) 'fetch_and_store_amazon_books' retrieved from /opt/airflow/dags/dag.py
[2024-10-23T07:19:15.515+0000] {logging_mixin.py:190} INFO - [2024-10-23T07:19:15.514+0000] {dag.py:3239} INFO - Sync 1 DAGs
[2024-10-23T07:19:15.533+0000] {logging_mixin.py:190} INFO - [2024-10-23T07:19:15.533+0000] {dag.py:4180} INFO - Setting next_dagrun for fetch_and_store_amazon_books to 2024-10-23 00:00:00+00:00, run_after=2024-10-24 00:00:00+00:00
[2024-10-23T07:19:15.545+0000] {processor.py:208} INFO - Processing /opt/airflow/dags/dag.py took 0.162 seconds
[2024-10-23T07:19:16.789+0000] {processor.py:186} INFO - Started process (PID=35352) to work on /opt/airflow/dags/dag.py
[2024-10-23T07:19:16.791+0000] {processor.py:914} INFO - Processing file /opt/airflow/dags/dag.py for tasks to queue
[2024-10-23T07:19:16.793+0000] {logging_mixin.py:190} INFO - [2024-10-23T07:19:16.792+0000] {dagbag.py:588} INFO - Filling up the DagBag from /opt/airflow/dags/dag.py
[2024-10-23T07:19:16.911+0000] {processor.py:925} INFO - DAG(s) 'fetch_and_store_amazon_books' retrieved from /opt/airflow/dags/dag.py
[2024-10-23T07:19:16.928+0000] {logging_mixin.py:190} INFO - [2024-10-23T07:19:16.927+0000] {dag.py:3239} INFO - Sync 1 DAGs
[2024-10-23T07:19:16.951+0000] {logging_mixin.py:190} INFO - [2024-10-23T07:19:16.951+0000] {dag.py:4180} INFO - Setting next_dagrun for fetch_and_store_amazon_books to 2024-10-23 00:00:00+00:00, run_after=2024-10-24 00:00:00+00:00
[2024-10-23T07:19:16.965+0000] {processor.py:208} INFO - Processing /opt/airflow/dags/dag.py took 0.186 seconds
[2024-10-23T07:19:28.625+0000] {processor.py:186} INFO - Started process (PID=35386) to work on /opt/airflow/dags/dag.py
[2024-10-23T07:19:28.627+0000] {processor.py:914} INFO - Processing file /opt/airflow/dags/dag.py for tasks to queue
[2024-10-23T07:19:28.631+0000] {logging_mixin.py:190} INFO - [2024-10-23T07:19:28.630+0000] {dagbag.py:588} INFO - Filling up the DagBag from /opt/airflow/dags/dag.py
[2024-10-23T07:19:28.740+0000] {processor.py:925} INFO - DAG(s) 'fetch_and_store_amazon_books' retrieved from /opt/airflow/dags/dag.py
[2024-10-23T07:19:28.790+0000] {logging_mixin.py:190} INFO - [2024-10-23T07:19:28.789+0000] {dag.py:3239} INFO - Sync 1 DAGs
[2024-10-23T07:19:28.815+0000] {logging_mixin.py:190} INFO - [2024-10-23T07:19:28.814+0000] {dag.py:4180} INFO - Setting next_dagrun for fetch_and_store_amazon_books to 2024-10-23 00:00:00+00:00, run_after=2024-10-24 00:00:00+00:00
[2024-10-23T07:19:28.831+0000] {processor.py:208} INFO - Processing /opt/airflow/dags/dag.py took 0.243 seconds
[2024-10-23T07:19:29.636+0000] {processor.py:186} INFO - Started process (PID=35387) to work on /opt/airflow/dags/dag.py
[2024-10-23T07:19:29.638+0000] {processor.py:914} INFO - Processing file /opt/airflow/dags/dag.py for tasks to queue
[2024-10-23T07:19:29.640+0000] {logging_mixin.py:190} INFO - [2024-10-23T07:19:29.639+0000] {dagbag.py:588} INFO - Filling up the DagBag from /opt/airflow/dags/dag.py
[2024-10-23T07:19:29.722+0000] {processor.py:925} INFO - DAG(s) 'fetch_and_store_amazon_books' retrieved from /opt/airflow/dags/dag.py
[2024-10-23T07:19:29.742+0000] {logging_mixin.py:190} INFO - [2024-10-23T07:19:29.742+0000] {dag.py:3239} INFO - Sync 1 DAGs
[2024-10-23T07:19:29.759+0000] {logging_mixin.py:190} INFO - [2024-10-23T07:19:29.759+0000] {dag.py:4180} INFO - Setting next_dagrun for fetch_and_store_amazon_books to 2024-10-23 00:00:00+00:00, run_after=2024-10-24 00:00:00+00:00
[2024-10-23T07:19:29.773+0000] {processor.py:208} INFO - Processing /opt/airflow/dags/dag.py took 0.154 seconds
[2024-10-23T07:19:50.082+0000] {processor.py:186} INFO - Started process (PID=35449) to work on /opt/airflow/dags/dag.py
[2024-10-23T07:19:50.083+0000] {processor.py:914} INFO - Processing file /opt/airflow/dags/dag.py for tasks to queue
[2024-10-23T07:19:50.084+0000] {logging_mixin.py:190} INFO - [2024-10-23T07:19:50.084+0000] {dagbag.py:588} INFO - Filling up the DagBag from /opt/airflow/dags/dag.py
[2024-10-23T07:19:50.157+0000] {processor.py:925} INFO - DAG(s) 'fetch_and_store_amazon_books' retrieved from /opt/airflow/dags/dag.py
[2024-10-23T07:19:50.172+0000] {logging_mixin.py:190} INFO - [2024-10-23T07:19:50.172+0000] {dag.py:3239} INFO - Sync 1 DAGs
[2024-10-23T07:19:50.186+0000] {logging_mixin.py:190} INFO - [2024-10-23T07:19:50.186+0000] {dag.py:4180} INFO - Setting next_dagrun for fetch_and_store_amazon_books to 2024-10-23 00:00:00+00:00, run_after=2024-10-24 00:00:00+00:00
[2024-10-23T07:19:50.196+0000] {processor.py:208} INFO - Processing /opt/airflow/dags/dag.py took 0.118 seconds
